#
#model:
#
#<?xml version="1.0" encoding="UTF-8" standalone="no"?><input id="posterior" spec="beast.core.util.CompoundDistribution">
#    <distribution id="prior" spec="beast.core.util.CompoundDistribution">
#        <distribution id="CoalescentConstant.t:1" spec="beast.evolution.tree.coalescent.Coalescent">
#            <populationModel id="ConstantPopulation.t:1" spec="beast.evolution.tree.coalescent.ConstantPopulation">
#                <parameter id="popSize.t:1" name="popSize" spec="beast.core.parameter.RealParameter">0.3</parameter>
#            </populationModel>
#            <treeIntervals id="TreeIntervals.t:1" spec="beast.evolution.tree.coalescent.TreeIntervals">
#                <tree id="Tree.t:1" spec="beast.evolution.tree.Tree">
#                    <trait id="dateTrait.t:1" spec="beast.evolution.tree.TraitSet" traitname="date" value="2_2000.1=2000.1,17_2001.6=2001.6,18_2001.7=2001.7,21_2002=2002,24_2002.3=2002.3,26_2002.5=2002.5,5_2000.4=2000.4,7_2000.6=2000.6,4_2000.3=2000.3,13_2001.2=2001.2,15_2001.4=2001.4,16_2001.5=2001.5,1_2000=2000,8_2000.7=2000.7,3_2000.2=2000.2,12_2001.1=2001.1,22_2002.1=2002.1,32_2003.1=2003.1,28_2002.7=2002.7,43_2004.2=2004.2,46_2004.5=2004.5,55_2005.4=2005.4,63_2006.2=2006.2,65_2006.4=2006.4,66_2006.5=2006.5,67_2006.6=2006.6,23_2002.2=2002.2,10_2000.9=2000.9,14_2001.3=2001.3,33_2003.2=2003.2,39_2003.8=2003.8,34_2003.3=2003.3,44_2004.3=2004.3,48_2004.7=2004.7,53_2005.2=2005.2,52_2005.1=2005.1,58_2005.7=2005.7,9_2000.8=2000.8,6_2000.5=2000.5,11_2001=2001,25_2002.4=2002.4,20_2001.9=2001.9,47_2004.6=2004.6,36_2003.5=2003.5,45_2004.4=2004.4,50_2004.9=2004.9,42_2004.1=2004.1,51_2005=2005,35_2003.4=2003.4,37_2003.6=2003.6,57_2005.6=2005.6,59_2005.8=2005.8,61_2006=2006,62_2006.1=2006.1,41_2004=2004,40_2003.9=2003.9,49_2004.8=2004.8,74_2007.3=2007.3,77_2007.6=2007.6,68_2006.7=2006.7,70_2006.9=2006.9,81_2008=2008,19_2001.8=2001.8,27_2002.6=2002.6,29_2002.8=2002.8,30_2002.9=2002.9,31_2003=2003,38_2003.7=2003.7,56_2005.5=2005.5,69_2006.8=2006.8,82_2008.1=2008.1,80_2007.9=2007.9,83_2008.2=2008.2,87_2008.6=2008.6,71_2007=2007,75_2007.4=2007.4,72_2007.1=2007.1,91_2009=2009,88_2008.7=2008.7,94_2009.3=2009.3,98_2009.7=2009.7,79_2007.8=2007.8,84_2008.3=2008.3,78_2007.7=2007.7,76_2007.5=2007.5,89_2008.8=2008.8,93_2009.2=2009.2,96_2009.5=2009.5,97_2009.6=2009.6,95_2009.4=2009.4,100_2009.9=2009.9,54_2005.3=2005.3,60_2005.9=2005.9,64_2006.3=2006.3,73_2007.2=2007.2,86_2008.5=2008.5,85_2008.4=2008.4,90_2008.9=2008.9,99_2009.8=2009.8,92_2009.1=2009.1,101_2010=2010">
#                        <taxa id="TaxonSet.1" spec="beast.evolution.alignment.TaxonSet">
#                        </taxa>
#                    </trait>
#                    <taxonset idref="TaxonSet.1"/>
#                </tree>
#            </treeIntervals>
#        </distribution>
#        <prior id="rateOmega.prior" name="distribution">
#            <parameter id="rateOmega" lower="0.1" name="x" spec="beast.core.parameter.RealParameter" upper="10.0">0.5</parameter>
#            <Gamma id="Gamma.0" name="distr">
#                <parameter estimate="false" id="rateOmega.alpha" name="alpha" spec="beast.core.parameter.RealParameter">0.1</parameter>
#                <parameter estimate="false" id="rateOmega.beta" name="beta" spec="beast.core.parameter.RealParameter">1.0</parameter>
#            </Gamma>
#        </prior>
#        <prior id="rateMean.prior" name="distribution">
#            <parameter id="rateMean" lower="1.0E-4" name="x" spec="beast.core.parameter.RealParameter" upper="10.0">0.005</parameter>
#            <Gamma id="Gamma.1" name="distr">
#                <parameter estimate="false" id="rateMean.alpha" name="alpha" spec="beast.core.parameter.RealParameter">0.005</parameter>
#                <parameter estimate="false" id="rateMean.beta" name="beta" spec="beast.core.parameter.RealParameter">1.0</parameter>
#            </Gamma>
#        </prior>
#        <prior id="FrequenciesPrior.s:1" name="distribution">
#            <parameter dimension="4" id="freqParameter.s:1" lower="0.0" name="x" spec="beast.core.parameter.RealParameter" upper="1.0">0.25</parameter>
#            <Uniform id="Uniform.3" name="distr"/>
#        </prior>
#        <prior id="GammaShapePrior.s:1" name="distribution">
#            <parameter id="gammaShape.s:1" name="x" spec="beast.core.parameter.RealParameter">1.0</parameter>
#            <Exponential id="Exponential.0" name="distr">
#                <parameter estimate="false" id="RealParameter.0" name="mean" spec="beast.core.parameter.RealParameter">1.0</parameter>
#            </Exponential>
#        </prior>
#        <prior id="KappaPrior.s:1" name="distribution">
#            <parameter id="kappa.s:1" lower="0.0" name="x" spec="beast.core.parameter.RealParameter">2.0</parameter>
#            <LogNormal id="LogNormalDistributionModel.0" name="distr">
#                <parameter estimate="false" id="RealParameter.1" name="M" spec="beast.core.parameter.RealParameter">1.0</parameter>
#                <parameter estimate="false" id="RealParameter.2" name="S" spec="beast.core.parameter.RealParameter">1.25</parameter>
#            </LogNormal>
#        </prior>
#        <prior id="PopSizePrior.t:1" name="distribution" x="@popSize.t:1">
#            <OneOnX id="OneOnX.1" name="distr"/>
#        </prior>
#    </distribution>
#    <distribution id="likelihood" spec="beast.core.util.CompoundDistribution" useThreads="true">
#        <distribution data="@1" id="treeLikelihood.1" spec="beast.evolution.likelihood.ThreadedTreeLikelihood" tree="@Tree.t:1">
#            <siteModel gammaCategoryCount="4" id="SiteModel.s:1" shape="@gammaShape.s:1" spec="beast.evolution.sitemodel.SiteModel">
#                <parameter id="mutationRate.s:1" name="mutationRate" spec="beast.core.parameter.RealParameter">1.0</parameter>
#                <parameter estimate="false" id="proportionInvariant.s:1" lower="0.0" name="proportionInvariant" spec="beast.core.parameter.RealParameter" upper="1.0">0.0</parameter>
#                <substModel id="hky.s:1" kappa="@kappa.s:1" spec="beast.evolution.substitutionmodel.HKY">
#                    <frequencies frequencies="@freqParameter.s:1" id="estimatedFreqs.s:1" spec="beast.evolution.substitutionmodel.Frequencies"/>
#                </substModel>
#            </siteModel>
#            <branchRateModel id="branchRates" numSites="1000" numberOfDiscreteRates="12" rateMean="@rateMean" rateOmega="@rateOmega" spec="beast.evolution.branchratemodel.ARClockModel" tree="@Tree.t:1">
#                <rateCategories dimension="200" id="rateCategories" spec="beast.core.parameter.IntegerParameter">1</rateCategories>
#            </branchRateModel>
#        </distribution>
#    </distribution>
#</input>
#
Sample	posterior	likelihood	prior	treeLikelihood	TreeHeight	rateOmega	rateMean	kappa	mutationRate	gammaShape	popSize	CoalescentConstant	freqParameter.1	freqParameter.2	freqParameter.3	freqParameter.4
0	-23790.28077984046	-23556.2475736701	-234.03320617036022	-23556.2475736701	10.751582664363609	0.5	0.005	2.0	1.0	1.0	0.3	-230.21431273121476	0.25	0.25	0.25	0.25
1000	-15741.77603898865	-15201.176578602703	-540.599460385947	-15201.176578602703	11.676751137853223	0.5862552818477568	0.033292420389687175	3.9361561049888136	1.0	1.0	0.7818646482343976	-532.9876920247513	0.25	0.25	0.25	0.25
2000	-13569.369102194185	-13300.66597047226	-268.7031317219247	-13300.66597047226	12.258852224398744	3.698308793276692	0.029515368475227375	3.9361561049888136	1.0	1.0	5.679916566751013	-254.46220526513946	0.25	0.25	0.24065883551635736	0.25934116448364264
3000	-12564.037779453663	-12281.58366047339	-282.45411898027317	-12281.58366047339	12.064695183706498	4.511841379026483	0.02362406207288046	4.156234061718379	1.0	1.0	5.315003573510878	-267.446297362158	0.25	0.25	0.24065883551635736	0.25934116448364264
4000	-11568.09626436131	-11277.051632732208	-291.0446316291011	-11277.051632732208	12.89888332086117	1.9306858278757015	0.017416140145754835	4.156234061718379	1.0	1.0	6.541120597606004	-279.4838897917996	0.25	0.25	0.24065883551635736	0.25934116448364264
5000	-11044.243155828553	-10738.642625146887	-305.600530681666	-10738.642625146887	13.179193364763258	4.911270239669123	0.014702202524343466	4.156234061718379	1.0	0.8557518595265975	7.564960677814679	-290.38900932401526	0.25	0.24018374472787424	0.24065883551635736	0.2691574197557684
6000	-10380.855152226111	-10069.283508848443	-311.5716433776689	-10069.283508848443	13.62249533406755	5.057586675282096	0.01432260582567535	4.156234061718379	1.0	0.8557518595265975	7.125650506793044	-296.2736175829232	0.25	0.24018374472787424	0.24065883551635736	0.2691574197557684
7000	-10002.95730869243	-9688.833931658382	-314.1233770340483	-9688.833931658382	13.628684089947996	5.443652149563793	0.014112416800617103	4.156234061718379	1.0	0.8557518595265975	8.39265539456117	-298.22434548838453	0.25	0.24815908287039515	0.23268349737383645	0.2691574197557684
8000	-9865.62976159373	-9542.477187420282	-323.15257417344765	-9542.477187420282	13.618421827497317	6.05343900181063	0.01200513766311617	4.208674884326166	1.0	0.552339398234695	7.822682570832402	-307.0689618770098	0.236166007466207	0.24815908287039515	0.24651748990762945	0.2691574197557684
9000	-9498.533148598768	-9179.641529390356	-318.8916192084133	-9179.641529390356	13.618421827497317	4.259464892737111	0.011467499203339301	4.208674884326166	1.0	0.6871570441742683	7.6949190805908785	-304.84609172751834	0.2360364780136178	0.24815908287039515	0.24179499876865582	0.2740094403473312
10000	-9220.801370201898	-8892.042149565596	-328.7592206363032	-8892.042149565596	14.264249524153117	5.8734517209835255	0.010703971720506729	4.208674884326166	1.0	0.6871570441742683	9.004193982359904	-312.72272809243515	0.23456128736330573	0.24963427352070722	0.24179499876865582	0.2740094403473312
11000	-9123.379327756007	-8798.355965646624	-325.0233621093824	-8798.355965646624	15.172226166330331	4.985163596283645	0.009490931634187245	4.208674884326166	1.0	0.6871570441742683	7.554031726963564	-310.31923510701574	0.23059992678639044	0.24963427352070722	0.2457563593455711	0.2740094403473312
12000	-8935.770511137836	-8615.387449796204	-320.38306134163213	-8615.387449796204	15.000745129577396	3.135210923633112	0.009623999194959097	4.208674884326166	1.0	0.6871570441742683	9.015621966084458	-307.75541581213497	0.23306803284239686	0.24963427352070722	0.2432882532895647	0.2740094403473312
13000	-8669.624545186585	-8356.9111043573	-312.7134408292859	-8356.9111043573	13.323766187324372	3.0579308542786934	0.008757749200673017	4.208674884326166	1.0	0.6871570441742683	7.941813831320737	-300.4070702938305	0.23306803284239686	0.24963427352070722	0.2432882532895647	0.2740094403473312
14000	-8452.372786797554	-8135.832694364793	-316.5400924327623	-8135.832694364793	13.691401060336883	2.71921635832541	0.008636578942159372	4.208674884326166	1.0	0.6871570441742683	7.690936049296	-304.72417476123775	0.23306803284239686	0.24963427352070722	0.2432882532895647	0.2740094403473312
15000	-8283.56521294088	-7976.861043448154	-306.7041694927273	-7976.861043448154	13.691401060336883	2.364781677890975	0.00959356558464456	4.208674884326166	1.0	1.2944327728552523	6.765881666548981	-294.7837352896292	0.23306803284239686	0.24963427352070722	0.2432882532895647	0.2740094403473312
16000	-8244.481586373344	-7934.327273430558	-310.15431294278505	-7934.327273430558	14.38342154355713	2.936462766702065	0.009249824771625226	4.208674884326166	1.0	1.2944327728552523	7.8419759737343	-297.3563806954718	0.23306803284239686	0.24963427352070722	0.2432882532895647	0.2740094403473312
17000	-8134.440585576227	-7820.138297061202	-314.30228851502517	-7820.138297061202	14.38342154355713	2.982161162975129	0.008784193108944289	4.208674884326166	1.0	1.2944327728552523	7.197043890122083	-301.5824381682678	0.23306803284239686	0.24963427352070722	0.2432882532895647	0.2740094403473312
18000	-8106.857879594644	-7784.7486549837995	-322.10922461084505	-7784.7486549837995	16.140991764554514	2.983245169233896	0.008492867380808974	4.208674884326166	1.0	1.2944327728552523	9.819301682902132	-309.11113341178697	0.23306803284239686	0.24963427352070722	0.2432882532895647	0.2740094403473312
19000	-8061.461001402826	-7737.419335024655	-324.0416663781705	-7737.419335024655	15.782176070276345	1.988135681363984	0.007247587979417667	4.208674884326166	1.0	1.2944327728552523	8.060404818260947	-312.7603142437939	0.23306803284239686	0.24963427352070722	0.2432882532895647	0.2740094403473312
20000	-7973.501242532427	-7651.102681181965	-322.3985613504619	-7651.102681181965	15.82975687873664	2.597695313911291	0.0067946896545568675	4.476811605950691	1.0	1.2944327728552523	7.7376557299574396	-310.29222390935956	0.2239694540475317	0.24963427352070722	0.24524965140504545	0.28114662102671556
21000	-7985.392326866724	-7659.412988519305	-325.97933834741934	-7659.412988519305	15.935742438738112	2.2936975950193883	0.007029133958817334	4.476811605950691	1.0	1.2944327728552523	9.912839071991787	-314.0072931347007	0.2239694540475317	0.24963427352070722	0.24524965140504545	0.28114662102671556
22000	-7909.654337163742	-7580.229221666822	-329.42511549692	-7580.229221666822	15.543476414037002	2.373625085660982	0.006912969406481797	4.476811605950691	1.0	1.2944327728552523	7.477857105310306	-317.6408965411443	0.2239694540475317	0.24963427352070722	0.24524965140504545	0.28114662102671556
23000	-7829.133076427435	-7504.872671790814	-324.2604046366218	-7504.872671790814	15.543476414037002	2.6600391242778056	0.006912969406481797	4.476811605950691	1.0	1.3651863496032317	7.408767809863255	-312.0257699699058	0.21733168649910364	0.25627204106913526	0.24524965140504545	0.28114662102671556
24000	-7792.824483533597	-7473.232810693086	-319.5916728405109	-7473.232810693086	16.81394578931802	2.614360014426518	0.006913846172685054	4.476811605950691	1.0	1.3651863496032317	8.199662302453126	-307.31675073693975	0.21733168649910364	0.25627204106913526	0.24524965140504545	0.28114662102671556
25000	-7788.42351219185	-7462.234380356382	-326.18913183546846	-7462.234380356382	15.253958619482122	2.6699719093996035	0.007057468555336921	4.476811605950691	1.0	2.2892417688982754	10.290878568139629	-312.66783254938133	0.21733168649910364	0.2569250256464652	0.24524965140504545	0.28049363644938563
26000	-7777.348463645967	-7456.915999338023	-320.43246430794414	-7456.915999338023	15.488482959586827	2.338281883091327	0.007035390831991696	4.476811605950691	1.0	2.2892417688982754	8.177368671634467	-307.59526852448454	0.21733168649910364	0.2569250256464652	0.24524965140504545	0.28049363644938563
27000	-7746.659247532142	-7423.794168192816	-322.86507933932637	-7423.794168192816	15.78367154379571	2.72084569391512	0.007088961277805326	4.476811605950691	1.0	2.2892417688982754	8.386031726986339	-309.4761478163761	0.21733168649910364	0.2569250256464652	0.24524965140504545	0.28049363644938563
28000	-7731.512400337579	-7408.731701736356	-322.78069860122287	-7408.731701736356	16.162792256830148	2.9637096764932127	0.00701998019715228	4.476811605950691	1.0	2.2892417688982754	8.390194495186572	-309.08125623867573	0.21733168649910364	0.2569250256464652	0.24524965140504545	0.28049363644938563
29000	-7727.079954407417	-7406.166804099716	-320.9131503077011	-7406.166804099716	17.697850523360195	2.6839921092584964	0.006689349613252543	4.476811605950691	1.0	1.6601380887593407	7.56928397267137	-308.36305040254405	0.21733168649910364	0.2569250256464652	0.24524965140504545	0.28049363644938563
30000	-7665.262146663239	-7349.637387599288	-315.62475906395144	-7349.637387599288	17.697850523360195	2.7659470857995387	0.006356614462173203	4.476811605950691	1.0	1.6601380887593407	6.873926980936351	-303.1130954253761	0.21733168649910364	0.2569250256464652	0.24524965140504545	0.28049363644938563
31000	-7619.082397813376	-7310.790319848478	-308.2920779648977	-7310.790319848478	16.26473448065953	2.27419649641534	0.006813375498272163	4.476811605950691	1.0	2.3069715222194045	7.457258263434508	-295.65055833836203	0.21733168649910364	0.2569250256464652	0.24524965140504545	0.28049363644938563
32000	-7521.732633401386	-7211.436201054218	-310.2964323471682	-7211.436201054218	16.03192726019907	2.326513144920478	0.006417722503248898	4.476811605950691	1.0	2.3809700900486352	7.421907277438652	-297.57280069159833	0.21733168649910364	0.2569250256464652	0.24524965140504545	0.28049363644938563
33000	-7517.611613781102	-7208.613705810443	-308.9979079706587	-7208.613705810443	15.813803433293641	3.1273408606290327	0.006739271812071839	4.476811605950691	1.0	4.365059076582433	6.1940404487031	-293.3550111971368	0.21733168649910364	0.2569250256464652	0.24524965140504545	0.28049363644938563
34000	-7495.43632552665	-7192.890627140587	-302.54569838606295	-7192.890627140587	15.469234591244955	2.8941679040341532	0.0069982563283767585	4.476811605950691	1.0	2.6996814714081525	6.912451356075066	-288.72357276516925	0.21733168649910364	0.2569250256464652	0.24524965140504545	0.28049363644938563
35000	-7491.337635473616	-7193.444782277105	-297.8928531965103	-7193.444782277105	15.456195939633256	2.4558653288677883	0.007383049205377011	4.476811605950691	1.0	2.3465448955875967	5.818567546278561	-285.128590706249	0.21733168649910364	0.2569250256464652	0.24524965140504545	0.28049363644938563
36000	-7483.296692571617	-7178.91282109597	-304.3838714756471	-7178.91282109597	16.917779650147935	3.038944144797277	0.006912371779665896	4.476811605950691	1.0	3.119260383379507	7.883183810961394	-289.8344242797247	0.21262917221228533	0.2569250256464652	0.2499521656918638	0.28049363644938563
37000	-7509.675486780879	-7207.03502023789	-302.6404665429882	-7207.03502023789	17.07542583665613	2.494638106168933	0.007156950488174831	4.476811605950691	1.0	3.119260383379507	7.854321056736646	-288.7817813423226	0.21262917221228533	0.2569250256464652	0.2499521656918638	0.28049363644938563
38000	-7491.173081979198	-7186.117517656608	-305.05556432259044	-7186.117517656608	17.613445507313056	2.1428697724376535	0.006585211405025909	4.476811605950691	1.0	3.119260383379507	7.331578725248425	-291.83773136390994	0.21262917221228533	0.2626444170630579	0.24423277427527107	0.28049363644938563
39000	-7470.6964114223065	-7168.799050963407	-301.89736045889896	-7168.799050963407	15.4716455620881	1.6431333783932567	0.007025259782812321	4.476811605950691	1.0	3.119260383379507	5.960135561163153	-289.56054600167425	0.20472984606519473	0.28768446566257566	0.2273764567373181	0.28020923153491145
40000	-7463.1483182947295	-7164.322506150967	-298.8258121437629	-7164.322506150967	15.283229572612683	1.7852317962302318	0.007195038650470042	4.476811605950691	1.0	3.119260383379507	6.776230334706725	-286.1199927218501	0.20472984606519473	0.28768446566257566	0.2273764567373181	0.28020923153491145
41000	-7475.1233318300465	-7175.631062841373	-299.49226898867335	-7175.631062841373	15.480910534360858	1.901582345742859	0.006803245538460232	3.1899749575676344	1.0	2.6669946590912623	5.929519879111396	-287.6654785528419	0.20472984606519473	0.2880820743109015	0.2273764567373181	0.2798116228865856
42000	-7452.179579306008	-7154.999917561725	-297.17966174428324	-7154.999917561725	15.361010720656537	1.950304151283822	0.007132003413587002	3.1899749575676344	1.0	2.6669946590912623	6.95720098799098	-285.0742612361252	0.20472984606519473	0.2880820743109015	0.2273764567373181	0.2798116228865856
43000	-7419.030866175739	-7122.546023799327	-296.48484237641276	-7122.546023799327	15.361010720656537	1.455909374780129	0.0062121956497572205	3.1899749575676344	1.0	2.6669946590912623	5.32418197073922	-285.5427811664723	0.20472984606519473	0.2880820743109015	0.2273764567373181	0.2798116228865856
44000	-7335.934892190471	-7032.348368952169	-303.58652323830177	-7032.348368952169	16.719369705590246	1.9580431760179786	0.006975561126975543	3.4254231291902943	1.0	2.656293596048543	6.124554639240529	-291.55008927880203	0.1763651891671694	0.29263868781160396	0.2273764567373181	0.3036196662839085
45000	-7330.45693961626	-7027.573794701848	-302.883144914412	-7027.573794701848	16.719369705590246	1.8750805644833413	0.0066473207939664655	3.4254231291902943	1.0	2.656293596048543	6.328563252391055	-290.98415707739474	0.1763651891671694	0.29263868781160396	0.2273764567373181	0.3036196662839085
46000	-7282.9962134999705	-6978.132792542276	-304.8634209576952	-6978.132792542276	17.39342633044133	2.5724104366070875	0.006540230758553156	3.4254231291902943	1.0	3.2726560384589156	7.418622889289278	-291.2235153442833	0.15399343297237433	0.29263868781160396	0.2273764567373181	0.3259914224787036
47000	-7273.340983138806	-6971.780390347116	-301.5605927916904	-6971.780390347116	16.630244773320275	1.8937979525709692	0.006762366505207741	3.5780332417277387	1.0	3.597601436207804	6.386045911908219	-288.6157633764178	0.15399343297237433	0.29263868781160396	0.2273764567373181	0.3259914224787036
48000	-7228.593165597632	-6929.427400999664	-299.1657645979674	-6929.427400999664	17.356067318803056	2.08449159745392	0.006473290807511967	3.5780332417277387	1.0	3.597601436207804	7.251507536249461	-285.86055976287054	0.15399343297237433	0.29263868781160396	0.2273764567373181	0.3259914224787036
49000	-7220.463522198051	-6925.495393045708	-294.9681291523427	-6925.495393045708	16.87733361289966	1.4934832244718996	0.006538562796031771	3.5780332417277387	1.0	3.597601436207804	6.008847429134964	-282.73193370521983	0.15399343297237433	0.29263868781160396	0.2273764567373181	0.3259914224787036
50000	-7225.84970368256	-6933.070087699192	-292.7796159833683	-6933.070087699192	19.05851254264117	1.2621123919883244	0.006288272137817191	3.5780332417277387	1.0	4.174903853827881	6.037356471494946	-280.3833337242635	0.15399343297237433	0.29263868781160396	0.2273764567373181	0.3259914224787036
51000	-7241.379764136156	-6942.803920444381	-298.57584369177476	-6942.803920444381	18.444203782777144	1.8588728116500224	0.006181704119214674	3.350192907472281	1.0	6.494235560929986	6.412609058211026	-282.9477998463258	0.15399343297237433	0.29263868781160396	0.2273764567373181	0.3259914224787036
52000	-7216.93630854801	-6926.812232345179	-290.12407620283074	-6926.812232345179	16.32270474263225	2.377503933450362	0.0065548591251669485	3.350192907472281	1.0	3.768402320763344	6.182372535380203	-276.45963306037874	0.15399343297237433	0.29263868781160396	0.2273764567373181	0.3259914224787036
53000	-7172.305999849838	-6881.95110638578	-290.3548934640586	-6881.95110638578	14.551802243035732	2.352991565951339	0.007065702950397401	3.350192907472281	1.0	3.768402320763344	6.072217358945048	-276.6670867386028	0.15399343297237433	0.29263868781160396	0.19802811241014193	0.35533976680587975
54000	-7162.615414134352	-6870.797069125307	-291.8183450090455	-6870.797069125307	15.591303282836469	2.65460187264677	0.0075701522438045045	3.350192907472281	1.0	3.768402320763344	5.906952241772012	-277.67885504625525	0.15399343297237433	0.29263868781160396	0.19503503629858202	0.35833284291743966
55000	-7085.61048705694	-6806.998721943242	-278.6117651136978	-6806.998721943242	15.133752725387463	1.9988638019360465	0.006966057557189251	3.350192907472281	1.0	3.768402320763344	5.016383801353537	-265.63013012183626	0.1613045369641118	0.29263868781160396	0.18772393230684456	0.35833284291743966
56000	-7095.127129060199	-6817.37256390446	-277.75456515573967	-6817.37256390446	14.972740784853432	1.8159087085423964	0.006907988430420693	3.350192907472281	1.0	3.768402320763344	5.8163364511978015	-264.9027047693294	0.1613045369641118	0.29263868781160396	0.18772393230684456	0.35833284291743966
57000	-7055.965644106965	-6778.510747636223	-277.4548964707421	-6778.510747636223	15.368673666277413	1.9605262312972769	0.007299696077635917	3.350192907472281	1.0	2.9477068007055753	5.275644234244182	-265.2524494798532	0.14024297895794857	0.29263868781160396	0.18772393230684456	0.3793944009236029
58000	-7071.4146365068655	-6789.936394649175	-281.47824185769036	-6789.936394649175	15.561561408499962	1.9724772983803183	0.007403499855771791	3.350192907472281	1.0	2.7780827672967714	5.009793313274078	-269.465551036554	0.14024297895794857	0.29263868781160396	0.18772393230684456	0.3793944009236029
59000	-7071.673998993572	-6782.493223446876	-289.1807755466966	-6782.493223446876	17.11771871876649	1.568370125338417	0.006736529660112475	3.292998800413594	1.0	2.9640893083981283	7.2090805265298075	-277.342597315524	0.14024297895794857	0.29263868781160396	0.18772393230684456	0.3793944009236029
60000	-7070.113945037037	-6776.852474883461	-293.261470153577	-6776.852474883461	16.680221357578734	2.1416267625333916	0.006774014559691988	3.292998800413594	1.0	2.9640893083981283	6.728636625351565	-280.63306953119854	0.17106427559009169	0.29263868781160396	0.15690263567470145	0.3793944009236029
61000	-7063.346363528031	-6771.403771027792	-291.9425925002398	-6771.403771027792	16.275889575634416	1.90526416375803	0.006488697549258751	3.292998800413594	1.0	2.9640893083981283	5.916853581245502	-279.8274749735651	0.17106427559009169	0.29263868781160396	0.15690263567470145	0.3793944009236029
62000	-7071.3929949853755	-6776.542057507305	-294.8509374780705	-6776.542057507305	16.42681409303204	1.6643872989137691	0.005888568449938934	3.292998800413594	1.0	2.9640893083981283	6.327490973080367	-283.1284088766505	0.17106427559009169	0.29263868781160396	0.15690263567470145	0.3793944009236029
63000	-7060.522188502419	-6765.525788624603	-294.996399877817	-6765.525788624603	16.423931580535918	1.944373892676589	0.0068126527087156025	3.292998800413594	1.0	2.9640893083981283	5.7382960612522425	-282.80572760363543	0.17106427559009169	0.29263868781160396	0.15690263567470145	0.3793944009236029
64000	-7048.98466103489	-6760.341079404468	-288.6435816304225	-6760.341079404468	17.02291809006267	2.0684219177400958	0.006655692766190484	3.292998800413594	1.0	4.0546206471924755	5.320173534621452	-275.2816744851361	0.17106427559009169	0.29263868781160396	0.15210572150657217	0.38419131509173216
65000	-7056.984458413333	-6767.544732372243	-289.4397260410903	-6767.544732372243	15.658058999076268	2.519036248020849	0.006983082984287641	3.292998800413594	1.0	4.0546206471924755	6.7016244855051585	-275.17087387943883	0.17106427559009169	0.29263868781160396	0.15210572150657217	0.38419131509173216
66000	-7059.338360190952	-6773.494058285879	-285.8443019050727	-6773.494058285879	16.159279365457973	1.6910408389906886	0.0065504418069988	3.292998800413594	1.0	3.752073211440448	4.745645152314953	-273.47386496814283	0.17106427559009169	0.29263868781160396	0.15210572150657217	0.38419131509173216
67000	-7047.156748986645	-6762.355962368267	-284.8007866183781	-6762.355962368267	15.016582736662388	2.0070575964622535	0.006697618367066804	3.292998800413594	1.0	3.9308910146012077	5.844071928449839	-271.550866138447	0.17106427559009169	0.29263868781160396	0.15210572150657217	0.38419131509173216
68000	-7043.29980373088	-6763.040140494934	-280.2596632359453	-6763.040140494934	14.147367582989476	1.8682891819489893	0.00722903185285823	3.292998800413594	1.0	3.9308910146012077	5.566129366032766	-267.18521826280914	0.17106427559009169	0.29263868781160396	0.15210572150657217	0.38419131509173216
69000	-7063.3736799553	-6779.439182938287	-283.934497017013	-6779.439182938287	15.18300998336069	2.3402060873498405	0.007565330460115539	3.292998800413594	1.0	3.9308910146012077	5.444831277581207	-270.16189414664655	0.17106427559009169	0.29263868781160396	0.15210572150657217	0.38419131509173216
70000	-7064.619635926864	-6779.4289261641425	-285.1907097627222	-6779.4289261641425	13.997616306540452	1.6926958011081237	0.006511900197016099	3.292998800413594	1.0	4.868274289866055	6.218305801590281	-271.43717654654205	0.17332468372718707	0.3005450640413027	0.14193893713977804	0.38419131509173216
71000	-7050.005498859862	-6762.521675731517	-287.48382312834553	-6762.521675731517	14.68865167856746	2.6449753169243384	0.007713333546775625	2.5009253999500514	1.0	4.868274289866055	5.575952625770676	-272.60035235136854	0.17332468372718707	0.3005450640413027	0.14193893713977804	0.38419131509173216
72000	-7026.016046285574	-6738.2573385967535	-287.7587076888202	-6738.2573385967535	13.96345381403142	2.440238020467658	0.007094146059274317	2.5009253999500514	1.0	4.868274289866055	5.933089447993789	-273.1742831569582	0.14746471741953912	0.30204565742895767	0.14193893713977804	0.4085506880117251
73000	-7040.118675946957	-6749.714040732419	-290.4046352145387	-6749.714040732419	14.789517713751746	2.5343623870821737	0.006989588673619157	2.5009253999500514	1.0	4.868274289866055	6.721359189486115	-275.5821576892017	0.14746471741953912	0.30204565742895767	0.14193893713977804	0.4085506880117251
74000	-7030.709290592459	-6746.000284102091	-284.70900649036776	-6746.000284102091	15.763042068470908	1.6687632407103898	0.006853027149045714	2.5009253999500514	1.0	4.868274289866055	4.9249686145191856	-271.4589431181062	0.14746471741953912	0.30204565742895767	0.14193893713977804	0.4085506880117251
75000	-7045.775621091557	-6760.568068628784	-285.20755246277236	-6760.568068628784	16.823399534151356	1.3031840439862272	0.006712433682566366	2.5009253999500514	1.0	4.868274289866055	4.842845466842689	-272.5831945967451	0.14746471741953912	0.30204565742895767	0.14193893713977804	0.4085506880117251
76000	-7024.698167258676	-6741.880614451037	-282.81755280763934	-6741.880614451037	15.570218527175335	2.4671954527373154	0.007492993494113476	2.5009253999500514	1.0	4.868274289866055	5.617651700795671	-268.19609055453293	0.14746471741953912	0.30204565742895767	0.14193893713977804	0.4085506880117251
77000	-7031.137123875557	-6745.835015268725	-285.30210860683206	-6745.835015268725	15.762854400380313	1.5651705455207525	0.007411718668936421	2.5009253999500514	1.0	4.868274289866055	6.940182475167566	-271.7917682411356	0.14746471741953912	0.30204565742895767	0.14193893713977804	0.4085506880117251
78000	-7030.860252550021	-6749.355775589775	-281.50447696024617	-6749.355775589775	15.58700395279429	1.9135112912089365	0.007919475765405505	2.5009253999500514	1.0	6.0120786828054635	4.918953828650736	-266.5989339267899	0.14746471741953912	0.30204565742895767	0.14193893713977804	0.4085506880117251
79000	-7024.272561632314	-6742.220815509045	-282.0517461232696	-6742.220815509045	15.152854163448994	1.908167937325696	0.006981945032395184	2.5009253999500514	1.0	4.629812560806564	6.221336931773828	-268.4277453385944	0.14746471741953912	0.30204565742895767	0.11223980978070854	0.4382498153707946
80000	-7006.611296833975	-6722.264592627227	-284.3467042067481	-6722.264592627227	15.269018884123637	1.9378074364493798	0.007023767765843846	2.5009253999500514	1.0	5.211425635321734	5.427260441237144	-270.2281447667324	0.13833129786072484	0.30204565742895767	0.11223980978070854	0.44738323492960885
81000	-7037.995944282254	-6751.453955592088	-286.54198869016545	-6751.453955592088	16.161246876666894	1.362138648560026	0.00693164724015477	2.5009253999500514	1.0	3.2700676822429515	4.8698311507080065	-275.379310661234	0.13833129786072484	0.30204565742895767	0.11223980978070854	0.44738323492960885
82000	-7042.204439532472	-6756.825044016643	-285.3793955158291	-6756.825044016643	17.08228123981769	1.8657293094651475	0.0069284891946955205	2.5009253999500514	1.0	3.2700676822429515	6.5996302765635555	-273.12649261959257	0.13833129786072484	0.30204565742895767	0.11223980978070854	0.44738323492960885
83000	-7034.636324831575	-6748.948956562149	-285.6873682694257	-6748.948956562149	16.29711898816088	1.4903693700730951	0.006849627670696171	2.5009253999500514	1.0	4.6371628135524565	6.306484414243533	-272.70179977665606	0.13833129786072484	0.30204565742895767	0.11223980978070854	0.44738323492960885
84000	-7013.6139936470545	-6730.150235494931	-283.46375815212366	-6730.150235494931	18.97429177151759	1.5213919934039093	0.0067162578157520135	2.5009253999500514	1.0	4.6371628135524565	5.943961216969701	-270.507526311848	0.13833129786072484	0.30204565742895767	0.11223980978070854	0.44738323492960885
85000	-7010.523271287472	-6724.099330570035	-286.4239407174372	-6724.099330570035	17.367748437554233	2.2895846451887127	0.006623441541869413	2.5009253999500514	1.0	4.6371628135524565	5.593490821545602	-272.4063574470476	0.13833129786072484	0.30204565742895767	0.11223980978070854	0.44738323492960885
86000	-7019.319950559802	-6734.322626892825	-284.99732366697737	-6734.322626892825	17.296600242531667	2.516570090604841	0.006694366916414965	2.5009253999500514	1.0	4.6371628135524565	6.414350245580584	-270.5200780075341	0.13833129786072484	0.30204565742895767	0.11223980978070854	0.44738323492960885
87000	-7013.464677664703	-6729.261740816052	-284.202936848651	-6729.261740816052	17.542449312419752	1.5540398383161544	0.007144884454355581	2.5009253999500514	1.0	4.6371628135524565	5.848382227515827	-271.14917408539543	0.13833129786072484	0.30204565742895767	0.11223980978070854	0.44738323492960885
88000	-7010.054794197298	-6722.4826598445015	-287.572134352797	-6722.4826598445015	17.542449312419752	1.5571289476725252	0.00643632120291145	2.5009253999500514	1.0	4.6371628135524565	5.772615510863133	-274.63116092074995	0.13833129786072484	0.30204565742895767	0.11223980978070854	0.44738323492960885
89000	-7005.582970679545	-6718.794169689088	-286.78880099045597	-6718.794169689088	18.369504666630245	1.8265533125997986	0.006363512606673185	2.5009253999500514	1.0	4.6371628135524565	5.767514969797855	-273.44705135557547	0.13833129786072484	0.30204565742895767	0.11223980978070854	0.44738323492960885
90000	-7023.407305009352	-6734.188700854965	-289.21860415438687	-6734.188700854965	18.369504666630245	1.9609040432175224	0.006926596644520974	2.8449836282249112	1.0	4.6371628135524565	6.487597526404972	-275.34871012594414	0.12047633448307851	0.3039887160463153	0.12815171454099725	0.44738323492960885
91000	-7014.825279836307	-6728.5417653149025	-286.2835145214048	-6728.5417653149025	15.715804423535205	2.0049623588185255	0.006735943015383267	2.8449836282249112	1.0	2.34427629551756	5.714756026120274	-274.79725353483394	0.12047633448307851	0.3039887160463153	0.12815171454099725	0.44738323492960885
92000	-7019.611658297262	-6732.033179537463	-287.57847875979843	-6732.033179537463	17.614771487932728	1.9759967196229822	0.006751993117155456	2.8449836282249112	1.0	2.34427629551756	5.015776891302888	-276.2623597374501	0.12047633448307851	0.3039887160463153	0.12815171454099725	0.44738323492960885
93000	-7022.012106213038	-6730.050256349139	-291.96184986389915	-6730.050256349139	16.483055839168937	1.6550574317462248	0.006624591369607447	2.8449836282249112	1.0	2.34427629551756	6.4214235921464065	-280.89821332655293	0.12047633448307851	0.3039887160463153	0.12815171454099725	0.44738323492960885
94000	-7019.545892320208	-6723.347888842658	-296.1980034775497	-6723.347888842658	16.463018087051534	2.5398975808651247	0.007384328012045577	2.8449836282249112	1.0	2.3072071359245947	7.0602907675253075	-283.6975021996787	0.12047633448307851	0.3039887160463153	0.12815171454099725	0.44738323492960885
95000	-7025.158081360653	-6724.531164044992	-300.6269173156619	-6724.531164044992	16.484479525363803	2.623682352608483	0.006963645457249906	2.3328373517046113	1.0	4.563055840119684	6.803326095977052	-286.0450854904934	0.12047633448307851	0.3039887160463153	0.12815171454099725	0.44738323492960885
96000	-7010.910123612221	-6710.016456175816	-300.8936674364052	-6710.016456175816	16.227404170612587	1.9652487799787939	0.0065151997121853655	2.3328373517046113	1.0	7.289362902524113	6.3598669317860095	-284.6381111259717	0.12047633448307851	0.3039887160463153	0.12815171454099725	0.44738323492960885
97000	-7019.710930172233	-6718.243439812909	-301.4674903593241	-6718.243439812909	15.83301764242968	2.1396933034631194	0.005911715526542794	2.3328373517046113	1.0	10.44366183362663	6.307409838503654	-281.9122529228953	0.12047633448307851	0.3039887160463153	0.12815171454099725	0.44738323492960885
98000	-7006.3063525370435	-6706.597559519941	-299.70879301710295	-6706.597559519941	15.066212801569401	2.0628943872857772	0.006803591369012411	2.3328373517046113	1.0	10.44366183362663	6.02205895089082	-280.16884374808484	0.12047633448307851	0.3039887160463153	0.12815171454099725	0.44738323492960885
99000	-7011.704069231468	-6714.000409071519	-297.7036601599483	-6714.000409071519	15.169285994491881	2.716929228124322	0.006987736989436479	2.3328373517046113	1.0	10.44366183362663	5.6128186730497855	-277.3054424660226	0.12047633448307851	0.3039887160463153	0.12815171454099725	0.44738323492960885
100000	-7001.856506683956	-6706.2465333993805	-295.60997328457506	-6706.2465333993805	15.169285994491881	2.2193084747840577	0.006629431916590201	2.3328373517046113	1.0	9.075694537420999	5.487796881058825	-277.3346785162918	0.12047633448307851	0.307563987964788	0.12815171454099725	0.4438079630111361
