#
#model:
#
#<?xml version="1.0" encoding="UTF-8" standalone="no"?><input id="posterior" spec="beast.core.util.CompoundDistribution">
#    <distribution id="prior" spec="beast.core.util.CompoundDistribution">
#        <distribution id="CoalescentConstant.t:1" spec="beast.evolution.tree.coalescent.Coalescent">
#            <populationModel id="ConstantPopulation.t:1" spec="beast.evolution.tree.coalescent.ConstantPopulation">
#                <parameter id="popSize.t:1" name="popSize" spec="beast.core.parameter.RealParameter">0.3</parameter>
#            </populationModel>
#            <treeIntervals id="TreeIntervals.t:1" spec="beast.evolution.tree.coalescent.TreeIntervals">
#                <tree id="Tree.t:1" spec="beast.evolution.tree.Tree">
#                    <trait id="dateTrait.t:1" spec="beast.evolution.tree.TraitSet" traitname="date" value="2_2000.1=2000.1,17_2001.6=2001.6,18_2001.7=2001.7,21_2002=2002,24_2002.3=2002.3,26_2002.5=2002.5,5_2000.4=2000.4,7_2000.6=2000.6,4_2000.3=2000.3,13_2001.2=2001.2,15_2001.4=2001.4,16_2001.5=2001.5,1_2000=2000,8_2000.7=2000.7,3_2000.2=2000.2,12_2001.1=2001.1,22_2002.1=2002.1,32_2003.1=2003.1,28_2002.7=2002.7,43_2004.2=2004.2,46_2004.5=2004.5,55_2005.4=2005.4,63_2006.2=2006.2,65_2006.4=2006.4,66_2006.5=2006.5,67_2006.6=2006.6,23_2002.2=2002.2,10_2000.9=2000.9,14_2001.3=2001.3,33_2003.2=2003.2,39_2003.8=2003.8,34_2003.3=2003.3,44_2004.3=2004.3,48_2004.7=2004.7,53_2005.2=2005.2,52_2005.1=2005.1,58_2005.7=2005.7,9_2000.8=2000.8,6_2000.5=2000.5,11_2001=2001,25_2002.4=2002.4,20_2001.9=2001.9,47_2004.6=2004.6,36_2003.5=2003.5,45_2004.4=2004.4,50_2004.9=2004.9,42_2004.1=2004.1,51_2005=2005,35_2003.4=2003.4,37_2003.6=2003.6,57_2005.6=2005.6,59_2005.8=2005.8,61_2006=2006,62_2006.1=2006.1,41_2004=2004,40_2003.9=2003.9,49_2004.8=2004.8,74_2007.3=2007.3,77_2007.6=2007.6,68_2006.7=2006.7,70_2006.9=2006.9,81_2008=2008,19_2001.8=2001.8,27_2002.6=2002.6,29_2002.8=2002.8,30_2002.9=2002.9,31_2003=2003,38_2003.7=2003.7,56_2005.5=2005.5,69_2006.8=2006.8,82_2008.1=2008.1,80_2007.9=2007.9,83_2008.2=2008.2,87_2008.6=2008.6,71_2007=2007,75_2007.4=2007.4,72_2007.1=2007.1,91_2009=2009,88_2008.7=2008.7,94_2009.3=2009.3,98_2009.7=2009.7,79_2007.8=2007.8,84_2008.3=2008.3,78_2007.7=2007.7,76_2007.5=2007.5,89_2008.8=2008.8,93_2009.2=2009.2,96_2009.5=2009.5,97_2009.6=2009.6,95_2009.4=2009.4,100_2009.9=2009.9,54_2005.3=2005.3,60_2005.9=2005.9,64_2006.3=2006.3,73_2007.2=2007.2,86_2008.5=2008.5,85_2008.4=2008.4,90_2008.9=2008.9,99_2009.8=2009.8,92_2009.1=2009.1,101_2010=2010">
#                        <taxa id="TaxonSet.1" spec="beast.evolution.alignment.TaxonSet">
#                        </taxa>
#                    </trait>
#                    <taxonset idref="TaxonSet.1"/>
#                </tree>
#            </treeIntervals>
#        </distribution>
#        <prior id="rateOmega.prior" name="distribution">
#            <parameter id="rateOmega" lower="0.1" name="x" spec="beast.core.parameter.RealParameter" upper="10.0">0.5</parameter>
#            <Gamma id="Gamma.0" name="distr">
#                <parameter estimate="false" id="rateOmega.alpha" name="alpha" spec="beast.core.parameter.RealParameter">0.1</parameter>
#                <parameter estimate="false" id="rateOmega.beta" name="beta" spec="beast.core.parameter.RealParameter">1.0</parameter>
#            </Gamma>
#        </prior>
#        <prior id="rateMean.prior" name="distribution">
#            <parameter id="rateMean" lower="1.0E-4" name="x" spec="beast.core.parameter.RealParameter" upper="10.0">0.005</parameter>
#            <Gamma id="Gamma.1" name="distr">
#                <parameter estimate="false" id="rateMean.alpha" name="alpha" spec="beast.core.parameter.RealParameter">0.005</parameter>
#                <parameter estimate="false" id="rateMean.beta" name="beta" spec="beast.core.parameter.RealParameter">1.0</parameter>
#            </Gamma>
#        </prior>
#        <prior id="FrequenciesPrior.s:1" name="distribution">
#            <parameter dimension="4" id="freqParameter.s:1" lower="0.0" name="x" spec="beast.core.parameter.RealParameter" upper="1.0">0.25</parameter>
#            <Uniform id="Uniform.3" name="distr"/>
#        </prior>
#        <prior id="GammaShapePrior.s:1" name="distribution">
#            <parameter id="gammaShape.s:1" name="x" spec="beast.core.parameter.RealParameter">1.0</parameter>
#            <Exponential id="Exponential.0" name="distr">
#                <parameter estimate="false" id="RealParameter.0" name="mean" spec="beast.core.parameter.RealParameter">1.0</parameter>
#            </Exponential>
#        </prior>
#        <prior id="KappaPrior.s:1" name="distribution">
#            <parameter id="kappa.s:1" lower="0.0" name="x" spec="beast.core.parameter.RealParameter">2.0</parameter>
#            <LogNormal id="LogNormalDistributionModel.0" name="distr">
#                <parameter estimate="false" id="RealParameter.1" name="M" spec="beast.core.parameter.RealParameter">1.0</parameter>
#                <parameter estimate="false" id="RealParameter.2" name="S" spec="beast.core.parameter.RealParameter">1.25</parameter>
#            </LogNormal>
#        </prior>
#        <prior id="PopSizePrior.t:1" name="distribution" x="@popSize.t:1">
#            <OneOnX id="OneOnX.1" name="distr"/>
#        </prior>
#    </distribution>
#    <distribution id="likelihood" spec="beast.core.util.CompoundDistribution" useThreads="true">
#        <distribution data="@1" id="treeLikelihood.1" spec="beast.evolution.likelihood.ThreadedTreeLikelihood" tree="@Tree.t:1">
#            <siteModel gammaCategoryCount="4" id="SiteModel.s:1" shape="@gammaShape.s:1" spec="beast.evolution.sitemodel.SiteModel">
#                <parameter id="mutationRate.s:1" name="mutationRate" spec="beast.core.parameter.RealParameter">1.0</parameter>
#                <parameter estimate="false" id="proportionInvariant.s:1" lower="0.0" name="proportionInvariant" spec="beast.core.parameter.RealParameter" upper="1.0">0.0</parameter>
#                <substModel id="hky.s:1" kappa="@kappa.s:1" spec="beast.evolution.substitutionmodel.HKY">
#                    <frequencies frequencies="@freqParameter.s:1" id="estimatedFreqs.s:1" spec="beast.evolution.substitutionmodel.Frequencies"/>
#                </substModel>
#            </siteModel>
#            <branchRateModel id="branchRates" numSites="1000" numberOfDiscreteRates="12" rateMean="@rateMean" rateOmega="@rateOmega" spec="beast.evolution.branchratemodel.ARClockModel" tree="@Tree.t:1">
#                <rateCategories dimension="200" id="rateCategories" spec="beast.core.parameter.IntegerParameter">1</rateCategories>
#            </branchRateModel>
#        </distribution>
#    </distribution>
#</input>
#
Sample	posterior	likelihood	prior	treeLikelihood	TreeHeight	rateOmega	rateMean	kappa	mutationRate	gammaShape	popSize	CoalescentConstant	freqParameter.1	freqParameter.2	freqParameter.3	freqParameter.4
0	-21336.35998333915	-21102.32677716879	-234.03320617036022	-21102.32677716879	10.751582664363609	0.5	0.005	2.0	1.0	1.0	0.3	-230.21431273121476	0.25	0.25	0.25	0.25
1000	-13376.543989283009	-13089.361577207701	-287.18241207530747	-13089.361577207701	11.323407287866221	0.5872375403554156	0.03143511291543239	3.1940361545973053	1.0	1.0	1.7012429392776045	-279.0941481430089	0.25	0.25	0.25	0.25
2000	-11648.618866640863	-11370.075897727678	-278.5429689131851	-11370.075897727678	14.054808133807695	2.888264377834456	0.024510545704835796	3.1940361545973053	1.0	1.0	5.130172095063408	-265.87071710187587	0.25262814825775676	0.25	0.24737185174224327	0.25
3000	-10441.401894670795	-10158.52843434429	-282.8734603265036	-10158.52843434429	16.317923374203282	2.5245466160988084	0.01673989018497875	3.1940361545973053	1.0	0.9356141288791247	5.970044556035592	-270.986004874981	0.25262814825775676	0.24546909756004567	0.24737185174224327	0.2545309024399543
4000	-9949.375736180962	-9646.185444079254	-303.1902921017088	-9646.185444079254	15.610039988269598	8.760425865641963	0.018099922873176355	3.1940361545973053	1.0	0.9356141288791247	6.121543267858766	-283.8430501927715	0.24742619120255357	0.25067105461524886	0.24737185174224327	0.2545309024399543
5000	-9513.140443543676	-9200.771563535554	-312.3688800081219	-9200.771563535554	14.983130805498476	6.792269126700564	0.01446343117704256	3.1940361545973053	1.0	0.8006535305876685	6.649162724405339	-295.49789150184455	0.24742619120255357	0.2408547993431231	0.24737185174224327	0.26434715771208006
6000	-9301.44938045995	-8988.93853745557	-312.51084300437935	-8988.93853745557	15.462556119707077	7.943993770482409	0.0133410542282809	3.1940361545973053	1.0	0.8006535305876685	6.543860253626726	-294.44462148851886	0.24742619120255357	0.2408547993431231	0.24737185174224327	0.26434715771208006
7000	-9152.81899653669	-8842.128159693608	-310.690836843081	-8842.128159693608	16.11334437919836	6.865021878866414	0.011677979633648134	3.1940361545973053	1.0	0.8006535305876685	6.125734549632923	-294.0351334603161	0.2433618855710285	0.2408547993431231	0.24737185174224327	0.2684114633436051
8000	-8967.31501668416	-8655.238376775182	-312.07663990897817	-8655.238376775182	15.735509442500819	7.624681403397949	0.01336714257143772	4.5585174237873405	1.0	0.8006535305876685	7.089897859507068	-293.8516206507096	0.2433618855710285	0.2408547993431231	0.2389129475763001	0.2768703675095483
9000	-8660.497331169157	-8344.47546425125	-316.0218669179063	-8344.47546425125	16.063773364695404	5.817434203910277	0.010711786902818963	4.5585174237873405	1.0	0.8006535305876685	5.779535351224261	-300.27492362700133	0.2433618855710285	0.2408547993431231	0.23419045643732647	0.2815928586485219
10000	-8512.816390652852	-8189.496674754215	-323.319715898637	-8189.496674754215	16.506393440480576	4.253122965823331	0.00997097764591539	4.209492787490743	1.0	0.8006535305876685	8.146001278134404	-309.25179482848546	0.2433618855710285	0.2408547993431231	0.23419045643732647	0.2815928586485219
11000	-8342.253892132472	-8018.576692174209	-323.6771999582627	-8018.576692174209	16.523257035752845	4.30490541806235	0.00997420743207985	4.209492787490743	1.0	0.8006535305876685	9.196960779594118	-309.4249335709334	0.2394005249941132	0.2408547993431231	0.23815181701424176	0.2815928586485219
12000	-8196.577203518651	-7871.330058462457	-325.24714505619386	-7871.330058462457	16.523257035752845	3.086450327676367	0.009640102259165166	4.209492787490743	1.0	0.8006535305876685	8.699518351987013	-312.6026338637253	0.24186863105011963	0.2408547993431231	0.22172414846050642	0.2955524211462508
13000	-8121.366205707148	-7795.111007019215	-326.25519868793276	-7795.111007019215	16.523257035752845	2.989408121643358	0.008937182260293396	4.209492787490743	1.0	0.8006535305876685	8.008642645741375	-313.8952634267085	0.24186863105011963	0.24396776491244498	0.21861118289118453	0.2955524211462508
14000	-7934.267599798917	-7602.319713137413	-331.94788666150447	-7602.319713137413	16.535946246697105	2.569607562130452	0.007735981079784246	4.209492787490743	1.0	0.8006535305876685	6.87534166993685	-320.4413394686761	0.2407879881702956	0.2505377071619243	0.2101199889330668	0.29855431573471325
15000	-7893.158278193679	-7561.326533586209	-331.8317446074697	-7561.326533586209	16.9433036385114	2.699081978270547	0.008165760550332921	4.209492787490743	1.0	0.8006535305876685	9.21499139991791	-319.8043630139208	0.2407879881702956	0.2505377071619243	0.20561434096500658	0.3030599637027735
16000	-7793.389616986142	-7455.438602599967	-337.9510143861742	-7455.438602599967	16.9433036385114	2.736107497711506	0.008135524333649951	4.209492787490743	1.0	0.8006535305876685	12.749195176489645	-325.55343002598886	0.2407879881702956	0.2505377071619243	0.20561434096500658	0.3030599637027735
17000	-7687.278804186158	-7352.956190477199	-334.32261370895833	-7352.956190477199	16.9433036385114	3.889996631901647	0.008613094180202384	4.209492787490743	1.0	0.9985215359724192	8.246345448461511	-320.63504964224734	0.2407879881702956	0.2505377071619243	0.20561434096500658	0.3030599637027735
18000	-7661.753230190327	-7326.487629107191	-335.2656010831351	-7326.487629107191	16.16449492237207	3.6199339712631247	0.008325343626281472	4.209492787490743	1.0	0.9985215359724192	7.808747264452755	-322.00147967625924	0.2407879881702956	0.2505377071619243	0.20561434096500658	0.3030599637027735
19000	-7477.949805068027	-7151.18961139355	-326.7601936744764	-7151.18961139355	15.709387221535025	2.6931061555428184	0.007488212453142668	4.209492787490743	1.0	0.9985215359724192	8.301710933829039	-314.7341489612394	0.2407879881702956	0.2505377071619243	0.20561434096500658	0.3030599637027735
20000	-7432.756486838838	-7107.486960822156	-325.26952601668177	-7107.486960822156	16.493466237845745	2.803834822140016	0.007479950976880235	4.209492787490743	1.0	1.3294260285091466	7.8967616983307005	-312.8167000812938	0.2407879881702956	0.25597655228036187	0.20561434096500658	0.29762111858433593
21000	-7381.721931502516	-7060.701602525042	-321.0203289774731	-7060.701602525042	16.01849468738906	4.120601142323366	0.008137720925143435	4.209492787490743	1.0	1.270796641730914	7.236365905970248	-306.96566956895526	0.2407879881702956	0.25597655228036187	0.20389837995385177	0.2993370795954908
22000	-7347.568497290359	-7024.812268935521	-322.7562283548376	-7024.812268935521	16.01849468738906	3.9498787266233455	0.008226686677634138	4.209492787490743	1.0	1.434581633550884	8.257088261041757	-308.6037284690776	0.23914092741151916	0.25597655228036187	0.2055454407126282	0.2993370795954908
23000	-7298.881845715778	-6975.363023394324	-323.51882232145323	-6975.363023394324	15.306423760293224	3.8625006929303036	0.007222512707730837	4.209492787490743	1.0	1.512995734181844	7.943719903556736	-309.5646434671625	0.23914092741151916	0.25597655228036187	0.2055454407126282	0.2993370795954908
24000	-7267.4775279512905	-6940.884986580151	-326.5925413711389	-6940.884986580151	16.45634654210014	5.414017731064088	0.008332485241766588	4.209492787490743	1.0	1.512995734181844	7.557322278456925	-310.6894472088376	0.23914092741151916	0.25597655228036187	0.2055454407126282	0.2993370795954908
25000	-7252.055262549432	-6928.572258985108	-323.48300356432316	-6928.572258985108	16.564875385694712	4.759633933365786	0.00791595825565448	4.209492787490743	1.0	1.701130750447324	7.261065997595222	-308.25352822805394	0.23914092741151916	0.25597655228036187	0.2055454407126282	0.2993370795954908
26000	-7185.371928807536	-6869.589300593384	-315.78262821415194	-6869.589300593384	15.416129514263403	5.603275371874025	0.008696348473840545	4.209492787490743	1.0	1.701130750447324	8.425751288150959	-299.31955019899596	0.23765673717162578	0.25746074252025525	0.2055454407126282	0.2993370795954908
27000	-7138.165451448599	-6827.867520065883	-310.297931382716	-6827.867520065883	16.39644398391568	3.0298453928457825	0.007234639060655826	4.440886782492219	1.0	1.701130750447324	6.764235921800593	-297.2964405993189	0.23765673717162578	0.25746074252025525	0.2055454407126282	0.2993370795954908
28000	-7085.422554509867	-6778.924146086811	-306.4984084230568	-6778.924146086811	17.992191978689085	3.3233893863946338	0.007350241921635088	4.440886782492219	1.0	1.476540113581063	7.417601742999292	-293.2366424953184	0.23765673717162578	0.25746074252025525	0.2055454407126282	0.2993370795954908
29000	-7017.85964478071	-6716.992384949024	-300.8672598316864	-6716.992384949024	16.22413653966562	2.45429859261724	0.007186230009641348	4.440886782492219	1.0	1.476540113581063	6.0887056973986695	-288.9674523999268	0.23465522284478268	0.26046225684709834	0.2055454407126282	0.2993370795954908
30000	-7003.733493092068	-6712.69016363778	-291.043329454288	-6712.69016363778	18.020330149373024	2.9456649651644504	0.0073078771886584	4.440886782492219	1.0	1.7825149716828244	5.96426863174633	-278.1857618158174	0.23465522284478268	0.26046225684709834	0.2055454407126282	0.2993370795954908
31000	-6996.0623289034775	-6705.172724792343	-290.88960411113464	-6705.172724792343	19.506476388761385	2.870386504722975	0.0070287166139008225	4.440886782492219	1.0	1.7825149716828244	5.855174832445491	-278.18810773934587	0.23757879491374034	0.26046225684709834	0.20262186864367054	0.2993370795954908
32000	-6989.09258054245	-6695.934701810802	-293.1578787316485	-6695.934701810802	19.859560425332695	3.352870142843171	0.0075698640805343005	4.440886782492219	1.0	2.2607468636079617	5.639035615956123	-279.31910530974926	0.23757879491374034	0.26046225684709834	0.20262186864367054	0.2993370795954908
33000	-6974.529593798721	-6685.117884735651	-289.41170906306985	-6685.117884735651	19.549230499812943	3.0418503985912113	0.006852818373945215	4.440886782492219	1.0	2.2030175701047447	6.5131882061992386	-275.9849188886247	0.23757879491374034	0.26046225684709834	0.20262186864367054	0.2993370795954908
34000	-7001.430891232025	-6706.242346456621	-295.18854477540407	-6706.242346456621	21.253444649649037	3.9089659276848487	0.007014819335747643	4.440886782492219	1.0	2.2030175701047447	6.652097423320944	-280.6243996439771	0.23757879491374034	0.26046225684709834	0.20262186864367054	0.2993370795954908
35000	-6983.342236568299	-6692.7461974876	-290.5960390806995	-6692.7461974876	16.959881285757074	3.5977863900644214	0.00774546631390986	4.440886782492219	1.0	2.2030175701047447	5.351894417421348	-276.5358958394479	0.23757879491374034	0.26046225684709834	0.19827022126385288	0.30368872697530847
36000	-6957.805611217635	-6670.946674195907	-286.8589370217279	-6670.946674195907	16.959881285757074	2.88762486291992	0.0071129702317085115	4.440886782492219	1.0	2.2030175701047447	6.291052332534262	-273.630567872846	0.23757879491374034	0.26046225684709834	0.19827022126385288	0.30368872697530847
37000	-6847.400466413751	-6560.091584990868	-287.3088814228835	-6560.091584990868	18.540757320233304	3.0141866782464497	0.0066433246733466275	4.440886782492219	1.0	2.2030175701047447	4.848161629288404	-274.2443085616239	0.23757879491374034	0.26046225684709834	0.19827022126385288	0.30368872697530847
38000	-6796.871554587386	-6513.784636621362	-283.08691796602426	-6513.784636621362	17.957222430915625	2.7947339001935934	0.006641800646122661	4.440886782492219	1.0	2.2030175701047447	5.657137724965478	-270.1557430439044	0.23757879491374034	0.251398524334094	0.19827022126385288	0.3127524594883128
39000	-6781.022232362717	-6496.913289982717	-284.1089423799996	-6496.913289982717	18.205949567504657	3.0067946798785004	0.006432409543303468	4.440886782492219	1.0	2.744434696544749	5.882527395394328	-270.3514802902816	0.23757879491374034	0.251398524334094	0.19827022126385288	0.3127524594883128
40000	-6769.364888787735	-6482.4092294334	-286.95565935433575	-6482.4092294334	17.34779025724866	4.19788841722697	0.006733019933591653	4.440886782492219	1.0	2.744434696544749	5.117475577482193	-271.80034563662986	0.2324677821348959	0.25650953711293845	0.19827022126385288	0.3127524594883128
41000	-6767.833923448856	-6478.2528678044655	-289.58105564439063	-6478.2528678044655	18.087494393521464	3.195364747260845	0.006163949052051076	4.440886782492219	1.0	3.2517072565932126	6.438020664475168	-275.02545917662974	0.2324677821348959	0.25650953711293845	0.19827022126385288	0.3127524594883128
42000	-6773.196848663452	-6482.553910772436	-290.6429378910157	-6482.553910772436	17.162407650432737	3.428974028631001	0.006000631917408299	3.067827335360385	1.0	3.2517072565932126	6.574148243484092	-276.2384880974297	0.2324677821348959	0.25650953711293845	0.19827022126385288	0.3127524594883128
43000	-6775.160257835365	-6480.697051384084	-294.4632064512807	-6480.697051384084	17.186796446058015	3.4506361120700153	0.006322536318523603	3.067827335360385	1.0	3.2517072565932126	5.948746489520224	-280.0790750437085	0.2324677821348959	0.25650953711293845	0.19827022126385288	0.3127524594883128
44000	-6749.46374190814	-6456.914417998485	-292.5493239096548	-6456.914417998485	17.02123947675272	2.725609320675966	0.006493673995675358	3.067827335360385	1.0	3.2517072565932126	5.557965728248051	-279.14370195506456	0.2137002083644338	0.25650953711293845	0.19827022126385288	0.331520033258775
45000	-6735.238084014476	-6438.229897245168	-297.00818676930766	-6438.229897245168	17.02123947675272	3.5575823440457124	0.006515007128415765	3.1765032600396426	1.0	3.2517072565932126	6.771088999367485	-282.29223269926655	0.2137002083644338	0.25650953711293845	0.19827022126385288	0.331520033258775
46000	-6729.3314830103345	-6430.013650831012	-299.31783217932275	-6430.013650831012	17.02123947675272	3.743243303716803	0.0064935289999683826	3.1765032600396426	1.0	3.2517072565932126	6.777848197172871	-284.3727424245487	0.2137002083644338	0.25650953711293845	0.19827022126385288	0.331520033258775
47000	-6692.508901340004	-6398.0639073731645	-294.44499396683966	-6398.0639073731645	17.480999095505474	3.5828280595923108	0.006286884592495938	3.1905391210887886	1.0	3.2517072565932126	5.602249176528416	-279.91776168389134	0.2137002083644338	0.25650953711293845	0.19827022126385288	0.331520033258775
48000	-6700.751450977303	-6407.027369668322	-293.72408130898094	-6407.027369668322	17.480999095505474	3.006674925685771	0.0058894881900769455	3.1905391210887886	1.0	3.2517072565932126	6.057584363797057	-279.91801257343786	0.2137002083644338	0.25650953711293845	0.19827022126385288	0.331520033258775
49000	-6688.251537720836	-6390.793952351552	-297.4575853692829	-6390.793952351552	19.527577683437944	2.810651323905494	0.006097247425282579	3.1905391210887886	1.0	3.2517072565932126	6.412926550884562	-283.8165095564996	0.2137002083644338	0.25650953711293845	0.19827022126385288	0.331520033258775
50000	-6700.9569209360625	-6401.651059967917	-299.30586096814557	-6401.651059967917	17.538435129048796	2.930518960106914	0.005807088465101411	3.1905391210887886	1.0	3.2517072565932126	5.306487425040295	-285.7455206528944	0.2137002083644338	0.25650953711293845	0.19827022126385288	0.331520033258775
51000	-6708.283696720148	-6407.99524721244	-300.28844950770866	-6407.99524721244	17.62541198156652	2.472118422062087	0.006226866529714721	3.1905391210887886	1.0	3.2517072565932126	7.35233320218922	-286.94365108488137	0.2137002083644338	0.25650953711293845	0.19827022126385288	0.331520033258775
52000	-6680.300135091313	-6376.423580863393	-303.8765542279197	-6376.423580863393	19.176645951685867	2.665545763737554	0.00557778962093572	3.1905391210887886	1.0	3.2517072565932126	7.27425942717986	-290.3913834562747	0.1962511106057649	0.2739586348716073	0.19827022126385288	0.331520033258775
53000	-6673.550067657663	-6368.746069020324	-304.8039986373387	-6368.746069020324	17.77528422866849	2.7352947029277375	0.005676355289082386	3.1905391210887886	1.0	3.2517072565932126	6.073916322277359	-291.38864226501016	0.1962511106057649	0.2739586348716073	0.19827022126385288	0.331520033258775
54000	-6643.908338339971	-6340.198941280407	-303.7093970595645	-6340.198941280407	17.834274286048753	2.845113083645826	0.0058573106339068716	3.1905391210887886	1.0	3.791550018898451	6.614189702789097	-289.49233330993945	0.1962511106057649	0.2739586348716073	0.17523834783293793	0.35455190668968994
55000	-6651.627145648274	-6350.246745318161	-301.38040033011293	-6350.246745318161	18.533311296025435	2.518536270279513	0.0059913735822706956	3.1905391210887886	1.0	3.791550018898451	6.851521717895963	-287.54174129980674	0.20164169615286792	0.2739586348716073	0.1698477622858349	0.35455190668968994
56000	-6638.00790818088	-6344.0029826294485	-294.0049255514311	-6344.0029826294485	18.433217947987185	2.853980172824185	0.005968006820516756	3.1905391210887886	1.0	3.791550018898451	5.476193442088677	-279.9462616676843	0.20164169615286792	0.2739586348716073	0.1698477622858349	0.35455190668968994
57000	-6636.2662713391155	-6339.46221942544	-296.8040519136756	-6339.46221942544	19.50616874683395	3.136173900705	0.005871368555235853	3.225948486013056	1.0	3.791550018898451	6.409718057715412	-282.2250618043766	0.20164169615286792	0.2739586348716073	0.1698477622858349	0.35455190668968994
58000	-6645.6303079605195	-6347.400928834186	-298.22937912633387	-6347.400928834186	21.901682943417388	2.5996233550277337	0.00562239272764494	3.225948486013056	1.0	2.42776184403459	5.7353361248795345	-285.8741326979475	0.20164169615286792	0.2739586348716073	0.1698477622858349	0.35455190668968994
59000	-6639.084377076078	-6342.099437604538	-296.98493947154	-6342.099437604538	20.732394107568474	1.777753211136082	0.005777229370127867	3.0841989478670886	1.0	2.42776184403459	5.74253777297961	-285.8143501730982	0.20164169615286792	0.2745975369423297	0.16920886021511253	0.35455190668968994
60000	-6613.578561678107	-6323.919389305825	-289.65917237228234	-6323.919389305825	17.547762899547678	2.6704958003398787	0.005971542569321217	3.6957802175862184	1.0	2.42776184403459	6.062997523291801	-276.9362118037787	0.20164169615286792	0.2745975369423297	0.16920886021511253	0.35455190668968994
61000	-6604.069470975795	-6319.994896153537	-284.07457482225806	-6319.994896153537	18.886007481281002	2.579335821209766	0.006639134677045178	3.6957802175862184	1.0	2.42776184403459	4.983730055325081	-271.5639448633835	0.20164169615286792	0.2745975369423297	0.16920886021511253	0.35455190668968994
62000	-6584.102271819631	-6295.805986341587	-288.2962854780435	-6295.805986341587	17.782660067691022	2.651464403235252	0.005861182179812243	3.6957802175862184	1.0	2.9673410809190615	5.899034242613681	-275.10530063979763	0.20329303449450611	0.29421805372913207	0.1494287433745985	0.35306016840176335
63000	-6569.379111512447	-6278.7757575678415	-290.60335394460526	-6278.7757575678415	17.685198553809414	3.0912448175621923	0.0061722134016413185	3.6957802175862184	1.0	2.9673410809190615	5.817314471587427	-276.7966643341628	0.20329303449450611	0.30749164775275034	0.13615514935098025	0.35306016840176335
64000	-6549.330844909522	-6257.338010886185	-291.9928340233373	-6257.338010886185	18.31986684719372	4.285796649293766	0.005725746852094013	3.6957802175862184	1.0	2.9673410809190615	5.276375900571048	-276.870288055535	0.20329303449450611	0.30749164775275034	0.12713980745146658	0.36207551030127705
65000	-6560.111603726	-6265.559605362587	-294.5519983634132	-6265.559605362587	18.337676272502403	4.234084991979851	0.006318048516854435	3.6957802175862184	1.0	2.9673410809190615	5.541704101921028	-279.34448926259137	0.20329303449450611	0.30749164775275034	0.12713980745146658	0.36207551030127705
66000	-6559.071001244781	-6266.527487757957	-292.54351348682405	-6266.527487757957	17.49667378307836	3.281584812616429	0.005603945830626763	3.385209774620419	1.0	2.9673410809190615	6.489253426103332	-278.58263694370646	0.20329303449450611	0.30749164775275034	0.12481144212514243	0.3644038756276012
67000	-6569.015012292253	-6275.910736037769	-293.104276254484	-6275.910736037769	17.367939423475338	4.430948782227768	0.006539269275114489	3.385209774620419	1.0	3.4111246054958495	5.62922932527639	-277.2676506170662	0.20329303449450611	0.30749164775275034	0.12481144212514243	0.3644038756276012
68000	-6554.836275168536	-6270.2921489739765	-284.54412619455957	-6270.2921489739765	17.91009158328387	2.432810579698097	0.005661599499169264	3.385209774620419	1.0	3.4111246054958495	5.69098460241293	-271.37861395877155	0.20329303449450611	0.30749164775275034	0.12481144212514243	0.3644038756276012
69000	-6524.69480369206	-6236.072209387941	-288.62259430411893	-6236.072209387941	19.097752731909868	3.3155916982151354	0.005962288321331993	3.385209774620419	1.0	3.4111246054958495	6.26756344663818	-274.1473766923529	0.20329303449450611	0.30749164775275034	0.12481144212514243	0.3644038756276012
70000	-6520.648989053931	-6238.54101119331	-282.10797786062045	-6238.54101119331	19.98582824367801	3.3777160991728623	0.005978332769309251	3.385209774620419	1.0	3.4111246054958495	4.761647104825866	-267.8260325968428	0.18225625279446472	0.30749164775275034	0.1458482238251838	0.3644038756276012
71000	-6523.678810007446	-6242.03528994938	-281.64352005806654	-6242.03528994938	18.28228175350707	2.85592663713944	0.006411012602382151	2.612714728050926	1.0	3.4111246054958495	5.163446868354847	-268.1573476731314	0.18225625279446472	0.30749164775275034	0.1458482238251838	0.3644038756276012
72000	-6506.348766843733	-6231.193290082748	-275.15547676098475	-6231.193290082748	18.91182277042766	2.9306862038717174	0.006522322390632337	2.612714728050926	1.0	3.4111246054958495	5.418136138337823	-261.50590255888255	0.16255211713400614	0.32719578341320893	0.1458482238251838	0.3644038756276012
73000	-6501.202951372013	-6224.358668445306	-276.84428292670674	-6224.358668445306	18.519738846694118	3.163533389702337	0.006472023051304445	2.612714728050926	1.0	3.4111246054958495	5.004694116395039	-262.9801827979302	0.16255211713400614	0.32719578341320893	0.1458482238251838	0.3644038756276012
74000	-6519.452785526037	-6240.910714040084	-278.5420714859524	-6240.910714040084	18.519738846694118	3.0489787343214028	0.005814030017142333	2.612714728050926	1.0	3.4111246054958495	5.778056689865584	-264.7893661738845	0.16255211713400614	0.32719578341320893	0.1458482238251838	0.3644038756276012
75000	-6508.461072041903	-6225.379933500486	-283.0811385414169	-6225.379933500486	19.164661102226955	2.8287477307723283	0.0059148925621318365	2.612714728050926	1.0	3.4111246054958495	5.93170164167309	-269.5726816051398	0.16255211713400614	0.32719578341320893	0.1458482238251838	0.3644038756276012
76000	-6516.746649556439	-6238.815900978132	-277.93074857830646	-6238.815900978132	19.347035307577197	3.6453572661006897	0.006384783265962716	2.612714728050926	1.0	3.4111246054958495	4.832953787372753	-263.50574528744596	0.16255211713400614	0.32719578341320893	0.1458482238251838	0.3644038756276012
77000	-6522.858365703433	-6244.058199264067	-278.8001664393663	-6244.058199264067	18.72937537985287	2.5522037329935623	0.0061664166734564894	2.612714728050926	1.0	3.4111246054958495	5.616421894311926	-265.6737711978601	0.16255211713400614	0.32719578341320893	0.1458482238251838	0.3644038756276012
78000	-6510.223375678239	-6231.529873684041	-278.69350199419773	-6231.529873684041	19.266489398622447	3.216371458895257	0.006160510069857015	2.612714728050926	1.0	3.4111246054958495	4.857525436631563	-264.8408971282093	0.16255211713400614	0.32719578341320893	0.1458482238251838	0.3644038756276012
79000	-6498.584691602334	-6219.006490241358	-279.5782013609756	-6219.006490241358	18.705250387428773	3.3860265044266895	0.005829932064727397	2.612714728050926	1.0	3.4111246054958495	4.951565266037879	-265.54571294628784	0.15856858008345454	0.33117932046376053	0.1458482238251838	0.3644038756276012
80000	-6495.28093878161	-6210.253229845302	-285.02770893630833	-6210.253229845302	19.738118963545755	3.600980983147381	0.005651136984193223	2.612714728050926	1.0	3.4111246054958495	5.45751347020844	-270.6587538728032	0.15196716220627213	0.33117932046376053	0.1458482238251838	0.37100529350478356
81000	-6492.636232224374	-6210.941703477569	-281.6945287468052	-6210.941703477569	19.548899848377463	3.9530048248515355	0.006031874031942651	2.612714728050926	1.0	3.4111246054958495	4.597934595159327	-266.9957374682851	0.15196716220627213	0.33117932046376053	0.1458482238251838	0.37100529350478356
82000	-6507.246581389626	-6224.273333002926	-282.9732483866998	-6224.273333002926	19.540270466572977	3.777978582163067	0.006287765882074325	2.612714728050926	1.0	3.4111246054958495	4.684013606385478	-268.4300971900664	0.15196716220627213	0.33117932046376053	0.1458482238251838	0.37100529350478356
83000	-6498.65445865489	-6209.596369716415	-289.05808893847507	-6209.596369716415	19.161738403705424	3.7717333179116763	0.005967255517378212	2.612714728050926	1.0	3.4111246054958495	5.802127100440189	-274.3609803886136	0.14183876189150546	0.34130772077852717	0.1458482238251838	0.37100529350478356
84000	-6489.079082146713	-6204.5552232479495	-284.5238588987628	-6204.5552232479495	18.299529119876674	3.828732611106839	0.005850473678878947	2.612714728050926	1.0	3.4111246054958495	5.035224158785372	-269.9178007841777	0.14183876189150546	0.34130772077852717	0.1458482238251838	0.37100529350478356
85000	-6495.975088943107	-6209.948387817946	-286.0267011251609	-6209.948387817946	19.79184707411709	3.9951104391002468	0.005903229976851225	2.612714728050926	1.0	3.4111246054958495	5.170163845162775	-271.1805503039612	0.15401950702101413	0.34130772077852717	0.13366747869567513	0.37100529350478356
86000	-6508.38411624205	-6221.322053559799	-287.062062682251	-6221.322053559799	18.210039859025937	4.345968519546644	0.0065019803004308235	2.612714728050926	1.0	1.7676678369253371	4.819938107749089	-273.4061713159385	0.15401950702101413	0.34130772077852717	0.13366747869567513	0.37100529350478356
87000	-6531.612034323166	-6238.061615711141	-293.5504186120254	-6238.061615711141	20.011574644877793	2.621572443842627	0.00633677394392901	2.612714728050926	1.0	4.894425300953658	6.646502010138211	-278.651536656088	0.15401950702101413	0.34130772077852717	0.13366747869567513	0.37100529350478356
88000	-6509.4041107468265	-6217.478506382593	-291.9256043642338	-6217.478506382593	18.285949914797342	3.190011109575976	0.006085108622162346	2.612714728050926	1.0	4.894425300953658	6.289173556361526	-276.3774939497161	0.15401950702101413	0.34130772077852717	0.12455549594514145	0.38011727625531727
89000	-6507.90816111498	-6221.078462364731	-286.8296987502494	-6221.078462364731	18.931097283401666	2.661034607688698	0.0061784780771436095	2.4298619126257237	1.0	4.894425300953658	4.981474968287659	-272.260633804696	0.15401950702101413	0.34130772077852717	0.12455549594514145	0.38011727625531727
90000	-6516.150899976287	-6225.3904613625455	-290.7604386137416	-6225.3904613625455	19.53558513818513	2.47824940877902	0.005767077992054087	2.4298619126257237	1.0	4.894425300953658	5.626482955521563	-276.3854199606429	0.1410961336741884	0.34130772077852717	0.12953773522257514	0.3880584103247093
91000	-6507.130323841217	-6213.258701667454	-293.87162217376283	-6213.258701667454	19.53558513818513	3.686931480382263	0.006594867738836009	2.4298619126257237	1.0	4.894425300953658	5.684308231111354	-277.7858953138908	0.1410961336741884	0.34130772077852717	0.12953773522257514	0.3880584103247093
92000	-6498.959579737424	-6200.748834705824	-298.2107450315998	-6200.748834705824	18.53952647957617	3.5289820555771203	0.006384000210957205	2.4298619126257237	1.0	4.887018139286527	6.107798092948575	-282.2904696531425	0.1410961336741884	0.34130772077852717	0.1045387638093173	0.41305738173796713
93000	-6494.3495137658765	-6194.529799960879	-299.81971380499766	-6194.529799960879	19.347947680192558	3.4370340181295633	0.006435347122925114	2.4298619126257237	1.0	4.887018139286527	5.940142252274306	-284.03495803948186	0.1410961336741884	0.34130772077852717	0.1045387638093173	0.41305738173796713
94000	-6493.873470119356	-6191.1788070945495	-302.6946630248063	-6191.1788070945495	19.72146321638674	4.5452038310485445	0.006672527128439579	2.4298619126257237	1.0	4.887018139286527	7.037990339985598	-285.3443814496331	0.1410961336741884	0.34130772077852717	0.1045387638093173	0.41305738173796713
95000	-6495.934638560877	-6194.768224490637	-301.16641407023957	-6194.768224490637	19.078759434524407	4.136740130780008	0.006233464286054983	2.4298619126257237	1.0	4.887018139286527	6.396181731188669	-284.47313086300943	0.1410961336741884	0.34130772077852717	0.1045387638093173	0.41305738173796713
96000	-6484.11540501841	-6188.253837271043	-295.86156774736617	-6188.253837271043	20.393048042027388	3.5957288556607048	0.006243763769569589	2.4298619126257237	1.0	5.410634135289982	5.359036362601277	-279.4870891028542	0.1410961336741884	0.34130772077852717	0.1045387638093173	0.41305738173796713
97000	-6468.98075928127	-6170.371978493271	-298.6087807879996	-6170.371978493271	21.83563141768878	3.319650326277807	0.005896383141842682	2.4298619126257237	1.0	5.410634135289982	6.522623845044412	-282.4430918489018	0.1410961336741884	0.34130772077852717	0.1045387638093173	0.41305738173796713
98000	-6480.10259214217	-6179.134586967869	-300.9680051743012	-6179.134586967869	21.83563141768878	4.144604341767616	0.0059619614279611	2.4298619126257237	1.0	4.692411452652476	6.589749983659421	-284.4745224645618	0.1410961336741884	0.34130772077852717	0.1045387638093173	0.41305738173796713
99000	-6474.382657773105	-6175.855252673892	-298.52740509921284	-6175.855252673892	21.375723187197302	4.041701056184612	0.006086491558442801	2.4298619126257237	1.0	4.692411452652476	6.320855335721398	-282.180420592695	0.1410961336741884	0.32365660619585457	0.1045387638093173	0.43070849632063973
100000	-6471.4103549243655	-6171.680957990375	-299.7293969339905	-6171.680957990375	21.375723187197302	3.6091148592997047	0.0057046177253277115	2.4298619126257237	1.0	4.279289841159722	7.8901535686588185	-284.1730957071686	0.13353690121360687	0.32365660619585457	0.1045387638093173	0.4382677287812213
