#
#model:
#
#<?xml version="1.0" encoding="UTF-8" standalone="no"?><input id="posterior" spec="beast.core.util.CompoundDistribution">
#    <distribution id="prior" spec="beast.core.util.CompoundDistribution">
#        <distribution id="CoalescentConstant.t:1" spec="beast.evolution.tree.coalescent.Coalescent">
#            <populationModel id="ConstantPopulation.t:1" spec="beast.evolution.tree.coalescent.ConstantPopulation">
#                <parameter id="popSize.t:1" name="popSize" spec="beast.core.parameter.RealParameter">0.3</parameter>
#            </populationModel>
#            <treeIntervals id="TreeIntervals.t:1" spec="beast.evolution.tree.coalescent.TreeIntervals">
#                <tree id="Tree.t:1" spec="beast.evolution.tree.Tree">
#                    <trait id="dateTrait.t:1" spec="beast.evolution.tree.TraitSet" traitname="date" value="2_2000.1=2000.1,17_2001.6=2001.6,18_2001.7=2001.7,21_2002=2002,24_2002.3=2002.3,26_2002.5=2002.5,5_2000.4=2000.4,7_2000.6=2000.6,4_2000.3=2000.3,13_2001.2=2001.2,15_2001.4=2001.4,16_2001.5=2001.5,1_2000=2000,8_2000.7=2000.7,3_2000.2=2000.2,12_2001.1=2001.1,22_2002.1=2002.1,32_2003.1=2003.1,28_2002.7=2002.7,43_2004.2=2004.2,46_2004.5=2004.5,55_2005.4=2005.4,63_2006.2=2006.2,65_2006.4=2006.4,66_2006.5=2006.5,67_2006.6=2006.6,23_2002.2=2002.2,10_2000.9=2000.9,14_2001.3=2001.3,33_2003.2=2003.2,39_2003.8=2003.8,34_2003.3=2003.3,44_2004.3=2004.3,48_2004.7=2004.7,53_2005.2=2005.2,52_2005.1=2005.1,58_2005.7=2005.7,9_2000.8=2000.8,6_2000.5=2000.5,11_2001=2001,25_2002.4=2002.4,20_2001.9=2001.9,47_2004.6=2004.6,36_2003.5=2003.5,45_2004.4=2004.4,50_2004.9=2004.9,42_2004.1=2004.1,51_2005=2005,35_2003.4=2003.4,37_2003.6=2003.6,57_2005.6=2005.6,59_2005.8=2005.8,61_2006=2006,62_2006.1=2006.1,41_2004=2004,40_2003.9=2003.9,49_2004.8=2004.8,74_2007.3=2007.3,77_2007.6=2007.6,68_2006.7=2006.7,70_2006.9=2006.9,81_2008=2008,19_2001.8=2001.8,27_2002.6=2002.6,29_2002.8=2002.8,30_2002.9=2002.9,31_2003=2003,38_2003.7=2003.7,56_2005.5=2005.5,69_2006.8=2006.8,82_2008.1=2008.1,80_2007.9=2007.9,83_2008.2=2008.2,87_2008.6=2008.6,71_2007=2007,75_2007.4=2007.4,72_2007.1=2007.1,91_2009=2009,88_2008.7=2008.7,94_2009.3=2009.3,98_2009.7=2009.7,79_2007.8=2007.8,84_2008.3=2008.3,78_2007.7=2007.7,76_2007.5=2007.5,89_2008.8=2008.8,93_2009.2=2009.2,96_2009.5=2009.5,97_2009.6=2009.6,95_2009.4=2009.4,100_2009.9=2009.9,54_2005.3=2005.3,60_2005.9=2005.9,64_2006.3=2006.3,73_2007.2=2007.2,86_2008.5=2008.5,85_2008.4=2008.4,90_2008.9=2008.9,99_2009.8=2009.8,92_2009.1=2009.1,101_2010=2010">
#                        <taxa id="TaxonSet.1" spec="beast.evolution.alignment.TaxonSet">
#                        </taxa>
#                    </trait>
#                    <taxonset idref="TaxonSet.1"/>
#                </tree>
#            </treeIntervals>
#        </distribution>
#        <prior id="rateOmega.prior" name="distribution">
#            <parameter id="rateOmega" lower="0.1" name="x" spec="beast.core.parameter.RealParameter" upper="10.0">0.5</parameter>
#            <Gamma id="Gamma.0" name="distr">
#                <parameter estimate="false" id="rateOmega.alpha" name="alpha" spec="beast.core.parameter.RealParameter">0.1</parameter>
#                <parameter estimate="false" id="rateOmega.beta" name="beta" spec="beast.core.parameter.RealParameter">1.0</parameter>
#            </Gamma>
#        </prior>
#        <prior id="rateMean.prior" name="distribution">
#            <parameter id="rateMean" lower="1.0E-4" name="x" spec="beast.core.parameter.RealParameter" upper="10.0">0.005</parameter>
#            <Gamma id="Gamma.1" name="distr">
#                <parameter estimate="false" id="rateMean.alpha" name="alpha" spec="beast.core.parameter.RealParameter">0.005</parameter>
#                <parameter estimate="false" id="rateMean.beta" name="beta" spec="beast.core.parameter.RealParameter">1.0</parameter>
#            </Gamma>
#        </prior>
#        <prior id="FrequenciesPrior.s:1" name="distribution">
#            <parameter dimension="4" id="freqParameter.s:1" lower="0.0" name="x" spec="beast.core.parameter.RealParameter" upper="1.0">0.25</parameter>
#            <Uniform id="Uniform.3" name="distr"/>
#        </prior>
#        <prior id="GammaShapePrior.s:1" name="distribution">
#            <parameter id="gammaShape.s:1" name="x" spec="beast.core.parameter.RealParameter">1.0</parameter>
#            <Exponential id="Exponential.0" name="distr">
#                <parameter estimate="false" id="RealParameter.0" name="mean" spec="beast.core.parameter.RealParameter">1.0</parameter>
#            </Exponential>
#        </prior>
#        <prior id="KappaPrior.s:1" name="distribution">
#            <parameter id="kappa.s:1" lower="0.0" name="x" spec="beast.core.parameter.RealParameter">2.0</parameter>
#            <LogNormal id="LogNormalDistributionModel.0" name="distr">
#                <parameter estimate="false" id="RealParameter.1" name="M" spec="beast.core.parameter.RealParameter">1.0</parameter>
#                <parameter estimate="false" id="RealParameter.2" name="S" spec="beast.core.parameter.RealParameter">1.25</parameter>
#            </LogNormal>
#        </prior>
#        <prior id="PopSizePrior.t:1" name="distribution" x="@popSize.t:1">
#            <OneOnX id="OneOnX.1" name="distr"/>
#        </prior>
#    </distribution>
#    <distribution id="likelihood" spec="beast.core.util.CompoundDistribution" useThreads="true">
#        <distribution data="@1" id="treeLikelihood.1" spec="beast.evolution.likelihood.ThreadedTreeLikelihood" tree="@Tree.t:1">
#            <siteModel gammaCategoryCount="4" id="SiteModel.s:1" shape="@gammaShape.s:1" spec="beast.evolution.sitemodel.SiteModel">
#                <parameter id="mutationRate.s:1" name="mutationRate" spec="beast.core.parameter.RealParameter">1.0</parameter>
#                <parameter estimate="false" id="proportionInvariant.s:1" lower="0.0" name="proportionInvariant" spec="beast.core.parameter.RealParameter" upper="1.0">0.0</parameter>
#                <substModel id="hky.s:1" kappa="@kappa.s:1" spec="beast.evolution.substitutionmodel.HKY">
#                    <frequencies frequencies="@freqParameter.s:1" id="estimatedFreqs.s:1" spec="beast.evolution.substitutionmodel.Frequencies"/>
#                </substModel>
#            </siteModel>
#            <branchRateModel id="branchRates" numSites="1000" numberOfDiscreteRates="12" rateMean="@rateMean" rateOmega="@rateOmega" spec="beast.evolution.branchratemodel.ARClockModel" tree="@Tree.t:1">
#                <rateCategories dimension="200" id="rateCategories" spec="beast.core.parameter.IntegerParameter">1</rateCategories>
#            </branchRateModel>
#        </distribution>
#    </distribution>
#</input>
#
Sample	posterior	likelihood	prior	treeLikelihood	TreeHeight	rateOmega	rateMean	kappa	mutationRate	gammaShape	popSize	CoalescentConstant	freqParameter.1	freqParameter.2	freqParameter.3	freqParameter.4
0	-28031.8513911377	-27797.818184967342	-234.03320617036022	-27797.818184967342	10.751582664363609	0.5	0.005	2.0	1.0	1.0	0.3	-230.21431273121476	0.25	0.25	0.25	0.25
1000	-17116.98990567611	-16582.718747688785	-534.2711579873238	-16582.718747688785	13.201704966632235	0.6652122705101112	0.02345476549529001	3.9361561049888136	1.0	1.0	3.8423864696330745	-525.2328920081922	0.25	0.25	0.25	0.25
2000	-15385.360436815394	-14999.989313164207	-385.37112365118537	-14999.989313164207	14.19201942828989	1.5127147701554786	0.01783923074883141	3.9361561049888136	1.0	1.0	15.170877435741653	-373.650592558955	0.25	0.2425357085385297	0.25	0.2574642914614703
3000	-14104.55410783188	-13720.337086274973	-384.2170215569083	-13720.337086274973	15.061654286220685	4.392453871705926	0.015493528153673662	3.9361561049888136	1.0	0.9356141288791247	12.885043091815074	-369.02768217314446	0.25	0.2425357085385297	0.25	0.2574642914614703
4000	-13311.103308972077	-12924.432586948948	-386.67072202312926	-12924.432586948948	15.533659743106538	6.3044813254870915	0.015311522096112399	3.9361561049888136	1.0	0.9356141288791247	13.210087687194028	-369.23114591850384	0.25	0.2425357085385297	0.25	0.2574642914614703
5000	-12834.891029573862	-12442.065025197257	-392.82600437660653	-12442.065025197257	16.51191670596222	7.86838894515994	0.012784864628609848	3.9361561049888136	1.0	0.8006535305876685	13.26704430434286	-373.9357140929368	0.25	0.2425357085385297	0.25	0.2574642914614703
6000	-12166.561830964925	-11778.244688748006	-388.3171422169202	-11778.244688748006	15.34680295820811	6.7480758770451335	0.01251883116904238	3.9361561049888136	1.0	0.8006535305876685	16.733458441745228	-370.47446311639374	0.25	0.2425357085385297	0.25	0.2574642914614703
7000	-11329.267758344591	-10955.138459264863	-374.12929907972773	-10955.138459264863	16.40687450426773	7.820685795432123	0.012328062482111497	3.9361561049888136	1.0	0.8006535305876685	13.565011106838638	-355.3066329825019	0.25	0.2425357085385297	0.2479551284821566	0.25950916297931376
8000	-11101.358548707716	-10729.970791676744	-371.3877570309727	-10729.970791676744	16.716637957252495	9.463423535844637	0.012719098842469537	3.9361561049888136	1.0	0.8006535305876685	11.689986629224741	-350.86805711081087	0.24042908719946585	0.2425357085385297	0.25752604128269074	0.25950916297931376
9000	-10816.991548387601	-10444.632541838277	-372.3590065493248	-10444.632541838277	16.831480466496988	9.47641523032722	0.011411445396612282	3.9361561049888136	1.0	0.8006535305876685	12.717107283398283	-351.8501178371698	0.24042908719946585	0.2425357085385297	0.25752604128269074	0.25950916297931376
10000	-10520.491567263436	-10147.359673403515	-373.1318938599219	-10147.359673403515	16.858474433012333	7.987493474689118	0.011091567232001914	3.9361561049888136	1.0	0.8006535305876685	11.730915519804123	-354.3750929458259	0.24042908719946585	0.2425357085385297	0.25752604128269074	0.25950916297931376
11000	-10204.075468791201	-9836.502135003015	-367.57333378818566	-9836.502135003015	15.689322426138133	7.782957586355885	0.011012133174724138	3.9361561049888136	1.0	0.8006535305876685	10.482781245527002	-349.16413989452076	0.23646772662255056	0.2425357085385297	0.261487401859606	0.25950916297931376
12000	-10018.223749006436	-9655.18711985052	-363.0366291559165	-9655.18711985052	16.530318803520473	7.232063952687539	0.009714811036817737	3.9361561049888136	1.0	0.8006535305876685	13.67717590796923	-345.10442187207894	0.23646772662255056	0.2425357085385297	0.261487401859606	0.25950916297931376
13000	-9757.028351949604	-9403.157364119315	-353.870987830288	-9403.157364119315	16.530318803520473	5.303369060305922	0.009335538008382206	3.9361561049888136	1.0	1.2727395609433119	12.241895456281751	-337.8254210754786	0.23646772662255056	0.2425357085385297	0.261487401859606	0.25950916297931376
14000	-9532.535402933827	-9178.713265488552	-353.82213744527417	-9178.713265488552	16.956310901094067	6.083830657349371	0.00938694327520026	3.9361561049888136	1.0	1.2727395609433119	9.900355295942376	-337.0793242960951	0.23646772662255056	0.2425357085385297	0.25848550727114356	0.2625110575677762
15000	-9342.143531033726	-8987.093853488237	-355.0496775454881	-8987.093853488237	16.956310901094067	6.535109193614708	0.009048726308792544	3.9361561049888136	1.0	0.9234891096595462	8.889640976729835	-338.28497166863457	0.23646772662255056	0.2425357085385297	0.25848550727114356	0.2625110575677762
16000	-9132.937843125002	-8776.41450541538	-356.52333770962366	-8776.41450541538	17.49668363339775	8.364468509122547	0.009023941000286157	3.9361561049888136	1.0	0.9234891096595462	10.562206916797617	-337.5375074939005	0.23646772662255056	0.2425357085385297	0.25848550727114356	0.2625110575677762
17000	-9050.993578891193	-8694.773902456916	-356.21967643427615	-8694.773902456916	17.117073029371024	6.964424957774141	0.008660704197131793	3.9361561049888136	1.0	0.9234891096595462	10.485598113155518	-338.84727221735693	0.23646772662255056	0.2425357085385297	0.25848550727114356	0.2625110575677762
18000	-8960.16271049875	-8611.558200957566	-348.6045095411831	-8611.558200957566	16.314279679341738	7.007837524470266	0.008876871344911498	3.9361561049888136	1.0	0.9234891096595462	8.288611129683956	-331.39347429616	0.23646772662255056	0.2425357085385297	0.25848550727114356	0.2625110575677762
19000	-8886.69833680216	-8538.896158118456	-347.8021786837032	-8538.896158118456	16.752828493440497	7.972909410615995	0.009024311451302527	3.9361561049888136	1.0	0.9234891096595462	10.070282396377712	-329.29870883638654	0.23646772662255056	0.2425357085385297	0.25848550727114356	0.2625110575677762
20000	-8745.659435044325	-8394.034525132054	-351.6249099122705	-8394.034525132054	17.417408861468576	6.847773083007561	0.008254575487530147	3.9361561049888136	1.0	1.2295282727482901	8.273548410195401	-334.36345438427213	0.23774834429264768	0.2425357085385297	0.2572048896010464	0.2625110575677762
21000	-8672.943895666109	-8328.657014999613	-344.28688066649624	-8328.657014999613	16.493535597742387	7.527580142036553	0.008536322042616682	3.9361561049888136	1.0	1.2295282727482901	10.05225471754718	-326.03202297072215	0.23774834429264768	0.2425357085385297	0.2572048896010464	0.2625110575677762
22000	-8593.56634507169	-8246.238728199149	-347.3276168725408	-8246.238728199149	17.811463291283644	6.979321415705307	0.007877283377672703	3.9361561049888136	1.0	1.2295282727482901	8.738174068111315	-329.9097778004915	0.23774834429264768	0.2327632377158154	0.2572048896010464	0.2722835283904905
23000	-8494.957745665359	-8144.491186895136	-350.4665587702232	-8144.491186895136	17.159565781526034	6.025568332205215	0.007710662234249593	3.9361561049888136	1.0	1.2967341754679942	11.656209220287002	-333.8008137572309	0.23111057674421961	0.23940100526424346	0.2572048896010464	0.2722835283904905
24000	-8364.55158351214	-8016.375443991997	-348.1761395201434	-8016.375443991997	17.676364764684116	4.247257514060558	0.007096119661627948	3.9361561049888136	1.0	1.2967341754679942	9.260183250131236	-333.9168402251902	0.23111057674421961	0.23940100526424346	0.2572048896010464	0.2722835283904905
25000	-8308.88585922026	-7962.081335611406	-346.8045236088545	-7962.081335611406	19.07698634794882	4.665330268770128	0.006977548055943463	3.9361561049888136	1.0	1.2967341754679942	9.797175114310289	-332.0031695293677	0.23111057674421961	0.2400539898415734	0.2572048896010464	0.2716305438131606
26000	-8113.116711637858	-7771.672774847216	-341.44393679064285	-7771.672774847216	18.598863558853363	3.825677957186039	0.006422030179469542	3.422337674397455	1.0	1.2967341754679942	11.34287050360542	-327.7641858956416	0.22346471411430247	0.2400539898415734	0.2572048896010464	0.2792764064430778
27000	-8097.541957669897	-7763.136077029097	-334.4058806408	-7763.136077029097	19.220424693418124	4.435588245269884	0.006389964870026787	3.422337674397455	1.0	1.2967341754679942	8.422042780916515	-320.2858369135771	0.22346471411430247	0.2400539898415734	0.2572048896010464	0.2792764064430778
28000	-8073.700338478313	-7740.307765506489	-333.39257297182365	-7740.307765506489	18.379487433744753	4.432704316584773	0.00650470174837794	3.422337674397455	1.0	1.2967341754679942	8.862112800044361	-319.2072434883437	0.22346471411430247	0.2400539898415734	0.2572048896010464	0.2792764064430778
29000	-8058.414672244035	-7725.266178835083	-333.148493408951	-7725.266178835083	17.05881341644394	4.075033472104535	0.006614745456108723	3.422337674397455	1.0	1.2967341754679942	8.50418556030726	-319.4209770939717	0.21393964648722522	0.24661274644428632	0.2572048896010464	0.2822427174674421
30000	-8064.555143705193	-7735.537400101004	-329.0177436041881	-7735.537400101004	18.57071476979972	5.086662316633881	0.006661745572049981	3.422337674397455	1.0	1.2967341754679942	8.549464566730881	-314.0666277893726	0.2116739053981084	0.24661274644428632	0.25947063069016324	0.2822427174674421
31000	-8071.900452627824	-7746.102433475093	-325.7980191527313	-7746.102433475093	20.24326114625467	4.143050629442109	0.006717199332875796	3.422337674397455	1.0	1.2967341754679942	7.686709871643258	-312.07325762545054	0.21459747746706606	0.24661274644428632	0.25606332381489316	0.28272645227375454
32000	-8047.597612576201	-7719.033103320624	-328.56450925557675	-7719.033103320624	18.949810656567255	5.742710274174878	0.0064724497805558594	3.422337674397455	1.0	1.9195328535953629	10.059709973358029	-312.09157071247245	0.21459747746706606	0.24661274644428632	0.25606332381489316	0.28272645227375454
33000	-8038.626127099207	-7708.097774723384	-330.5283523758233	-7708.097774723384	20.285164287831314	4.080705366055472	0.00542239772259203	3.422337674397455	1.0	1.9195328535953629	9.506672720587632	-316.2586399460749	0.21459747746706606	0.24661274644428632	0.25606332381489316	0.28272645227375454
34000	-7961.322322835172	-7628.911011634615	-332.41131120055746	-7628.911011634615	21.50812807868733	3.6803887572390104	0.005820936909462621	3.422337674397455	1.0	1.9195328535953629	8.682714386865763	-318.6545343978124	0.21459747746706606	0.24661274644428632	0.25606332381489316	0.28272645227375454
35000	-7933.204859091815	-7598.957124161894	-334.2477349299209	-7598.957124161894	21.629425107398347	3.7908245703635925	0.005757472274759323	3.422337674397455	1.0	2.7984296746434287	9.223777374757313	-319.42553773098047	0.21459747746706606	0.24661274644428632	0.25606332381489316	0.28272645227375454
36000	-7898.756637109746	-7565.880528568262	-332.87610854148403	-7565.880528568262	18.77011212940207	4.826926063103989	0.006760466112731207	3.422337674397455	1.0	3.7199504838806927	9.012257004214897	-315.7412311671248	0.21459747746706606	0.24661274644428632	0.25606332381489316	0.28272645227375454
37000	-7877.724105846737	-7540.701837096981	-337.022268749756	-7540.701837096981	18.997854468025746	4.391648568702497	0.006407355239464978	3.422337674397455	1.0	3.7199504838806927	8.674547209654804	-320.499646056562	0.21459747746706606	0.24661274644428632	0.25606332381489316	0.28272645227375454
38000	-7872.106228506472	-7533.390903793428	-338.71532471304334	-7533.390903793428	18.27146625962636	6.7017857870789275	0.006885070084786547	3.191475956346571	1.0	3.7199504838806927	8.393571235554662	-319.54163701963796	0.21459747746706606	0.24661274644428632	0.25606332381489316	0.28272645227375454
39000	-7839.582943488891	-7507.800056735574	-331.78288675331675	-7507.800056735574	19.13458560360722	4.198746406537106	0.006518287968101213	3.191475956346571	1.0	3.7199504838806927	8.865233004525898	-315.5332331354626	0.21459747746706606	0.24680665738359514	0.25606332381489316	0.2825325413344457
40000	-7789.095551121914	-7461.087177689676	-328.00837343223816	-7461.087177689676	20.088886708045806	4.054146407361605	0.006158880532527819	3.4943426969745266	1.0	4.172290863572673	8.567765009156782	-311.47083968690737	0.21459747746706606	0.24680665738359514	0.25606332381489316	0.2825325413344457
41000	-7706.52736748787	-7379.213556592886	-327.3138108949841	-7379.213556592886	20.925581409247574	3.2765652000562824	0.0064477247888513126	3.155906246664725	1.0	4.172290863572673	8.157251191379897	-311.8636386968342	0.21958268900389782	0.24680665738359514	0.2510781122780614	0.2825325413344457
42000	-7716.152388213404	-7390.060739803612	-326.0916484097925	-7390.060739803612	21.41935488973688	4.74501882184128	0.006271949094906298	3.155906246664725	1.0	4.172290863572673	7.9786108158445375	-308.8895735078989	0.21958268900389782	0.24680665738359514	0.2510781122780614	0.2825325413344457
43000	-7693.81361381107	-7370.388483299782	-323.42513051128884	-7370.388483299782	18.349449872767366	4.175664379527232	0.006749065314179751	3.155906246664725	1.0	4.172290863572673	7.434128433113728	-306.9047053563585	0.21958268900389782	0.24680665738359514	0.2510781122780614	0.2825325413344457
44000	-7691.039843954286	-7365.38930756233	-325.6505363919559	-7365.38930756233	18.349449872767366	4.078005797777246	0.0067440607380710275	3.155906246664725	1.0	4.172290863572673	8.299393004422928	-309.13971072497014	0.21958268900389782	0.24680665738359514	0.2510781122780614	0.2825325413344457
45000	-7677.241414947932	-7352.532920447309	-324.7084945006228	-7352.532920447309	18.896419227533734	3.8207110324001476	0.006473612326150782	3.155906246664725	1.0	3.804292607379527	7.356116996339275	-309.0432601863126	0.20679778011033664	0.24680665738359514	0.2510781122780614	0.2953174502280069
46000	-7687.0164449257645	-7361.887259281404	-325.12918564436006	-7361.887259281404	18.42559811388507	4.171429058804724	0.006707888280467264	3.155906246664725	1.0	3.804292607379527	8.19896693319902	-308.8901109852432	0.20679778011033664	0.24680665738359514	0.2510781122780614	0.2953174502280069
47000	-7683.99170769151	-7356.179503027466	-327.81220466404346	-7356.179503027466	21.809691123281734	4.666165162635974	0.0066270371797045825	3.1870634161402784	1.0	3.804292607379527	8.862409062847199	-310.90106531889637	0.20679778011033664	0.24680665738359514	0.2510781122780614	0.2953174502280069
48000	-7666.683347954283	-7339.015405877053	-327.6679420772301	-7339.015405877053	21.29051369091358	5.010271225332025	0.0066270371797045825	3.1870634161402784	1.0	3.804292607379527	7.826602094052223	-310.47294961201595	0.20679778011033664	0.24680665738359514	0.2450888568394169	0.3013067056666514
49000	-7657.892014089988	-7329.111508787573	-328.7805053024149	-7329.111508787573	21.400413135952082	4.873167931607911	0.006235817114176279	3.1870634161402784	1.0	3.804292607379527	8.655916538800167	-311.7078079289072	0.20270250768137507	0.2509019298125567	0.2450888568394169	0.3013067056666514
50000	-7646.847833449638	-7313.754283684571	-333.0935497650661	-7313.754283684571	20.88344524594379	5.390380453069117	0.006235817114176279	3.1870634161402784	1.0	3.804292607379527	9.053869461140199	-315.3679061508004	0.20262384168134062	0.25098059581259113	0.23780722250642142	0.30858833999964685
51000	-7648.4790943120615	-7310.3443792691005	-338.134715042961	-7310.3443792691005	21.95273458302531	5.329130388492566	0.006022547728367975	3.1870634161402784	1.0	4.9441648202461	10.182222504813792	-319.25812182653834	0.20262384168134062	0.25098059581259113	0.23780722250642142	0.30858833999964685
52000	-7652.1020731072895	-7321.968789784527	-330.13328332276234	-7321.968789784527	20.62015640476567	4.299543429379825	0.005882385824575388	3.1870634161402784	1.0	4.9441648202461	9.091391832755843	-312.616374040225	0.20262384168134062	0.25098059581259113	0.23780722250642142	0.30858833999964685
53000	-7614.110123586399	-7283.548217828904	-330.5619057574949	-7283.548217828904	20.5759833733755	3.7513770764837617	0.0061434135578460995	3.1870634161402784	1.0	4.9441648202461	9.412783320625742	-313.63770736167834	0.20262384168134062	0.25098059581259113	0.21458658664351735	0.3318089758625509
54000	-7620.013829627614	-7293.99827894443	-326.0155506831837	-7293.99827894443	19.058853024759877	4.474014634078993	0.006338301820614214	3.1870634161402784	1.0	4.9441648202461	8.781482509439703	-308.2483222760957	0.20262384168134062	0.25098059581259113	0.21458658664351735	0.3318089758625509
55000	-7508.475078034056	-7180.563060627163	-327.9120174068932	-7180.563060627163	18.4816629481694	4.492695779572619	0.005881246321941651	3.1870634161402784	1.0	4.9441648202461	7.545929232050153	-310.34891977614825	0.20262384168134062	0.25098059581259113	0.21458658664351735	0.3318089758625509
56000	-7479.002091561657	-7139.251279777007	-339.7508117846499	-7139.251279777007	18.117248178639453	4.308147240179968	0.005664574964320414	3.1870634161402784	1.0	4.9441648202461	6.8722020074870045	-322.5411026622607	0.18112723702624314	0.25098059581259113	0.21325739724732692	0.3546347699138388
57000	-7455.646202587168	-7116.587108249738	-339.05909433743005	-7116.587108249738	18.692364834430286	4.770773260142766	0.005333189744165103	3.237496932956534	1.0	4.9441648202461	10.109547965963007	-320.9518972436394	0.18112723702624314	0.25098059581259113	0.21325739724732692	0.3546347699138388
58000	-7430.620011261938	-7094.4074602364	-336.2125510255385	-7094.4074602364	20.325547859704738	4.175724100419447	0.005373473526812934	3.237496932956534	1.0	4.9441648202461	9.776606175490999	-318.84626187614236	0.18112723702624314	0.25098059581259113	0.21325739724732692	0.3546347699138388
59000	-7403.0758509945945	-7069.724017512915	-333.3518334816788	-7069.724017512915	21.846995799555348	4.144124404785953	0.005170814929063694	3.31371542633391	1.0	5.223168202810905	8.090367519025618	-315.9467041402308	0.18112723702624314	0.25098059581259113	0.21325739724732692	0.3546347699138388
60000	-7372.020533278562	-7040.764920167399	-331.2556131111626	-7040.764920167399	20.79926746110075	4.951264247512757	0.005686015270554783	3.31371542633391	1.0	5.4126224640690275	9.430691186529955	-312.4454184541519	0.18112723702624314	0.25098059581259113	0.21325739724732692	0.3546347699138388
61000	-7368.859528836966	-7041.103105945143	-327.756422891823	-7041.103105945143	18.685132026666256	3.776800316374695	0.005671954082223979	3.31371542633391	1.0	5.4126224640690275	8.211503069185643	-310.5052924543951	0.18112723702624314	0.25255209615623697	0.21325739724732692	0.35306326957019296
62000	-7355.351003073237	-7025.996801228894	-329.35420184434275	-7025.996801228894	19.05814321981157	4.142313112232118	0.005441679828055997	3.31371542633391	1.0	5.4126224640690275	8.380145842142591	-311.6755587485494	0.1766889268681362	0.25699040631434394	0.21325739724732692	0.35306326957019296
63000	-7352.766474470419	-7026.690124464314	-326.07635000610503	-7026.690124464314	20.38414271934707	4.570887139428369	0.005704153625172345	3.31371542633391	1.0	5.4126224640690275	8.113911543066994	-307.8656767293239	0.1766889268681362	0.25699040631434394	0.20389395932096377	0.36242670749655614
64000	-7348.125596524286	-7023.903646175481	-324.2219503488046	-7023.903646175481	20.185166870414882	3.1157869710089727	0.005529051217695053	3.31371542633391	1.0	5.4126224640690275	9.408139097761879	-307.6944827167248	0.1766889268681362	0.25699040631434394	0.20389395932096377	0.36242670749655614
65000	-7342.887741282142	-7015.823988423118	-327.0637528590246	-7015.823988423118	20.87773638420437	4.258853219750255	0.005996461687010872	3.31371542633391	1.0	5.4126224640690275	7.748044555753685	-309.2248723181825	0.1886445362083848	0.25699040631434394	0.19193834998071516	0.36242670749655614
66000	-7360.606963913078	-7027.919506586514	-332.68745732656436	-7027.919506586514	22.25183803869087	5.055795152603216	0.005272194835229292	3.31371542633391	1.0	5.574771411135772	10.835929986087148	-313.5284807228613	0.1886445362083848	0.25699040631434394	0.19193834998071516	0.36242670749655614
67000	-7340.874745453583	-7021.191954455198	-319.68279099838486	-7021.191954455198	20.78919426032028	3.910488127842767	0.005625842887784025	3.31371542633391	1.0	5.574771411135772	8.199480456402002	-302.11415067067725	0.1886445362083848	0.25699040631434394	0.19193834998071516	0.36242670749655614
68000	-7340.0020560653375	-7018.3348339347995	-321.6672221305383	-7018.3348339347995	19.443326807802684	4.962524775648082	0.005679766960176925	3.31371542633391	1.0	5.574771411135772	7.359229256620004	-302.9306879061403	0.1886445362083848	0.25699040631434394	0.19193834998071516	0.36242670749655614
69000	-7342.275408298286	-7018.235890723387	-324.03951757489904	-7018.235890723387	19.33687486920457	3.932680456711645	0.005288021096864001	3.31371542633391	1.0	5.574771411135772	9.027101878886373	-306.4093860864172	0.1886445362083848	0.25699040631434394	0.19193834998071516	0.36242670749655614
70000	-7339.251502780578	-7016.408887893948	-322.84261488663003	-7016.408887893948	19.790232858548098	3.662571276195988	0.005184173097522506	3.31371542633391	1.0	5.574771411135772	6.691640320301286	-305.8658435665411	0.1886445362083848	0.26353046921740225	0.18539828707765685	0.36242670749655614
71000	-7341.989229288499	-7026.152246445946	-315.83698284255286	-7026.152246445946	18.7608159377789	3.775957513829329	0.005970835466283743	3.31371542633391	1.0	5.574771411135772	6.982156258744853	-298.5355300326164	0.1770807283614818	0.26353046921740225	0.19696209492455985	0.36242670749655614
72000	-7330.6114300036725	-7013.6055130864415	-317.005916917231	-7013.6055130864415	19.164298603557633	4.066722994640141	0.0060639525698898055	3.31371542633391	1.0	5.574771411135772	7.30694331291007	-299.2859755072169	0.1770807283614818	0.26353046921740225	0.19696209492455985	0.36242670749655614
73000	-7325.1657180615675	-7011.046014514902	-314.11970354666596	-7011.046014514902	18.91283906006832	4.79941514723977	0.005894526900095456	3.31371542633391	1.0	5.574771411135772	7.437445170871608	-295.52864201151766	0.1770807283614818	0.26353046921740225	0.19696209492455985	0.36242670749655614
74000	-7313.838059547986	-6997.155267069134	-316.68279247885107	-6997.155267069134	18.989093416956674	4.4627570159833505	0.006114433828629727	3.31371542633391	1.0	5.574771411135772	5.936855674662046	-298.68252675315136	0.1770807283614818	0.25047974806026724	0.19696209492455985	0.37547742865369116
75000	-7323.14592598491	-7012.591889820866	-310.5540361640443	-7012.591889820866	19.20705517355484	4.396900494979125	0.006377455523678798	3.31371542633391	1.0	5.574771411135772	7.6574869361847675	-292.33633348734236	0.1770807283614818	0.25047974806026724	0.19696209492455985	0.37547742865369116
76000	-7314.4669701428775	-7008.438261066988	-306.02870907588965	-7008.438261066988	19.928822507114834	4.520099819223719	0.00605619492131967	3.0079988011503467	1.0	5.574771411135772	7.0061954394358485	-287.9096427050084	0.1770807283614818	0.25047974806026724	0.19696209492455985	0.37547742865369116
77000	-7323.959272952437	-7016.455381577901	-307.5038913745355	-7016.455381577901	23.535496177813158	4.376921715590275	0.006028131507475071	3.0079988011503467	1.0	5.574771411135772	6.839380142572015	-289.58571983280666	0.1770807283614818	0.25047974806026724	0.19696209492455985	0.37547742865369116
78000	-7312.901669322479	-7005.69581208863	-307.20585723384903	-7005.69581208863	21.835087521300878	4.857840698584592	0.006366313420648003	2.7221473901069384	1.0	4.272195950731744	7.310124623326766	-289.99744212581936	0.1770807283614818	0.25047974806026724	0.19696209492455985	0.37547742865369116
79000	-7321.4895085278795	-7014.227097465712	-307.26241106216696	-7014.227097465712	23.05503475710829	3.46222513140037	0.0058176035653917345	3.150789909188401	1.0	4.272195950731744	6.176016894610781	-291.8600348281968	0.16249678440387624	0.25047974806026724	0.19696209492455985	0.3900613726112967
80000	-7289.433976541183	-6988.266292433309	-301.16768410787415	-6988.266292433309	22.534108299102552	3.0054662744293132	0.0063809829460987795	3.150789909188401	1.0	4.272195950731744	6.585327282834774	-286.19269218493196	0.13408177568637913	0.2788947567777644	0.19696209492455985	0.3900613726112967
81000	-7299.205591918214	-6999.707533823767	-299.49805809444666	-6999.707533823767	19.818665369869837	3.7552549609373167	0.0062525896118274735	3.150789909188401	1.0	4.272195950731744	5.778438487739971	-283.72389011563814	0.13408177568637913	0.2788947567777644	0.19696209492455985	0.3900613726112967
82000	-7291.984711880012	-6991.175939382935	-300.80877249707675	-6991.175939382935	20.36818222637512	3.479941413341209	0.006339329475877067	2.471669300046961	1.0	9.000659568333909	4.974865121234386	-281.0327626280249	0.13408177568637913	0.2788947567777644	0.19696209492455985	0.3900613726112967
83000	-7285.418025588035	-6982.55153809826	-302.8664874897752	-6982.55153809826	20.330326448537832	3.6762989091593807	0.006066582182929923	2.471669300046961	1.0	9.000659568333909	6.325035768401834	-282.6486312250241	0.13408177568637913	0.2788947567777644	0.19696209492455985	0.3900613726112967
84000	-7289.717766696494	-6983.098903089872	-306.6188636066227	-6983.098903089872	19.153284159111003	4.616659601106924	0.006406969112643176	2.471669300046961	1.0	5.435438729344416	7.37141574222376	-288.6131266122324	0.13408177568637913	0.2788947567777644	0.19696209492455985	0.3900613726112967
85000	-7273.393013410366	-6970.328440951797	-303.06457245856865	-6970.328440951797	20.27660304362146	5.20610866810157	0.006280354541965155	2.471669300046961	1.0	5.435438729344416	6.070760693180349	-284.5753538253432	0.13408177568637913	0.2788947567777644	0.19696209492455985	0.3900613726112967
86000	-7269.237353043565	-6972.684127678391	-296.5532253651745	-6972.684127678391	18.885967156389317	4.532673255725448	0.006526928261426699	2.471669300046961	1.0	5.435438729344416	5.545716230331317	-278.9140049773323	0.13408177568637913	0.2788947567777644	0.19696209492455985	0.3900613726112967
87000	-7270.025487801039	-6973.722549783559	-296.30293801748036	-6973.722549783559	17.596960520682607	4.261420445223727	0.0067296481532275205	2.471669300046961	1.0	5.435438729344416	5.5667009007355	-278.9560958288028	0.13408177568637913	0.2788947567777644	0.19696209492455985	0.3900613726112967
88000	-7272.89681744521	-6975.509358659788	-297.3874587854229	-6975.509358659788	17.937383435596402	4.665544205858385	0.006406877739428764	2.471669300046961	1.0	5.435438729344416	6.095178742542905	-279.5134833983567	0.13408177568637913	0.2788947567777644	0.19696209492455985	0.3900613726112967
89000	-7245.422438546132	-6949.217267963159	-296.20517058297304	-6949.217267963159	17.158770937507875	4.043559529033508	0.006533125985068537	2.471669300046961	1.0	5.435438729344416	6.651389895272877	-278.9750811590822	0.10778486475586244	0.30519166770828104	0.18843392720241328	0.39858954033344324
90000	-7251.859125381457	-6954.293818801856	-297.56530657960053	-6954.293818801856	17.122274901895118	4.724695900522781	0.006924880868802569	2.471669300046961	1.0	5.435438729344416	5.063888375682023	-279.72832605361947	0.10778486475586244	0.30519166770828104	0.18843392720241328	0.39858954033344324
91000	-7256.304664195813	-6957.539031172605	-298.7656330232078	-6957.539031172605	16.91077230481786	4.986731233300101	0.006400221971489064	2.471669300046961	1.0	3.214233340066284	5.659603079018676	-282.8069426381008	0.10778486475586244	0.30519166770828104	0.18843392720241328	0.39858954033344324
92000	-7243.656526366857	-6948.628980026266	-295.0275463405911	-6948.628980026266	15.11345451769024	4.731029186627137	0.007400251831715145	2.471669300046961	1.0	3.214233340066284	5.119432909854306	-279.32678668941395	0.07968643072834519	0.30519166770828104	0.16353347152812805	0.45158843003524574
93000	-7246.1594313176965	-6954.180796661514	-291.9786346561819	-6954.180796661514	18.006735478610928	4.0824992110864065	0.006798138964816027	2.471669300046961	1.0	3.0820888956458043	6.705264223707988	-277.0064331721237	0.07968643072834519	0.30519166770828104	0.16353347152812805	0.45158843003524574
94000	-7264.547648794456	-6964.644948531006	-299.9027002634506	-6964.644948531006	17.85882755152068	4.0287975003151635	0.006873396924950526	2.471669300046961	1.0	5.724781233764995	7.458607431719727	-282.2359198579667	0.07968643072834519	0.30519166770828104	0.16353347152812805	0.45158843003524574
95000	-7247.037618173515	-6952.766137440898	-294.27148073261634	-6952.766137440898	17.091353618562653	3.5896602476481143	0.007345821504676402	2.5494094146309925	1.0	7.787008970844296	5.905947224336038	-275.2228848976498	0.07968643072834519	0.30519166770828104	0.16353347152812805	0.45158843003524574
96000	-7245.9214267534135	-6952.271363408544	-293.6500633448695	-6952.271363408544	16.95670281628312	3.9431492828035672	0.007144460002931371	2.0470868805984894	1.0	7.787008970844296	4.743115983677882	-274.6055972144048	0.07968643072834519	0.30519166770828104	0.16353347152812805	0.45158843003524574
97000	-7233.616369091111	-6944.056017542182	-289.5603515489288	-6944.056017542182	17.33463671604312	3.5157829485853447	0.007367844260049208	2.0470868805984894	1.0	5.982898071712409	4.786568410357228	-272.8106315520813	0.07968643072834519	0.30519166770828104	0.16353347152812805	0.45158843003524574
98000	-7240.664559197602	-6949.82167820173	-290.84288099587195	-6949.82167820173	17.07490441136944	3.9655046295102214	0.007310096331416733	2.0470868805984894	1.0	4.922621612166055	5.2741190979426875	-274.50627118429674	0.07968643072834519	0.2949158053155805	0.16353347152812805	0.4618642924279463
99000	-7249.333455297714	-6956.676108820822	-292.65734647689175	-6956.676108820822	18.1493524005155	3.0790312221300167	0.007037952800761804	2.0470868805984894	1.0	4.922621612166055	4.953858605552177	-277.53559281825574	0.07968643072834519	0.2980430687597064	0.16353347152812805	0.4587370289838204
100000	-7242.40502934159	-6946.290949126622	-296.11408021496817	-6946.290949126622	17.64798796841085	4.027486475040185	0.007146490421287478	2.0470868805984894	1.0	4.922621612166055	6.930963489405646	-279.45102846475913	0.07968643072834519	0.2980430687597064	0.16353347152812805	0.4587370289838204
