#
#model:
#
#<?xml version="1.0" encoding="UTF-8" standalone="no"?><input id="posterior" spec="beast.core.util.CompoundDistribution">
#    <distribution id="prior" spec="beast.core.util.CompoundDistribution">
#        <distribution id="CoalescentConstant.t:1" spec="beast.evolution.tree.coalescent.Coalescent">
#            <populationModel id="ConstantPopulation.t:1" spec="beast.evolution.tree.coalescent.ConstantPopulation">
#                <parameter id="popSize.t:1" name="popSize" spec="beast.core.parameter.RealParameter">0.3</parameter>
#            </populationModel>
#            <treeIntervals id="TreeIntervals.t:1" spec="beast.evolution.tree.coalescent.TreeIntervals">
#                <tree id="Tree.t:1" spec="beast.evolution.tree.Tree">
#                    <trait id="dateTrait.t:1" spec="beast.evolution.tree.TraitSet" traitname="date" value="2_2000.1=2000.1,17_2001.6=2001.6,18_2001.7=2001.7,21_2002=2002,24_2002.3=2002.3,26_2002.5=2002.5,5_2000.4=2000.4,7_2000.6=2000.6,4_2000.3=2000.3,13_2001.2=2001.2,15_2001.4=2001.4,16_2001.5=2001.5,1_2000=2000,8_2000.7=2000.7,3_2000.2=2000.2,12_2001.1=2001.1,22_2002.1=2002.1,32_2003.1=2003.1,28_2002.7=2002.7,43_2004.2=2004.2,46_2004.5=2004.5,55_2005.4=2005.4,63_2006.2=2006.2,65_2006.4=2006.4,66_2006.5=2006.5,67_2006.6=2006.6,23_2002.2=2002.2,10_2000.9=2000.9,14_2001.3=2001.3,33_2003.2=2003.2,39_2003.8=2003.8,34_2003.3=2003.3,44_2004.3=2004.3,48_2004.7=2004.7,53_2005.2=2005.2,52_2005.1=2005.1,58_2005.7=2005.7,9_2000.8=2000.8,6_2000.5=2000.5,11_2001=2001,25_2002.4=2002.4,20_2001.9=2001.9,47_2004.6=2004.6,36_2003.5=2003.5,45_2004.4=2004.4,50_2004.9=2004.9,42_2004.1=2004.1,51_2005=2005,35_2003.4=2003.4,37_2003.6=2003.6,57_2005.6=2005.6,59_2005.8=2005.8,61_2006=2006,62_2006.1=2006.1,41_2004=2004,40_2003.9=2003.9,49_2004.8=2004.8,74_2007.3=2007.3,77_2007.6=2007.6,68_2006.7=2006.7,70_2006.9=2006.9,81_2008=2008,19_2001.8=2001.8,27_2002.6=2002.6,29_2002.8=2002.8,30_2002.9=2002.9,31_2003=2003,38_2003.7=2003.7,56_2005.5=2005.5,69_2006.8=2006.8,82_2008.1=2008.1,80_2007.9=2007.9,83_2008.2=2008.2,87_2008.6=2008.6,71_2007=2007,75_2007.4=2007.4,72_2007.1=2007.1,91_2009=2009,88_2008.7=2008.7,94_2009.3=2009.3,98_2009.7=2009.7,79_2007.8=2007.8,84_2008.3=2008.3,78_2007.7=2007.7,76_2007.5=2007.5,89_2008.8=2008.8,93_2009.2=2009.2,96_2009.5=2009.5,97_2009.6=2009.6,95_2009.4=2009.4,100_2009.9=2009.9,54_2005.3=2005.3,60_2005.9=2005.9,64_2006.3=2006.3,73_2007.2=2007.2,86_2008.5=2008.5,85_2008.4=2008.4,90_2008.9=2008.9,99_2009.8=2009.8,92_2009.1=2009.1,101_2010=2010">
#                        <taxa id="TaxonSet.1" spec="beast.evolution.alignment.TaxonSet">
#                        </taxa>
#                    </trait>
#                    <taxonset idref="TaxonSet.1"/>
#                </tree>
#            </treeIntervals>
#        </distribution>
#        <prior id="rateOmega.prior" name="distribution">
#            <parameter id="rateOmega" lower="0.1" name="x" spec="beast.core.parameter.RealParameter" upper="10.0">0.5</parameter>
#            <Gamma id="Gamma.0" name="distr">
#                <parameter estimate="false" id="rateOmega.alpha" name="alpha" spec="beast.core.parameter.RealParameter">0.1</parameter>
#                <parameter estimate="false" id="rateOmega.beta" name="beta" spec="beast.core.parameter.RealParameter">1.0</parameter>
#            </Gamma>
#        </prior>
#        <prior id="rateMean.prior" name="distribution">
#            <parameter id="rateMean" lower="1.0E-4" name="x" spec="beast.core.parameter.RealParameter" upper="10.0">0.005</parameter>
#            <Gamma id="Gamma.1" name="distr">
#                <parameter estimate="false" id="rateMean.alpha" name="alpha" spec="beast.core.parameter.RealParameter">0.005</parameter>
#                <parameter estimate="false" id="rateMean.beta" name="beta" spec="beast.core.parameter.RealParameter">1.0</parameter>
#            </Gamma>
#        </prior>
#        <prior id="FrequenciesPrior.s:1" name="distribution">
#            <parameter dimension="4" id="freqParameter.s:1" lower="0.0" name="x" spec="beast.core.parameter.RealParameter" upper="1.0">0.25</parameter>
#            <Uniform id="Uniform.3" name="distr"/>
#        </prior>
#        <prior id="GammaShapePrior.s:1" name="distribution">
#            <parameter id="gammaShape.s:1" name="x" spec="beast.core.parameter.RealParameter">1.0</parameter>
#            <Exponential id="Exponential.0" name="distr">
#                <parameter estimate="false" id="RealParameter.0" name="mean" spec="beast.core.parameter.RealParameter">1.0</parameter>
#            </Exponential>
#        </prior>
#        <prior id="KappaPrior.s:1" name="distribution">
#            <parameter id="kappa.s:1" lower="0.0" name="x" spec="beast.core.parameter.RealParameter">2.0</parameter>
#            <LogNormal id="LogNormalDistributionModel.0" name="distr">
#                <parameter estimate="false" id="RealParameter.1" name="M" spec="beast.core.parameter.RealParameter">1.0</parameter>
#                <parameter estimate="false" id="RealParameter.2" name="S" spec="beast.core.parameter.RealParameter">1.25</parameter>
#            </LogNormal>
#        </prior>
#        <prior id="PopSizePrior.t:1" name="distribution" x="@popSize.t:1">
#            <OneOnX id="OneOnX.1" name="distr"/>
#        </prior>
#    </distribution>
#    <distribution id="likelihood" spec="beast.core.util.CompoundDistribution" useThreads="true">
#        <distribution data="@1" id="treeLikelihood.1" spec="beast.evolution.likelihood.ThreadedTreeLikelihood" tree="@Tree.t:1">
#            <siteModel gammaCategoryCount="4" id="SiteModel.s:1" shape="@gammaShape.s:1" spec="beast.evolution.sitemodel.SiteModel">
#                <parameter id="mutationRate.s:1" name="mutationRate" spec="beast.core.parameter.RealParameter">1.0</parameter>
#                <parameter estimate="false" id="proportionInvariant.s:1" lower="0.0" name="proportionInvariant" spec="beast.core.parameter.RealParameter" upper="1.0">0.0</parameter>
#                <substModel id="hky.s:1" kappa="@kappa.s:1" spec="beast.evolution.substitutionmodel.HKY">
#                    <frequencies frequencies="@freqParameter.s:1" id="estimatedFreqs.s:1" spec="beast.evolution.substitutionmodel.Frequencies"/>
#                </substModel>
#            </siteModel>
#            <branchRateModel id="branchRates" numSites="1000" numberOfDiscreteRates="12" rateMean="@rateMean" rateOmega="@rateOmega" spec="beast.evolution.branchratemodel.ARClockModel" tree="@Tree.t:1">
#                <rateCategories dimension="200" id="rateCategories" spec="beast.core.parameter.IntegerParameter">1</rateCategories>
#            </branchRateModel>
#        </distribution>
#    </distribution>
#</input>
#
Sample	posterior	likelihood	prior	treeLikelihood	TreeHeight	rateOmega	rateMean	kappa	mutationRate	gammaShape	popSize	CoalescentConstant	freqParameter.1	freqParameter.2	freqParameter.3	freqParameter.4
0	-23328.376435533606	-23094.343229363247	-234.03320617036022	-23094.343229363247	10.751582664363609	0.5	0.005	2.0	1.0	1.0	0.3	-230.21431273121476	0.25	0.25	0.25	0.25
1000	-15021.323818672614	-14798.808272353403	-222.5155463192108	-14798.808272353403	11.327032340646635	0.7018213109465528	0.04207917120354038	3.1940361545973053	1.0	1.0	2.0874672739366726	-213.64686848018837	0.25	0.25	0.25	0.25
2000	-13010.240335515604	-12740.739533853919	-269.5008016616844	-12740.739533853919	12.899715115837743	2.2473226683900878	0.027953350716665753	3.1940361545973053	1.0	1.0	5.278228724680341	-257.532645502682	0.24781943583948512	0.25	0.2521805641605149	0.25
3000	-12190.741150454518	-11901.449384456626	-289.2917659978925	-11901.449384456626	12.16521104546976	4.762057741849571	0.021554603455759033	3.1940361545973053	1.0	1.0	6.213434730332684	-274.2349519091496	0.24781943583948512	0.24546909756004567	0.2521805641605149	0.2545309024399543
4000	-11446.127726096722	-11152.128424457755	-293.99930163896784	-11152.128424457755	13.301317692317877	5.093600879480473	0.01807151819308961	3.1940361545973053	1.0	1.0	5.061089994887087	-278.9343558608075	0.24781943583948512	0.24546909756004567	0.2521805641605149	0.2545309024399543
5000	-10813.309985180667	-10512.46764005832	-300.8423451223478	-10512.46764005832	13.301317692317877	7.264423052287374	0.019074759067986207	3.411708130897332	1.0	1.0	6.567794973895178	-282.8975916783386	0.24781943583948512	0.24546909756004567	0.2521805641605149	0.2545309024399543
6000	-10412.029051268133	-10104.438607381124	-307.5904438870087	-10104.438607381124	13.60201022682507	8.428397485247704	0.017025606800154004	4.659602021266197	1.0	1.0	5.449657226817943	-288.26157452661397	0.24781943583948512	0.24546909756004567	0.2521805641605149	0.2545309024399543
7000	-10116.266078914847	-9806.35411575045	-309.91196316439647	-9806.35411575045	13.983722920120671	8.007819200402103	0.01588008075648364	4.659602021266197	1.0	1.0	6.822103465916587	-290.89557653778104	0.24781943583948512	0.2534444357025666	0.24420522601799396	0.2545309024399543
8000	-9788.221787473436	-9465.942026781358	-322.2797606920783	-9465.942026781358	15.071468887912529	7.143148765648662	0.014817769042071606	4.659602021266197	1.0	1.0	7.6336912956454	-304.18843372770607	0.23533239980185539	0.2534444357025666	0.2566922620556237	0.2545309024399543
9000	-9421.79053878726	-9105.319821345998	-316.47071744126066	-9105.319821345998	13.304772350534803	5.297608802283121	0.012472907073582583	4.659602021266197	1.0	1.0	7.295310439471111	-300.71303027407936	0.2349916179457476	0.2534444357025666	0.2569035144591423	0.2546604318925435
10000	-9266.147103619374	-8942.676491929737	-323.4706116896372	-8942.676491929737	12.386502479876201	5.401280264097221	0.011757659145288845	4.302837803963253	1.0	1.0	8.733817965594826	-307.5764129467129	0.2349916179457476	0.2534444357025666	0.2569035144591423	0.2546604318925435
11000	-9139.50183082962	-8824.131760700124	-315.37007012949664	-8824.131760700124	12.69286187909986	5.309274087806787	0.012330314858150537	4.302837803963253	1.0	1.0	6.514330693797471	-299.82864764818817	0.2349916179457476	0.2534444357025666	0.2569035144591423	0.2546604318925435
12000	-8844.872058966512	-8531.126405222876	-313.74565374363635	-8531.126405222876	14.58256745345108	3.3485991798400674	0.00920545008164711	4.302837803963253	1.0	1.0	7.211012454089454	-300.77205167501984	0.2349916179457476	0.2534444357025666	0.2487329379438591	0.2628310084078267
13000	-8699.087310848143	-8383.946618948466	-315.1406918996764	-8383.946618948466	16.939636667546566	2.967534164654719	0.00943111952718305	4.302837803963253	1.0	1.0	7.683916167706978	-302.56904087042057	0.2349916179457476	0.2534444357025666	0.2487329379438591	0.2628310084078267
14000	-8370.037633188711	-8049.008396800393	-321.02923638831857	-8049.008396800393	16.90248100046878	2.2780219374440893	0.008123329151348141	4.302837803963253	1.0	1.0	8.019253671547567	-309.49219920257514	0.2349916179457476	0.2534444357025666	0.2487329379438591	0.2628310084078267
15000	-8153.485377873394	-7843.592484424683	-309.8928934487113	-7843.592484424683	16.163861560454492	2.2091678935599415	0.008402950808324754	4.302837803963253	1.0	0.9994214178576282	7.233670150051757	-298.5220568510918	0.2349916179457476	0.2534444357025666	0.2487329379438591	0.2628310084078267
16000	-7902.190955887848	-7589.757190804853	-312.4337650829944	-7589.757190804853	16.794546198322575	2.4566548991051156	0.0075194302136017774	4.302837803963253	1.0	1.994658036588128	7.83583205497022	-299.7560987206393	0.2262340462260635	0.2534444357025666	0.2574905096635432	0.2628310084078267
17000	-7740.952051627068	-7426.712676155436	-314.23937547163104	-7426.712676155436	15.399783363434697	3.577535458305952	0.00822466251441261	4.146117351251905	1.0	1.994658036588128	6.731695287110439	-300.21208621379395	0.2262340462260635	0.2534444357025666	0.2574905096635432	0.2628310084078267
18000	-7567.730272830206	-7247.243626985118	-320.48664584508754	-7247.243626985118	16.549607784937823	3.780409408653411	0.007058392206750036	4.146117351251905	1.0	1.994658036588128	9.5702603153006	-306.00832853218935	0.2262340462260635	0.2534444357025666	0.2574905096635432	0.2628310084078267
19000	-7536.219351798772	-7220.152687854385	-316.0666639443874	-7220.152687854385	17.639375610463425	4.2976765477726175	0.006714748065327264	4.146117351251905	1.0	1.994658036588128	6.596996043084327	-301.3777125657782	0.2262340462260635	0.2534444357025666	0.2574905096635432	0.2628310084078267
20000	-7481.610645414043	-7160.741551524517	-320.8690938895262	-7160.741551524517	17.639375610463425	4.701099202030261	0.0063790699276271515	4.410268502051294	1.0	1.994658036588128	8.181989899678829	-305.4523407110611	0.2262340462260635	0.2534444357025666	0.2574905096635432	0.2628310084078267
21000	-7388.044444965866	-7067.056107155441	-320.9883378104255	-7067.056107155441	17.202857931680004	4.101902102731802	0.0067483158197588836	4.006787729394507	1.0	1.994658036588128	7.863243920554601	-306.39958645658976	0.2262340462260635	0.2534444357025666	0.2574905096635432	0.2628310084078267
22000	-7241.475860805714	-6931.338657938944	-310.13720286676914	-6931.338657938944	16.40610419454253	4.7545619139946504	0.0068120741095854835	4.006787729394507	1.0	1.553338975276332	6.352862991743876	-295.4080956145037	0.2262340462260635	0.24640481101104766	0.2574905096635432	0.2698706330993456
23000	-7198.430701288127	-6887.1176699869775	-311.31303130115	-6887.1176699869775	16.46541520216413	3.582925528050952	0.006351823511403655	4.006787729394507	1.0	1.553338975276332	7.036430319933591	-297.9780626226003	0.2262340462260635	0.24640481101104766	0.2574905096635432	0.2698706330993456
24000	-7049.511276553986	-6748.448218150116	-301.06305840387023	-6748.448218150116	15.427637442422885	4.989555144814699	0.006647718622783329	4.006787729394507	1.0	2.6092017891100303	5.9866734988868995	-285.0835119423069	0.2262340462260635	0.24640481101104766	0.2574905096635432	0.2698706330993456
25000	-7031.570043192249	-6728.613507631036	-302.9565355612126	-6728.613507631036	16.532064197879297	5.176739793032295	0.006957098355267621	4.006787729394507	1.0	2.6092017891100303	6.810724788199661	-286.58212528727074	0.2262340462260635	0.2470577955883776	0.2574905096635432	0.2692176485220157
26000	-6987.709834292159	-6683.348196707373	-304.36163758478574	-6683.348196707373	18.563783934563432	5.994174281263052	0.006691828698442451	4.006787729394507	1.0	2.6092017891100303	7.064233905848823	-287.0402416718315	0.2120673500544971	0.2535786291300268	0.2574905096635432	0.27686351115193286
27000	-6893.666659931947	-6592.024182632517	-301.6424772994294	-6592.024182632517	17.976896501594396	5.2571533642159	0.007117726991041292	3.600138236907783	1.0	4.818703111725842	5.398614964038369	-283.30368964313226	0.21376190575603446	0.2535786291300268	0.25579595396200583	0.27686351115193286
28000	-6864.712996344721	-6564.084638428421	-300.62835791629965	-6564.084638428421	17.780547554353898	5.289483372791665	0.007498748303375255	3.600138236907783	1.0	4.818703111725842	5.411244165457803	-282.19711788066763	0.21376190575603446	0.2535786291300268	0.25579595396200583	0.27686351115193286
29000	-6815.582042440015	-6517.936278276959	-297.6457641630565	-6517.936278276959	17.08132486926809	5.209385229613461	0.007083899013512464	4.19580823286063	1.0	4.818703111725842	5.430885597823158	-279.17362487410986	0.21376190575603446	0.2535786291300268	0.25579595396200583	0.27686351115193286
30000	-6800.724738174809	-6513.147119155657	-287.5776190191527	-6513.147119155657	16.77625695240742	4.721497258581293	0.0073560965464419155	4.19580823286063	1.0	4.818703111725842	5.131315906107924	-269.70082143423934	0.2193865361448568	0.2535786291300268	0.2501713235731835	0.27686351115193286
31000	-6806.433261228051	-6525.409205220835	-281.02405600721636	-6525.409205220835	17.295645173805056	4.339920698083875	0.007769311370585605	4.19580823286063	1.0	4.818703111725842	4.99843884157757	-263.57612233298136	0.21195200656295937	0.26101315871192426	0.2501713235731835	0.27686351115193286
32000	-6798.23410801871	-6513.332914782372	-284.9011932363377	-6513.332914782372	18.266987260685713	5.155887732792676	0.007930020175767884	4.19580823286063	1.0	6.1975196371263666	5.228675597038824	-265.0378563235886	0.21195200656295937	0.26101315871192426	0.2501713235731835	0.27686351115193286
33000	-6782.943628201365	-6499.808179043064	-283.135449158301	-6499.808179043064	19.894428626102787	5.37666253612614	0.007591298145668331	4.19580823286063	1.0	5.285131749509947	4.859041051547428	-264.0430799945284	0.21195200656295937	0.26101315871192426	0.2501713235731835	0.27686351115193286
34000	-6774.124520865532	-6496.826816786527	-277.2977040790045	-6496.826816786527	17.892176011676042	4.291189517616952	0.007257342079941767	4.19580823286063	1.0	5.285131749509947	5.6800481393237305	-259.382740771917	0.21195200656295937	0.26101315871192426	0.2501713235731835	0.27686351115193286
35000	-6734.758982126963	-6459.33160417438	-275.42737795258324	-6459.33160417438	18.184933063104413	5.675358439288842	0.0073626378104262565	4.19580823286063	1.0	5.285131749509947	4.803334157438153	-256.0298444805569	0.21195200656295937	0.26101315871192426	0.24581967619336584	0.28121515853175055
36000	-6704.506675202545	-6434.314777759448	-270.191897443097	-6434.314777759448	17.969298294353806	5.691391259821194	0.007284536500547332	4.228233543793735	1.0	7.025521701369122	4.625780504859926	-249.07390071471016	0.20724949227614103	0.26101315871192426	0.25052219048018415	0.28121515853175055
37000	-6706.494753156238	-6435.329526738433	-271.16522641780585	-6435.329526738433	18.543043431932936	4.656797860959061	0.007414828069345107	4.228233543793735	1.0	7.025521701369122	4.852832104805551	-251.1967001060477	0.20373881845148575	0.2653851146784408	0.25052219048018415	0.2803538763898893
38000	-6704.170095899442	-6437.341906818801	-266.8281890806401	-6437.341906818801	17.880361470991033	4.469841007856144	0.007485815820984281	4.228233543793735	1.0	5.239295612103049	4.472677472203747	-248.94174710079065	0.20373881845148575	0.2653851146784408	0.25052219048018415	0.2803538763898893
39000	-6696.796088462453	-6429.941585905593	-266.8545025568604	-6429.941585905593	17.293657308245084	5.2058846999662745	0.00715503093936249	4.228233543793735	1.0	5.239295612103049	5.210955352067673	-247.98734683826507	0.20373881845148575	0.2713889110095077	0.24480279906359143	0.2800694714754151
40000	-6703.966238112337	-6442.608863936744	-261.35737417559363	-6442.608863936744	17.829690047076937	3.5595467010115387	0.006788198707044656	3.913329365968072	1.0	5.239295612103049	4.460382428481864	-244.7843217563609	0.20373881845148575	0.2713889110095077	0.24480279906359143	0.2800694714754151
41000	-6695.0419515570475	-6433.806562557969	-261.235388999078	-6433.806562557969	16.465317099798764	4.260960312088108	0.006906251281006704	3.913329365968072	1.0	5.261464476668464	4.569294489961524	-243.73548136949802	0.20373881845148575	0.2713889110095077	0.24480279906359143	0.2800694714754151
42000	-6699.589219144054	-6431.800875518531	-267.78834362552357	-6431.800875518531	16.558955648838896	4.292411864313303	0.006749641800324401	3.913329365968072	1.0	5.261464476668464	3.544341260562074	-250.52735160788063	0.20373881845148575	0.2713889110095077	0.24480279906359143	0.2800694714754151
43000	-6699.61748570474	-6428.4811004277935	-271.1363852769464	-6428.4811004277935	15.680719247008431	5.524461703856349	0.006887488438974487	3.8224993088641552	1.0	5.261464476668464	3.9046795526078992	-252.3279471053985	0.20373881845148575	0.2713889110095077	0.24480279906359143	0.2800694714754151
44000	-6676.088663620739	-6406.883347076085	-269.20531654465447	-6406.883347076085	15.680719247008431	4.806986871404533	0.006397711383780669	3.8224993088641552	1.0	7.106371753268448	4.291094937746425	-249.37417064964814	0.18855656850394942	0.27385409768675156	0.24480279906359143	0.2927865347457076
45000	-6696.394829906361	-6424.73613670904	-271.65869319732144	-6424.73613670904	15.259100642997026	4.35562060856129	0.0067858142798715325	3.8224993088641552	1.0	7.106371753268448	4.324459663893786	-252.30092371311576	0.18855656850394942	0.27385409768675156	0.24480279906359143	0.2927865347457076
46000	-6676.501794416738	-6404.718078461964	-271.7837159547748	-6404.718078461964	16.39070610560936	4.062823075447961	0.006400558717093883	3.8224993088641552	1.0	7.106371753268448	5.044649396111106	-252.6858752000544	0.18855656850394942	0.27385409768675156	0.24480279906359143	0.2927865347457076
47000	-6660.960654367793	-6397.1435709703255	-263.8170833974674	-6397.1435709703255	14.859023147811076	5.044342984619672	0.00689390595085497	3.8224993088641552	1.0	3.2653739761052085	4.421542374587935	-247.4414350445884	0.18855656850394942	0.27385409768675156	0.24480279906359143	0.2927865347457076
48000	-6658.398969726188	-6395.901712653235	-262.4972570729526	-6395.901712653235	15.193874086250537	5.227918346893714	0.00673357165951568	3.8224993088641552	1.0	3.2653739761052085	4.010990259608026	-246.02688739102908	0.18855656850394942	0.27385409768675156	0.24480279906359143	0.2927865347457076
49000	-6652.16396973011	-6391.814129848237	-260.34983988187264	-6391.814129848237	15.118084035776667	4.662634890504372	0.006661971875353077	3.8224993088641552	1.0	3.898306583952153	4.267435166992738	-243.86354377991375	0.17762590660070338	0.27385409768675156	0.2506699648958746	0.29785003081667044
50000	-6648.620476158444	-6386.57875346255	-262.041722695894	-6386.57875346255	14.84402292741823	4.014063044789993	0.0074845441823267675	3.8224993088641552	1.0	5.433441018281927	4.171483463207204	-244.70973930288736	0.17762590660070338	0.27385409768675156	0.2450712162362571	0.30344877947628796
51000	-6640.68250520295	-6375.2994203214175	-265.38308488153274	-6375.2994203214175	15.196551384707838	4.853690272950971	0.007595884771493661	3.8224993088641552	1.0	5.433441018281927	5.149424437453817	-246.815115211881	0.17762590660070338	0.27385409768675156	0.2450712162362571	0.30344877947628796
52000	-6660.849722047536	-6395.317670542432	-265.5320515051036	-6395.317670542432	15.748422416653826	4.64596777655666	0.007000283598734977	3.8224993088641552	1.0	5.094533179762074	4.522950411929859	-247.7616415126679	0.17762590660070338	0.27385409768675156	0.2450712162362571	0.30344877947628796
53000	-6636.9769747958735	-6368.687651508858	-268.2893232870155	-6368.687651508858	14.630590682946549	4.491032126298548	0.007646515541461361	3.8224993088641552	1.0	5.094533179762074	4.861104847962087	-250.54376902869384	0.17762590660070338	0.27385409768675156	0.22777304275708915	0.3207469529554559
54000	-6634.85204035438	-6366.887823691071	-267.96421666330866	-6366.887823691071	14.630590682946549	4.225332477098843	0.007218908432833731	3.8224993088641552	1.0	5.094533179762074	4.936531849299288	-250.5815370887273	0.17762590660070338	0.27385409768675156	0.22777304275708915	0.3207469529554559
55000	-6639.956462411369	-6370.2435764963275	-269.71288591504145	-6370.2435764963275	13.9989026556051	4.828145086989721	0.007902645634550797	3.8224993088641552	1.0	5.094533179762074	3.786205426750597	-251.78193937946452	0.17762590660070338	0.27385409768675156	0.22777304275708915	0.3207469529554559
56000	-6645.940168882822	-6379.675708450385	-266.2644604324369	-6379.675708450385	15.877232537715752	6.208490787509205	0.008341259585086497	3.8224993088641552	1.0	5.094533179762074	4.267719247164227	-246.55295785082862	0.17762590660070338	0.27385409768675156	0.22777304275708915	0.3207469529554559
57000	-6605.032769374817	-6340.088724085484	-264.9440452893329	-6340.088724085484	15.265011516050237	4.584539717153454	0.00805764106273541	3.8224993088641552	1.0	5.094533179762074	4.707258373279181	-247.0660770332937	0.149026357828972	0.2906164076701751	0.22777304275708915	0.33258419174376375
58000	-6606.491864608665	-6337.324005401594	-269.16785920707133	-6337.324005401594	14.662647153795344	4.893146067679791	0.007900624262608996	3.8224993088641552	1.0	5.094533179762074	5.233815508011031	-250.83635620690868	0.149026357828972	0.2906164076701751	0.22777304275708915	0.33258419174376375
59000	-6603.5623779248535	-6335.2352191269365	-268.32715879791704	-6335.2352191269365	15.979163818756598	3.729825097226012	0.0070878994127433845	3.8224993088641552	1.0	6.413190206503736	4.135030765130427	-250.42911495383996	0.149026357828972	0.2906164076701751	0.22777304275708915	0.33258419174376375
60000	-6629.626245821748	-6353.359979405372	-276.26626641637654	-6353.359979405372	16.790605237545044	3.882807673935565	0.007124552835587461	3.8224993088641552	1.0	6.413190206503736	4.665190352219591	-258.0532598606693	0.149026357828972	0.2906164076701751	0.22777304275708915	0.33258419174376375
61000	-6611.168766823293	-6333.379357379779	-277.78940944351353	-6333.379357379779	17.303851132659357	4.651083009386672	0.007525737802677226	3.8224993088641552	1.0	4.163079182809893	5.252034657598461	-260.7223550739132	0.149026357828972	0.2906164076701751	0.22777304275708915	0.33258419174376375
62000	-6614.798778702667	-6336.985454858101	-277.8133238445666	-6336.985454858101	16.10686485928877	4.511180025977414	0.007336375726088415	3.8224993088641552	1.0	6.146117997654622	4.809039891578485	-259.0442847849855	0.149026357828972	0.2906164076701751	0.22777304275708915	0.33258419174376375
63000	-6621.817038296891	-6336.123151361263	-285.693886935628	-6336.123151361263	18.533920768610315	4.720681425074833	0.007083923341892292	3.8224993088641552	1.0	6.146117997654622	5.312663209798282	-266.6099901439969	0.149026357828972	0.2906164076701751	0.22777304275708915	0.33258419174376375
64000	-6614.867939354302	-6335.451026196861	-279.4169131574409	-6335.451026196861	16.911867331289347	3.8404065834158727	0.006823253487621954	3.8224993088641552	1.0	4.478099702617579	5.1660571256898065	-263.1325951325204	0.149026357828972	0.2906164076701751	0.22777304275708915	0.33258419174376375
65000	-6605.3064631488605	-6330.539175460909	-274.76728768795124	-6330.539175460909	17.098849746622346	4.044061939244358	0.006964187340473775	3.8224993088641552	1.0	4.478099702617579	4.71522690632362	-258.3036395577658	0.149026357828972	0.2906164076701751	0.22777304275708915	0.33258419174376375
66000	-6613.82519071595	-6343.586537922393	-270.23865279355715	-6343.586537922393	15.976113695144075	4.175641765842261	0.00730825701727232	3.8224993088641552	1.0	4.478099702617579	4.866212683663304	-253.5347624889622	0.149026357828972	0.2906164076701751	0.22777304275708915	0.33258419174376375
67000	-6605.471770847054	-6335.853187712256	-269.61858313479854	-6335.853187712256	16.017801405306116	3.866065199239977	0.007364858765850691	3.8224993088641552	1.0	4.478099702617579	4.256998132609569	-253.41961574327874	0.149026357828972	0.2906164076701751	0.22777304275708915	0.33258419174376375
68000	-6611.131030240431	-6341.263930606678	-269.867099633753	-6341.263930606678	17.4425538236009	5.122814987281778	0.00789298020407112	3.8224993088641552	1.0	4.478099702617579	4.949585322837984	-251.93788698095318	0.149026357828972	0.2906164076701751	0.22777304275708915	0.33258419174376375
69000	-6608.815324205688	-6336.8925674423335	-271.92275676335413	-6336.8925674423335	19.29846555289512	4.399270123132053	0.0077932033003363455	3.8224993088641552	1.0	4.478099702617579	5.37648224879757	-254.78415533960518	0.1663771350940934	0.2906164076701751	0.21042226549196774	0.33258419174376375
70000	-6612.390191188418	-6341.326245950417	-271.0639452380008	-6341.326245950417	20.152743260414677	4.727913799276561	0.007621140516795763	3.8224993088641552	1.0	6.916641590631534	4.205108174945197	-251.36143805567238	0.1742339964458901	0.2950874769820828	0.19809433482826333	0.33258419174376375
71000	-6607.044723527873	-6335.056288595	-271.98843493287353	-6335.056288595	19.410391671561484	4.2529993202092795	0.007729350841501766	2.9384578480206986	1.0	6.916641590631534	5.564030866376792	-252.86022400882567	0.1742339964458901	0.2950874769820828	0.19809433482826333	0.33258419174376375
72000	-6600.824415643248	-6330.459948276418	-270.36446736683007	-6330.459948276418	17.55555795241742	4.443581382652131	0.008305422856331426	2.9384578480206986	1.0	6.916641590631534	4.128523279849076	-251.23252439609698	0.18314582884067027	0.2950874769820828	0.18918250243348317	0.33258419174376375
73000	-6595.411374650116	-6322.146757345716	-273.2646173044002	-6322.146757345716	17.25237253059333	3.9524316890049906	0.008207943110438407	2.9384578480206986	1.0	6.916641590631534	4.228960501126564	-254.7170490368626	0.18314582884067027	0.2950874769820828	0.18918250243348317	0.33258419174376375
74000	-6593.412078713776	-6322.486086182316	-270.9259925314599	-6322.486086182316	16.300386157353106	4.277218291145634	0.008170127441574278	2.9384578480206986	1.0	6.916641590631534	4.223360069822155	-251.98852074686206	0.18314582884067027	0.2950874769820828	0.18918250243348317	0.33258419174376375
75000	-6604.236899249241	-6339.629953786943	-264.6069454622982	-6339.629953786943	17.51066924397371	4.333227114463611	0.00864750283556417	2.9384578480206986	1.0	6.916641590631534	3.852886345362771	-245.63658507482262	0.18314582884067027	0.2858510327139718	0.18918250243348317	0.3418206360118748
76000	-6604.3991445777865	-6340.380133614425	-264.019010963361	-6340.380133614425	18.74780798358388	3.390727788810848	0.007493051172961317	2.9384578480206986	1.0	6.916641590631534	4.529921947237109	-246.19374142196727	0.18314582884067027	0.2858510327139718	0.18918250243348317	0.3418206360118748
77000	-6607.52956367638	-6341.160221723107	-266.3693419532739	-6341.160221723107	19.217038116833518	3.3081859406301004	0.006954794075598531	2.9384578480206986	1.0	6.916641590631534	4.713238780679856	-248.6838341953563	0.18314582884067027	0.2858510327139718	0.18918250243348317	0.3418206360118748
78000	-6610.510929113491	-6340.8509781143375	-269.6599509991534	-6340.8509781143375	17.221284353929494	3.9038097075957947	0.0071237308177942845	2.9384578480206986	1.0	6.916641590631534	4.016706787572278	-251.3656854822917	0.18314582884067027	0.2858510327139718	0.18918250243348317	0.3418206360118748
79000	-6565.002548023742	-6296.374229574538	-268.6283184492042	-6296.374229574538	17.221284353929494	4.520757812529465	0.007119451751033002	2.9384578480206986	1.0	6.916641590631534	4.284627416798822	-249.5210816808657	0.15956427708707596	0.28910397139654886	0.18918250243348317	0.36214924908289203
80000	-6562.378057269498	-6292.621085341722	-269.7569719277751	-6292.621085341722	18.793529446504664	4.407522113664568	0.0071167049377119105	2.9384578480206986	1.0	6.916641590631534	4.2184418112926005	-250.80175563144562	0.15956427708707596	0.29171807481249235	0.18918250243348317	0.35953514566694855
81000	-6558.862538275556	-6295.830185724574	-263.032352550982	-6295.830185724574	18.28951989416997	3.48097097751383	0.00727481201156415	2.9384578480206986	1.0	4.318021382544089	4.55704155979317	-247.7154796454517	0.15956427708707596	0.29171807481249235	0.18918250243348317	0.35953514566694855
82000	-6574.032821590839	-6310.0224604401665	-264.0103611506732	-6310.0224604401665	20.404031141675315	3.378367173426285	0.006858910546653573	2.9384578480206986	1.0	4.318021382544089	3.7619244911052308	-249.07375281971798	0.15956427708707596	0.28865207088337114	0.18918250243348317	0.36260114959606976
83000	-6561.715127116564	-6293.8664761303025	-267.8486509862611	-6293.8664761303025	17.610980016260235	3.68898799583097	0.006944042081040629	2.9384578480206986	1.0	7.387062357433521	5.1998660511313455	-249.1171560852907	0.15956427708707596	0.28865207088337114	0.18918250243348317	0.36260114959606976
84000	-6564.053750044903	-6299.249569018341	-264.8041810265609	-6299.249569018341	17.058393721027105	3.9497526523077786	0.0067757341905127595	2.9384578480206986	1.0	7.387062357433521	4.643114787906517	-245.88828012525005	0.15956427708707596	0.28865207088337114	0.18918250243348317	0.36260114959606976
85000	-6552.330513131161	-6290.8558619826445	-261.474651148516	-6290.8558619826445	15.924765147418114	3.5571961277795068	0.007228864611568669	2.9384578480206986	1.0	4.474033482294052	4.883395116834063	-245.84322895836902	0.15956427708707596	0.28865207088337114	0.17106975964493293	0.38071389238462
86000	-6537.885265041797	-6276.2438691481675	-261.6413958936288	-6276.2438691481675	16.43417062101556	3.7372670231730227	0.007023127027468577	2.9384578480206986	1.0	6.526118551468916	3.5231787206619445	-244.08878582656305	0.15956427708707596	0.28865207088337114	0.17106975964493293	0.38071389238462
87000	-6532.624788033221	-6272.114495296242	-260.5102927369793	-6272.114495296242	18.118133064532696	3.298011300621809	0.006518239854186853	2.9384578480206986	1.0	6.526118551468916	4.53990611612901	-243.3306631958526	0.15956427708707596	0.28865207088337114	0.17106975964493293	0.38071389238462
88000	-6539.009307255026	-6275.660982537784	-263.348324717243	-6275.660982537784	17.117644381379193	3.843967762535992	0.007331357708534461	2.7564176153719435	1.0	6.526118551468916	3.850157397683572	-245.59771448409361	0.15956427708707596	0.28865207088337114	0.17106975964493293	0.38071389238462
89000	-6531.866332750854	-6269.3660284603575	-262.5003042904964	-6269.3660284603575	19.19207302556386	4.101880396372899	0.006002789594640899	2.7564176153719435	1.0	6.526118551468916	4.873024668882706	-244.39799958715312	0.1639435078370214	0.28865207088337114	0.16669052889498748	0.38071389238462
90000	-6529.08087683668	-6265.65566805294	-263.42520878373944	-6265.65566805294	17.904440617229035	3.6324729122076103	0.006638477082767668	2.7564176153719435	1.0	6.526118551468916	3.9582421255662834	-246.00881434536032	0.15219794074231535	0.28992376672176867	0.17716440015129598	0.38071389238462
91000	-6533.664112063374	-6277.792782680965	-255.87132938240927	-6277.792782680965	18.619164756438426	3.1929042198208353	0.006140786274005403	2.7564176153719435	1.0	3.5582757465863937	3.823476493646498	-242.09110867583055	0.15219794074231535	0.28992376672176867	0.17716440015129598	0.38071389238462
92000	-6539.473430110221	-6280.1096035216715	-259.3638265885495	-6280.1096035216715	18.548441791796098	3.2440497167211895	0.0062710857694777	2.7564176153719435	1.0	3.5582757465863937	4.79649585236316	-245.27041042624268	0.15219794074231535	0.28992376672176867	0.17716440015129598	0.38071389238462
93000	-6527.285178574161	-6268.923487587155	-258.36169098700617	-6268.923487587155	19.41883528517824	3.5810249130615692	0.006987424806919012	2.4980709867452173	1.0	3.5582757465863937	4.739462498028645	-243.84217078592354	0.1302736270320042	0.28992376672176867	0.17716440015129598	0.4026382060949311
94000	-6534.519098846866	-6272.6156497282855	-261.9034491185807	-6272.6156497282855	19.643449385780492	4.203180227200244	0.006767712852968984	2.4980709867452173	1.0	3.8454857601283905	4.311834700241201	-246.45695952570296	0.1302736270320042	0.28992376672176867	0.17716440015129598	0.4026382060949311
95000	-6531.950152764181	-6265.82416085323	-266.1259919109519	-6265.82416085323	19.643449385780492	3.7987125759187825	0.006959713371552385	2.4980709867452173	1.0	5.357246799810589	4.3269410760100095	-249.63174566225302	0.1302736270320042	0.28992376672176867	0.17716440015129598	0.4026382060949311
96000	-6530.640831995881	-6262.8422657544015	-267.7985662414791	-6262.8422657544015	17.060843323380485	3.9573275168946838	0.0067762802972018464	2.4980709867452173	1.0	6.74165033569969	4.359070532244463	-249.74384731416794	0.1302736270320042	0.28992376672176867	0.17716440015129598	0.4026382060949311
97000	-6531.450132247205	-6261.759946519971	-269.690185727234	-6261.759946519971	17.720033739417683	4.175998283723892	0.007037566558948308	2.4980709867452173	1.0	6.74165033569969	3.625274601148235	-251.5148125449827	0.1302736270320042	0.28992376672176867	0.17716440015129598	0.4026382060949311
98000	-6524.834044955069	-6253.661985848383	-271.1720591066856	-6253.661985848383	17.412693022140484	4.090472062325032	0.006844595832179276	2.4980709867452173	1.0	6.347983164066097	3.770159336340055	-253.48317283728872	0.1302736270320042	0.28992376672176867	0.17716440015129598	0.4026382060949311
99000	-6527.3058562688875	-6255.895396620728	-271.41045964815896	-6255.895396620728	19.58196431545067	4.0635816185991525	0.006685686291156196	2.4980709867452173	1.0	6.347983164066097	4.625643811608958	-253.57343358775697	0.1302736270320042	0.28992376672176867	0.17716440015129598	0.4026382060949311
100000	-6516.6945634642625	-6247.9617252336	-268.73283823066197	-6247.9617252336	20.09502158733413	3.3009616762123946	0.006526350681885598	2.4980709867452173	1.0	6.347983164066097	4.657810247527736	-251.8627277298067	0.12411712242039076	0.2867218217064495	0.17716440015129598	0.4119966557218637
