#
#model:
#
#<?xml version="1.0" encoding="UTF-8" standalone="no"?><input id="posterior" spec="beast.core.util.CompoundDistribution">
#    <distribution id="prior" spec="beast.core.util.CompoundDistribution">
#        <distribution id="CoalescentConstant.t:1" spec="beast.evolution.tree.coalescent.Coalescent">
#            <populationModel id="ConstantPopulation.t:1" spec="beast.evolution.tree.coalescent.ConstantPopulation">
#                <parameter id="popSize.t:1" name="popSize" spec="beast.core.parameter.RealParameter">0.3</parameter>
#            </populationModel>
#            <treeIntervals id="TreeIntervals.t:1" spec="beast.evolution.tree.coalescent.TreeIntervals">
#                <tree id="Tree.t:1" spec="beast.evolution.tree.Tree">
#                    <trait id="dateTrait.t:1" spec="beast.evolution.tree.TraitSet" traitname="date" value="2_2000.1=2000.1,17_2001.6=2001.6,18_2001.7=2001.7,21_2002=2002,24_2002.3=2002.3,26_2002.5=2002.5,5_2000.4=2000.4,7_2000.6=2000.6,4_2000.3=2000.3,13_2001.2=2001.2,15_2001.4=2001.4,16_2001.5=2001.5,1_2000=2000,8_2000.7=2000.7,3_2000.2=2000.2,12_2001.1=2001.1,22_2002.1=2002.1,32_2003.1=2003.1,28_2002.7=2002.7,43_2004.2=2004.2,46_2004.5=2004.5,55_2005.4=2005.4,63_2006.2=2006.2,65_2006.4=2006.4,66_2006.5=2006.5,67_2006.6=2006.6,23_2002.2=2002.2,10_2000.9=2000.9,14_2001.3=2001.3,33_2003.2=2003.2,39_2003.8=2003.8,34_2003.3=2003.3,44_2004.3=2004.3,48_2004.7=2004.7,53_2005.2=2005.2,52_2005.1=2005.1,58_2005.7=2005.7,9_2000.8=2000.8,6_2000.5=2000.5,11_2001=2001,25_2002.4=2002.4,20_2001.9=2001.9,47_2004.6=2004.6,36_2003.5=2003.5,45_2004.4=2004.4,50_2004.9=2004.9,42_2004.1=2004.1,51_2005=2005,35_2003.4=2003.4,37_2003.6=2003.6,57_2005.6=2005.6,59_2005.8=2005.8,61_2006=2006,62_2006.1=2006.1,41_2004=2004,40_2003.9=2003.9,49_2004.8=2004.8,74_2007.3=2007.3,77_2007.6=2007.6,68_2006.7=2006.7,70_2006.9=2006.9,81_2008=2008,19_2001.8=2001.8,27_2002.6=2002.6,29_2002.8=2002.8,30_2002.9=2002.9,31_2003=2003,38_2003.7=2003.7,56_2005.5=2005.5,69_2006.8=2006.8,82_2008.1=2008.1,80_2007.9=2007.9,83_2008.2=2008.2,87_2008.6=2008.6,71_2007=2007,75_2007.4=2007.4,72_2007.1=2007.1,91_2009=2009,88_2008.7=2008.7,94_2009.3=2009.3,98_2009.7=2009.7,79_2007.8=2007.8,84_2008.3=2008.3,78_2007.7=2007.7,76_2007.5=2007.5,89_2008.8=2008.8,93_2009.2=2009.2,96_2009.5=2009.5,97_2009.6=2009.6,95_2009.4=2009.4,100_2009.9=2009.9,54_2005.3=2005.3,60_2005.9=2005.9,64_2006.3=2006.3,73_2007.2=2007.2,86_2008.5=2008.5,85_2008.4=2008.4,90_2008.9=2008.9,99_2009.8=2009.8,92_2009.1=2009.1,101_2010=2010">
#                        <taxa id="TaxonSet.1" spec="beast.evolution.alignment.TaxonSet">
#                        </taxa>
#                    </trait>
#                    <taxonset idref="TaxonSet.1"/>
#                </tree>
#            </treeIntervals>
#        </distribution>
#        <prior id="rateOmega.prior" name="distribution">
#            <parameter id="rateOmega" lower="0.1" name="x" spec="beast.core.parameter.RealParameter" upper="10.0">0.5</parameter>
#            <Gamma id="Gamma.0" name="distr">
#                <parameter estimate="false" id="rateOmega.alpha" name="alpha" spec="beast.core.parameter.RealParameter">0.1</parameter>
#                <parameter estimate="false" id="rateOmega.beta" name="beta" spec="beast.core.parameter.RealParameter">1.0</parameter>
#            </Gamma>
#        </prior>
#        <prior id="rateMean.prior" name="distribution">
#            <parameter id="rateMean" lower="1.0E-4" name="x" spec="beast.core.parameter.RealParameter" upper="10.0">0.005</parameter>
#            <Gamma id="Gamma.1" name="distr">
#                <parameter estimate="false" id="rateMean.alpha" name="alpha" spec="beast.core.parameter.RealParameter">0.005</parameter>
#                <parameter estimate="false" id="rateMean.beta" name="beta" spec="beast.core.parameter.RealParameter">1.0</parameter>
#            </Gamma>
#        </prior>
#        <prior id="FrequenciesPrior.s:1" name="distribution">
#            <parameter dimension="4" id="freqParameter.s:1" lower="0.0" name="x" spec="beast.core.parameter.RealParameter" upper="1.0">0.25</parameter>
#            <Uniform id="Uniform.3" name="distr"/>
#        </prior>
#        <prior id="GammaShapePrior.s:1" name="distribution">
#            <parameter id="gammaShape.s:1" name="x" spec="beast.core.parameter.RealParameter">1.0</parameter>
#            <Exponential id="Exponential.0" name="distr">
#                <parameter estimate="false" id="RealParameter.0" name="mean" spec="beast.core.parameter.RealParameter">1.0</parameter>
#            </Exponential>
#        </prior>
#        <prior id="KappaPrior.s:1" name="distribution">
#            <parameter id="kappa.s:1" lower="0.0" name="x" spec="beast.core.parameter.RealParameter">2.0</parameter>
#            <LogNormal id="LogNormalDistributionModel.0" name="distr">
#                <parameter estimate="false" id="RealParameter.1" name="M" spec="beast.core.parameter.RealParameter">1.0</parameter>
#                <parameter estimate="false" id="RealParameter.2" name="S" spec="beast.core.parameter.RealParameter">1.25</parameter>
#            </LogNormal>
#        </prior>
#        <prior id="PopSizePrior.t:1" name="distribution" x="@popSize.t:1">
#            <OneOnX id="OneOnX.1" name="distr"/>
#        </prior>
#    </distribution>
#    <distribution id="likelihood" spec="beast.core.util.CompoundDistribution" useThreads="true">
#        <distribution data="@1" id="treeLikelihood.1" spec="beast.evolution.likelihood.ThreadedTreeLikelihood" tree="@Tree.t:1">
#            <siteModel gammaCategoryCount="4" id="SiteModel.s:1" shape="@gammaShape.s:1" spec="beast.evolution.sitemodel.SiteModel">
#                <parameter id="mutationRate.s:1" name="mutationRate" spec="beast.core.parameter.RealParameter">1.0</parameter>
#                <parameter estimate="false" id="proportionInvariant.s:1" lower="0.0" name="proportionInvariant" spec="beast.core.parameter.RealParameter" upper="1.0">0.0</parameter>
#                <substModel id="hky.s:1" kappa="@kappa.s:1" spec="beast.evolution.substitutionmodel.HKY">
#                    <frequencies frequencies="@freqParameter.s:1" id="estimatedFreqs.s:1" spec="beast.evolution.substitutionmodel.Frequencies"/>
#                </substModel>
#            </siteModel>
#            <branchRateModel id="branchRates" numSites="1000" numberOfDiscreteRates="12" rateMean="@rateMean" rateOmega="@rateOmega" spec="beast.evolution.branchratemodel.ARClockModel" tree="@Tree.t:1">
#                <rateCategories dimension="200" id="rateCategories" spec="beast.core.parameter.IntegerParameter">1</rateCategories>
#            </branchRateModel>
#        </distribution>
#    </distribution>
#</input>
#
Sample	posterior	likelihood	prior	treeLikelihood	TreeHeight	rateOmega	rateMean	kappa	mutationRate	gammaShape	popSize	CoalescentConstant	freqParameter.1	freqParameter.2	freqParameter.3	freqParameter.4
0	-19306.54079633025	-19072.50759015989	-234.03320617036022	-19072.50759015989	10.751582664363609	0.5	0.005	2.0	1.0	1.0	0.3	-230.21431273121476	0.25	0.25	0.25	0.25
1000	-13027.843631453967	-12746.576065341489	-281.2675661124778	-12746.576065341489	11.25187181554725	0.30280966888008626	0.02568417943686394	2.0	1.0	1.0	2.339539049984471	-274.3943502618444	0.25	0.25	0.25	0.25
2000	-12054.847849401878	-11790.777669245552	-264.0701801563261	-11790.777669245552	11.25187181554725	3.3273310965388574	0.024260333621174288	2.0	1.0	1.0	4.299961517550964	-251.4648227686443	0.25	0.25	0.25	0.25
3000	-11146.679321708276	-10876.331687736836	-270.34763397144025	-10876.331687736836	11.233088606920223	5.0927279261567975	0.021531533569060818	2.0	1.0	1.0	3.752683626164474	-255.8513921025705	0.25	0.25	0.25	0.25
4000	-10328.464757180853	-10053.883718101635	-274.58103907921736	-10053.883718101635	11.233088606920223	7.265468299076725	0.02150404408278023	3.9655460057309897	1.0	1.0	4.9462024967948555	-256.61741706355343	0.24479804294479682	0.2552019570552032	0.25	0.25
5000	-10006.749662517275	-9718.342079393831	-288.40758312344354	-9718.342079393831	11.305367077697936	7.228368437487402	0.01889536145505321	4.235795994897117	1.0	0.8557518595265975	5.610595336457938	-270.551913685612	0.24479804294479682	0.2552019570552032	0.25	0.25
6000	-9451.908469663449	-9153.656879085378	-298.2515905780703	-9153.656879085378	11.305367077697936	6.879350520000385	0.016522410961522443	4.235795994897117	1.0	0.8557518595265975	5.6910628459713175	-280.9111397819969	0.24479804294479682	0.2552019570552032	0.25	0.25
7000	-9095.903640877072	-8803.849382262963	-292.0542586141093	-8803.849382262963	11.305367077697936	5.983647956126073	0.015202871391727551	4.235795994897117	1.0	0.8557518595265975	6.504315486583125	-275.68562273604334	0.2399784550276931	0.2639325774833028	0.2420246618574791	0.25406430563152504
8000	-8765.419231912589	-8477.376544938033	-288.0426869745558	-8477.376544938033	11.24752857476374	4.679300420105793	0.01341399695932622	4.235795994897117	1.0	0.8557518595265975	5.4956463156493465	-273.49455047607614	0.2317544987233222	0.2639325774833028	0.24178971399590682	0.26252320979746824
9000	-8678.956560609455	-8386.375375582376	-292.58118502707873	-8386.375375582376	11.24752857476374	4.828845618466197	0.01248330742355572	4.235795994897117	1.0	0.8557518595265975	5.90339403831706	-277.8560966680058	0.23154324631980364	0.2639325774833028	0.2420009663994254	0.26252320979746824
10000	-8554.228475820111	-8256.512597361121	-297.7158784589898	-8256.512597361121	12.208909345986417	5.219753601107664	0.01187899303255748	3.9114806486771045	1.0	0.705014480816737	5.099367487884758	-282.97718683623697	0.23154324631980364	0.2639325774833028	0.2420009663994254	0.26252320979746824
11000	-8432.113947534704	-8127.365127846395	-304.74881968830994	-8127.365127846395	12.745594252328704	5.897513123028992	0.011327035752568524	4.472094670694933	1.0	0.705014480816737	6.037778946314335	-288.93059207788986	0.23006805566949157	0.2654077681336149	0.2420009663994254	0.26252320979746824
12000	-8339.157715960611	-8033.725412983082	-305.4323029775304	-8033.725412983082	12.772755999798287	4.4873561250627585	0.010547708066878924	4.472094670694933	1.0	0.705014480816737	6.422785758874054	-291.28006373148673	0.23006805566949157	0.2654077681336149	0.2420009663994254	0.26252320979746824
13000	-8140.097391257651	-7835.314771279213	-304.78261997843754	-7835.314771279213	12.772755999798287	4.142667297429135	0.009767211054333645	4.472094670694933	1.0	0.705014480816737	6.6730741318880415	-291.0860460477749	0.23006805566949157	0.2654077681336149	0.2420009663994254	0.26252320979746824
14000	-7916.878652375274	-7598.734974014649	-318.14367836062536	-7598.734974014649	12.578767777501485	4.560899363496477	0.00902294286519389	3.8573610352793537	1.0	0.705014480816737	7.367044751401426	-304.1109758248855	0.23006805566949157	0.2627625020051934	0.2420009663994254	0.2651684759258897
15000	-7865.305662483529	-7540.213064371158	-325.0925981123712	-7540.213064371158	12.578767777501485	4.133626880120397	0.009375715214941427	3.8573610352793537	1.0	1.3280717370850006	8.060008004208163	-310.8242277368624	0.23006805566949157	0.2627625020051934	0.2420009663994254	0.2651684759258897
16000	-7690.204316268146	-7365.449837724577	-324.75447854356867	-7365.449837724577	13.120940135096964	3.194757045802346	0.007739083419833407	3.8573610352793537	1.0	1.3280717370850006	7.755897197589293	-311.8878358442898	0.23006805566949157	0.2627625020051934	0.2420009663994254	0.2651684759258897
17000	-7587.877350111323	-7255.445367524467	-332.4319825868559	-7255.445367524467	13.120940135096964	2.9448200544550533	0.007416231673484813	3.8573610352793537	1.0	1.3280717370850006	9.134224232510713	-319.7677410774612	0.23006805566949157	0.2627625020051934	0.2420009663994254	0.2651684759258897
18000	-7572.67893495374	-7236.827486291397	-335.8514486623439	-7236.827486291397	12.86953121193012	4.3193008571312905	0.008142708138621502	3.8573610352793537	1.0	1.3227379473706564	9.772098219432344	-321.31210497550416	0.23006805566949157	0.2627625020051934	0.2420009663994254	0.2651684759258897
19000	-7442.976654895224	-7113.941183641808	-329.0354712534165	-7113.941183641808	12.856113662032767	4.7157342452798225	0.008374029795386	3.8573610352793537	1.0	1.3227379473706564	10.214754985421308	-313.94825850425826	0.23006805566949157	0.2627625020051934	0.2420009663994254	0.2651684759258897
20000	-7374.209403639449	-7048.525417071671	-325.6839865677788	-7048.525417071671	12.569890973022062	3.9413927261297577	0.008099796082209043	3.8573610352793537	1.0	1.3227379473706564	7.077536423988629	-311.9328602231682	0.2229308749901072	0.2627625020051934	0.2420009663994254	0.27230565660527406
21000	-7184.791094785774	-6857.196124038694	-327.5949707470797	-6857.196124038694	12.627379910137112	4.102112781300797	0.007174878305841825	3.5485312328239984	1.0	1.3227379473706564	7.659666035553243	-313.78959524972527	0.2229308749901072	0.2627625020051934	0.2420009663994254	0.27230565660527406
22000	-7138.310903607615	-6810.509566937064	-327.8013366705506	-6810.509566937064	12.627379910137112	4.494495699343857	0.007768294793430099	3.5485312328239984	1.0	1.4932173276080656	9.447209170566873	-313.06147073076795	0.22306044464007035	0.2627625020051934	0.24187139674946223	0.27230565660527406
23000	-7099.303219708502	-6769.920551195977	-329.3826685125253	-6769.920551195977	12.627379910137112	5.290246313555728	0.0077103601344323544	3.6471795672003195	1.0	1.4932173276080656	8.740173496263296	-313.75329899837	0.22306044464007035	0.2627625020051934	0.24187139674946223	0.27230565660527406
24000	-7095.088951382499	-6769.318994859205	-325.76995652329373	-6769.318994859205	12.627379910137112	4.983238721005287	0.0077427241560415515	3.6471795672003195	1.0	1.4932173276080656	6.565937465428242	-310.7832355425653	0.22306044464007035	0.2627625020051934	0.24187139674946223	0.27230565660527406
25000	-7064.76268589894	-6735.8343791005655	-328.928306798374	-6735.8343791005655	13.063153067733367	4.442442763220527	0.00686149753442885	3.6471795672003195	1.0	1.4932173276080656	9.47733908569565	-314.339866499849	0.22306044464007035	0.2627625020051934	0.24187139674946223	0.27230565660527406
26000	-7050.505857318683	-6720.142815579361	-330.3630417393226	-6720.142815579361	13.498677185388503	5.630850066558746	0.007431404753236589	3.6471795672003195	1.0	1.4932173276080656	7.966883296711109	-314.4664937952368	0.22306044464007035	0.26341548658252334	0.24187139674946223	0.27165267202794413
27000	-6947.972111108793	-6623.7967969488345	-324.1753141599579	-6623.7967969488345	13.685725060293949	4.909027210662206	0.00669212661529597	3.6471795672003195	1.0	1.4932173276080656	8.427749630480328	-309.17281736904476	0.22475500034160772	0.26341548658252334	0.24017684104792486	0.27165267202794413
28000	-6921.414476492181	-6590.79870416466	-330.61577232752126	-6590.79870416466	13.150399758290765	4.915672413490588	0.006820605979234525	3.6471795672003195	1.0	1.4932173276080656	8.397955160470225	-315.58990438622345	0.22475500034160772	0.26341548658252334	0.24017684104792486	0.27165267202794413
29000	-6918.203559763139	-6585.458459279116	-332.7451004840235	-6585.458459279116	13.290732535404915	5.024946634823636	0.0060614759170275305	4.073040397200361	1.0	1.4932173276080656	9.596114237040053	-317.4398501689459	0.22475500034160772	0.26341548658252334	0.24017684104792486	0.27165267202794413
30000	-6894.915362700476	-6559.530909612033	-335.38445308844365	-6559.530909612033	13.630973036668063	5.390437360008833	0.006375504132199076	4.073040397200361	1.0	1.8026481082062833	6.840539727076416	-319.6290110343017	0.2224892592524909	0.26341548658252334	0.24244258213704167	0.27165267202794413
31000	-6874.953136871348	-6544.098823068444	-330.85431380290385	-6544.098823068444	13.637505544498419	4.9161110098081435	0.006576928523059167	4.073040397200361	1.0	2.5050071908912344	7.611514679849321	-314.81579075858485	0.2224892592524909	0.26341548658252334	0.24244258213704167	0.27165267202794413
32000	-6851.85519342607	-6517.551665225401	-334.30352820066986	-6517.551665225401	12.876584981857825	5.258568380816714	0.00644329071630288	4.073040397200361	1.0	4.699633908385366	9.15197687369103	-315.5035658605729	0.2224892592524909	0.2549928658762203	0.24195884733072925	0.2805590275405596
33000	-6859.328673332366	-6524.956809234482	-334.3718640978845	-6524.956809234482	14.366081636057359	5.935915039002406	0.005679429119158331	4.073040397200361	1.0	4.699633908385366	7.511646662788206	-315.10934575429957	0.2224892592524909	0.2549928658762203	0.24195884733072925	0.2805590275405596
34000	-6796.368749988734	-6465.690404779734	-330.67834520899976	-6465.690404779734	15.418724805086828	4.780087829128055	0.005154941780091096	4.073040397200361	1.0	4.112784094044287	8.468830931497363	-313.3304070744185	0.2224892592524909	0.2549928658762203	0.24195884733072925	0.2805590275405596
35000	-6777.991703080709	-6449.939932294281	-328.051770786428	-6449.939932294281	15.10970956168365	4.808141647692191	0.005995458711271211	4.073040397200361	1.0	4.112784094044287	9.693327895908663	-310.38433517924415	0.22001488843016312	0.2549928658762203	0.24195884733072925	0.2830333983628874
36000	-6768.719164946978	-6443.133885585742	-325.5852793612357	-6443.133885585742	12.743565181097802	5.9015820865394435	0.00610477139927538	4.073040397200361	1.0	4.112784094044287	7.984154907607382	-306.81587601863106	0.2153123741433448	0.2549928658762203	0.2466613616175476	0.2830333983628874
37000	-6748.698926456116	-6429.765046664481	-318.9338797916352	-6429.765046664481	14.828574785837757	4.755591075019195	0.005955515213641247	4.073040397200361	1.0	3.157121520450777	8.44203271347897	-302.4294538132396	0.21180170031868953	0.25850353970087553	0.2466613616175476	0.2830333983628874
38000	-6738.115100845146	-6423.157943846954	-314.95715699819135	-6423.157943846954	15.076850999364758	3.8293372881726793	0.005560906894932095	4.073040397200361	1.0	3.157121520450777	7.161352098083012	-299.80708377658453	0.21180170031868953	0.24943980718787118	0.2466613616175476	0.29209713087589173
39000	-6695.300471154985	-6383.375892930361	-311.92457822462364	-6383.375892930361	15.275941469531949	4.66607276166666	0.006060516976271848	4.073040397200361	1.0	3.157121520450777	8.018008032095883	-295.5608115661562	0.22144635626936565	0.2573526116298123	0.22938830613940453	0.29181272596141755
40000	-6676.375805547123	-6372.110064307827	-304.2657412392957	-6372.110064307827	16.080039085957708	3.0581652695823487	0.006898053606023786	3.785358596359059	1.0	2.7947111740610797	7.155427218882357	-290.3272189228762	0.22144635626936565	0.2573526116298123	0.22938830613940453	0.29181272596141755
41000	-6619.390782320239	-6314.945976988436	-304.44480533180257	-6314.945976988436	16.275140697796452	4.3547997468506425	0.006311179601747934	3.785358596359059	1.0	2.7865863967623024	7.732030406877903	-288.9112147891501	0.22144635626936565	0.2576919820488492	0.22938830613940453	0.2914733555423807
42000	-6612.208076178699	-6310.805347851633	-301.4027283270658	-6310.805347851633	15.504337068330354	3.535435485683799	0.006009059473164042	3.785358596359059	1.0	2.7865863967623024	7.949160869607812	-286.8975163021464	0.22144635626936565	0.2576919820488492	0.22938830613940453	0.2914733555423807
43000	-6605.417223584368	-6307.300318641624	-298.1169049427447	-6307.300318641624	15.775439308562282	4.083493442203399	0.006399371227547632	3.6876047253780677	1.0	2.7865863967623024	6.55990253883161	-283.09450298407535	0.22144635626936565	0.2576919820488492	0.22938830613940453	0.2914733555423807
44000	-6596.376092751961	-6297.006788274034	-299.3693044779263	-6297.006788274034	14.914352582069489	6.396106979121781	0.006648059053311114	3.6876047253780677	1.0	5.213946466087826	5.763521167723229	-279.29430979824326	0.22144635626936565	0.2576919820488492	0.22938830613940453	0.2914733555423807
45000	-6574.248736957032	-6280.437669868975	-293.8110670880568	-6280.437669868975	14.62127608863033	4.895260368038661	0.0068024522166322725	3.6876047253780677	1.0	5.213946466087826	5.519181583727787	-275.49792005687164	0.22144635626936565	0.2576919820488492	0.21971148887869638	0.3011501728030888
46000	-6526.9772602038265	-6230.287974153185	-296.6892860506413	-6230.287974153185	14.62127608863033	4.620241737761408	0.0065864225952310665	3.6876047253780677	1.0	4.583173294566654	6.033895809635457	-279.277133412101	0.203785216699065	0.2576919820488492	0.21971148887869638	0.31881131237338944
47000	-6504.08468248589	-6215.518594631198	-288.5660878546926	-6215.518594631198	15.434880491429652	4.053163704925165	0.006403515058349031	3.74136087118042	1.0	4.583173294566654	6.290876223143261	-271.8080013934645	0.203785216699065	0.2576919820488492	0.21971148887869638	0.31881131237338944
48000	-6496.784649387238	-6214.997868176196	-281.78678121104144	-6214.997868176196	14.041084607578535	4.579827073693435	0.0065923592494932706	3.74136087118042	1.0	4.046526188290881	5.98453996505785	-264.949544484113	0.2097752229047804	0.2576919820488492	0.21372148267298097	0.31881131237338944
49000	-6501.813286627967	-6218.259195006556	-283.5540916214101	-6218.259195006556	14.525576277963307	5.659324044556666	0.006715539111266962	3.74136087118042	1.0	4.046526188290881	4.700957499522526	-265.6697488495716	0.2097752229047804	0.2576919820488492	0.21372148267298097	0.31881131237338944
50000	-6505.745438168541	-6222.413109745713	-283.3323284228284	-6222.413109745713	15.344106360967505	4.856854023894123	0.0061329910699476275	3.74136087118042	1.0	4.046526188290881	5.046916210886349	-266.4079370537899	0.2097752229047804	0.2576919820488492	0.21372148267298097	0.31881131237338944
51000	-6511.87208422705	-6225.323352104814	-286.5487321222359	-6225.323352104814	16.470941774887756	5.095426996449311	0.006400212974585052	3.74136087118042	1.0	4.046526188290881	5.789370694604957	-269.162661608009	0.2096883335896528	0.25777887136397676	0.21372148267298097	0.31881131237338944
52000	-6511.898758013456	-6232.084692580147	-279.81406543330877	-6232.084692580147	15.90714491978383	3.8657668278585504	0.006288937932657537	3.74136087118042	1.0	4.046526188290881	5.687326717608702	-263.9415660731779	0.2096883335896528	0.25777887136397676	0.21372148267298097	0.31881131237338944
53000	-6457.337638797978	-6180.223423681438	-277.1142151165393	-6180.223423681438	15.066697459940182	5.046907453560649	0.006559530042246775	3.74136087118042	1.0	4.046526188290881	4.944620811037067	-259.9183744095757	0.2096883335896528	0.25777887136397676	0.18771790594434368	0.34481488910202673
54000	-6458.83709006715	-6179.5111954059785	-279.325894661171	-6179.5111954059785	15.066697459940182	4.484908692110563	0.0057948965390971705	3.74136087118042	1.0	4.046526188290881	5.091971495605261	-262.89302595797625	0.2096883335896528	0.25777887136397676	0.18771790594434368	0.34481488910202673
55000	-6460.032764219204	-6178.164260082276	-281.8685041369278	-6178.164260082276	15.179808006290889	4.417641817952714	0.006597582868763845	3.74136087118042	1.0	4.046526188290881	5.22978324084595	-265.35991867192286	0.2096883335896528	0.25777887136397676	0.18771790594434368	0.34481488910202673
56000	-6473.517753532859	-6181.967759569141	-291.5499939637186	-6181.967759569141	16.404305964788545	4.799985256452631	0.00617908536457102	3.74136087118042	1.0	4.046526188290881	6.635886363441908	-274.41186042873716	0.2096883335896528	0.25777887136397676	0.18771790594434368	0.34481488910202673
57000	-6396.856744166175	-6107.2035186319845	-289.65322553419105	-6107.2035186319845	17.06832140601913	3.746697005168422	0.005994521171945017	3.801168410037306	1.0	4.046526188290881	6.350243250774621	-273.8465191263917	0.1922999681951031	0.25777887136397676	0.18771790594434368	0.3622032544965765
58000	-6375.877478329168	-6085.449417520035	-290.42806080913306	-6085.449417520035	16.302032312060057	4.391837801416507	0.006006213956184614	3.801168410037306	1.0	4.046526188290881	6.983971494782801	-273.73615255158387	0.1922999681951031	0.25777887136397676	0.18771790594434368	0.3622032544965765
59000	-6359.0273205874	-6069.4409928363975	-289.5863277510028	-6069.4409928363975	17.758882012850943	3.770140168898732	0.005127621044046536	3.4315892277570677	1.0	3.947915950712761	6.380541036530091	-274.12159204185104	0.1922999681951031	0.25777887136397676	0.18771790594434368	0.3622032544965765
60000	-6357.576835697517	-6070.121661751476	-287.4551739460412	-6070.121661751476	15.910480996312039	3.8522651830544015	0.005357005608181821	3.4315892277570677	1.0	4.138423322613659	5.853176960654576	-271.74090601012324	0.1922999681951031	0.2643317232966105	0.18116505401170996	0.3622032544965765
61000	-6335.449035112894	-6044.560188059793	-290.88884705310113	-6044.560188059793	16.652538035255095	4.2115437274827325	0.005894130976645953	3.4315892277570677	1.0	4.138423322613659	5.962942375546023	-274.6208586680232	0.17779094334678003	0.27884074814493354	0.18116505401170996	0.3622032544965765
62000	-6338.151730706062	-6050.513248393404	-287.63848231265786	-6050.513248393404	15.331043463447354	2.8193048086873693	0.005745359645173528	3.4315892277570677	1.0	4.138423322613659	5.42008788319216	-273.2449754424607	0.17968491403776823	0.29197105228128195	0.16614077918437334	0.3622032544965765
63000	-6348.931740397475	-6062.330976414814	-286.6007639826607	-6062.330976414814	14.450418215468455	2.9657634109889996	0.00585679018701941	3.4315892277570677	1.0	6.549647109552235	5.751678378629837	-269.5253907447067	0.17968491403776823	0.29197105228128195	0.16614077918437334	0.3622032544965765
64000	-6323.501342518853	-6034.893337866788	-288.6080046520645	-6034.893337866788	14.652560789953036	4.2272747346637765	0.00564373548145014	3.4315892277570677	1.0	6.549647109552235	5.5588441405913676	-270.02332417447815	0.17968491403776823	0.3151889178786304	0.13871704377013183	0.3664091243134695
65000	-6326.439602574314	-6034.192239977588	-292.24736259672676	-6034.192239977588	14.381568536047075	4.326402254276386	0.005468732295728136	3.4315892277570677	1.0	6.549647109552235	5.867417909200868	-273.5201860639181	0.17968491403776823	0.3151889178786304	0.13871704377013183	0.3664091243134695
66000	-6324.26943377977	-6032.3724128858275	-291.89702089394245	-6032.3724128858275	14.74911771692082	4.7802694063579185	0.005596386601197578	3.4315892277570677	1.0	6.549647109552235	5.758917080359554	-272.6217712902428	0.17968491403776823	0.3151889178786304	0.13871704377013183	0.3664091243134695
67000	-6324.361725939312	-6029.0679845062905	-295.29374143302135	-6029.0679845062905	15.66858403048101	4.662663686680119	0.005533460689479299	3.4315892277570677	1.0	6.549647109552235	6.00048893872063	-276.1287391610678	0.17968491403776823	0.3151889178786304	0.13871704377013183	0.3664091243134695
68000	-6306.854245281573	-6015.36373917773	-291.49050610384234	-6015.36373917773	14.203568706830485	4.911437702840855	0.006336537482258898	2.3084391024082516	1.0	6.549647109552235	6.1039935211977125	-272.2824822161255	0.17968491403776823	0.3151889178786304	0.13871704377013183	0.3664091243134695
69000	-6297.544492382819	-6009.904718184861	-287.6397741979578	-6009.904718184861	15.925587350574412	4.927543311462167	0.006020251945774359	2.3084391024082516	1.0	6.549647109552235	4.442587490419682	-268.7816681433094	0.17968491403776823	0.342457754293657	0.11144820735510523	0.3664091243134695
70000	-6312.746603478291	-6026.240612801522	-286.5059906767694	-6026.240612801522	15.925587350574412	4.6528624623967065	0.005951388331156426	2.5208478294618115	1.0	6.549647109552235	5.2162035831373785	-267.7438743096966	0.18174017133656875	0.342457754293657	0.10939295005630471	0.3664091243134695
71000	-6317.945818766968	-6033.529028481918	-284.4167902850494	-6033.529028481918	15.778442572235342	5.13592525731287	0.006121159774063614	2.5208478294618115	1.0	6.549647109552235	5.088000682594394	-265.07944016220404	0.18174017133656875	0.342457754293657	0.10939295005630471	0.3664091243134695
72000	-6298.129588305223	-6020.010896572737	-278.11869173248533	-6020.010896572737	16.81664635887833	5.100151002009398	0.0062382088101969125	2.5208478294618115	1.0	6.549647109552235	4.479276162369704	-258.93186639321993	0.18174017133656875	0.34172863082494126	0.10939295005630471	0.36713824778218523
73000	-6302.515631035099	-6027.2593000650895	-275.2563309700102	-6027.2593000650895	15.374916800712867	5.004998695887242	0.006649589783703	2.5208478294618115	1.0	6.549647109552235	4.370992474854754	-256.14212485568163	0.18174017133656875	0.34172863082494126	0.10939295005630471	0.36713824778218523
74000	-6300.75966899686	-6027.5117766616695	-273.2478923351901	-6027.5117766616695	14.868576652159504	4.408667524196005	0.006386230418049034	2.5208478294618115	1.0	6.549647109552235	5.531714550985598	-254.64916016048403	0.18174017133656875	0.32768854073163	0.10939295005630471	0.3811783378754965
75000	-6297.458036006277	-6033.0977285378585	-264.36030746841857	-6033.0977285378585	14.68316842677087	2.6708530453611368	0.006394334097793385	2.5208478294618115	1.0	6.549647109552235	4.449199921158144	-248.16695053265664	0.18174017133656875	0.32768854073163	0.10939295005630471	0.3811783378754965
76000	-6286.8895471591495	-6022.18971154748	-264.6998356116691	-6022.18971154748	16.516102956214517	3.612057587672076	0.006398686559879977	2.5208478294618115	1.0	6.549647109552235	3.762432008168739	-247.46055976978025	0.18174017133656875	0.32768854073163	0.10939295005630471	0.3811783378754965
77000	-6295.025446812304	-6026.538643562806	-268.48680324949794	-6026.538643562806	15.81064319763701	4.070677202254105	0.0071046358747865225	2.5208478294618115	1.0	6.549647109552235	4.568259441463948	-250.38242502761784	0.18174017133656875	0.32768854073163	0.10939295005630471	0.3811783378754965
78000	-6300.067418125177	-6026.676402619108	-273.39101550606955	-6026.676402619108	17.925194673533216	4.575071347190975	0.007040539674475481	2.5208478294618115	1.0	6.549647109552235	4.867908999108861	-254.62266076514942	0.18174017133656875	0.32768854073163	0.10939295005630471	0.3811783378754965
79000	-6297.141202401351	-6026.190539444057	-270.9506629572932	-6026.190539444057	16.177799718314635	3.5015552764598405	0.006619179652032486	2.5208478294618115	1.0	6.549647109552235	4.6445079808765115	-253.60530305538805	0.18174017133656875	0.32768854073163	0.08264630270487949	0.4079249852269217
80000	-6303.531513475379	-6027.394911893463	-276.13660158191544	-6027.394911893463	14.786581439476778	4.1652432886734445	0.006799860208978101	2.5208478294618115	1.0	6.549647109552235	4.853680584601765	-257.90031446324105	0.18174017133656875	0.32768854073163	0.08264630270487949	0.4079249852269217
81000	-6311.561970684316	-6038.02510223477	-273.53686844954626	-6038.02510223477	15.656340955205502	4.2165264474413835	0.006701701397288142	2.344864440385551	1.0	4.102048748337903	4.875431056597418	-257.7631775329653	0.18174017133656875	0.32326554481858094	0.08264630270487949	0.4123479811399708
82000	-6290.762894577931	-6017.76266480612	-273.00022977181123	-6017.76266480612	15.733716416841604	4.142667113129074	0.006701701397288142	2.344864440385551	1.0	4.102048748337903	5.47058823648431	-257.2011252382071	0.18174017133656875	0.32326554481858094	0.08264630270487949	0.4123479811399708
83000	-6274.6037008007315	-5999.600687525485	-275.00301327524585	-5999.600687525485	15.198395488886376	4.609310558300112	0.006550014523019241	2.344864440385551	1.0	4.102048748337903	5.036316629425344	-258.7468432080657	0.16964419546342466	0.33536152069172503	0.08264630270487949	0.4123479811399708
84000	-6283.582580599855	-6005.558443119823	-278.0241374800313	-6005.558443119823	15.027455053610902	3.8519990587493735	0.006383364832789238	2.344864440385551	1.0	4.102048748337903	5.29496984316627	-262.6625437500416	0.16964419546342466	0.33536152069172503	0.08264630270487949	0.4123479811399708
85000	-6291.545857512074	-6018.194279385361	-273.351578126712	-6018.194279385361	15.608547288691165	3.321766082110186	0.005801510993104857	2.379500965465238	1.0	4.102048748337903	4.389353961394517	-258.9234143872375	0.16964419546342466	0.33536152069172503	0.08264630270487949	0.4123479811399708
86000	-6290.35369571561	-6020.252974243987	-270.1007214716229	-6020.252974243987	15.13090117079804	2.901647323791328	0.006553196337367777	2.379500965465238	1.0	4.102048748337903	4.3214455574917245	-256.1079877230988	0.16964419546342466	0.33536152069172503	0.08264630270487949	0.4123479811399708
87000	-6273.258405218177	-6002.222563428311	-271.0358417898657	-6002.222563428311	14.421192319112706	3.176857146323619	0.006941803379503463	2.379500965465238	1.0	4.102048748337903	4.96095609406772	-256.4906280716595	0.16964419546342466	0.317435863503254	0.10057195989335055	0.4123479811399708
88000	-6260.328529263045	-5990.539757668035	-269.7887715950097	-5990.539757668035	14.67440699933899	3.8277478273730257	0.006600699888320603	2.379500965465238	1.0	4.102048748337903	4.929122239443091	-254.48183404627247	0.16964419546342466	0.317435863503254	0.10057195989335055	0.4123479811399708
89000	-6269.7394795378605	-5994.679644208106	-275.0598353297547	-5994.679644208106	14.631005665729743	4.340868304673748	0.006849919798060993	2.379500965465238	1.0	4.102048748337903	4.242380417371657	-259.2394705074308	0.16964419546342466	0.317435863503254	0.10057195989335055	0.4123479811399708
90000	-6279.3681999033915	-6007.143369169354	-272.2248307340382	-6007.143369169354	15.454319099394288	4.3234889409808055	0.006869719602167322	2.379500965465238	1.0	4.102048748337903	5.009822388619808	-256.25628815555046	0.16785895698903397	0.3192211019776447	0.10057195989335055	0.4123479811399708
91000	-6265.508739700583	-5996.473709480257	-269.0350302203264	-5996.473709480257	14.586844497921735	5.146517858818917	0.007127018242746373	2.379500965465238	1.0	4.102048748337903	4.092948742422191	-252.25191852845035	0.16785895698903397	0.3192211019776447	0.10057195989335055	0.4123479811399708
92000	-6233.203481073171	-5965.560609423769	-267.6428716494018	-5965.560609423769	14.352051455286674	4.4892757770031295	0.006947363997035327	2.1595173488055197	1.0	4.102048748337903	5.335219809159294	-251.4862171768179	0.136816179426601	0.31109284311815477	0.10057195989335055	0.4515190175618937
93000	-6246.415753556454	-5981.468903040815	-264.9468505156383	-5981.468903040815	14.961471447422252	4.428053399987321	0.0074713859025986465	2.1595173488055197	1.0	4.702356992977227	3.811399410083153	-248.52692339014715	0.136816179426601	0.31109284311815477	0.10057195989335055	0.4515190175618937
94000	-6242.174280755311	-5984.5315676748305	-257.6427130804801	-5984.5315676748305	14.893268998432795	3.944875376947859	0.007640008413929623	2.1595173488055197	1.0	4.702356992977227	3.8878440128042278	-241.76771884802585	0.136816179426601	0.31109284311815477	0.10057195989335055	0.4515190175618937
95000	-6249.525256335563	-5989.859245728098	-259.66601060746495	-5989.859245728098	13.583776177742834	4.384290040519569	0.007999803588117709	2.1595173488055197	1.0	4.702356992977227	4.803699055264434	-242.99887292186963	0.136816179426601	0.31109284311815477	0.10057195989335055	0.4515190175618937
96000	-6242.4445391391855	-5982.187339028888	-260.2572001102973	-5982.187339028888	16.77874412403469	3.586876624090695	0.007226014365920852	2.1595173488055197	1.0	5.759746738452573	4.575369899352964	-243.66145063027784	0.136816179426601	0.31109284311815477	0.10057195989335055	0.4515190175618937
97000	-6237.489437978047	-5974.293993699644	-263.1954442784035	-5974.293993699644	14.644860670081615	3.4437807279941572	0.006735281448735091	2.1595173488055197	1.0	6.040417431596866	4.3678991905164954	-246.6156332030452	0.136816179426601	0.31109284311815477	0.10057195989335055	0.4515190175618937
98000	-6250.287183044853	-5985.697613172459	-264.5895698723942	-5985.697613172459	17.177171339455487	4.046099496872216	0.006780586949403168	2.1595173488055197	1.0	6.040417431596866	3.99093996314449	-247.34591447641398	0.136816179426601	0.31109284311815477	0.10057195989335055	0.4515190175618937
99000	-6239.9222132313935	-5976.977367546055	-262.94484568533915	-5976.977367546055	16.010072097786313	4.162770741539834	0.007142998725154355	2.212671208031463	1.0	6.040417431596866	3.6040403475724974	-245.58781054500113	0.136816179426601	0.31109284311815477	0.10057195989335055	0.4515190175618937
100000	-6244.954833554192	-5982.374521316101	-262.5803122380909	-5982.374521316101	15.663368871406398	3.352623912702846	0.007056066557761089	2.212671208031463	1.0	6.040417431596866	4.012737406364319	-246.1330702813639	0.136816179426601	0.31109284311815477	0.10057195989335055	0.4515190175618937
