#
#model:
#
#<?xml version="1.0" encoding="UTF-8" standalone="no"?><input id="posterior" spec="beast.core.util.CompoundDistribution">
#    <distribution id="prior" spec="beast.core.util.CompoundDistribution">
#        <distribution id="CoalescentConstant.t:1" spec="beast.evolution.tree.coalescent.Coalescent">
#            <populationModel id="ConstantPopulation.t:1" spec="beast.evolution.tree.coalescent.ConstantPopulation">
#                <parameter id="popSize.t:1" name="popSize" spec="beast.core.parameter.RealParameter">0.3</parameter>
#            </populationModel>
#            <treeIntervals id="TreeIntervals.t:1" spec="beast.evolution.tree.coalescent.TreeIntervals">
#                <tree id="Tree.t:1" spec="beast.evolution.tree.Tree">
#                    <trait id="dateTrait.t:1" spec="beast.evolution.tree.TraitSet" traitname="date" value="2_2000.1=2000.1,17_2001.6=2001.6,18_2001.7=2001.7,21_2002=2002,24_2002.3=2002.3,26_2002.5=2002.5,5_2000.4=2000.4,7_2000.6=2000.6,4_2000.3=2000.3,13_2001.2=2001.2,15_2001.4=2001.4,16_2001.5=2001.5,1_2000=2000,8_2000.7=2000.7,3_2000.2=2000.2,12_2001.1=2001.1,22_2002.1=2002.1,32_2003.1=2003.1,28_2002.7=2002.7,43_2004.2=2004.2,46_2004.5=2004.5,55_2005.4=2005.4,63_2006.2=2006.2,65_2006.4=2006.4,66_2006.5=2006.5,67_2006.6=2006.6,23_2002.2=2002.2,10_2000.9=2000.9,14_2001.3=2001.3,33_2003.2=2003.2,39_2003.8=2003.8,34_2003.3=2003.3,44_2004.3=2004.3,48_2004.7=2004.7,53_2005.2=2005.2,52_2005.1=2005.1,58_2005.7=2005.7,9_2000.8=2000.8,6_2000.5=2000.5,11_2001=2001,25_2002.4=2002.4,20_2001.9=2001.9,47_2004.6=2004.6,36_2003.5=2003.5,45_2004.4=2004.4,50_2004.9=2004.9,42_2004.1=2004.1,51_2005=2005,35_2003.4=2003.4,37_2003.6=2003.6,57_2005.6=2005.6,59_2005.8=2005.8,61_2006=2006,62_2006.1=2006.1,41_2004=2004,40_2003.9=2003.9,49_2004.8=2004.8,74_2007.3=2007.3,77_2007.6=2007.6,68_2006.7=2006.7,70_2006.9=2006.9,81_2008=2008,19_2001.8=2001.8,27_2002.6=2002.6,29_2002.8=2002.8,30_2002.9=2002.9,31_2003=2003,38_2003.7=2003.7,56_2005.5=2005.5,69_2006.8=2006.8,82_2008.1=2008.1,80_2007.9=2007.9,83_2008.2=2008.2,87_2008.6=2008.6,71_2007=2007,75_2007.4=2007.4,72_2007.1=2007.1,91_2009=2009,88_2008.7=2008.7,94_2009.3=2009.3,98_2009.7=2009.7,79_2007.8=2007.8,84_2008.3=2008.3,78_2007.7=2007.7,76_2007.5=2007.5,89_2008.8=2008.8,93_2009.2=2009.2,96_2009.5=2009.5,97_2009.6=2009.6,95_2009.4=2009.4,100_2009.9=2009.9,54_2005.3=2005.3,60_2005.9=2005.9,64_2006.3=2006.3,73_2007.2=2007.2,86_2008.5=2008.5,85_2008.4=2008.4,90_2008.9=2008.9,99_2009.8=2009.8,92_2009.1=2009.1,101_2010=2010">
#                        <taxa id="TaxonSet.1" spec="beast.evolution.alignment.TaxonSet">
#                        </taxa>
#                    </trait>
#                    <taxonset idref="TaxonSet.1"/>
#                </tree>
#            </treeIntervals>
#        </distribution>
#        <prior id="rateOmega.prior" name="distribution">
#            <parameter id="rateOmega" lower="0.1" name="x" spec="beast.core.parameter.RealParameter" upper="10.0">0.5</parameter>
#            <Gamma id="Gamma.0" name="distr">
#                <parameter estimate="false" id="rateOmega.alpha" name="alpha" spec="beast.core.parameter.RealParameter">0.1</parameter>
#                <parameter estimate="false" id="rateOmega.beta" name="beta" spec="beast.core.parameter.RealParameter">1.0</parameter>
#            </Gamma>
#        </prior>
#        <prior id="rateMean.prior" name="distribution">
#            <parameter id="rateMean" lower="1.0E-4" name="x" spec="beast.core.parameter.RealParameter" upper="10.0">0.005</parameter>
#            <Gamma id="Gamma.1" name="distr">
#                <parameter estimate="false" id="rateMean.alpha" name="alpha" spec="beast.core.parameter.RealParameter">0.005</parameter>
#                <parameter estimate="false" id="rateMean.beta" name="beta" spec="beast.core.parameter.RealParameter">1.0</parameter>
#            </Gamma>
#        </prior>
#        <prior id="FrequenciesPrior.s:1" name="distribution">
#            <parameter dimension="4" id="freqParameter.s:1" lower="0.0" name="x" spec="beast.core.parameter.RealParameter" upper="1.0">0.25</parameter>
#            <Uniform id="Uniform.3" name="distr"/>
#        </prior>
#        <prior id="GammaShapePrior.s:1" name="distribution">
#            <parameter id="gammaShape.s:1" name="x" spec="beast.core.parameter.RealParameter">1.0</parameter>
#            <Exponential id="Exponential.0" name="distr">
#                <parameter estimate="false" id="RealParameter.0" name="mean" spec="beast.core.parameter.RealParameter">1.0</parameter>
#            </Exponential>
#        </prior>
#        <prior id="KappaPrior.s:1" name="distribution">
#            <parameter id="kappa.s:1" lower="0.0" name="x" spec="beast.core.parameter.RealParameter">2.0</parameter>
#            <LogNormal id="LogNormalDistributionModel.0" name="distr">
#                <parameter estimate="false" id="RealParameter.1" name="M" spec="beast.core.parameter.RealParameter">1.0</parameter>
#                <parameter estimate="false" id="RealParameter.2" name="S" spec="beast.core.parameter.RealParameter">1.25</parameter>
#            </LogNormal>
#        </prior>
#        <prior id="PopSizePrior.t:1" name="distribution" x="@popSize.t:1">
#            <OneOnX id="OneOnX.1" name="distr"/>
#        </prior>
#    </distribution>
#    <distribution id="likelihood" spec="beast.core.util.CompoundDistribution" useThreads="true">
#        <distribution data="@1" id="treeLikelihood.1" spec="beast.evolution.likelihood.ThreadedTreeLikelihood" tree="@Tree.t:1">
#            <siteModel gammaCategoryCount="4" id="SiteModel.s:1" shape="@gammaShape.s:1" spec="beast.evolution.sitemodel.SiteModel">
#                <parameter id="mutationRate.s:1" name="mutationRate" spec="beast.core.parameter.RealParameter">1.0</parameter>
#                <parameter estimate="false" id="proportionInvariant.s:1" lower="0.0" name="proportionInvariant" spec="beast.core.parameter.RealParameter" upper="1.0">0.0</parameter>
#                <substModel id="hky.s:1" kappa="@kappa.s:1" spec="beast.evolution.substitutionmodel.HKY">
#                    <frequencies frequencies="@freqParameter.s:1" id="estimatedFreqs.s:1" spec="beast.evolution.substitutionmodel.Frequencies"/>
#                </substModel>
#            </siteModel>
#            <branchRateModel id="branchRates" numSites="1000" numberOfDiscreteRates="12" rateMean="@rateMean" rateOmega="@rateOmega" spec="beast.evolution.branchratemodel.ARClockModel" tree="@Tree.t:1">
#                <rateCategories dimension="200" id="rateCategories" spec="beast.core.parameter.IntegerParameter">1</rateCategories>
#            </branchRateModel>
#        </distribution>
#    </distribution>
#</input>
#
Sample	posterior	likelihood	prior	treeLikelihood	TreeHeight	rateOmega	rateMean	kappa	mutationRate	gammaShape	popSize	CoalescentConstant	freqParameter.1	freqParameter.2	freqParameter.3	freqParameter.4
0	-30878.2922080912	-30644.25900192084	-234.03320617036022	-30644.25900192084	10.751582664363609	0.5	0.005	2.0	1.0	1.0	0.3	-230.21431273121476	0.25	0.25	0.25	0.25
1000	-18392.033319125632	-17858.422563933127	-533.6107551925039	-17858.422563933127	12.52614520467296	0.7281273740403255	0.033869334558464866	3.9361561049888136	1.0	1.0	2.51320747564521	-524.4767614069359	0.24521919259014663	0.25	0.25	0.25478080740985337
2000	-16971.531020769882	-16623.375693031066	-348.1553277388155	-16623.375693031066	12.52614520467296	4.400911443279447	0.030318603047494407	3.9361561049888136	1.0	1.0	9.136270702746902	-332.5524210870814	0.24521919259014663	0.24973170933313912	0.25026829066686085	0.25478080740985337
3000	-15620.76616538186	-15269.631118681213	-351.13504670064606	-15269.631118681213	12.443910458722119	9.899031920298157	0.0326424250539405	3.9361561049888136	1.0	1.0	11.307465208402144	-329.01544003486066	0.24521919259014663	0.24973170933313912	0.25026829066686085	0.25478080740985337
4000	-14849.37478822217	-14500.358803990599	-349.0159842315721	-14500.358803990599	12.310347889936684	9.87499091840044	0.02902423464399864	3.9361561049888136	1.0	1.0	9.706590873072834	-327.195777452855	0.24521919259014663	0.24973170933313912	0.24518119365705715	0.25986790441965707
5000	-13907.607403385771	-13556.900758901244	-350.7066444845275	-13556.900758901244	12.344041773253931	5.910635534806155	0.022713528089776683	3.9361561049888136	1.0	1.0	9.741284351384978	-333.55940738463454	0.24521919259014663	0.24973170933313912	0.24518119365705715	0.25986790441965707
6000	-12785.60036256842	-12428.271333604738	-357.3290289636831	-12428.271333604738	12.88140640566531	5.716386822813554	0.021277316714205383	3.9361561049888136	1.0	1.0	11.720280470976807	-340.28759637170566	0.24521919259014663	0.24973170933313912	0.24518119365705715	0.25986790441965707
7000	-11464.025618251095	-11098.593315099117	-365.4323031519788	-11098.593315099117	12.912226915004497	5.589697944634563	0.015533709630644816	3.9361561049888136	1.0	1.0	12.123032095510865	-348.8227430900082	0.24521919259014663	0.24973170933313912	0.24518119365705715	0.25986790441965707
8000	-10902.722723085444	-10534.846528364595	-367.87619472085	-10534.846528364595	15.741147927024521	5.221438332050876	0.01277203310415412	3.9361561049888136	1.0	0.6454434098925004	12.999531678329694	-352.1785192756154	0.24024228493385447	0.24973170933313912	0.2501581013133493	0.25986790441965707
9000	-10680.484439398819	-10315.004525833698	-365.4799135651215	-10315.004525833698	15.741147927024521	3.974861824872894	0.011616741653862768	3.9361561049888136	1.0	0.6454434098925004	13.553866648913758	-351.3280525207445	0.24024228493385447	0.24973170933313912	0.24543561017437568	0.2645903955586307
10000	-10441.302205619335	-10078.711688452751	-362.59051716658377	-10078.711688452751	14.478845374908195	2.901333710573433	0.010336096944734705	3.9361561049888136	1.0	0.6454434098925004	14.277641336092369	-349.86100044059157	0.2387670942835424	0.2512068999834512	0.24543561017437568	0.2645903955586307
11000	-10220.41744897643	-9859.96034902316	-360.457099953269	-9859.96034902316	15.080990665913495	3.347516747215278	0.009925887294580563	4.500306743457169	1.0	0.6454434098925004	11.217721896270925	-347.2631439843678	0.2387670942835424	0.2512068999834512	0.24543561017437568	0.2645903955586307
12000	-10038.799165463139	-9674.169664332576	-364.62950113056365	-9674.169664332576	14.922605708324262	2.6069178829294173	0.008255920587020304	4.500306743457169	1.0	0.6454434098925004	10.499024884084552	-352.6523661515495	0.2387670942835424	0.2512068999834512	0.24543561017437568	0.2645903955586307
13000	-9730.246743924074	-9366.269823732164	-363.97692019190913	-9366.269823732164	14.893537461474008	1.8256980441405286	0.008328792637732464	4.500306743457169	1.0	0.6454434098925004	13.937684040141079	-352.8094599444484	0.2387670942835424	0.2512068999834512	0.24543561017437568	0.2645903955586307
14000	-9433.126465241025	-9073.463734358564	-359.6627308824609	-9073.463734358564	16.759070470785655	1.969836195090234	0.00684285889909125	4.500306743457169	1.0	0.6454434098925004	11.100397288544045	-348.7073749127341	0.23768645140371836	0.2512068999834512	0.24651625305419972	0.2645903955586307
15000	-9308.823345411207	-8946.321671754491	-362.5016736567158	-8946.321671754491	17.037407142595324	1.8127803599449523	0.007396260933900096	4.500306743457169	1.0	0.7144419666842051	13.833665801959835	-351.4110969054121	0.24450193396236405	0.2512068999834512	0.23970077049555402	0.2645903955586307
16000	-9167.10679523575	-8800.550901123239	-366.5558941125104	-8800.550901123239	16.8747303622345	1.4159103022390207	0.007399086218213839	4.500306743457169	1.0	1.4258924064057672	12.288438685114308	-355.4911806611064	0.24450193396236405	0.2512068999834512	0.23970077049555402	0.2645903955586307
17000	-8856.81571600813	-8492.09502928824	-364.7206867198896	-8492.09502928824	15.980479443178636	1.1314238373504835	0.006543289051956262	4.500306743457169	1.0	1.4258924064057672	13.430763711074755	-354.17659470251675	0.24450193396236405	0.2512068999834512	0.23970077049555402	0.2645903955586307
18000	-8605.26410392638	-8248.252678410056	-357.0114255163252	-8248.252678410056	14.82705898726445	1.3083566852502608	0.006285522727389219	4.500306743457169	1.0	1.4258924064057672	12.307580504202488	-346.2872153723549	0.24450193396236405	0.2512068999834512	0.23970077049555402	0.2645903955586307
19000	-8371.62543668201	-8013.480566724822	-358.14486995718823	-8013.480566724822	18.36498871628772	1.2718687880109456	0.00581177825992461	4.500306743457169	1.0	1.4258924064057672	10.87577261170227	-347.68472595861675	0.24450193396236405	0.2512068999834512	0.23970077049555402	0.2645903955586307
20000	-8107.094035731555	-7757.02851488026	-350.0655208512941	-7757.02851488026	18.005904959963544	1.4515111219568226	0.005499589338508255	4.500306743457169	1.0	1.898425232344442	12.58486694564894	-338.74358747299476	0.23412273749740178	0.2512068999834512	0.24294278628113192	0.271727576238015
21000	-8021.692492989012	-7674.858990278045	-346.8335027109668	-7674.858990278045	18.520908987698487	1.5305895276746926	0.005521066645836651	4.500306743457169	1.0	1.898425232344442	12.941376674647463	-335.3529136447448	0.23412273749740178	0.2512068999834512	0.24294278628113192	0.271727576238015
22000	-7998.279162689732	-7652.4595609728485	-345.8196017168843	-7652.4595609728485	17.439272159678904	2.274270308428461	0.005693224084681432	4.500306743457169	1.0	1.898425232344442	8.80904781813522	-333.59285226701985	0.23447719072437184	0.24381282206496221	0.24294278628113192	0.27876720092953394
23000	-7930.65510093269	-7584.92536653587	-345.72973439682056	-7584.92536653587	19.261218696843045	2.0853929081044122	0.0051738639896660365	4.500306743457169	1.0	1.898425232344442	8.176873708785614	-333.940061578654	0.23447719072437184	0.24381282206496221	0.24294278628113192	0.27876720092953394
24000	-7803.075144735859	-7463.455589768499	-339.6195549673604	-7463.455589768499	16.739693890310264	1.7372463634375568	0.005397359251816028	4.500306743457169	1.0	1.898425232344442	10.924844712057064	-328.0103873772114	0.23447719072437184	0.2384090547017523	0.24294278628113192	0.28417096829274385
25000	-7636.334012708702	-7298.18293849247	-338.15107421623196	-7298.18293849247	17.539591883323922	1.558774401022204	0.005389043361063768	4.500306743457169	1.0	1.898425232344442	9.797266932154297	-326.9284184747647	0.23447719072437184	0.23906203927908223	0.24294278628113192	0.2835179837154139
26000	-7597.723336770879	-7261.699290979048	-336.02404579183116	-7261.699290979048	18.15308986661585	1.6354533131889442	0.0056444201911469	4.500306743457169	1.0	1.898425232344442	9.919597297837532	-324.62276066627265	0.23447719072437184	0.23906203927908223	0.24294278628113192	0.2835179837154139
27000	-7568.469170220215	-7236.202849027853	-332.26632119236257	-7236.202849027853	16.610478152048785	2.0890396185251188	0.005537883926959766	4.500306743457169	1.0	1.898425232344442	9.465035527427684	-320.2571178417786	0.23447719072437184	0.23906203927908223	0.24294278628113192	0.2835179837154139
28000	-7516.519873183797	-7186.242934779244	-330.2769384045532	-7186.242934779244	16.787734704785997	2.23922827272716	0.005714801037830009	4.500306743457169	1.0	1.898425232344442	8.459769432437847	-318.1358781651649	0.23447719072437184	0.23906203927908223	0.24294278628113192	0.2835179837154139
29000	-7500.757799374629	-7176.560301350797	-324.19749802383217	-7176.560301350797	16.787734704785997	1.5808126447888755	0.005348823481971661	4.500306743457169	1.0	1.898425232344442	7.800985143072621	-313.1755162393405	0.23447719072437184	0.23906203927908223	0.2364031723428332	0.29005759765371264
30000	-7473.415750719567	-7158.458655561571	-314.95709515799615	-7158.458655561571	16.787734704785997	1.625928557502136	0.0056427795441096355	4.500306743457169	1.0	1.898425232344442	8.21865291065745	-303.75898854807815	0.23447719072437184	0.23906203927908223	0.2364031723428332	0.29005759765371264
31000	-7467.440144403556	-7156.972235633347	-310.4679087702089	-7156.972235633347	16.825756662448697	1.371326073677071	0.005674767944118051	4.500306743457169	1.0	1.898425232344442	7.004498529193378	-299.83187252366736	0.23447719072437184	0.23906203927908223	0.2364031723428332	0.29005759765371264
32000	-7443.37158733051	-7127.689509616473	-315.68207771403695	-7127.689509616473	16.890405923432137	1.2207629957625008	0.005850092225891929	4.500306743457169	1.0	3.2496637369535457	8.378381095309267	-303.740484906403	0.23447719072437184	0.24340155596299848	0.23206365565891696	0.29005759765371264
33000	-7451.065766891402	-7135.034286420801	-316.03148047060074	-7135.034286420801	17.28460767049705	1.899185620741945	0.005689264012995223	4.500306743457169	1.0	3.2496637369535457	7.054348017060167	-303.21361936622424	0.23447719072437184	0.24340155596299848	0.23206365565891696	0.29005759765371264
34000	-7389.702196716923	-7078.207953595418	-311.4942431215046	-7078.207953595418	17.797320417092195	1.352620534947726	0.005830100749123103	4.500306743457169	1.0	3.2496637369535457	7.836245775241924	-299.3988026395102	0.23447719072437184	0.24340155596299848	0.23206365565891696	0.29005759765371264
35000	-7371.181284381231	-7062.993888804273	-308.1873955769576	-7062.993888804273	16.72028842049997	1.035678606240878	0.005687806034411689	4.117130901869528	1.0	3.2496637369535457	7.161168474837117	-296.8791679584312	0.23200281990204405	0.24340155596299848	0.23206365565891696	0.2925319684760404
36000	-7368.937482295708	-7058.862844680811	-310.07463761489765	-7058.862844680811	17.140604489742525	1.2114221591848642	0.0060268739032729775	4.117130901869528	1.0	3.2496637369535457	7.803528348078539	-298.30574588858315	0.23200281990204405	0.24871536144738696	0.22674985017452848	0.2925319684760404
37000	-7363.509602951027	-7060.889726903855	-302.61987604717143	-7060.889726903855	17.140604489742525	1.0478949565392988	0.005982428906242638	4.117130901869528	1.0	3.2496637369535457	7.081976691639396	-291.24945416912277	0.23200281990204405	0.2517356292714786	0.22372958235043688	0.2925319684760404
38000	-7369.916876714825	-7065.627973125792	-304.28890358903334	-7065.627973125792	17.140604489742525	1.1816016195695096	0.006044545868022805	4.117130901869528	1.0	3.9056287294537984	6.726351094586647	-292.06191141208717	0.23200281990204405	0.2517356292714786	0.22372958235043688	0.2925319684760404
39000	-7363.067883183202	-7058.930022916027	-304.13786026717446	-7058.930022916027	17.21988870208334	1.0469514027982227	0.0062200529628345215	3.3125313249845187	1.0	3.5314534819675294	6.499602166657828	-292.79430899170893	0.23200281990204405	0.2517356292714786	0.22372958235043688	0.2925319684760404
40000	-7353.236981869566	-7053.732298074927	-299.5046837946392	-7053.732298074927	15.939161862022388	0.7908743913000531	0.006048837677650909	3.3125313249845187	1.0	5.196590682809794	6.813415700018792	-286.9853124480726	0.23200281990204405	0.248964266774601	0.22372958235043688	0.29530333097291794
41000	-7343.58905452089	-7045.923931592074	-297.6651229288167	-7045.923931592074	16.042318354436357	0.8360923650821265	0.006519446739293244	3.3125313249845187	1.0	5.196590682809794	5.946026937611909	-285.11164460445696	0.23200281990204405	0.24913673193682154	0.21328384499435982	0.3055766031667745
42000	-7358.727681312125	-7058.099338758972	-300.6283425531531	-7058.099338758972	15.831914704999956	0.8306353361803096	0.006265149752004796	3.3644791803130927	1.0	5.196590682809794	6.711491483149727	-287.9873521146565	0.23200281990204405	0.24913673193682154	0.21328384499435982	0.3055766031667745
43000	-7352.5448435165235	-7053.064080718192	-299.4807627983321	-7053.064080718192	16.515257591028153	0.6564890523972333	0.005752180539005383	3.3644791803130927	1.0	5.196590682809794	7.050448396508815	-287.26191433595756	0.22341914216818076	0.2577204096706848	0.21328384499435982	0.3055766031667745
44000	-7316.906544211994	-7023.269099549625	-293.6374446623682	-7023.269099549625	16.127462987624227	1.227524857226244	0.006090393581325433	3.3644791803130927	1.0	5.196590682809794	6.398915510527555	-280.32407266055725	0.22091137642601677	0.2602281754128488	0.21328384499435982	0.3055766031667745
45000	-7298.321999091877	-7001.906254634349	-296.4157444575278	-7001.906254634349	16.521165749008162	1.1533691056318156	0.0062784964432057964	3.3644791803130927	1.0	5.196590682809794	6.212068798637859	-283.2317901758858	0.20827221765972456	0.2602281754128488	0.21328384499435982	0.31821576193306667
46000	-7283.052060299754	-6986.122089178834	-296.92997112091984	-6986.122089178834	16.521165749008162	1.1592416447511416	0.005998607293494336	3.3644791803130927	1.0	5.196590682809794	6.666413363843195	-283.7106405238893	0.20827221765972456	0.2602281754128488	0.21328384499435982	0.31821576193306667
47000	-7294.310760724309	-6997.94008984062	-296.3706708836893	-6997.94008984062	16.46885172532478	1.2173752452538757	0.006702288414815667	3.3644791803130927	1.0	4.551267904070201	5.87447857064376	-283.7098854214875	0.20827221765972456	0.2602281754128488	0.21328384499435982	0.31821576193306667
48000	-7295.987824412694	-7007.489865616194	-288.49795879649963	-7007.489865616194	15.440807983409906	1.0644017312782987	0.00632320079949875	3.3644791803130927	1.0	4.551267904070201	5.140856174414429	-276.3027117655787	0.20827221765972456	0.2602281754128488	0.21328384499435982	0.31821576193306667
49000	-7289.265922020018	-7005.450686581876	-283.81523543814205	-7005.450686581876	15.348805275830124	1.2264535156130507	0.007130633641818338	3.3644791803130927	1.0	4.551267904070201	5.445258494401568	-271.15248748806994	0.1969269594427672	0.2602281754128488	0.22462910321131718	0.31821576193306667
50000	-7274.720824176031	-6982.864167373668	-291.8566568023628	-6982.864167373668	15.1975690689565	1.265305054732794	0.007184869264238021	3.3644791803130927	1.0	4.551267904070201	7.991925986624519	-278.7357092856438	0.19686223589227755	0.26029289896333846	0.21860461378368157	0.3242402513607023
51000	-7261.962784070861	-6974.095720090805	-287.8670639800557	-6974.095720090805	15.839384045255422	1.5149007279541897	0.00651345668715608	3.3644791803130927	1.0	4.551267904070201	6.238487150941027	-274.68046976512625	0.19686223589227755	0.26029289896333846	0.21860461378368157	0.3242402513607023
52000	-7250.065361349015	-6964.426146964406	-285.6392143846084	-6964.426146964406	15.548944817619873	1.2478665542690799	0.006665337911914286	3.3644791803130927	1.0	4.551267904070201	5.4275723198691255	-273.010336237109	0.17959554092728813	0.27755959392832785	0.21860461378368157	0.3242402513607023
53000	-7227.503126678888	-6940.036359766081	-287.4667669128075	-6940.036359766081	15.180670328507144	0.8758172609529258	0.00630600715472672	3.3644791803130927	1.0	4.551267904070201	5.262007038148801	-275.6150475202564	0.17959554092728813	0.27755959392832785	0.19821832930259087	0.344626535841793
54000	-7232.261293511326	-6951.824934898395	-280.43635861293	-6951.824934898395	15.108031183751738	1.0227875221072857	0.0063318595813149385	3.3644791803130927	1.0	4.551267904070201	5.5695387781211965	-268.23715594484054	0.17959554092728813	0.27755959392832785	0.19821832930259087	0.344626535841793
55000	-7214.8559503338665	-6930.8889564588335	-283.9669938750327	-6930.8889564588335	15.313399046477922	1.1845341374711618	0.006820826748215455	3.3644791803130927	1.0	4.768064263899298	4.882043802816145	-271.3143567572087	0.17959554092728813	0.27755959392832785	0.19821832930259087	0.344626535841793
56000	-7216.428705281795	-6934.078725430943	-282.34997985085175	-6934.078725430943	15.519378866791243	1.3115276335091266	0.006390244551307914	3.3644791803130927	1.0	4.768064263899298	6.072323504176576	-269.3258258326523	0.1654809215873819	0.27755959392832785	0.19821832930259087	0.3587411551816992
57000	-7184.4472097829	-6910.423407466046	-274.0238023168538	-6910.423407466046	16.387275262862143	1.9389387307246724	0.007128986056202843	3.3644791803130927	1.0	4.768064263899298	5.414239600077557	-260.0255044671488	0.1654809215873819	0.27755959392832785	0.19821832930259087	0.3587411551816992
58000	-7192.527980271618	-6915.750389672675	-276.77759059894265	-6915.750389672675	16.658172710450785	1.7048348750137394	0.007315740944585971	3.3644791803130927	1.0	4.956721139119259	5.209423592963031	-262.95319146500844	0.1654809215873819	0.27755959392832785	0.19821832930259087	0.3587411551816992
59000	-7193.460883222409	-6918.680193510012	-274.780689712397	-6918.680193510012	15.314965916727987	1.0280016806015801	0.007127458051591082	3.3644791803130927	1.0	4.74660261541056	4.553556535660586	-262.4592008173663	0.1596504648226582	0.28339005069305157	0.19821832930259087	0.3587411551816992
60000	-7187.967254812772	-6909.5347572898945	-278.4324975228771	-6909.5347572898945	15.380503675729436	1.2988288290687484	0.007156798085943834	3.3644791803130927	1.0	4.74660261541056	5.292001379689689	-265.4753151861987	0.1596504648226582	0.28339005069305157	0.19821832930259087	0.3587411551816992
61000	-7195.246425853649	-6912.037224917478	-283.20920093617116	-6912.037224917478	16.087492439076428	1.0707212736441105	0.007138887018502834	3.3644791803130927	1.0	5.5131846991865965	4.818623979492378	-269.98358076002364	0.14765336151864816	0.2953871539970616	0.19821832930259087	0.3587411551816992
62000	-7182.5612561710805	-6906.053064302924	-276.5081918681565	-6906.053064302924	14.525976117212108	1.4007833928867341	0.007354457181631603	3.3644791803130927	1.0	5.5131846991865965	5.08550163297978	-262.6269585945348	0.14765336151864816	0.2953871539970616	0.19821832930259087	0.3587411551816992
63000	-7160.086590171619	-6879.748386976444	-280.33820319517497	-6879.748386976444	15.317144374570555	1.5012147311338808	0.007285727191154586	3.3644791803130927	1.0	5.5131846991865965	4.755650688912696	-266.37069114578185	0.14765336151864816	0.2953871539970616	0.17527577802169228	0.38168370646259775
64000	-7162.684879506842	-6881.777643020211	-280.90723648663027	-6881.777643020211	15.105064521111343	1.1445125529471925	0.00702173990004605	3.3644791803130927	1.0	5.5131846991865965	5.487309324279745	-267.43447398495334	0.14765336151864816	0.2953871539970616	0.17527577802169228	0.38168370646259775
65000	-7165.885811815544	-6883.1025573372435	-282.7832544783008	-6883.1025573372435	15.661062217350258	1.3253866456632855	0.006987168188396648	2.786096457341228	1.0	5.5131846991865965	4.8928325055292845	-269.32016997277174	0.14765336151864816	0.2953871539970616	0.17527577802169228	0.38168370646259775
66000	-7143.445388918544	-6864.598357394526	-278.84703152401835	-6864.598357394526	15.375182006756011	1.2603777698271754	0.006914629272461839	2.786096457341228	1.0	5.5131846991865965	4.938592588376973	-265.4953667017604	0.14765336151864816	0.31596299366503083	0.1546999383537231	0.38168370646259775
67000	-7156.915714591982	-6881.4156062729935	-275.50010831898857	-6881.4156062729935	15.776288401233403	0.9532316415137593	0.006650900096049696	2.786096457341228	1.0	5.5131846991865965	4.979532272907642	-262.737668445057	0.1538048483014104	0.31596299366503083	0.14854845157096086	0.38168370646259775
68000	-7157.14699501492	-6875.974437216416	-281.17255779850404	-6875.974437216416	14.770146548810736	1.5611036812411223	0.0070621697671042856	2.786096457341228	1.0	5.5131846991865965	4.700033391205791	-267.35593947122857	0.1538048483014104	0.31596299366503083	0.14854845157096086	0.38168370646259775
69000	-7153.367380495583	-6878.084254091112	-275.28312640447126	-6878.084254091112	15.297286972309468	1.4252267710712732	0.0073706607701771645	2.786096457341228	1.0	5.5131846991865965	5.300006074056154	-261.5213528042751	0.1538048483014104	0.31596299366503083	0.14854845157096086	0.38168370646259775
70000	-7125.45905510456	-6850.722538290213	-274.73651681434706	-6850.722538290213	13.552566029280435	2.0687328524794832	0.00786775463453067	2.786096457341228	1.0	5.5131846991865965	4.649332975692583	-260.06144041380225	0.1538048483014104	0.31596299366503083	0.14854845157096086	0.38168370646259775
71000	-7128.0885827731945	-6859.603408424082	-268.4851743491127	-6859.603408424082	15.063583793516534	1.3723387008476555	0.007116564930903053	2.786096457341228	1.0	5.322493264347455	4.657250895128193	-255.16545688743872	0.1538048483014104	0.31596299366503083	0.14854845157096086	0.38168370646259775
72000	-7125.9381123774365	-6855.726263589755	-270.2118487876811	-6855.726263589755	15.182294571436863	1.5213836425082587	0.008058791311497223	2.786096457341228	1.0	5.322493264347455	4.43339122557327	-256.5748944922661	0.146853130744854	0.3208423139071034	0.1430672089932133	0.38923734635482915
73000	-7125.684195041777	-6859.458626413644	-266.22556862813207	-6859.458626413644	15.48351895314914	1.3532131135968637	0.0077939909426460886	2.786096457341228	1.0	5.322493264347455	5.020837509353301	-252.77128572586574	0.146853130744854	0.3208423139071034	0.1430672089932133	0.38923734635482915
74000	-7126.157312749511	-6855.278083172387	-270.8792295771246	-6855.278083172387	15.48351895314914	1.1169060009668508	0.0074270630011062455	2.786096457341228	1.0	5.322493264347455	4.310397044290674	-258.0348964256534	0.146853130744854	0.3208423139071034	0.1430672089932133	0.38923734635482915
75000	-7124.846181010734	-6859.710967439071	-265.1352135716628	-6859.710967439071	15.774802820477303	1.0994462134591962	0.007215775279796661	2.786096457341228	1.0	5.322493264347455	4.108269005992357	-252.39947646777182	0.146853130744854	0.3208423139071034	0.1430672089932133	0.38923734635482915
76000	-7132.198125361187	-6866.9571314577715	-265.24099390341513	-6866.9571314577715	16.17369382144753	1.4236254034770333	0.007501607435479657	2.786096457341228	1.0	5.322493264347455	4.673433985094733	-251.78068587951404	0.146853130744854	0.3208423139071034	0.1430672089932133	0.38923734635482915
77000	-7140.757861496638	-6873.198382705409	-267.55947879122886	-6873.198382705409	14.244547920345124	1.0537348943636877	0.00840898119729451	2.786096457341228	1.0	4.318574637293475	5.13874344963983	-255.53432522939877	0.146853130744854	0.3208423139071034	0.1430672089932133	0.38923734635482915
78000	-7108.241083384617	-6841.783640202941	-266.4574431816764	-6841.783640202941	13.842382179477951	1.1821171555637386	0.007916302805550614	2.786096457341228	1.0	4.318574637293475	5.508160766009434	-254.19158249683414	0.12111311378924033	0.3208423139071034	0.11979607939460513	0.438248492909051
79000	-7109.698859333459	-6840.7927932237035	-268.9060661097551	-6840.7927932237035	14.712559233921603	1.4286668394766657	0.007771635849770861	2.786096457341228	1.0	4.318574637293475	4.574666621002908	-256.42735750582005	0.11393471962741068	0.3208423139071034	0.11979607939460513	0.44542688707088063
80000	-7094.001346380924	-6828.444375182437	-265.55697119848617	-6828.444375182437	15.461228381560518	1.4434589303109902	0.008215637980399582	2.786096457341228	1.0	4.318574637293475	5.115806315354175	-252.88667387958304	0.12001875036068907	0.3208423139071034	0.11371204866132675	0.44542688707088063
81000	-7125.122412686409	-6858.041520645493	-267.08089204091664	-6858.041520645493	14.689559827649695	0.9416902310330302	0.007118793081575165	2.786096457341228	1.0	4.318574637293475	4.809694247336044	-255.50215552901656	0.12001875036068907	0.3208423139071034	0.11371204866132675	0.44542688707088063
82000	-7111.261266293904	-6839.018002286939	-272.2432640069648	-6839.018002286939	14.53183047466377	1.2256275097292406	0.007397610137773443	2.345613239732274	1.0	4.318574637293475	5.13210105570261	-260.2053557477808	0.12001875036068907	0.3208423139071034	0.11371204866132675	0.44542688707088063
83000	-7121.286067585019	-6848.439158699144	-272.84690888587426	-6848.439158699144	15.675826649054146	0.8728003501196488	0.00778542421915042	2.345613239732274	1.0	4.318574637293475	4.4505201240585235	-261.55864458654804	0.12001875036068907	0.33143210277321405	0.11371204866132675	0.43483709820476996
84000	-7108.976054424535	-6837.964882530082	-271.0111718944526	-6837.964882530082	15.221694442588745	1.4556451341656311	0.008104344622906191	2.345613239732274	1.0	4.318574637293475	3.9207373018744014	-258.7661910049009	0.12001875036068907	0.33143210277321405	0.11371204866132675	0.43483709820476996
85000	-7090.464658896233	-6820.476554165686	-269.98810473054675	-6820.476554165686	14.492988661348779	1.537661916783836	0.007788485068370066	2.345613239732274	1.0	5.712367760981699	5.260564952380537	-255.96389379300857	0.12001875036068907	0.33143210277321405	0.11371204866132675	0.43483709820476996
86000	-7091.439821946498	-6818.565177905847	-272.8746440406511	-6818.565177905847	15.834637703366203	1.1161931160106544	0.007102342050030173	2.345613239732274	1.0	5.712367760981699	4.34947081538188	-259.84283817352514	0.12001875036068907	0.33143210277321405	0.11371204866132675	0.43483709820476996
87000	-7102.9667832142095	-6827.442381606942	-275.5244016072671	-6827.442381606942	16.72733143204618	0.8678691488823099	0.007329283462453469	2.345613239732274	1.0	5.712367760981699	5.371122207971071	-262.7248885886442	0.12001875036068907	0.33143210277321405	0.11371204866132675	0.43483709820476996
88000	-7107.407763986511	-6826.476553742161	-280.93121024434987	-6826.476553742161	16.053714073472786	1.047698978825987	0.00681628709053262	2.2317437485487672	1.0	5.712367760981699	4.821386545214546	-268.00735116297795	0.12001875036068907	0.33143210277321405	0.10416391190325373	0.444385234962843
89000	-7115.743671347739	-6835.635922941345	-280.10774840639425	-6835.635922941345	15.745410655778631	0.9398384670295584	0.006680465433121404	2.1625625757790714	1.0	5.712367760981699	4.79711277391059	-267.44193629083185	0.12001875036068907	0.33143210277321405	0.10416391190325373	0.444385234962843
90000	-7086.982177111495	-6805.884980326262	-281.09719678523305	-6805.884980326262	16.703846803384955	1.283320337824204	0.007002699701093452	2.1625625757790714	1.0	5.712367760981699	5.288268620192944	-267.66288315590674	0.11841408676843732	0.3330367663654658	0.10416391190325373	0.444385234962843
91000	-7100.902595761244	-6819.497583792151	-281.4050119690928	-6819.497583792151	14.521419964430354	1.095854207759832	0.007307179487350037	2.1625625757790714	1.0	5.171054076832348	5.447843501546018	-268.76922084710304	0.11841408676843732	0.3330367663654658	0.10416391190325373	0.444385234962843
92000	-7114.405082690276	-6833.607627723591	-280.79745496668534	-6833.607627723591	15.882406505783644	1.125218313498893	0.006951650178481691	2.1625625757790714	1.0	5.171054076832348	4.948127114002792	-268.2546962401975	0.09089647581483346	0.3330367663654658	0.10416391190325373	0.4719028459164468
93000	-7095.233739595254	-6817.4179543925975	-277.815785202656	-6817.4179543925975	15.087169026284801	1.3413663361860033	0.007631663317583762	1.7682393841204478	1.0	5.171054076832348	5.225407758081574	-264.90954943567317	0.09089647581483346	0.3330367663654658	0.10416391190325373	0.4719028459164468
94000	-7120.630555027623	-6840.116708993799	-280.51384603382394	-6840.116708993799	15.736692377811336	0.9209457635629931	0.006875099998623044	1.7682393841204478	1.0	5.171054076832348	6.509354266198124	-268.25139620221813	0.09089647581483346	0.3330367663654658	0.10416391190325373	0.4719028459164468
95000	-7114.955169282612	-6831.084627251674	-283.8705420309375	-6831.084627251674	15.247299885647445	0.9283004279133199	0.0068668717529191065	1.8691754621290828	1.0	6.429507907383754	4.933731213482839	-270.5722479086866	0.09089647581483346	0.3330367663654658	0.10416391190325373	0.4719028459164468
96000	-7102.02787445093	-6816.885453263793	-285.1424211871362	-6816.885453263793	15.259759579418752	1.3569014988148071	0.006889544700854649	1.8691754621290828	1.0	6.009684531649858	5.913017493504574	-271.309342808216	0.09089647581483346	0.3330367663654658	0.10416391190325373	0.4719028459164468
97000	-7118.29774058686	-6831.036955426724	-287.260785160136	-6831.036955426724	16.11315399120053	0.8299934825185735	0.007103079507791005	1.8691754621290828	1.0	5.9686862879125036	5.199951332016255	-274.5359228099668	0.09089647581483346	0.3330367663654658	0.10416391190325373	0.4719028459164468
98000	-7114.7768055660545	-6833.030720147734	-281.7460854183199	-6833.030720147734	16.48346798543833	0.9896389029403476	0.007077789739607049	1.8691754621290828	1.0	5.306438271904909	4.9750609938971255	-269.413281448329	0.09089647581483346	0.3330367663654658	0.10416391190325373	0.4719028459164468
99000	-7109.023300142084	-6826.20579891419	-282.8175012278938	-6826.20579891419	15.55195736292842	1.0247541334143746	0.007097215761196213	1.8691754621290828	1.0	5.306438271904909	4.351928549544375	-270.54927288455843	0.09089647581483346	0.3330367663654658	0.10416391190325373	0.4719028459164468
100000	-7099.36957188123	-6817.1869590966235	-282.1826127846058	-6817.1869590966235	15.711028485019252	1.2054368426316904	0.007104903556999686	1.8691754621290828	1.0	5.306438271904909	5.467614910089067	-269.358243050969	0.09089647581483346	0.3330367663654658	0.10416391190325373	0.4719028459164468
