#
#model:
#
#<?xml version="1.0" encoding="UTF-8" standalone="no"?><input id="posterior" spec="beast.core.util.CompoundDistribution">
#    <distribution id="prior" spec="beast.core.util.CompoundDistribution">
#        <distribution id="CoalescentConstant.t:1" spec="beast.evolution.tree.coalescent.Coalescent">
#            <populationModel id="ConstantPopulation.t:1" spec="beast.evolution.tree.coalescent.ConstantPopulation">
#                <parameter id="popSize.t:1" name="popSize" spec="beast.core.parameter.RealParameter">0.3</parameter>
#            </populationModel>
#            <treeIntervals id="TreeIntervals.t:1" spec="beast.evolution.tree.coalescent.TreeIntervals">
#                <tree id="Tree.t:1" spec="beast.evolution.tree.Tree">
#                    <trait id="dateTrait.t:1" spec="beast.evolution.tree.TraitSet" traitname="date" value="2_2000.1=2000.1,17_2001.6=2001.6,18_2001.7=2001.7,21_2002=2002,24_2002.3=2002.3,26_2002.5=2002.5,5_2000.4=2000.4,7_2000.6=2000.6,4_2000.3=2000.3,13_2001.2=2001.2,15_2001.4=2001.4,16_2001.5=2001.5,1_2000=2000,8_2000.7=2000.7,3_2000.2=2000.2,12_2001.1=2001.1,22_2002.1=2002.1,32_2003.1=2003.1,28_2002.7=2002.7,43_2004.2=2004.2,46_2004.5=2004.5,55_2005.4=2005.4,63_2006.2=2006.2,65_2006.4=2006.4,66_2006.5=2006.5,67_2006.6=2006.6,23_2002.2=2002.2,10_2000.9=2000.9,14_2001.3=2001.3,33_2003.2=2003.2,39_2003.8=2003.8,34_2003.3=2003.3,44_2004.3=2004.3,48_2004.7=2004.7,53_2005.2=2005.2,52_2005.1=2005.1,58_2005.7=2005.7,9_2000.8=2000.8,6_2000.5=2000.5,11_2001=2001,25_2002.4=2002.4,20_2001.9=2001.9,47_2004.6=2004.6,36_2003.5=2003.5,45_2004.4=2004.4,50_2004.9=2004.9,42_2004.1=2004.1,51_2005=2005,35_2003.4=2003.4,37_2003.6=2003.6,57_2005.6=2005.6,59_2005.8=2005.8,61_2006=2006,62_2006.1=2006.1,41_2004=2004,40_2003.9=2003.9,49_2004.8=2004.8,74_2007.3=2007.3,77_2007.6=2007.6,68_2006.7=2006.7,70_2006.9=2006.9,81_2008=2008,19_2001.8=2001.8,27_2002.6=2002.6,29_2002.8=2002.8,30_2002.9=2002.9,31_2003=2003,38_2003.7=2003.7,56_2005.5=2005.5,69_2006.8=2006.8,82_2008.1=2008.1,80_2007.9=2007.9,83_2008.2=2008.2,87_2008.6=2008.6,71_2007=2007,75_2007.4=2007.4,72_2007.1=2007.1,91_2009=2009,88_2008.7=2008.7,94_2009.3=2009.3,98_2009.7=2009.7,79_2007.8=2007.8,84_2008.3=2008.3,78_2007.7=2007.7,76_2007.5=2007.5,89_2008.8=2008.8,93_2009.2=2009.2,96_2009.5=2009.5,97_2009.6=2009.6,95_2009.4=2009.4,100_2009.9=2009.9,54_2005.3=2005.3,60_2005.9=2005.9,64_2006.3=2006.3,73_2007.2=2007.2,86_2008.5=2008.5,85_2008.4=2008.4,90_2008.9=2008.9,99_2009.8=2009.8,92_2009.1=2009.1,101_2010=2010">
#                        <taxa id="TaxonSet.1" spec="beast.evolution.alignment.TaxonSet">
#                        </taxa>
#                    </trait>
#                    <taxonset idref="TaxonSet.1"/>
#                </tree>
#            </treeIntervals>
#        </distribution>
#        <prior id="rateOmega.prior" name="distribution">
#            <parameter id="rateOmega" lower="0.1" name="x" spec="beast.core.parameter.RealParameter" upper="10.0">0.5</parameter>
#            <Gamma id="Gamma.0" name="distr">
#                <parameter estimate="false" id="rateOmega.alpha" name="alpha" spec="beast.core.parameter.RealParameter">0.1</parameter>
#                <parameter estimate="false" id="rateOmega.beta" name="beta" spec="beast.core.parameter.RealParameter">1.0</parameter>
#            </Gamma>
#        </prior>
#        <prior id="rateMean.prior" name="distribution">
#            <parameter id="rateMean" lower="1.0E-4" name="x" spec="beast.core.parameter.RealParameter" upper="10.0">0.005</parameter>
#            <Gamma id="Gamma.1" name="distr">
#                <parameter estimate="false" id="rateMean.alpha" name="alpha" spec="beast.core.parameter.RealParameter">0.005</parameter>
#                <parameter estimate="false" id="rateMean.beta" name="beta" spec="beast.core.parameter.RealParameter">1.0</parameter>
#            </Gamma>
#        </prior>
#        <prior id="FrequenciesPrior.s:1" name="distribution">
#            <parameter dimension="4" id="freqParameter.s:1" lower="0.0" name="x" spec="beast.core.parameter.RealParameter" upper="1.0">0.25</parameter>
#            <Uniform id="Uniform.3" name="distr"/>
#        </prior>
#        <prior id="GammaShapePrior.s:1" name="distribution">
#            <parameter id="gammaShape.s:1" name="x" spec="beast.core.parameter.RealParameter">1.0</parameter>
#            <Exponential id="Exponential.0" name="distr">
#                <parameter estimate="false" id="RealParameter.0" name="mean" spec="beast.core.parameter.RealParameter">1.0</parameter>
#            </Exponential>
#        </prior>
#        <prior id="KappaPrior.s:1" name="distribution">
#            <parameter id="kappa.s:1" lower="0.0" name="x" spec="beast.core.parameter.RealParameter">2.0</parameter>
#            <LogNormal id="LogNormalDistributionModel.0" name="distr">
#                <parameter estimate="false" id="RealParameter.1" name="M" spec="beast.core.parameter.RealParameter">1.0</parameter>
#                <parameter estimate="false" id="RealParameter.2" name="S" spec="beast.core.parameter.RealParameter">1.25</parameter>
#            </LogNormal>
#        </prior>
#        <prior id="PopSizePrior.t:1" name="distribution" x="@popSize.t:1">
#            <OneOnX id="OneOnX.1" name="distr"/>
#        </prior>
#    </distribution>
#    <distribution id="likelihood" spec="beast.core.util.CompoundDistribution" useThreads="true">
#        <distribution data="@1" id="treeLikelihood.1" spec="beast.evolution.likelihood.ThreadedTreeLikelihood" tree="@Tree.t:1">
#            <siteModel gammaCategoryCount="4" id="SiteModel.s:1" shape="@gammaShape.s:1" spec="beast.evolution.sitemodel.SiteModel">
#                <parameter id="mutationRate.s:1" name="mutationRate" spec="beast.core.parameter.RealParameter">1.0</parameter>
#                <parameter estimate="false" id="proportionInvariant.s:1" lower="0.0" name="proportionInvariant" spec="beast.core.parameter.RealParameter" upper="1.0">0.0</parameter>
#                <substModel id="hky.s:1" kappa="@kappa.s:1" spec="beast.evolution.substitutionmodel.HKY">
#                    <frequencies frequencies="@freqParameter.s:1" id="estimatedFreqs.s:1" spec="beast.evolution.substitutionmodel.Frequencies"/>
#                </substModel>
#            </siteModel>
#            <branchRateModel id="branchRates" numSites="1000" numberOfDiscreteRates="12" rateMean="@rateMean" rateOmega="@rateOmega" spec="beast.evolution.branchratemodel.ARClockModel" tree="@Tree.t:1">
#                <rateCategories dimension="200" id="rateCategories" spec="beast.core.parameter.IntegerParameter">1</rateCategories>
#            </branchRateModel>
#        </distribution>
#    </distribution>
#</input>
#
Sample	posterior	likelihood	prior	treeLikelihood	TreeHeight	rateOmega	rateMean	kappa	mutationRate	gammaShape	popSize	CoalescentConstant	freqParameter.1	freqParameter.2	freqParameter.3	freqParameter.4
0	-29798.606838039203	-29564.573631868843	-234.03320617036022	-29564.573631868843	10.751582664363609	0.5	0.005	2.0	1.0	1.0	0.3	-230.21431273121476	0.25	0.25	0.25	0.25
1000	-17412.454978481815	-17025.45995387631	-386.99502460550684	-17025.45995387631	11.538839946181797	0.5303394099238943	0.030315754233670656	3.9361561049888136	1.0	1.0	1.8470982856944447	-378.7658674746973	0.25	0.25	0.25	0.25
2000	-14853.49943710098	-14549.644474036064	-303.85496306491535	-14549.644474036064	13.089403399781077	4.282844458644715	0.02385356364326242	3.9361561049888136	1.0	1.0	6.965555541311278	-288.91096693103896	0.25	0.2425357085385297	0.25	0.2574642914614703
3000	-13788.621869491366	-13486.917680164735	-301.7041893266298	-13486.917680164735	14.081950020538798	6.940704766143078	0.022948109489190377	3.9361561049888136	1.0	1.0	6.581356290435362	-283.7639720901561	0.25	0.2425357085385297	0.25	0.2574642914614703
4000	-12289.871774054518	-11982.952412263974	-306.9193617905436	-11982.952412263974	13.203915500151126	8.657820299293327	0.020269551960319092	3.9361561049888136	1.0	1.0	6.0677909322448755	-287.27049523633434	0.24479804294479682	0.2420937960754422	0.25	0.263108160979761
5000	-11216.303605042704	-10907.41241762495	-308.8911874177538	-10907.41241762495	18.451811331816543	9.549510268546326	0.020312221228235214	3.9361561049888136	1.0	1.0	8.041663259758902	-287.9786303409129	0.24479804294479682	0.2420937960754422	0.24745607383798335	0.2656520871417776
6000	-10842.269087757955	-10535.693520210085	-306.57556754786964	-10535.693520210085	17.385042798226443	9.61325451507453	0.018078642194154004	3.9361561049888136	1.0	1.0	7.195585953117441	-285.82258933142253	0.24479804294479682	0.2420937960754422	0.24745607383798335	0.2656520871417776
7000	-10556.059687976805	-10240.262540643374	-315.7971473334314	-10240.262540643374	16.571943078772932	9.712573562327368	0.016891588789603496	3.9361561049888136	1.0	1.0	7.203226693566292	-295.00330108496325	0.24404276065921818	0.25082441650354176	0.23948073569546244	0.2656520871417776
8000	-10338.932160327533	-10022.9357805861	-315.9963797414332	-10022.9357805861	17.31044235429771	9.828656209628463	0.017236676132609242	3.9361561049888136	1.0	0.6454434098925004	6.075044383513958	-295.58018675648685	0.23906585300292602	0.2588374965773648	0.23644456327793154	0.2656520871417776
9000	-10076.145474339119	-9757.378798903235	-318.7666754358825	-9757.378798903235	17.31044235429771	9.426349080055365	0.01419835456707575	3.9361561049888136	1.0	0.6454434098925004	6.850921718375492	-298.86619181855184	0.23885460059940744	0.2588374965773648	0.2366558156814501	0.2656520871417776
10000	-9883.720255171302	-9560.559334506095	-323.1609206652065	-9560.559334506095	17.42807252475314	9.95393118692792	0.013768777360813195	4.744816161779821	1.0	0.7869993131861212	7.221803191976938	-302.27827322030373	0.23970801667946326	0.2588374965773648	0.2358023996013943	0.2656520871417776
11000	-9566.601923309781	-9241.19685162115	-325.4050716886321	-9241.19685162115	17.082344859137248	9.106707794906962	0.013010080613380588	4.744816161779821	1.0	0.8585749066964843	7.789509027465989	-305.35961388771227	0.23970801667946326	0.2588374965773648	0.2358023996013943	0.2656520871417776
12000	-9492.54767095899	-9164.854265784546	-327.6934051744428	-9164.854265784546	17.09592167630262	8.226659500498716	0.012325575888666838	4.744816161779821	1.0	0.8585749066964843	7.353163891374707	-308.731573227721	0.23970801667946326	0.2588374965773648	0.2358023996013943	0.2656520871417776
13000	-9290.498268119401	-8965.616847671083	-324.8814204483185	-8965.616847671083	18.805584532757145	5.866663646864139	0.010773581118336196	4.744816161779821	1.0	0.8590471371495406	8.150561106760065	-308.615899177823	0.23970801667946326	0.2588374965773648	0.2358023996013943	0.2656520871417776
14000	-9181.530444069376	-8857.346851599328	-324.18359247004844	-8857.346851599328	19.3244760071665	6.205044865596364	0.010269688520038648	4.744816161779821	1.0	0.8590471371495406	8.102222070671163	-307.58333414543813	0.23970801667946326	0.2588374965773648	0.2358023996013943	0.2656520871417776
15000	-9045.710533536474	-8723.513397555605	-322.19713598086804	-8723.513397555605	20.08019331323644	4.420254275991876	0.010340530645720016	4.744816161779821	1.0	0.9508801495731023	7.753210361485037	-307.63220451029093	0.23970801667946326	0.2588374965773648	0.2358023996013943	0.2656520871417776
16000	-8978.199002192163	-8658.440049607918	-319.7589525842451	-8658.440049607918	20.267629737983427	4.5464740794379805	0.010363654807342693	4.744816161779821	1.0	0.9508801495731023	8.196216056731803	-304.9846506898133	0.23095044495977915	0.2588374965773648	0.2445599713210784	0.2656520871417776
17000	-8832.764805237917	-8509.968039641511	-322.79676559640586	-8509.968039641511	20.059573717613066	4.854451154347677	0.010709244713762193	4.571997717119571	1.0	0.9508801495731023	7.366631570863189	-307.7791145022946	0.22121813387687575	0.2685698076602682	0.2445599713210784	0.2656520871417776
18000	-8714.625519162919	-8392.797109877793	-321.82840928512604	-8392.797109877793	19.137523851387037	5.828655280367016	0.010242911459663951	4.571997717119571	1.0	0.9508801495731023	7.269871343600052	-305.7299399674455	0.22121813387687575	0.2685698076602682	0.2445599713210784	0.2656520871417776
19000	-8695.982770988685	-8373.884440066002	-322.09833092268343	-8373.884440066002	19.836187382147628	5.120437683451647	0.009517884292839016	4.571997717119571	1.0	0.9508801495731023	7.489744949554704	-306.8686460859871	0.22121813387687575	0.2685698076602682	0.2445599713210784	0.2656520871417776
20000	-8668.599440155553	-8341.601377816465	-326.998062339087	-8341.601377816465	19.210933073496555	6.280667502278738	0.009707564251939315	4.571997717119571	1.0	0.9508801495731023	8.579665989366724	-310.26865090319944	0.2198839649041227	0.2685698076602682	0.23875695961444707	0.272789267821162
21000	-8662.749155729965	-8339.93167252315	-322.81748320681623	-8339.93167252315	19.541973410415874	4.893878664176857	0.009336104889020024	4.571997717119571	1.0	1.7473319387649142	7.770672107807983	-307.04118177593824	0.2198839649041227	0.2685698076602682	0.23875695961444707	0.272789267821162
22000	-8624.740300949388	-8297.031450289522	-327.7088506598668	-8297.031450289522	19.474447553854272	5.963549929635972	0.009479769807932385	4.571997717119571	1.0	1.7473319387649142	9.478071449904995	-310.47100286598817	0.2198839649041227	0.2685698076602682	0.23875695961444707	0.272789267821162
23000	-8559.01360400371	-8231.30769209979	-327.7059119039212	-8231.30769209979	19.06620880287415	5.940896046135243	0.009451377413690452	4.571997717119571	1.0	1.8428409424197714	8.07962062450573	-310.56128323494033	0.2198839649041227	0.2685698076602682	0.23875695961444707	0.272789267821162
24000	-8544.079625163577	-8210.406319904629	-333.6733052589482	-8210.406319904629	18.67042292036226	7.616750218075704	0.009466035307375428	4.571997717119571	1.0	1.8428409424197714	9.38005464455986	-314.47838432243856	0.2198839649041227	0.2685698076602682	0.23875695961444707	0.272789267821162
25000	-8547.568135480033	-8209.520316689923	-338.04781879010926	-8209.520316689923	18.67042292036226	6.100580752739017	0.009332326747721062	4.571997717119571	1.0	1.8428409424197714	10.586542589032097	-320.46212689740236	0.2198839649041227	0.2685698076602682	0.23875695961444707	0.272789267821162
26000	-8504.67103444487	-8172.93012132879	-331.74091311607987	-8172.93012132879	20.0208260404949	5.288422506379656	0.009478374102814272	4.571997717119571	1.0	1.8428409424197714	8.038097609143428	-315.35575140258436	0.2198839649041227	0.2685698076602682	0.23875695961444707	0.272789267821162
27000	-8319.566119269226	-7986.06374043071	-333.5023788385166	-7986.06374043071	20.661101891185037	4.311007291181675	0.00887561832188272	4.823318451067795	1.0	1.8428409424197714	8.428584833386209	-318.2248531758023	0.2198839649041227	0.2685698076602682	0.23875695961444707	0.272789267821162
28000	-8228.98186810838	-7898.041672902887	-330.9401952054927	-7898.041672902887	20.887956996348255	4.777907196575534	0.008855038497474443	4.823318451067795	1.0	1.8428409424197714	8.483816723904551	-315.0990205111398	0.2198839649041227	0.2685698076602682	0.23875695961444707	0.272789267821162
29000	-8092.383121088689	-7764.19360957577	-328.1895115129195	-7764.19360957577	21.929995528627142	3.206680658387157	0.007937158156258757	4.823318451067795	1.0	1.8428409424197714	8.159266299697151	-314.4272612438094	0.21332520830140977	0.27512856426298116	0.23875695961444707	0.272789267821162
30000	-7961.316551929362	-7636.568026760727	-324.74852516863456	-7636.568026760727	21.769746751735326	3.638855953904545	0.007716724239623492	4.823318451067795	1.0	1.8428409424197714	7.877812690820729	-310.503658822432	0.21332520830140977	0.27512856426298116	0.23875695961444707	0.272789267821162
31000	-7908.952085478041	-7584.455667551845	-324.4964179261959	-7584.455667551845	21.043983934551317	3.467355300781209	0.007305660724681687	4.823318451067795	1.0	2.5977093559336675	7.902524223026079	-309.7633791742907	0.21332520830140977	0.27512856426298116	0.23827322480813465	0.2732730026274744
32000	-7886.708468054182	-7563.231081237523	-323.4773868166594	-7563.231081237523	23.28586663748478	3.4913659953135165	0.00696117210603008	4.823318451067795	1.0	2.5977093559336675	9.786230814107087	-308.5487369974186	0.21332520830140977	0.27512856426298116	0.23827322480813465	0.2732730026274744
33000	-7897.223070530558	-7577.068236831446	-320.1548336991123	-7577.068236831446	24.65742480318953	3.912517582223195	0.006562404598613279	4.823318451067795	1.0	2.5313755579048967	7.911906327308876	-305.0405691155104	0.21332520830140977	0.27512856426298116	0.23827322480813465	0.2732730026274744
34000	-7910.177884935654	-7582.462282314189	-327.7156026214657	-7582.462282314189	27.552282634026366	2.6262923088682952	0.006459884984647023	4.823318451067795	1.0	3.5739975617207542	7.646044787717027	-313.2536381082032	0.21332520830140977	0.27512856426298116	0.23827322480813465	0.2732730026274744
35000	-7871.050421269679	-7554.408450656827	-316.6419706128519	-7554.408450656827	29.19673755757102	3.66117550259225	0.006862813085848357	4.823318451067795	1.0	3.5739975617207542	7.266366941396449	-300.83645858193927	0.21332520830140977	0.27512856426298116	0.23827322480813465	0.2732730026274744
36000	-7864.607975326084	-7541.9681441197945	-322.63983120628893	-7541.9681441197945	27.7707078874035	3.7214314787143037	0.006612156615489237	4.823318451067795	1.0	4.336616683868073	8.203002291093703	-305.91278075534126	0.21332520830140977	0.2759898464048424	0.23827322480813465	0.27241172048561313
37000	-7875.610085716861	-7556.011532207643	-319.59855350921873	-7556.011532207643	27.7707078874035	2.8732779036976566	0.006388960126464479	4.823318451067795	1.0	4.336616683868073	7.2911993389876395	-304.104668059144	0.21332520830140977	0.2759898464048424	0.23827322480813465	0.27241172048561313
38000	-7874.742498170347	-7550.997866468252	-323.744631702095	-7550.997866468252	26.89364323414263	4.289711002942371	0.006845815661680785	4.823318451067795	1.0	5.211989941156771	6.590086367893156	-305.63017459970695	0.20796918759001554	0.26805228976899653	0.23827322480813465	0.28570529783285326
39000	-7802.986696273673	-7480.481415987357	-322.5052802863168	-7480.481415987357	27.834274538023205	3.4609062584468697	0.006500174179443774	4.5133066765653895	1.0	5.211989941156771	8.772831311321834	-305.2680515135027	0.20796918759001554	0.26805228976899653	0.23827322480813465	0.28570529783285326
40000	-7714.287760763992	-7395.412286974918	-318.87547378907414	-7395.412286974918	23.845621868198002	2.8948031314210674	0.006634909937724121	4.5133066765653895	1.0	5.211989941156771	6.7404793393002596	-302.60808045753464	0.20796918759001554	0.26805228976899653	0.23827322480813465	0.28570529783285326
41000	-7578.751989071945	-7260.627225115289	-318.1247639566564	-7260.627225115289	23.29268785124943	3.2072331900178734	0.006779231925070264	4.114275356223853	1.0	5.211989941156771	7.789014592140428	-301.40642283420937	0.21419029283165347	0.26805228976899653	0.21628735130552623	0.3014700660938237
42000	-7504.518394552027	-7186.590826836817	-317.9275677152102	-7186.590826836817	22.96304250689145	4.271684882231224	0.006531837469845386	4.114275356223853	1.0	5.211989941156771	6.801954791209553	-300.05957651603455	0.21419029283165347	0.26805228976899653	0.21628735130552623	0.3014700660938237
43000	-7506.729608555433	-7188.144636534992	-318.5849720204403	-7188.144636534992	22.233981784402065	4.89395414391194	0.0068006731140629086	4.114275356223853	1.0	5.7215371716409384	8.791060106927603	-299.1658455562385	0.21154999312968084	0.26805228976899653	0.21628735130552623	0.30411036579579637
44000	-7482.084201286206	-7162.404991140604	-319.6792101456024	-7162.404991140604	22.29736912686144	5.171804636650983	0.006359957301724785	4.114275356223853	1.0	5.7215371716409384	6.573396330309924	-300.29034451706457	0.21154999312968084	0.26805228976899653	0.21628735130552623	0.30411036579579637
45000	-7442.171755228215	-7124.429728486822	-317.74202674139326	-7124.429728486822	21.703209039613125	5.256645122799837	0.006625065098869932	3.2375520811620158	1.0	4.540537561422377	7.361815419220945	-299.5653357003453	0.19403123274495732	0.26805228976899653	0.21628735130552623	0.32162912618051986
46000	-7425.321261679852	-7109.252055113095	-316.06920656675726	-7109.252055113095	21.744414520704783	4.562661559134843	0.006641704325836837	3.2375520811620158	1.0	4.540537561422377	8.188847283972127	-298.60494820234493	0.19403123274495732	0.26805228976899653	0.21628735130552623	0.32162912618051986
47000	-7426.618387117663	-7109.276512787465	-317.341874330197	-7109.276512787465	23.944136002769017	4.589087568951741	0.006369762726588001	3.2375520811620158	1.0	4.540537561422377	8.325077842117645	-299.8713624262366	0.19403123274495732	0.26805228976899653	0.21628735130552623	0.32162912618051986
48000	-7421.943123798648	-7107.948071751406	-313.99505204724164	-7107.948071751406	22.070729822585925	3.9991274161707477	0.006578346289172939	3.2375520811620158	1.0	4.540537561422377	7.173557137164959	-297.35494691302114	0.19403123274495732	0.26805228976899653	0.21628735130552623	0.32162912618051986
49000	-7381.389716234893	-7069.451048847515	-311.93866738737813	-7069.451048847515	22.219737859779887	4.061049169912753	0.006133154138539135	3.2375520811620158	1.0	4.540537561422377	6.722948804471071	-295.3578556798434	0.19403123274495732	0.26805228976899653	0.21628735130552623	0.32162912618051986
50000	-7359.647455515595	-7047.577663963357	-312.06979155223814	-7047.577663963357	22.98561093966605	4.463707686766228	0.006864343224743902	3.2375520811620158	1.0	4.540537561422377	7.3649978781737495	-294.7972256501816	0.19403123274495732	0.26805228976899653	0.2082548145770224	0.32966166290902366
51000	-7343.102604807258	-7035.491820370535	-307.6107844367234	-7035.491820370535	22.48991530272938	4.147480233764852	0.005987971559487593	3.2375520811620158	1.0	4.540537561422377	6.722935763339492	-290.9485717888083	0.19403123274495732	0.26805228976899653	0.2082548145770224	0.32966166290902366
52000	-7332.577036734527	-7018.520961028159	-314.05607570636806	-7018.520961028159	25.2875931386876	4.513211323530362	0.006078133490444724	3.2375520811620158	1.0	4.540537561422377	6.042222753169425	-297.0438673990078	0.17197147526338796	0.2901120472505659	0.2082548145770224	0.32966166290902366
53000	-7270.766932123081	-6961.2679696767145	-309.49896244636574	-6961.2679696767145	25.189728936485395	4.682176527050262	0.005932254787017285	3.2375520811620158	1.0	4.540537561422377	5.899720794502709	-292.33289483939996	0.17197147526338796	0.2901120472505659	0.1793870778688745	0.35852939961717156
54000	-7258.207539460444	-6951.738573655544	-306.4689658049002	-6951.738573655544	25.65257873904284	3.8474622716033995	0.005679246069552658	3.2375520811620158	1.0	4.540537561422377	7.052585786754377	-290.1794584784797	0.17197147526338796	0.2901120472505659	0.1793870778688745	0.35852939961717156
55000	-7252.267645669781	-6941.611241964927	-310.6564037048538	-6941.611241964927	25.130024580024923	4.644551941785099	0.006103218512232196	3.2375520811620158	1.0	4.540537561422377	6.464860404736019	-293.41530485175616	0.17197147526338796	0.2901120472505659	0.1793870778688745	0.35852939961717156
56000	-7179.640191062915	-6876.45138498594	-303.1888060769741	-6876.45138498594	23.620522149245023	3.903166275280204	0.005954720252896183	3.2375520811620158	1.0	4.540537561422377	6.123875140427125	-286.92445272738837	0.14610497117383997	0.3159785513401139	0.15346783445325438	0.3844486430327917
57000	-7169.871310222043	-6861.2919192962645	-308.57939092577794	-6861.2919192962645	22.393653866152793	4.772321404399531	0.006424118424494245	3.2375520811620158	1.0	4.540537561422377	4.918587756038989	-291.4081505912917	0.14610497117383997	0.3159785513401139	0.15346783445325438	0.3844486430327917
58000	-7137.816550998299	-6832.909904419591	-304.9066465787082	-6832.909904419591	23.348204489777373	5.788200082289068	0.006305345001716916	3.2375520811620158	1.0	4.540537561422377	5.4656759822539485	-286.45905872621773	0.14610497117383997	0.31678973172259095	0.15265665407077728	0.3844486430327917
59000	-7147.430637024732	-6845.654450308537	-301.77618671619575	-6845.654450308537	25.843090104938586	5.905956210333838	0.005981577585044316	3.2375520811620158	1.0	4.540537561422377	6.1963358488160045	-283.12001996841616	0.13805177424307247	0.32484292865335845	0.15265665407077728	0.3844486430327917
60000	-7138.907428378206	-6841.073648936387	-297.8337794418187	-6841.073648936387	23.973812682246233	4.615184229120685	0.006275440726598318	3.2375520811620158	1.0	4.540537561422377	6.735793393927875	-280.55884237902575	0.13805177424307247	0.3115916383326571	0.15265665407077728	0.3976999333534931
61000	-7128.294698988321	-6828.896969992031	-299.3977289962903	-6828.896969992031	22.020525118333715	5.5579769247672886	0.006786661611758866	3.2375520811620158	1.0	4.540537561422377	6.1896244719640094	-281.0188311869048	0.13805177424307247	0.31165916150881223	0.15265665407077728	0.3976324101773379
62000	-7133.807895158128	-6836.677061007133	-297.1308341509957	-6836.677061007133	22.010785985306917	4.4721635388895535	0.007193883499825682	3.2375520811620158	1.0	4.540537561422377	6.513577264296296	-279.92397316979066	0.13805177424307247	0.31165916150881223	0.15265665407077728	0.3976324101773379
63000	-7098.435383547192	-6806.543008970111	-291.8923745770808	-6806.543008970111	23.26467272369612	5.0667947458877665	0.007471569546385779	3.2375520811620158	1.0	6.379781886223084	5.266785579508362	-272.3137918855216	0.16304922970264688	0.3058648746327179	0.12765919861120287	0.40342669705343226
64000	-7095.832514216607	-6796.231338111523	-299.6011761050841	-6796.231338111523	20.92899189767999	5.7647161242192135	0.008084227525338859	2.1262916481202474	1.0	6.379781886223084	6.9260303820310165	-279.26654643386945	0.16304922970264688	0.3058648746327179	0.12765919861120287	0.40342669705343226
65000	-7091.511157253148	-6793.93914186005	-297.572015393098	-6793.93914186005	26.680774371347432	3.91326231419259	0.007193812929698706	3.3250701064406556	1.0	5.722988582441085	5.208284208323218	-280.0555184138112	0.16304922970264688	0.3058648746327179	0.12765919861120287	0.40342669705343226
66000	-7083.568706000212	-6784.7124335214985	-298.8562724787133	-6784.7124335214985	26.576516492269153	4.318638108289806	0.007128789978039948	3.3250701064406556	1.0	5.722249371046651	7.3726029468216385	-280.5080061699645	0.16304922970264688	0.3342189117562179	0.09930516148770288	0.40342669705343226
67000	-7074.031650281691	-6770.561555185892	-303.47009509579937	-6770.561555185892	23.198318515309637	4.481719774388349	0.0067352250614424545	3.3250701064406556	1.0	5.722249371046651	3.9613266295597462	-285.603478792502	0.16304922970264688	0.3342189117562179	0.09930516148770288	0.40342669705343226
68000	-7071.188407489676	-6776.207379152234	-294.9810283374422	-6776.207379152234	22.55384589105929	4.853215768375279	0.0070890540013230485	2.1626608935678973	1.0	5.722249371046651	4.6525858457311005	-276.885513648157	0.16304922970264688	0.3342189117562179	0.09930516148770288	0.40342669705343226
69000	-7068.134100473173	-6775.715968877905	-292.4181315952687	-6775.715968877905	24.67752308443816	5.07738187450992	0.007114178107608889	2.1626608935678973	1.0	5.722249371046651	5.253657499409478	-273.9327654226011	0.16304922970264688	0.3342189117562179	0.09930516148770288	0.40342669705343226
70000	-7060.444205282234	-6767.698734922262	-292.74547035997205	-6767.698734922262	25.558981416128248	4.560948987083146	0.00684374954021199	2.1626608935678973	1.0	5.722249371046651	5.3840266545801825	-274.8873941736721	0.16304922970264688	0.3342189117562179	0.09930516148770288	0.40342669705343226
71000	-7058.132341935223	-6763.978286187106	-294.1540557481169	-6763.978286187106	27.47877709577269	4.645614484958703	0.00656559843310738	2.1626608935678973	1.0	5.722249371046651	6.046944568044635	-276.1202066383393	0.16304922970264688	0.31027360598957204	0.09930516148770288	0.4273720028200781
72000	-7037.517423293881	-6745.483786603212	-292.0336366906687	-6745.483786603212	24.831111719992062	3.597956663507272	0.006422024208622107	2.1626608935678973	1.0	5.722249371046651	5.957123173919913	-275.31455596326805	0.15390490997606757	0.31027360598957204	0.09930516148770288	0.4365163225466574
73000	-7040.190884192634	-6746.720947980746	-293.4699362118884	-6746.720947980746	23.51525299556236	4.979157151778057	0.007381893278740275	2.1626608935678973	1.0	5.722249371046651	5.248348106054843	-275.06436403848227	0.15390490997606757	0.31027360598957204	0.09930516148770288	0.4365163225466574
74000	-7054.622373822437	-6760.519329102008	-294.10304472042935	-6760.519329102008	21.664412235602857	5.532123311941223	0.007149564548615783	2.1626608935678973	1.0	5.722249371046651	5.392501210656043	-275.0546816072183	0.15390490997606757	0.31027360598957204	0.09930516148770288	0.4365163225466574
75000	-7044.360046315136	-6753.366706654783	-290.9933396603526	-6753.366706654783	24.655990506416465	4.683830552502379	0.007041288836828838	2.1626608935678973	1.0	5.722249371046651	6.465433266565653	-272.77691069490044	0.15390490997606757	0.31027360598957204	0.09930516148770288	0.4365163225466574
76000	-7037.786119407679	-6749.809534409769	-287.97658499790913	-6749.809534409769	24.697445675009188	4.619536430146811	0.006693487590124112	2.1626608935678973	1.0	5.722249371046651	5.768353380694476	-270.0017239313012	0.15390490997606757	0.31027360598957204	0.09930516148770288	0.4365163225466574
77000	-7043.579723052925	-6752.96816339463	-290.6115596582948	-6752.96816339463	24.81411007532375	4.990916131528909	0.006923351817245529	2.1626608935678973	1.0	5.722249371046651	5.361985592016979	-272.2349525816657	0.15390490997606757	0.31027360598957204	0.09930516148770288	0.4365163225466574
78000	-7053.49530723325	-6762.090403608332	-291.4049036249182	-6762.090403608332	26.03691914936705	4.980342393106473	0.0067110147022144545	2.1626608935678973	1.0	5.722249371046651	5.478520133447346	-273.0504848282132	0.15390490997606757	0.31027360598957204	0.09930516148770288	0.4365163225466574
79000	-7045.745287597734	-6753.995989542271	-291.7492980554637	-6753.995989542271	23.461460274727735	3.985890966187099	0.006595794145247593	2.5622665074934092	1.0	5.722249371046651	5.960573894060564	-274.3688700936109	0.13656967826913002	0.31027360598957204	0.09930516148770288	0.4538515542535949
80000	-7033.692761956723	-6744.20736935491	-289.48539260181315	-6744.20736935491	24.923571870068276	3.901823169196975	0.006235490648335531	2.5622665074934092	1.0	5.722249371046651	6.550553984851721	-272.17008918548225	0.13656967826913002	0.31027360598957204	0.09930516148770288	0.4538515542535949
81000	-7032.8833493964285	-6742.226035062247	-290.6573143341812	-6742.226035062247	26.253556128051915	4.408640615955006	0.0064478625030997975	2.5622665074934092	1.0	4.900408603581737	6.027460917677238	-273.59681146667435	0.13656967826913002	0.31027360598957204	0.09930516148770288	0.4538515542535949
82000	-7048.452589975772	-6752.235250045344	-296.21733993042733	-6752.235250045344	23.428975684963063	4.292997292965352	0.006646799577314886	2.157142403405393	1.0	9.902237981969328	5.9439982973925405	-274.43420256768906	0.13656967826913002	0.31027360598957204	0.09930516148770288	0.4538515542535949
83000	-7045.9229333921485	-6748.000547824811	-297.92238556733724	-6748.000547824811	24.726551306120474	3.81725633772323	0.0059803598698088024	2.157142403405393	1.0	9.902237981969328	4.8170764510485355	-277.03670478275274	0.12341042526213525	0.3363832251462102	0.09930516148770288	0.4409011881039515
84000	-7052.314089723338	-6756.107064988119	-296.20702473521845	-6756.107064988119	25.895762639914416	4.191251851259244	0.006042500623982986	2.157142403405393	1.0	4.95536670938516	6.467462512780761	-279.50513464395743	0.12341042526213525	0.3363832251462102	0.09930516148770288	0.4409011881039515
85000	-7033.009487357917	-6736.86684552662	-296.14264183129796	-6736.86684552662	27.698301154825717	5.2760878995240885	0.006462510605769967	2.157142403405393	1.0	4.95536670938516	6.71248253803561	-278.0442798267753	0.12341042526213525	0.3363832251462102	0.09930516148770288	0.4409011881039515
86000	-7037.95797532404	-6741.492029005153	-296.4659463188867	-6741.492029005153	29.828751106715508	4.35668789456072	0.0059788175775704845	2.157142403405393	1.0	6.571946722420074	5.730972637587206	-278.0787031885402	0.12341042526213525	0.3363832251462102	0.09930516148770288	0.4409011881039515
87000	-7043.145013313357	-6746.019774699069	-297.12523861428804	-6746.019774699069	28.4440007884253	4.280948214290433	0.005824927488806048	2.157142403405393	1.0	6.571946722420074	6.241554390434696	-278.7702747723903	0.12341042526213525	0.3363832251462102	0.09930516148770288	0.4409011881039515
88000	-7021.951638931089	-6725.164480822785	-296.7871581083048	-6725.164480822785	26.456444462988042	3.494302581215063	0.005641337883456565	2.157142403405393	1.0	6.571946722420074	4.670701345443341	-279.7235453239087	0.12341042526213525	0.3363832251462102	0.09930516148770288	0.4409011881039515
89000	-7022.16835238531	-6729.816169407156	-292.35218297815436	-6729.816169407156	23.204300745763	4.295614548901609	0.006141090786841947	2.157142403405393	1.0	6.571946722420074	5.286168533314585	-274.09270255385826	0.12341042526213525	0.3363832251462102	0.08936896257975158	0.4508373870119028
90000	-7044.382550795144	-6749.320960474138	-295.0615903210066	-6749.320960474138	24.394295569768452	4.804906385734031	0.005619439567339551	2.157142403405393	1.0	5.251573675266719	4.943111887878303	-277.6682993394634	0.12341042526213525	0.3363832251462102	0.08936896257975158	0.4508373870119028
91000	-7036.682799562039	-6745.633552217363	-291.04924734467573	-6745.633552217363	26.653830006910454	4.802485292142284	0.005935528429024737	2.157142403405393	1.0	5.251573675266719	5.569188564307535	-273.4848101779517	0.12341042526213525	0.3363832251462102	0.08936896257975158	0.4508373870119028
92000	-7029.951160962427	-6741.5833743766725	-288.3677865857546	-6741.5833743766725	22.299274261407458	4.322173424488593	0.006326735041306735	2.157142403405393	1.0	3.9584872181197004	5.473454225603946	-272.6250245407312	0.12341042526213525	0.3363832251462102	0.08936896257975158	0.4508373870119028
93000	-7024.090583145498	-6736.423122467829	-287.66746067766974	-6736.423122467829	25.360648591281986	4.319830547462866	0.0061613395779170745	2.157142403405393	1.0	3.765131710989491	5.699580379803924	-272.10692539004384	0.12341042526213525	0.3363832251462102	0.08936896257975158	0.4508373870119028
94000	-7037.092633988059	-6746.4452951820995	-290.6473388059597	-6746.4452951820995	26.70019008509433	5.274181314308199	0.0056501484352057384	2.157142403405393	1.0	7.439196791775087	5.841689275394106	-270.34080418032516	0.12341042526213525	0.3363832251462102	0.08936896257975158	0.4508373870119028
95000	-7030.764634622763	-6742.976347749149	-287.78828687361374	-6742.976347749149	24.4486707260628	4.993065707699652	0.006276682765279001	2.157142403405393	1.0	7.439196791775087	5.6815639360439265	-267.7346968331375	0.12341042526213525	0.3363832251462102	0.08936896257975158	0.4508373870119028
96000	-7022.517273079483	-6732.7018088256755	-289.8154642538074	-6732.7018088256755	24.608999696918964	5.937245027311497	0.006562642900339928	2.157142403405393	1.0	7.439196791775087	5.055296567844008	-268.7339943042365	0.12341042526213525	0.3363832251462102	0.08936896257975158	0.4508373870119028
97000	-7036.900820453617	-6743.2447212256375	-293.65609922797955	-6743.2447212256375	27.60476395208137	5.584612864692542	0.006296540366830269	2.157142403405393	1.0	7.439196791775087	5.600557756994105	-272.9213910747502	0.12341042526213525	0.3363832251462102	0.08936896257975158	0.4508373870119028
98000	-7032.775385406028	-6746.339627258001	-286.43575814802756	-6746.339627258001	27.60476395208137	6.031601444305693	0.006354703167405691	2.157142403405393	1.0	3.3806144941912724	5.801391306705606	-269.1989073890232	0.12341042526213525	0.3245948264734554	0.08936896257975158	0.4626257856846576
99000	-7031.2601487258125	-6741.20680915057	-290.05333957524243	-6741.20680915057	25.323069241369957	6.319527027894672	0.006515391442501067	2.157142403405393	1.0	3.3806144941912724	5.924245312765442	-272.4406311398421	0.11418977186028248	0.32824469435704184	0.08936896257975158	0.46819657120292396
100000	-7028.069498540455	-6743.286722687654	-284.7827758528009	-6743.286722687654	26.512110328029525	5.6003333751977	0.006422173331806465	2.157142403405393	1.0	3.3806144941912724	5.560644759793718	-268.07576859777447	0.11418977186028248	0.32824469435704184	0.08936896257975158	0.46819657120292396
