#
#model:
#
#<?xml version="1.0" encoding="UTF-8" standalone="no"?><input id="posterior" spec="beast.core.util.CompoundDistribution">
#    <distribution id="prior" spec="beast.core.util.CompoundDistribution">
#        <distribution id="CoalescentConstant.t:1" spec="beast.evolution.tree.coalescent.Coalescent">
#            <populationModel id="ConstantPopulation.t:1" spec="beast.evolution.tree.coalescent.ConstantPopulation">
#                <parameter id="popSize.t:1" name="popSize" spec="beast.core.parameter.RealParameter">0.3</parameter>
#            </populationModel>
#            <treeIntervals id="TreeIntervals.t:1" spec="beast.evolution.tree.coalescent.TreeIntervals">
#                <tree id="Tree.t:1" spec="beast.evolution.tree.Tree">
#                    <trait id="dateTrait.t:1" spec="beast.evolution.tree.TraitSet" traitname="date" value="2_2000.1=2000.1,17_2001.6=2001.6,18_2001.7=2001.7,21_2002=2002,24_2002.3=2002.3,26_2002.5=2002.5,5_2000.4=2000.4,7_2000.6=2000.6,4_2000.3=2000.3,13_2001.2=2001.2,15_2001.4=2001.4,16_2001.5=2001.5,1_2000=2000,8_2000.7=2000.7,3_2000.2=2000.2,12_2001.1=2001.1,22_2002.1=2002.1,32_2003.1=2003.1,28_2002.7=2002.7,43_2004.2=2004.2,46_2004.5=2004.5,55_2005.4=2005.4,63_2006.2=2006.2,65_2006.4=2006.4,66_2006.5=2006.5,67_2006.6=2006.6,23_2002.2=2002.2,10_2000.9=2000.9,14_2001.3=2001.3,33_2003.2=2003.2,39_2003.8=2003.8,34_2003.3=2003.3,44_2004.3=2004.3,48_2004.7=2004.7,53_2005.2=2005.2,52_2005.1=2005.1,58_2005.7=2005.7,9_2000.8=2000.8,6_2000.5=2000.5,11_2001=2001,25_2002.4=2002.4,20_2001.9=2001.9,47_2004.6=2004.6,36_2003.5=2003.5,45_2004.4=2004.4,50_2004.9=2004.9,42_2004.1=2004.1,51_2005=2005,35_2003.4=2003.4,37_2003.6=2003.6,57_2005.6=2005.6,59_2005.8=2005.8,61_2006=2006,62_2006.1=2006.1,41_2004=2004,40_2003.9=2003.9,49_2004.8=2004.8,74_2007.3=2007.3,77_2007.6=2007.6,68_2006.7=2006.7,70_2006.9=2006.9,81_2008=2008,19_2001.8=2001.8,27_2002.6=2002.6,29_2002.8=2002.8,30_2002.9=2002.9,31_2003=2003,38_2003.7=2003.7,56_2005.5=2005.5,69_2006.8=2006.8,82_2008.1=2008.1,80_2007.9=2007.9,83_2008.2=2008.2,87_2008.6=2008.6,71_2007=2007,75_2007.4=2007.4,72_2007.1=2007.1,91_2009=2009,88_2008.7=2008.7,94_2009.3=2009.3,98_2009.7=2009.7,79_2007.8=2007.8,84_2008.3=2008.3,78_2007.7=2007.7,76_2007.5=2007.5,89_2008.8=2008.8,93_2009.2=2009.2,96_2009.5=2009.5,97_2009.6=2009.6,95_2009.4=2009.4,100_2009.9=2009.9,54_2005.3=2005.3,60_2005.9=2005.9,64_2006.3=2006.3,73_2007.2=2007.2,86_2008.5=2008.5,85_2008.4=2008.4,90_2008.9=2008.9,99_2009.8=2009.8,92_2009.1=2009.1,101_2010=2010">
#                        <taxa id="TaxonSet.1" spec="beast.evolution.alignment.TaxonSet">
#                        </taxa>
#                    </trait>
#                    <taxonset idref="TaxonSet.1"/>
#                </tree>
#            </treeIntervals>
#        </distribution>
#        <prior id="rateOmega.prior" name="distribution">
#            <parameter id="rateOmega" lower="0.1" name="x" spec="beast.core.parameter.RealParameter" upper="10.0">0.5</parameter>
#            <Gamma id="Gamma.0" name="distr">
#                <parameter estimate="false" id="rateOmega.alpha" name="alpha" spec="beast.core.parameter.RealParameter">0.1</parameter>
#                <parameter estimate="false" id="rateOmega.beta" name="beta" spec="beast.core.parameter.RealParameter">1.0</parameter>
#            </Gamma>
#        </prior>
#        <prior id="rateMean.prior" name="distribution">
#            <parameter id="rateMean" lower="1.0E-4" name="x" spec="beast.core.parameter.RealParameter" upper="10.0">0.005</parameter>
#            <Gamma id="Gamma.1" name="distr">
#                <parameter estimate="false" id="rateMean.alpha" name="alpha" spec="beast.core.parameter.RealParameter">0.005</parameter>
#                <parameter estimate="false" id="rateMean.beta" name="beta" spec="beast.core.parameter.RealParameter">1.0</parameter>
#            </Gamma>
#        </prior>
#        <prior id="FrequenciesPrior.s:1" name="distribution">
#            <parameter dimension="4" id="freqParameter.s:1" lower="0.0" name="x" spec="beast.core.parameter.RealParameter" upper="1.0">0.25</parameter>
#            <Uniform id="Uniform.3" name="distr"/>
#        </prior>
#        <prior id="GammaShapePrior.s:1" name="distribution">
#            <parameter id="gammaShape.s:1" name="x" spec="beast.core.parameter.RealParameter">1.0</parameter>
#            <Exponential id="Exponential.0" name="distr">
#                <parameter estimate="false" id="RealParameter.0" name="mean" spec="beast.core.parameter.RealParameter">1.0</parameter>
#            </Exponential>
#        </prior>
#        <prior id="KappaPrior.s:1" name="distribution">
#            <parameter id="kappa.s:1" lower="0.0" name="x" spec="beast.core.parameter.RealParameter">2.0</parameter>
#            <LogNormal id="LogNormalDistributionModel.0" name="distr">
#                <parameter estimate="false" id="RealParameter.1" name="M" spec="beast.core.parameter.RealParameter">1.0</parameter>
#                <parameter estimate="false" id="RealParameter.2" name="S" spec="beast.core.parameter.RealParameter">1.25</parameter>
#            </LogNormal>
#        </prior>
#        <prior id="PopSizePrior.t:1" name="distribution" x="@popSize.t:1">
#            <OneOnX id="OneOnX.1" name="distr"/>
#        </prior>
#    </distribution>
#    <distribution id="likelihood" spec="beast.core.util.CompoundDistribution" useThreads="true">
#        <distribution data="@1" id="treeLikelihood.1" spec="beast.evolution.likelihood.ThreadedTreeLikelihood" tree="@Tree.t:1">
#            <siteModel gammaCategoryCount="4" id="SiteModel.s:1" shape="@gammaShape.s:1" spec="beast.evolution.sitemodel.SiteModel">
#                <parameter id="mutationRate.s:1" name="mutationRate" spec="beast.core.parameter.RealParameter">1.0</parameter>
#                <parameter estimate="false" id="proportionInvariant.s:1" lower="0.0" name="proportionInvariant" spec="beast.core.parameter.RealParameter" upper="1.0">0.0</parameter>
#                <substModel id="hky.s:1" kappa="@kappa.s:1" spec="beast.evolution.substitutionmodel.HKY">
#                    <frequencies frequencies="@freqParameter.s:1" id="estimatedFreqs.s:1" spec="beast.evolution.substitutionmodel.Frequencies"/>
#                </substModel>
#            </siteModel>
#            <branchRateModel id="branchRates" numSites="1000" numberOfDiscreteRates="12" rateMean="@rateMean" rateOmega="@rateOmega" spec="beast.evolution.branchratemodel.ARClockModel" tree="@Tree.t:1">
#                <rateCategories dimension="200" id="rateCategories" spec="beast.core.parameter.IntegerParameter">1</rateCategories>
#            </branchRateModel>
#        </distribution>
#    </distribution>
#</input>
#
Sample	posterior	likelihood	prior	treeLikelihood	TreeHeight	rateOmega	rateMean	kappa	mutationRate	gammaShape	popSize	CoalescentConstant	freqParameter.1	freqParameter.2	freqParameter.3	freqParameter.4
0	-28153.843198888284	-27919.809992717925	-234.03320617036022	-27919.809992717925	10.751582664363609	0.5	0.005	2.0	1.0	1.0	0.3	-230.21431273121476	0.25	0.25	0.25	0.25
1000	-16803.116911951456	-16503.96846984317	-299.1484421082858	-16503.96846984317	11.538839946181797	0.30874331979779324	0.033922446909317394	2.7438833753341796	1.0	1.0	6.294522048144357	-290.6909282049974	0.25	0.25	0.25	0.25
2000	-15345.651124780165	-15025.407345184829	-320.24377959533524	-15025.407345184829	16.88621292643817	2.741121959711073	0.024565380029363752	2.7438833753341796	1.0	1.0	7.80839446096586	-307.5035985014828	0.24781943583948512	0.24973170933313912	0.2524488548273757	0.25
3000	-14318.26606453263	-13989.898074476505	-328.36799005612556	-13989.898074476505	16.198580433312852	7.002144356538916	0.02277674646311615	2.7438833753341796	1.0	1.0	8.632362601738267	-310.49941214036596	0.24781943583948512	0.24973170933313912	0.2524488548273757	0.25
4000	-12848.42687798265	-12527.845201626104	-320.5816763565479	-12527.845201626104	18.573161261443676	3.4470153968429993	0.018864861830957088	2.7438833753341796	1.0	1.0	8.172616451783904	-307.15220222499914	0.24781943583948512	0.24973170933313912	0.246656449953697	0.2557924048736787
5000	-12000.509481222656	-11666.23356537531	-334.27591584734535	-11666.23356537531	17.555186846749027	4.9805646333873215	0.01578840092301032	3.334599784682361	1.0	1.0	8.641129119190698	-318.89781553615865	0.2519422860905073	0.24973170933313912	0.24253359970267485	0.2557924048736787
6000	-11122.935677528014	-10788.585631136504	-334.35004639150975	-10788.585631136504	23.508306438668573	3.5135275783137767	0.013243110557382984	3.334599784682361	1.0	1.0	9.078452158753167	-320.8811075276014	0.2519422860905073	0.24973170933313912	0.24253359970267485	0.2557924048736787
7000	-10657.620496387986	-10303.49826006516	-354.1222363228253	-10303.49826006516	22.32969457618238	5.174532636419638	0.011796742663715823	3.334599784682361	1.0	1.0	10.50295914327128	-338.61464554619505	0.2519422860905073	0.24973170933313912	0.24253359970267485	0.2557924048736787
8000	-10340.813129795437	-9984.766095227058	-356.0470345683787	-9984.766095227058	22.340544145082237	7.843846955443527	0.011385737852237645	3.334599784682361	1.0	0.6454434098925004	11.000439451814911	-337.8397211812888	0.2519422860905073	0.24973170933313912	0.24253359970267485	0.2557924048736787
9000	-10152.480473822598	-9791.301050924727	-361.1794228978715	-9791.301050924727	21.90730949196719	7.3967284633808275	0.010335843197875302	3.334599784682361	1.0	0.7610453961846856	10.848256868348095	-343.46768916984416	0.2517310336869887	0.24973170933313912	0.2380223609672198	0.2605148960126523
10000	-9808.712641441334	-9442.29233562072	-366.42030582061403	-9442.29233562072	24.51376969758306	7.041696777194534	0.008704766171949487	3.334599784682361	1.0	0.7610453961846856	12.27364944401139	-349.1569427305561	0.2517310336869887	0.24973170933313912	0.2380223609672198	0.2605148960126523
11000	-9662.235192632525	-9294.090161830527	-368.14503080199717	-9294.090161830527	27.56639077746477	8.622973950444937	0.008412051557260821	3.334599784682361	1.0	0.7610453961846856	11.266039590981508	-349.2380565560189	0.2517310336869887	0.24973170933313912	0.2380223609672198	0.2605148960126523
12000	-9574.601287996416	-9212.991213185087	-361.61007481132907	-9212.991213185087	25.082959124266356	6.758815822849674	0.008307808544715354	3.334599784682361	1.0	0.7610453961846856	11.989758664291168	-344.73673422542504	0.2517310336869887	0.24973170933313912	0.2380223609672198	0.2605148960126523
13000	-9468.73244202546	-9108.722152112821	-360.0102899126395	-9108.722152112821	28.067470242166046	6.796501287990174	0.00853959875614099	3.334599784682361	1.0	0.7610453961846856	11.515257700547698	-343.1070271923381	0.2517310336869887	0.24973170933313912	0.2380223609672198	0.2605148960126523
14000	-9408.742326839232	-9052.253290572175	-356.4890362670569	-9052.253290572175	28.90328330019035	6.784075007691468	0.00836199257508343	3.334599784682361	1.0	0.7610453961846856	11.89759680540136	-339.58827311394737	0.2517310336869887	0.24973170933313912	0.2380223609672198	0.2605148960126523
15000	-9364.521329691937	-9007.070272636764	-357.4510570551744	-9007.070272636764	25.132759643514227	6.422719613999204	0.008730378797236142	3.4873496900052414	1.0	0.7610453961846856	10.378361484309266	-341.00297141593353	0.24184212631028718	0.24973170933313912	0.2380223609672198	0.2704038033893538
16000	-9222.201828123127	-8870.573666868619	-351.62816125450735	-8870.573666868619	24.34888658326471	7.1177090461530215	0.008211379675429316	3.4873496900052414	1.0	0.7610453961846856	10.516807516309376	-334.44086502390354	0.24184212631028718	0.24973170933313912	0.2380223609672198	0.2704038033893538
17000	-9000.129904730611	-8656.245177777473	-343.8847269531385	-8656.245177777473	22.421936288427474	5.920243201464365	0.008840599987511322	3.3603314180924597	1.0	0.7610453961846856	10.598839828311595	-328.0213983683202	0.2500418694123093	0.24973170933313912	0.22982261786519761	0.2704038033893538
18000	-8923.653452407536	-8581.532448389371	-342.1210040181657	-8581.532448389371	24.685272444011385	5.728070489066567	0.008270597549705857	3.3603314180924597	1.0	1.0790311943118418	9.670560586641207	-326.32010427466395	0.2500418694123093	0.24973170933313912	0.22982261786519761	0.2704038033893538
19000	-8741.122434909434	-8396.796615120082	-344.32581978935275	-8396.796615120082	24.989960047524256	5.989168928212662	0.008555092501088752	3.3603314180924597	1.0	0.8167716667993757	9.728777426515256	-328.44602729059403	0.2500418694123093	0.24973170933313912	0.22982261786519761	0.2704038033893538
20000	-8599.568278702658	-8249.008000420872	-350.5602782817864	-8249.008000420872	24.19673179807519	5.231800229032545	0.007624198598042996	3.3603314180924597	1.0	0.8167716667993757	10.164632519395669	-335.63126033241434	0.24290468873292495	0.24973170933313912	0.22982261786519761	0.2775409840687382
21000	-8472.394658069268	-8126.489422465151	-345.9052356041172	-8126.489422465151	26.740071143031564	3.8224565603869416	0.007197335528994373	3.3603314180924597	1.0	1.5008949558128144	10.0533830460318	-332.0526741570034	0.24290468873292495	0.24973170933313912	0.22982261786519761	0.2775409840687382
22000	-8430.570146127224	-8082.816602917572	-347.7535432096528	-8082.816602917572	26.740071143031564	5.4375555442935335	0.007445609836682397	3.3603314180924597	1.0	1.5008949558128144	10.653676166706624	-331.8767018914594	0.24290468873292495	0.2426920846416202	0.22982261786519761	0.2845806087602571
23000	-8416.562286563667	-8062.503982314231	-354.058304249436	-8062.503982314231	28.231590645081	4.60471262337844	0.007147757671204341	3.3603314180924597	1.0	1.5008949558128144	8.782665792017422	-339.3979748989895	0.24290468873292495	0.2426920846416202	0.22982261786519761	0.2845806087602571
24000	-8406.720494954736	-8056.949028787798	-349.7714661669386	-8056.949028787798	26.51361665954927	4.8350711643498006	0.007206323637783692	3.3603314180924597	1.0	1.5008949558128144	10.864594242127179	-334.61593697066456	0.24290468873292495	0.2426920846416202	0.22982261786519761	0.2845806087602571
25000	-8272.363570134406	-7918.708643717544	-353.65492641686234	-7918.708643717544	27.346973161797944	4.341635696857753	0.006998519145009768	3.3603314180924597	1.0	1.5008949558128144	9.852194330611121	-339.2168498144383	0.24290468873292495	0.2426920846416202	0.22982261786519761	0.2845806087602571
26000	-8193.05741305382	-7839.066768955507	-353.99064409831357	-7839.066768955507	27.346973161797944	5.716211545854227	0.006952926703246644	3.3603314180924597	1.0	1.5008949558128144	9.898110752577555	-337.93234116297793	0.24242978707829824	0.2426920846416202	0.2226516568899072	0.29222647139017427
27000	-8095.748735912388	-7744.948288085337	-350.8004478270514	-7744.948288085337	29.805239235414465	4.460666826198183	0.006952926703246644	3.3603314180924597	1.0	1.5008949558128144	11.29007006003284	-336.08931713480473	0.24242978707829824	0.2426920846416202	0.2226516568899072	0.29222647139017427
28000	-8073.150733900145	-7725.114127480012	-348.03660642013244	-7725.114127480012	31.0628010690317	4.672543777892224	0.006922783155127334	3.3603314180924597	1.0	1.5008949558128144	9.901513776447555	-333.20742310180566	0.24242978707829824	0.2426920846416202	0.2226516568899072	0.29222647139017427
29000	-7691.934358874915	-7354.067862367673	-337.8664965072421	-7354.067862367673	32.75642134729603	2.2878536940655234	0.005827059926827957	3.3603314180924597	1.0	1.5008949558128144	9.342779822934023	-326.29530714713445	0.23942827275145515	0.2456935989684633	0.2226516568899072	0.29222647139017427
30000	-7455.380147248458	-7119.7686527838305	-335.61149446462747	-7119.7686527838305	32.55727448496928	2.6907741382758674	0.005899505702803092	3.3603314180924597	1.0	1.563537569047806	9.921350514559593	-323.35629683798794	0.23942827275145515	0.2456935989684633	0.2226516568899072	0.29222647139017427
31000	-7361.70656016451	-7034.91873918664	-326.7878209778704	-7034.91873918664	33.36119384629171	3.907677217046869	0.006501706651486288	3.3603314180924597	1.0	1.563537569047806	7.968687845269873	-313.10177434685335	0.23199374316955773	0.2531281285503607	0.2226516568899072	0.29222647139017427
32000	-7295.671019157386	-6974.575349117242	-321.0956700401443	-6974.575349117242	28.279899588610473	3.5882028919349307	0.006717455103589655	3.3603314180924597	1.0	4.906699186561533	9.407693973606616	-304.26399337890837	0.23199374316955773	0.2531281285503607	0.2226516568899072	0.29222647139017427
33000	-7292.313924273369	-6973.420567997212	-318.8933562761569	-6973.420567997212	29.936948547244633	4.51798882405046	0.006299562732439365	3.3603314180924597	1.0	3.6480864721601667	8.084924226652682	-302.3989851307777	0.23199374316955773	0.2531281285503607	0.2226516568899072	0.29222647139017427
34000	-7269.553759090709	-6956.969477085559	-312.5842820051495	-6956.969477085559	26.047228499336722	4.930683334071778	0.0066144431529379585	3.1539206756155	1.0	3.6480864721601667	7.540851622682482	-295.69007646286286	0.23199374316955773	0.2531281285503607	0.2226516568899072	0.29222647139017427
35000	-7282.5472211496135	-6959.282358856692	-323.26486229292186	-6959.282358856692	27.77010841254284	5.050567806456354	0.006113472860811953	2.8853820452351076	1.0	5.118166179172734	7.026222929716876	-305.00354619093764	0.23199374316955773	0.2531281285503607	0.21830000951008954	0.29657811876999196
36000	-7267.671443827159	-6944.059793842257	-323.61164998490244	-6944.059793842257	25.443108871715104	4.314061459135917	0.005983631886572144	3.692088821546388	1.0	6.803574492977519	8.786637699447695	-304.06580026366277	0.23199374316955773	0.2531281285503607	0.21830000951008954	0.29657811876999196
37000	-7274.739643675324	-6948.551938712099	-326.18770496322463	-6948.551938712099	29.306298546808392	4.055693089809352	0.005836105779376458	3.692088821546388	1.0	6.803574492977519	7.584226965909962	-307.12795409622186	0.23199374316955773	0.2531281285503607	0.21830000951008954	0.29657811876999196
38000	-7269.898582640889	-6944.488034081022	-325.4105485598663	-6944.488034081022	26.79950056201053	3.4207759222433287	0.005774457789343538	3.692088821546388	1.0	6.803574492977519	7.487875120293022	-307.16235720712075	0.23199374316955773	0.2531281285503607	0.21830000951008954	0.29657811876999196
39000	-7254.627236349331	-6932.363188062591	-322.26404828674015	-6932.363188062591	31.527117398295818	4.33134432940473	0.00551774850564547	2.9951439555734845	1.0	6.803574492977519	7.149245744265639	-303.22085190948076	0.23199374316955773	0.2531281285503607	0.21830000951008954	0.29657811876999196
40000	-7249.2264766944045	-6934.487398990127	-314.73907770427786	-6934.487398990127	30.588603095606466	3.0620128801685915	0.005532073642404178	3.3094514068593535	1.0	4.5205060101157235	7.479599630271807	-299.40346837362256	0.23199374316955773	0.2531281285503607	0.21830000951008954	0.29657811876999196
41000	-7240.595475166525	-6927.649081404748	-312.94639376177616	-6927.649081404748	30.567415297858233	2.616234201310466	0.006025027725007374	2.9896096220929764	1.0	4.5205060101157235	8.748258230402797	-298.0671995291593	0.23545264492970774	0.2532888048080566	0.21484110774993953	0.29641744251229607
42000	-7212.682180717504	-6902.596186812426	-310.0859939050775	-6902.596186812426	29.520706041904702	3.8417005617687687	0.00629832946943163	2.9896096220929764	1.0	4.5205060101157235	5.906897412693034	-293.98389211807006	0.23545264492970774	0.2532888048080566	0.20714105770772023	0.30411749255451537
43000	-7202.2785233026925	-6894.493840056198	-307.78468324649515	-6894.493840056198	28.37114510596966	4.3582216935912	0.006248962185072144	2.9896096220929764	1.0	4.5205060101157235	7.11409437665107	-290.8744480819205	0.23545264492970774	0.2532888048080566	0.20714105770772023	0.30411749255451537
44000	-7155.783983028178	-6849.028214776692	-306.7557682514865	-6849.028214776692	28.11990905577887	4.206942583710726	0.006141695842527579	2.9896096220929764	1.0	4.5205060101157235	7.029385279567245	-290.05792122465135	0.22375788760103596	0.2532888048080566	0.20714105770772023	0.3158122498831872
45000	-7170.421298261129	-6863.582922834346	-306.8383754267829	-6863.582922834346	28.84296653684991	3.78580662173129	0.00592198488739901	2.9896096220929764	1.0	4.5205060101157235	6.130781807844523	-290.8298375928486	0.22375788760103596	0.2532888048080566	0.20714105770772023	0.3158122498831872
46000	-7167.778413626077	-6867.144911405009	-300.63350222106783	-6867.144911405009	27.958995109848317	4.499893556029306	0.005900584295825231	2.9896096220929764	1.0	4.5205060101157235	5.573510607684045	-283.8542829129926	0.22375788760103596	0.2532888048080566	0.20714105770772023	0.3158122498831872
47000	-7166.800888383211	-6864.59667303993	-302.2042153432812	-6864.59667303993	31.5440463055663	4.958040928992389	0.005805919294656899	2.9896096220929764	1.0	4.5205060101157235	5.7693686737815115	-284.8612370892427	0.21238998365327677	0.2532888048080566	0.21850896165547942	0.3158122498831872
48000	-7157.000707895781	-6855.749496104454	-301.25121179132674	-6855.749496104454	31.749862452952165	4.118217452587536	0.005805919294656899	2.9896096220929764	1.0	4.5205060101157235	6.372575740432705	-284.81564717873607	0.20221788803347585	0.2532888048080566	0.22383018012309286	0.3206631270353747
49000	-7148.70806785129	-6846.444570994931	-302.26349685635887	-6846.444570994931	30.444390344666523	4.122153311890079	0.006285406755901525	2.9896096220929764	1.0	4.5205060101157235	6.442183949957282	-285.7328374676215	0.20221788803347585	0.2532888048080566	0.22383018012309286	0.3206631270353747
50000	-7163.2763604404245	-6862.09879000529	-301.17757043513467	-6862.09879000529	28.410791288845857	3.5095558542796774	0.006221412060698321	2.9896096220929764	1.0	4.5205060101157235	6.122513361350804	-285.4654474664086	0.2021580804545325	0.25334861238699996	0.22383018012309286	0.3206631270353747
51000	-7164.443315342468	-6863.021344255525	-301.4219710869425	-6863.021344255525	24.444554879560187	4.572152026407511	0.006348577974074833	2.9896096220929764	1.0	4.5205060101157235	6.636919439339018	-284.3082717254698	0.2021580804545325	0.25334861238699996	0.22383018012309286	0.3206631270353747
52000	-7164.8084353880595	-6861.113124100036	-303.6953112880241	-6861.113124100036	28.416501676720184	4.269624369995741	0.00646831271605699	3.2921566598265404	1.0	4.5205060101157235	7.036241334783698	-286.76337121011994	0.18637655555180677	0.2691301372897257	0.22383018012309286	0.3206631270353747
53000	-7107.120390418317	-6807.475166686789	-299.64522373152823	-6807.475166686789	28.416501676720184	4.740647417177616	0.006491597040123738	3.2921566598265404	1.0	4.5205060101157235	5.743296341011071	-282.3475197325161	0.18637655555180677	0.2691301372897257	0.20476733177080897	0.3397259753876586
54000	-7109.426539864031	-6807.323742747182	-302.1027971168491	-6807.323742747182	27.34597054451615	5.484866527093277	0.006781793123619633	3.2921566598265404	1.0	4.5205060101157235	7.452070901167686	-283.62537372623393	0.18637655555180677	0.2691301372897257	0.20476733177080897	0.3397259753876586
55000	-7110.49916301331	-6817.220721575192	-293.27844143811745	-6817.220721575192	27.846157785475725	4.9848094539174	0.006667289524672489	3.2921566598265404	1.0	4.5205060101157235	6.092178046687323	-275.6056567424792	0.18637655555180677	0.2691301372897257	0.20476733177080897	0.3397259753876586
56000	-7088.007770356986	-6791.14790241579	-296.85986794119617	-6791.14790241579	31.00622541055089	4.984438243694839	0.005977920931738065	3.2921566598265404	1.0	4.5205060101157235	6.722398604558752	-279.19836635232286	0.18637655555180677	0.2691301372897257	0.18610820071292816	0.3583851064455394
57000	-7076.89134493476	-6780.715352632616	-296.1759923021445	-6780.715352632616	28.610718194221583	4.960634195596577	0.005651230006813738	3.2921566598265404	1.0	4.5205060101157235	6.5994756113587885	-278.6173033045046	0.15001808571510208	0.287983375027297	0.20361343281206154	0.3583851064455394
58000	-7064.425739430781	-6770.768580763667	-293.6571586671131	-6770.768580763667	28.88924347082123	4.064613809651701	0.005919344156310594	3.2921566598265404	1.0	4.5205060101157235	6.445981267174054	-277.15092795654533	0.15001808571510208	0.287983375027297	0.20361343281206154	0.3583851064455394
59000	-7072.426704373834	-6774.58441118945	-297.8422931843832	-6774.58441118945	28.160898813729005	4.3844493646083995	0.006012653554943153	3.2921566598265404	1.0	4.5205060101157235	6.473003010261118	-280.9282172490035	0.15001808571510208	0.287983375027297	0.20361343281206154	0.3583851064455394
60000	-7075.338398552503	-6770.777634319444	-304.56076423305973	-6770.777634319444	28.78927984247489	4.315069902013947	0.005825671498997979	3.2921566598265404	1.0	4.5205060101157235	7.608268720482574	-287.6004486539561	0.15001808571510208	0.287983375027297	0.20361343281206154	0.3583851064455394
61000	-7077.360770654297	-6773.198979950095	-304.16179070420225	-6773.198979950095	25.895016548819285	4.128380170826491	0.006647173396680388	3.2921566598265404	1.0	3.8016693197288833	6.849222742917149	-288.1198282242832	0.1514551772737	0.2865462834686991	0.20361343281206154	0.3583851064455394
62000	-7055.578955063142	-6755.110327698394	-300.4686273647472	-6755.110327698394	27.51064240915272	4.315460173722306	0.0065266413672987016	3.2921566598265404	1.0	3.8016693197288833	7.277466498670946	-284.157378581305	0.1514551772737	0.29781762844478016	0.19234208783598045	0.3583851064455394
63000	-7056.314963913525	-6766.006664260023	-290.30829965350216	-6766.006664260023	25.424121992262474	3.991351046689101	0.006209132409494823	3.2921566598265404	1.0	3.8016693197288833	6.043543848154356	-274.62715843160515	0.1514551772737	0.29781762844478016	0.1846362587632523	0.36609093551826755
64000	-7052.637983241851	-6758.016130142928	-294.6218530989229	-6758.016130142928	25.007771180942505	3.4211428949335145	0.006133072805053893	3.2921566598265404	1.0	3.8016693197288833	5.776699732351382	-279.70715736866487	0.1514551772737	0.29781762844478016	0.1846362587632523	0.36609093551826755
65000	-7045.389644483105	-6750.324493767839	-295.0651507152658	-6750.324493767839	26.114547225547888	4.029590013916091	0.0060723592974133355	3.2921566598265404	1.0	3.8016693197288833	5.604920767822435	-279.43483417515694	0.1514551772737	0.29781762844478016	0.1846362587632523	0.36609093551826755
66000	-7036.132870322439	-6742.174901049647	-293.9579692727921	-6742.174901049647	22.518987823591445	3.765819326975818	0.006332063354667913	3.2921566598265404	1.0	3.8016693197288833	6.368116009516106	-278.4827646931307	0.1514551772737	0.29781762844478016	0.1846362587632523	0.36609093551826755
67000	-7040.459678803514	-6745.073459252899	-295.38621955061546	-6745.073459252899	26.127197185189583	3.63663800939784	0.0061896982981595305	3.2921566598265404	1.0	3.8016693197288833	5.673047701954909	-280.20995717668586	0.1514551772737	0.29781762844478016	0.1846362587632523	0.36609093551826755
68000	-7055.881912664399	-6761.497294485329	-294.3846181790704	-6761.497294485329	26.25544414667742	4.110309464539565	0.006134922276181938	3.2921566598265404	1.0	3.8016693197288833	5.755579067764883	-278.6189456262189	0.1514551772737	0.29781762844478016	0.1846362587632523	0.36609093551826755
69000	-7061.863042485223	-6764.389370348431	-297.4736721367915	-6764.389370348431	26.81987120319117	3.4678528230168983	0.006118031249455813	3.2921566598265404	1.0	4.549812962508764	6.186263843350909	-281.6858775076674	0.1514551772737	0.29781762844478016	0.1846362587632523	0.36609093551826755
70000	-7057.137369436192	-6759.566676216029	-297.57069322016264	-6759.566676216029	28.24103681482098	3.2628562368249114	0.006170615704171544	3.2921566598265404	1.0	4.549812962508764	6.533281623082879	-281.97958847230063	0.15294845460313855	0.30310096767500594	0.17785964220358796	0.36609093551826755
71000	-7039.53052681244	-6738.953745751024	-300.57678106141634	-6738.953745751024	28.354232271649384	3.1011254095074072	0.005429215598036884	3.2977410455654548	1.0	4.549812962508764	6.528838317195096	-285.3200433846014	0.15294845460313855	0.30310096767500594	0.17785964220358796	0.36609093551826755
72000	-7041.763676945043	-6735.046135100805	-306.7175418442375	-6735.046135100805	27.40168586669941	3.553387004986051	0.005549275640980209	2.7603271005061	1.0	4.549812962508764	6.9113290409494805	-290.99696585551095	0.13589169246180577	0.3201577298163387	0.17785964220358796	0.36609093551826755
73000	-7017.483033098625	-6715.850626112284	-301.63240698634166	-6715.850626112284	29.596813520958243	4.124049175539792	0.005438365245285706	2.7603271005061	1.0	4.549812962508764	6.148251256396598	-285.34432111990515	0.13589169246180577	0.3201577298163387	0.17785964220358796	0.36609093551826755
74000	-7026.03888823294	-6727.715808468592	-298.3230797643478	-6727.715808468592	28.97562686337168	3.5075700230224385	0.005883782478698329	2.7603271005061	1.0	4.549812962508764	5.8552269913726045	-282.76725363743265	0.13589169246180577	0.30959979463114695	0.17785964220358796	0.3766488707034593
75000	-7030.758476673733	-6737.35722369914	-293.4012529745925	-6737.35722369914	28.81518293946765	3.5075700230224385	0.006462206550109631	2.7603271005061	1.0	4.549812962508764	4.9615127397318926	-277.91717036469925	0.13589169246180577	0.30385275367444997	0.17785964220358796	0.3823959116601563
76000	-7016.563534487759	-6727.2059493662455	-289.35758512151364	-6727.2059493662455	27.345419344443798	3.7704059922990387	0.0059715342996988306	2.7603271005061	1.0	4.549812962508764	5.148347100941379	-273.5877310144081	0.13589169246180577	0.30385275367444997	0.17785964220358796	0.3823959116601563
77000	-7014.944161042909	-6723.404136241606	-291.5400248013034	-6723.404136241606	26.452042980227507	4.316972759736001	0.006458396843509771	2.7603271005061	1.0	5.539633636989056	6.24870721934754	-273.83977761738413	0.13589169246180577	0.30385275367444997	0.17785964220358796	0.3823959116601563
78000	-6999.372110201673	-6707.116374940367	-292.255735261307	-6707.116374940367	25.807063448162133	3.9199570271108017	0.0062796008894493265	2.4929105054456033	1.0	5.539633636989056	6.14847546142505	-275.183190343994	0.13589169246180577	0.30385275367444997	0.1571816145321205	0.4030739393316237
79000	-6997.775736681854	-6699.639447244872	-298.1362894369824	-6699.639447244872	29.56900087471123	4.001254208851865	0.005833576502611093	2.4929105054456033	1.0	6.163638284339829	6.751721566483668	-280.32012866625496	0.1295267443616501	0.30385275367444997	0.1571816145321205	0.4094388874317794
80000	-6996.54398745464	-6698.977745020012	-297.5662424346281	-6698.977745020012	28.187135098278677	3.70951139116949	0.005858349511335266	2.4929105054456033	1.0	6.163638284339829	6.049854127437431	-280.21548354945935	0.1295267443616501	0.30684298853889547	0.1571816145321205	0.4064486525673339
81000	-7003.054885317619	-6704.327105133545	-298.72778018407416	-6704.327105133545	27.06598145283446	3.3817455006945067	0.0060238040457882315	2.4929105054456033	1.0	3.8799706033174326	7.6618242599328985	-283.8076190256211	0.1295267443616501	0.29227143692210594	0.1571816145321205	0.42102020418412345
82000	-6999.216583842884	-6701.252749348606	-297.9638344942776	-6701.252749348606	30.98521821789138	5.0295332333123435	0.0058893630125697975	2.0976183869519276	1.0	3.8799706033174326	6.522790889496412	-281.3757311026147	0.1295267443616501	0.29227143692210594	0.1571816145321205	0.42102020418412345
83000	-6988.3673042740475	-6689.807049376919	-298.5602548971287	-6689.807049376919	31.709329879534618	5.317081423244544	0.006125944461908439	2.0976183869519276	1.0	3.8799706033174326	6.025236110329412	-281.6744866011303	0.1295267443616501	0.29227143692210594	0.1571816145321205	0.42102020418412345
84000	-6993.8188121943585	-6695.749885952012	-298.0689262423467	-6695.749885952012	27.634068401037396	4.944508004944734	0.005685742132765715	2.0976183869519276	1.0	3.8799706033174326	6.202075739120877	-281.6668249997523	0.1295267443616501	0.29227143692210594	0.1571816145321205	0.42102020418412345
85000	-6996.669736579215	-6695.831668251425	-300.8380683277905	-6695.831668251425	27.08839830850146	4.729943383465612	0.005998867307881823	2.0976183869519276	1.0	3.8799706033174326	7.40924969876864	-284.45896028232875	0.1295267443616501	0.29227143692210594	0.1571816145321205	0.42102020418412345
86000	-6991.002176493094	-6692.568859605457	-298.4333168876371	-6692.568859605457	26.93264456537015	4.986796606189361	0.006376767478700299	2.0976183869519276	1.0	3.8799706033174326	5.822256358793806	-281.9296413821428	0.15277337343663416	0.29227143692210594	0.13393498545713645	0.42102020418412345
87000	-6998.684145699985	-6700.572420900269	-298.111724799715	-6700.572420900269	28.68521613723073	4.388059963664819	0.005981923570422652	2.0976183869519276	1.0	3.8799706033174326	6.209531548500025	-282.321498604656	0.15277337343663416	0.29227143692210594	0.13393498545713645	0.42102020418412345
88000	-6998.551873692108	-6707.199861584928	-291.3520121071793	-6707.199861584928	25.58643433561972	3.9742682877414057	0.0062316287263115095	2.0680874299089713	1.0	3.8799706033174326	6.743802551334424	-275.95300226862065	0.15277337343663416	0.29227143692210594	0.13393498545713645	0.42102020418412345
89000	-6967.140959164736	-6675.235610634585	-291.9053485301514	-6675.235610634585	27.01559119595732	3.788251353544423	0.0057016139861726005	2.0680874299089713	1.0	3.8799706033174326	6.554459392145845	-276.8529504527379	0.12994115141469265	0.31510365894404746	0.12653316636084325	0.4284220232804166
90000	-6969.371374591138	-6680.17154482361	-289.19982976752846	-6680.17154482361	24.449210224134827	3.5932487504323345	0.006499147551109622	2.0680874299089713	1.0	3.8799706033174326	5.819522069732614	-274.37786014926047	0.12994115141469265	0.31510365894404746	0.12653316636084325	0.4284220232804166
91000	-6963.354276376511	-6671.612397966744	-291.741878409767	-6671.612397966744	25.755725582381174	4.21461878412267	0.005647671427856946	2.0680874299089713	1.0	3.8799706033174326	5.281603892911577	-276.39255194849994	0.12994115141469265	0.31510365894404746	0.12653316636084325	0.4284220232804166
92000	-6963.89309571863	-6675.019274014134	-288.87382170449666	-6675.019274014134	28.688430336967855	3.6771252950235254	0.005806123796108302	1.8769889523987269	1.0	3.8799706033174326	5.814785264830551	-274.13789370226465	0.10489987319387893	0.3085580084961214	0.12653316636084325	0.46000895194915636
93000	-6981.160768380167	-6687.6714470607785	-293.4893213193884	-6687.6714470607785	30.618556528577916	4.168761366832297	0.005912633224507226	1.8769889523987269	1.0	3.7973824980764066	6.348657916812578	-278.1253731392324	0.10489987319387893	0.3085580084961214	0.12653316636084325	0.46000895194915636
94000	-6966.512883973014	-6677.653475162574	-288.85940881044	-6677.653475162574	29.445185812387624	4.343591692432964	0.006124172870551144	1.8769889523987269	1.0	4.282739816341284	5.4985923980600235	-272.9068617317126	0.10489987319387893	0.3085580084961214	0.12653316636084325	0.46000895194915636
95000	-6960.76260785714	-6673.8884417452855	-286.8741661118548	-6673.8884417452855	24.86108503042924	3.9416965258986076	0.006315995013230146	1.8769889523987269	1.0	4.282739816341284	5.838664472787519	-271.3200063592006	0.10489987319387893	0.3085580084961214	0.12653316636084325	0.46000895194915636
96000	-6958.781029080377	-6662.167072616548	-296.6139564638298	-6662.167072616548	28.8982559446055	4.225899878810248	0.006006730563602893	1.8769889523987269	1.0	4.447572372718022	6.447543727579719	-280.49916768659057	0.10489987319387893	0.3085580084961214	0.12653316636084325	0.46000895194915636
97000	-6967.260213987324	-6672.131275377973	-295.1289386093515	-6672.131275377973	26.38265457574344	3.5419596607402166	0.006049633873239078	1.8769889523987269	1.0	3.569291709923808	5.128398750112214	-280.95704887709803	0.10489987319387893	0.3085580084961214	0.12653316636084325	0.46000895194915636
98000	-6974.816681401024	-6671.194879803747	-303.6218015972768	-6671.194879803747	28.602328283318315	5.008889666412969	0.006076186020276189	1.8769889523987269	1.0	3.569291709923808	7.309092056948774	-287.31239146858155	0.10489987319387893	0.3085580084961214	0.12653316636084325	0.46000895194915636
99000	-6974.277615438119	-6670.088224571406	-304.18939086671327	-6670.088224571406	30.038009402622233	4.605661538114058	0.005715540616259649	1.8769889523987269	1.0	3.569291709923808	5.224093952933654	-288.75582472104384	0.09782017781551997	0.3085580084961214	0.12653316636084325	0.4670886473275153
100000	-6959.60659045785	-6662.991782891705	-296.61480756614463	-6662.991782891705	24.489504084827495	3.389514972329152	0.005854054535021516	1.8769889523987269	1.0	5.849415691673088	5.302452773123288	-280.35435101182543	0.09782017781551997	0.3085580084961214	0.12653316636084325	0.4670886473275153
