#
#model:
#
#<?xml version="1.0" encoding="UTF-8" standalone="no"?><input id="posterior" spec="beast.core.util.CompoundDistribution">
#    <distribution id="prior" spec="beast.core.util.CompoundDistribution">
#        <distribution id="CoalescentConstant.t:1" spec="beast.evolution.tree.coalescent.Coalescent">
#            <populationModel id="ConstantPopulation.t:1" spec="beast.evolution.tree.coalescent.ConstantPopulation">
#                <parameter id="popSize.t:1" name="popSize" spec="beast.core.parameter.RealParameter">0.3</parameter>
#            </populationModel>
#            <treeIntervals id="TreeIntervals.t:1" spec="beast.evolution.tree.coalescent.TreeIntervals">
#                <tree id="Tree.t:1" spec="beast.evolution.tree.Tree">
#                    <trait id="dateTrait.t:1" spec="beast.evolution.tree.TraitSet" traitname="date" value="2_2000.1=2000.1,17_2001.6=2001.6,18_2001.7=2001.7,21_2002=2002,24_2002.3=2002.3,26_2002.5=2002.5,5_2000.4=2000.4,7_2000.6=2000.6,4_2000.3=2000.3,13_2001.2=2001.2,15_2001.4=2001.4,16_2001.5=2001.5,1_2000=2000,8_2000.7=2000.7,3_2000.2=2000.2,12_2001.1=2001.1,22_2002.1=2002.1,32_2003.1=2003.1,28_2002.7=2002.7,43_2004.2=2004.2,46_2004.5=2004.5,55_2005.4=2005.4,63_2006.2=2006.2,65_2006.4=2006.4,66_2006.5=2006.5,67_2006.6=2006.6,23_2002.2=2002.2,10_2000.9=2000.9,14_2001.3=2001.3,33_2003.2=2003.2,39_2003.8=2003.8,34_2003.3=2003.3,44_2004.3=2004.3,48_2004.7=2004.7,53_2005.2=2005.2,52_2005.1=2005.1,58_2005.7=2005.7,9_2000.8=2000.8,6_2000.5=2000.5,11_2001=2001,25_2002.4=2002.4,20_2001.9=2001.9,47_2004.6=2004.6,36_2003.5=2003.5,45_2004.4=2004.4,50_2004.9=2004.9,42_2004.1=2004.1,51_2005=2005,35_2003.4=2003.4,37_2003.6=2003.6,57_2005.6=2005.6,59_2005.8=2005.8,61_2006=2006,62_2006.1=2006.1,41_2004=2004,40_2003.9=2003.9,49_2004.8=2004.8,74_2007.3=2007.3,77_2007.6=2007.6,68_2006.7=2006.7,70_2006.9=2006.9,81_2008=2008,19_2001.8=2001.8,27_2002.6=2002.6,29_2002.8=2002.8,30_2002.9=2002.9,31_2003=2003,38_2003.7=2003.7,56_2005.5=2005.5,69_2006.8=2006.8,82_2008.1=2008.1,80_2007.9=2007.9,83_2008.2=2008.2,87_2008.6=2008.6,71_2007=2007,75_2007.4=2007.4,72_2007.1=2007.1,91_2009=2009,88_2008.7=2008.7,94_2009.3=2009.3,98_2009.7=2009.7,79_2007.8=2007.8,84_2008.3=2008.3,78_2007.7=2007.7,76_2007.5=2007.5,89_2008.8=2008.8,93_2009.2=2009.2,96_2009.5=2009.5,97_2009.6=2009.6,95_2009.4=2009.4,100_2009.9=2009.9,54_2005.3=2005.3,60_2005.9=2005.9,64_2006.3=2006.3,73_2007.2=2007.2,86_2008.5=2008.5,85_2008.4=2008.4,90_2008.9=2008.9,99_2009.8=2009.8,92_2009.1=2009.1,101_2010=2010">
#                        <taxa id="TaxonSet.1" spec="beast.evolution.alignment.TaxonSet">
#                        </taxa>
#                    </trait>
#                    <taxonset idref="TaxonSet.1"/>
#                </tree>
#            </treeIntervals>
#        </distribution>
#        <prior id="rateOmega.prior" name="distribution">
#            <parameter id="rateOmega" lower="0.1" name="x" spec="beast.core.parameter.RealParameter" upper="10.0">0.5</parameter>
#            <Gamma id="Gamma.0" name="distr">
#                <parameter estimate="false" id="rateOmega.alpha" name="alpha" spec="beast.core.parameter.RealParameter">0.1</parameter>
#                <parameter estimate="false" id="rateOmega.beta" name="beta" spec="beast.core.parameter.RealParameter">1.0</parameter>
#            </Gamma>
#        </prior>
#        <prior id="rateMean.prior" name="distribution">
#            <parameter id="rateMean" lower="1.0E-4" name="x" spec="beast.core.parameter.RealParameter" upper="10.0">0.005</parameter>
#            <Gamma id="Gamma.1" name="distr">
#                <parameter estimate="false" id="rateMean.alpha" name="alpha" spec="beast.core.parameter.RealParameter">0.005</parameter>
#                <parameter estimate="false" id="rateMean.beta" name="beta" spec="beast.core.parameter.RealParameter">1.0</parameter>
#            </Gamma>
#        </prior>
#        <prior id="FrequenciesPrior.s:1" name="distribution">
#            <parameter dimension="4" id="freqParameter.s:1" lower="0.0" name="x" spec="beast.core.parameter.RealParameter" upper="1.0">0.25</parameter>
#            <Uniform id="Uniform.3" name="distr"/>
#        </prior>
#        <prior id="GammaShapePrior.s:1" name="distribution">
#            <parameter id="gammaShape.s:1" name="x" spec="beast.core.parameter.RealParameter">1.0</parameter>
#            <Exponential id="Exponential.0" name="distr">
#                <parameter estimate="false" id="RealParameter.0" name="mean" spec="beast.core.parameter.RealParameter">1.0</parameter>
#            </Exponential>
#        </prior>
#        <prior id="KappaPrior.s:1" name="distribution">
#            <parameter id="kappa.s:1" lower="0.0" name="x" spec="beast.core.parameter.RealParameter">2.0</parameter>
#            <LogNormal id="LogNormalDistributionModel.0" name="distr">
#                <parameter estimate="false" id="RealParameter.1" name="M" spec="beast.core.parameter.RealParameter">1.0</parameter>
#                <parameter estimate="false" id="RealParameter.2" name="S" spec="beast.core.parameter.RealParameter">1.25</parameter>
#            </LogNormal>
#        </prior>
#        <prior id="PopSizePrior.t:1" name="distribution" x="@popSize.t:1">
#            <OneOnX id="OneOnX.1" name="distr"/>
#        </prior>
#    </distribution>
#    <distribution id="likelihood" spec="beast.core.util.CompoundDistribution" useThreads="true">
#        <distribution data="@1" id="treeLikelihood.1" spec="beast.evolution.likelihood.ThreadedTreeLikelihood" tree="@Tree.t:1">
#            <siteModel gammaCategoryCount="4" id="SiteModel.s:1" shape="@gammaShape.s:1" spec="beast.evolution.sitemodel.SiteModel">
#                <parameter id="mutationRate.s:1" name="mutationRate" spec="beast.core.parameter.RealParameter">1.0</parameter>
#                <parameter estimate="false" id="proportionInvariant.s:1" lower="0.0" name="proportionInvariant" spec="beast.core.parameter.RealParameter" upper="1.0">0.0</parameter>
#                <substModel id="hky.s:1" kappa="@kappa.s:1" spec="beast.evolution.substitutionmodel.HKY">
#                    <frequencies frequencies="@freqParameter.s:1" id="estimatedFreqs.s:1" spec="beast.evolution.substitutionmodel.Frequencies"/>
#                </substModel>
#            </siteModel>
#            <branchRateModel id="branchRates" numSites="1000" numberOfDiscreteRates="12" rateMean="@rateMean" rateOmega="@rateOmega" spec="beast.evolution.branchratemodel.ARClockModel" tree="@Tree.t:1">
#                <rateCategories dimension="200" id="rateCategories" spec="beast.core.parameter.IntegerParameter">1</rateCategories>
#            </branchRateModel>
#        </distribution>
#    </distribution>
#</input>
#
Sample	posterior	likelihood	prior	treeLikelihood	TreeHeight	rateOmega	rateMean	kappa	mutationRate	gammaShape	popSize	CoalescentConstant	freqParameter.1	freqParameter.2	freqParameter.3	freqParameter.4
0	-26657.642231428814	-26423.609025258454	-234.03320617036022	-26423.609025258454	10.751582664363609	0.5	0.005	2.0	1.0	1.0	0.3	-230.21431273121476	0.25	0.25	0.25	0.25
1000	-16023.419091478234	-15604.508468769265	-418.9106227089686	-15604.508468769265	12.661744998502568	0.18641918910018893	0.026745200394407316	2.0	1.0	1.0	4.5462909818652575	-411.88469703967917	0.25	0.25	0.25	0.25
2000	-14510.084705026864	-14155.674737369232	-354.4099676576323	-14155.674737369232	12.452444253919234	0.5318501056706206	0.02031370367202681	2.0	1.0	1.0	10.656885897220734	-345.523304608429	0.24781943583948512	0.2425357085385297	0.2521805641605149	0.2574642914614703
3000	-13170.646080919258	-12808.33111352225	-362.31496739700816	-12808.33111352225	12.382717440618954	2.1866738710975904	0.0170621950747059	2.111823795022068	1.0	1.0	12.405122563147895	-350.48132193553016	0.24781943583948512	0.23800480609857538	0.2521805641605149	0.2619951939014246
4000	-12603.482028016499	-12240.835690360134	-362.64633765636484	-12240.835690360134	12.255312027539219	5.369115313562802	0.017381478141000335	2.313969396828948	1.0	1.0	10.233347220424209	-346.9161713435417	0.24261747878428194	0.24120812202783337	0.24709346715071118	0.2690809320371735
5000	-11914.796281718824	-11552.355375811148	-362.44090590767604	-11552.355375811148	13.385245098011582	8.06942289940778	0.016025313259452934	2.471665261035295	1.0	1.0	10.47516204891455	-343.64206157032373	0.24261747878428194	0.24120812202783337	0.24709346715071118	0.2690809320371735
6000	-11409.174050712192	-11044.143258695052	-365.03079201714047	-11044.143258695052	13.385245098011582	8.740538468674146	0.016326857872040523	5.862226389660227	1.0	1.0	12.056557716620187	-344.279732429841	0.24261747878428194	0.24120812202783337	0.24709346715071118	0.2690809320371735
7000	-10878.325949337686	-10514.945052941275	-363.3808963964107	-10514.945052941275	13.373868069600373	9.981762479186674	0.015766719380320038	5.862226389660227	1.0	1.0	9.62157087551849	-341.530000596487	0.24261747878428194	0.24120812202783337	0.24709346715071118	0.2690809320371735
8000	-10442.052028580918	-10077.770752254966	-364.2812763259525	-10077.770752254966	12.905517751953669	9.872743160537388	0.015182474448481729	5.862226389660227	1.0	1.0	11.367198079812063	-342.420714312346	0.24261747878428194	0.24922120210165644	0.2390803870768881	0.2690809320371735
9000	-9840.137888822988	-9475.397804205046	-364.74008461794193	-9475.397804205046	16.447790143727477	8.23161887973005	0.011736822393738213	5.862226389660227	1.0	1.0	12.443408858427444	-344.85337244910306	0.24261747878428194	0.24922120210165644	0.23435789593791448	0.2738034231761471
10000	-9470.763231012608	-9104.424436023432	-366.338794989177	-9104.424436023432	18.11533318454137	9.053815661886217	0.010617721552375444	5.413382775975067	1.0	1.0	11.576471610369254	-345.83404793293784	0.24261747878428194	0.24922120210165644	0.23435789593791448	0.2738034231761471
11000	-8988.625955052994	-8627.282241695551	-361.3437133574426	-8627.282241695551	18.289897271445177	8.773408412130186	0.010203072848657714	5.413382775975067	1.0	1.0	12.207654699257995	-341.1346508989342	0.24261747878428194	0.24922120210165644	0.23435789593791448	0.2738034231761471
12000	-8813.768080958913	-8454.020119016654	-359.74796194225917	-8454.020119016654	18.289897271445177	6.8358239216487	0.007346856571333312	5.413382775975067	1.0	0.5019183641878733	12.563806390302872	-342.5000326834186	0.24261747878428194	0.24922120210165644	0.23435789593791448	0.2738034231761471
13000	-8636.903914389435	-8274.963612628437	-361.94030176099886	-8274.963612628437	17.53780426583002	8.22126621769234	0.00845276378163858	5.413382775975067	1.0	0.5019183641878733	12.25170890100513	-343.025366719736	0.24261747878428194	0.24922120210165644	0.23435789593791448	0.2738034231761471
14000	-8574.784058478044	-8206.786835455277	-367.99722302276643	-8206.786835455277	18.54021011869716	9.726607003722636	0.008722931105885047	5.413382775975067	1.0	0.9086803740858552	10.92919508124084	-347.10151145176025	0.24261747878428194	0.24922120210165644	0.23435789593791448	0.2738034231761471
15000	-8505.02244907953	-8140.80770711891	-364.2147419606204	-8140.80770711891	17.44787346194311	9.605918801461685	0.0088252466663632	5.413382775975067	1.0	0.9086803740858552	12.683528082338963	-343.29038395593375	0.24261747878428194	0.24922120210165644	0.22985224796985426	0.27830907114420733
16000	-8485.077483618687	-8126.310229894614	-358.7672537240732	-8126.310229894614	17.076791890167982	8.53288314823568	0.008556215376945939	5.413382775975067	1.0	0.9086803740858552	11.913876668736167	-339.1162114540544	0.24261747878428194	0.24922120210165644	0.22985224796985426	0.27830907114420733
17000	-8358.162990337783	-7997.743878062714	-360.41911227506813	-7997.743878062714	16.62781749181367	6.375846636607958	0.008556215376945939	5.413382775975067	1.0	0.9086803740858552	10.560399846950988	-343.3079685778324	0.24261747878428194	0.24922120210165644	0.22985224796985426	0.27830907114420733
18000	-8164.251467050167	-7807.996155292032	-356.25531175813444	-7807.996155292032	17.547025708708908	7.484719824080003	0.007771099588715595	5.413382775975067	1.0	0.9086803740858552	10.432615307276333	-337.99970717764404	0.24261747878428194	0.24922120210165644	0.22985224796985426	0.27830907114420733
19000	-7947.012349808085	-7594.046356857786	-352.96599295029904	-7594.046356857786	17.746854047784876	7.262123446804637	0.007368807585418103	5.413382775975067	1.0	0.9086803740858552	11.942109931807861	-334.8783153965747	0.24261747878428194	0.24922120210165644	0.22985224796985426	0.27830907114420733
20000	-7867.140788288299	-7507.93960069835	-359.20118758994874	-7507.93960069835	18.234185952689856	9.337412556455515	0.00693941753463472	5.413382775975067	1.0	0.9086803740858552	11.390907297565688	-338.919422333637	0.24261747878428194	0.24922120210165644	0.22985224796985426	0.27830907114420733
21000	-7798.574226194481	-7437.5736040720585	-361.00062212242193	-7437.5736040720585	16.396308754354546	9.916675071845214	0.007389410340824877	4.979974049638791	1.0	1.6697858720490617	10.081402687096572	-339.5014885297629	0.24261747878428194	0.24922120210165644	0.22985224796985426	0.27830907114420733
22000	-7766.514851052668	-7409.196301208083	-357.3185498445845	-7409.196301208083	16.29245897175831	9.69896051670382	0.007331580059700079	4.979974049638791	1.0	1.3003449352432341	12.367305879958403	-336.23006229399937	0.24261747878428194	0.24922120210165644	0.22985224796985426	0.27830907114420733
23000	-7747.035109258295	-7387.742792905378	-359.29231635291666	-7387.742792905378	16.29245897175831	9.365361921384576	0.0069834725697221385	4.979974049638791	1.0	1.3714216702455755	7.267732695010437	-339.0782129620011	0.23597971123585387	0.2558589696500845	0.22985224796985426	0.27830907114420733
24000	-7689.089620341637	-7338.867406477953	-350.22221386368335	-7338.867406477953	16.500353061281633	7.766802727665926	0.007668081353662493	4.979974049638791	1.0	1.4191920989480429	10.522071697902836	-331.2635747969737	0.23597971123585387	0.2558589696500845	0.22985224796985426	0.27830907114420733
25000	-7525.571207704295	-7174.1698664976575	-351.40134120663834	-7174.1698664976575	16.92967022972637	7.406522583680222	0.006698470045429702	4.979974049638791	1.0	1.4191920989480429	11.472639731968755	-332.89472110828194	0.23597971123585387	0.2558589696500845	0.22985224796985426	0.27830907114420733
26000	-7449.247162829173	-7098.74118046055	-350.5059823686235	-7098.74118046055	15.672156663802332	7.02145842186416	0.0063938141437753435	4.979974049638791	1.0	1.4191920989480429	11.063727652194801	-332.5153906656843	0.2344955209959605	0.25734315988997786	0.22985224796985426	0.27830907114420733
27000	-7402.113941719319	-7052.5388752014405	-349.5750665178788	-7052.5388752014405	16.123546337504767	6.302057956758414	0.006503422523242412	3.4774318459332885	1.0	1.4191920989480429	11.246332328673182	-332.8247799040799	0.23619007669749786	0.25734315988997786	0.2281576922683169	0.27830907114420733
28000	-7240.344110481484	-6893.017887547706	-347.3262229337779	-6893.017887547706	15.664217981317883	6.519654326011034	0.006321637571720268	3.4774318459332885	1.0	1.4191920989480429	8.918081535133695	-330.58814088638655	0.23619007669749786	0.25734315988997786	0.2281576922683169	0.27830907114420733
29000	-7167.029081489356	-6827.469019228566	-339.56006226078955	-6827.469019228566	15.47120309586843	4.486732577664645	0.005970775449645055	5.002108888537325	1.0	1.4191920989480429	8.043100144726706	-324.88849070097456	0.22963132009478493	0.2639019164926908	0.2281576922683169	0.27830907114420733
30000	-7108.937553847523	-6774.214353774472	-334.72320007305115	-6774.214353774472	15.47120309586843	5.295309426913622	0.00647231687937208	5.002108888537325	1.0	1.4191920989480429	9.000279797517562	-318.9007279924923	0.22963132009478493	0.2639019164926908	0.2281576922683169	0.27830907114420733
31000	-7068.140400350108	-6731.286828432805	-336.85357191730304	-6731.286828432805	15.454596777989217	6.2802734578009956	0.006245370716929119	5.002108888537325	1.0	1.7999479036773487	8.615237194546518	-319.591312480393	0.22963132009478493	0.2639019164926908	0.2281576922683169	0.27830907114420733
32000	-7013.15589204214	-6681.153759452185	-332.0021325899549	-6681.153759452185	15.356515107639568	5.011308566639072	0.005781730084760688	5.002108888537325	1.0	1.7999479036773487	9.619459169444362	-316.1789427058982	0.22963132009478493	0.2639019164926908	0.2281576922683169	0.27830907114420733
33000	-6989.653195544516	-6656.572634852573	-333.08056069194305	-6656.572634852573	15.356515107639568	5.608976678551962	0.005837014624182292	5.002108888537325	1.0	3.2156009276261353	8.740799411711386	-315.2289077526173	0.22963132009478493	0.2639019164926908	0.2281576922683169	0.27830907114420733
34000	-6927.262079850179	-6586.574198365919	-340.68788148426063	-6586.574198365919	15.50267192831601	6.002131308786642	0.005643752866278514	5.002108888537325	1.0	3.2156009276261353	7.803393884416512	-322.52924025136764	0.22963132009478493	0.2639019164926908	0.2281576922683169	0.27830907114420733
35000	-6905.4412492428055	-6560.902513726535	-344.53873551627015	-6560.902513726535	15.50267192831601	6.316671003036806	0.005825296064449439	5.002108888537325	1.0	3.1798148025324706	9.322832584803413	-325.8457792052443	0.22963132009478493	0.2639019164926908	0.22380604488849923	0.282660718524025
36000	-6876.588536744133	-6536.099174719942	-340.48936202419134	-6536.099174719942	15.50267192831601	6.338823528285519	0.005733009193602216	3.587454332479157	1.0	4.226925450552497	8.536271639467369	-321.25491773953337	0.2249288058079666	0.2639019164926908	0.22850855917531754	0.282660718524025
37000	-6853.980841700467	-6518.92325783838	-335.0575838620873	-6518.92325783838	15.444030572755576	5.704386582050487	0.005937971132832622	3.587454332479157	1.0	4.226925450552497	9.16573044525724	-316.4461849578006	0.2231033050974147	0.2657274172032427	0.22850855917531754	0.282660718524025
38000	-6842.890700550571	-6508.100200748879	-334.79049980169174	-6508.100200748879	15.444030572755576	5.877451176179786	0.006137586974772208	3.587454332479157	1.0	3.1522373578962264	7.128471162355155	-317.27210177517037	0.2231033050974147	0.2657274172032427	0.22850855917531754	0.282660718524025
39000	-6847.03864212205	-6517.997581995892	-329.04106012615813	-6517.997581995892	15.427359422685777	5.717196313227468	0.006211010191777606	3.587454332479157	1.0	3.922212200833313	8.535605144430477	-310.74576699627306	0.2231033050974147	0.26592132814255154	0.22850855917531754	0.2824668075847162
40000	-6778.335831214194	-6451.994542062794	-326.34128915140013	-6451.994542062794	16.311742826524124	5.432521205263874	0.006425838008149519	3.587454332479157	1.0	3.922212200833313	8.795665662298704	-308.3125776898457	0.2231033050974147	0.26592132814255154	0.22850855917531754	0.2824668075847162
41000	-6761.009966127129	-6431.559404484229	-329.4505616428995	-6431.559404484229	16.37910612216675	5.810808345752804	0.0061000428870687405	3.587454332479157	1.0	3.922212200833313	7.58212499786663	-311.1835407689034	0.2231033050974147	0.262292901271848	0.22850855917531754	0.28609523445541973
42000	-6730.6087440713545	-6399.989539802873	-330.6192042684815	-6399.989539802873	16.864959595671852	6.33423959001205	0.006330440961804567	3.587454332479157	1.0	3.922212200833313	8.418346605164574	-311.6093880138622	0.2231033050974147	0.262292901271848	0.21920603399305058	0.29539775963768666
43000	-6736.506819583914	-6405.831006883764	-330.6758127001501	-6405.831006883764	16.12890442517749	6.919309688826639	0.0061394135059432905	3.587454332479157	1.0	3.922212200833313	9.676652258759903	-310.8927906809306	0.2231033050974147	0.262292901271848	0.21920603399305058	0.29539775963768666
44000	-6700.832789317389	-6367.6640481279865	-333.16874118940257	-6367.6640481279865	16.342918804433882	7.143097465654077	0.005750315135546139	3.924451695168331	1.0	3.922212200833313	7.419086085074685	-313.35617467955257	0.20897472491266245	0.262292901271848	0.21920603399305058	0.3095263398224389
45000	-6712.470048941479	-6374.41610073332	-338.0539482081596	-6374.41610073332	16.69295406795912	6.583398247290057	0.005656416922370455	3.924451695168331	1.0	3.922212200833313	10.104083831302633	-318.58210860793383	0.20897472491266245	0.262292901271848	0.21920603399305058	0.3095263398224389
46000	-6714.715735930497	-6375.755384248092	-338.96035168240525	-6375.755384248092	16.899996554295207	7.918692501151039	0.006217534568420783	3.924451695168331	1.0	3.922212200833313	8.553371787603242	-318.05895338603074	0.20897472491266245	0.262292901271848	0.21920603399305058	0.3095263398224389
47000	-6707.368915337865	-6368.77233738887	-338.59657794899437	-6368.77233738887	17.87749707091505	7.26258259592826	0.005950863518868647	3.924451695168331	1.0	3.922212200833313	8.837407442574756	-318.4403477180346	0.20897472491266245	0.262292901271848	0.21920603399305058	0.3095263398224389
48000	-6703.6253280585925	-6368.023138754351	-335.6021893042417	-6368.023138754351	16.64016109839039	6.483562366042103	0.006005929667684347	3.924451695168331	1.0	3.922212200833313	9.334581764069345	-316.2631458047367	0.20897472491266245	0.262292901271848	0.21920603399305058	0.3095263398224389
49000	-6671.212708073155	-6335.062921858546	-336.149786214609	-6335.062921858546	16.182275175489973	8.627332710859447	0.0062812170703487585	3.924451695168331	1.0	3.922212200833313	7.196795766363485	-314.62509598973656	0.20897472491266245	0.262292901271848	0.21920603399305058	0.3095263398224389
50000	-6671.63591336365	-6338.980138300393	-332.65577506325627	-6338.980138300393	17.553256599194764	7.909217452475687	0.005850683564445465	3.924451695168331	1.0	3.9692347375576214	7.85872020237752	-311.8634863384838	0.20897472491266245	0.262292901271848	0.2138108931567516	0.3149214806587379
51000	-6672.809474681523	-6339.940165711944	-332.8693089695792	-6339.940165711944	18.586580137203182	6.86145574638596	0.005984636773746244	3.924451695168331	1.0	3.9692347375576214	9.101145119638218	-313.08324586132784	0.20891688112014994	0.2623507450643605	0.2138108931567516	0.3149214806587379
52000	-6650.014704369506	-6314.56285729616	-335.45184707334687	-6314.56285729616	16.958703108332603	8.274169579653126	0.005870568232211171	3.924451695168331	1.0	3.9692347375576214	7.755561055582575	-314.26382525388806	0.19352412147779954	0.2777435047067109	0.2138108931567516	0.3149214806587379
53000	-6625.007273450164	-6292.276430334358	-332.7308431158056	-6292.276430334358	16.09789093672891	6.29885853265602	0.00571616983760777	3.924451695168331	1.0	3.9692347375576214	7.879813716541314	-313.7744049355741	0.19352412147779954	0.2777435047067109	0.19527732118585972	0.33345505262962977
54000	-6636.731920447017	-6305.517298098671	-331.2146223483463	-6305.517298098671	16.759463839248735	6.400553955385387	0.005400393102165082	3.924451695168331	1.0	3.9692347375576214	7.049167323325873	-312.31032787513465	0.19352412147779954	0.2777435047067109	0.19527732118585972	0.33345505262962977
55000	-6562.930555085269	-6235.394022151671	-327.53653293359696	-6235.394022151671	16.617093324105078	5.891465710737802	0.005899718778275445	3.924451695168331	1.0	3.9692347375576214	6.149430191320862	-309.2639784358662	0.19352412147779954	0.2777435047067109	0.19527732118585972	0.33345505262962977
56000	-6530.371576559876	-6207.001210476067	-323.37036608380873	-6207.001210476067	15.763486998779038	8.273157865261602	0.006520237401771928	3.924451695168331	1.0	3.9692347375576214	8.849688505928802	-301.9464096851196	0.19352412147779954	0.2777435047067109	0.19527732118585972	0.33345505262962977
57000	-6507.738478751926	-6188.266855455162	-319.471623296764	-6188.266855455162	15.418079495986001	5.877494195913293	0.005626751542920505	3.924451695168331	1.0	3.3051202766706593	8.247829432993017	-301.63310950913467	0.1807414183731511	0.2777435047067109	0.19527732118585972	0.3462377557342782
58000	-6500.325328626913	-6181.893976967068	-318.4313516598446	-6181.893976967068	16.306545868356174	6.6169695836637645	0.0061636787980499895	3.924451695168331	1.0	3.3051202766706593	7.4045498536653795	-299.7633388674603	0.1807414183731511	0.2777435047067109	0.19527732118585972	0.3462377557342782
59000	-6511.267937719838	-6192.347663369898	-318.9202743499398	-6192.347663369898	16.546079385333307	6.249613465812152	0.005729742596611924	3.821428901527463	1.0	4.203933834722357	7.926364093520582	-299.8098105262992	0.1807414183731511	0.2777435047067109	0.19527732118585972	0.3462377557342782
60000	-6503.90718544368	-6179.683119788037	-324.2240656556424	-6179.683119788037	17.020939478145255	8.45594353790204	0.005968911054188571	3.821428901527463	1.0	3.655625891479216	9.361139203174268	-302.97616358205306	0.1807414183731511	0.2777435047067109	0.19527732118585972	0.3462377557342782
61000	-6481.809741638696	-6160.68375651555	-321.12598512314634	-6160.68375651555	17.020939478145255	7.114743963922779	0.005197937904973587	3.821428901527463	1.0	5.6689025641932576	7.629101657982133	-299.704415114859	0.1807414183731511	0.2777435047067109	0.19527732118585972	0.3462377557342782
62000	-6493.888774045939	-6174.660051805544	-319.2287222403945	-6174.660051805544	16.46199433581465	6.413726072646743	0.005577110829552888	3.821428901527463	1.0	5.6689025641932576	6.865057558465072	-298.6366157595211	0.17733865966452503	0.28114626341533694	0.19527732118585972	0.3462377557342782
63000	-6492.845932913994	-6178.286190123217	-314.55974279077725	-6178.286190123217	16.667242058731368	6.9525499580637495	0.005613233333598022	3.821428901527463	1.0	5.6689025641932576	6.946008818277897	-293.33802845624194	0.17733865966452503	0.28114626341533694	0.19527732118585972	0.3462377557342782
64000	-6481.85558015853	-6170.9087633944555	-310.94681676407464	-6170.9087633944555	16.32865381764268	7.381582744076718	0.005893320098177626	3.821428901527463	1.0	5.6689025641932576	6.781906317842541	-289.21735776784215	0.17733865966452503	0.28114626341533694	0.18815034462093547	0.35336473229920246
65000	-6482.762039687681	-6169.947978741673	-312.81406094600754	-6169.947978741673	17.897866065670044	7.431907487531886	0.005962676124455619	3.544256424118545	1.0	5.6689025641932576	5.287879275446085	-291.35518870332095	0.17733865966452503	0.28114626341533694	0.18815034462093547	0.35336473229920246
66000	-6492.627358698062	-6181.881338099631	-310.74602059843176	-6181.881338099631	16.775402492467492	6.277387052168615	0.005556124569143915	3.544256424118545	1.0	6.107618187901512	7.399171280293859	-289.88962030373733	0.17733865966452503	0.28114626341533694	0.18815034462093547	0.35336473229920246
67000	-6488.503431772578	-6179.8410787538705	-308.6623530187067	-6179.8410787538705	16.807417924084135	4.814807884957567	0.005889678195802045	3.544256424118545	1.0	6.107618187901512	6.421727626274832	-289.59060205441125	0.1824835853146603	0.28114626341533694	0.1830054189708002	0.35336473229920246
68000	-6477.226518443255	-6171.445655248448	-305.780863194807	-6171.445655248448	16.61060406798412	5.312321109437941	0.006222929318467003	3.544256424118545	1.0	6.107618187901512	5.558700862779143	-286.2123248804021	0.1824835853146603	0.28114626341533694	0.1830054189708002	0.35336473229920246
69000	-6469.993165396116	-6166.852953668176	-303.14021172793906	-6166.852953668176	14.720912092116103	6.14522352986652	0.005914250577558077	3.544256424118545	1.0	6.107618187901512	7.067800834191848	-282.4184346640825	0.1824835853146603	0.28114626341533694	0.1830054189708002	0.35336473229920246
70000	-6475.5771360161125	-6172.572416491579	-303.00471952453364	-6172.572416491579	14.066359789581039	5.5967772376606115	0.005683138203605567	3.544256424118545	1.0	6.107618187901512	5.669098480040943	-283.17593679934384	0.1824835853146603	0.28114626341533694	0.1830054189708002	0.35336473229920246
71000	-6476.8735735175405	-6178.785202114937	-298.088371402603	-6178.785202114937	14.695338640611114	4.687420665955046	0.0055970902623798755	3.544256424118545	1.0	6.107618187901512	5.42241367486379	-279.38827841568946	0.19181858315555791	0.28114626341533694	0.17367042112990258	0.35336473229920246
72000	-6470.484705270813	-6166.397790940613	-304.08691433020016	-6166.397790940613	14.531614710582883	7.267993224327858	0.006525635893193432	3.544256424118545	1.0	6.107618187901512	5.008884393622418	-282.33718601317827	0.1859100778393545	0.2806334003645761	0.17367042112990258	0.3597861006661667
73000	-6467.503126854359	-6163.366072438621	-304.13705441573836	-6163.366072438621	15.43209590646394	6.2447424404525735	0.005578350993478232	3.544256424118545	1.0	6.107618187901512	6.997303399942163	-283.369839787435	0.1859100778393545	0.2806334003645761	0.17367042112990258	0.3597861006661667
74000	-6470.133541306229	-6167.41500458694	-302.7185367192891	-6167.41500458694	15.759896008667313	6.4873090764145	0.005823739713247288	3.544256424118545	1.0	6.107618187901512	5.317922265763516	-281.9058209515447	0.1859100778393545	0.2806334003645761	0.17367042112990258	0.3597861006661667
75000	-6450.458317722263	-6147.1484905563175	-303.30982716594576	-6147.1484905563175	16.742289120173965	6.8805403827745675	0.006163069089563764	3.544256424118545	1.0	6.107618187901512	5.519435676901592	-281.9570342753585	0.1859100778393545	0.27528314605335646	0.17367042112990258	0.36513635497738633
76000	-6448.570515233821	-6144.4508121891995	-304.11970304462227	-6144.4508121891995	18.358353762386766	8.235963899018552	0.006151622329941712	3.544256424118545	1.0	6.107618187901512	6.231574414194704	-281.13016254623136	0.1859100778393545	0.27528314605335646	0.17367042112990258	0.36513635497738633
77000	-6451.096754162545	-6146.090570367444	-305.00618379510104	-6146.090570367444	17.669585723074192	8.333759901573425	0.0063183254514743116	3.544256424118545	1.0	5.166042355209509	5.926096550278491	-282.8732911319068	0.1859100778393545	0.27528314605335646	0.17367042112990258	0.36513635497738633
78000	-6453.652793222807	-6148.859358839169	-304.79343438363907	-6148.859358839169	16.402723105569898	7.531214904238569	0.006592519073856199	3.4932308371988916	1.0	5.166042355209509	6.747216204814034	-283.39880838124316	0.1859100778393545	0.27528314605335646	0.17367042112990258	0.36513635497738633
79000	-6442.820767220896	-6137.615805512607	-305.2049617082891	-6137.615805512607	16.15122927009864	7.866907764822077	0.006260242645459854	3.4932308371988916	1.0	4.352649162027849	6.275907169478225	-284.37299045091066	0.17996807889460195	0.27528314605335646	0.15439639313140097	0.39035238192064053
80000	-6440.683899729168	-6135.203862615805	-305.4800371133631	-6135.203862615805	15.34281284594086	5.994555366418257	0.005824721913104596	3.4932308371988916	1.0	4.352649162027849	6.459085203768511	-286.8084633765684	0.17996807889460195	0.27807880104614985	0.15439639313140097	0.38755672692784715
81000	-6450.851040318338	-6144.921065138223	-305.92997518011515	-6144.921065138223	15.570769604430339	6.440563191884629	0.006099637460932591	3.4932308371988916	1.0	4.352649162027849	6.274480002566244	-286.73064036585885	0.17996807889460195	0.27807880104614985	0.15439639313140097	0.38755672692784715
82000	-6459.371339077227	-6159.986147967883	-299.38519110934396	-6159.986147967883	15.132278984177525	5.413624696725036	0.006015005634090934	3.2368971865868312	1.0	4.352649162027849	6.344462478415223	-281.4586046850478	0.17996807889460195	0.27807880104614985	0.15439639313140097	0.38755672692784715
83000	-6447.079320066517	-6136.346731803784	-310.7325882627326	-6136.346731803784	16.871016552375757	5.733424344062629	0.005833880308739318	3.2368971865868312	1.0	7.671160441421697	7.222371405641626	-289.0170384357116	0.17996807889460195	0.27807880104614985	0.15439639313140097	0.38755672692784715
84000	-6437.307149805454	-6127.181437648618	-310.12571215683573	-6127.181437648618	16.643917488312557	5.752074107011665	0.006151539104653718	3.2368971865868312	1.0	7.671160441421697	6.342093024351992	-288.46549177448486	0.17996807889460195	0.27807880104614985	0.15439639313140097	0.38755672692784715
85000	-6440.412419038447	-6130.236163290439	-310.1762557480079	-6130.236163290439	16.77647843093973	6.481216422066904	0.005720185386582382	3.2368971865868312	1.0	7.671160441421697	6.723093504283439	-287.6939095102866	0.17996807889460195	0.27807880104614985	0.15439639313140097	0.38755672692784715
86000	-6448.423811146938	-6135.2679543117465	-313.1558568351914	-6135.2679543117465	17.056059511425556	5.625802061801485	0.005821889804248221	3.2368971865868312	1.0	7.671160441421697	8.767897627598709	-291.37312922328454	0.17996807889460195	0.27807880104614985	0.15439639313140097	0.38755672692784715
87000	-6458.618974912237	-6136.6614267256455	-321.9575481865916	-6136.6614267256455	17.929616334380416	6.063113668483243	0.005083559948848876	3.2368971865868312	1.0	7.671160441421697	7.332435677074986	-299.984597708036	0.17996807889460195	0.27807880104614985	0.15439639313140097	0.38755672692784715
88000	-6449.274079989722	-6127.667746933357	-321.6063330563648	-6127.667746933357	15.888242056322207	7.052772372878031	0.0057545832400057225	3.2368971865868312	1.0	7.671160441421697	6.843779618837978	-298.45257796170347	0.17996807889460195	0.27807880104614985	0.14659511516244814	0.3953580048968
89000	-6433.482361498163	-6116.471512579804	-317.0108489183595	-6116.471512579804	16.623380320104758	4.971669832107813	0.0053821617174413475	3.2368971865868312	1.0	7.671160441421697	6.0738288928595825	-296.4391902514009	0.15858548797027083	0.299461391970481	0.14659511516244814	0.3953580048968
90000	-6417.099695333903	-6104.868542984258	-312.231152349645	-6104.868542984258	17.660496891329593	6.401695039719934	0.00589942638115552	3.2368971865868312	1.0	3.4170694426611212	7.5641774267937905	-293.94477526452863	0.13668019845198295	0.3213666814887689	0.14659511516244814	0.3953580048968
91000	-6407.632128355401	-6092.143237246543	-315.48889110885716	-6092.143237246543	18.75671153562787	6.6097798715757285	0.005225002366163721	3.2368971865868312	1.0	3.4170694426611212	7.02220313059433	-297.16145429953343	0.13668019845198295	0.3213666814887689	0.14659511516244814	0.3953580048968
92000	-6394.516413413264	-6083.784785103496	-310.7316283097677	-6083.784785103496	18.143401210809373	7.199022621648979	0.005619730323383564	3.2368971865868312	1.0	3.4170694426611212	7.832884177986365	-291.55598052391775	0.13668019845198295	0.3213666814887689	0.12473462610505384	0.4172184939541943
93000	-6395.313389451041	-6085.528023874446	-309.78536557659464	-6085.528023874446	18.143401210809373	6.591990627258249	0.005757314231722072	3.2368971865868312	1.0	4.023013753626961	6.0937668925461335	-290.9169466912742	0.13668019845198295	0.3213666814887689	0.12473462610505384	0.4172184939541943
94000	-6404.752067083431	-6095.941218699798	-308.81084838363336	-6095.941218699798	17.966538862477393	6.8442198022424465	0.005388768968921718	3.2368971865868312	1.0	5.683593685897393	6.315376748970824	-288.0262971090599	0.13668019845198295	0.3213666814887689	0.12473462610505384	0.4172184939541943
95000	-6398.9629926905745	-6094.8640159549495	-304.0989767356246	-6094.8640159549495	17.86365019285531	5.9026970525809626	0.005029826104969047	3.2368971865868312	1.0	5.683593685897393	6.639898845956702	-284.4079803228962	0.13668019845198295	0.3213666814887689	0.12473462610505384	0.4172184939541943
96000	-6404.4238613612415	-6094.072129538894	-310.3517318223477	-6094.072129538894	18.86040440994863	7.057610806625536	0.005241286193997157	3.2368971865868312	1.0	5.683593685897393	6.53580048151564	-289.31960900142826	0.13668019845198295	0.29647559276759405	0.12473462610505384	0.44210958267536915
97000	-6391.4933951619505	-6081.727259551477	-309.76613561047395	-6081.727259551477	17.722650357228986	6.347584078869599	0.0052790838471287755	3.2368971865868312	1.0	5.683593685897393	6.097051454007135	-289.6017706199545	0.13668019845198295	0.29647559276759405	0.11274127889508685	0.4541029298853361
98000	-6390.311431287884	-6088.163126814987	-302.14830447289745	-6088.163126814987	17.110471363140537	5.32223731757962	0.005416605570547125	3.2368971865868312	1.0	5.386232112845559	6.8122085994365165	-283.3285734738139	0.13668019845198295	0.28770693175739404	0.11274127889508685	0.46287159089553614
99000	-6376.791822951478	-6066.758948631731	-310.03287431974684	-6066.758948631731	17.487080143410562	7.278512126386635	0.005558523198462185	3.2368971865868312	1.0	5.386232112845559	6.388390917121976	-289.0134973203138	0.13668019845198295	0.28770693175739404	0.11274127889508685	0.46287159089553614
100000	-6368.708150543933	-6065.365669283277	-303.34248126065495	-6065.365669283277	16.648843157158222	7.256686342718694	0.005644533261886194	3.2368971865868312	1.0	5.386232112845559	6.872842818001185	-282.25917320896417	0.13668019845198295	0.28770693175739404	0.11274127889508685	0.46287159089553614
