#
#model:
#
#<?xml version="1.0" encoding="UTF-8" standalone="no"?><input id="posterior" spec="beast.core.util.CompoundDistribution">
#    <distribution id="prior" spec="beast.core.util.CompoundDistribution">
#        <distribution id="CoalescentConstant.t:1" spec="beast.evolution.tree.coalescent.Coalescent">
#            <populationModel id="ConstantPopulation.t:1" spec="beast.evolution.tree.coalescent.ConstantPopulation">
#                <parameter id="popSize.t:1" name="popSize" spec="beast.core.parameter.RealParameter">0.3</parameter>
#            </populationModel>
#            <treeIntervals id="TreeIntervals.t:1" spec="beast.evolution.tree.coalescent.TreeIntervals">
#                <tree id="Tree.t:1" spec="beast.evolution.tree.Tree">
#                    <trait id="dateTrait.t:1" spec="beast.evolution.tree.TraitSet" traitname="date" value="2_2000.1=2000.1,17_2001.6=2001.6,18_2001.7=2001.7,21_2002=2002,24_2002.3=2002.3,26_2002.5=2002.5,5_2000.4=2000.4,7_2000.6=2000.6,4_2000.3=2000.3,13_2001.2=2001.2,15_2001.4=2001.4,16_2001.5=2001.5,1_2000=2000,8_2000.7=2000.7,3_2000.2=2000.2,12_2001.1=2001.1,22_2002.1=2002.1,32_2003.1=2003.1,28_2002.7=2002.7,43_2004.2=2004.2,46_2004.5=2004.5,55_2005.4=2005.4,63_2006.2=2006.2,65_2006.4=2006.4,66_2006.5=2006.5,67_2006.6=2006.6,23_2002.2=2002.2,10_2000.9=2000.9,14_2001.3=2001.3,33_2003.2=2003.2,39_2003.8=2003.8,34_2003.3=2003.3,44_2004.3=2004.3,48_2004.7=2004.7,53_2005.2=2005.2,52_2005.1=2005.1,58_2005.7=2005.7,9_2000.8=2000.8,6_2000.5=2000.5,11_2001=2001,25_2002.4=2002.4,20_2001.9=2001.9,47_2004.6=2004.6,36_2003.5=2003.5,45_2004.4=2004.4,50_2004.9=2004.9,42_2004.1=2004.1,51_2005=2005,35_2003.4=2003.4,37_2003.6=2003.6,57_2005.6=2005.6,59_2005.8=2005.8,61_2006=2006,62_2006.1=2006.1,41_2004=2004,40_2003.9=2003.9,49_2004.8=2004.8,74_2007.3=2007.3,77_2007.6=2007.6,68_2006.7=2006.7,70_2006.9=2006.9,81_2008=2008,19_2001.8=2001.8,27_2002.6=2002.6,29_2002.8=2002.8,30_2002.9=2002.9,31_2003=2003,38_2003.7=2003.7,56_2005.5=2005.5,69_2006.8=2006.8,82_2008.1=2008.1,80_2007.9=2007.9,83_2008.2=2008.2,87_2008.6=2008.6,71_2007=2007,75_2007.4=2007.4,72_2007.1=2007.1,91_2009=2009,88_2008.7=2008.7,94_2009.3=2009.3,98_2009.7=2009.7,79_2007.8=2007.8,84_2008.3=2008.3,78_2007.7=2007.7,76_2007.5=2007.5,89_2008.8=2008.8,93_2009.2=2009.2,96_2009.5=2009.5,97_2009.6=2009.6,95_2009.4=2009.4,100_2009.9=2009.9,54_2005.3=2005.3,60_2005.9=2005.9,64_2006.3=2006.3,73_2007.2=2007.2,86_2008.5=2008.5,85_2008.4=2008.4,90_2008.9=2008.9,99_2009.8=2009.8,92_2009.1=2009.1,101_2010=2010">
#                        <taxa id="TaxonSet.1" spec="beast.evolution.alignment.TaxonSet">
#                        </taxa>
#                    </trait>
#                    <taxonset idref="TaxonSet.1"/>
#                </tree>
#            </treeIntervals>
#        </distribution>
#        <prior id="rateOmega.prior" name="distribution">
#            <parameter id="rateOmega" lower="0.1" name="x" spec="beast.core.parameter.RealParameter" upper="10.0">0.5</parameter>
#            <Gamma id="Gamma.0" name="distr">
#                <parameter estimate="false" id="rateOmega.alpha" name="alpha" spec="beast.core.parameter.RealParameter">0.1</parameter>
#                <parameter estimate="false" id="rateOmega.beta" name="beta" spec="beast.core.parameter.RealParameter">1.0</parameter>
#            </Gamma>
#        </prior>
#        <prior id="rateMean.prior" name="distribution">
#            <parameter id="rateMean" lower="1.0E-4" name="x" spec="beast.core.parameter.RealParameter" upper="10.0">0.005</parameter>
#            <Gamma id="Gamma.1" name="distr">
#                <parameter estimate="false" id="rateMean.alpha" name="alpha" spec="beast.core.parameter.RealParameter">0.005</parameter>
#                <parameter estimate="false" id="rateMean.beta" name="beta" spec="beast.core.parameter.RealParameter">1.0</parameter>
#            </Gamma>
#        </prior>
#        <prior id="FrequenciesPrior.s:1" name="distribution">
#            <parameter dimension="4" id="freqParameter.s:1" lower="0.0" name="x" spec="beast.core.parameter.RealParameter" upper="1.0">0.25</parameter>
#            <Uniform id="Uniform.3" name="distr"/>
#        </prior>
#        <prior id="GammaShapePrior.s:1" name="distribution">
#            <parameter id="gammaShape.s:1" name="x" spec="beast.core.parameter.RealParameter">1.0</parameter>
#            <Exponential id="Exponential.0" name="distr">
#                <parameter estimate="false" id="RealParameter.0" name="mean" spec="beast.core.parameter.RealParameter">1.0</parameter>
#            </Exponential>
#        </prior>
#        <prior id="KappaPrior.s:1" name="distribution">
#            <parameter id="kappa.s:1" lower="0.0" name="x" spec="beast.core.parameter.RealParameter">2.0</parameter>
#            <LogNormal id="LogNormalDistributionModel.0" name="distr">
#                <parameter estimate="false" id="RealParameter.1" name="M" spec="beast.core.parameter.RealParameter">1.0</parameter>
#                <parameter estimate="false" id="RealParameter.2" name="S" spec="beast.core.parameter.RealParameter">1.25</parameter>
#            </LogNormal>
#        </prior>
#        <prior id="PopSizePrior.t:1" name="distribution" x="@popSize.t:1">
#            <OneOnX id="OneOnX.1" name="distr"/>
#        </prior>
#    </distribution>
#    <distribution id="likelihood" spec="beast.core.util.CompoundDistribution" useThreads="true">
#        <distribution data="@1" id="treeLikelihood.1" spec="beast.evolution.likelihood.ThreadedTreeLikelihood" tree="@Tree.t:1">
#            <siteModel gammaCategoryCount="4" id="SiteModel.s:1" shape="@gammaShape.s:1" spec="beast.evolution.sitemodel.SiteModel">
#                <parameter id="mutationRate.s:1" name="mutationRate" spec="beast.core.parameter.RealParameter">1.0</parameter>
#                <parameter estimate="false" id="proportionInvariant.s:1" lower="0.0" name="proportionInvariant" spec="beast.core.parameter.RealParameter" upper="1.0">0.0</parameter>
#                <substModel id="hky.s:1" kappa="@kappa.s:1" spec="beast.evolution.substitutionmodel.HKY">
#                    <frequencies frequencies="@freqParameter.s:1" id="estimatedFreqs.s:1" spec="beast.evolution.substitutionmodel.Frequencies"/>
#                </substModel>
#            </siteModel>
#            <branchRateModel id="branchRates" numSites="1000" numberOfDiscreteRates="12" rateMean="@rateMean" rateOmega="@rateOmega" spec="beast.evolution.branchratemodel.ARClockModel" tree="@Tree.t:1">
#                <rateCategories dimension="200" id="rateCategories" spec="beast.core.parameter.IntegerParameter">1</rateCategories>
#            </branchRateModel>
#        </distribution>
#    </distribution>
#</input>
#
Sample	posterior	likelihood	prior	treeLikelihood	TreeHeight	rateOmega	rateMean	kappa	mutationRate	gammaShape	popSize	CoalescentConstant	freqParameter.1	freqParameter.2	freqParameter.3	freqParameter.4
0	-28617.228625450385	-28383.195419280026	-234.03320617036022	-28383.195419280026	10.751582664363609	0.5	0.005	2.0	1.0	1.0	0.3	-230.21431273121476	0.25	0.25	0.25	0.25
1000	-16360.32889207925	-16081.498026259347	-278.83086581990256	-16081.498026259347	13.015611302796582	0.15423241682840136	0.031221505584982365	3.1940361545973053	1.0	1.0	3.7335483410212533	-271.59987681417726	0.25	0.25	0.25	0.25
2000	-14199.308555420394	-13928.737781885826	-270.5707735345684	-13928.737781885826	17.140700214622154	0.26327685342836726	0.025446645651092763	3.1940361545973053	1.0	1.0	5.1833939449795245	-262.63064363875736	0.24781943583948512	0.25	0.2521805641605149	0.25
3000	-12403.618334469762	-12134.246192105384	-269.3721423643779	-12134.246192105384	16.48746480951477	0.7777258013175594	0.017714623408541644	3.1940361545973053	1.0	1.0	4.506214230738133	-260.450829606209	0.24781943583948512	0.24546909756004567	0.2521805641605149	0.2545309024399543
4000	-11593.997145063116	-11310.190817583523	-283.8063274795941	-11310.190817583523	18.34336969861501	7.101639789176287	0.019560790692937962	3.1940361545973053	1.0	1.0	6.255197301213303	-266.14212206535484	0.24261747878428194	0.25067105461524886	0.2521805641605149	0.2545309024399543
5000	-11244.965398797807	-10958.118405091707	-286.8469937060998	-10958.118405091707	17.13468608579483	7.080112691729798	0.018734872715162703	3.411708130897332	1.0	1.0	5.909950755423417	-269.23344972652	0.23302584689969402	0.25044643122771104	0.2521805641605149	0.26434715771208006
6000	-10738.23301592535	-10448.357376374883	-289.87563955046835	-10448.357376374883	13.191665822249064	6.62707426384776	0.019997869460341385	5.449846186432764	1.0	1.0	6.343432551489943	-272.03100589497893	0.23302584689969402	0.25044643122771104	0.2521805641605149	0.26434715771208006
7000	-10072.582712867496	-9766.270706112213	-306.31200675528214	-9766.270706112213	20.117463049491946	5.469109616955079	0.015200128954088097	4.371960611053015	1.0	1.0	6.005479557789068	-290.4336171370654	0.23302584689969402	0.258421769370232	0.24420522601799396	0.26434715771208006
8000	-9866.721046854658	-9562.850529074438	-303.8705177802199	-9562.850529074438	21.9424723069492	3.478763893539818	0.014332904271736712	4.371960611053015	1.0	1.0	7.427918849173302	-290.2364149130731	0.22876276716643518	0.258421769370232	0.2484683057512528	0.26434715771208006
9000	-9691.966411170339	-9389.99263317616	-301.97377799417796	-9389.99263317616	21.708371455477913	2.970548214645384	0.011479856766548741	4.371960611053015	1.0	1.0	6.258442711898242	-289.38504980095973	0.22876276716643518	0.258421769370232	0.24374581461227918	0.26906964885105367
10000	-9425.946683236789	-9128.14116221245	-297.8055210243378	-9128.14116221245	23.81717187648991	2.401539418357645	0.011405855657240031	4.371960611053015	1.0	1.0	6.583426602321115	-285.93305925318725	0.22876276716643518	0.258421769370232	0.24374581461227918	0.26906964885105367
11000	-9358.040447871816	-9062.198582047946	-295.8418658238698	-9062.198582047946	23.98542732090787	2.9919092825481792	0.012056904359545846	4.371960611053015	1.0	1.0	5.932937096423224	-283.2293644785997	0.2248014065895199	0.258421769370232	0.24770717518919447	0.26906964885105367
12000	-9208.94336479176	-8912.878670143305	-296.0646946484546	-8912.878670143305	23.98542732090787	2.235780790534018	0.011135141659780955	4.371960611053015	1.0	1.0	7.446089219578158	-284.3233968800809	0.2248014065895199	0.258421769370232	0.24770717518919447	0.26906964885105367
13000	-9093.57966057054	-8791.275968420581	-302.3036921499581	-8791.275968420581	22.01858032307064	1.9232668954514447	0.009096941979365407	4.371960611053015	1.0	1.0005500166023642	6.901913021150636	-291.2889524072965	0.2248014065895199	0.26153473493955387	0.24459420961987258	0.26906964885105367
14000	-8945.654165355449	-8641.745750013479	-303.90841534197057	-8641.745750013479	23.31606955961889	2.206284142820204	0.009611148005617827	4.371960611053015	1.0	1.0005500166023642	6.382680482483811	-292.5100881613808	0.21810543963580215	0.26153473493955387	0.24459420961987258	0.2757656158047714
15000	-8659.082919443006	-8355.889287592594	-303.1936318504125	-8355.889287592594	25.38228993533219	1.7061469215702478	0.008678115912205856	4.371960611053015	1.0	1.0005500166023642	7.626415435591057	-292.4513187054122	0.20821653225910064	0.26153473493955387	0.24459420961987258	0.2856545231814729
16000	-8561.751148420764	-8262.194464079575	-299.5566843411898	-8262.194464079575	26.71903489269682	1.8144858631551197	0.008734175705965136	4.371960611053015	1.0	1.0005500166023642	6.844178108737609	-288.7523806871636	0.20821653225910064	0.26153473493955387	0.24459420961987258	0.2856545231814729
17000	-8434.469171079223	-8132.432925431156	-302.036245648067	-8132.432925431156	25.51284972658031	1.7437376495709882	0.008347459955956942	4.371960611053015	1.0	1.2058605750474187	6.465447029769209	-291.23554657942185	0.20821653225910064	0.26153473493955387	0.24459420961987258	0.2856545231814729
18000	-8244.641670918454	-7935.3029781372825	-309.3386927811714	-7935.3029781372825	25.80948954264285	1.8422502187989789	0.007319599764818637	4.371960611053015	1.0	2.315833382331878	6.602857655185969	-297.39078925971586	0.20821653225910064	0.26153473493955387	0.24459420961987258	0.2856545231814729
19000	-8203.57178119472	-7888.412203202217	-315.1595779925025	-7888.412203202217	26.62415056761162	2.246661611762324	0.007361620757756544	4.371960611053015	1.0	2.315833382331878	9.837075848632416	-302.22425738999465	0.20821653225910064	0.26153473493955387	0.24459420961987258	0.2856545231814729
20000	-8182.765246350427	-7869.01270806862	-313.75253828180746	-7869.01270806862	26.984163013099266	2.3833020932410323	0.007326074195569366	4.371960611053015	1.0	3.083287706122557	7.719488029015118	-300.1072475832519	0.20497451647352274	0.26153473493955387	0.24783622540545047	0.2856545231814729
21000	-8197.28695799493	-7882.836792060165	-314.4501659347644	-7882.836792060165	25.746180391890878	1.6971635719701603	0.0071391623474084025	3.971984499722777	1.0	3.083287706122557	7.506044988043496	-301.9727112895133	0.20497451647352274	0.26153473493955387	0.24612026439429566	0.28737048419262773
22000	-8171.538967435498	-7857.645996120487	-313.89297131501064	-7857.645996120487	23.654491720688604	2.0003000191202545	0.006936281523401422	3.971984499722777	1.0	3.083287706122557	6.07649038863485	-301.2046450552958	0.2053289697004928	0.2611802817125838	0.24612026439429566	0.28737048419262773
23000	-8105.276962753187	-7793.8044334429815	-311.47252931020523	-7793.8044334429815	24.550424259657667	1.7231477603004035	0.007097689146411893	3.971984499722777	1.0	3.251819929599905	6.452171284662771	-298.9440138678575	0.19486170594914554	0.2678180492610118	0.24994976059721485	0.28737048419262773
24000	-8033.696264482799	-7717.951931929316	-315.74433255348345	-7717.951931929316	24.12452832394949	2.988853166965309	0.007172347085742652	3.971984499722777	1.0	2.673951928800165	8.03268472763785	-301.80272823199437	0.19486170594914554	0.2678180492610118	0.24994976059721485	0.28737048419262773
25000	-8017.473430379301	-7699.331031217122	-318.1423991621791	-7699.331031217122	25.624940211673614	2.0101874698891744	0.006660630059321872	3.971984499722777	1.0	4.483873168827468	7.909539548704903	-303.81614462063214	0.19486170594914554	0.2678180492610118	0.24994976059721485	0.28737048419262773
26000	-8008.962166385661	-7694.51086681333	-314.45129957233064	-7694.51086681333	25.871239016558544	2.253330638296018	0.0070800203519769435	3.971984499722777	1.0	2.267393576494532	7.2739933439765885	-302.0182055393543	0.1872158433192284	0.2678180492610118	0.24994976059721485	0.2950163468225449
27000	-7966.693980804562	-7649.361658408667	-317.3323223958953	-7649.361658408667	26.195206645844024	1.9336611888095379	0.007184255130309373	3.971984499722777	1.0	2.267393576494532	8.968568806322347	-305.13252570209556	0.1872158433192284	0.2678180492610118	0.24994976059721485	0.2950163468225449
28000	-7928.592196174449	-7620.457452859795	-308.13474331465426	-7620.457452859795	27.647829496324295	2.0345930300403436	0.007135828096421379	3.971984499722777	1.0	2.267393576494532	7.131866567447476	-296.0241534899452	0.1872158433192284	0.2678180492610118	0.24994976059721485	0.2950163468225449
29000	-7921.231578199698	-7616.124927201283	-305.1066509984151	-7616.124927201283	32.61901248213254	1.5459198749116705	0.0065805920262385674	3.971984499722777	1.0	2.267393576494532	7.35080466294668	-293.7828603660463	0.1842143289923853	0.2708195635878549	0.24341014665891614	0.3015559607608436
30000	-7861.013973056762	-7562.994293147239	-298.01967990952267	-7562.994293147239	32.61901248213254	1.2873060470736368	0.0060912499836953205	3.971984499722777	1.0	2.267393576494532	5.272042751144884	-287.5290300514082	0.18983895938120762	0.2708195635878549	0.2377855162700938	0.3015559607608436
31000	-7731.733780285961	-7434.184772196906	-297.5490080890551	-7434.184772196906	31.370311324337653	1.1209264701469237	0.006495954791347211	3.971984499722777	1.0	4.25696472477214	6.75370809692008	-285.0476399953598	0.1824044297993102	0.27825409316975236	0.2377855162700938	0.3015559607608436
32000	-7677.0814687334105	-7379.004971626652	-298.076497106758	-7379.004971626652	32.381536273824864	1.5917602700314455	0.006731233418668259	3.971984499722777	1.0	4.25696472477214	6.371008144721859	-284.81137660454505	0.1824044297993102	0.27825409316975236	0.2373017814637814	0.30203969556715604
33000	-7674.930867357005	-7378.743612307302	-296.18725504970274	-7378.743612307302	32.477576985481946	2.0140826129275355	0.006610831710086379	3.9017362761967376	1.0	4.148261017167736	6.943666368535739	-282.3508054192121	0.1824044297993102	0.27825409316975236	0.2373017814637814	0.30203969556715604
34000	-7672.42219296066	-7378.340298123485	-294.08189483717535	-7378.340298123485	32.75393923886032	1.6148090897333547	0.00652416237740314	3.9017362761967376	1.0	4.148261017167736	7.100246906769717	-280.83448905057634	0.1824044297993102	0.27825409316975236	0.2373017814637814	0.30203969556715604
35000	-7657.310304510885	-7363.064912686911	-294.2453918239737	-7363.064912686911	32.75393923886032	1.6103070793993062	0.006537560437819717	3.9017362761967376	1.0	5.856845190134269	6.690676039415138	-279.3537765325903	0.1824044297993102	0.27825409316975236	0.2373017814637814	0.30203969556715604
36000	-7644.341904061022	-7353.785116059899	-290.5567880011232	-7353.785116059899	31.229327627942656	1.6214415508354827	0.006701905249804853	3.9017362761967376	1.0	5.856845190134269	5.448941554407388	-275.82826216078894	0.1824044297993102	0.27825409316975236	0.2373017814637814	0.30203969556715604
37000	-7635.464599767469	-7350.451696549116	-285.01290321835336	-7350.451696549116	29.029272586662742	1.2192462174318517	0.0066190824648776235	3.9017362761967376	1.0	5.856845190134269	5.403878469118297	-270.96390740719875	0.1824044297993102	0.27825409316975236	0.2373017814637814	0.30203969556715604
38000	-7628.707750487142	-7344.398984389386	-284.308766097756	-7344.398984389386	27.538460370564255	1.6076051064442538	0.006641569175413487	3.9017362761967376	1.0	5.856845190134269	5.29642327393885	-269.6392380909686	0.1824044297993102	0.27825409316975236	0.2373017814637814	0.30203969556715604
39000	-7601.5843277502045	-7312.71459202652	-288.86973572368424	-7312.71459202652	26.478097165906217	1.606544937020058	0.0063080845803593875	3.9017362761967376	1.0	5.856845190134269	5.4325015117530535	-274.22808571704564	0.1824044297993102	0.27825409316975236	0.2373017814637814	0.30203969556715604
40000	-7589.8820993929785	-7299.413154389911	-290.46894500306723	-7299.413154389911	27.47043405751589	1.445805599735706	0.006263241669628234	3.594316880570586	1.0	5.856845190134269	4.9131750451252465	-276.2894298330285	0.1824044297993102	0.27825409316975236	0.2373017814637814	0.30203969556715604
41000	-7554.684546376483	-7264.665276638729	-290.01926973775426	-7264.665276638729	27.539399131400526	1.3758019271070128	0.006520090496301258	3.594316880570586	1.0	5.018404229173549	5.71520448164344	-276.60141014791293	0.1824044297993102	0.27840027860342614	0.2373017814637814	0.30189351013348226
42000	-7542.806108444861	-7253.486275885786	-289.3198325590743	-7253.486275885786	26.91799058782779	1.2497675196986737	0.0061387402790735535	3.440753486591271	1.0	5.018404229173549	6.119608606502378	-276.15731915753304	0.1824044297993102	0.27840027860342614	0.228045926197736	0.31114936539952764
43000	-7543.154526102166	-7252.676091981038	-290.4784341211284	-7252.676091981038	28.280618942004928	1.3338999146174306	0.006479273637187246	3.440753486591271	1.0	5.018404229173549	6.222856108767797	-277.1023636062901	0.1849602315664087	0.27840027860342614	0.2254901244306375	0.31114936539952764
44000	-7494.233967686372	-7201.598198411009	-292.6357692753631	-7201.598198411009	28.268790427543934	2.351605553897443	0.006207570291956879	3.440753486591271	1.0	6.046342728115905	5.607720129720432	-276.8507434682688	0.1849602315664087	0.27840027860342614	0.2254901244306375	0.31114936539952764
45000	-7484.922663615803	-7192.588667646003	-292.33399596979984	-7192.588667646003	30.533664287834345	2.096788360242446	0.005722321679502225	3.440753486591271	1.0	6.046342728115905	5.719339337334784	-276.9687738646284	0.1849602315664087	0.2832191885946752	0.22067121443938845	0.31114936539952764
46000	-7487.103087603009	-7195.673312766542	-291.4297748364669	-7195.673312766542	30.533664287834345	1.7398358420312792	0.00619325979467788	3.440753486591271	1.0	6.046342728115905	6.442663969599743	-276.39120842127295	0.1849602315664087	0.2832191885946752	0.22067121443938845	0.31114936539952764
47000	-7485.762825370621	-7194.073835124441	-291.68899024617957	-7194.073835124441	32.996051186006966	2.5428756041100096	0.005937397837193596	3.440753486591271	1.0	3.3952193486735456	6.962438869165621	-278.12160093165363	0.1849602315664087	0.2832191885946752	0.22067121443938845	0.31114936539952764
48000	-7481.094846836785	-7192.731656265462	-288.3631905713224	-7192.731656265462	32.42799455912978	2.1075570476940504	0.006271006262766361	3.440753486591271	1.0	3.3952193486735456	6.067569701256082	-275.4829548256862	0.1849602315664087	0.2832191885946752	0.21584921252553232	0.31597136731338377
49000	-7480.579803269124	-7188.957935867096	-291.6218674020276	-7188.957935867096	33.619542883908515	2.037855289231986	0.006277436052498419	3.440753486591271	1.0	8.204746284541688	5.519246681301964	-274.1257655422602	0.1849602315664087	0.2832191885946752	0.21584921252553232	0.31597136731338377
50000	-7485.386330756945	-7191.392925960641	-293.9934047963044	-7191.392925960641	34.683311311299796	1.4621674783767298	0.005467775791750521	3.440753486591271	1.0	8.204746284541688	5.724931376731649	-277.47339070268504	0.1849602315664087	0.2832191885946752	0.21584921252553232	0.31597136731338377
51000	-7482.718937244226	-7190.270374119936	-292.44856312429084	-7190.270374119936	35.25969912611695	2.0025320978119376	0.005565257983929908	3.440753486591271	1.0	7.085502007441806	5.598120456175549	-276.2291045221644	0.1849602315664087	0.2832191885946752	0.21584921252553232	0.31597136731338377
52000	-7476.338251343406	-7186.547276619609	-289.7909747237977	-7186.547276619609	34.94845688878355	2.087001182298581	0.005453607875724672	3.3738416280302945	1.0	7.085502007441806	6.272190642210826	-273.37892168124574	0.1849602315664087	0.2832191885946752	0.21584921252553232	0.31597136731338377
53000	-7445.601415488101	-7155.917922304462	-289.68349318363914	-7155.917922304462	30.40884466044299	2.463719462398253	0.006176714992365616	3.3738416280302945	1.0	7.085502007441806	5.684401521893701	-272.71916234835186	0.1849602315664087	0.2832191885946752	0.1996227472840376	0.3321978325548785
54000	-7444.494071350232	-7155.883836821863	-288.61023452836855	-7155.883836821863	36.46337418174221	2.480926987209857	0.006059888455923381	3.3738416280302945	1.0	7.085502007441806	5.892493890417769	-271.60559514881464	0.1849602315664087	0.2832191885946752	0.1996227472840376	0.3321978325548785
55000	-7446.014135440403	-7157.078376190192	-288.93575925021145	-7157.078376190192	31.856273854071397	2.4360230080561975	0.006167284120918654	3.4099131936420948	1.0	7.085502007441806	5.491080159896777	-272.0332888924438	0.1849602315664087	0.2832191885946752	0.1996227472840376	0.3321978325548785
56000	-7443.380806880726	-7156.142289262579	-287.23851761814706	-7156.142289262579	29.950767176033125	2.049985846570403	0.006325344920353211	3.4099131936420948	1.0	7.085502007441806	5.1297188521943315	-270.92010153998444	0.1849602315664087	0.2832191885946752	0.1996227472840376	0.3321978325548785
57000	-7433.239223994999	-7144.364211042226	-288.8750129527725	-7144.364211042226	31.12115698237163	2.1036926980521953	0.006014609954949317	3.4099131936420948	1.0	7.085502007441806	6.2206144178671305	-272.3372289217717	0.17387861583147915	0.2832191885946752	0.1996227472840376	0.34327944828980805
58000	-7449.288245771421	-7161.041511051117	-288.2467347203045	-7161.041511051117	26.90362011007118	1.8388986322526748	0.006155942310167732	3.4099131936420948	1.0	7.085502007441806	4.438453624832741	-272.409130526225	0.17387861583147915	0.2832191885946752	0.1996227472840376	0.34327944828980805
59000	-7435.719131394426	-7147.140056009316	-288.5790753851095	-7147.140056009316	31.76967062853894	2.116801058265312	0.006314601561731543	3.4099131936420948	1.0	6.057731484673549	5.952532954988764	-273.04568497255025	0.17387861583147915	0.2832191885946752	0.1996227472840376	0.34327944828980805
60000	-7440.584789900794	-7153.905424093854	-286.67936580694004	-7153.905424093854	30.139779277729254	1.954244563478473	0.0062704260061719535	3.4099131936420948	1.0	4.886823175246681	5.510636826635533	-272.6355183562614	0.17387861583147915	0.2832191885946752	0.1984391614989075	0.34446303407493817
61000	-7416.764096470797	-7135.491031567876	-281.273064902921	-7135.491031567876	29.448889363257255	2.364170193913588	0.0066828160705931046	3.4099131936420948	1.0	4.886823175246681	5.3735206638090816	-266.60931857324647	0.17387861583147915	0.2832191885946752	0.1984391614989075	0.34446303407493817
62000	-7426.995033074857	-7146.279280419019	-280.71575265583783	-7146.279280419019	30.31835032922536	2.1574310816616933	0.006207904123733502	3.4099131936420948	1.0	4.886823175246681	5.505896992438327	-266.3905895116298	0.1708665070837168	0.2862312973424375	0.1984391614989075	0.34446303407493817
63000	-7420.557818234013	-7135.251392942406	-285.3064252916071	-7135.251392942406	28.506156160608157	2.643858479249859	0.0064602454473121785	3.4099131936420948	1.0	4.886823175246681	5.177021198715225	-270.33353844481405	0.18459259350088358	0.2862312973424375	0.18471307508174073	0.34446303407493817
64000	-7426.257385336949	-7140.514561339381	-285.7428239975678	-7140.514561339381	26.811254583426553	2.910326168171026	0.006665281982606973	3.5334783522431157	1.0	4.886823175246681	5.389246956060593	-270.30441105851224	0.18459259350088358	0.2862312973424375	0.18471307508174073	0.34446303407493817
65000	-7427.033494028154	-7144.93012546739	-282.1033685607633	-7144.93012546739	27.185080233381562	2.6665874657276474	0.006951525988057198	3.220742100639316	1.0	4.886823175246681	6.043153185620434	-266.93624682973945	0.21053642667445932	0.2862312973424375	0.158769241908165	0.34446303407493817
66000	-7420.535198678828	-7141.659313308744	-278.87588537008446	-7141.659313308744	27.906200921265295	2.114422008300004	0.007133644357573771	3.220742100639316	1.0	4.886823175246681	6.027286725517235	-264.4464604841693	0.21053642667445932	0.2862312973424375	0.158769241908165	0.34446303407493817
67000	-7424.399979529807	-7148.544527215363	-275.8554523144438	-7148.544527215363	28.443258124357115	2.6552555480977085	0.007227651456891346	3.220742100639316	1.0	4.886823175246681	5.214244980528171	-260.8119926043385	0.21053642667445932	0.2862312973424375	0.158769241908165	0.34446303407493817
68000	-7421.980243455915	-7141.938699998248	-280.0415434576667	-7141.938699998248	29.637704354174208	2.090006777478939	0.006995842794047225	3.220742100639316	1.0	4.886823175246681	4.510287041909413	-265.95646913680815	0.21053642667445932	0.2862312973424375	0.158769241908165	0.34446303407493817
69000	-7410.707697589879	-7131.799530062163	-278.9081675277153	-7131.799530062163	29.80115287422079	1.9528583520158995	0.007165550222644218	3.220742100639316	1.0	4.886823175246681	5.496302948869003	-264.7995939945253	0.21053642667445932	0.2862312973424375	0.158769241908165	0.34446303407493817
70000	-7410.665092502063	-7133.593857371951	-277.07123513011186	-7133.593857371951	28.458163724997174	2.1275438597694674	0.006818402476431639	3.220742100639316	1.0	4.886823175246681	5.72249584221898	-262.7202985470857	0.21053642667445932	0.2862312973424375	0.158769241908165	0.34446303407493817
71000	-7405.431264985762	-7124.908150899495	-280.5231140862669	-7124.908150899495	29.064429244249844	2.6228158591268285	0.006892778559786155	3.1987981216363304	1.0	4.886823175246681	6.077215337531717	-265.42510630694176	0.21053642667445932	0.2862312973424375	0.158769241908165	0.34446303407493817
72000	-7398.79566047282	-7124.160247491648	-274.63541298117144	-7124.160247491648	26.512119643533598	3.1068891189889927	0.0077800103177578595	3.1987981216363304	1.0	4.886823175246681	4.780684989575025	-259.01949338702707	0.19898326635250843	0.2862312973424375	0.17032240223011588	0.34446303407493817
73000	-7399.379006140521	-7123.628083607161	-275.7509225333595	-7123.628083607161	23.67471809230129	2.510728392325618	0.008068952612746058	3.1987981216363304	1.0	4.886823175246681	4.96106765809578	-260.84929803184	0.19898326635250843	0.2862312973424375	0.17032240223011588	0.34446303407493817
74000	-7414.136108981853	-7139.471784471152	-274.6643245107006	-7139.471784471152	23.630016176719526	2.260082052456357	0.008026701118454063	3.1987981216363304	1.0	4.886823175246681	5.090127902267453	-260.08758503457904	0.19898326635250843	0.2862312973424375	0.17032240223011588	0.34446303407493817
75000	-7410.982516453689	-7139.408410639823	-271.57410581386546	-7139.408410639823	24.403864268619753	2.1630319143957504	0.008084670592055634	3.1987981216363304	1.0	4.886823175246681	4.200714620069635	-257.3187478574491	0.19898326635250843	0.2862312973424375	0.17032240223011588	0.34446303407493817
76000	-7411.258389589512	-7144.905076253117	-266.3533133363957	-7144.905076253117	24.373517595906048	2.1808766734199514	0.007941542004283125	3.1987981216363304	1.0	4.886823175246681	4.4497475354659155	-252.03303958684756	0.19898326635250843	0.2862312973424375	0.17032240223011588	0.34446303407493817
77000	-7409.927282974721	-7136.71055653041	-273.21672644431044	-7136.71055653041	25.397888970545022	2.6707710556863873	0.007432540707086373	3.1987981216363304	1.0	4.886823175246681	4.618167036899206	-258.253449057508	0.19898326635250843	0.2862312973424375	0.17032240223011588	0.34446303407493817
78000	-7430.381124286139	-7157.8572243355475	-272.5238999505922	-7157.8572243355475	22.874552301576312	1.7964570093068561	0.007882762545146891	3.1987981216363304	1.0	4.886823175246681	5.4001025146985295	-258.5764454554596	0.19898326635250843	0.2862312973424375	0.17032240223011588	0.34446303407493817
79000	-7413.142484362552	-7135.73421429138	-277.4082700711714	-7135.73421429138	27.641944404049692	2.3438005827927157	0.007579702510527076	3.1987981216363304	1.0	4.886823175246681	4.916849015176492	-262.80717190764557	0.1939592434039628	0.2862312973424375	0.17032240223011588	0.34948705702348376
80000	-7416.138538794793	-7142.9574323223205	-273.1811064724729	-7142.9574323223205	25.416448956418442	2.158554802623469	0.007859298223383264	3.1987981216363304	1.0	4.886823175246681	4.87752926252098	-258.81106271368805	0.1939592434039628	0.2862312973424375	0.17032240223011588	0.34948705702348376
81000	-7423.846088322977	-7144.429070033648	-279.41701828932906	-7144.429070033648	25.087418185257714	1.5764768173272297	0.007310200370566111	3.1987981216363304	1.0	4.886823175246681	4.96389045462867	-265.96693689556315	0.1939592434039628	0.2862312973424375	0.17032240223011588	0.34948705702348376
82000	-7424.553217527898	-7136.736794800399	-287.81642272749826	-7136.736794800399	26.636350190414458	1.9760867912261006	0.007183594542657169	3.1987981216363304	1.0	7.976336669512171	4.917509285806416	-270.7007821266855	0.1939592434039628	0.2862312973424375	0.17032240223011588	0.34948705702348376
83000	-7404.390309973357	-7118.47320116896	-285.9171088043964	-7118.47320116896	26.606995025992223	1.8752806538062299	0.006828554910235702	3.1987981216363304	1.0	7.976336669512171	6.3546265594848785	-268.7438059572306	0.18652080119514577	0.2936697395512545	0.17032240223011588	0.34948705702348376
84000	-7406.72061134011	-7126.517243335839	-280.2033680042701	-7126.517243335839	26.38241225060325	2.0325519591390875	0.0076498506971003355	3.1987981216363304	1.0	7.976336669512171	4.596805008007078	-263.0103085863342	0.18652080119514577	0.2936697395512545	0.17032240223011588	0.34948705702348376
85000	-7404.824535877346	-7128.1157196994745	-276.70881617787063	-7128.1157196994745	27.234471801184174	2.0371624850941212	0.007162480389223243	3.1987981216363304	1.0	5.081005761345571	4.734810973941233	-262.4408456470808	0.19551345529995198	0.2936697395512545	0.16132974812530967	0.34948705702348376
86000	-7403.579544444334	-7128.796931243931	-274.7826132004027	-7128.796931243931	23.759800432438112	1.9985123901154906	0.007709540812348695	2.9937225314670437	1.0	5.081005761345571	6.134651127762769	-260.3094945252669	0.19551345529995198	0.2936697395512545	0.16132974812530967	0.34948705702348376
87000	-7396.661868941212	-7121.029308175269	-275.63256076594286	-7121.029308175269	28.764195028359477	2.111504615883236	0.007276759170675987	2.9937225314670437	1.0	5.081005761345571	5.7454172091490365	-261.12041958206055	0.19551345529995198	0.2936697395512545	0.16132974812530967	0.34948705702348376
88000	-7375.046503829889	-7101.073392703665	-273.9731111262232	-7101.073392703665	27.068349200287724	2.1180035029025333	0.0071843481736159525	2.9937225314670437	1.0	5.081005761345571	5.371095029355343	-259.53188528005666	0.19551345529995198	0.31213579700733035	0.1359768195882275	0.35637392810449015
89000	-7367.553713301251	-7097.511458647949	-270.0422546533021	-7097.511458647949	24.015864557349385	2.294784594376359	0.007710045030646622	2.9937225314670437	1.0	5.081005761345571	4.600137824443509	-255.43625284930823	0.19551345529995198	0.31213579700733035	0.1359768195882275	0.35637392810449015
90000	-7367.488841434645	-7098.722493799842	-268.7663476348037	-7098.722493799842	24.79982751837205	2.2544955973451075	0.007276198415769863	2.9937225314670437	1.0	5.081005761345571	4.625710199647667	-254.26909238688043	0.19551345529995198	0.31213579700733035	0.1359768195882275	0.35637392810449015
91000	-7385.7919865060685	-7112.295070686136	-273.4969158199329	-7112.295070686136	28.502798799133394	1.9263762076393522	0.007386667154876947	2.9937225314670437	1.0	5.081005761345571	4.728308631330882	-259.4322961615362	0.19551345529995198	0.31213579700733035	0.1359768195882275	0.35637392810449015
92000	-7364.836161624485	-7100.277814288719	-264.5583473357654	-7100.277814288719	26.326997593490514	1.7372257178472943	0.007677535714066809	2.7026958817972013	1.0	3.8748310514595903	4.818396786113173	-252.02971379565784	0.1760559603594844	0.31213579700733035	0.1359768195882275	0.37583142304495776
93000	-7370.034930742406	-7102.447276507049	-267.5876542353568	-7102.447276507049	30.03847982919617	1.149331441163873	0.0072995744538495635	2.7026958817972013	1.0	3.529906363610349	3.6474351974085026	-256.69266290876885	0.1760559603594844	0.31213579700733035	0.1359768195882275	0.37583142304495776
94000	-7357.330007979146	-7091.2231223969	-266.10688558224626	-7091.2231223969	27.52480891647956	1.9576241867921227	0.007430810133824967	2.7026958817972013	1.0	3.529906363610349	3.9767631286529883	-253.82000050998016	0.1760559603594844	0.31213579700733035	0.1359768195882275	0.37583142304495776
95000	-7354.567855732828	-7088.328421938589	-266.2394337942396	-7088.328421938589	27.070232275598716	1.8973090739156104	0.007610494582760374	2.7323646882717942	1.0	3.529906363610349	5.166205976007758	-253.7444898329687	0.1760559603594844	0.31213579700733035	0.1359768195882275	0.37583142304495776
96000	-7338.329628672218	-7067.713999201657	-270.61562947056086	-7067.713999201657	25.408958611111153	2.001384521059062	0.007720119354032099	2.7323646882717942	1.0	8.952620741363065	3.946450646940469	-252.80081552881416	0.16657412810264105	0.31213579700733035	0.1359768195882275	0.3853132553018011
97000	-7333.871706448331	-7064.153291403437	-269.71841504489413	-7064.153291403437	24.414249626694236	1.3465542620872162	0.007652719347536056	2.7323646882717942	1.0	8.952620741363065	4.23221378656709	-252.85397632569234	0.16657412810264105	0.31213579700733035	0.1359768195882275	0.3853132553018011
98000	-7342.44534147671	-7072.95037585627	-269.49496562044123	-7072.95037585627	27.341114735270217	1.6877840871531258	0.007927903613594748	2.7580570604948904	1.0	8.952620741363065	4.590536543338898	-251.95990042353603	0.16657412810264105	0.31213579700733035	0.1359768195882275	0.3853132553018011
99000	-7327.344794600245	-7056.79427377276	-270.550520827485	-7056.79427377276	26.106780750581184	1.3036597542360684	0.008136070142776933	2.7580570604948904	1.0	8.952620741363065	5.253089724673876	-253.4711801136171	0.14847434543466814	0.31213579700733035	0.1359768195882275	0.403413037969774
100000	-7320.5950474659585	-7050.880648208633	-269.7143992573254	-7050.880648208633	28.41517346702445	1.6314931078906043	0.007682700789733745	2.7580570604948904	1.0	8.952620741363065	4.993448402880181	-252.21352959945793	0.14847434543466814	0.31213579700733035	0.1359768195882275	0.403413037969774
