#
#model:
#
#<?xml version="1.0" encoding="UTF-8" standalone="no"?><input id="posterior" spec="beast.core.util.CompoundDistribution">
#    <distribution id="prior" spec="beast.core.util.CompoundDistribution">
#        <distribution id="CoalescentConstant.t:1" spec="beast.evolution.tree.coalescent.Coalescent">
#            <populationModel id="ConstantPopulation.t:1" spec="beast.evolution.tree.coalescent.ConstantPopulation">
#                <parameter id="popSize.t:1" name="popSize" spec="beast.core.parameter.RealParameter">0.3</parameter>
#            </populationModel>
#            <treeIntervals id="TreeIntervals.t:1" spec="beast.evolution.tree.coalescent.TreeIntervals">
#                <tree id="Tree.t:1" spec="beast.evolution.tree.Tree">
#                    <trait id="dateTrait.t:1" spec="beast.evolution.tree.TraitSet" traitname="date" value="2_2000.1=2000.1,17_2001.6=2001.6,18_2001.7=2001.7,21_2002=2002,24_2002.3=2002.3,26_2002.5=2002.5,5_2000.4=2000.4,7_2000.6=2000.6,4_2000.3=2000.3,13_2001.2=2001.2,15_2001.4=2001.4,16_2001.5=2001.5,1_2000=2000,8_2000.7=2000.7,3_2000.2=2000.2,12_2001.1=2001.1,22_2002.1=2002.1,32_2003.1=2003.1,28_2002.7=2002.7,43_2004.2=2004.2,46_2004.5=2004.5,55_2005.4=2005.4,63_2006.2=2006.2,65_2006.4=2006.4,66_2006.5=2006.5,67_2006.6=2006.6,23_2002.2=2002.2,10_2000.9=2000.9,14_2001.3=2001.3,33_2003.2=2003.2,39_2003.8=2003.8,34_2003.3=2003.3,44_2004.3=2004.3,48_2004.7=2004.7,53_2005.2=2005.2,52_2005.1=2005.1,58_2005.7=2005.7,9_2000.8=2000.8,6_2000.5=2000.5,11_2001=2001,25_2002.4=2002.4,20_2001.9=2001.9,47_2004.6=2004.6,36_2003.5=2003.5,45_2004.4=2004.4,50_2004.9=2004.9,42_2004.1=2004.1,51_2005=2005,35_2003.4=2003.4,37_2003.6=2003.6,57_2005.6=2005.6,59_2005.8=2005.8,61_2006=2006,62_2006.1=2006.1,41_2004=2004,40_2003.9=2003.9,49_2004.8=2004.8,74_2007.3=2007.3,77_2007.6=2007.6,68_2006.7=2006.7,70_2006.9=2006.9,81_2008=2008,19_2001.8=2001.8,27_2002.6=2002.6,29_2002.8=2002.8,30_2002.9=2002.9,31_2003=2003,38_2003.7=2003.7,56_2005.5=2005.5,69_2006.8=2006.8,82_2008.1=2008.1,80_2007.9=2007.9,83_2008.2=2008.2,87_2008.6=2008.6,71_2007=2007,75_2007.4=2007.4,72_2007.1=2007.1,91_2009=2009,88_2008.7=2008.7,94_2009.3=2009.3,98_2009.7=2009.7,79_2007.8=2007.8,84_2008.3=2008.3,78_2007.7=2007.7,76_2007.5=2007.5,89_2008.8=2008.8,93_2009.2=2009.2,96_2009.5=2009.5,97_2009.6=2009.6,95_2009.4=2009.4,100_2009.9=2009.9,54_2005.3=2005.3,60_2005.9=2005.9,64_2006.3=2006.3,73_2007.2=2007.2,86_2008.5=2008.5,85_2008.4=2008.4,90_2008.9=2008.9,99_2009.8=2009.8,92_2009.1=2009.1,101_2010=2010">
#                        <taxa id="TaxonSet.1" spec="beast.evolution.alignment.TaxonSet">
#                        </taxa>
#                    </trait>
#                    <taxonset idref="TaxonSet.1"/>
#                </tree>
#            </treeIntervals>
#        </distribution>
#        <prior id="rateOmega.prior" name="distribution">
#            <parameter id="rateOmega" lower="0.1" name="x" spec="beast.core.parameter.RealParameter" upper="10.0">0.5</parameter>
#            <Gamma id="Gamma.0" name="distr">
#                <parameter estimate="false" id="rateOmega.alpha" name="alpha" spec="beast.core.parameter.RealParameter">0.1</parameter>
#                <parameter estimate="false" id="rateOmega.beta" name="beta" spec="beast.core.parameter.RealParameter">1.0</parameter>
#            </Gamma>
#        </prior>
#        <prior id="rateMean.prior" name="distribution">
#            <parameter id="rateMean" lower="1.0E-4" name="x" spec="beast.core.parameter.RealParameter" upper="10.0">0.005</parameter>
#            <Gamma id="Gamma.1" name="distr">
#                <parameter estimate="false" id="rateMean.alpha" name="alpha" spec="beast.core.parameter.RealParameter">0.005</parameter>
#                <parameter estimate="false" id="rateMean.beta" name="beta" spec="beast.core.parameter.RealParameter">1.0</parameter>
#            </Gamma>
#        </prior>
#        <prior id="FrequenciesPrior.s:1" name="distribution">
#            <parameter dimension="4" id="freqParameter.s:1" lower="0.0" name="x" spec="beast.core.parameter.RealParameter" upper="1.0">0.25</parameter>
#            <Uniform id="Uniform.3" name="distr"/>
#        </prior>
#        <prior id="GammaShapePrior.s:1" name="distribution">
#            <parameter id="gammaShape.s:1" name="x" spec="beast.core.parameter.RealParameter">1.0</parameter>
#            <Exponential id="Exponential.0" name="distr">
#                <parameter estimate="false" id="RealParameter.0" name="mean" spec="beast.core.parameter.RealParameter">1.0</parameter>
#            </Exponential>
#        </prior>
#        <prior id="KappaPrior.s:1" name="distribution">
#            <parameter id="kappa.s:1" lower="0.0" name="x" spec="beast.core.parameter.RealParameter">2.0</parameter>
#            <LogNormal id="LogNormalDistributionModel.0" name="distr">
#                <parameter estimate="false" id="RealParameter.1" name="M" spec="beast.core.parameter.RealParameter">1.0</parameter>
#                <parameter estimate="false" id="RealParameter.2" name="S" spec="beast.core.parameter.RealParameter">1.25</parameter>
#            </LogNormal>
#        </prior>
#        <prior id="PopSizePrior.t:1" name="distribution" x="@popSize.t:1">
#            <OneOnX id="OneOnX.1" name="distr"/>
#        </prior>
#    </distribution>
#    <distribution id="likelihood" spec="beast.core.util.CompoundDistribution" useThreads="true">
#        <distribution data="@1" id="treeLikelihood.1" spec="beast.evolution.likelihood.ThreadedTreeLikelihood" tree="@Tree.t:1">
#            <siteModel gammaCategoryCount="4" id="SiteModel.s:1" shape="@gammaShape.s:1" spec="beast.evolution.sitemodel.SiteModel">
#                <parameter id="mutationRate.s:1" name="mutationRate" spec="beast.core.parameter.RealParameter">1.0</parameter>
#                <parameter estimate="false" id="proportionInvariant.s:1" lower="0.0" name="proportionInvariant" spec="beast.core.parameter.RealParameter" upper="1.0">0.0</parameter>
#                <substModel id="hky.s:1" kappa="@kappa.s:1" spec="beast.evolution.substitutionmodel.HKY">
#                    <frequencies frequencies="@freqParameter.s:1" id="estimatedFreqs.s:1" spec="beast.evolution.substitutionmodel.Frequencies"/>
#                </substModel>
#            </siteModel>
#            <branchRateModel id="branchRates" numSites="1000" numberOfDiscreteRates="12" rateMean="@rateMean" rateOmega="@rateOmega" spec="beast.evolution.branchratemodel.ARClockModel" tree="@Tree.t:1">
#                <rateCategories dimension="200" id="rateCategories" spec="beast.core.parameter.IntegerParameter">1</rateCategories>
#            </branchRateModel>
#        </distribution>
#    </distribution>
#</input>
#
Sample	posterior	likelihood	prior	treeLikelihood	TreeHeight	rateOmega	rateMean	kappa	mutationRate	gammaShape	popSize	CoalescentConstant	freqParameter.1	freqParameter.2	freqParameter.3	freqParameter.4
0	-32018.90237048429	-31784.869164313932	-234.03320617036022	-31784.869164313932	10.751582664363609	0.5	0.005	2.0	1.0	1.0	0.3	-230.21431273121476	0.25	0.25	0.25	0.25
1000	-17847.182911266395	-17430.208052761125	-416.97485850526806	-17430.208052761125	11.557434637592268	0.4512584251493709	0.041026535907467944	6.180381407353295	1.0	1.0	1.3220128396707136	-408.36961085458216	0.24521919259014663	0.25	0.25	0.25478080740985337
2000	-14587.281635335092	-14284.72024715537	-302.5613881797217	-14284.72024715537	11.766240831372853	4.666815762542921	0.027024794200958147	6.180381407353295	1.0	1.0	5.999808266819691	-286.55481699893016	0.25002790500841826	0.2425357085385297	0.2451912875817284	0.2622450988713237
3000	-13219.545942492461	-12891.239291679962	-328.30665081249975	-12891.239291679962	11.766240831372853	6.293440500730933	0.022153567636366445	6.180381407353295	1.0	1.0	8.049154129805865	-310.3131212211895	0.25002790500841826	0.23800480609857538	0.2451912875817284	0.266776001311278
4000	-12557.253854454219	-12221.87259341978	-335.38126103443886	-12221.87259341978	12.528276337361824	9.635214589615833	0.021269566542491264	6.180381407353295	1.0	1.0	7.119648305515926	-313.82674272363914	0.24461644836845028	0.23800480609857538	0.2451912875817284	0.27218745795124594
5000	-11887.900158418252	-11557.900606627032	-329.99955179121883	-11557.900606627032	17.090553220508504	9.8905590123518	0.020109445239113486	6.180381407353295	1.0	1.0	8.485672282477951	-308.0475950912377	0.24461644836845028	0.23800480609857538	0.2451912875817284	0.27218745795124594
6000	-11128.05130699381	-10793.098442414353	-334.952864579456	-10793.098442414353	13.831254200746733	9.267691829798183	0.015727766756299798	6.180381407353295	1.0	1.0	8.907535876641163	-313.8827129767679	0.24461644836845028	0.23800480609857538	0.2451912875817284	0.27218745795124594
7000	-10650.036287579676	-10304.294319887875	-345.7419676918012	-10304.294319887875	14.730942646151098	9.109068626993098	0.016630837221583716	6.180381407353295	1.0	1.0	9.97312540772601	-324.67652560032843	0.24461644836845028	0.23800480609857538	0.2451912875817284	0.27218745795124594
8000	-10176.398802103216	-9838.552641444827	-337.8461606583902	-9838.552641444827	17.415797404357136	9.546616935451825	0.01501061684277253	6.180381407353295	1.0	1.0	8.340483176203996	-316.5833269996866	0.23963954071215812	0.23800480609857538	0.2501681952380206	0.27218745795124594
9000	-9975.307743918926	-9641.434309156279	-333.8734347626473	-9641.434309156279	16.62458585990137	9.52731338861112	0.013630894512391757	6.180381407353295	1.0	1.0	7.855194088641688	-312.7889889858789	0.23963954071215812	0.23800480609857538	0.24544570409904695	0.27690994909021954
10000	-9418.847993522006	-9076.544393750311	-342.3035997716949	-9076.544393750311	20.997710599004314	7.081482642832602	0.012927604882224079	6.180381407353295	1.0	1.0	11.324069782872842	-323.61965306629526	0.24049295679221394	0.23800480609857538	0.24459228801899113	0.27690994909021954
11000	-9037.978277500028	-8695.57492890177	-342.4033485982589	-8695.57492890177	21.918412860345736	8.083446750651705	0.010772242102129313	6.180381407353295	1.0	1.0	8.429664013373054	-323.0771455344636	0.23653159621529865	0.23800480609857538	0.24855364859590642	0.27690994909021954
12000	-8775.097558703874	-8428.734603497818	-346.3629552060556	-8428.734603497818	23.116435406495224	7.310361866591516	0.009736354064018056	6.180381407353295	1.0	1.0	9.472877333201826	-327.88527055620966	0.23653159621529865	0.23800480609857538	0.24855364859590642	0.27690994909021954
13000	-8697.277839798127	-8359.028585132579	-338.2492546655492	-8359.028585132579	22.41408549287786	6.887107986841913	0.009747799435618376	6.180381407353295	1.0	1.0	9.730856260240909	-320.2204516557765	0.23653159621529865	0.24111777166789727	0.24544068302658453	0.27690994909021954
14000	-8490.27619567072	-8147.528260614635	-342.7479350560855	-8147.528260614635	25.84185381188359	4.853421323277328	0.008652039319025803	6.180381407353295	1.0	1.806047609942108	8.752663097925263	-326.48743165711363	0.23653159621529865	0.24111777166789727	0.24544068302658453	0.27690994909021954
15000	-8339.241175473817	-7998.790764634274	-340.4504108395425	-7998.790764634274	22.549626141409583	3.7305563903716306	0.007670781968326535	4.541649081072133	1.0	1.806047609942108	9.742861562458284	-326.00283847671324	0.23653159621529865	0.24111777166789727	0.24544068302658453	0.27690994909021954
16000	-8066.059094712846	-7734.462846745392	-331.5962479674537	-7734.462846745392	26.008782640807315	4.700904201623402	0.007223113000813192	4.541649081072133	1.0	1.806047609942108	8.754349109684062	-316.13751385305477	0.22967361104940587	0.24797575683379006	0.24544068302658453	0.27690994909021954
17000	-7986.5161747118655	-7649.513003251188	-337.00317146067727	-7649.513003251188	27.664473180770294	5.183408620656424	0.007951227845741593	4.541649081072133	1.0	2.176644418919957	7.082928042958314	-320.71897389521206	0.22967361104940587	0.24797575683379006	0.24544068302658453	0.27690994909021954
18000	-7856.109368961893	-7524.100260091546	-332.00910887034655	-7524.100260091546	25.516953255492176	5.81130907552075	0.008134893631841129	4.541649081072133	1.0	2.1679025992657697	9.235144134926983	-314.71460936308296	0.22967361104940587	0.24797575683379006	0.24544068302658453	0.27690994909021954
19000	-7760.972762369612	-7421.594926302503	-339.3778360671085	-7421.594926302503	24.993461708905784	7.420311822332547	0.007608724518322335	4.541649081072133	1.0	3.1915658336867496	8.164461087947304	-319.4209813259336	0.22967361104940587	0.24797575683379006	0.24544068302658453	0.27690994909021954
20000	-7742.181523300323	-7407.274526684561	-334.90699661576105	-7407.274526684561	24.98072304587189	6.940353172315502	0.00806938114129865	4.541649081072133	1.0	3.1915658336867496	7.776499061997335	-315.4800185860985	0.22057503225454073	0.24797575683379006	0.2474020811420653	0.2840471297696039
21000	-7713.479146215318	-7378.101071064128	-335.37807515119056	-7378.101071064128	24.993258555281013	6.3659419168624085	0.008183418712612616	4.541649081072133	1.0	3.1915658336867496	8.218591442972572	-316.5338901193916	0.22057503225454073	0.24797575683379006	0.2474020811420653	0.2840471297696039
22000	-7679.385746186721	-7343.233268399556	-336.1524777871645	-7343.233268399556	22.728840664706667	6.938829283327228	0.007875059479494254	4.541649081072133	1.0	3.1915658336867496	9.204113547315629	-316.58312551343187	0.2189279714957643	0.24524291070259466	0.24904914190084174	0.2867799759007993
23000	-7624.2184929162695	-7284.415321991081	-339.80317092518845	-7284.415321991081	23.118898054536437	7.22365483642167	0.00838333092141975	4.541649081072133	1.0	3.366016529694611	6.171237264882133	-320.07534826399336	0.2189279714957643	0.24524291070259466	0.24904914190084174	0.2867799759007993
24000	-7567.133903231782	-7232.039168975154	-335.0947342566275	-7232.039168975154	20.97866972132244	8.508309612344744	0.008286120321400959	4.541649081072133	1.0	4.236032801601552	9.208803160420493	-312.6763683243574	0.2189279714957643	0.24524291070259466	0.24904914190084174	0.2867799759007993
25000	-7512.188850578958	-7176.990486618411	-335.19836396054757	-7176.990486618411	21.260985284363453	7.48734415470996	0.007951801825900138	4.541649081072133	1.0	4.236032801601552	9.767284207256331	-313.89844286613413	0.2189279714957643	0.24524291070259466	0.24904914190084174	0.2867799759007993
26000	-7499.093251390428	-7173.238775953944	-325.85447543648354	-7173.238775953944	22.220446798822238	7.12801060469397	0.00869296307971381	4.541649081072133	1.0	4.236032801601552	6.825279407642929	-305.2271459479777	0.2189279714957643	0.24524291070259466	0.24904914190084174	0.2867799759007993
27000	-7489.777402129715	-7163.080884567606	-326.696517562109	-7163.080884567606	22.220446798822238	7.326596302212534	0.007694987960604096	4.541649081072133	1.0	3.6161283632271664	9.47268813662642	-306.2603292839577	0.2189279714957643	0.24524291070259466	0.24904914190084174	0.2867799759007993
28000	-7493.502583161243	-7168.513097114004	-324.98948604723904	-7168.513097114004	21.298403151718663	8.017970158290428	0.00839761922375829	4.541649081072133	1.0	3.1387114616316953	8.059389018210762	-304.332114204523	0.2189279714957643	0.24524291070259466	0.24904914190084174	0.2867799759007993
29000	-7485.455484059006	-7160.534110424207	-324.92137363479907	-7160.534110424207	20.22704695937709	7.690931004617077	0.008096450623336127	4.541649081072133	1.0	3.1387114616316953	6.392221425502747	-304.89691697584294	0.21236921489305136	0.25180166730530756	0.24904914190084174	0.2867799759007993
30000	-7358.8339315770345	-7041.149362391305	-317.6845691857297	-7041.149362391305	22.904270135327604	6.099729591368556	0.007579365495594695	4.541649081072133	1.0	3.9472747136526074	7.487241575927167	-298.55943313636186	0.21799384528187368	0.25180166730530756	0.2434245115120194	0.2867799759007993
31000	-7349.870454486024	-7029.358272868305	-320.5121816177186	-7029.358272868305	20.813684643126003	6.2177415089678325	0.008049263051377709	4.541649081072133	1.0	5.006291150679335	5.666356768109782	-300.41110503331277	0.21799384528187368	0.25180166730530756	0.2434245115120194	0.2867799759007993
32000	-7334.956248941413	-7020.932525212115	-314.0237237292975	-7020.932525212115	24.3641833122135	5.545717461881885	0.007379188469643143	4.541649081072133	1.0	3.542097405042476	6.73848002026393	-296.0756719464199	0.21799384528187368	0.2561411839892238	0.23908499482810316	0.2867799759007993
33000	-7347.54684688519	-7026.393281060927	-321.15356582426296	-7026.393281060927	21.497716961842464	5.7204558129521486	0.0070226222219630695	4.541649081072133	1.0	6.493766760297236	7.602692569968113	-299.98015392489657	0.21799384528187368	0.2561411839892238	0.23908499482810316	0.2867799759007993
34000	-7331.551499882013	-7009.624477835612	-321.9270220464004	-7009.624477835612	23.90795104898053	6.825436408420337	0.007448750420768753	4.541649081072133	1.0	5.401860884134605	7.87798468597457	-300.48697757892177	0.2159739798564855	0.258161049414612	0.23908499482810316	0.2867799759007993
35000	-7306.9701228324375	-6991.086584889944	-315.8835379424936	-6991.086584889944	22.54427345969429	5.260885196990531	0.007042914155762956	4.541649081072133	1.0	4.393998305186942	7.501734329853162	-297.3553164082671	0.2159739798564855	0.258161049414612	0.23908499482810316	0.2867799759007993
36000	-7318.236739018664	-6999.060257255969	-319.1764817626942	-6999.060257255969	22.085306559675928	5.8351652514128265	0.0073822012051331055	4.541649081072133	1.0	5.3315890764031115	7.27485669867616	-299.0267026977698	0.2159739798564855	0.258161049414612	0.23908499482810316	0.2867799759007993
37000	-7303.538087310402	-6991.331645576427	-312.2064417339753	-6991.331645576427	20.33000558423383	4.815188938658169	0.007185000298295252	4.541649081072133	1.0	5.3315890764031115	7.946259212873481	-293.18841450879074	0.2141484791459336	0.2599865501251639	0.23908499482810316	0.2867799759007993
38000	-7287.490384321352	-6978.26378033333	-309.2266039880224	-6978.26378033333	20.974902122173443	5.216617731534612	0.007339920161149928	4.2352816184209985	1.0	3.9760422700127287	6.1340419498187755	-291.4193173770915	0.2141484791459336	0.26570594154175664	0.23336560341151044	0.2867799759007993
39000	-7293.528047380284	-6979.916597255236	-313.6114501250477	-6979.916597255236	19.35904711808726	5.9208388205888705	0.007108072225019034	4.2352816184209985	1.0	3.9760422700127287	6.229160423393492	-295.00275703148156	0.2141484791459336	0.26570594154175664	0.23336560341151044	0.2867799759007993
40000	-7285.2352852397735	-6970.326522197165	-314.90876304260837	-6970.326522197165	21.381907697546147	5.434295320974437	0.007105963098071561	4.2352816184209985	1.0	3.9760422700127287	7.328981603670404	-296.70148927771226	0.2141484791459336	0.26570594154175664	0.23336560341151044	0.2867799759007993
41000	-7286.451874359216	-6965.419677457292	-321.0321969019242	-6965.419677457292	23.01154569296267	7.242515349148267	0.006919163553638335	4.2352816184209985	1.0	6.3122924243038705	7.780345528921561	-298.3888669519735	0.2141484791459336	0.26570594154175664	0.23336560341151044	0.2867799759007993
42000	-7290.20191230689	-6967.64478152498	-322.55713078190996	-6967.64478152498	19.212198449064598	5.684203834296962	0.0068435423627922825	4.2352816184209985	1.0	6.3122924243038705	7.294649836174899	-301.7656317414415	0.2141484791459336	0.26570594154175664	0.23336560341151044	0.2867799759007993
43000	-7286.851746998127	-6972.636558854331	-314.21518814379596	-6972.636558854331	20.02043278597525	7.256976494429476	0.007014223182647606	4.2352816184209985	1.0	3.2488225558189305	7.580819433848098	-294.63137921155095	0.2141484791459336	0.26570594154175664	0.23336560341151044	0.2867799759007993
44000	-7261.19774079645	-6952.686156317832	-308.5115844786181	-6952.686156317832	20.158976811177787	6.06267842225586	0.007114742460064449	4.2352816184209985	1.0	3.2488225558189305	5.6762276642906695	-290.5589800467932	0.19933396008770957	0.26826977754243164	0.23336560341151044	0.2990306589583483
45000	-7252.985766751407	-6947.456079159894	-305.529687591513	-6947.456079159894	22.35741576945652	5.805704990377549	0.006668219431093354	4.2352816184209985	1.0	3.8136494614041196	6.690372720496227	-287.208765142558	0.19933396008770957	0.26826977754243164	0.23336560341151044	0.2990306589583483
46000	-7241.118640677535	-6940.660735717452	-300.4579049600834	-6940.660735717452	21.947851801413897	5.456927893238897	0.006713697915919236	4.2352816184209985	1.0	3.8136494614041196	7.449629221387557	-282.4272159772328	0.19933396008770957	0.26826977754243164	0.23336560341151044	0.2990306589583483
47000	-7251.460406169273	-6949.9312364010075	-301.5291697682648	-6949.9312364010075	21.776086506651275	6.332373469328121	0.006912347373917599	4.2352816184209985	1.0	3.8136494614041196	5.835901179263006	-282.7040483065908	0.19933396008770957	0.26826977754243164	0.23336560341151044	0.2990306589583483
48000	-7252.860938577405	-6945.082530497122	-307.7784080802834	-6945.082530497122	22.417728516841166	6.346739730693828	0.006712543517028578	4.2352816184209985	1.0	3.8136494614041196	7.944141344462541	-288.65785930868185	0.19933396008770957	0.26826977754243164	0.23336560341151044	0.2990306589583483
49000	-7244.749064644189	-6942.861699380252	-301.8873652639373	-6942.861699380252	22.417728516841166	5.2819595017652405	0.00645818285978217	4.2352816184209985	1.0	3.8136494614041196	6.34824416417411	-284.2598240374422	0.18820779773394508	0.26826977754243164	0.24449176576527493	0.2990306589583483
50000	-7249.323223442671	-6945.611365941858	-303.7118575008134	-6945.611365941858	21.828203005513068	6.92590226863607	0.0066306266473340056	4.2352816184209985	1.0	5.013851433186248	6.0103689150002975	-283.0245975843084	0.18820779773394508	0.26826977754243164	0.24449176576527493	0.2990306589583483
51000	-7255.432106231305	-6950.570954414184	-304.8611518171215	-6950.570954414184	23.287203354994602	6.772565399042067	0.007356888297176642	4.2352816184209985	1.0	5.013851433186248	6.491558791726323	-284.1662174462346	0.18820779773394508	0.26826977754243164	0.24449176576527493	0.2990306589583483
52000	-7242.918317331264	-6940.90548527315	-302.01283205811404	-6940.90548527315	24.105539214439773	6.216712799715474	0.006797708524464952	4.2352816184209985	1.0	4.947774894698203	6.090300661038685	-282.15992227260796	0.17371865732964523	0.28275891794673147	0.24449176576527493	0.2990306589583483
53000	-7198.948608884078	-6900.340358441055	-298.6082504430224	-6900.340358441055	22.803248637122838	6.345613963772769	0.007288397771898756	4.2352816184209985	1.0	4.947774894698203	5.704440091941891	-278.6035814228016	0.17371865732964523	0.28275891794673147	0.22691526044662624	0.316607164276997
54000	-7212.060964834693	-6906.119239255929	-305.94172557876345	-6906.119239255929	23.22869035363231	8.02495334771366	0.007473839041791112	4.2352816184209985	1.0	4.947774894698203	6.221424296662722	-283.93446547282304	0.17371865732964523	0.28275891794673147	0.22691526044662624	0.316607164276997
55000	-7214.271076837055	-6908.006618787964	-306.26445804909156	-6908.006618787964	23.22869035363231	6.563638460233641	0.007566745627448936	4.2352816184209985	1.0	4.947774894698203	6.551557746388213	-285.8353331280799	0.17371865732964523	0.28275891794673147	0.22691526044662624	0.316607164276997
56000	-7185.867448998772	-6880.833152852389	-305.0342961463828	-6880.833152852389	23.801886337175816	7.634138357458265	0.007701016016175336	4.2352816184209985	1.0	4.947774894698203	6.444087270533439	-283.3975991547353	0.17371865732964523	0.28437461769454214	0.20727341184713136	0.3346333131286812
57000	-7175.972809032319	-6873.552393683809	-302.42041534851006	-6873.552393683809	22.853445400749155	5.750795488100384	0.00761939294062853	4.2352816184209985	1.0	4.249353755964679	5.860368616309561	-283.7260794815724	0.1557351035592589	0.30235817146492844	0.20727341184713136	0.3346333131286812
58000	-7180.895905252711	-6878.404203647145	-302.49170160556565	-6878.404203647145	25.091871046250922	5.06252106045242	0.007137720639310427	4.2352816184209985	1.0	4.249353755964679	6.372347356598989	-284.58206937579	0.1557351035592589	0.30235817146492844	0.20727341184713136	0.3346333131286812
59000	-7167.923886913916	-6868.041867500528	-299.88201941338826	-6868.041867500528	22.301357883945293	6.820392764926643	0.0069767798099288165	3.784258296040566	1.0	4.249353755964679	6.490524649947554	-280.09124518897875	0.1557351035592589	0.30235817146492844	0.20727341184713136	0.3346333131286812
60000	-7164.608665364303	-6866.043231835372	-298.5654335289309	-6866.043231835372	23.983883225369947	7.250130065794808	0.007338957864332635	3.784258296040566	1.0	4.249353755964679	6.116933881160738	-278.2984937677788	0.1557351035592589	0.30235817146492844	0.20584404106771664	0.3360626839080959
61000	-7155.775085335808	-6857.953927381677	-297.82115795413137	-6857.953927381677	27.1146944488224	6.866983184979383	0.007050695861729609	3.784258296040566	1.0	4.249353755964679	6.20421786352205	-278.01222020449757	0.14430397753448815	0.3151837311160266	0.20584404106771664	0.3346682502817685
62000	-7178.114671567499	-6881.746151406706	-296.3685201607926	-6881.746151406706	25.279505872221186	5.819951664842087	0.007166124231264908	3.784258296040566	1.0	4.077521131194469	5.702827530212935	-277.99533056507977	0.14430397753448815	0.3151837311160266	0.20584404106771664	0.3346682502817685
63000	-7159.544083158359	-6862.573608161056	-296.9704749973036	-6862.573608161056	28.276250442341723	6.528185814205291	0.006967557542123191	3.784258296040566	1.0	4.077521131194469	5.503453002913676	-277.8494425173432	0.14430397753448815	0.3151837311160266	0.20584404106771664	0.3346682502817685
64000	-7166.67720960985	-6868.9580770508355	-297.7191325590145	-6868.9580770508355	29.715185060118724	6.6529939524830946	0.007350290238049562	3.784258296040566	1.0	4.077521131194469	6.9281153811639475	-278.17244530897494	0.14430397753448815	0.3151837311160266	0.20584404106771664	0.3346682502817685
65000	-7158.927464810074	-6863.743942134749	-295.18352267532487	-6863.743942134749	27.460247133908638	6.007012719897043	0.006958038987061156	3.784258296040566	1.0	4.077521131194469	5.49294800519936	-276.6618250145498	0.15406054474660816	0.3151837311160266	0.19608747385559663	0.3346682502817685
66000	-7151.646109099153	-6856.978070685249	-294.66803841390436	-6856.978070685249	25.630017259720276	6.3612943092950704	0.007415189121450159	3.784258296040566	1.0	4.077521131194469	6.692156556523763	-275.4792424263163	0.15406054474660816	0.3151837311160266	0.19608747385559663	0.3346682502817685
67000	-7165.871331761562	-6873.602381011309	-292.2689507502531	-6873.602381011309	25.640909775374244	6.765116335550486	0.007866158062656512	3.784258296040566	1.0	4.077521131194469	5.64480067405783	-272.7319461324483	0.15406054474660816	0.3151837311160266	0.19608747385559663	0.3346682502817685
68000	-7153.563980056344	-6863.3657465030265	-290.1982335533172	-6863.3657465030265	27.32143373759317	5.04147372297524	0.007486401161149138	3.784258296040566	1.0	4.077521131194469	5.627508214470958	-272.7022265145393	0.15406054474660816	0.3151837311160266	0.19608747385559663	0.3346682502817685
69000	-7145.210627426886	-6859.452898980983	-285.75772844590256	-6859.452898980983	25.954528049258254	5.0488458555317335	0.007193546998530037	3.784258296040566	1.0	4.077521131194469	5.375535315416357	-268.3388399166703	0.15406054474660816	0.3151837311160266	0.19608747385559663	0.3346682502817685
70000	-7137.883967525788	-6852.828109160198	-285.0558583655896	-6852.828109160198	23.308682987092396	4.937429148033588	0.0072075945215063905	3.784258296040566	1.0	4.077521131194469	5.517654061321667	-267.74042014553163	0.15406054474660816	0.32050039280708004	0.1907708121645432	0.3346682502817685
71000	-7145.70226738208	-6858.052631181128	-287.64963620095233	-6858.052631181128	25.357133773524527	4.64118863704747	0.0072075945215063905	3.784258296040566	1.0	4.077521131194469	4.239771040737127	-270.94956885262013	0.15406054474660816	0.32050039280708004	0.1907708121645432	0.3346682502817685
72000	-7140.59267547423	-6848.950256018187	-291.6424194560428	-6848.950256018187	26.915851011240637	5.296703522745487	0.007007341515717654	3.784258296040566	1.0	4.077521131194469	5.736184694181213	-273.8938857035364	0.15406054474660816	0.3253076117905355	0.18596359318108768	0.3346682502817685
73000	-7157.177572543073	-6858.128781982525	-299.0487905605483	-6858.128781982525	25.93304119144965	6.548976402322429	0.007693096561125876	3.784258296040566	1.0	4.077521131194469	4.672559787547131	-279.9684855540919	0.15406054474660816	0.3253076117905355	0.18596359318108768	0.3346682502817685
74000	-7136.635766106289	-6844.489422172851	-292.146343933438	-6844.489422172851	21.10827249175679	4.928559763622566	0.00672442733023716	3.784258296040566	1.0	4.077521131194469	5.998935241462052	-274.8272887830584	0.1774493516905999	0.3253076117905355	0.16257478623709595	0.3346682502817685
75000	-7138.20946781927	-6845.876060210696	-292.3334076085735	-6845.876060210696	22.066136757420633	5.197124621620969	0.006416596749228951	3.784258296040566	1.0	4.077521131194469	5.477431609408235	-274.83591287771054	0.1774493516905999	0.3253076117905355	0.16257478623709595	0.3346682502817685
76000	-7139.910114347563	-6848.483228838379	-291.426885509184	-6848.483228838379	22.067492290838864	4.998824618028012	0.006875547994522272	3.784258296040566	1.0	4.077521131194469	5.0652826310588726	-274.1717325810566	0.1774493516905999	0.3253076117905355	0.16257478623709595	0.3346682502817685
77000	-7130.866139772503	-6843.413611436739	-287.4525283357636	-6843.413611436739	21.530294916239956	5.107024186263545	0.006755341455507861	3.784258296040566	1.0	4.077521131194469	5.4621509779265915	-270.0121402918951	0.1774493516905999	0.3253076117905355	0.16257478623709595	0.3346682502817685
78000	-7133.120331057156	-6844.316216123235	-288.80411493392126	-6844.316216123235	21.91502329852052	5.756477092931781	0.0070261830249971164	3.784258296040566	1.0	4.077521131194469	6.22717388346524	-270.4360717629141	0.1774493516905999	0.3253076117905355	0.16257478623709595	0.3346682502817685
79000	-7136.011676564371	-6848.65617691461	-287.3554996497605	-6848.65617691461	23.605214209691592	4.654162415510315	0.00652327588789995	3.784258296040566	1.0	4.077521131194469	5.700793662435636	-270.44379417931503	0.1712974696160497	0.3253076117905355	0.16257478623709595	0.3408201323563187
80000	-7136.465942978781	-6851.6464228898885	-284.8195200888918	-6851.6464228898885	21.710895470998285	4.996533914943743	0.007121757472522847	3.784258296040566	1.0	4.077521131194469	4.867650146523673	-267.5716155384037	0.17652458306583485	0.3253076117905355	0.1573476727873108	0.3408201323563187
81000	-7126.685821040636	-6847.570005073706	-279.11581596693026	-6847.570005073706	21.441872215763155	5.444629237667668	0.0074872804743294444	3.784258296040566	1.0	4.077521131194469	4.6194492828883735	-261.34468883650254	0.17652458306583485	0.3253076117905355	0.1573476727873108	0.3408201323563187
82000	-7118.970128881235	-6839.7304473571785	-279.2396815240564	-6839.7304473571785	20.52231036351981	5.284992578234875	0.007194954760475326	2.9517047047242473	1.0	4.077521131194469	4.626227439708804	-261.9747491628029	0.17652458306583485	0.3253076117905355	0.1573476727873108	0.3408201323563187
83000	-7109.793701547039	-6827.334119396846	-282.45958215019215	-6827.334119396846	19.40224786119556	6.625960308151298	0.006896808618659835	2.9517047047242473	1.0	4.077521131194469	5.401856430304543	-263.53757722750936	0.17652458306583485	0.3253076117905355	0.1573476727873108	0.3408201323563187
84000	-7128.418759385176	-6838.80831496068	-289.61044442449577	-6838.80831496068	21.217674005461557	6.508839849538069	0.006632673438839724	2.9517047047242473	1.0	4.077521131194469	5.762310037563371	-270.7961345812319	0.17652458306583485	0.3253076117905355	0.1573476727873108	0.3408201323563187
85000	-7124.3697972408245	-6839.420414282734	-284.9493829580902	-6839.420414282734	21.05736670675575	6.138663969441541	0.0068796678372323615	2.9517047047242473	1.0	4.077521131194469	5.515390975305079	-266.56511699235773	0.17652458306583485	0.3253076117905355	0.1573476727873108	0.3408201323563187
86000	-7112.501379553772	-6828.459660633829	-284.0417189199425	-6828.459660633829	21.67820163432888	5.103080465018219	0.0066911893550244544	2.9517047047242473	1.0	4.077521131194469	5.510997377977772	-266.88794817796287	0.17652458306583485	0.3253076117905355	0.1573476727873108	0.3408201323563187
87000	-7111.33689855021	-6827.708525665477	-283.6283728847331	-6827.708525665477	22.79871434574767	5.672136222607772	0.006485053178590079	2.9517047047242473	1.0	4.077521131194469	5.172857745136847	-265.90505872064466	0.17652458306583485	0.3253076117905355	0.1573476727873108	0.3408201323563187
88000	-7090.610007681813	-6806.070278216682	-284.539729465131	-6806.070278216682	23.16029584621238	6.166305816331209	0.006535701238408282	2.9517047047242473	1.0	4.077521131194469	5.3297361199005575	-266.2093971838574	0.17652458306583485	0.3253076117905355	0.14939045956591848	0.348777345577711
89000	-7099.121596529564	-6816.699260353499	-282.4223361760647	-6816.699260353499	22.706459799280292	5.568135833741235	0.0067709507124586845	3.3674604578323843	1.0	4.077521131194469	4.58902402415927	-264.75194289395654	0.17652458306583485	0.3253076117905355	0.14939045956591848	0.348777345577711
90000	-7096.991209474318	-6817.018614347442	-279.97259512687566	-6817.018614347442	22.95930847894539	4.695859426897302	0.007097791041441596	3.3674604578323843	1.0	4.077521131194469	4.8929521482081135	-263.21645780597294	0.17652458306583485	0.3253076117905355	0.14939045956591848	0.348777345577711
91000	-7104.219640941188	-6822.359256204027	-281.8603847371618	-6822.359256204027	24.153931512875072	4.5540997843014415	0.0066097999751498025	2.659845350239814	1.0	4.077521131194469	4.689924337073593	-265.6377527102693	0.17652458306583485	0.3253076117905355	0.14939045956591848	0.348777345577711
92000	-7069.807169761044	-6785.593606672625	-284.2135630884182	-6785.593606672625	23.646640775746768	6.8102699866080485	0.0069026921037332965	2.659845350239814	1.0	4.077521131194469	5.507878701781496	-265.1684000480586	0.15368980473606442	0.3253076117905355	0.14939045956591848	0.37161212390748144
93000	-7084.27019827586	-6795.581327982417	-288.68887029344273	-6795.581327982417	26.864279741752	5.5777741153411515	0.006896795076016777	2.659845350239814	1.0	4.077521131194469	6.5359321014322225	-270.8856017858627	0.15368980473606442	0.3253076117905355	0.14939045956591848	0.37161212390748144
94000	-7077.141701912125	-6789.023874624558	-288.11782728756805	-6789.023874624558	25.496092909705297	7.0630431458002105	0.0067548535746899	2.659845350239814	1.0	4.077521131194469	6.048225068221428	-268.71519577228986	0.15368980473606442	0.3253076117905355	0.14939045956591848	0.37161212390748144
95000	-7097.925332815891	-6811.3950555037	-286.530277312191	-6811.3950555037	23.99061616826399	7.145760408654898	0.0066947318125885015	2.659845350239814	1.0	3.762578040157748	5.1142825921306185	-267.52607622837985	0.15368980473606442	0.3253076117905355	0.14939045956591848	0.37161212390748144
96000	-7099.115017203505	-6811.749696018911	-287.36532118459354	-6811.749696018911	25.127673654369445	6.12704218735069	0.0068117502946904804	2.659845350239814	1.0	4.4582534633670745	4.898766356667302	-268.8482844613687	0.15368980473606442	0.3253076117905355	0.14939045956591848	0.37161212390748144
97000	-7093.288359126487	-6806.971504468112	-286.31685465837563	-6806.971504468112	24.043722423087267	5.285492112412558	0.007245159998116418	2.659845350239814	1.0	4.361519823601768	4.828350758390112	-268.82374231726806	0.15368980473606442	0.3253076117905355	0.14939045956591848	0.37161212390748144
98000	-7106.644822068777	-6816.837405905786	-289.80741616299144	-6816.837405905786	23.928072749423766	6.059702459960816	0.008406812120714178	2.659845350239814	1.0	4.361519823601768	4.875653673800951	-271.2581919772782	0.15368980473606442	0.3253076117905355	0.14939045956591848	0.37161212390748144
99000	-7080.463387431154	-6784.520307974098	-295.9430794570566	-6784.520307974098	25.038871926821056	7.116525007505015	0.007711904795716009	2.659845350239814	1.0	4.361519823601768	4.972545111984884	-276.2592127944155	0.1331213067731349	0.3253076117905355	0.14939045956591848	0.392180621870411
100000	-7078.189548063938	-6789.743511574882	-288.446036489056	-6789.743511574882	20.841634627733022	6.200949897873378	0.007535781240012179	2.659845350239814	1.0	4.361519823601768	5.560028265564801	-269.7131822124839	0.1331213067731349	0.3253076117905355	0.14939045956591848	0.392180621870411
