#
#model:
#
#<?xml version="1.0" encoding="UTF-8" standalone="no"?><input id="posterior" spec="beast.core.util.CompoundDistribution">
#    <distribution id="prior" spec="beast.core.util.CompoundDistribution">
#        <distribution id="CoalescentConstant.t:1" spec="beast.evolution.tree.coalescent.Coalescent">
#            <populationModel id="ConstantPopulation.t:1" spec="beast.evolution.tree.coalescent.ConstantPopulation">
#                <parameter id="popSize.t:1" name="popSize" spec="beast.core.parameter.RealParameter">0.3</parameter>
#            </populationModel>
#            <treeIntervals id="TreeIntervals.t:1" spec="beast.evolution.tree.coalescent.TreeIntervals">
#                <tree id="Tree.t:1" spec="beast.evolution.tree.Tree">
#                    <trait id="dateTrait.t:1" spec="beast.evolution.tree.TraitSet" traitname="date" value="2_2000.1=2000.1,17_2001.6=2001.6,18_2001.7=2001.7,21_2002=2002,24_2002.3=2002.3,26_2002.5=2002.5,5_2000.4=2000.4,7_2000.6=2000.6,4_2000.3=2000.3,13_2001.2=2001.2,15_2001.4=2001.4,16_2001.5=2001.5,1_2000=2000,8_2000.7=2000.7,3_2000.2=2000.2,12_2001.1=2001.1,22_2002.1=2002.1,32_2003.1=2003.1,28_2002.7=2002.7,43_2004.2=2004.2,46_2004.5=2004.5,55_2005.4=2005.4,63_2006.2=2006.2,65_2006.4=2006.4,66_2006.5=2006.5,67_2006.6=2006.6,23_2002.2=2002.2,10_2000.9=2000.9,14_2001.3=2001.3,33_2003.2=2003.2,39_2003.8=2003.8,34_2003.3=2003.3,44_2004.3=2004.3,48_2004.7=2004.7,53_2005.2=2005.2,52_2005.1=2005.1,58_2005.7=2005.7,9_2000.8=2000.8,6_2000.5=2000.5,11_2001=2001,25_2002.4=2002.4,20_2001.9=2001.9,47_2004.6=2004.6,36_2003.5=2003.5,45_2004.4=2004.4,50_2004.9=2004.9,42_2004.1=2004.1,51_2005=2005,35_2003.4=2003.4,37_2003.6=2003.6,57_2005.6=2005.6,59_2005.8=2005.8,61_2006=2006,62_2006.1=2006.1,41_2004=2004,40_2003.9=2003.9,49_2004.8=2004.8,74_2007.3=2007.3,77_2007.6=2007.6,68_2006.7=2006.7,70_2006.9=2006.9,81_2008=2008,19_2001.8=2001.8,27_2002.6=2002.6,29_2002.8=2002.8,30_2002.9=2002.9,31_2003=2003,38_2003.7=2003.7,56_2005.5=2005.5,69_2006.8=2006.8,82_2008.1=2008.1,80_2007.9=2007.9,83_2008.2=2008.2,87_2008.6=2008.6,71_2007=2007,75_2007.4=2007.4,72_2007.1=2007.1,91_2009=2009,88_2008.7=2008.7,94_2009.3=2009.3,98_2009.7=2009.7,79_2007.8=2007.8,84_2008.3=2008.3,78_2007.7=2007.7,76_2007.5=2007.5,89_2008.8=2008.8,93_2009.2=2009.2,96_2009.5=2009.5,97_2009.6=2009.6,95_2009.4=2009.4,100_2009.9=2009.9,54_2005.3=2005.3,60_2005.9=2005.9,64_2006.3=2006.3,73_2007.2=2007.2,86_2008.5=2008.5,85_2008.4=2008.4,90_2008.9=2008.9,99_2009.8=2009.8,92_2009.1=2009.1,101_2010=2010">
#                        <taxa id="TaxonSet.1" spec="beast.evolution.alignment.TaxonSet">
#                        </taxa>
#                    </trait>
#                    <taxonset idref="TaxonSet.1"/>
#                </tree>
#            </treeIntervals>
#        </distribution>
#        <prior id="rateOmega.prior" name="distribution">
#            <parameter id="rateOmega" lower="0.1" name="x" spec="beast.core.parameter.RealParameter" upper="10.0">0.5</parameter>
#            <Gamma id="Gamma.0" name="distr">
#                <parameter estimate="false" id="rateOmega.alpha" name="alpha" spec="beast.core.parameter.RealParameter">0.1</parameter>
#                <parameter estimate="false" id="rateOmega.beta" name="beta" spec="beast.core.parameter.RealParameter">1.0</parameter>
#            </Gamma>
#        </prior>
#        <prior id="rateMean.prior" name="distribution">
#            <parameter id="rateMean" lower="1.0E-4" name="x" spec="beast.core.parameter.RealParameter" upper="10.0">0.005</parameter>
#            <Gamma id="Gamma.1" name="distr">
#                <parameter estimate="false" id="rateMean.alpha" name="alpha" spec="beast.core.parameter.RealParameter">0.005</parameter>
#                <parameter estimate="false" id="rateMean.beta" name="beta" spec="beast.core.parameter.RealParameter">1.0</parameter>
#            </Gamma>
#        </prior>
#        <prior id="FrequenciesPrior.s:1" name="distribution">
#            <parameter dimension="4" id="freqParameter.s:1" lower="0.0" name="x" spec="beast.core.parameter.RealParameter" upper="1.0">0.25</parameter>
#            <Uniform id="Uniform.3" name="distr"/>
#        </prior>
#        <prior id="GammaShapePrior.s:1" name="distribution">
#            <parameter id="gammaShape.s:1" name="x" spec="beast.core.parameter.RealParameter">1.0</parameter>
#            <Exponential id="Exponential.0" name="distr">
#                <parameter estimate="false" id="RealParameter.0" name="mean" spec="beast.core.parameter.RealParameter">1.0</parameter>
#            </Exponential>
#        </prior>
#        <prior id="KappaPrior.s:1" name="distribution">
#            <parameter id="kappa.s:1" lower="0.0" name="x" spec="beast.core.parameter.RealParameter">2.0</parameter>
#            <LogNormal id="LogNormalDistributionModel.0" name="distr">
#                <parameter estimate="false" id="RealParameter.1" name="M" spec="beast.core.parameter.RealParameter">1.0</parameter>
#                <parameter estimate="false" id="RealParameter.2" name="S" spec="beast.core.parameter.RealParameter">1.25</parameter>
#            </LogNormal>
#        </prior>
#        <prior id="PopSizePrior.t:1" name="distribution" x="@popSize.t:1">
#            <OneOnX id="OneOnX.1" name="distr"/>
#        </prior>
#    </distribution>
#    <distribution id="likelihood" spec="beast.core.util.CompoundDistribution" useThreads="true">
#        <distribution data="@1" id="treeLikelihood.1" spec="beast.evolution.likelihood.ThreadedTreeLikelihood" tree="@Tree.t:1">
#            <siteModel gammaCategoryCount="4" id="SiteModel.s:1" shape="@gammaShape.s:1" spec="beast.evolution.sitemodel.SiteModel">
#                <parameter id="mutationRate.s:1" name="mutationRate" spec="beast.core.parameter.RealParameter">1.0</parameter>
#                <parameter estimate="false" id="proportionInvariant.s:1" lower="0.0" name="proportionInvariant" spec="beast.core.parameter.RealParameter" upper="1.0">0.0</parameter>
#                <substModel id="hky.s:1" kappa="@kappa.s:1" spec="beast.evolution.substitutionmodel.HKY">
#                    <frequencies frequencies="@freqParameter.s:1" id="estimatedFreqs.s:1" spec="beast.evolution.substitutionmodel.Frequencies"/>
#                </substModel>
#            </siteModel>
#            <branchRateModel id="branchRates" numSites="1000" numberOfDiscreteRates="12" rateMean="@rateMean" rateOmega="@rateOmega" spec="beast.evolution.branchratemodel.ARClockModel" tree="@Tree.t:1">
#                <rateCategories dimension="200" id="rateCategories" spec="beast.core.parameter.IntegerParameter">1</rateCategories>
#            </branchRateModel>
#        </distribution>
#    </distribution>
#</input>
#
Sample	posterior	likelihood	prior	treeLikelihood	TreeHeight	rateOmega	rateMean	kappa	mutationRate	gammaShape	popSize	CoalescentConstant	freqParameter.1	freqParameter.2	freqParameter.3	freqParameter.4
0	-19516.112134073297	-19282.078927902938	-234.03320617036022	-19282.078927902938	10.751582664363609	0.5	0.005	2.0	1.0	1.0	0.3	-230.21431273121476	0.25	0.25	0.25	0.25
1000	-13079.717379727648	-12596.55356530927	-483.1638144183774	-12596.55356530927	12.50396709625789	0.18417538101193534	0.01951192160196549	3.1940361545973053	1.0	0.8373746240034383	2.1147160917804664	-476.9537019915641	0.24521919259014663	0.25	0.25	0.25478080740985337
2000	-11929.987948339305	-11607.355204605414	-322.63274373389123	-11607.355204605414	14.69476558984114	1.7920575843872173	0.017798859933292565	3.1940361545973053	1.0	0.8373746240034383	8.954039908425692	-311.4170015574019	0.25002790500841826	0.2425357085385297	0.2451912875817284	0.2622450988713237
3000	-10833.231911864717	-10504.931186097476	-328.3007257672409	-10504.931186097476	14.598293746720804	2.791618883721122	0.014556197166287038	3.4997720603039926	1.0	0.8373746240034383	8.951922889370044	-315.7865596009299	0.25002790500841826	0.2425357085385297	0.2451912875817284	0.2622450988713237
4000	-10276.036466478323	-9939.066771660955	-336.9696948173687	-9939.066771660955	14.193010176353782	2.2790683209864913	0.011569765645167582	3.4997720603039926	1.0	0.8373746240034383	8.330213360769589	-325.4540878146983	0.24482594795321508	0.2477376655937329	0.2451912875817284	0.2622450988713237
5000	-9792.375146206818	-9451.901170350478	-340.4739758563393	-9451.901170350478	13.793902279737823	4.458852325958797	0.010542831004535446	3.4997720603039926	1.0	0.8373746240034383	8.167056655884629	-326.2878644968667	0.24482594795321508	0.2477376655937329	0.24264736141971174	0.26478902503334034
6000	-9221.803759038934	-8872.537144216987	-349.2666148219466	-8872.537144216987	13.439403799920154	5.121333306586155	0.010617611257483183	4.212316573640544	1.0	0.8373746240034383	11.2261429033495	-333.74183276797174	0.24482594795321508	0.2477376655937329	0.24264736141971174	0.26478902503334034
7000	-8966.645120472473	-8625.067469023179	-341.57765144929414	-8625.067469023179	13.816553275270318	5.322444774448013	0.010339989843793373	4.212316573640544	1.0	0.8373746240034383	9.392679178949312	-326.02204678625674	0.24482594795321508	0.2477376655937329	0.24264736141971174	0.26478902503334034
8000	-8747.764279873738	-8403.86129622828	-343.90298364545777	-8403.86129622828	14.077411201000317	7.396673807012763	0.010617369589991174	4.212316573640544	1.0	0.8882927199870294	10.014275405193512	-325.8353454774398	0.24482594795321508	0.25575074566755596	0.2261753771799455	0.27324792919928353
9000	-8575.650272029097	-8241.172699611441	-334.47757241765675	-8241.172699611441	13.885540395636392	6.4237495066787496	0.009812255064044968	4.212316573640544	1.0	0.8882927199870294	7.443439519500315	-317.8857327085136	0.23545397631266052	0.25575074566755596	0.23082485768152644	0.27797042033825714
10000	-8354.697958357348	-8020.593683938568	-334.1042744187814	-8020.593683938568	15.251746076997291	4.808753851121847	0.007609828471457903	4.212316573640544	1.0	0.731823394624453	8.57242975210174	-319.6584120873372	0.23545397631266052	0.25575074566755596	0.23082485768152644	0.27797042033825714
11000	-8305.534624018861	-7971.8108476650095	-333.72377635385163	-7971.8108476650095	13.495858233579424	6.325910632051366	0.007837562452776354	4.212316573640544	1.0	0.7983808781411205	8.188297013573045	-317.4636830673261	0.23149261573574523	0.25575074566755596	0.23478621825844173	0.27797042033825714
12000	-8089.059316629687	-7759.437492634828	-329.6218239948586	-7759.437492634828	13.22312784964264	5.170102640399454	0.007546241525070779	4.212316573640544	1.0	1.2191117970018974	7.585566302988642	-314.39283193828095	0.23396072179175165	0.25575074566755596	0.2323181122024353	0.27797042033825714
13000	-8031.669943541263	-7708.281112870916	-323.3888306703466	-7708.281112870916	14.226665688533144	5.363451111784082	0.008146340550482122	4.212316573640544	1.0	1.2191117970018974	8.791616720419675	-307.7091585204779	0.23396072179175165	0.25886371123687785	0.22920514663311342	0.27797042033825714
14000	-8003.1677562647765	-7676.934498595653	-326.2332576691232	-7676.934498595653	14.761012754806343	6.148205527286512	0.007941162309401202	4.212316573640544	1.0	1.2191117970018974	7.276444454500536	-309.8606768167628	0.23396072179175165	0.25621844510845637	0.22920514663311342	0.2806156864666786
15000	-7966.119811719649	-7645.356488918603	-320.763322801046	-7645.356488918603	14.634397996864116	4.783991043573899	0.00816311195913418	4.212316573640544	1.0	0.8888617719839611	9.261075013646789	-306.0421753333431	0.23088729697369587	0.25621844510845637	0.22238966407446772	0.2905045938433801
16000	-7951.696707382118	-7631.356852315632	-320.33985506648634	-7631.356852315632	16.284543761097527	5.628621752789962	0.00759233690576837	4.212316573640544	1.0	0.8888617719839611	7.955307483729208	-304.85242156451574	0.22212972525401176	0.25621844510845637	0.23114723579415183	0.2905045938433801
17000	-7920.153263443441	-7596.312367490844	-323.8408959525964	-7596.312367490844	16.284543761097527	6.406539887732024	0.008348104316353352	4.058893137652229	1.0	0.8888617719839611	7.1089738946444685	-307.5234029191287	0.22212972525401176	0.25621844510845637	0.23114723579415183	0.2905045938433801
18000	-7911.469279116647	-7588.401989789885	-323.0672893267617	-7588.401989789885	16.16297541871579	5.7922440777056	0.007934749397940213	4.058893137652229	1.0	0.8888617719839611	7.026502075574781	-307.5174227402515	0.22212972525401176	0.25621844510845637	0.23114723579415183	0.2905045938433801
19000	-7891.46775772785	-7568.368579543668	-323.099178184182	-7568.368579543668	16.16297541871579	6.733223574853713	0.007709188201782991	4.058893137652229	1.0	0.8888617719839611	7.9926381253625784	-306.37293967763316	0.22212972525401176	0.25621844510845637	0.23114723579415183	0.2905045938433801
20000	-7677.331617117701	-7354.4646408192975	-322.8669762984041	-7354.4646408192975	15.54253557173734	7.028715867166021	0.007305027740491441	4.058893137652229	1.0	1.1834256276420259	7.52450635806559	-305.62636726869135	0.21175052878904949	0.25621844510845637	0.23438925157972973	0.29764177452276447
21000	-7538.124834338302	-7211.079712856319	-327.0451214819828	-7211.079712856319	15.60627974147577	7.157704407184651	0.0070851364060052595	3.6875585264943056	1.0	1.1834256276420259	8.376562332791444	-309.7001334729218	0.21175052878904949	0.25621844510845637	0.23267329056857491	0.2993577355339193
22000	-7483.713248794641	-7151.75275797473	-331.96049081991066	-7151.75275797473	14.939470081491894	6.07376879216837	0.006968674367129423	3.6875585264943056	1.0	1.1834256276420259	9.881618931364091	-315.6985963911523	0.21210498201601954	0.2558639918814863	0.23267329056857491	0.2993577355339193
23000	-7448.649975225879	-7117.851048728102	-330.7989264977768	-7117.851048728102	14.622524943965985	4.976093536356467	0.006628123061797326	3.6875585264943056	1.0	1.248111564004871	7.323859500322791	-316.09915441992575	0.20546721446759147	0.2625017594299143	0.23267329056857491	0.2993577355339193
24000	-7409.984229673753	-7072.860500784956	-337.12372888879815	-7072.860500784956	14.742106028576334	7.102683371109577	0.00679311999151828	3.6875585264943056	1.0	1.665910882641505	8.444518993126028	-319.39231203885794	0.20546721446759147	0.2570979920667044	0.23267329056857491	0.3047615028971292
25000	-7284.798693729847	-6956.005670498824	-328.79302323102326	-6956.005670498824	15.244123615114034	6.322132430619	0.00679311999151828	3.6875585264943056	1.0	1.665910882641505	9.873100343508453	-311.7906354725879	0.20546721446759147	0.25775097664403435	0.23267329056857491	0.3041085183197993
26000	-7168.394320479687	-6839.854456454391	-328.5398640252964	-6839.854456454391	16.63909008268444	5.364373797972321	0.006472014533912198	3.6875585264943056	1.0	1.665910882641505	10.354196844479652	-312.6440080118871	0.1898163280561317	0.26575600042557695	0.23267329056857491	0.31175438094971647
27000	-7119.683700805201	-6796.708215412148	-322.9754853930526	-6796.708215412148	15.160435331420585	5.364137724758952	0.005993104216269283	3.6875585264943056	1.0	1.665910882641505	8.431727796847282	-307.3622677163575	0.19151088375766906	0.26575600042557695	0.23097873486703754	0.31175438094971647
28000	-7087.479171728569	-6769.023331284948	-318.45584044362107	-6769.023331284948	13.914390834030732	5.772523343110495	0.006089244556200892	3.6875585264943056	1.0	1.665910882641505	8.11593435194172	-302.39044214157593	0.19151088375766906	0.26575600042557695	0.23097873486703754	0.31175438094971647
29000	-7021.870204271891	-6708.662361321991	-313.2078429499008	-6708.662361321991	14.299433466637995	6.24486261597661	0.006272642041706822	3.6875585264943056	1.0	1.665910882641505	6.35250420918723	-296.81459210887044	0.19151088375766906	0.26575600042557695	0.23097873486703754	0.31175438094971647
30000	-7017.7551853427985	-6710.11043378046	-307.64475156233834	-6710.11043378046	14.117477082444408	6.34019513934395	0.0065846061450066376	3.6875585264943056	1.0	1.665910882641505	6.659090799475964	-291.04679281760207	0.19151088375766906	0.26575600042557695	0.23097873486703754	0.31175438094971647
31000	-7010.931088517689	-6697.081079523643	-313.8500089940462	-6697.081079523643	13.638794713173015	7.167242810044781	0.006590691930317379	3.6875585264943056	1.0	3.0282736017632916	7.054795587935568	-294.8936395836168	0.19151088375766906	0.26575600042557695	0.23049500006072512	0.3122381157560289
32000	-7012.25942687503	-6704.497371983336	-307.76205489169377	-6704.497371983336	13.622928701100218	5.883553020254231	0.0067702343337964115	3.6875585264943056	1.0	3.0282736017632916	7.165268724760527	-290.22453898130965	0.19151088375766906	0.26575600042557695	0.23049500006072512	0.3122381157560289
33000	-6985.164123747482	-6677.401263715287	-307.76286003219496	-6677.401263715287	13.376419257428633	5.60248949201861	0.006381203430092495	3.6875585264943056	1.0	3.0282736017632916	6.215864176377135	-290.75187538959983	0.19151088375766906	0.26575600042557695	0.23049500006072512	0.3122381157560289
34000	-6992.285065550176	-6679.845986573779	-312.4390789763978	-6679.845986573779	14.263388582705495	6.702800627938552	0.006758579812006006	3.6875585264943056	1.0	3.0282736017632916	7.227565585358156	-293.9580565658365	0.19151088375766906	0.26575600042557695	0.23049500006072512	0.3122381157560289
35000	-6993.311598391035	-6683.539847171926	-309.77175121910807	-6683.539847171926	14.342567745282485	5.8441909545109585	0.006316630926924658	3.6875585264943056	1.0	2.463267632987546	6.554246701761969	-293.0032336872388	0.19151088375766906	0.26575600042557695	0.23049500006072512	0.3122381157560289
36000	-6993.308357430354	-6684.345926060065	-308.9624313702886	-6684.345926060065	14.542926152401385	7.682749816221707	0.006111327908470494	3.6875585264943056	1.0	2.463267632987546	7.213618748916751	-290.04640300346495	0.19151088375766906	0.2666172825674382	0.23049500006072512	0.3113768336141676
37000	-6973.318415511166	-6665.653028800551	-307.6653867106151	-6665.653028800551	15.13080022227663	7.156122308093853	0.006336293197803672	3.6875585264943056	1.0	2.463267632987546	6.073832172924937	-289.4756811345662	0.19151088375766906	0.2666172825674382	0.23049500006072512	0.3113768336141676
38000	-6958.3088327723635	-6654.846129722334	-303.46270305002986	-6654.846129722334	15.515537796758885	7.727603850481301	0.006451218444471371	3.4388057212967453	1.0	2.463267632987546	6.593183313678616	-284.6142324785735	0.19151088375766906	0.2666172825674382	0.23049500006072512	0.3113768336141676
39000	-6953.568330199296	-6648.975913262458	-304.5924169368378	-6648.975913262458	16.155229037233674	6.612007235214038	0.0059375067581442596	3.4388057212967453	1.0	3.0550897362348337	6.018705732458705	-286.5822838482985	0.19151088375766906	0.2666172825674382	0.23049500006072512	0.3113768336141676
40000	-6938.174621632867	-6633.087276793473	-305.0873448393927	-6633.087276793473	15.8260331764383	5.839836446737286	0.0057248715627242685	3.370769378459843	1.0	3.0550897362348337	7.774355879267561	-287.76455218454487	0.19151088375766906	0.2666172825674382	0.23049500006072512	0.3113768336141676
41000	-6880.7342214595055	-6576.783278856545	-303.9509426029612	-6576.783278856545	15.292446661891633	4.800389377280537	0.0054269442633911895	3.370769378459843	1.0	2.96914830164138	6.55898781445377	-288.15341254528255	0.19151088375766906	0.25972966201164993	0.23049500006072512	0.3182644541699559
42000	-6795.7743626230185	-6497.058466970873	-298.71589565214566	-6497.058466970873	15.292446661891633	5.051486528059106	0.0054090878723172635	3.370769378459843	1.0	2.96914830164138	6.266700527235206	-282.6702649034732	0.19151088375766906	0.25972966201164993	0.23049500006072512	0.3182644541699559
43000	-6782.266588905601	-6480.582784770774	-301.6838041348265	-6480.582784770774	15.764928453610182	5.551469009356255	0.006399445213102535	3.370769378459843	1.0	2.96914830164138	5.596199836850717	-284.99813058098954	0.19378787169972722	0.25972966201164993	0.22821801211866696	0.3182644541699559
44000	-6727.788151708947	-6426.02079370979	-301.7673579991573	-6426.02079370979	15.596011983921162	4.934878082093089	0.0062466401322551135	3.370769378459843	1.0	3.721980434161957	6.622063007836251	-284.9072847310949	0.17965778784158534	0.25972966201164993	0.22821801211866696	0.3323945380280978
45000	-6721.41358632423	-6425.297371971315	-296.11621435291494	-6425.297371971315	15.853888746631421	5.8522029885452405	0.00646691840207508	3.370769378459843	1.0	3.721980434161957	5.753562698357393	-278.2912597252883	0.17965778784158534	0.264617889289863	0.22332978484045388	0.3323945380280978
46000	-6719.627977980081	-6421.708490009798	-297.91948797028306	-6421.708490009798	15.283101508768281	5.383623023830263	0.005945586662603088	3.370769378459843	1.0	3.721980434161957	6.154592135285347	-280.65499659307466	0.17965778784158534	0.264617889289863	0.22332978484045388	0.3323945380280978
47000	-6724.158282305216	-6427.594719455612	-296.5635628496036	-6427.594719455612	14.086021268125936	6.137767077186726	0.006489875234036029	3.370769378459843	1.0	3.721980434161957	6.260052500012576	-278.322247429719	0.17965778784158534	0.264617889289863	0.22332978484045388	0.3323945380280978
48000	-6729.292707645434	-6431.432148627922	-297.8605590175124	-6431.432148627922	15.905246369153332	5.70138458741467	0.005989943332133255	3.370769378459843	1.0	3.721980434161957	6.408741301823011	-280.17878900898074	0.18343717455596156	0.264617889289863	0.21955039812607766	0.3323945380280978
49000	-6715.726704447248	-6424.417759390483	-291.30894505676474	-6424.417759390483	16.573118097866068	4.8952532778938735	0.006299934663296155	3.370769378459843	1.0	3.721980434161957	6.650248660756402	-274.4829987172722	0.18343717455596156	0.264617889289863	0.21955039812607766	0.3323945380280978
50000	-6696.403714855285	-6408.949881485463	-287.45383336982235	-6408.949881485463	15.973276773247042	5.138385159304365	0.006153042521091253	3.370769378459843	1.0	3.721980434161957	4.483143817419473	-270.7590808057427	0.18343717455596156	0.264617889289863	0.21955039812607766	0.3323945380280978
51000	-6704.276926260638	-6417.7261170091815	-286.55080925145637	-6417.7261170091815	15.164999549985906	5.793551087188157	0.006584557778860318	3.370769378459843	1.0	6.274985744619371	5.446023166192567	-266.27744533195596	0.18343717455596156	0.264617889289863	0.21955039812607766	0.3323945380280978
52000	-6660.105702532109	-6370.10330897467	-290.00239355743935	-6370.10330897467	15.842848305246934	5.542515928186754	0.006542529530642475	3.370769378459843	1.0	6.274985744619371	5.459616969125975	-270.0238523225968	0.1689990520818741	0.27905601176395045	0.21955039812607766	0.3323945380280978
53000	-6636.473339862514	-6343.999477168748	-292.47386269376614	-6343.999477168748	15.842848305246934	5.322837398984012	0.00633048434380543	3.370769378459843	1.0	6.274985744619371	5.301204307479681	-272.81383685703264	0.1689990520818741	0.27905601176395045	0.2023580216155398	0.34958691453863566
54000	-6636.472285363891	-6338.601898263095	-297.8703871007966	-6338.601898263095	15.842848305246934	6.521016448468843	0.006162876544534901	3.370769378459843	1.0	6.274985744619371	6.093831588227076	-276.7169843651196	0.1689990520818741	0.27905601176395045	0.2023580216155398	0.34958691453863566
55000	-6632.890121420424	-6333.493658812899	-299.3964626075252	-6333.493658812899	15.975859193058948	5.654927665998104	0.00578377476976953	3.370769378459843	1.0	6.274985744619371	4.541756476836249	-279.59491328312555	0.1689990520818741	0.27905601176395045	0.2023580216155398	0.34958691453863566
56000	-6625.030727027711	-6329.201708384973	-295.82901864273737	-6329.201708384973	15.819681164892517	6.164898925475252	0.0058938259129932315	3.370769378459843	1.0	6.274985744619371	6.8380364942220755	-275.0117366653366	0.1689990520818741	0.27905601176395045	0.2023580216155398	0.34958691453863566
57000	-6592.309867658733	-6302.4649240707295	-289.84494358800424	-6302.4649240707295	15.819681164892517	5.018594359809458	0.005638632612450664	3.370769378459843	1.0	6.274985744619371	5.24853413433186	-270.6679652795022	0.157169399479227	0.27905601176395045	0.2023580216155398	0.36141656714128273
58000	-6604.618720599931	-6309.509797796712	-295.1089228032195	-6309.509797796712	15.392596147844964	6.735380608662159	0.00584707717389662	3.370769378459843	1.0	3.9381296575119897	6.516945034165544	-276.034428195085	0.157169399479227	0.27905601176395045	0.2023580216155398	0.36141656714128273
59000	-6596.470472500289	-6303.6962849636575	-292.77418753663164	-6303.6962849636575	15.1714118405584	5.957749256489529	0.0060009378399752235	3.370769378459843	1.0	3.9381296575119897	6.018005623644078	-274.6413896308965	0.157169399479227	0.27905601176395045	0.2023580216155398	0.36141656714128273
60000	-6601.547078812873	-6304.407225976692	-297.13985283618183	-6304.407225976692	15.638072900712435	6.1870954563551885	0.006068347707867917	3.370769378459843	1.0	3.9381296575119897	6.379695561216301	-278.6741664307144	0.157169399479227	0.27905601176395045	0.2023580216155398	0.36141656714128273
61000	-6590.2204727647995	-6290.120721470589	-300.09975129420997	-6290.120721470589	15.40194218413464	6.225684347487932	0.006064715304842909	3.370769378459843	1.0	3.9381296575119897	6.0423617288025815	-281.6448049616208	0.14730845276421126	0.2889169584789662	0.2023580216155398	0.36141656714128273
62000	-6576.713306524064	-6281.121365647915	-295.5919408761491	-6281.121365647915	17.04391583366449	6.413326444402934	0.006114352668770401	3.370769378459843	1.0	3.9381296575119897	6.007916081377596	-276.9201840264355	0.14861484497028846	0.287610566272889	0.2023580216155398	0.36141656714128273
63000	-6569.164767142247	-6276.539091424343	-292.62567571790476	-6276.539091424343	16.39587719253778	5.678867084977018	0.005352471353653051	3.370769378459843	1.0	3.9381296575119897	6.1994302916841555	-274.8996394617796	0.14861484497028846	0.287610566272889	0.2023580216155398	0.36141656714128273
64000	-6567.6851680718355	-6272.1561339339205	-295.5290341379149	-6272.1561339339205	16.27664966318311	6.44372916516536	0.006050510415984953	3.370769378459843	1.0	3.9381296575119897	6.438439529912227	-276.76391752464747	0.14861484497028846	0.287610566272889	0.2023580216155398	0.36141656714128273
65000	-6564.144076290653	-6265.923432512277	-298.22064377837603	-6265.923432512277	16.801201794132425	7.107747215164196	0.005977376702928803	3.154930023797655	1.0	3.9381296575119897	6.341378327679713	-278.80448722819784	0.1570364099234461	0.2795643191932446	0.19393645666238216	0.36946281422092714
66000	-6547.837060388874	-6258.250891351329	-289.58616903754495	-6258.250891351329	15.981792456925792	6.337069997550845	0.006221219278899216	3.154930023797655	1.0	3.9381296575119897	5.225116856486847	-271.1975725944684	0.1570364099234461	0.2969775964989039	0.1765231793567229	0.36946281422092714
67000	-6552.025656319091	-6261.496494778384	-290.52916154070704	-6261.496494778384	16.614435122993754	5.742689570953789	0.006156352758010119	3.154930023797655	1.0	3.9381296575119897	5.3898622974918275	-272.8030366693173	0.1570364099234461	0.2969775964989039	0.1765231793567229	0.36946281422092714
68000	-6552.815880194506	-6264.5827678603055	-288.2331123341998	-6264.5827678603055	14.85803497074123	4.855435444103789	0.0057953662566259875	3.154930023797655	1.0	3.9381296575119897	5.685697629839762	-271.5523382819236	0.1570364099234461	0.2969775964989039	0.1765231793567229	0.36946281422092714
69000	-6552.7521861587375	-6264.86135589283	-287.89083026590737	-6264.86135589283	14.85803497074123	5.365130988011844	0.0059347281241728935	3.154930023797655	1.0	3.9381296575119897	5.333296401661128	-270.6507221011981	0.1570364099234461	0.2969775964989039	0.1765231793567229	0.36946281422092714
70000	-6524.238823043814	-6241.243700716262	-282.99512232755166	-6241.243700716262	14.503236168944424	5.238827865438667	0.006084009366918616	3.154930023797655	1.0	3.9381296575119897	5.499672492033274	-265.8471711938718	0.16715567499020928	0.30194283781533676	0.16143867297352688	0.36946281422092714
71000	-6545.556651042833	-6257.45847328919	-288.0981777536437	-6257.45847328919	14.863914455812052	5.818203516796533	0.005946287848177627	3.301458640833876	1.0	3.548145541627832	6.603887501791457	-270.4559950110487	0.1770176480024139	0.30194283781533676	0.15157669996132225	0.36946281422092714
72000	-6539.896414866367	-6245.913530760406	-293.98288410596126	-6245.913530760406	14.476680002104404	5.532092724436658	0.005968418308100751	3.301458640833876	1.0	3.548145541627832	6.813010912030134	-276.63730094686986	0.1567619191755986	0.3066938222406485	0.1610377667555112	0.37550649182824175
73000	-6545.789572226649	-6256.639683448498	-289.14988877815165	-6256.639683448498	14.387882272314362	5.530760671355836	0.00618228842126165	3.301458640833876	1.0	3.548145541627832	5.080018396724874	-272.0641292937797	0.1567619191755986	0.3066938222406485	0.1610377667555112	0.37550649182824175
74000	-6534.892914471357	-6246.215187281525	-288.6777271898319	-6246.215187281525	14.344266091161751	6.678449080589411	0.005862110042995343	2.1332854374702293	1.0	3.548145541627832	5.473524818252722	-270.68319742714067	0.1567619191755986	0.3066938222406485	0.1610377667555112	0.37550649182824175
75000	-6528.168165457083	-6233.553120633746	-294.61504482333675	-6233.553120633746	14.061629629209625	6.830878922749363	0.0059177027816711	2.1332854374702293	1.0	3.548145541627832	6.5418779469607005	-276.2600258239514	0.1567619191755986	0.3066938222406485	0.1610377667555112	0.37550649182824175
76000	-6521.255240043484	-6231.539287408501	-289.7159526349833	-6231.539287408501	14.03836522212707	8.270452725851994	0.006188822771651087	2.1332854374702293	1.0	3.548145541627832	5.5766266290717645	-269.86404405440555	0.1567619191755986	0.3066938222406485	0.1610377667555112	0.37550649182824175
77000	-6521.848721948182	-6235.918922157076	-285.929799791106	-6235.918922157076	13.876657546174373	7.089047219815544	0.006003292390136703	2.1332854374702293	1.0	3.548145541627832	5.300645929901582	-267.4792467313473	0.1567619191755986	0.3066938222406485	0.1610377667555112	0.37550649182824175
78000	-6505.801714552817	-6219.807453471152	-285.9942610816654	-6219.807453471152	13.876657546174373	7.464854457445721	0.0060595393624909046	2.8223644011338576	1.0	3.548145541627832	4.856271552087485	-266.93806280529566	0.1567619191755986	0.3066938222406485	0.14119414019812068	0.3953501183856323
79000	-6504.1631733036875	-6214.881884793333	-289.2812885103548	-6214.881884793333	14.118414480309811	7.612412922283764	0.006461321319401614	2.8223644011338576	1.0	4.2820027702963435	4.772663812090579	-269.2791432465875	0.12722300337193948	0.3299114156767755	0.14119414019812068	0.4016714407531644
80000	-6491.123097759545	-6205.185716406516	-285.9373813530294	-6205.185716406516	14.118414480309811	6.476044207717589	0.006603276860657411	2.8223644011338576	1.0	4.2820027702963435	5.525574930779656	-267.0488599219783	0.12722300337193948	0.3299114156767755	0.14119414019812068	0.4016714407531644
81000	-6486.624822506742	-6201.122591123636	-285.5022313831057	-6201.122591123636	14.116037541246985	5.840782121774916	0.005908625031168093	2.8223644011338576	1.0	4.2820027702963435	5.360525280510158	-267.48350975814054	0.12722300337193948	0.3299114156767755	0.14119414019812068	0.4016714407531644
82000	-6483.0144011969305	-6197.398180554012	-285.6162206429191	-6197.398180554012	13.812035447628068	6.580524068929065	0.006352019925355164	2.338166693360218	1.0	4.2820027702963435	5.522506526286524	-266.8296199275164	0.12722300337193948	0.3299114156767755	0.14119414019812068	0.4016714407531644
83000	-6482.204341419271	-6200.4066830273105	-281.7976583919612	-6200.4066830273105	14.047461115318267	6.116860090778467	0.005910436174646501	2.338166693360218	1.0	4.2820027702963435	5.406781499843635	-263.63379297279096	0.12722300337193948	0.3299114156767755	0.14119414019812068	0.4016714407531644
84000	-6490.741752937947	-6205.039908407918	-285.70184453002884	-6205.039908407918	14.047461115318267	6.758816403540116	0.006710012550006848	2.338166693360218	1.0	4.2820027702963435	4.803257142253296	-266.7975171869212	0.12722300337193948	0.3299114156767755	0.14119414019812068	0.4016714407531644
85000	-6477.559168155422	-6194.285595624315	-283.27357253110796	-6194.285595624315	13.979993260039754	6.070254739816506	0.006077359842697101	2.338166693360218	1.0	4.2820027702963435	4.631673484985489	-265.2900533144135	0.12722300337193948	0.3299114156767755	0.14119414019812068	0.4016714407531644
86000	-6478.400295786245	-6195.7311332565805	-282.66916252966433	-6195.7311332565805	13.725956719449409	7.557316999391193	0.0064615932443126975	2.2715972183145965	1.0	4.2820027702963435	6.2797224711739705	-262.6614185823559	0.12722300337193948	0.3299114156767755	0.14119414019812068	0.4016714407531644
87000	-6478.702210450509	-6203.082266307084	-275.61994414342445	-6203.082266307084	14.160603924885594	6.139773538046686	0.0064362261752397764	2.2715972183145965	1.0	4.2820027702963435	4.363620726808226	-257.5846620751154	0.12722300337193948	0.3299114156767755	0.14119414019812068	0.4016714407531644
88000	-6479.018784006587	-6202.534290918957	-276.4844930876303	-6202.534290918957	14.423567248816331	6.11809515187713	0.00700368728480496	2.2715972183145965	1.0	4.2820027702963435	5.056649881459233	-258.2420313451681	0.12722300337193948	0.3299114156767755	0.14119414019812068	0.4016714407531644
89000	-6491.141134572078	-6212.99004734237	-278.15108722970757	-6212.99004734237	14.423567248816331	6.32598141935708	0.007429826600478656	2.2715972183145965	1.0	4.2820027702963435	4.9945687595032995	-259.6238228148121	0.12722300337193948	0.3299114156767755	0.14119414019812068	0.4016714407531644
90000	-6480.514755777906	-6205.650383553074	-274.8643722248327	-6205.650383553074	15.576383785066707	5.210127415059683	0.0069280366585346915	2.2715972183145965	1.0	4.2820027702963435	4.6831954097941875	-257.7620652378355	0.12722300337193948	0.3299114156767755	0.14119414019812068	0.4016714407531644
91000	-6493.4882715411495	-6222.257400656484	-271.23087088466616	-6222.257400656484	15.163833053560799	5.665170429542346	0.0069958737214665554	2.2715972183145965	1.0	2.45586176695736	3.8087313340075273	-255.62122383111384	0.12722300337193948	0.3299114156767755	0.14119414019812068	0.4016714407531644
92000	-6461.07264463098	-6191.841135963781	-269.2315086671987	-6191.841135963781	15.528082819512184	4.459719507630339	0.0067893234318720545	2.1000722519417194	1.0	3.7926720864549153	5.26904392456783	-253.4788200693415	0.10443066179518974	0.323951761710349	0.14119414019812068	0.43042343629634067
93000	-6439.516207020857	-6165.473164349834	-274.04304267102236	-6165.473164349834	14.327895762524802	6.40085966228766	0.00715672676269554	2.1000722519417194	1.0	4.922778792876586	4.11531677812375	-255.08822321820008	0.10443066179518974	0.323951761710349	0.14119414019812068	0.43042343629634067
94000	-6448.794057161534	-6170.826552936521	-277.9675042250125	-6170.826552936521	14.568967234664845	5.229438841196498	0.007179071593276873	2.1000722519417194	1.0	4.672633500921966	4.172181400775539	-260.599319067825	0.10443066179518974	0.323951761710349	0.14119414019812068	0.43042343629634067
95000	-6442.2374839273725	-6164.264145408967	-277.9733385184055	-6164.264145408967	14.314793819683654	6.173613477677813	0.007265331537552392	2.1000722519417194	1.0	4.672633500921966	5.107104476097296	-259.2974324264115	0.10443066179518974	0.323951761710349	0.14119414019812068	0.43042343629634067
96000	-6444.740579434987	-6169.568101577014	-275.17247785797286	-6169.568101577014	14.571702141510952	5.181302358535706	0.006846198241390125	2.1000722519417194	1.0	4.484702049273308	4.619788655527383	-257.99434553485975	0.10443066179518974	0.323951761710349	0.14119414019812068	0.43042343629634067
97000	-6435.859769620645	-6161.452055544187	-274.4077140764588	-6161.452055544187	14.976118540081819	4.972098676149095	0.007072437756789547	2.1000722519417194	1.0	3.751293941291231	5.516471567936183	-257.9993216305244	0.12783342157841926	0.323951761710349	0.11779138041489118	0.43042343629634067
98000	-6440.117186435896	-6163.156140061959	-276.9610463739367	-6163.156140061959	14.565335223752191	4.529779976508187	0.007040823822453316	2.1000722519417194	1.0	6.665605731935147	5.685097264939539	-258.13889208832205	0.12783342157841926	0.323951761710349	0.11779138041489118	0.43042343629634067
99000	-6436.963595904318	-6158.73509301224	-278.2285028920782	-6158.73509301224	15.3957645965891	5.239673984750187	0.0073984852397266715	2.1000722519417194	1.0	6.665605731935147	4.043809266475623	-258.85642836899666	0.12783342157841926	0.323951761710349	0.11779138041489118	0.43042343629634067
100000	-6441.651321067002	-6165.164266019746	-276.4870550472557	-6165.164266019746	15.247716827240778	5.19051763231642	0.0075855707917538385	2.1000722519417194	1.0	6.665605731935147	4.558842936642713	-257.02770362527946	0.12783342157841926	0.323951761710349	0.11779138041489118	0.43042343629634067
