#
#model:
#
#<?xml version="1.0" encoding="UTF-8" standalone="no"?><input id="posterior" spec="beast.core.util.CompoundDistribution">
#    <distribution id="prior" spec="beast.core.util.CompoundDistribution">
#        <distribution id="CoalescentConstant.t:1" spec="beast.evolution.tree.coalescent.Coalescent">
#            <populationModel id="ConstantPopulation.t:1" spec="beast.evolution.tree.coalescent.ConstantPopulation">
#                <parameter id="popSize.t:1" name="popSize" spec="beast.core.parameter.RealParameter">0.3</parameter>
#            </populationModel>
#            <treeIntervals id="TreeIntervals.t:1" spec="beast.evolution.tree.coalescent.TreeIntervals">
#                <tree id="Tree.t:1" spec="beast.evolution.tree.Tree">
#                    <trait id="dateTrait.t:1" spec="beast.evolution.tree.TraitSet" traitname="date" value="2_2000.1=2000.1,17_2001.6=2001.6,18_2001.7=2001.7,21_2002=2002,24_2002.3=2002.3,26_2002.5=2002.5,5_2000.4=2000.4,7_2000.6=2000.6,4_2000.3=2000.3,13_2001.2=2001.2,15_2001.4=2001.4,16_2001.5=2001.5,1_2000=2000,8_2000.7=2000.7,3_2000.2=2000.2,12_2001.1=2001.1,22_2002.1=2002.1,32_2003.1=2003.1,28_2002.7=2002.7,43_2004.2=2004.2,46_2004.5=2004.5,55_2005.4=2005.4,63_2006.2=2006.2,65_2006.4=2006.4,66_2006.5=2006.5,67_2006.6=2006.6,23_2002.2=2002.2,10_2000.9=2000.9,14_2001.3=2001.3,33_2003.2=2003.2,39_2003.8=2003.8,34_2003.3=2003.3,44_2004.3=2004.3,48_2004.7=2004.7,53_2005.2=2005.2,52_2005.1=2005.1,58_2005.7=2005.7,9_2000.8=2000.8,6_2000.5=2000.5,11_2001=2001,25_2002.4=2002.4,20_2001.9=2001.9,47_2004.6=2004.6,36_2003.5=2003.5,45_2004.4=2004.4,50_2004.9=2004.9,42_2004.1=2004.1,51_2005=2005,35_2003.4=2003.4,37_2003.6=2003.6,57_2005.6=2005.6,59_2005.8=2005.8,61_2006=2006,62_2006.1=2006.1,41_2004=2004,40_2003.9=2003.9,49_2004.8=2004.8,74_2007.3=2007.3,77_2007.6=2007.6,68_2006.7=2006.7,70_2006.9=2006.9,81_2008=2008,19_2001.8=2001.8,27_2002.6=2002.6,29_2002.8=2002.8,30_2002.9=2002.9,31_2003=2003,38_2003.7=2003.7,56_2005.5=2005.5,69_2006.8=2006.8,82_2008.1=2008.1,80_2007.9=2007.9,83_2008.2=2008.2,87_2008.6=2008.6,71_2007=2007,75_2007.4=2007.4,72_2007.1=2007.1,91_2009=2009,88_2008.7=2008.7,94_2009.3=2009.3,98_2009.7=2009.7,79_2007.8=2007.8,84_2008.3=2008.3,78_2007.7=2007.7,76_2007.5=2007.5,89_2008.8=2008.8,93_2009.2=2009.2,96_2009.5=2009.5,97_2009.6=2009.6,95_2009.4=2009.4,100_2009.9=2009.9,54_2005.3=2005.3,60_2005.9=2005.9,64_2006.3=2006.3,73_2007.2=2007.2,86_2008.5=2008.5,85_2008.4=2008.4,90_2008.9=2008.9,99_2009.8=2009.8,92_2009.1=2009.1,101_2010=2010">
#                        <taxa id="TaxonSet.1" spec="beast.evolution.alignment.TaxonSet">
#                        </taxa>
#                    </trait>
#                    <taxonset idref="TaxonSet.1"/>
#                </tree>
#            </treeIntervals>
#        </distribution>
#        <prior id="rateOmega.prior" name="distribution">
#            <parameter id="rateOmega" lower="0.1" name="x" spec="beast.core.parameter.RealParameter" upper="10.0">0.5</parameter>
#            <Gamma id="Gamma.0" name="distr">
#                <parameter estimate="false" id="rateOmega.alpha" name="alpha" spec="beast.core.parameter.RealParameter">0.1</parameter>
#                <parameter estimate="false" id="rateOmega.beta" name="beta" spec="beast.core.parameter.RealParameter">1.0</parameter>
#            </Gamma>
#        </prior>
#        <prior id="rateMean.prior" name="distribution">
#            <parameter id="rateMean" lower="1.0E-4" name="x" spec="beast.core.parameter.RealParameter" upper="10.0">0.005</parameter>
#            <Gamma id="Gamma.1" name="distr">
#                <parameter estimate="false" id="rateMean.alpha" name="alpha" spec="beast.core.parameter.RealParameter">0.005</parameter>
#                <parameter estimate="false" id="rateMean.beta" name="beta" spec="beast.core.parameter.RealParameter">1.0</parameter>
#            </Gamma>
#        </prior>
#        <prior id="FrequenciesPrior.s:1" name="distribution">
#            <parameter dimension="4" id="freqParameter.s:1" lower="0.0" name="x" spec="beast.core.parameter.RealParameter" upper="1.0">0.25</parameter>
#            <Uniform id="Uniform.3" name="distr"/>
#        </prior>
#        <prior id="GammaShapePrior.s:1" name="distribution">
#            <parameter id="gammaShape.s:1" name="x" spec="beast.core.parameter.RealParameter">1.0</parameter>
#            <Exponential id="Exponential.0" name="distr">
#                <parameter estimate="false" id="RealParameter.0" name="mean" spec="beast.core.parameter.RealParameter">1.0</parameter>
#            </Exponential>
#        </prior>
#        <prior id="KappaPrior.s:1" name="distribution">
#            <parameter id="kappa.s:1" lower="0.0" name="x" spec="beast.core.parameter.RealParameter">2.0</parameter>
#            <LogNormal id="LogNormalDistributionModel.0" name="distr">
#                <parameter estimate="false" id="RealParameter.1" name="M" spec="beast.core.parameter.RealParameter">1.0</parameter>
#                <parameter estimate="false" id="RealParameter.2" name="S" spec="beast.core.parameter.RealParameter">1.25</parameter>
#            </LogNormal>
#        </prior>
#        <prior id="PopSizePrior.t:1" name="distribution" x="@popSize.t:1">
#            <OneOnX id="OneOnX.1" name="distr"/>
#        </prior>
#    </distribution>
#    <distribution id="likelihood" spec="beast.core.util.CompoundDistribution" useThreads="true">
#        <distribution data="@1" id="treeLikelihood.1" spec="beast.evolution.likelihood.ThreadedTreeLikelihood" tree="@Tree.t:1">
#            <siteModel gammaCategoryCount="4" id="SiteModel.s:1" shape="@gammaShape.s:1" spec="beast.evolution.sitemodel.SiteModel">
#                <parameter id="mutationRate.s:1" name="mutationRate" spec="beast.core.parameter.RealParameter">1.0</parameter>
#                <parameter estimate="false" id="proportionInvariant.s:1" lower="0.0" name="proportionInvariant" spec="beast.core.parameter.RealParameter" upper="1.0">0.0</parameter>
#                <substModel id="hky.s:1" kappa="@kappa.s:1" spec="beast.evolution.substitutionmodel.HKY">
#                    <frequencies frequencies="@freqParameter.s:1" id="estimatedFreqs.s:1" spec="beast.evolution.substitutionmodel.Frequencies"/>
#                </substModel>
#            </siteModel>
#            <branchRateModel id="branchRates" numSites="1000" numberOfDiscreteRates="12" rateMean="@rateMean" rateOmega="@rateOmega" spec="beast.evolution.branchratemodel.ARClockModel" tree="@Tree.t:1">
#                <rateCategories dimension="200" id="rateCategories" spec="beast.core.parameter.IntegerParameter">1</rateCategories>
#            </branchRateModel>
#        </distribution>
#    </distribution>
#</input>
#
Sample	posterior	likelihood	prior	treeLikelihood	TreeHeight	rateOmega	rateMean	kappa	mutationRate	gammaShape	popSize	CoalescentConstant	freqParameter.1	freqParameter.2	freqParameter.3	freqParameter.4
0	-28134.411517263383	-27900.378311093024	-234.03320617036022	-27900.378311093024	10.751582664363609	0.5	0.005	2.0	1.0	1.0	0.3	-230.21431273121476	0.25	0.25	0.25	0.25
1000	-16440.481425688482	-16060.586652988548	-379.8947726999344	-16060.586652988548	13.135055157419972	0.5443820512403997	0.03545649724693508	3.9361561049888136	1.0	1.0	3.5901853635065093	-370.80246777005675	0.25	0.25	0.25	0.25
2000	-13758.867728972005	-13433.338198340587	-325.5295306314185	-13433.338198340587	12.867868312667508	6.527581021353948	0.02592988457621032	3.9361561049888136	1.0	1.0	8.475479111300462	-307.68019943879153	0.24781943583948512	0.25	0.2521805641605149	0.25
3000	-13267.123209682944	-12938.094888842596	-329.02832084034964	-12938.094888842596	12.521838880798732	8.725239455506836	0.02543426562877943	3.9361561049888136	1.0	1.0	8.494885070739834	-308.7375770083033	0.24781943583948512	0.25	0.2521805641605149	0.25
4000	-12507.878223411202	-12156.940196265956	-350.938027145247	-12156.940196265956	12.509734812490983	9.657116993923745	0.02364847720045377	3.9361561049888136	1.0	1.0	7.826569615334774	-329.78023835263235	0.24240797919951715	0.25	0.2521805641605149	0.25541145663996795
5000	-12021.135692780352	-11669.20690742083	-351.92878535952144	-11669.20690742083	13.976018949445038	7.938158480452537	0.019361615962465606	4.204403187027982	1.0	1.0	9.747412868390123	-332.56724404302577	0.24240797919951715	0.25	0.2521805641605149	0.25541145663996795
6000	-11491.312413921713	-11134.02722891125	-357.28518501046085	-11134.02722891125	14.532939893088443	9.58053815071504	0.01813935651316351	5.060408770006229	1.0	1.0	11.934529476863315	-335.72765748572846	0.24240797919951715	0.25	0.2521805641605149	0.25541145663996795
7000	-11171.072652478546	-10815.446235576374	-355.626416902173	-10815.446235576374	14.219649843715302	9.966837011583157	0.018017679744678113	5.060408770006229	1.0	1.0	10.88548535398279	-333.74583801356124	0.24240797919951715	0.25	0.2521805641605149	0.25541145663996795
8000	-10775.88897403665	-10410.931659633216	-364.95731440343434	-10410.931659633216	15.681418488218208	9.982555864104592	0.015031102250762788	5.060408770006229	1.0	0.6454434098925004	10.499820147286725	-343.63353948523593	0.237431071543225	0.25	0.25715747181680704	0.25541145663996795
9000	-10329.261005913695	-9968.047227471223	-361.21377844247206	-9968.047227471223	15.270723059187677	8.656923299510737	0.012178900384810641	5.060408770006229	1.0	0.6454434098925004	8.539798664134612	-341.7627052606987	0.23730154209063578	0.25	0.25243498067783343	0.26026347723153076
10000	-10079.695256775161	-9715.021793804859	-364.6734629703025	-9715.021793804859	14.411512278065786	9.772653345512168	0.012077889808480319	4.672956630140079	1.0	0.531751050793717	8.854970077238432	-344.1926986198172	0.2381549581706916	0.25	0.2515815645977776	0.26026347723153076
11000	-9815.38874146943	-9453.493886531882	-361.89485493754904	-9453.493886531882	14.074730586153583	9.739789463239283	0.011681917548518994	5.342709403178524	1.0	0.531751050793717	10.697377671208576	-341.10840467064185	0.2381549581706916	0.25	0.2515815645977776	0.26026347723153076
12000	-9576.014941343909	-9208.428662085047	-367.58627925886105	-9208.428662085047	14.074730586153583	9.312266423733416	0.00937337740814956	5.342709403178524	1.0	0.531751050793717	11.619917228374712	-347.40640469160525	0.2381549581706916	0.25	0.2515815645977776	0.26026347723153076
13000	-9504.201365056013	-9131.978181404833	-372.2231836511804	-9131.978181404833	14.074730586153583	8.167830193982724	0.00974454443540321	5.342709403178524	1.0	0.6308491934184353	9.429696675200633	-353.3765090585551	0.2381549581706916	0.25	0.2515815645977776	0.26026347723153076
14000	-9393.17762650726	-9021.08286845908	-372.09475804818095	-9021.08286845908	14.23447587709639	9.525881968729996	0.009274083664678983	5.342709403178524	1.0	0.6308491934184353	10.577987066035735	-351.68639898057484	0.2381549581706916	0.25	0.2515815645977776	0.26026347723153076
15000	-9098.757663895345	-8729.736654585171	-369.02100931017344	-8729.736654585171	14.526595852063577	9.160716597013167	0.008965790730802203	5.342709403178524	1.0	0.6308491934184353	12.882914306562277	-348.84981485532074	0.2282660507939901	0.25	0.2515815645977776	0.27015238460823227
16000	-8880.355462824773	-8512.99930662633	-367.35615619844185	-8512.99930662633	16.009507287988328	8.125661194549645	0.008189880831227856	5.342709403178524	1.0	0.6308491934184353	12.187982643273928	-348.4742165267996	0.2282660507939901	0.25594454320280063	0.24563702139497695	0.27015238460823227
17000	-8834.12452452676	-8461.398876832265	-372.72564769449497	-8461.398876832265	16.04334921238713	8.96936388390193	0.008513384100070982	5.342709403178524	1.0	0.7602979946239672	11.367541564968326	-352.81246603646923	0.2282660507939901	0.25594454320280063	0.24563702139497695	0.27015238460823227
18000	-8677.674757106684	-8302.431423279631	-375.2433338270538	-8302.431423279631	16.02662269492251	9.395857057551359	0.008267515309410028	4.070301328246861	1.0	0.7602979946239672	12.21670822402833	-355.1851893539699	0.2282660507939901	0.25594454320280063	0.24563702139497695	0.27015238460823227
19000	-8588.218391689026	-8218.272739847485	-369.94565184154135	-8218.272739847485	15.881967524514852	9.406642621789516	0.007663415667862071	4.070301328246861	1.0	0.7602979946239672	12.00018858645867	-349.969672399283	0.2282660507939901	0.25594454320280063	0.24563702139497695	0.27015238460823227
20000	-8526.9055434515	-8156.199311679717	-370.70623177178237	-8156.199311679717	16.68203741576568	9.382266761467625	0.007418299542165213	4.874883834708254	1.0	1.012256528340244	11.612832983784507	-350.33300982526055	0.21788685432902782	0.25594454320280063	0.24887903718055485	0.2772895652876166
21000	-8255.749084233179	-7886.504267616276	-369.2448166169038	-7886.504267616276	16.68203741576568	9.626039919746276	0.0072815940948774095	4.874883834708254	1.0	1.012256528340244	11.902890093423597	-348.59870933877585	0.21788685432902782	0.25594454320280063	0.24716307616940003	0.27900552629877146
22000	-8168.725698640804	-7800.645876782942	-368.07982185786244	-7800.645876782942	21.047330457984337	8.838505830603205	0.0068461973395266195	4.874883834708254	1.0	1.012256528340244	13.235740024140753	-348.25371138419735	0.21788685432902782	0.25594454320280063	0.24716307616940003	0.27900552629877146
23000	-8129.977676638306	-7766.646607455091	-363.3310691832145	-7766.646607455091	20.646387140034385	9.904711096076666	0.007301353453070062	4.874883834708254	1.0	1.175069928438546	11.807960632390854	-342.2230837576409	0.21788685432902782	0.25594454320280063	0.24716307616940003	0.27900552629877146
24000	-8094.328969691511	-7733.870743908723	-360.45822578278745	-7733.870743908723	19.641752293232855	7.87293302839215	0.0074886143596428765	4.874883834708254	1.0	1.4787909438736107	11.73371591607963	-341.2658421076816	0.21788685432902782	0.25594454320280063	0.24716307616940003	0.27900552629877146
25000	-7982.084543909315	-7617.349997984823	-364.73454592449195	-7617.349997984823	19.022662975272976	9.076588478500247	0.0072129890193909285	4.874883834708254	1.0	1.4787909438736107	14.094852621896809	-344.0647110513152	0.21788685432902782	0.25594454320280063	0.24716307616940003	0.27900552629877146
26000	-7977.16535521466	-7612.14679794361	-365.01855727104964	-7612.14679794361	19.72410152631239	9.885022945777685	0.007091543648516957	4.17716775817153	1.0	1.4787909438736107	10.554693529396003	-343.97432332042314	0.21788685432902782	0.25594454320280063	0.24716307616940003	0.27900552629877146
27000	-7961.587228806656	-7601.646617824848	-359.94061098180754	-7601.646617824848	19.72410152631239	7.724178966015102	0.006612841550524619	4.17716775817153	1.0	1.4787909438736107	9.382625753892826	-341.4669495652212	0.21788685432902782	0.25594454320280063	0.24716307616940003	0.27900552629877146
28000	-7949.31591262931	-7590.984997913592	-358.33091471571834	-7590.984997913592	19.78359545464224	8.425376875210711	0.007187682669920252	4.17716775817153	1.0	1.4787909438736107	11.858296704133116	-338.76017043519437	0.21788685432902782	0.25594454320280063	0.24716307616940003	0.27900552629877146
29000	-7867.7131063105235	-7505.383634624313	-362.3294716862099	-7505.383634624313	19.276196708218972	8.680371876998457	0.006964729058187363	4.17716775817153	1.0	1.4787909438736107	12.404369956450767	-342.4634523154427	0.2113280977263149	0.26250329980551357	0.24062346223110131	0.28554514023707017
30000	-7810.530680649095	-7451.259909262488	-359.27077138660763	-7451.259909262488	20.19151354545792	7.551291114243106	0.006709535704779389	4.17716775817153	1.0	1.7852322285038753	11.554049046417347	-340.4612131107542	0.2113280977263149	0.26250329980551357	0.24062346223110131	0.28554514023707017
31000	-7784.568302135479	-7426.602206839169	-357.9660952963097	-7426.602206839169	19.645489514102028	7.53186849779419	0.007014903646583362	4.17716775817153	1.0	1.7852322285038753	11.774355725488006	-339.11479946548826	0.2113280977263149	0.26250329980551357	0.24062346223110131	0.28554514023707017
32000	-7759.217434664763	-7404.3582958342695	-354.8591388304934	-7404.3582958342695	20.440341969155288	6.931461635230316	0.0063330362990660265	4.17716775817153	1.0	1.7852322285038753	10.732805511542324	-336.8780617704586	0.2113280977263149	0.26250329980551357	0.2401397274247889	0.2860288750433826
33000	-7736.990247225942	-7384.83931747311	-352.1509297528315	-7384.83931747311	19.370588641953212	5.399430040657673	0.006458485232383778	4.17716775817153	1.0	1.739645437275853	11.09038525309133	-335.91985470968837	0.2113280977263149	0.26250329980551357	0.2401397274247889	0.2860288750433826
34000	-7710.841090705411	-7359.8589108456945	-350.98217985971723	-7359.8589108456945	19.227466668204656	7.491454795317505	0.006334644867257579	4.17716775817153	1.0	1.4471296840130936	10.224895816883912	-332.7575142804426	0.2113280977263149	0.26250329980551357	0.2401397274247889	0.2860288750433826
35000	-7697.202363541222	-7352.209834293219	-344.99252924800345	-7352.209834293219	19.40407032663768	6.990474477719561	0.0064177960361411	3.821505386152739	1.0	1.4471296840130936	10.439039997586063	-327.40827486918096	0.2113280977263149	0.26250329980551357	0.23578808004497123	0.2903805224232003
36000	-7626.297561150527	-7285.896187723409	-340.40137342711876	-7285.896187723409	18.729836497747044	7.304962742060073	0.0065204084320870034	3.821505386152739	1.0	1.4471296840130936	8.807445470033722	-322.61709545190774	0.2115942724327982	0.2630984072408915	0.23578808004497123	0.289519240281339
37000	-7626.423145595405	-7281.284767680243	-345.13837791516244	-7281.284767680243	18.729836497747044	6.819436540846742	0.006052009435830885	3.821505386152739	1.0	1.4471296840130936	10.900488228751879	-327.7629577143303	0.2115942724327982	0.2630984072408915	0.23578808004497123	0.289519240281339
38000	-7613.40986215832	-7271.507823034704	-341.90203912361494	-7271.507823034704	19.208256554983173	7.446394093269061	0.005977888267289933	3.821505386152739	1.0	1.4471296840130936	9.354315561172747	-323.9858088983488	0.2115942724327982	0.2630984072408915	0.23578808004497123	0.289519240281339
39000	-7579.609399809464	-7236.321187463756	-343.2882123457074	-7236.321187463756	18.261914832511657	9.555853053596408	0.00705614612745213	4.552786564711672	1.0	1.4471296840130936	9.48505072516896	-322.6350030932254	0.22115025416485867	0.2630984072408915	0.22623209831291077	0.289519240281339
40000	-7548.960955058164	-7209.456828787532	-339.5041262706316	-7209.456828787532	18.97383813719873	7.601333111958393	0.006414402472527316	4.3151785571132955	1.0	1.7393684014771282	10.916025816773619	-320.7445221543588	0.22115025416485867	0.2630984072408915	0.22623209831291077	0.289519240281339
41000	-7494.0701338375075	-7163.168240196726	-330.901893640781	-7163.168240196726	20.46077607443579	5.586360184983695	0.006338816410089978	4.3151785571132955	1.0	1.6993558245387599	9.589892854222096	-314.6158635071171	0.22115025416485867	0.2630984072408915	0.22623209831291077	0.289519240281339
42000	-7461.296433266169	-7129.019328807738	-332.27710445843053	-7129.019328807738	19.996210511880403	5.84590724815221	0.005127244721816011	4.3151785571132955	1.0	1.6993558245387599	8.895568172541756	-315.97808590818755	0.22115025416485867	0.2630984072408915	0.22623209831291077	0.289519240281339
43000	-7365.39944672605	-7032.883709335976	-332.515737390074	-7032.883709335976	20.842186867464445	6.609450302055172	0.006056345535853041	4.3151785571132955	1.0	1.6993558245387599	9.558237488677575	-315.10420825648833	0.22367043855746513	0.2630984072408915	0.22371191392030432	0.289519240281339
44000	-7337.545491266585	-7008.298105829993	-329.24738543659174	-7008.298105829993	22.128400307953697	6.1443870020441205	0.005732896765741335	4.3151785571132955	1.0	1.6993558245387599	9.201011546214914	-312.4596095222083	0.22130702081201598	0.2654618249863407	0.22371191392030432	0.289519240281339
45000	-7332.341810008684	-6998.1287323189845	-334.21307768969905	-6998.1287323189845	20.65637928790271	7.973311964463506	0.0059073031093446965	4.3151785571132955	1.0	1.6993558245387599	9.15605016341501	-315.3367774627301	0.22130702081201598	0.27076307383136866	0.21841066507527637	0.289519240281339
46000	-7323.252234226254	-6991.239181451091	-332.01305277516263	-6991.239181451091	19.50728264953548	7.401333153248044	0.006305413088786664	4.3151785571132955	1.0	1.6993558245387599	8.08155720288616	-313.83526640273897	0.22130702081201598	0.27076307383136866	0.21841066507527637	0.289519240281339
47000	-7319.699837052657	-6992.36175487751	-327.338082175147	-6992.36175487751	20.278044088159792	5.955670634653135	0.005790937749818949	4.3151785571132955	1.0	1.6993558245387599	8.551137834528486	-310.8302663882317	0.22130702081201598	0.27076307383136866	0.21841066507527637	0.289519240281339
48000	-7318.174395160673	-6983.066199088683	-335.1081960719904	-6983.066199088683	21.974943424625817	6.800030102101891	0.005759261643942198	4.3151785571132955	1.0	1.6993558245387599	8.398564654647593	-317.6601886624578	0.22130702081201598	0.27076307383136866	0.21841066507527637	0.289519240281339
49000	-7289.104707460818	-6954.093691994327	-335.01101546649124	-6954.093691994327	22.10022332448972	5.896047279390406	0.005680337292830132	4.3151785571132955	1.0	2.6761499478844137	10.430024238704748	-317.41575795604473	0.21012757257656142	0.27076307383136866	0.22959011331073093	0.289519240281339
50000	-7289.2060146816675	-6955.293225172612	-333.91278950905496	-6955.293225172612	19.050490086049354	7.264389726846897	0.005804526631305546	4.3151785571132955	1.0	2.6761499478844137	8.434184652423196	-314.95210968367087	0.21006283864513295	0.27082780776279713	0.2236226909751237	0.2954866626169462
51000	-7259.488895734909	-6926.69424152303	-332.7946542118797	-6926.69424152303	17.210076654224878	7.069638497645254	0.006059534378019224	4.3151785571132955	1.0	2.6761499478844137	7.363133979631048	-314.1459555322379	0.21006283864513295	0.27082780776279713	0.2236226909751237	0.2954866626169462
52000	-7242.3620188533905	-6916.334001283025	-326.0280175703654	-6916.334001283025	20.63370259923137	6.3887389249698785	0.005952663854908381	3.9790836463342516	1.0	3.316169872776956	8.568043893803315	-307.48056813447766	0.21006283864513295	0.2854188670563916	0.20903163168152925	0.2954866626169462
53000	-7191.834575110164	-6864.374865683124	-327.45970942704	-6864.374865683124	16.863084470377416	7.285129921976622	0.0065399809965174605	3.9790836463342516	1.0	3.316169872776956	7.3414255906422055	-307.95799459223394	0.21006283864513295	0.2854188670563916	0.18826828414377672	0.3162500101546988
54000	-7173.264248781959	-6848.244017643652	-325.02023113830734	-6848.244017643652	18.544914194049344	6.074099067482781	0.006612163503241877	3.9790836463342516	1.0	3.316169872776956	7.778060843469288	-306.824400635643	0.21006283864513295	0.2854188670563916	0.18826828414377672	0.3162500101546988
55000	-7108.927192092028	-6786.249814013289	-322.6773780787393	-6786.249814013289	18.176543942820558	5.615071557364433	0.00606698201659962	3.9790836463342516	1.0	3.316169872776956	8.146819409107897	-305.0511405163883	0.21006283864513295	0.2854188670563916	0.18826828414377672	0.3162500101546988
56000	-7040.304435433733	-6723.366463425305	-316.93797200842835	-6723.366463425305	17.788948587157236	7.997660594059072	0.007284130295296939	3.9790836463342516	1.0	3.316169872776956	7.367256848068332	-296.5282625759416	0.21006283864513295	0.2854188670563916	0.16774913420369084	0.3367691600947847
57000	-7043.249154038326	-6728.125388635365	-315.12376540296117	-6728.125388635365	18.44650440004124	6.271589876912203	0.006145458082320964	3.9790836463342516	1.0	3.316169872776956	7.599916939008316	-296.7981155770427	0.21006283864513295	0.2854188670563916	0.16774913420369084	0.3367691600947847
58000	-7023.957994119099	-6705.989131748895	-317.96886237020453	-6705.989131748895	17.683189966635002	7.865662987795729	0.006344856012659971	3.9790836463342516	1.0	3.2082551903325007	6.617879686655706	-298.05961629618315	0.21006283864513295	0.2854188670563916	0.16774913420369084	0.3367691600947847
59000	-7007.822396678628	-6685.891513738747	-321.93088293988166	-6685.891513738747	17.530634966064877	7.848261198385679	0.006704840300237856	3.8359628722320767	1.0	3.094427957300964	6.549020189697297	-302.1551844804593	0.21006283864513295	0.2854188670563916	0.16774913420369084	0.3367691600947847
60000	-6938.922305377566	-6625.792723475034	-313.1295819025315	-6625.792723475034	17.60629607425756	8.607706032456063	0.0072181846154514345	3.8359628722320767	1.0	3.094427957300964	7.185952882269393	-292.34457840279026	0.21006283864513295	0.2854188670563916	0.16774913420369084	0.3367691600947847
61000	-6942.488410227261	-6628.479429104596	-314.00898112266395	-6628.479429104596	17.60629607425756	8.50812622159232	0.007422756217259423	3.8359628722320767	1.0	3.094427957300964	7.335804599660228	-293.2853791744557	0.21006283864513295	0.2854188670563916	0.16774913420369084	0.3367691600947847
62000	-6933.192008555659	-6621.337820406523	-311.8541881491365	-6621.337820406523	17.61833562505349	9.143362833542577	0.007026520238982128	3.8359628722320767	1.0	3.094427957300964	6.418379690077923	-290.61912591964324	0.21006283864513295	0.2854188670563916	0.16774913420369084	0.3367691600947847
63000	-6933.755116998484	-6619.086628253873	-314.6684887446105	-6619.086628253873	20.14041728347767	9.494314116079828	0.0068766078442637196	3.8359628722320767	1.0	3.094427957300964	7.027798333538098	-292.9794772754399	0.21006283864513295	0.2854188670563916	0.16774913420369084	0.3367691600947847
64000	-6925.940178327526	-6613.821621537185	-312.11855679034153	-6613.821621537185	19.465453654159447	9.038197879750669	0.0070299049024452435	3.8359628722320767	1.0	3.094427957300964	7.430137656486076	-290.85220986490253	0.21006283864513295	0.2854188670563916	0.1600783695715392	0.3444399247269363
65000	-6924.234422750796	-6605.827957617364	-318.4064651334318	-6605.827957617364	19.178675523400628	9.776808282375269	0.006715537936740923	3.8359628722320767	1.0	3.094427957300964	8.35092892023809	-296.25981632614423	0.21006283864513295	0.2854188670563916	0.1600783695715392	0.3444399247269363
66000	-6919.02855295892	-6603.497098227286	-315.53145473163363	-6603.497098227286	18.631399486665124	8.694114841975946	0.006601789214099121	3.8359628722320767	1.0	3.192024982842609	7.591033653265598	-294.58804897890985	0.21006283864513295	0.2854188670563916	0.1600783695715392	0.3444399247269363
67000	-6932.1008136452665	-6616.537156068666	-315.5636575765999	-6616.537156068666	19.98982472249075	9.459622534830913	0.007337119516258771	3.8359628722320767	1.0	3.192024982842609	6.0736052545850505	-293.8959990728981	0.21006283864513295	0.2854188670563916	0.1600783695715392	0.3444399247269363
68000	-6924.583913092914	-6615.837691986272	-308.74622110664205	-6615.837691986272	19.154484577316044	8.486972004205391	0.0075935942150295675	3.8359628722320767	1.0	3.192024982842609	5.469534103510561	-288.2191788703042	0.21006283864513295	0.2854188670563916	0.1600783695715392	0.3444399247269363
69000	-6928.120419970002	-6622.82508281874	-305.29533715126223	-6622.82508281874	19.881163352688144	6.491397020820882	0.006323169295035009	3.8359628722320767	1.0	3.192024982842609	6.675183304327234	-286.98935521323466	0.21006283864513295	0.2854188670563916	0.1600783695715392	0.3444399247269363
70000	-6919.30337230525	-6609.930589894004	-309.37278241124625	-6609.930589894004	19.96269299732192	7.983620455544453	0.00741195249152339	3.8359628722320767	1.0	4.141746223182312	6.2389754684485235	-288.3470459089571	0.20888673518008585	0.2854188670563916	0.1600783695715392	0.3456160281919834
71000	-6900.143062999248	-6592.148012554477	-307.9950504447712	-6592.148012554477	18.59038239382681	7.662007747848054	0.007335043119429998	3.8359628722320767	1.0	4.141746223182312	5.231939476283494	-287.51442209816645	0.20888673518008585	0.2854188670563916	0.1600783695715392	0.3456160281919834
72000	-6903.352513264993	-6595.575403082232	-307.77711018276113	-6595.575403082232	18.245240957666546	7.547459861316068	0.007256526153950989	3.8359628722320767	1.0	3.6253515418300664	6.751201012287327	-287.69682950073525	0.20281483376587178	0.2854188670563916	0.1600783695715392	0.35168792960619744
73000	-6901.050427272029	-6596.232174995634	-304.8182522763954	-6596.232174995634	17.43091999723232	9.49597141061644	0.007771444204049338	3.8359628722320767	1.0	2.6399480720293083	6.097672023024271	-283.60125900763205	0.20281483376587178	0.2854188670563916	0.1600783695715392	0.35168792960619744
74000	-6918.706789902058	-6610.038720384911	-308.6680695171465	-6610.038720384911	19.16194821197677	9.303400010847662	0.0072167244542674334	3.8359628722320767	1.0	2.6399480720293083	5.016674304606147	-287.9314657231469	0.20281483376587178	0.2854188670563916	0.1600783695715392	0.35168792960619744
75000	-6916.959473429522	-6608.8485519442875	-308.1109214852353	-6608.8485519442875	17.37052549859525	9.157169291508506	0.00740733932617945	3.3464756171737866	1.0	2.6399480720293083	7.036650182234109	-287.3309522355407	0.20281483376587178	0.2854188670563916	0.1600783695715392	0.35168792960619744
76000	-6915.332746674044	-6608.335440973949	-306.99730570009564	-6608.335440973949	17.388978579042	9.110253876593223	0.007484486334182113	3.3464756171737866	1.0	2.6399480720293083	7.372621352602998	-286.21184722310073	0.20281483376587178	0.2854188670563916	0.1600783695715392	0.35168792960619744
77000	-6919.23467385989	-6609.850652908705	-309.3840209511844	-6609.850652908705	18.701614842717785	7.9137104276535295	0.0064494420937026625	3.3464756171737866	1.0	3.483225231191107	6.4838394508840675	-289.3561422966609	0.20281483376587178	0.2854188670563916	0.1600783695715392	0.35168792960619744
78000	-6904.660513360653	-6593.797567846685	-310.8629455139677	-6593.797567846685	17.72920565466794	9.161902620725051	0.007179238524836226	3.3464756171737866	1.0	3.483225231191107	6.023340672089824	-289.4213405814459	0.20281483376587178	0.2854188670563916	0.1600783695715392	0.35168792960619744
79000	-6899.095662454109	-6589.682803758695	-309.41285869541355	-6589.682803758695	18.854031297724983	9.41339602855744	0.006682459752790898	3.3464756171737866	1.0	3.483225231191107	5.808227449981293	-287.8036004445337	0.19940445690044628	0.2888292439218171	0.1600783695715392	0.35168792960619744
80000	-6875.280738133941	-6569.88629600254	-305.39444213140115	-6569.88629600254	18.762500311870234	9.05368094820432	0.007405705708766285	3.3464756171737866	1.0	3.483225231191107	6.171523176894252	-284.0163208390086	0.19851159703346236	0.2888292439218171	0.15500715336631157	0.357652005678409
81000	-6877.933164015539	-6573.235077528783	-304.6980864867555	-6573.235077528783	18.194118682938317	8.217023554175423	0.0064713128301210916	3.3464756171737866	1.0	3.483225231191107	6.271987327385854	-284.3628738099433	0.19851159703346236	0.2888292439218171	0.15500715336631157	0.357652005678409
82000	-6878.559835368003	-6579.386907719758	-299.17292764824515	-6579.386907719758	17.435612361114966	7.450658393839784	0.006854066400030814	3.3464756171737866	1.0	3.483225231191107	5.74072880469458	-279.72314374945995	0.19851159703346236	0.2888292439218171	0.15500715336631157	0.357652005678409
83000	-6869.707524082573	-6566.593119796913	-303.1144042856606	-6566.593119796913	19.427094887588474	7.300798916207156	0.006783875161654845	3.3464756171737866	1.0	5.083664071495721	6.230966275349751	-282.1606948713715	0.19851159703346236	0.2888292439218171	0.15500715336631157	0.357652005678409
84000	-6800.442070731377	-6500.056619638044	-300.38545109333234	-6500.056619638044	19.052394368417676	5.958197246802316	0.006524736519573356	3.3464756171737866	1.0	5.083664071495721	6.336329963872711	-280.9794816025314	0.19851159703346236	0.2888292439218171	0.15500715336631157	0.357652005678409
85000	-6787.292577712045	-6484.781666120925	-302.51091159112013	-6484.781666120925	17.46815420348842	5.601848317513436	0.0059483617275513006	3.3464756171737866	1.0	5.083664071495721	6.421798694285122	-283.5959954171119	0.19851159703346236	0.2888292439218171	0.15500715336631157	0.357652005678409
86000	-6776.18610262428	-6469.630951438449	-306.55515118582986	-6469.630951438449	18.428296810162806	5.873788147631225	0.006191744801108551	3.3464756171737866	1.0	5.083664071495721	5.543466778451247	-287.4325665467759	0.19851159703346236	0.2888292439218171	0.15500715336631157	0.357652005678409
87000	-6776.846423297803	-6474.466503695512	-302.37991960229084	-6474.466503695512	18.530106884604844	4.617431294806062	0.005407379593641629	3.3464756171737866	1.0	5.083664071495721	6.104014157619485	-284.76951978387206	0.19851159703346236	0.2888292439218171	0.15500715336631157	0.357652005678409
88000	-6766.473805397741	-6459.516299495542	-306.95750590219876	-6459.516299495542	17.48731031605667	5.348385014806536	0.00559692224189219	3.3464756171737866	1.0	5.083664071495721	7.08591760691983	-288.30025959620843	0.19851159703346236	0.2888292439218171	0.15500715336631157	0.357652005678409
89000	-6763.559697434239	-6456.012400660686	-307.5472967735527	-6456.012400660686	18.14129283940468	6.414056712227286	0.005130904569098364	3.3464756171737866	1.0	5.083664071495721	6.496599810056466	-287.83464786763363	0.19851159703346236	0.2888292439218171	0.15500715336631157	0.357652005678409
90000	-6769.470714714202	-6458.752124943622	-310.7185897705792	-6458.752124943622	18.854670918258055	6.92745457151756	0.005474260590933133	3.3464756171737866	1.0	5.083664071495721	6.865051377814655	-290.3032832472607	0.19851159703346236	0.2888292439218171	0.15500715336631157	0.357652005678409
91000	-6772.0301363389435	-6454.517730507267	-317.5124058316769	-6454.517730507267	19.154542517436266	7.924287513374983	0.005294725554241332	3.3464756171737866	1.0	5.083664071495721	7.313981148847816	-295.9492850453842	0.19851159703346236	0.2888292439218171	0.15500715336631157	0.357652005678409
92000	-6758.112910064985	-6444.627056797077	-313.4858532679086	-6444.627056797077	22.041540749038084	7.013686651195632	0.005092867410085244	3.3464756171737866	1.0	5.083664071495721	7.735198210894283	-292.92607965996814	0.19851159703346236	0.28311559388912927	0.15500715336631157	0.3633656557110968
93000	-6753.173448857802	-6443.542180523788	-309.63126833401395	-6443.542180523788	20.567507314624294	7.731021803933346	0.004995394553221064	3.3464756171737866	1.0	4.767731619000198	6.710845937945289	-288.7438337771985	0.19851159703346236	0.28311559388912927	0.15500715336631157	0.3633656557110968
94000	-6738.158702376931	-6429.493287459523	-308.66541491740776	-6429.493287459523	22.487819313280156	8.921023820133104	0.005143231666436532	3.3464756171737866	1.0	4.767731619000198	7.2224505462756365	-286.35648911963415	0.19851159703346236	0.28311559388912927	0.15500715336631157	0.3633656557110968
95000	-6737.7323266132	-6429.993914515179	-307.7384120980203	-6429.993914515179	23.593749274583878	8.22616127587507	0.005115115358342229	3.3464756171737866	1.0	5.7037460067406345	7.185120137029901	-285.27198100821806	0.19851159703346236	0.28311559388912927	0.15500715336631157	0.3633656557110968
96000	-6740.071497800537	-6429.381051127211	-310.6904466733261	-6429.381051127211	24.027949394301306	8.22616127587507	0.005183903670133597	3.3464756171737866	1.0	3.1753917622727115	6.382297465642065	-290.8574935102327	0.19851159703346236	0.28311559388912927	0.15500715336631157	0.3633656557110968
97000	-6746.028474569524	-6434.372675731192	-311.65579883833215	-6434.372675731192	22.01189974977648	8.22616127587507	0.005104435779156699	3.3464756171737866	1.0	2.8599280333685693	5.906425694589213	-292.2312473619802	0.19851159703346236	0.25991383817469593	0.15500715336631157	0.38656741142553014
98000	-6755.956792525258	-6445.534745356036	-310.4220471692215	-6445.534745356036	20.82026994181401	8.587536182573785	0.005684676244417481	3.3464756171737866	1.0	2.8599280333685693	7.17358264493935	-290.2953571143774	0.19851159703346236	0.25201256447631765	0.15500715336631157	0.3944686851239084
99000	-6764.406667740342	-6456.174395712229	-308.23227202811245	-6456.174395712229	20.084218067294927	8.031031356924434	0.005389563411341183	3.3464756171737866	1.0	2.8599280333685693	7.021573174242018	-288.797142088839	0.19851159703346236	0.25201256447631765	0.15500715336631157	0.3944686851239084
100000	-6749.21797827683	-6447.297071043108	-301.92090723372166	-6447.297071043108	17.780517236229517	8.734520232964298	0.005779687894971269	3.3464756171737866	1.0	2.8599280333685693	6.11077513358145	-281.775723028343	0.19851159703346236	0.25201256447631765	0.15500715336631157	0.3944686851239084
