#
#model:
#
#<?xml version="1.0" encoding="UTF-8" standalone="no"?><input id="posterior" spec="beast.core.util.CompoundDistribution">
#    <distribution id="prior" spec="beast.core.util.CompoundDistribution">
#        <distribution id="CoalescentConstant.t:1" spec="beast.evolution.tree.coalescent.Coalescent">
#            <populationModel id="ConstantPopulation.t:1" spec="beast.evolution.tree.coalescent.ConstantPopulation">
#                <parameter id="popSize.t:1" name="popSize" spec="beast.core.parameter.RealParameter">0.3</parameter>
#            </populationModel>
#            <treeIntervals id="TreeIntervals.t:1" spec="beast.evolution.tree.coalescent.TreeIntervals">
#                <tree id="Tree.t:1" spec="beast.evolution.tree.Tree">
#                    <trait id="dateTrait.t:1" spec="beast.evolution.tree.TraitSet" traitname="date" value="2_2000.1=2000.1,17_2001.6=2001.6,18_2001.7=2001.7,21_2002=2002,24_2002.3=2002.3,26_2002.5=2002.5,5_2000.4=2000.4,7_2000.6=2000.6,4_2000.3=2000.3,13_2001.2=2001.2,15_2001.4=2001.4,16_2001.5=2001.5,1_2000=2000,8_2000.7=2000.7,3_2000.2=2000.2,12_2001.1=2001.1,22_2002.1=2002.1,32_2003.1=2003.1,28_2002.7=2002.7,43_2004.2=2004.2,46_2004.5=2004.5,55_2005.4=2005.4,63_2006.2=2006.2,65_2006.4=2006.4,66_2006.5=2006.5,67_2006.6=2006.6,23_2002.2=2002.2,10_2000.9=2000.9,14_2001.3=2001.3,33_2003.2=2003.2,39_2003.8=2003.8,34_2003.3=2003.3,44_2004.3=2004.3,48_2004.7=2004.7,53_2005.2=2005.2,52_2005.1=2005.1,58_2005.7=2005.7,9_2000.8=2000.8,6_2000.5=2000.5,11_2001=2001,25_2002.4=2002.4,20_2001.9=2001.9,47_2004.6=2004.6,36_2003.5=2003.5,45_2004.4=2004.4,50_2004.9=2004.9,42_2004.1=2004.1,51_2005=2005,35_2003.4=2003.4,37_2003.6=2003.6,57_2005.6=2005.6,59_2005.8=2005.8,61_2006=2006,62_2006.1=2006.1,41_2004=2004,40_2003.9=2003.9,49_2004.8=2004.8,74_2007.3=2007.3,77_2007.6=2007.6,68_2006.7=2006.7,70_2006.9=2006.9,81_2008=2008,19_2001.8=2001.8,27_2002.6=2002.6,29_2002.8=2002.8,30_2002.9=2002.9,31_2003=2003,38_2003.7=2003.7,56_2005.5=2005.5,69_2006.8=2006.8,82_2008.1=2008.1,80_2007.9=2007.9,83_2008.2=2008.2,87_2008.6=2008.6,71_2007=2007,75_2007.4=2007.4,72_2007.1=2007.1,91_2009=2009,88_2008.7=2008.7,94_2009.3=2009.3,98_2009.7=2009.7,79_2007.8=2007.8,84_2008.3=2008.3,78_2007.7=2007.7,76_2007.5=2007.5,89_2008.8=2008.8,93_2009.2=2009.2,96_2009.5=2009.5,97_2009.6=2009.6,95_2009.4=2009.4,100_2009.9=2009.9,54_2005.3=2005.3,60_2005.9=2005.9,64_2006.3=2006.3,73_2007.2=2007.2,86_2008.5=2008.5,85_2008.4=2008.4,90_2008.9=2008.9,99_2009.8=2009.8,92_2009.1=2009.1,101_2010=2010">
#                        <taxa id="TaxonSet.1" spec="beast.evolution.alignment.TaxonSet">
#                        </taxa>
#                    </trait>
#                    <taxonset idref="TaxonSet.1"/>
#                </tree>
#            </treeIntervals>
#        </distribution>
#        <prior id="rateOmega.prior" name="distribution">
#            <parameter id="rateOmega" lower="0.1" name="x" spec="beast.core.parameter.RealParameter" upper="10.0">0.5</parameter>
#            <Gamma id="Gamma.0" name="distr">
#                <parameter estimate="false" id="rateOmega.alpha" name="alpha" spec="beast.core.parameter.RealParameter">0.1</parameter>
#                <parameter estimate="false" id="rateOmega.beta" name="beta" spec="beast.core.parameter.RealParameter">1.0</parameter>
#            </Gamma>
#        </prior>
#        <prior id="rateMean.prior" name="distribution">
#            <parameter id="rateMean" lower="1.0E-4" name="x" spec="beast.core.parameter.RealParameter" upper="10.0">0.005</parameter>
#            <Gamma id="Gamma.1" name="distr">
#                <parameter estimate="false" id="rateMean.alpha" name="alpha" spec="beast.core.parameter.RealParameter">0.005</parameter>
#                <parameter estimate="false" id="rateMean.beta" name="beta" spec="beast.core.parameter.RealParameter">1.0</parameter>
#            </Gamma>
#        </prior>
#        <prior id="FrequenciesPrior.s:1" name="distribution">
#            <parameter dimension="4" id="freqParameter.s:1" lower="0.0" name="x" spec="beast.core.parameter.RealParameter" upper="1.0">0.25</parameter>
#            <Uniform id="Uniform.3" name="distr"/>
#        </prior>
#        <prior id="GammaShapePrior.s:1" name="distribution">
#            <parameter id="gammaShape.s:1" name="x" spec="beast.core.parameter.RealParameter">1.0</parameter>
#            <Exponential id="Exponential.0" name="distr">
#                <parameter estimate="false" id="RealParameter.0" name="mean" spec="beast.core.parameter.RealParameter">1.0</parameter>
#            </Exponential>
#        </prior>
#        <prior id="KappaPrior.s:1" name="distribution">
#            <parameter id="kappa.s:1" lower="0.0" name="x" spec="beast.core.parameter.RealParameter">2.0</parameter>
#            <LogNormal id="LogNormalDistributionModel.0" name="distr">
#                <parameter estimate="false" id="RealParameter.1" name="M" spec="beast.core.parameter.RealParameter">1.0</parameter>
#                <parameter estimate="false" id="RealParameter.2" name="S" spec="beast.core.parameter.RealParameter">1.25</parameter>
#            </LogNormal>
#        </prior>
#        <prior id="PopSizePrior.t:1" name="distribution" x="@popSize.t:1">
#            <OneOnX id="OneOnX.1" name="distr"/>
#        </prior>
#    </distribution>
#    <distribution id="likelihood" spec="beast.core.util.CompoundDistribution" useThreads="true">
#        <distribution data="@1" id="treeLikelihood.1" spec="beast.evolution.likelihood.ThreadedTreeLikelihood" tree="@Tree.t:1">
#            <siteModel gammaCategoryCount="4" id="SiteModel.s:1" shape="@gammaShape.s:1" spec="beast.evolution.sitemodel.SiteModel">
#                <parameter id="mutationRate.s:1" name="mutationRate" spec="beast.core.parameter.RealParameter">1.0</parameter>
#                <parameter estimate="false" id="proportionInvariant.s:1" lower="0.0" name="proportionInvariant" spec="beast.core.parameter.RealParameter" upper="1.0">0.0</parameter>
#                <substModel id="hky.s:1" kappa="@kappa.s:1" spec="beast.evolution.substitutionmodel.HKY">
#                    <frequencies frequencies="@freqParameter.s:1" id="estimatedFreqs.s:1" spec="beast.evolution.substitutionmodel.Frequencies"/>
#                </substModel>
#            </siteModel>
#            <branchRateModel id="branchRates" numSites="1000" numberOfDiscreteRates="12" rateMean="@rateMean" rateOmega="@rateOmega" spec="beast.evolution.branchratemodel.ARClockModel" tree="@Tree.t:1">
#                <rateCategories dimension="200" id="rateCategories" spec="beast.core.parameter.IntegerParameter">1</rateCategories>
#            </branchRateModel>
#        </distribution>
#    </distribution>
#</input>
#
Sample	posterior	likelihood	prior	treeLikelihood	TreeHeight	rateOmega	rateMean	kappa	mutationRate	gammaShape	popSize	CoalescentConstant	freqParameter.1	freqParameter.2	freqParameter.3	freqParameter.4
0	-27184.1847730133	-26950.151566842942	-234.03320617036022	-26950.151566842942	10.751582664363609	0.5	0.005	2.0	1.0	1.0	0.3	-230.21431273121476	0.25	0.25	0.25	0.25
1000	-16432.803013548397	-16034.70982596118	-398.0931875872186	-16034.70982596118	12.984306738029794	0.11885903555613961	0.020482903319792207	3.1940361545973053	1.0	1.0	4.195373571041848	-391.4455664633245	0.25	0.25	0.25	0.25
2000	-14053.908616203866	-13701.581468940856	-352.32714726300867	-13701.581468940856	12.96258784071597	1.4021878420942222	0.02197447411002418	3.1940361545973053	1.0	1.0	12.641843027376547	-341.00067071668155	0.24781943583948512	0.25	0.2521805641605149	0.25
3000	-12632.962777350465	-12267.550866916186	-365.41191043427966	-12267.550866916186	12.96258784071597	4.134031171135585	0.01881901874813327	5.728483485121587	1.0	1.0	11.591240280284467	-349.8709853350042	0.24781943583948512	0.25	0.2521805641605149	0.25
4000	-11751.24575690903	-11377.831711871095	-373.41404503793365	-11377.831711871095	12.774404575497398	5.729852943074397	0.015141887648738864	5.728483485121587	1.0	1.0	14.649099082810368	-355.969369005594	0.24240797919951715	0.25	0.2521805641605149	0.25541145663996795
5000	-11139.163610243391	-10757.03886220699	-382.12474803640174	-10757.03886220699	13.605855922676332	6.4452543656604355	0.0149812298541321	5.728483485121587	1.0	1.0	12.845822066792365	-364.00091614736823	0.24240797919951715	0.25	0.24963663799849822	0.2579553828019846
6000	-10676.764326172424	-10290.681863037527	-386.0824631348964	-10290.681863037527	14.115618955196132	7.011255784882308	0.013132919545400386	5.728483485121587	1.0	1.0	14.472056864503893	-367.3305393090554	0.24240797919951715	0.25	0.24963663799849822	0.2579553828019846
7000	-10430.738444654868	-10040.12526858401	-390.61317607085715	-10040.12526858401	13.632667169148506	7.333521634623214	0.01302676273969081	5.728483485121587	1.0	1.0	19.68100207375563	-371.19928883366526	0.24113805642551817	0.25	0.24963663799849822	0.2592253055759836
8000	-10190.965147867108	-9809.985771141863	-380.97937672524466	-9809.985771141863	13.653429040593384	5.970312886421536	0.01118563447299408	5.728483485121587	1.0	1.0	12.148674320543037	-363.74967769114016	0.23687497669225932	0.25801308007382306	0.23742773349199084	0.2676842097419268
9000	-10009.940034040683	-9635.437467583572	-374.50256645711187	-9635.437467583572	13.653429040593384	4.055767444294041	0.010703292264405103	5.728483485121587	1.0	1.0	12.201660059270997	-359.5753952570887	0.23687497669225932	0.25801308007382306	0.2327052423530172	0.2724067008809004
10000	-9746.169111027151	-9371.122211372	-375.0468996551516	-9371.122211372	13.314899506827993	3.1521942952867303	0.010002046519856865	5.728483485121587	1.0	1.0	11.849025813941607	-361.34758906323924	0.23687497669225932	0.25801308007382306	0.2327052423530172	0.2724067008809004
11000	-9518.809065610778	-9138.423985817246	-380.3850797935328	-9138.423985817246	13.63215925144056	2.8173798987247296	0.009325858388508487	5.728483485121587	1.0	1.0	14.281110645826628	-367.0052787529109	0.23687497669225932	0.25801308007382306	0.2327052423530172	0.2724067008809004
12000	-9340.194052202642	-8964.925948760845	-375.2681034417958	-8964.925948760845	13.357184526063522	2.9165163406399657	0.008331033009599849	3.851300062896933	1.0	1.0	14.380184437249284	-362.4003808607059	0.23687497669225932	0.25801308007382306	0.2327052423530172	0.2724067008809004
13000	-8997.870783388504	-8630.876363455354	-366.99441993314923	-8630.876363455354	12.490844965580493	2.051151851011546	0.008203772805837964	3.851300062896933	1.0	0.6213873389545772	11.209646712645966	-355.9519840863556	0.23687497669225932	0.25801308007382306	0.2327052423530172	0.2724067008809004
14000	-8914.140493419982	-8548.854380131068	-365.2861132889147	-8548.854380131068	12.82564793867364	2.193229549094787	0.0077227227317277335	4.170750368348007	1.0	0.6213873389545772	11.495271122076273	-353.9772829908302	0.23687497669225932	0.25801308007382306	0.2327052423530172	0.2724067008809004
15000	-8638.785754742283	-8273.630467708272	-365.15528703401117	-8273.630467708272	13.154401697380584	2.356878926630493	0.006856821269110275	4.361802298122906	1.0	0.6213873389545772	12.390206295851659	-353.6045614772372	0.23687497669225932	0.25801308007382306	0.2327052423530172	0.2724067008809004
16000	-8445.051452246811	-8090.894208421692	-354.1572438251196	-8090.894208421692	13.819279994274952	2.077445000372327	0.0068427438498026415	4.361802298122906	1.0	0.6213873389545772	12.483904602071298	-342.99405685625476	0.2281174049725752	0.25801308007382306	0.24146281407270132	0.2724067008809004
17000	-8332.140878378857	-7974.23250110254	-357.9083772763181	-7974.23250110254	13.906384743807116	3.009034210016222	0.0071608409901279665	4.361802298122906	1.0	0.6213873389545772	10.72581513965889	-345.58642592497125	0.2281174049725752	0.26341373297175913	0.23606216117476525	0.2724067008809004
18000	-8290.89988857003	-7933.992733728296	-356.907154841733	-7933.992733728296	13.906384743807116	3.0922721083189666	0.006966774001010649	4.361802298122906	1.0	0.6213873389545772	12.081181769204347	-344.3859436187778	0.2281174049725752	0.26341373297175913	0.23606216117476525	0.2724067008809004
19000	-8253.218434953782	-7899.190873643077	-354.02756131070464	-7899.190873643077	13.936627704880006	2.628440004022382	0.006966774001010649	4.361802298122906	1.0	0.6213873389545772	13.6872143550832	-341.9916331235179	0.2281174049725752	0.26341373297175913	0.23606216117476525	0.2724067008809004
20000	-8162.465206374598	-7802.462293011239	-360.0029133633592	-7802.462293011239	13.936627704880006	3.421759093922033	0.007235466241744355	4.361802298122906	1.0	0.8273116527103812	12.427904664650356	-346.78894975506176	0.22615600685709444	0.26341373297175913	0.23802355929024602	0.2724067008809004
21000	-8144.128289728887	-7784.065661246076	-360.0626284828106	-7784.065661246076	13.293805881825303	2.7554093310739924	0.0068138614329135054	4.361802298122906	1.0	1.520263173799803	11.771031053046801	-347.1314530503417	0.22615600685709444	0.26341373297175913	0.23802355929024602	0.2724067008809004
22000	-8106.23397690314	-7747.60408671947	-358.6298901836699	-7747.60408671947	13.771928958642564	3.0517622003913485	0.006790045785486983	4.361802298122906	1.0	1.7162003389671991	11.446761821873894	-345.1459290956986	0.22615600685709444	0.26341373297175913	0.23802355929024602	0.2724067008809004
23000	-8030.0517263117035	-7672.321586283075	-357.730140028629	-7672.321586283075	13.771928958642564	1.767733768737222	0.006507694474440937	4.361802298122906	1.0	1.8889857084624029	11.724320426077616	-345.8674247031954	0.21951823930866637	0.27005150052018717	0.23802355929024602	0.2724067008809004
24000	-7982.123720357551	-7629.300357300565	-352.82336305698556	-7629.300357300565	13.550894616293604	2.6975671919463466	0.006391508277583312	4.361802298122906	1.0	1.8889857084624029	9.621650089138878	-339.86611819894887	0.21951823930866637	0.27005150052018717	0.23802355929024602	0.2724067008809004
25000	-7901.858109549113	-7551.464036126603	-350.3940734225101	-7551.464036126603	13.61876259259407	2.3322134796771063	0.006474023179997344	4.361802298122906	1.0	1.8889857084624029	10.285233317737994	-337.85362227670976	0.21951823930866637	0.2707044850975171	0.23802355929024602	0.2717537163035705
26000	-7893.210118265585	-7547.712195189243	-345.4979230763419	-7547.712195189243	13.579838272970486	2.542534519282824	0.006979185395726006	3.7924208123300143	1.0	1.8889857084624029	9.730546277391742	-332.82557076260764	0.21951823930866637	0.2707044850975171	0.23802355929024602	0.2717537163035705
27000	-7861.623426486956	-7517.711735487021	-343.91169099993607	-7517.711735487021	14.343134292149312	2.7341870514082514	0.0064438451256977215	3.7924208123300143	1.0	1.8889857084624029	10.80549412064724	-330.9574390981303	0.21951823930866637	0.2707044850975171	0.23802355929024602	0.2717537163035705
28000	-7841.530442951128	-7498.456709593979	-343.0737333571486	-7498.456709593979	14.19664533447475	2.3472578052213833	0.0062667415868697335	3.7924208123300143	1.0	1.8889857084624029	10.730851110969393	-330.678576958339	0.21951823930866637	0.2707044850975171	0.23802355929024602	0.2717537163035705
29000	-7836.605414653426	-7492.80572620184	-343.79968845158646	-7492.80572620184	14.778883338974884	2.473139005377532	0.006122216416569013	3.7924208123300143	1.0	1.8889857084624029	8.250044006305544	-331.5178990050513	0.21951823930866637	0.2707044850975171	0.23802355929024602	0.2717537163035705
30000	-7833.856223305394	-7497.659092832783	-336.1971304726114	-7497.659092832783	13.971929246614838	2.0980399897550956	0.006238151909592642	3.7924208123300143	1.0	2.122409072261861	8.972848719933488	-324.10228625032084	0.21951823930866637	0.2707044850975171	0.23802355929024602	0.2717537163035705
31000	-7827.926744661519	-7493.265082520674	-334.6616621408448	-7493.265082520674	13.956932203591265	2.268904483299004	0.006772362025193353	3.7924208123300143	1.0	2.9917947757844323	8.402221495592686	-321.4395212793428	0.21951823930866637	0.2707044850975171	0.23802355929024602	0.2717537163035705
32000	-7790.551858474622	-7459.307383095403	-331.24447537921935	-7459.307383095403	13.956932203591265	2.236610332731288	0.006066184913553169	3.7924208123300143	1.0	3.0877597786094513	9.236371784595924	-317.9871883318695	0.21951823930866637	0.2707044850975171	0.23802355929024602	0.2717537163035705
33000	-7781.003871310988	-7451.027430625803	-329.9764406851845	-7451.027430625803	13.956932203591265	2.9240557156192786	0.006561783734114668	3.7924208123300143	1.0	3.0877597786094513	7.84802159882168	-315.8747512961355	0.21951823930866637	0.2707044850975171	0.23802355929024602	0.2717537163035705
34000	-7737.048672119524	-7411.514976647622	-325.533695471902	-7411.514976647622	13.956932203591265	2.8739078322585363	0.006982057065267758	3.5594686721204396	1.0	2.568562959429583	7.74521325936564	-312.04353310848853	0.21951823930866637	0.2707044850975171	0.23266270141191125	0.27711457418190527
35000	-7714.851396314488	-7386.249693618773	-328.60170269571523	-7386.249693618773	13.541176930352655	2.078226076875755	0.006682499057325368	3.5594686721204396	1.0	2.232577570827661	8.06012509867692	-316.5390274935941	0.21481572502184804	0.2707044850975171	0.2373652156987296	0.27711457418190527
36000	-7651.799216903614	-7331.731714434654	-320.06750246895984	-7331.731714434654	13.701135761028514	2.6505344848828623	0.006825971085379812	3.5594686721204396	1.0	2.7089646745644185	8.611356577358405	-306.6497771554895	0.20857657372038008	0.2707044850975171	0.24360436700019755	0.27711457418190527
37000	-7632.174906067832	-7316.754029515778	-315.4208765520548	-7316.754029515778	14.179539352896297	2.3478027022122863	0.006779538083058164	3.5594686721204396	1.0	2.7089646745644185	6.199026852320292	-302.7505638117027	0.20857657372038008	0.2707044850975171	0.24360436700019755	0.27711457418190527
38000	-7623.236156374399	-7309.170882169054	-314.065274205345	-7309.170882169054	14.450727845040094	2.4769842704362617	0.007123844831680869	3.319356464858863	1.0	3.255786172501914	7.197026060665618	-300.5521724000821	0.20857657372038008	0.2707044850975171	0.24360436700019755	0.27711457418190527
39000	-7589.497273781991	-7274.536968228126	-314.960305553865	-7274.536968228126	14.575037994711233	2.0116351423680796	0.006416953759920915	4.738281636949544	1.0	2.8096124049966944	8.781363166768472	-302.0097951739784	0.20380795259143125	0.27566701716577474	0.24360436700019755	0.27692066324259645
40000	-7605.337736299557	-7292.496460921692	-312.8412753778644	-7292.496460921692	15.406779595538502	1.719937638427751	0.006311157703420147	4.738281636949544	1.0	2.8096124049966944	6.033446339784073	-300.7154167074022	0.20380795259143125	0.27566701716577474	0.24360436700019755	0.27692066324259645
41000	-7580.51329871935	-7277.399889579165	-303.1134091401852	-7277.399889579165	13.91233341955662	2.169801072639323	0.006751637825574354	3.0509027057790807	1.0	2.445789520955846	6.8443348632986964	-291.033505680633	0.20380795259143125	0.26466578685306386	0.24360436700019755	0.28792189355530734
42000	-7477.659839517421	-7173.380048211788	-304.2797913056333	-7173.380048211788	14.416737568519345	2.477415850715985	0.006047384379963979	3.0509027057790807	1.0	2.445789520955846	6.723275379895667	-291.9011091594915	0.20380795259143125	0.26466578685306386	0.24360436700019755	0.28792189355530734
43000	-7450.6225278625425	-7145.566691615053	-305.05583624748914	-7145.566691615053	13.65284998898766	2.1252320122669373	0.0062718211156207486	3.0509027057790807	1.0	2.445789520955846	7.071987454806664	-293.080290221208	0.20720107845641283	0.26466578685306386	0.24021124113521597	0.28792189355530734
44000	-7443.170408955345	-7142.06911066409	-301.1012982912552	-7142.06911066409	13.65284998898766	1.6553036198210682	0.006741775079543302	3.3199946721504583	1.0	2.445789520955846	6.61001669439718	-289.7227210547016	0.20720107845641283	0.26466578685306386	0.24021124113521597	0.28792189355530734
45000	-7407.685471570414	-7110.505645237207	-297.17982633320656	-7110.505645237207	13.02907967098656	1.5699942453538835	0.006664038806998222	3.3199946721504583	1.0	2.445789520955846	5.57179205769034	-286.11666643481914	0.20720107845641283	0.26466578685306386	0.24021124113521597	0.28792189355530734
46000	-7358.797730784098	-7070.39119141918	-288.40653936491816	-7070.39119141918	13.02907967098656	1.8196449640682342	0.006967920096257832	3.3199946721504583	1.0	2.445789520955846	5.681683071034458	-276.89671350158045	0.20720107845641283	0.26466578685306386	0.24021124113521597	0.28792189355530734
47000	-7355.377087729095	-7065.774458291969	-289.60262943712655	-7065.774458291969	13.02907967098656	1.807116095821768	0.007113836838152795	3.499991064455239	1.0	2.806946169828473	4.749211361022896	-277.84844964477304	0.20720107845641283	0.26466578685306386	0.24021124113521597	0.28792189355530734
48000	-7341.904369837593	-7054.593786643928	-287.3105831936644	-7054.593786643928	13.208669125666797	1.9760546215202803	0.00708573652676389	3.499991064455239	1.0	2.806946169828473	6.110529392639037	-275.0589632770661	0.20720107845641283	0.26466578685306386	0.24021124113521597	0.28792189355530734
49000	-7335.723794128394	-7050.609709100326	-285.1140850280677	-7050.609709100326	13.005634795246298	2.3354108190010687	0.007242147855901186	3.499991064455239	1.0	3.4422898999670557	5.641468586597236	-271.77537591578687	0.20720107845641283	0.26466578685306386	0.24021124113521597	0.28792189355530734
50000	-7252.032093822361	-6967.868952529823	-284.1631412925378	-6967.868952529823	12.821844770380045	1.9326033808682026	0.007082429311764417	3.499991064455239	1.0	3.4422898999670557	5.985238893414684	-271.3608246913539	0.20720107845641283	0.26466578685306386	0.24021124113521597	0.28792189355530734
51000	-7234.169374368427	-6954.554344938932	-279.61502942949454	-6954.554344938932	12.821844770380045	1.820600536564551	0.00686484157764647	3.499991064455239	1.0	3.00153681214844	5.409697082092191	-267.55156891821065	0.20720107845641283	0.26466578685306386	0.24021124113521597	0.28792189355530734
52000	-7217.248818502908	-6937.78177643532	-279.4670420675871	-6937.78177643532	12.821844770380045	1.8182137739094677	0.007185194308320903	3.499991064455239	1.0	3.00153681214844	4.736136407030208	-267.4944184653385	0.19189104621102326	0.2799758190984534	0.24021124113521597	0.28792189355530734
53000	-7177.421956352171	-6899.224289956595	-278.1976663955761	-6899.224289956595	12.821844770380045	2.1115492301475722	0.006739906278198407	3.499991064455239	1.0	3.00153681214844	5.81201265050756	-265.6564934619576	0.19189104621102326	0.2799758190984534	0.2220898253810942	0.30604330930942913
54000	-7106.874471846545	-6836.646311143749	-270.2281607027962	-6836.646311143749	13.189812463226007	1.4763559379667706	0.00660015010541972	3.499991064455239	1.0	3.00153681214844	4.691514104984289	-258.8794017885641	0.19189104621102326	0.2799758190984534	0.2220898253810942	0.30604330930942913
55000	-7116.94333506745	-6843.77564479161	-273.16769027584013	-6843.77564479161	12.771662518702199	1.5747912164749391	0.007543123904018221	3.499991064455239	1.0	3.00153681214844	4.465321365554548	-261.57799972590686	0.19189104621102326	0.2799758190984534	0.2220898253810942	0.30604330930942913
56000	-7083.610776602429	-6811.751827055602	-271.85894954682664	-6811.751827055602	12.785407329872113	1.795529032575016	0.007761000523366004	3.499991064455239	1.0	3.00153681214844	5.695175895215285	-259.6586332285071	0.19189104621102326	0.2799758190984534	0.2220898253810942	0.30604330930942913
57000	-7049.0591813910205	-6774.462470445363	-274.596710945658	-6774.462470445363	12.241904314736175	1.4005173922026604	0.007264911931992041	3.499991064455239	1.0	3.00153681214844	5.213727239334933	-263.16956381976195	0.17971679405776664	0.2799758190984534	0.2220898253810942	0.31821756146268576
58000	-7062.367929762502	-6786.811588619071	-275.556341143431	-6786.811588619071	12.756280384870953	1.544799264058039	0.0071620835313729566	3.499991064455239	1.0	3.00153681214844	4.5154677112937955	-264.05473814954877	0.17971679405776664	0.2799758190984534	0.2220898253810942	0.31821756146268576
59000	-7058.679803124121	-6778.086007349788	-280.59379577433305	-6778.086007349788	12.756280384870953	1.7363073682143988	0.007382620340169314	3.473238560420157	1.0	5.323152121116483	4.254639772779307	-266.5118867720526	0.17971679405776664	0.2628737259747524	0.2220898253810942	0.3353196545863868
60000	-7046.418422260053	-6766.610041231958	-279.80838102809486	-6766.610041231958	12.076131085214852	1.5905741976267782	0.006842746574327037	3.473238560420157	1.0	5.323152121116483	3.93156759618345	-266.10617570106143	0.17971679405776664	0.2628737259747524	0.22073445708984857	0.33667502287763246
61000	-7039.376234839541	-6760.988465963355	-278.3877688761856	-6760.988465963355	12.076131085214852	2.394400642780479	0.0072373748832452725	3.473238560420157	1.0	4.657450362467017	6.260333293396524	-263.65792594504967	0.17971679405776664	0.2628737259747524	0.22073445708984857	0.33667502287763246
62000	-7047.511246390911	-6771.390092423524	-276.12115396738693	-6771.390092423524	12.076131085214852	1.720185214995088	0.0072919951235597335	3.473238560420157	1.0	4.657450362467017	4.947729116600141	-262.59092640285945	0.17971679405776664	0.2628737259747524	0.22073445708984857	0.33667502287763246
63000	-7044.731178171131	-6766.307531734299	-278.423646436832	-6766.307531734299	12.31152851275146	2.2517231938173645	0.007069154968552839	3.473238560420157	1.0	4.657450362467017	5.158143616553598	-264.1089993108006	0.17971679405776664	0.2628737259747524	0.2136450928818988	0.3437643870855822
64000	-7031.913156400669	-6755.816705446647	-276.0964509540226	-6755.816705446647	12.345547777799402	2.296545945709317	0.007115598351758109	3.473238560420157	1.0	4.657450362467017	5.251999915651302	-261.6946474087642	0.17971679405776664	0.2628737259747524	0.2136450928818988	0.3437643870855822
65000	-7014.560305270824	-6734.048558088394	-280.5117471824298	-6734.048558088394	11.785006075251898	3.3663736428513267	0.007345079070271263	3.274842660923721	1.0	4.657450362467017	4.86672400980309	-264.80724144576135	0.1887779521422685	0.2628737259747524	0.20458393479739695	0.3437643870855822
66000	-6994.14292864332	-6712.794214728046	-281.34871391527435	-6712.794214728046	11.717842929837147	2.6443521058966253	0.006919005145412319	3.274842660923721	1.0	4.657450362467017	4.6569675694470485	-266.68744110865845	0.1887779521422685	0.28133421365912276	0.18612344711302656	0.3437643870855822
67000	-6996.125390188349	-6717.484098853339	-278.6412913350102	-6717.484098853339	11.717842929837147	2.25988155409183	0.007356055824407671	3.274842660923721	1.0	5.255298574422027	5.369343752467553	-263.70431929523437	0.1887779521422685	0.28133421365912276	0.18612344711302656	0.3437643870855822
68000	-7013.08881078531	-6731.984584362724	-281.1042264225864	-6731.984584362724	11.717842929837147	2.4179604266647887	0.006957822825706227	3.274842660923721	1.0	5.255298574422027	5.522250136688519	-265.97602223827994	0.1887779521422685	0.28133421365912276	0.18612344711302656	0.3437643870855822
69000	-7011.794958400045	-6731.392434242794	-280.40252415725143	-6731.392434242794	12.718095500279148	2.481103674041893	0.007157081621127383	3.274842660923721	1.0	5.255298574422027	4.8611707377178455	-265.28718786980716	0.1887779521422685	0.28133421365912276	0.18612344711302656	0.3437643870855822
70000	-7021.235189831474	-6739.388884831076	-281.8463050003974	-6739.388884831076	12.718095500279148	2.3403222063498914	0.007492431831355543	3.274842660923721	1.0	5.255298574422027	5.7976163588900755	-266.7022584966553	0.1887779521422685	0.2864411526320869	0.18101650814006237	0.3437643870855822
71000	-7027.261237413467	-6744.761631853883	-282.49960555958404	-6744.761631853883	12.75456900156107	1.9078032026415366	0.006562637595513374	3.274842660923721	1.0	5.255298574422027	4.779905173641389	-268.2977749006789	0.19865085243699837	0.2864411526320869	0.1711436078453325	0.3437643870855822
72000	-7017.114021807072	-6732.205685276801	-284.90833653027084	-6732.205685276801	12.72857012956831	1.7546019567011215	0.0065490043294787505	3.274842660923721	1.0	5.255298574422027	4.585180800743023	-270.9787204488605	0.1926587749954678	0.2864411526320869	0.1711436078453325	0.3497564645271128
73000	-7014.882091717043	-6729.486807868354	-285.3952838486891	-6729.486807868354	12.96556731750782	1.9447131446956694	0.006499904553927758	3.274842660923721	1.0	3.831872552005868	4.283047853149783	-272.68209906382447	0.1926587749954678	0.2864411526320869	0.1711436078453325	0.3497564645271128
74000	-7034.135117448951	-6750.478503352104	-283.6566140968475	-6750.478503352104	12.96556731750782	2.0642651713020457	0.0066448075368829955	3.274842660923721	1.0	3.831872552005868	5.853730067830714	-270.4356863351246	0.1926587749954678	0.2864411526320869	0.1711436078453325	0.3497564645271128
75000	-7018.179765481588	-6736.868183068934	-281.3115824126541	-6736.868183068934	13.123394728441058	2.3876129311392433	0.006579110038274832	3.274842660923721	1.0	3.831872552005868	5.22780806585616	-267.7593783445155	0.1926587749954678	0.2864411526320869	0.1711436078453325	0.3497564645271128
76000	-7007.861744889438	-6731.154386975338	-276.7073579141009	-6731.154386975338	13.359605514114874	1.6709897724274256	0.006948535527089257	3.274842660923721	1.0	3.831872552005868	4.751903554090362	-264.2336862624008	0.1926587749954678	0.2864411526320869	0.1711436078453325	0.3497564645271128
77000	-7003.134026065225	-6727.848640428444	-275.28538563678126	-6727.848640428444	13.359605514114874	1.661405531144285	0.007037133539692969	3.274842660923721	1.0	3.831872552005868	4.996106975742729	-262.76366622368124	0.18103709148680586	0.2864411526320869	0.18276529135399444	0.3497564645271128
78000	-6998.281935541305	-6720.5130084926595	-277.7689270486449	-6720.5130084926595	12.456276724143422	1.7217363409516957	0.006844672725202596	3.274842660923721	1.0	3.0265290533295834	5.288818103218307	-265.9309662131491	0.18103709148680586	0.2864411526320869	0.18276529135399444	0.3497564645271128
79000	-6986.5144887679535	-6712.687919213361	-273.82656955459237	-6712.687919213361	13.357818267533064	1.877733907691996	0.007338131805476736	3.274842660923721	1.0	3.0265290533295834	5.021054857815193	-261.73674771688724	0.16253342626045272	0.30494481785844	0.18276529135399444	0.3497564645271128
80000	-6987.3979341151135	-6716.491416788125	-270.90651732698865	-6716.491416788125	12.8666776929961	1.9326878907641876	0.008481062119597945	3.274842660923721	1.0	3.4565491793730456	4.991972670562789	-258.16639825125094	0.16748606861252388	0.30494481785844	0.17781264900192328	0.3497564645271128
81000	-6981.92408903094	-6710.650638671521	-271.2734503594193	-6710.650638671521	12.673218004174668	1.8930330457180278	0.0074364939612125095	3.274842660923721	1.0	3.4565491793730456	4.386555007125662	-258.8527549408197	0.16748606861252388	0.30494481785844	0.17781264900192328	0.3497564645271128
82000	-7001.124278612423	-6726.934204935507	-274.190073676916	-6726.934204935507	12.633486765024694	1.4962913396329505	0.007049425451223095	2.7690300965396446	1.0	3.4565491793730456	5.13646335868666	-262.45231028728716	0.16748606861252388	0.30494481785844	0.17781264900192328	0.3497564645271128
83000	-7010.481488722398	-6724.50317691335	-285.97831180904825	-6724.50317691335	12.68857660613962	1.4539009736050712	0.0068234805211267475	2.7690300965396446	1.0	4.6157826231896095	6.517362212806787	-272.9441052963879	0.16748606861252388	0.30494481785844	0.17781264900192328	0.3497564645271128
84000	-6993.996968996795	-6707.559434122759	-286.4375348740358	-6707.559434122759	12.628277734603373	1.8470489547230133	0.0072769263807069325	2.7690300965396446	1.0	4.6157826231896095	6.350775962952653	-272.75619741769674	0.16748606861252388	0.30494481785844	0.17781264900192328	0.3497564645271128
85000	-6963.134036485357	-6683.338465394935	-279.79557109042133	-6683.338465394935	12.628277734603373	1.3924535906913031	0.006640007361519455	2.7690300965396446	1.0	4.6157826231896095	5.0363144775022075	-267.14677554177206	0.15012000368055933	0.30494481785844	0.17781264900192328	0.3671225294590773
86000	-6967.118294852787	-6680.640492806327	-286.4778020464603	-6680.640492806327	12.778359233727452	2.1818247153766404	0.006683549065082738	2.7690300965396446	1.0	4.6157826231896095	4.364900102050571	-272.7719829284322	0.15012000368055933	0.30494481785844	0.17781264900192328	0.3671225294590773
87000	-6968.235727552003	-6688.281647496214	-279.9540800557888	-6688.281647496214	12.33426774547467	1.6910207505572465	0.006961260195878015	2.7690300965396446	1.0	4.6157826231896095	5.183930383213594	-266.7556574344542	0.15012000368055933	0.30494481785844	0.17781264900192328	0.3671225294590773
88000	-6942.555481536094	-6665.175634887818	-277.3798466482758	-6665.175634887818	12.57106407522679	1.9342228930391538	0.007255756588243114	2.7690300965396446	1.0	4.6157826231896095	5.075804856622813	-263.79684237168163	0.15012000368055933	0.30494481785844	0.17005976175438034	0.3748754167066202
89000	-6939.570195383181	-6664.040543683571	-275.52965169961004	-6664.040543683571	12.57106407522679	2.196144595188787	0.007083115566408137	3.230553171141523	1.0	4.6157826231896095	4.646863748280441	-261.5192681557036	0.15012000368055933	0.30494481785844	0.16329839586355327	0.3816367825974473
90000	-6939.949031069457	-6667.076239296523	-272.8727917729335	-6667.076239296523	12.517542678551544	2.2695599676426115	0.006706801204372826	3.230553171141523	1.0	1.8390219780206378	4.621927981222822	-261.5962348630878	0.15012000368055933	0.30494481785844	0.16329839586355327	0.3816367825974473
91000	-6948.991914419215	-6675.754249503599	-273.23766491561696	-6675.754249503599	12.838301508762443	2.023643296952387	0.006608908044241406	3.230553171141523	1.0	1.8390219780206378	4.763718789158221	-262.2947538537588	0.15012000368055933	0.30494481785844	0.16329839586355327	0.3816367825974473
92000	-6915.646806780875	-6648.335685145914	-267.31112163496056	-6648.335685145914	12.838301508762443	2.282321008871974	0.007204249297629772	3.230553171141523	1.0	1.8390219780206378	4.553668352626731	-255.9599476042812	0.1273538058950321	0.30494481785844	0.12168895043441147	0.44601242581211636
93000	-6910.670785975535	-6640.7783671365805	-269.89241883895437	-6640.7783671365805	12.633578615965922	2.6566533978766507	0.00709743616080585	3.230553171141523	1.0	1.9234058414263624	5.026425761413306	-257.8620352232467	0.1273538058950321	0.30494481785844	0.12168895043441147	0.44601242581211636
94000	-6910.080212437975	-6636.145809199682	-273.9344032382931	-6636.145809199682	12.259368600989594	2.2567054304770298	0.007314580747995219	1.8783524937435545	1.0	4.285710491818836	4.543145665168114	-260.6674777440783	0.1273538058950321	0.30494481785844	0.12168895043441147	0.44601242581211636
95000	-6908.305382027342	-6638.41240327925	-269.89297874809216	-6638.41240327925	12.17554659884372	2.6960990388193484	0.007095968150393946	2.573493659507471	1.0	4.285710491818836	4.467437071273712	-255.80165078304827	0.1273538058950321	0.30494481785844	0.12168895043441147	0.44601242581211636
96000	-6918.595530171242	-6648.5123713798475	-270.08315879139406	-6648.5123713798475	12.233382748089028	2.34869281419197	0.007615691685058227	2.053747229318533	1.0	4.285710491818836	5.021305062555292	-256.4770731733671	0.1273538058950321	0.30494481785844	0.12168895043441147	0.44601242581211636
97000	-6912.033690224165	-6634.444090702984	-277.58959952118175	-6634.444090702984	12.443158309982342	2.7781000936770854	0.007868606368435314	2.053747229318533	1.0	4.285710491818836	5.146833400540801	-263.3455376139382	0.1273538058950321	0.30494481785844	0.12168895043441147	0.44601242581211636
98000	-6909.663867894649	-6630.798146660567	-278.86572123408206	-6630.798146660567	12.338667169580791	3.188179839319262	0.00795813338196911	2.5182899828267145	1.0	4.285710491818836	4.388256077079933	-264.0551332892227	0.1273538058950321	0.29650305306032315	0.12168895043441147	0.45445419061023323
99000	-6906.93146023401	-6629.895203366561	-277.0362568674492	-6629.895203366561	12.338667169580791	3.1457755525801967	0.007707340404078666	2.5182899828267145	1.0	4.285710491818836	4.98970679179726	-262.1837906858445	0.12084020465061013	0.29650305306032315	0.12168895043441147	0.4609677918546552
100000	-6911.044221339503	-6635.0772555371495	-275.9669658023533	-6635.0772555371495	12.508421633267446	2.256416138537203	0.007772992945204307	2.120391344855266	1.0	3.906584308437055	5.711473707939302	-262.6925378608125	0.12084020465061013	0.29650305306032315	0.12168895043441147	0.4609677918546552
