#
#model:
#
#<?xml version="1.0" encoding="UTF-8" standalone="no"?><input id="posterior" spec="beast.core.util.CompoundDistribution">
#    <distribution id="prior" spec="beast.core.util.CompoundDistribution">
#        <distribution id="CoalescentConstant.t:1" spec="beast.evolution.tree.coalescent.Coalescent">
#            <populationModel id="ConstantPopulation.t:1" spec="beast.evolution.tree.coalescent.ConstantPopulation">
#                <parameter id="popSize.t:1" name="popSize" spec="beast.core.parameter.RealParameter">0.3</parameter>
#            </populationModel>
#            <treeIntervals id="TreeIntervals.t:1" spec="beast.evolution.tree.coalescent.TreeIntervals">
#                <tree id="Tree.t:1" spec="beast.evolution.tree.Tree">
#                    <trait id="dateTrait.t:1" spec="beast.evolution.tree.TraitSet" traitname="date" value="2_2000.1=2000.1,17_2001.6=2001.6,18_2001.7=2001.7,21_2002=2002,24_2002.3=2002.3,26_2002.5=2002.5,5_2000.4=2000.4,7_2000.6=2000.6,4_2000.3=2000.3,13_2001.2=2001.2,15_2001.4=2001.4,16_2001.5=2001.5,1_2000=2000,8_2000.7=2000.7,3_2000.2=2000.2,12_2001.1=2001.1,22_2002.1=2002.1,32_2003.1=2003.1,28_2002.7=2002.7,43_2004.2=2004.2,46_2004.5=2004.5,55_2005.4=2005.4,63_2006.2=2006.2,65_2006.4=2006.4,66_2006.5=2006.5,67_2006.6=2006.6,23_2002.2=2002.2,10_2000.9=2000.9,14_2001.3=2001.3,33_2003.2=2003.2,39_2003.8=2003.8,34_2003.3=2003.3,44_2004.3=2004.3,48_2004.7=2004.7,53_2005.2=2005.2,52_2005.1=2005.1,58_2005.7=2005.7,9_2000.8=2000.8,6_2000.5=2000.5,11_2001=2001,25_2002.4=2002.4,20_2001.9=2001.9,47_2004.6=2004.6,36_2003.5=2003.5,45_2004.4=2004.4,50_2004.9=2004.9,42_2004.1=2004.1,51_2005=2005,35_2003.4=2003.4,37_2003.6=2003.6,57_2005.6=2005.6,59_2005.8=2005.8,61_2006=2006,62_2006.1=2006.1,41_2004=2004,40_2003.9=2003.9,49_2004.8=2004.8,74_2007.3=2007.3,77_2007.6=2007.6,68_2006.7=2006.7,70_2006.9=2006.9,81_2008=2008,19_2001.8=2001.8,27_2002.6=2002.6,29_2002.8=2002.8,30_2002.9=2002.9,31_2003=2003,38_2003.7=2003.7,56_2005.5=2005.5,69_2006.8=2006.8,82_2008.1=2008.1,80_2007.9=2007.9,83_2008.2=2008.2,87_2008.6=2008.6,71_2007=2007,75_2007.4=2007.4,72_2007.1=2007.1,91_2009=2009,88_2008.7=2008.7,94_2009.3=2009.3,98_2009.7=2009.7,79_2007.8=2007.8,84_2008.3=2008.3,78_2007.7=2007.7,76_2007.5=2007.5,89_2008.8=2008.8,93_2009.2=2009.2,96_2009.5=2009.5,97_2009.6=2009.6,95_2009.4=2009.4,100_2009.9=2009.9,54_2005.3=2005.3,60_2005.9=2005.9,64_2006.3=2006.3,73_2007.2=2007.2,86_2008.5=2008.5,85_2008.4=2008.4,90_2008.9=2008.9,99_2009.8=2009.8,92_2009.1=2009.1,101_2010=2010">
#                        <taxa id="TaxonSet.1" spec="beast.evolution.alignment.TaxonSet">
#                        </taxa>
#                    </trait>
#                    <taxonset idref="TaxonSet.1"/>
#                </tree>
#            </treeIntervals>
#        </distribution>
#        <prior id="rateOmega.prior" name="distribution">
#            <parameter id="rateOmega" lower="0.1" name="x" spec="beast.core.parameter.RealParameter" upper="10.0">0.5</parameter>
#            <Gamma id="Gamma.0" name="distr">
#                <parameter estimate="false" id="rateOmega.alpha" name="alpha" spec="beast.core.parameter.RealParameter">0.1</parameter>
#                <parameter estimate="false" id="rateOmega.beta" name="beta" spec="beast.core.parameter.RealParameter">1.0</parameter>
#            </Gamma>
#        </prior>
#        <prior id="rateMean.prior" name="distribution">
#            <parameter id="rateMean" lower="1.0E-4" name="x" spec="beast.core.parameter.RealParameter" upper="10.0">0.005</parameter>
#            <Gamma id="Gamma.1" name="distr">
#                <parameter estimate="false" id="rateMean.alpha" name="alpha" spec="beast.core.parameter.RealParameter">0.005</parameter>
#                <parameter estimate="false" id="rateMean.beta" name="beta" spec="beast.core.parameter.RealParameter">1.0</parameter>
#            </Gamma>
#        </prior>
#        <prior id="FrequenciesPrior.s:1" name="distribution">
#            <parameter dimension="4" id="freqParameter.s:1" lower="0.0" name="x" spec="beast.core.parameter.RealParameter" upper="1.0">0.25</parameter>
#            <Uniform id="Uniform.3" name="distr"/>
#        </prior>
#        <prior id="GammaShapePrior.s:1" name="distribution">
#            <parameter id="gammaShape.s:1" name="x" spec="beast.core.parameter.RealParameter">1.0</parameter>
#            <Exponential id="Exponential.0" name="distr">
#                <parameter estimate="false" id="RealParameter.0" name="mean" spec="beast.core.parameter.RealParameter">1.0</parameter>
#            </Exponential>
#        </prior>
#        <prior id="KappaPrior.s:1" name="distribution">
#            <parameter id="kappa.s:1" lower="0.0" name="x" spec="beast.core.parameter.RealParameter">2.0</parameter>
#            <LogNormal id="LogNormalDistributionModel.0" name="distr">
#                <parameter estimate="false" id="RealParameter.1" name="M" spec="beast.core.parameter.RealParameter">1.0</parameter>
#                <parameter estimate="false" id="RealParameter.2" name="S" spec="beast.core.parameter.RealParameter">1.25</parameter>
#            </LogNormal>
#        </prior>
#        <prior id="PopSizePrior.t:1" name="distribution" x="@popSize.t:1">
#            <OneOnX id="OneOnX.1" name="distr"/>
#        </prior>
#    </distribution>
#    <distribution id="likelihood" spec="beast.core.util.CompoundDistribution" useThreads="true">
#        <distribution data="@1" id="treeLikelihood.1" spec="beast.evolution.likelihood.ThreadedTreeLikelihood" tree="@Tree.t:1">
#            <siteModel gammaCategoryCount="4" id="SiteModel.s:1" shape="@gammaShape.s:1" spec="beast.evolution.sitemodel.SiteModel">
#                <parameter id="mutationRate.s:1" name="mutationRate" spec="beast.core.parameter.RealParameter">1.0</parameter>
#                <parameter estimate="false" id="proportionInvariant.s:1" lower="0.0" name="proportionInvariant" spec="beast.core.parameter.RealParameter" upper="1.0">0.0</parameter>
#                <substModel id="hky.s:1" kappa="@kappa.s:1" spec="beast.evolution.substitutionmodel.HKY">
#                    <frequencies frequencies="@freqParameter.s:1" id="estimatedFreqs.s:1" spec="beast.evolution.substitutionmodel.Frequencies"/>
#                </substModel>
#            </siteModel>
#            <branchRateModel id="branchRates" numSites="1000" numberOfDiscreteRates="12" rateMean="@rateMean" rateOmega="@rateOmega" spec="beast.evolution.branchratemodel.ARClockModel" tree="@Tree.t:1">
#                <rateCategories dimension="200" id="rateCategories" spec="beast.core.parameter.IntegerParameter">1</rateCategories>
#            </branchRateModel>
#        </distribution>
#    </distribution>
#</input>
#
Sample	posterior	likelihood	prior	treeLikelihood	TreeHeight	rateOmega	rateMean	kappa	mutationRate	gammaShape	popSize	CoalescentConstant	freqParameter.1	freqParameter.2	freqParameter.3	freqParameter.4
0	-27943.060087989623	-27709.026881819264	-234.03320617036022	-27709.026881819264	10.751582664363609	0.5	0.005	2.0	1.0	1.0	0.3	-230.21431273121476	0.25	0.25	0.25	0.25
1000	-17046.256177893847	-16644.53620548246	-401.7199724113841	-16644.53620548246	11.89747738066245	0.6691262873293996	0.03193897208430706	3.1940361545973053	1.0	1.0	2.7757793838919897	-392.9264324266948	0.24521919259014663	0.25	0.25	0.25478080740985337
2000	-14278.12650031798	-13921.331509890686	-356.79499042729435	-13921.331509890686	11.722371308363591	8.095917429254259	0.021434825301527367	3.1940361545973053	1.0	1.0	11.915783729417436	-337.28121894692634	0.24521919259014663	0.25	0.25	0.25478080740985337
3000	-13696.276282294879	-13338.02336062065	-358.25292167423015	-13338.02336062065	11.722371308363591	9.987795501931531	0.02194170155072126	3.4997720603039926	1.0	1.0	11.643681503265865	-336.5540843705332	0.24521919259014663	0.25	0.25	0.25478080740985337
4000	-12962.362221465779	-12584.043792929608	-378.31842853617184	-12584.043792929608	11.722371308363591	9.937186545932505	0.018988375004867233	3.738279786608059	1.0	1.0	14.792113966430431	-356.5042533505827	0.24521919259014663	0.25	0.25	0.25478080740985337
5000	-12494.953427378405	-12112.321478173377	-382.6319492050273	-12112.321478173377	12.372014009712878	9.767948441686931	0.017886696177614517	4.54307463777955	1.0	1.0	13.965281978697544	-360.87366038661935	0.24521919259014663	0.25	0.25	0.25478080740985337
6000	-11862.799055890202	-11479.694926513701	-383.10412937650136	-11479.694926513701	12.984960371348357	9.071746252831094	0.016216610658687205	4.54307463777955	1.0	1.0	14.134010292565659	-362.19578180133146	0.24521919259014663	0.25	0.25	0.25478080740985337
7000	-11463.203223025237	-11074.515937463919	-388.68728556131856	-11074.515937463919	12.33394672357616	9.825312598660657	0.015240047476176636	4.54307463777955	1.0	1.0	16.659029363029628	-366.85196117628954	0.24115488695862156	0.25	0.25	0.2588451130413784
8000	-11010.491468731732	-10618.278071399893	-392.2133973318402	-10618.278071399893	12.083249230413486	9.966062859668735	0.014553057064928746	4.4209316468012885	1.0	1.0	18.010470215700288	-370.22907677567	0.24094363455510298	0.25	0.2502112524035186	0.2588451130413784
9000	-10587.520550566032	-10196.066761044334	-391.4537895216982	-10196.066761044334	12.519211752223288	9.024045721572763	0.012352590156696635	4.4209316468012885	1.0	1.0	14.948925722615819	-370.852479592182	0.24094363455510298	0.25	0.24548876126454497	0.263567604180352
10000	-10362.659595941248	-9970.142657013133	-392.51693892811517	-9970.142657013133	12.519211752223288	9.862054476220127	0.012334173197408255	4.4209316468012885	1.0	0.8238538695162771	11.878507422585855	-371.40525657857853	0.2369822739781877	0.25	0.24945012184146026	0.263567604180352
11000	-10002.59257771257	-9617.898164034516	-384.69441367805535	-9617.898164034516	12.519211752223288	9.756223467417342	0.010982301200969203	4.4209316468012885	1.0	0.8238538695162771	14.388369722593797	-363.62344314860945	0.2369822739781877	0.25	0.24945012184146026	0.263567604180352
12000	-9816.422685859055	-9429.224700463712	-387.1979853953441	-9429.224700463712	12.793857312957819	9.527559058124279	0.010951803136156206	4.4209316468012885	1.0	0.8238538695162771	14.608024970122266	-366.36467109029064	0.2369822739781877	0.25	0.24127954532617707	0.2717381806956352
13000	-9369.256915112846	-8993.109237647948	-376.1476774648983	-8993.109237647948	12.793857312957819	8.987801103010668	0.009408956158516816	4.4209316468012885	1.0	0.6212230791195065	13.309707261496632	-356.3549433257442	0.2369822739781877	0.2531129655693219	0.23816657975685518	0.2717381806956352
14000	-9116.43785315131	-8750.252042086404	-366.185811064907	-8750.252042086404	12.793857312957819	8.050141596875907	0.00958274684064647	4.4209316468012885	1.0	0.8314147032101744	13.061330303560498	-347.2201586177047	0.2369822739781877	0.2531129655693219	0.23816657975685518	0.2717381806956352
15000	-8872.202944236822	-8506.603527476842	-365.59941675998095	-8506.603527476842	13.120355623352175	9.57427838653769	0.009475588261832533	4.4209316468012885	1.0	0.8314147032101744	12.47549059428069	-345.01076247149035	0.2369822739781877	0.2590575087721225	0.23222203655405455	0.2717381806956352
16000	-8855.818571649628	-8490.284552241928	-365.5340194077002	-8490.284552241928	14.18527502892759	9.758548165065719	0.009206444396435544	4.4209316468012885	1.0	0.8314147032101744	12.575964847378204	-344.7648569324665	0.2369822739781877	0.2590575087721225	0.23222203655405455	0.2717381806956352
17000	-8681.057390802445	-8321.383622138606	-359.67376866383944	-8321.383622138606	13.035663039510673	9.633761768935422	0.00972992709576109	4.4209316468012885	1.0	0.8314147032101744	10.130496300435183	-339.20166292944316	0.2369822739781877	0.2590575087721225	0.23222203655405455	0.2717381806956352
18000	-8631.404202349924	-8268.828215345122	-362.57598700480287	-8268.828215345122	12.95325619897817	9.361446448418393	0.008503755098748653	4.4209316468012885	1.0	0.8280755829891007	11.616932702688613	-342.4036800816911	0.2369822739781877	0.2590575087721225	0.23222203655405455	0.2717381806956352
19000	-8616.68358869718	-8258.685496231574	-357.9980924656065	-8258.685496231574	12.922354362094092	7.650135441745047	0.009091501129226503	4.4209316468012885	1.0	1.102495233141375	11.429133437346946	-339.39357802530344	0.22984509329880332	0.2590575087721225	0.23222203655405455	0.27887536137501956
20000	-8598.563238369034	-8237.04342120708	-361.51981716195456	-8237.04342120708	12.922354362094092	8.816138625731279	0.008831965787262468	4.4209316468012885	1.0	1.102495233141375	11.653817589456466	-341.6312339624311	0.22984509329880332	0.2590575087721225	0.23222203655405455	0.27887536137501956
21000	-8499.678608454022	-8135.810074918366	-363.86853353565533	-8135.810074918366	12.922354362094092	8.170487261622279	0.008382828317158994	4.4209316468012885	1.0	1.0526452407817106	11.204093793553442	-344.8356365929385	0.22984509329880332	0.2590575087721225	0.23222203655405455	0.27887536137501956
22000	-8447.453544160137	-8084.728992269321	-362.7245518908163	-8084.728992269321	12.922354362094092	8.907502031065812	0.007923609634835358	4.4209316468012885	1.0	0.8197469689803281	10.92779257039902	-343.1912956166836	0.22984509329880332	0.2590575087721225	0.23222203655405455	0.27887536137501956
23000	-8412.702688491312	-8055.622903569425	-357.07978492188664	-8055.622903569425	12.922354362094092	7.886778156282131	0.00842348837452404	4.4209316468012885	1.0	0.8197469689803281	9.569043551344173	-338.7481929442507	0.22984509329880332	0.2590575087721225	0.23222203655405455	0.27887536137501956
24000	-8366.436860930882	-8017.941894618207	-348.4949663126755	-8017.941894618207	12.922354362094092	8.075585418477116	0.008918799442799712	4.4209316468012885	1.0	1.0316274501269806	10.842629759392416	-329.55909546164116	0.22984509329880332	0.2590575087721225	0.23222203655405455	0.27887536137501956
25000	-8335.928372551514	-7983.510252677631	-352.41811987388377	-7983.510252677631	13.139157438396497	9.811901199981111	0.009326783786556018	4.4209316468012885	1.0	1.0316274501269806	11.535524691927213	-331.46379857251947	0.22984509329880332	0.25971049334945245	0.23222203655405455	0.27822237679768963
26000	-8288.299823709136	-7938.181694818244	-350.11812889089236	-7938.181694818244	13.490779221919837	7.793183037108308	0.008089413004082772	4.4209316468012885	1.0	1.0316274501269806	10.561384024313947	-331.62092457314753	0.22937019164417657	0.25971049334945245	0.22505107557876414	0.2858682394276068
27000	-8260.021279039533	-7912.088110813713	-347.9331682258205	-7912.088110813713	14.864781309081122	9.684438753822645	0.008514310006397685	3.0870619694084893	1.0	1.0316274501269806	8.680230123481476	-327.9236028085947	0.22937019164417657	0.25971049334945245	0.22505107557876414	0.2858682394276068
28000	-8218.932490497331	-7876.778159836822	-342.1543306605087	-7876.778159836822	14.301178592020229	9.694260403162668	0.008714253069361922	3.0870619694084893	1.0	1.0316274501269806	8.827337338412963	-322.0939303479477	0.22937019164417657	0.25971049334945245	0.22505107557876414	0.2858682394276068
29000	-8188.533240944439	-7848.856763435934	-339.67647750850466	-7848.856763435934	13.58179807634494	9.82034692755813	0.009018300543300715	3.0870619694084893	1.0	1.0316274501269806	8.006274836333334	-319.54155979348684	0.21980992071462055	0.2692707642790085	0.22505107557876414	0.2858682394276068
30000	-8091.276925166776	-7759.56080868317	-331.71611648360573	-7759.56080868317	12.811350727832695	9.478094523436358	0.009355127483622848	3.0870619694084893	1.0	1.0316274501269806	8.592598854023274	-311.847879201706	0.21980992071462055	0.2692707642790085	0.22505107557876414	0.2858682394276068
31000	-8029.2328819038285	-7701.973533900238	-327.2593480035906	-7701.973533900238	12.797599414419627	8.474785627098063	0.008629884990077878	3.0870619694084893	1.0	1.4542048732181991	8.020776846313682	-308.22242247703815	0.2227334927835782	0.2692707642790085	0.22212750350980648	0.2858682394276068
32000	-7982.253766826565	-7652.982177745789	-329.2715890807755	-7652.982177745789	12.542817495261412	8.480729022599379	0.008995588399914947	4.006863820032033	1.0	1.4542048732181991	9.051026311005842	-309.76179890282856	0.2227334927835782	0.2692707642790085	0.22212750350980648	0.2858682394276068
33000	-7921.553883247689	-7594.624769814406	-326.9291134332821	-7594.624769814406	12.558762143140468	9.238990410180453	0.009434469832523199	4.194429600295	1.0	1.4542048732181991	9.120386547222523	-306.47074006554135	0.2227334927835782	0.2692707642790085	0.22212750350980648	0.2858682394276068
34000	-7896.828794657651	-7578.614099113801	-318.21469554384976	-7578.614099113801	12.550346524040275	9.481547859770656	0.00898709966879244	4.194429600295	1.0	1.4542048732181991	7.374283608146006	-297.75173896618503	0.2227334927835782	0.2692707642790085	0.22212750350980648	0.2858682394276068
35000	-7879.410285586037	-7558.489413101624	-320.9208724844129	-7558.489413101624	12.550346524040275	9.919715263823571	0.009122953672138194	4.194429600295	1.0	1.4542048732181991	7.665981231817987	-299.9252314920168	0.2227334927835782	0.2692707642790085	0.21777585612998882	0.2902198868074245
36000	-7884.789442344826	-7559.717109698736	-325.07233264609005	-7559.717109698736	12.88828957461	9.336953676092307	0.008487111205373822	3.008196138300605	1.0	1.4542048732181991	7.404951856784073	-305.2104430453835	0.2227334927835782	0.2692707642790085	0.21777585612998882	0.2902198868074245
37000	-7850.318366071088	-7530.183804111345	-320.13456195974317	-7530.183804111345	13.025190792308905	8.156322980822518	0.008720655184737696	3.008196138300605	1.0	1.4542048732181991	8.194075343589429	-301.4464650529802	0.2227334927835782	0.2692707642790085	0.21777585612998882	0.2902198868074245
38000	-7779.049200137302	-7459.662621108453	-319.38657902884944	-7459.662621108453	12.9838048171798	7.710641584769402	0.008267712316732992	3.502860417176232	1.0	1.4542048732181991	6.236391340107932	-301.3517390233543	0.2227334927835782	0.2692707642790085	0.21777585612998882	0.2902198868074245
39000	-7638.757041371549	-7318.532177991625	-320.22486337992456	-7318.532177991625	13.388214097480517	8.298927265345947	0.008060357625469694	3.359531048967839	1.0	1.7170498327175392	6.610639151492677	-301.28792223384573	0.2227334927835782	0.2692707642790085	0.21777585612998882	0.2902198868074245
40000	-7634.499772830309	-7309.6281385501625	-324.87163428014594	-7309.6281385501625	13.195619214193595	8.915526992689713	0.008055593044977764	3.359531048967839	1.0	2.164776671254618	7.265180096312183	-304.71204563025486	0.2227334927835782	0.2692707642790085	0.21777585612998882	0.2902198868074245
41000	-7630.575865567298	-7305.685640831583	-324.89022473571487	-7305.685640831583	13.101554977832429	9.044584478922278	0.008673884765761494	3.359531048967839	1.0	2.141700965575876	7.152931143284451	-304.5530918714207	0.2227334927835782	0.2692707642790085	0.21777585612998882	0.2902198868074245
42000	-7633.428484797004	-7305.064741144767	-328.363743652237	-7305.064741144767	13.101554977832429	9.509979631192573	0.008372810788284706	3.359531048967839	1.0	2.141700965575876	9.663646736060802	-307.2506603255492	0.2227334927835782	0.2692707642790085	0.21777585612998882	0.2902198868074245
43000	-7579.408207111575	-7256.756821919685	-322.6513851918912	-7256.756821919685	12.458346402186475	9.509979631192573	0.008795707202984723	3.359531048967839	1.0	2.141700965575876	7.410674188388513	-301.7543008671307	0.2227334927835782	0.2692707642790085	0.21777585612998882	0.2902198868074245
44000	-7556.311569097369	-7235.9510369496	-320.36053214776854	-7235.9510369496	12.548912663616445	8.926204924410662	0.008780511165961605	3.359531048967839	1.0	1.5824122971364714	7.502866464749015	-300.6528985532843	0.21509996666537903	0.2692707642790085	0.21777585612998882	0.2978534129256237
45000	-7532.009663004113	-7214.310107207871	-317.6995557962417	-7214.310107207871	12.3675677629618	9.903193772116925	0.009016907464657515	3.359531048967839	1.0	1.5824122971364714	6.6904232157986865	-297.0093916187875	0.20776780069663606	0.2692707642790085	0.21777585612998882	0.30518557889436665
46000	-7528.708998691038	-7215.00588943098	-313.7031092600584	-7215.00588943098	12.796552827333558	9.780699940502325	0.009465163103428422	3.359531048967839	1.0	1.5824122971364714	6.64352159294387	-293.1049532292151	0.20776780069663606	0.2692707642790085	0.21777585612998882	0.30518557889436665
47000	-7545.753033485121	-7230.163835038995	-315.589198446126	-7230.163835038995	12.796552827333558	8.63144219832056	0.008777256696474155	3.359531048967839	1.0	1.5824122971364714	7.12668019343745	-296.2583610686956	0.20776780069663606	0.2692707642790085	0.21777585612998882	0.30518557889436665
48000	-7523.4927444769255	-7207.345160080529	-316.14758439639604	-7207.345160080529	13.15464501677943	8.33901301559276	0.008768771950937164	3.359531048967839	1.0	1.5824122971364714	8.410553000349251	-296.97552534605387	0.21054127419528082	0.2692707642790085	0.2110997196693229	0.3090882418563878
49000	-7530.789825387045	-7216.103265421783	-314.6865599652622	-7216.103265421783	12.425465740457685	9.66522878242952	0.009023629394346531	3.359531048967839	1.0	1.5824122971364714	7.05669314502112	-294.2022034353539	0.21054127419528082	0.2692707642790085	0.2110997196693229	0.3090882418563878
50000	-7516.782189418062	-7203.813811784109	-312.96837763395325	-7203.813811784109	13.478059926327816	9.586757933632072	0.008701550527104054	3.359531048967839	1.0	2.5184811130596403	7.068130481134862	-291.6686262335016	0.21049301710768992	0.26931902136659935	0.2110997196693229	0.3090882418563878
51000	-7520.488853162185	-7208.204211311825	-312.2846418503597	-7208.204211311825	13.460712455574749	9.566802170699917	0.008403362011812607	3.359531048967839	1.0	2.5184811130596403	6.185516617921384	-291.17510029528165	0.21049301710768992	0.26931902136659935	0.2110997196693229	0.3090882418563878
52000	-7488.510451060787	-7182.8439049251965	-305.666546135591	-7182.8439049251965	13.460712455574749	8.896315945905428	0.008495055338026539	3.129857799272641	1.0	2.5184811130596403	5.890088762480083	-285.4097441744512	0.18320760129378338	0.2827439024763874	0.2110997196693229	0.32294877656050625
53000	-7480.369195945053	-7175.240248226448	-305.1289477186056	-7175.240248226448	13.460712455574749	8.54285469529966	0.008496290284835402	3.129857799272641	1.0	2.5184811130596403	5.588764141381084	-285.3144618510443	0.18320760129378338	0.2827439024763874	0.2110997196693229	0.32294877656050625
54000	-7281.928129113197	-6978.264892897538	-303.6632362156593	-6978.264892897538	13.19495885513019	9.658773751481343	0.008937597111731749	3.129857799272641	1.0	2.5184811130596403	6.81464138158451	-282.3731964388617	0.18320760129378338	0.2827439024763874	0.2110997196693229	0.32294877656050625
55000	-7278.208576758659	-6977.535285681013	-300.6732910776451	-6977.535285681013	13.114507245045404	7.342314044013031	0.007749233439630654	3.129857799272641	1.0	2.5184811130596403	7.061013578903764	-282.0541350655109	0.18320760129378338	0.28414226418552957	0.20970135796018077	0.32294877656050625
56000	-7252.536772808776	-6950.222463745762	-302.31430906301404	-6950.222463745762	13.114507245045404	8.764395651008039	0.008318385636471835	3.129857799272641	1.0	2.5184811130596403	4.449223818312069	-282.5045021809412	0.18320760129378338	0.28414226418552957	0.1940815039467125	0.3385686305739745
57000	-7242.924699380446	-6944.646160612087	-298.27853876835866	-6944.646160612087	13.263459342213892	8.097679376071776	0.007364274997483531	3.3128126665032136	1.0	2.5184811130596403	6.101552258215122	-278.9500463698313	0.18320760129378338	0.28414226418552957	0.1940815039467125	0.3385686305739745
58000	-7236.410905208079	-6937.931680700043	-298.47922450803634	-6937.931680700043	12.39825620483527	8.2439401089901	0.007457996934697881	3.3128126665032136	1.0	2.5184811130596403	5.858723151975138	-279.0162953541524	0.18320760129378338	0.28414226418552957	0.1940815039467125	0.3385686305739745
59000	-7242.716280805901	-6942.285299155075	-300.43098165082597	-6942.285299155075	12.22976188699552	7.444365035903576	0.007630419382439472	3.281931116742209	1.0	2.149577141752791	6.51164334296778	-282.11029930707815	0.17865315387705208	0.2886967116022609	0.1940815039467125	0.3385686305739745
60000	-7235.02235298061	-6938.280386589962	-296.7419663906472	-6938.280386589962	12.995833273246973	7.467221416145282	0.008053388468643397	3.281931116742209	1.0	2.149577141752791	6.480610070668243	-278.34634250145905	0.17865315387705208	0.2855642018774115	0.18962105922543354	0.3461615850201029
61000	-7221.006414135233	-6928.822420703869	-292.1839934313643	-6928.822420703869	12.405334124644158	7.052503407714155	0.007704285675362651	3.281931116742209	1.0	2.7731498216537718	5.307953556064586	-273.8749931394731	0.17865315387705208	0.2855642018774115	0.18962105922543354	0.3461615850201029
62000	-7211.56345259789	-6916.241644254029	-295.32180834386105	-6916.241644254029	12.802346098755391	8.108904224204009	0.008305270481130077	3.281931116742209	1.0	2.7731498216537718	6.253827765243806	-275.59145882262095	0.17865315387705208	0.2855642018774115	0.18962105922543354	0.3461615850201029
63000	-7193.808018452039	-6903.304416631732	-290.50360182030647	-6903.304416631732	13.479619133196273	8.847569638175994	0.009016200177253159	3.281931116742209	1.0	2.7731498216537718	5.32718160183947	-270.0340632979677	0.19289061760270781	0.2855642018774115	0.1687183211685749	0.3528268593513058
64000	-7184.65973767149	-6893.670626079791	-290.98911159169904	-6893.670626079791	13.145700864692614	8.847569638175994	0.008468089937088303	3.281931116742209	1.0	2.1771688355878602	6.110226989709603	-271.0413649757072	0.19289061760270781	0.2855642018774115	0.1687183211685749	0.3528268593513058
65000	-7155.3391050196215	-6871.062269807447	-284.2768352121747	-6871.062269807447	12.934189359877212	7.560664526301074	0.0081748639199807	3.281931116742209	1.0	2.1771688355878602	4.8341554306643815	-266.0270744662089	0.19289061760270781	0.2855642018774115	0.1687183211685749	0.3528268593513058
66000	-7135.906072572247	-6848.840654141718	-287.0654184305287	-6848.840654141718	12.627877530873178	7.309080558125545	0.00896810192384803	3.281931116742209	1.0	2.0694258258752893	5.59228927600151	-268.9668196350886	0.19289061760270781	0.2855642018774115	0.1687183211685749	0.3528268593513058
67000	-7077.10512504668	-6785.92283135513	-291.18229369154994	-6785.92283135513	12.956114958595556	8.678978563714814	0.008786324835528976	3.281931116742209	1.0	2.0694258258752893	5.991823778565948	-271.5107389899068	0.19289061760270781	0.2855642018774115	0.1687183211685749	0.3528268593513058
68000	-7081.834413731118	-6787.253663205521	-294.5807505255967	-6787.253663205521	12.956114958595556	8.635279552276218	0.009450221349288022	3.281931116742209	1.0	3.0915715709819773	5.894365165716272	-273.8785497362487	0.19289061760270781	0.2855642018774115	0.1687183211685749	0.3528268593513058
69000	-7034.321626241129	-6745.043485734525	-289.2781405066037	-6745.043485734525	12.938483996248545	8.045097819084983	0.008932077791529134	3.281931116742209	1.0	3.0915715709819773	5.508635458993256	-269.3541404945171	0.19289061760270781	0.3032844099833767	0.1509981130626097	0.3528268593513058
70000	-7031.858256810766	-6739.711694530584	-292.14656228018174	-6739.711694530584	12.899426741104557	9.077314450089641	0.008723980228282281	3.281931116742209	1.0	3.0915715709819773	5.040066018601057	-271.1942631924037	0.19289061760270781	0.3079121286056461	0.1463703944403403	0.3528268593513058
71000	-7048.4923624751345	-6758.682533695378	-289.8098287797569	-6758.682533695378	13.445582142991807	6.573987475124313	0.008392049789319336	2.4836574765239203	1.0	3.0915715709819773	4.378906975878419	-272.1182519055495	0.19289061760270781	0.3079121286056461	0.1463703944403403	0.3528268593513058
72000	-7030.621278666785	-6741.6953515087525	-288.9259271580325	-6741.6953515087525	13.445582142991807	7.075905966662012	0.0078328012867338	2.4836574765239203	1.0	3.0915715709819773	5.787930730336898	-270.45641769056186	0.19289061760270781	0.3079121286056461	0.1463703944403403	0.3528268593513058
73000	-7030.776744434525	-6738.406372901093	-292.3703715334323	-6738.406372901093	13.097541028624264	7.319840016547556	0.008320358159897037	2.4836574765239203	1.0	3.0915715709819773	4.737606443401819	-273.7660964080751	0.19289061760270781	0.3079121286056461	0.1463703944403403	0.3528268593513058
74000	-7037.635931533072	-6746.753067909444	-290.882863623628	-6746.753067909444	13.097541028624264	7.523576417058003	0.008253407258265897	2.4836574765239203	1.0	3.0915715709819773	4.8528295252738385	-272.03422010874226	0.19289061760270781	0.3079121286056461	0.1463703944403403	0.3528268593513058
75000	-7028.025960669271	-6736.714401495159	-291.31155917411155	-6736.714401495159	13.653428718493572	8.915937727217589	0.008343098978388187	2.4836574765239203	1.0	3.0915715709819773	5.449520473512827	-270.79092547586004	0.19289061760270781	0.3031118827591782	0.1463703944403403	0.3576271051977737
76000	-7008.399318521697	-6714.891580681875	-293.50773783982146	-6714.891580681875	13.598355205136402	8.885638207367808	0.007727276561572641	2.4836574765239203	1.0	3.0915715709819773	5.394371026558801	-273.10754967918746	0.19289061760270781	0.3031118827591782	0.1463703944403403	0.3576271051977737
77000	-7013.2391874731375	-6720.748390192815	-292.4907972803219	-6720.748390192815	13.77907326019935	7.801326297299511	0.007767866157384029	2.4836574765239203	1.0	4.00534647910977	5.665701141471723	-272.323946337802	0.19289061760270781	0.3031118827591782	0.1463703944403403	0.3576271051977737
78000	-7027.084330676937	-6736.415997167951	-290.6683335089855	-6736.415997167951	13.50587427235388	9.825413106102479	0.008644485491038145	2.4836574765239203	1.0	4.00534647910977	5.230253828994051	-268.2424879100815	0.19289061760270781	0.3031118827591782	0.1463703944403403	0.3576271051977737
79000	-7025.759218968916	-6732.198620052786	-293.5605989161297	-6732.198620052786	13.281022229546382	8.343073464043316	0.008167061658632412	2.4836574765239203	1.0	3.7525909880153283	5.735623966873015	-272.9818039665015	0.18461191684000072	0.3061342916110276	0.1463703944403403	0.3628833971086313
80000	-7008.581376864851	-6712.709833568067	-295.87154329678424	-6712.709833568067	14.16217373814957	9.145775824901008	0.007833661537016501	2.4836574765239203	1.0	3.7525909880153283	6.4139852934562365	-274.33739149043674	0.18461191684000072	0.3061342916110276	0.1463703944403403	0.3628833971086313
81000	-7013.010961243925	-6719.265056721621	-293.7459045223042	-6719.265056721621	14.519693321758421	8.553328694563769	0.007900686297653883	2.4836574765239203	1.0	3.7525909880153283	5.6589282914711285	-272.98117652997325	0.18461191684000072	0.3061342916110276	0.1463703944403403	0.3628833971086313
82000	-6910.6994421679365	-6616.692831562557	-294.0066106053794	-6616.692831562557	14.069278152265497	9.72352035123732	0.00829316419741252	2.4836574765239203	1.0	4.501418821065722	4.771525781504145	-271.32939502093984	0.18461191684000072	0.3061342916110276	0.1463703944403403	0.3628833971086313
83000	-6880.218878089018	-6588.448599430982	-291.77027865803694	-6588.448599430982	14.204353875296956	8.964963564867768	0.007893384793394959	2.4836574765239203	1.0	4.501418821065722	5.741388572612336	-269.7892454995454	0.18461191684000072	0.3061342916110276	0.1463703944403403	0.3628833971086313
84000	-6861.324297873385	-6567.255014358234	-294.06928351515086	-6567.255014358234	14.82759891881316	9.758577524651445	0.008084687698082878	2.4836574765239203	1.0	4.501418821065722	5.801924667673151	-271.18378905347976	0.18461191684000072	0.3061342916110276	0.1463703944403403	0.3628833971086313
85000	-6838.179802633252	-6541.72480635014	-296.4549962831116	-6541.72480635014	14.758750224299684	9.657649760526011	0.007754772361244944	2.4836574765239203	1.0	4.501418821065722	5.543713108922938	-273.76709648518664	0.18461191684000072	0.3061342916110276	0.12970640172890308	0.3795473898200685
86000	-6814.317529664825	-6520.076362694034	-294.2411669707911	-6520.076362694034	14.404555419633674	9.442367351188482	0.0076621069680146685	2.4001561886577694	1.0	4.501418821065722	5.206111212484412	-271.89557266259243	0.18461191684000072	0.3061342916110276	0.12970640172890308	0.3795473898200685
87000	-6818.669567674264	-6528.159758990423	-290.50980868384033	-6528.159758990423	14.605238999581497	8.136312639276335	0.008125185911921786	2.4001561886577694	1.0	4.501418821065722	5.178662414415497	-269.5506868596724	0.18461191684000072	0.3061342916110276	0.12970640172890308	0.3795473898200685
88000	-6810.343825763873	-6519.407893495682	-290.93593226819064	-6519.407893495682	15.401173428265919	9.001418480899654	0.008015745443455449	2.4385051623821403	1.0	4.501418821065722	4.972801008080035	-269.06026090909563	0.18461191684000072	0.3061342916110276	0.12153047198222	0.3877233195667516
89000	-6813.257675209217	-6526.266990375321	-286.9906848338958	-6526.266990375321	15.242909175475319	9.009458512343183	0.0077970276490942955	2.4385051623821403	1.0	2.550678425540297	5.277981662269626	-267.0250954111475	0.18461191684000072	0.3061342916110276	0.12153047198222	0.3877233195667516
90000	-6810.445245416766	-6525.892182508877	-284.55306290788866	-6525.892182508877	14.913459078430376	9.233635797503517	0.008843595993255784	2.4385051623821403	1.0	2.550678425540297	5.24442100070328	-264.2211871956976	0.18461191684000072	0.3061342916110276	0.12153047198222	0.3877233195667516
91000	-6803.053198549392	-6519.6285009708645	-283.4246975785269	-6519.6285009708645	14.077077928578719	9.960449980657136	0.008895130831209158	2.4385051623821403	1.0	2.550678425540297	5.095267232111303	-262.32083505078424	0.18461191684000072	0.3061342916110276	0.12153047198222	0.3877233195667516
92000	-6770.476225086131	-6494.264131479022	-276.2120936071096	-6494.264131479022	14.66520786701838	8.463366962429753	0.008584735644337111	2.4385051623821403	1.0	2.550678425540297	5.331015529782915	-256.74232324557084	0.16481976159264458	0.3061342916110276	0.10373530483628496	0.4253106419600428
93000	-6781.932116241638	-6505.512486106241	-276.41963013539703	-6505.512486106241	15.054595399244029	9.966619566390275	0.008869213934758348	2.4385051623821403	1.0	2.550678425540297	4.5996949961463045	-255.4142920313425	0.16481976159264458	0.3061342916110276	0.10373530483628496	0.4253106419600428
94000	-6772.840980269452	-6496.205244273151	-276.63573599630104	-6496.205244273151	15.23869039849757	9.371856911977813	0.00902032820607962	2.4385051623821403	1.0	5.3938613371966495	3.680270090184027	-253.64339748957835	0.15233212725895534	0.3061342916110276	0.10373530483628496	0.437798276293732
95000	-6779.193744266241	-6504.251360004377	-274.9423842618641	-6504.251360004377	15.739133583466156	9.020232232566904	0.009273379319395007	2.2672367396922564	1.0	5.3938613371966495	3.818076868174234	-252.33760909346424	0.15233212725895534	0.3061342916110276	0.10373530483628496	0.437798276293732
96000	-6781.484169179606	-6505.297478429364	-276.18669075024224	-6505.297478429364	15.333918281229908	9.77259651917803	0.008824474863811422	2.2672367396922564	1.0	5.382387509226851	4.543467055189046	-252.6448002605509	0.15233212725895534	0.3061342916110276	0.10373530483628496	0.437798276293732
97000	-6782.967183716538	-6505.27071882349	-277.69646489304813	-6505.27071882349	15.017426537809463	9.564039278086636	0.00871688153945697	2.2672367396922564	1.0	5.382387509226851	4.743319156240131	-254.35181353273074	0.15233212725895534	0.3061342916110276	0.10373530483628496	0.437798276293732
98000	-6777.420074123858	-6502.743526002748	-274.67654812111095	-6502.743526002748	14.227431233681887	9.780006046820777	0.009166852592402698	2.2672367396922564	1.0	5.382387509226851	4.827841922673806	-251.02763985934754	0.15233212725895534	0.29867267912691603	0.10373530483628496	0.4452598887778436
99000	-6771.825188231087	-6498.974936278077	-272.8502519530104	-6498.974936278077	14.370930730650821	9.492521387900121	0.008928216914104137	2.2672367396922564	1.0	5.382387509226851	5.267809640341689	-249.45494956193207	0.15233212725895534	0.29867267912691603	0.10373530483628496	0.4452598887778436
100000	-6767.027619478617	-6496.351761430041	-270.6758580485766	-6496.351761430041	13.340133945964249	9.196875305243207	0.00917900289972677	2.2672367396922564	1.0	5.382387509226851	4.093975380709096	-247.82896218969387	0.15233212725895534	0.2934751958553825	0.10373530483628496	0.45045737204937714
