#
#model:
#
#<?xml version="1.0" encoding="UTF-8" standalone="no"?><input id="posterior" spec="beast.core.util.CompoundDistribution">
#    <distribution id="prior" spec="beast.core.util.CompoundDistribution">
#        <distribution id="CoalescentConstant.t:1" spec="beast.evolution.tree.coalescent.Coalescent">
#            <populationModel id="ConstantPopulation.t:1" spec="beast.evolution.tree.coalescent.ConstantPopulation">
#                <parameter id="popSize.t:1" name="popSize" spec="beast.core.parameter.RealParameter">0.3</parameter>
#            </populationModel>
#            <treeIntervals id="TreeIntervals.t:1" spec="beast.evolution.tree.coalescent.TreeIntervals">
#                <tree id="Tree.t:1" spec="beast.evolution.tree.Tree">
#                    <trait id="dateTrait.t:1" spec="beast.evolution.tree.TraitSet" traitname="date" value="2_2000.1=2000.1,17_2001.6=2001.6,18_2001.7=2001.7,21_2002=2002,24_2002.3=2002.3,26_2002.5=2002.5,5_2000.4=2000.4,7_2000.6=2000.6,4_2000.3=2000.3,13_2001.2=2001.2,15_2001.4=2001.4,16_2001.5=2001.5,1_2000=2000,8_2000.7=2000.7,3_2000.2=2000.2,12_2001.1=2001.1,22_2002.1=2002.1,32_2003.1=2003.1,28_2002.7=2002.7,43_2004.2=2004.2,46_2004.5=2004.5,55_2005.4=2005.4,63_2006.2=2006.2,65_2006.4=2006.4,66_2006.5=2006.5,67_2006.6=2006.6,23_2002.2=2002.2,10_2000.9=2000.9,14_2001.3=2001.3,33_2003.2=2003.2,39_2003.8=2003.8,34_2003.3=2003.3,44_2004.3=2004.3,48_2004.7=2004.7,53_2005.2=2005.2,52_2005.1=2005.1,58_2005.7=2005.7,9_2000.8=2000.8,6_2000.5=2000.5,11_2001=2001,25_2002.4=2002.4,20_2001.9=2001.9,47_2004.6=2004.6,36_2003.5=2003.5,45_2004.4=2004.4,50_2004.9=2004.9,42_2004.1=2004.1,51_2005=2005,35_2003.4=2003.4,37_2003.6=2003.6,57_2005.6=2005.6,59_2005.8=2005.8,61_2006=2006,62_2006.1=2006.1,41_2004=2004,40_2003.9=2003.9,49_2004.8=2004.8,74_2007.3=2007.3,77_2007.6=2007.6,68_2006.7=2006.7,70_2006.9=2006.9,81_2008=2008,19_2001.8=2001.8,27_2002.6=2002.6,29_2002.8=2002.8,30_2002.9=2002.9,31_2003=2003,38_2003.7=2003.7,56_2005.5=2005.5,69_2006.8=2006.8,82_2008.1=2008.1,80_2007.9=2007.9,83_2008.2=2008.2,87_2008.6=2008.6,71_2007=2007,75_2007.4=2007.4,72_2007.1=2007.1,91_2009=2009,88_2008.7=2008.7,94_2009.3=2009.3,98_2009.7=2009.7,79_2007.8=2007.8,84_2008.3=2008.3,78_2007.7=2007.7,76_2007.5=2007.5,89_2008.8=2008.8,93_2009.2=2009.2,96_2009.5=2009.5,97_2009.6=2009.6,95_2009.4=2009.4,100_2009.9=2009.9,54_2005.3=2005.3,60_2005.9=2005.9,64_2006.3=2006.3,73_2007.2=2007.2,86_2008.5=2008.5,85_2008.4=2008.4,90_2008.9=2008.9,99_2009.8=2009.8,92_2009.1=2009.1,101_2010=2010">
#                        <taxa id="TaxonSet.1" spec="beast.evolution.alignment.TaxonSet">
#                        </taxa>
#                    </trait>
#                    <taxonset idref="TaxonSet.1"/>
#                </tree>
#            </treeIntervals>
#        </distribution>
#        <prior id="rateOmega.prior" name="distribution">
#            <parameter id="rateOmega" lower="0.1" name="x" spec="beast.core.parameter.RealParameter" upper="10.0">0.5</parameter>
#            <Gamma id="Gamma.0" name="distr">
#                <parameter estimate="false" id="rateOmega.alpha" name="alpha" spec="beast.core.parameter.RealParameter">0.1</parameter>
#                <parameter estimate="false" id="rateOmega.beta" name="beta" spec="beast.core.parameter.RealParameter">1.0</parameter>
#            </Gamma>
#        </prior>
#        <prior id="rateMean.prior" name="distribution">
#            <parameter id="rateMean" lower="1.0E-4" name="x" spec="beast.core.parameter.RealParameter" upper="10.0">0.005</parameter>
#            <Gamma id="Gamma.1" name="distr">
#                <parameter estimate="false" id="rateMean.alpha" name="alpha" spec="beast.core.parameter.RealParameter">0.005</parameter>
#                <parameter estimate="false" id="rateMean.beta" name="beta" spec="beast.core.parameter.RealParameter">1.0</parameter>
#            </Gamma>
#        </prior>
#        <prior id="FrequenciesPrior.s:1" name="distribution">
#            <parameter dimension="4" id="freqParameter.s:1" lower="0.0" name="x" spec="beast.core.parameter.RealParameter" upper="1.0">0.25</parameter>
#            <Uniform id="Uniform.3" name="distr"/>
#        </prior>
#        <prior id="GammaShapePrior.s:1" name="distribution">
#            <parameter id="gammaShape.s:1" name="x" spec="beast.core.parameter.RealParameter">1.0</parameter>
#            <Exponential id="Exponential.0" name="distr">
#                <parameter estimate="false" id="RealParameter.0" name="mean" spec="beast.core.parameter.RealParameter">1.0</parameter>
#            </Exponential>
#        </prior>
#        <prior id="KappaPrior.s:1" name="distribution">
#            <parameter id="kappa.s:1" lower="0.0" name="x" spec="beast.core.parameter.RealParameter">2.0</parameter>
#            <LogNormal id="LogNormalDistributionModel.0" name="distr">
#                <parameter estimate="false" id="RealParameter.1" name="M" spec="beast.core.parameter.RealParameter">1.0</parameter>
#                <parameter estimate="false" id="RealParameter.2" name="S" spec="beast.core.parameter.RealParameter">1.25</parameter>
#            </LogNormal>
#        </prior>
#        <prior id="PopSizePrior.t:1" name="distribution" x="@popSize.t:1">
#            <OneOnX id="OneOnX.1" name="distr"/>
#        </prior>
#    </distribution>
#    <distribution id="likelihood" spec="beast.core.util.CompoundDistribution" useThreads="true">
#        <distribution data="@1" id="treeLikelihood.1" spec="beast.evolution.likelihood.ThreadedTreeLikelihood" tree="@Tree.t:1">
#            <siteModel gammaCategoryCount="4" id="SiteModel.s:1" shape="@gammaShape.s:1" spec="beast.evolution.sitemodel.SiteModel">
#                <parameter id="mutationRate.s:1" name="mutationRate" spec="beast.core.parameter.RealParameter">1.0</parameter>
#                <parameter estimate="false" id="proportionInvariant.s:1" lower="0.0" name="proportionInvariant" spec="beast.core.parameter.RealParameter" upper="1.0">0.0</parameter>
#                <substModel id="hky.s:1" kappa="@kappa.s:1" spec="beast.evolution.substitutionmodel.HKY">
#                    <frequencies frequencies="@freqParameter.s:1" id="estimatedFreqs.s:1" spec="beast.evolution.substitutionmodel.Frequencies"/>
#                </substModel>
#            </siteModel>
#            <branchRateModel id="branchRates" numSites="1000" numberOfDiscreteRates="12" rateMean="@rateMean" rateOmega="@rateOmega" spec="beast.evolution.branchratemodel.ARClockModel" tree="@Tree.t:1">
#                <rateCategories dimension="200" id="rateCategories" spec="beast.core.parameter.IntegerParameter">1</rateCategories>
#            </branchRateModel>
#        </distribution>
#    </distribution>
#</input>
#
Sample	posterior	likelihood	prior	treeLikelihood	TreeHeight	rateOmega	rateMean	kappa	mutationRate	gammaShape	popSize	CoalescentConstant	freqParameter.1	freqParameter.2	freqParameter.3	freqParameter.4
0	-46654.187037068514	-46420.153830898154	-234.03320617036022	-46420.153830898154	10.751582664363609	0.5	0.005	2.0	1.0	1.0	0.3	-230.21431273121476	0.25	0.25	0.25	0.25
1000	-24220.676398748496	-23149.11826241003	-1071.5581363384654	-23149.11826241003	15.711806762435511	0.330409797086862	0.034405269428115615	2.0	1.0	1.0	1.6402406559913294	-1064.634331058306	0.24521919259014663	0.2549333024824592	0.2450666975175408	0.25478080740985337
2000	-18804.214864094916	-18389.8982719418	-414.31659215311464	-18389.8982719418	15.480561710828148	1.1367234594142384	0.0205943556044049	2.0	1.0	0.768123607670296	10.598647772832711	-404.3648894005644	0.25002790500841826	0.2549333024824592	0.24025798509926918	0.25478080740985337
3000	-16932.511005150503	-16542.442172402618	-390.06883274788726	-16542.442172402618	17.185381694345963	5.359125471529331	0.019230844219892237	2.0	1.0	0.768123607670296	15.005559593415775	-374.22097046371584	0.25002790500841826	0.2504024000425049	0.24025798509926918	0.25931170984980767
4000	-15199.269289083113	-14806.38152082639	-392.88776825672403	-14806.38152082639	14.758495432693042	9.84368982362472	0.02014659608107756	2.0	1.0	0.768123607670296	16.403594050752545	-371.87183205700336	0.25002790500841826	0.24475853052421423	0.24025798509926918	0.2649555793680983
5000	-13689.038651497098	-13302.124115677658	-386.9145358194401	-13302.124115677658	14.758495432693042	9.520663786388562	0.017558989719861976	3.997830803290948	1.0	0.6573232056101344	14.616113085032177	-365.9071095424762	0.25002790500841826	0.25319869978077925	0.23181781584270417	0.2649555793680983
6000	-13406.333423949112	-13021.327474028649	-385.00594992046325	-13021.327474028649	16.005055293387624	9.59567752447949	0.018188852672301574	3.997830803290948	1.0	0.6573232056101344	13.738754080655434	-363.9426539954402	0.25002790500841826	0.25319869978077925	0.23181781584270417	0.2649555793680983
7000	-12700.467842141166	-12314.044281417637	-386.4235607235289	-12314.044281417637	16.607048247306906	9.836342738443664	0.014177235159595203	3.997830803290948	1.0	0.6573232056101344	11.331558681512313	-365.54187160137593	0.24927262272283962	0.2619293202088788	0.22384247770018326	0.2649555793680983
8000	-12276.569048155108	-11891.009990795546	-385.5590573595624	-11891.009990795546	16.92059100084185	9.859512800963236	0.01496655100899091	3.997830803290948	1.0	0.6573232056101344	14.871679573150908	-364.3255149265797	0.2358488237525448	0.2619293202088788	0.2372662766704781	0.2649555793680983
9000	-11883.142468381571	-11497.717738663732	-385.4247297178394	-11497.717738663732	20.02787243314586	9.98453953262548	0.013801683010849641	3.997830803290948	1.0	0.6573232056101344	14.098360516340474	-364.1900067259462	0.23571929429995558	0.2619293202088788	0.23254378553150445	0.26980759995966114
10000	-10735.429965528696	-10354.517558949628	-380.91240657906724	-10354.517558949628	19.13831545785578	9.705105786337446	0.011915309029650559	3.997830803290948	1.0	0.5415382664647527	12.592117675015121	-360.3595549479086	0.2317579337230403	0.2619293202088788	0.23650514610841974	0.26980759995966114
11000	-10525.17695538218	-10142.026434933876	-383.1505204483042	-10142.026434933876	18.92700942168467	9.842676996313616	0.011238985422393702	3.997830803290948	1.0	0.5415382664647527	12.863489221290187	-362.48492720679576	0.2317579337230403	0.2619293202088788	0.23650514610841974	0.26980759995966114
12000	-10300.318106517772	-9913.612415167416	-386.7056913503562	-9913.612415167416	18.92700942168467	9.1871076061344	0.01100836500955644	3.997830803290948	1.0	0.5415382664647527	15.895090453721705	-366.56694422576845	0.2317579337230403	0.2619293202088788	0.22833456959313655	0.2779781764749443
13000	-9997.711929803858	-9619.174465154601	-378.5374646492562	-9619.174465154601	18.92700942168467	9.59201750674762	0.010550619913237188	3.997830803290948	1.0	0.5415382664647527	12.848124251499302	-358.21051921362573	0.2317579337230403	0.2650422857782007	0.22522160402381466	0.2779781764749443
14000	-9651.724044279628	-9280.634712111794	-371.0893321678343	-9280.634712111794	20.259399715204193	7.861532695169674	0.010257626718841038	3.997830803290948	1.0	0.5415382664647527	12.100323195285952	-352.76020719597733	0.2317579337230403	0.26239701964977924	0.22522160402381466	0.2806234426033658
15000	-9487.095237097983	-9114.155071230109	-372.9401658678753	-9114.155071230109	19.978983189418976	7.725408346896414	0.009768549048049581	4.180961708386282	1.0	1.0201232539346874	11.32486858183682	-354.34314094761913	0.2317579337230403	0.26239701964977924	0.22522160402381466	0.2806234426033658
16000	-9272.49500842611	-8899.334627326038	-373.1603811000731	-8899.334627326038	21.07493410493783	8.203889879169697	0.00919248137649419	4.180961708386282	1.0	1.0201232539346874	13.655478787792678	-353.9047047284978	0.2317579337230403	0.26239701964977924	0.22522160402381466	0.2806234426033658
17000	-9130.570308737346	-8756.81359189779	-373.7567168395566	-8756.81359189779	21.16707043220121	9.230733208910314	0.009446844678888911	4.180961708386282	1.0	1.0201232539346874	11.8956797606384	-353.4786128377914	0.2317579337230403	0.26239701964977924	0.22522160402381466	0.2806234426033658
18000	-9053.706734579127	-8677.175671728868	-376.53106285025945	-8677.175671728868	20.85416299161551	9.9461913949752	0.009857902470899302	4.180961708386282	1.0	1.0201232539346874	10.173124423423893	-355.58394975013465	0.2317579337230403	0.26239701964977924	0.22522160402381466	0.2806234426033658
19000	-8844.13211089084	-8469.764863560376	-374.3672473304628	-8469.764863560376	21.652175506294302	8.375174570597208	0.008951572863009277	4.180961708386282	1.0	0.7721813556914083	16.06078523099238	-355.0340560060547	0.2317579337230403	0.26239701964977924	0.22522160402381466	0.2806234426033658
20000	-8773.240686660534	-8393.678179149909	-379.56250751062464	-8393.678179149909	21.652175506294302	8.9748896295536	0.008697450177090324	4.180961708386282	1.0	1.0280779692807676	14.853931443275844	-359.4184871792297	0.22590137071375305	0.26239701964977924	0.22394098635371754	0.28776062328275015
21000	-8622.80121989133	-8241.569726687687	-381.231493203642	-8241.569726687687	20.67289080606522	9.508177948691035	0.008768403241207173	4.180961708386282	1.0	0.9827384170179487	14.546202794768798	-360.56035408195726	0.22590137071375305	0.26239701964977924	0.22222502534256272	0.289476584293905
22000	-8424.572461467726	-8045.482547735507	-379.0899137322193	-8045.482547735507	22.388287949813552	9.988461035534698	0.008609312272555004	4.180961708386282	1.0	0.9827384170179487	13.6958090133852	-357.97275901257854	0.22590137071375305	0.26239701964977924	0.22222502534256272	0.289476584293905
23000	-8338.548269393956	-7960.685886460398	-377.8623829335567	-7960.685886460398	22.965587596062186	9.332225377824068	0.008323066509141901	4.180961708386282	1.0	0.9827384170179487	13.308868453800837	-357.52521531443074	0.22590137071375305	0.26239701964977924	0.22222502534256272	0.289476584293905
24000	-8147.71640810009	-7764.196938705079	-383.5194693950109	-7764.196938705079	21.887380830583265	9.94732270402714	0.008157615185551954	4.180961708386282	1.0	1.2367473935904008	15.484878575737726	-362.1244591186673	0.22590137071375305	0.26239701964977924	0.22222502534256272	0.289476584293905
25000	-8116.490523691742	-7734.8457275035935	-381.64479618814863	-7734.8457275035935	23.08101804268197	9.88255089838802	0.008157615185551954	4.180961708386282	1.0	1.2367473935904008	14.957196767649402	-360.3551086123944	0.22590137071375305	0.26305000422710917	0.22222502534256272	0.28882359971657506
26000	-8120.350559458827	-7734.959427511164	-385.3911319476632	-7734.959427511164	24.37292942345183	7.949133686951155	0.0071758881590839076	4.180961708386282	1.0	1.2367473935904008	16.801469476969768	-366.2430906783783	0.22590137071375305	0.26305000422710917	0.22222502534256272	0.28882359971657506
27000	-8063.33649181459	-7686.482849075226	-376.85364273936364	-7686.482849075226	26.35185030456515	9.219620037657068	0.00760055840608708	4.180961708386282	1.0	1.2367473935904008	12.895031279004032	-356.5086632454542	0.22759592641529042	0.26305000422710917	0.22053046964102535	0.28882359971657506
28000	-8008.466175569018	-7630.949502338782	-377.5166732302356	-7630.949502338782	25.62799496441769	9.00615116890001	0.007351592970434224	4.180961708386282	1.0	1.2367473935904008	17.031872707804744	-357.1613887738991	0.22759592641529042	0.26305000422710917	0.22053046964102535	0.28882359971657506
29000	-7951.125227260512	-7573.368083103882	-377.75714415662975	-7573.368083103882	25.01069845447788	8.315625871024219	0.006920858174008308	4.180961708386282	1.0	1.2367473935904008	11.564607066659988	-358.6118225109027	0.22459441208844733	0.26605151855395226	0.21399085570272663	0.2953632136548738
30000	-7916.358570858709	-7545.977840510297	-370.38073034841193	-7545.977840510297	22.990930278788934	6.184352968746766	0.007182863129784927	4.180961708386282	1.0	1.4930313948044125	13.233067601788553	-353.20489619156643	0.2167040406105082	0.26605151855395226	0.22188122718066577	0.2953632136548738
31000	-7875.965126517858	-7497.410742833	-378.5543836848586	-7497.410742833	23.258474249230645	8.650568699646097	0.006947169260600312	4.180961708386282	1.0	1.4930313948044125	13.18434977576621	-358.64741237012436	0.2167040406105082	0.2576288978476492	0.22139749237435336	0.30426956916748926
32000	-7872.932047762651	-7495.720794805323	-377.21125295732793	-7495.720794805323	23.687223788603248	8.154421367386183	0.007131600757240868	4.180961708386282	1.0	1.4930313948044125	15.92421115800981	-357.63852225158195	0.2167040406105082	0.2576288978476492	0.22139749237435336	0.30426956916748926
33000	-7860.16456054478	-7481.828190240767	-378.33637030401286	-7481.828190240767	25.22148356357218	8.832387242869281	0.006491767206229511	4.180961708386282	1.0	1.454906096927132	15.426493298047587	-358.17784551922904	0.2167040406105082	0.2576288978476492	0.22139749237435336	0.30426956916748926
34000	-7732.262375302938	-7361.556194833731	-370.70618046920737	-7361.556194833731	23.514793676399464	8.060988666214085	0.006296001249845846	4.180961708386282	1.0	1.3477241452351476	12.59062199752623	-351.74228329310466	0.2167040406105082	0.2576288978476492	0.22139749237435336	0.30426956916748926
35000	-7589.066540657099	-7219.570755888054	-369.49578476904503	-7219.570755888054	24.432092551754447	8.376294976220107	0.00652667744386681	4.180961708386282	1.0	1.3477241452351476	12.596634067021402	-350.14553731359166	0.2167040406105082	0.2576288978476492	0.22139749237435336	0.30426956916748926
36000	-7497.911679217199	-7134.374732656962	-363.53694656023686	-7134.374732656962	23.52532164794687	8.335060914592265	0.00644026692564291	4.180961708386282	1.0	1.791528703269625	12.481529656765737	-343.8110974866214	0.21046488930904023	0.2576288978476492	0.22763664367582132	0.30426956916748926
37000	-7467.654409656997	-7109.268977432521	-358.3854322244757	-7109.268977432521	26.465929045382758	8.061018533980679	0.006237225308593195	4.180961708386282	1.0	1.791528703269625	10.358924873932809	-339.18219225173067	0.21046488930904023	0.2576288978476492	0.22763664367582132	0.30426956916748926
38000	-7440.081456295678	-7081.22836610387	-358.85309019180863	-7081.22836610387	25.189336328255994	8.165198959204544	0.00630499958655107	4.180961708386282	1.0	1.791528703269625	10.196350053237449	-339.5391101526612	0.21046488930904023	0.2576288978476492	0.22763664367582132	0.30426956916748926
39000	-7432.543245319098	-7074.724806028171	-357.8184392909269	-7074.724806028171	23.64948534532631	8.427225774947521	0.005980151143274874	3.885659734167771	1.0	2.2318176667448046	10.130486084957411	-337.92486849582804	0.21046488930904023	0.2576288978476492	0.22763664367582132	0.30426956916748926
40000	-7438.2596111684	-7082.398165170447	-355.8614459979525	-7082.398165170447	22.984240615734056	7.758754408828528	0.005716146882365971	3.885659734167771	1.0	2.811183291847659	9.783401172266963	-336.21141342895515	0.21046488930904023	0.2576288978476492	0.22763664367582132	0.30426956916748926
41000	-7394.887010965095	-7044.4400587306845	-350.44695223441073	-7044.4400587306845	21.098539775058693	8.812111734907633	0.006431215699477472	3.885659734167771	1.0	2.811183291847659	9.198269644108821	-329.57266501889427	0.21046488930904023	0.2577907151851241	0.21762282252415202	0.31412157298168364
42000	-7396.975358931837	-7042.435938283272	-354.5394206485649	-7042.435938283272	22.008869785419822	8.877640083957168	0.006803493650997591	3.8074843450177354	1.0	2.811183291847659	8.397841260223464	-333.65245378301296	0.21046488930904023	0.2577907151851241	0.21762282252415202	0.31412157298168364
43000	-7386.293040272189	-7034.785808789995	-351.5072314821933	-7034.785808789995	23.376458357292716	8.609402308068232	0.006289270342442895	3.8074843450177354	1.0	2.811183291847659	8.789879035425779	-330.9492013620603	0.21316027833564236	0.2577907151851241	0.2149274334975499	0.31412157298168364
44000	-7375.161790863069	-7025.3042267556275	-349.8575641074409	-7025.3042267556275	22.641097743327943	8.800504260262315	0.0066199504394461395	3.8074843450177354	1.0	2.811183291847659	8.971581867448709	-329.01689497345694	0.2106845260940382	0.2602664674267282	0.2149274334975499	0.31412157298168364
45000	-7382.742985601224	-7033.09658839057	-349.646397210654	-7033.09658839057	23.036395798776308	9.56261968554062	0.00676055131891137	3.8074843450177354	1.0	2.811183291847659	10.769789200162348	-327.76513024350686	0.2106845260940382	0.2602664674267282	0.2149274334975499	0.31412157298168364
46000	-7369.417947971245	-7022.588891748259	-346.8290562229858	-7022.588891748259	23.279249289797587	9.501043346312873	0.00682685731899406	3.8074843450177354	1.0	4.02120708557701	9.847731265827045	-323.8848822042249	0.2106845260940382	0.2602664674267282	0.2149274334975499	0.31412157298168364
47000	-7377.849092366821	-7032.114631931855	-345.73446043496625	-7032.114631931855	25.145800572723843	8.686456153509729	0.006869615380700865	3.8074843450177354	1.0	4.998925074426137	11.963912953343849	-322.50691954800317	0.19748588897494726	0.2602664674267282	0.22812607061664084	0.31412157298168364
48000	-7362.786337045153	-7017.830222356039	-344.9561146891149	-7017.830222356039	21.766975753421548	9.33656818014581	0.007004505882442748	3.8074843450177354	1.0	4.998925074426137	10.090870714638106	-321.16428599889275	0.19748588897494726	0.2602664674267282	0.22812607061664084	0.31412157298168364
49000	-7353.760514303919	-7012.91940823927	-340.8411060646497	-7012.91940823927	21.36487899356374	8.19867618919977	0.006698785838222283	3.8074843450177354	1.0	4.998925074426137	8.22540918215577	-318.55325182395484	0.19748588897494726	0.2602664674267282	0.22812607061664084	0.31412157298168364
50000	-7365.843079097804	-7026.694781039987	-339.14829805781636	-7026.694781039987	20.946114913708186	8.967717751897158	0.006748600528844562	3.8074843450177354	1.0	4.998925074426137	8.063489265494258	-316.02316963091215	0.19742997452012453	0.26032238188155093	0.22812607061664084	0.31412157298168364
51000	-7362.234843147578	-7023.277152755972	-338.95769039160655	-7023.277152755972	20.059679829213522	9.939282845061804	0.007276248745054739	3.8074843450177354	1.0	4.998925074426137	10.029885873026775	-314.474765191336	0.19742997452012453	0.26032238188155093	0.22812607061664084	0.31412157298168364
52000	-7374.32025448114	-7045.823681052495	-328.4965734286448	-7045.823681052495	21.11428828149786	7.986472771050105	0.0069257065506640805	3.4942997120176016	1.0	4.998925074426137	8.668612303946098	-306.46065828476054	0.19742997452012453	0.26032238188155093	0.22812607061664084	0.31412157298168364
53000	-7364.755862533531	-7036.1060306108975	-328.6498319226342	-7036.1060306108975	20.935756819112875	7.923813372017512	0.006948450848501985	3.4942997120176016	1.0	4.998925074426137	8.308631764652159	-306.72279390960745	0.19742997452012453	0.26032238188155093	0.22812607061664084	0.31412157298168364
54000	-7362.526656393543	-7036.211386980807	-326.31526941273546	-7036.211386980807	20.935756819112875	7.093465481844686	0.006456327391208476	3.4942997120176016	1.0	4.998925074426137	8.677208087514815	-305.34838604894054	0.19742997452012453	0.26032238188155093	0.22812607061664084	0.31412157298168364
55000	-7339.4479596052115	-7018.015950055772	-321.4320095494391	-7018.015950055772	19.031739534677392	9.241556533472957	0.006747590826268776	3.4942997120176016	1.0	2.490669966557258	6.859781821155784	-300.77803621876706	0.19742997452012453	0.26032238188155093	0.22812607061664084	0.31412157298168364
56000	-7328.011532494249	-7011.067619529777	-316.9439129644716	-7011.067619529777	17.334244553698145	8.519366636945756	0.00693944565928681	3.4942997120176016	1.0	2.490669966557258	6.143082255471641	-297.16762200827037	0.17262720363655132	0.26032238188155093	0.24210626408576952	0.3249441503961282
57000	-7319.255547387141	-7001.99127086833	-317.2642765188112	-7001.99127086833	17.393767359009978	9.97131926105399	0.007194509319500168	3.579199618578733	1.0	4.274570759331699	7.1825904500897755	-293.8899449806965	0.17262720363655132	0.26032238188155093	0.24210626408576952	0.3249441503961282
58000	-7335.208885243763	-7014.985765892395	-320.22311935136815	-7014.985765892395	19.074486298492136	9.760207078522043	0.007182789257433675	3.579199618578733	1.0	4.515600668287563	7.074267338949871	-296.85495958811055	0.17262720363655132	0.2607900849322532	0.24163856103506723	0.3249441503961282
59000	-7323.516123821892	-7000.218809684155	-323.2973141377368	-7000.218809684155	20.595120892961425	9.666683023430434	0.006916230092137413	3.562664197901388	1.0	5.159742616005114	7.760084018017148	-299.3380062705644	0.17262720363655132	0.2607900849322532	0.24163856103506723	0.3249441503961282
60000	-7314.128750888201	-6999.2501658059855	-314.8785850822147	-6999.2501658059855	18.728277668110945	9.933472935711228	0.007398019426941916	3.562664197901388	1.0	3.3463015538705165	6.636866073659591	-292.5302926536383	0.17262720363655132	0.2532735213362658	0.24163856103506723	0.3324607139921156
61000	-7286.423657418905	-6977.927965989361	-308.49569142954465	-6977.927965989361	17.909551258380656	9.469469880908505	0.007415543810654368	3.562664197901388	1.0	3.1745958312151195	6.928130518926904	-286.7808394646591	0.16307764454269075	0.26282308043012637	0.24163856103506723	0.3324607139921156
62000	-7289.464368195805	-6985.214860711935	-304.2495074838698	-6985.214860711935	18.801125767515533	9.469469880908505	0.007371912127133283	4.032002404885903	1.0	3.1745958312151195	5.787072000204982	-282.570453973723	0.16307764454269075	0.26282308043012637	0.24163856103506723	0.3324607139921156
63000	-7241.235699001451	-6940.057035496417	-301.1786635050345	-6940.057035496417	19.61035280509595	9.020754607030613	0.006991361770679287	4.032002404885903	1.0	3.1745958312151195	6.107460906390394	-279.9912483602448	0.16307764454269075	0.2594967586473588	0.21682790711712152	0.3605976896928288
64000	-7246.749718496709	-6944.825537342692	-301.92418115401694	-6944.825537342692	18.10670114622366	8.291175825240982	0.007526519489376313	4.032002404885903	1.0	3.1745958312151195	7.207527860977921	-281.30270874054094	0.16307764454269075	0.2594967586473588	0.21682790711712152	0.3605976896928288
65000	-7232.469805491514	-6930.1878321245085	-302.2819733670058	-6930.1878321245085	19.003323988524713	9.79405293513091	0.007918197648364995	4.032002404885903	1.0	3.1745958312151195	7.087206859245619	-279.9736644273458	0.18158434966804166	0.2594967586473588	0.1983212019917706	0.3605976896928288
66000	-7244.454618537845	-6943.260353288367	-301.1942652494784	-6943.260353288367	18.909761590534018	8.12238276098985	0.007303044704151646	4.032002404885903	1.0	3.1745958312151195	5.33217624006449	-281.09167801796247	0.18158434966804166	0.2594967586473588	0.1983212019917706	0.3605976896928288
67000	-7239.012164618714	-6937.491926491456	-301.52023812725827	-6937.491926491456	19.618818468847625	8.62104882906076	0.007921243918655596	4.032002404885903	1.0	4.0351963872148024	6.21255237623733	-279.77047820299117	0.18158434966804166	0.2594967586473588	0.1983212019917706	0.3605976896928288
68000	-7240.816519079228	-6939.679387222405	-301.1371318568226	-6939.679387222405	19.362784732309784	8.061765027448233	0.007559511367909847	4.032002404885903	1.0	4.0351963872148024	6.60945577695937	-279.99196277224553	0.18158434966804166	0.2594967586473588	0.1983212019917706	0.3605976896928288
69000	-7232.23112217262	-6929.332218923171	-302.8989032494489	-6929.332218923171	21.914359618468083	9.66056290484903	0.007962750006962026	4.032002404885903	1.0	4.0351963872148024	5.841928630886904	-280.06343789407333	0.18296771792353878	0.2594967586473588	0.1969378337362735	0.3605976896928288
70000	-7231.081835988508	-6930.222793190023	-300.8590427984847	-6930.222793190023	21.25659104334677	9.999589854162995	0.0077820749767287985	4.032002404885903	1.0	4.0351963872148024	5.824124976725047	-277.67957709545124	0.18296771792353878	0.2594967586473588	0.1969378337362735	0.3605976896928288
71000	-7222.986753552728	-6919.909164683552	-303.0775888691758	-6919.909164683552	23.16685121949555	9.686784687065813	0.0072793357910536935	3.0923576479353714	1.0	4.0351963872148024	6.1421537920393	-280.5630687958368	0.1922199042353105	0.2594967586473588	0.18768564742450178	0.3605976896928288
72000	-7212.190639486189	-6911.513915247069	-300.6767242391198	-6911.513915247069	22.31974064617534	9.206427423429787	0.007348357811611343	3.0923576479353714	1.0	4.0351963872148024	6.063307210829905	-278.6917970305013	0.17931328196656218	0.2594967586473588	0.20059226969325009	0.3605976896928288
73000	-7203.923826461144	-6908.222103621016	-295.7017228401284	-6908.222103621016	23.376640766726474	9.270536505572544	0.007197589789397211	3.0923576479353714	1.0	4.0351963872148024	5.96007920485039	-273.6843904898855	0.17931328196656218	0.2594967586473588	0.20059226969325009	0.3605976896928288
74000	-7213.047455220849	-6919.116131511024	-293.93132370982494	-6919.116131511024	24.719447155232817	8.910918550942736	0.00679323115046908	3.0923576479353714	1.0	4.0351963872148024	5.513445970285361	-272.44504556869055	0.17931328196656218	0.2594967586473588	0.20059226969325009	0.3605976896928288
75000	-7200.7214555915125	-6908.721530894349	-291.9999246971641	-6908.721530894349	23.105902937770065	9.328632161599405	0.007438509690685813	3.0923576479353714	1.0	4.0351963872148024	6.169453883853429	-269.8513471106946	0.17931328196656218	0.2543022310825614	0.20059226969325009	0.36579221725762623
76000	-7217.484899252813	-6923.230714495071	-294.2541847577427	-6923.230714495071	22.77300968070424	9.394270934327945	0.007026146090949956	3.0923576479353714	1.0	4.0351963872148024	4.96065544855266	-272.3088897490331	0.17931328196656218	0.2543022310825614	0.20059226969325009	0.36579221725762623
77000	-7189.39909882714	-6895.936472879212	-293.46262594792853	-6895.936472879212	19.707471510399017	8.35903297236027	0.00860731510825362	3.0923576479353714	1.0	4.0351963872148024	5.773431369463285	-272.3023813502111	0.17931328196656218	0.2543022310825614	0.20059226969325009	0.36579221725762623
78000	-7128.6251935306755	-6839.5640105806915	-289.0611829499844	-6839.5640105806915	20.72826833923857	7.574151263211086	0.0073479104401316005	3.0923576479353714	1.0	3.3081118552091637	4.774856644906129	-269.85021341818305	0.17931328196656218	0.2543022310825614	0.20059226969325009	0.36579221725762623
79000	-7104.547061414241	-6815.017839524315	-289.5292218899263	-6815.017839524315	20.439566391266705	8.83511064143487	0.0075363979628909495	3.0923576479353714	1.0	4.381227813192107	4.929715701810842	-267.7882763477982	0.17396393635718213	0.2543022310825614	0.20059226969325009	0.3711415628670063
80000	-7133.9542375970095	-6839.4428485369845	-294.51138906002484	-6839.4428485369845	21.482639035096586	7.9988459789566395	0.007355003631957007	3.0923576479353714	1.0	5.45520233243735	6.167037820339708	-272.422712140085	0.17396393635718213	0.2543022310825614	0.20059226969325009	0.3711415628670063
81000	-7119.583350335346	-6830.440983781318	-289.1423665540279	-6830.440983781318	21.265513784543433	6.300269174940045	0.006945759296014042	3.0923576479353714	1.0	3.3963083827413185	5.338346740386134	-271.227669982959	0.17396393635718213	0.2543022310825614	0.20059226969325009	0.3711415628670063
82000	-7120.938444277931	-6834.469660810056	-286.46878346787514	-6834.469660810056	21.512331117818555	7.890965661068066	0.007798937611437853	3.3320983147853136	1.0	3.3963083827413185	4.767321679054426	-266.6751640813242	0.1903506587391855	0.2543022310825614	0.18420554731124672	0.3711415628670063
83000	-7112.3358212614785	-6821.650620838595	-290.68520042288304	-6821.650620838595	20.548938946949274	7.031273853477998	0.007581143821624816	3.3320983147853136	1.0	3.3963083827413185	6.648991591165034	-271.55080746806675	0.1903506587391855	0.2543022310825614	0.18420554731124672	0.3711415628670063
84000	-7108.016028459832	-6818.583291132145	-289.43273732768705	-6818.583291132145	21.35968044758605	8.258388132858158	0.007660032928277851	3.3320983147853136	1.0	3.3963083827413185	5.654453628515668	-269.078097104593	0.1903506587391855	0.2543022310825614	0.18420554731124672	0.3711415628670063
85000	-7117.015665687176	-6823.15533767544	-293.86032801173553	-6823.15533767544	21.225034742274573	8.35238577942768	0.008089059064045988	3.3320983147853136	1.0	4.832478007524667	5.472666419228021	-271.94335935229685	0.200216442848266	0.2543022310825614	0.1743397632021662	0.3711415628670063
86000	-7130.368956814286	-6831.851575854808	-298.5173809594783	-6831.851575854808	19.73144358485359	9.312928335393355	0.00872458169582218	3.1649659302004833	1.0	4.832478007524667	7.448896942023435	-275.2150276000222	0.200216442848266	0.2543022310825614	0.1743397632021662	0.3711415628670063
87000	-7104.957097141013	-6813.344676227226	-291.61242091378705	-6813.344676227226	20.854832281254993	8.78207120511463	0.007720911767104607	3.1649659302004833	1.0	4.832478007524667	5.370118233500945	-269.34356755904207	0.200216442848266	0.2543022310825614	0.1743397632021662	0.3711415628670063
88000	-7114.405506009663	-6816.42971918975	-297.9757868199131	-6816.42971918975	20.261068309993448	9.699546642095441	0.007306881831508231	3.1649659302004833	1.0	4.832478007524667	6.089238313706106	-274.6296090635626	0.200216442848266	0.2543022310825614	0.1743397632021662	0.3711415628670063
89000	-7121.675356173637	-6824.609702660117	-297.06565351351946	-6824.609702660117	20.59781334756231	7.9622132914146615	0.007382180174464244	3.1649659302004833	1.0	4.832478007524667	6.0569703409699125	-275.62948087176466	0.200216442848266	0.2543022310825614	0.16817443016126793	0.37730689590790456
90000	-7113.121649591671	-6814.400992085318	-298.720657506353	-6814.400992085318	20.14302638977711	7.77772899873077	0.0072091453899906285	3.1649659302004833	1.0	4.832478007524667	6.492039432721456	-277.4444735630528	0.200216442848266	0.2543022310825614	0.16817443016126793	0.37730689590790456
91000	-7119.315104961712	-6824.490875995222	-294.82422896648995	-6824.490875995222	20.14302638977711	8.557314145021458	0.007726730371656401	3.1649659302004833	1.0	2.5309889666017846	6.073900457094088	-274.9810485925911	0.200216442848266	0.2543022310825614	0.16817443016126793	0.37730689590790456
92000	-7099.088162187036	-6811.509237107246	-287.57892507978954	-6811.509237107246	19.32555451259213	7.745902281894311	0.008472800036039067	3.1649659302004833	1.0	2.5309889666017846	5.234086328453819	-268.69316497956135	0.200216442848266	0.2543022310825614	0.1501707280041519	0.39531059806502056
93000	-6940.75323224087	-6658.8346929913505	-281.9185392495189	-6658.8346929913505	17.917744359289607	6.922397512215601	0.00771667424977003	3.1649659302004833	1.0	2.85468849898285	4.848252846730227	-263.8040861976091	0.200216442848266	0.2543022310825614	0.1501707280041519	0.39531059806502056
94000	-6929.163572038575	-6644.412710440729	-284.7508615978457	-6644.412710440729	18.452571719213008	8.036676502043802	0.008363200511706593	3.1649659302004833	1.0	7.25003285440649	5.658682115036977	-260.75718251564916	0.200216442848266	0.2543022310825614	0.1501707280041519	0.39531059806502056
95000	-6874.329442370966	-6594.261255506704	-280.0681868642616	-6594.261255506704	16.918992226541775	9.947756614761515	0.008115739688565392	2.918171076256994	1.0	7.25003285440649	4.748825841624418	-254.263837304311	0.200216442848266	0.2543022310825614	0.1501707280041519	0.39531059806502056
96000	-6857.249864987192	-6580.60485879715	-276.64500619004235	-6580.60485879715	19.2700972548741	8.301376780583517	0.00815802005951905	2.918171076256994	1.0	8.795046118864192	5.09789693373915	-251.02871316902937	0.200216442848266	0.2543022310825614	0.1501707280041519	0.39531059806502056
97000	-6841.597085215001	-6559.821710641201	-281.7753745737999	-6559.821710641201	20.614673907876362	8.058687296986914	0.007885353589855234	2.918171076256994	1.0	8.795046118864192	5.53872164567779	-256.37963616338345	0.200216442848266	0.2543022310825614	0.1398776349329643	0.4056036911362082
98000	-6839.502104129766	-6557.500951449737	-282.00115268002907	-6557.500951449737	20.81226252068265	7.971568449457076	0.007604265195468573	2.918171076256994	1.0	8.795046118864192	4.015413534090918	-257.0603363329078	0.200216442848266	0.2543022310825614	0.1398776349329643	0.4056036911362082
99000	-6849.443340583254	-6566.022753109114	-283.42058747414	-6566.022753109114	20.735128334649914	7.483465955515075	0.00687191560558492	2.918171076256994	1.0	8.795046118864192	4.903425008432821	-258.92643912970635	0.200216442848266	0.2543022310825614	0.1398776349329643	0.4056036911362082
100000	-6836.329270449252	-6557.080152989808	-279.2491174594447	-6557.080152989808	20.42769522650247	7.441134291970489	0.007352755176410821	2.918171076256994	1.0	8.513984065529964	4.401899324910975	-255.12359126647596	0.1944645780740612	0.2543022310825614	0.1398776349329643	0.411355555910413
