#
#model:
#
#<?xml version="1.0" encoding="UTF-8" standalone="no"?><input id="posterior" spec="beast.core.util.CompoundDistribution">
#    <distribution id="prior" spec="beast.core.util.CompoundDistribution">
#        <distribution id="CoalescentConstant.t:1" spec="beast.evolution.tree.coalescent.Coalescent">
#            <populationModel id="ConstantPopulation.t:1" spec="beast.evolution.tree.coalescent.ConstantPopulation">
#                <parameter id="popSize.t:1" name="popSize" spec="beast.core.parameter.RealParameter">0.3</parameter>
#            </populationModel>
#            <treeIntervals id="TreeIntervals.t:1" spec="beast.evolution.tree.coalescent.TreeIntervals">
#                <tree id="Tree.t:1" spec="beast.evolution.tree.Tree">
#                    <trait id="dateTrait.t:1" spec="beast.evolution.tree.TraitSet" traitname="date" value="2_2000.1=2000.1,17_2001.6=2001.6,18_2001.7=2001.7,21_2002=2002,24_2002.3=2002.3,26_2002.5=2002.5,5_2000.4=2000.4,7_2000.6=2000.6,4_2000.3=2000.3,13_2001.2=2001.2,15_2001.4=2001.4,16_2001.5=2001.5,1_2000=2000,8_2000.7=2000.7,3_2000.2=2000.2,12_2001.1=2001.1,22_2002.1=2002.1,32_2003.1=2003.1,28_2002.7=2002.7,43_2004.2=2004.2,46_2004.5=2004.5,55_2005.4=2005.4,63_2006.2=2006.2,65_2006.4=2006.4,66_2006.5=2006.5,67_2006.6=2006.6,23_2002.2=2002.2,10_2000.9=2000.9,14_2001.3=2001.3,33_2003.2=2003.2,39_2003.8=2003.8,34_2003.3=2003.3,44_2004.3=2004.3,48_2004.7=2004.7,53_2005.2=2005.2,52_2005.1=2005.1,58_2005.7=2005.7,9_2000.8=2000.8,6_2000.5=2000.5,11_2001=2001,25_2002.4=2002.4,20_2001.9=2001.9,47_2004.6=2004.6,36_2003.5=2003.5,45_2004.4=2004.4,50_2004.9=2004.9,42_2004.1=2004.1,51_2005=2005,35_2003.4=2003.4,37_2003.6=2003.6,57_2005.6=2005.6,59_2005.8=2005.8,61_2006=2006,62_2006.1=2006.1,41_2004=2004,40_2003.9=2003.9,49_2004.8=2004.8,74_2007.3=2007.3,77_2007.6=2007.6,68_2006.7=2006.7,70_2006.9=2006.9,81_2008=2008,19_2001.8=2001.8,27_2002.6=2002.6,29_2002.8=2002.8,30_2002.9=2002.9,31_2003=2003,38_2003.7=2003.7,56_2005.5=2005.5,69_2006.8=2006.8,82_2008.1=2008.1,80_2007.9=2007.9,83_2008.2=2008.2,87_2008.6=2008.6,71_2007=2007,75_2007.4=2007.4,72_2007.1=2007.1,91_2009=2009,88_2008.7=2008.7,94_2009.3=2009.3,98_2009.7=2009.7,79_2007.8=2007.8,84_2008.3=2008.3,78_2007.7=2007.7,76_2007.5=2007.5,89_2008.8=2008.8,93_2009.2=2009.2,96_2009.5=2009.5,97_2009.6=2009.6,95_2009.4=2009.4,100_2009.9=2009.9,54_2005.3=2005.3,60_2005.9=2005.9,64_2006.3=2006.3,73_2007.2=2007.2,86_2008.5=2008.5,85_2008.4=2008.4,90_2008.9=2008.9,99_2009.8=2009.8,92_2009.1=2009.1,101_2010=2010">
#                        <taxa id="TaxonSet.1" spec="beast.evolution.alignment.TaxonSet">
#                        </taxa>
#                    </trait>
#                    <taxonset idref="TaxonSet.1"/>
#                </tree>
#            </treeIntervals>
#        </distribution>
#        <prior id="rateOmega.prior" name="distribution">
#            <parameter id="rateOmega" lower="0.1" name="x" spec="beast.core.parameter.RealParameter" upper="10.0">0.5</parameter>
#            <Gamma id="Gamma.0" name="distr">
#                <parameter estimate="false" id="rateOmega.alpha" name="alpha" spec="beast.core.parameter.RealParameter">0.1</parameter>
#                <parameter estimate="false" id="rateOmega.beta" name="beta" spec="beast.core.parameter.RealParameter">1.0</parameter>
#            </Gamma>
#        </prior>
#        <prior id="rateMean.prior" name="distribution">
#            <parameter id="rateMean" lower="1.0E-4" name="x" spec="beast.core.parameter.RealParameter" upper="10.0">0.005</parameter>
#            <Gamma id="Gamma.1" name="distr">
#                <parameter estimate="false" id="rateMean.alpha" name="alpha" spec="beast.core.parameter.RealParameter">0.005</parameter>
#                <parameter estimate="false" id="rateMean.beta" name="beta" spec="beast.core.parameter.RealParameter">1.0</parameter>
#            </Gamma>
#        </prior>
#        <prior id="FrequenciesPrior.s:1" name="distribution">
#            <parameter dimension="4" id="freqParameter.s:1" lower="0.0" name="x" spec="beast.core.parameter.RealParameter" upper="1.0">0.25</parameter>
#            <Uniform id="Uniform.3" name="distr"/>
#        </prior>
#        <prior id="GammaShapePrior.s:1" name="distribution">
#            <parameter id="gammaShape.s:1" name="x" spec="beast.core.parameter.RealParameter">1.0</parameter>
#            <Exponential id="Exponential.0" name="distr">
#                <parameter estimate="false" id="RealParameter.0" name="mean" spec="beast.core.parameter.RealParameter">1.0</parameter>
#            </Exponential>
#        </prior>
#        <prior id="KappaPrior.s:1" name="distribution">
#            <parameter id="kappa.s:1" lower="0.0" name="x" spec="beast.core.parameter.RealParameter">2.0</parameter>
#            <LogNormal id="LogNormalDistributionModel.0" name="distr">
#                <parameter estimate="false" id="RealParameter.1" name="M" spec="beast.core.parameter.RealParameter">1.0</parameter>
#                <parameter estimate="false" id="RealParameter.2" name="S" spec="beast.core.parameter.RealParameter">1.25</parameter>
#            </LogNormal>
#        </prior>
#        <prior id="PopSizePrior.t:1" name="distribution" x="@popSize.t:1">
#            <OneOnX id="OneOnX.1" name="distr"/>
#        </prior>
#    </distribution>
#    <distribution id="likelihood" spec="beast.core.util.CompoundDistribution" useThreads="true">
#        <distribution data="@1" id="treeLikelihood.1" spec="beast.evolution.likelihood.ThreadedTreeLikelihood" tree="@Tree.t:1">
#            <siteModel gammaCategoryCount="4" id="SiteModel.s:1" shape="@gammaShape.s:1" spec="beast.evolution.sitemodel.SiteModel">
#                <parameter id="mutationRate.s:1" name="mutationRate" spec="beast.core.parameter.RealParameter">1.0</parameter>
#                <parameter estimate="false" id="proportionInvariant.s:1" lower="0.0" name="proportionInvariant" spec="beast.core.parameter.RealParameter" upper="1.0">0.0</parameter>
#                <substModel id="hky.s:1" kappa="@kappa.s:1" spec="beast.evolution.substitutionmodel.HKY">
#                    <frequencies frequencies="@freqParameter.s:1" id="estimatedFreqs.s:1" spec="beast.evolution.substitutionmodel.Frequencies"/>
#                </substModel>
#            </siteModel>
#            <branchRateModel id="branchRates" numSites="1000" numberOfDiscreteRates="12" rateMean="@rateMean" rateOmega="@rateOmega" spec="beast.evolution.branchratemodel.ARClockModel" tree="@Tree.t:1">
#                <rateCategories dimension="200" id="rateCategories" spec="beast.core.parameter.IntegerParameter">1</rateCategories>
#            </branchRateModel>
#        </distribution>
#    </distribution>
#</input>
#
Sample	posterior	likelihood	prior	treeLikelihood	TreeHeight	rateOmega	rateMean	kappa	mutationRate	gammaShape	popSize	CoalescentConstant	freqParameter.1	freqParameter.2	freqParameter.3	freqParameter.4
0	-26930.763446917124	-26696.730240746765	-234.03320617036022	-26696.730240746765	10.751582664363609	0.5	0.005	2.0	1.0	1.0	0.3	-230.21431273121476	0.25	0.25	0.25	0.25
1000	-16341.085346907375	-16023.70785717094	-317.37748973643505	-16023.70785717094	11.47462675973589	0.2260001988600238	0.03636157562990851	3.9361561049888136	1.0	1.0	2.739048029592469	-309.6393788118341	0.25	0.25	0.25	0.25
2000	-14419.535237613594	-14114.140673942562	-305.3945636710319	-14114.140673942562	12.072448900430988	3.820008012976858	0.024847566106387	3.9361561049888136	1.0	1.0	7.231097030846116	-290.93730291572575	0.25	0.25	0.25	0.25
3000	-12770.856279143673	-12439.33014308844	-331.52613605523226	-12439.33014308844	12.88128429763668	7.038254551692772	0.02463676196599249	4.156234061718379	1.0	1.0	7.297232628309584	-313.2319736264201	0.25	0.25	0.25	0.25
4000	-12002.888388737201	-11667.804409712891	-335.08397902430954	-11667.804409712891	13.521512824625285	8.184457885624452	0.018295022153684996	4.156234061718379	1.0	1.0	8.690741202458987	-315.6355255170962	0.24458854336003202	0.25	0.25	0.25541145663996795
5000	-11834.20241478409	-11497.34228763304	-336.86012715104835	-11497.34228763304	13.461265238341113	9.559539344430766	0.017964653564510935	4.156234061718379	1.0	1.0	8.783088297622843	-315.90471214561967	0.24458854336003202	0.25	0.25	0.25541145663996795
6000	-11611.862145471898	-11272.994517650355	-338.867627821542	-11272.994517650355	14.044789688013726	9.503340410997973	0.01748505909942008	4.156234061718379	1.0	1.0	9.21397133908796	-317.95322912827737	0.24458854336003202	0.25	0.25	0.25541145663996795
7000	-10807.753906399726	-10463.425840686303	-344.32806571342314	-10463.425840686303	14.820698083721469	4.808453779208761	0.012777990404950906	4.156234061718379	1.0	1.0	10.682049297174085	-328.89061243370725	0.24458854336003202	0.25	0.25	0.25541145663996795
8000	-10025.894241326841	-9676.144267362146	-349.7499739646955	-9676.144267362146	15.225426520630899	4.681399251000656	0.010531519937710359	4.208674884326166	1.0	1.0	11.43547417940719	-334.57415544488794	0.24032546362677318	0.25	0.25426307973325885	0.25541145663996795
9000	-9746.884794932279	-9392.286382081102	-354.59841285117733	-9392.286382081102	15.985643445716697	6.457341732205192	0.009807772569327156	4.208674884326166	1.0	1.0	9.878575693721723	-337.5751104145733	0.2399846817706654	0.25	0.24975184099780381	0.26026347723153076
10000	-9595.433159113009	-9237.490854433243	-357.9423046797664	-9237.490854433243	15.66234644914739	7.425163366713091	0.008912878278299676	4.208674884326166	1.0	1.0	12.021444485115708	-339.7252600656868	0.23936290720040915	0.2514751906503121	0.248898424917748	0.26026347723153076
11000	-9141.006786420043	-8787.61436920175	-353.39241721829285	-8787.61436920175	16.105377717131642	8.89152566447415	0.00933613334420396	4.208674884326166	1.0	1.0	9.124354882105603	-333.7759674055846	0.23936290720040915	0.2514751906503121	0.248898424917748	0.26026347723153076
12000	-8911.114142221166	-8557.727102917474	-353.3870393036919	-8557.727102917474	16.365066104562537	8.766653509577052	0.008971365291250566	4.208674884326166	1.0	1.0	8.616133612937059	-334.0055213518639	0.23936290720040915	0.2514751906503121	0.248898424917748	0.26026347723153076
13000	-8808.718049797837	-8447.577942909607	-361.140106888229	-8447.577942909607	16.873962817180907	9.479342127930275	0.007755499493729898	4.208674884326166	1.0	1.0	12.448083268039372	-340.75374967163486	0.23936290720040915	0.2514751906503121	0.248898424917748	0.26026347723153076
14000	-8647.667895667304	-8288.254300600884	-359.4135950664197	-8288.254300600884	16.63044860654419	8.238460411074623	0.007407798349363016	4.208674884326166	1.0	1.0	10.855366619814347	-340.5772852217515	0.2326669402466914	0.2488299245218906	0.248898424917748	0.26960471031366995
15000	-8616.789780603704	-8249.675867379006	-367.1139132246977	-8249.675867379006	16.63044860654419	9.686203494463605	0.007324961021354838	4.208674884326166	1.0	1.0	12.108618707665435	-346.58617427483256	0.2326669402466914	0.2488299245218906	0.248898424917748	0.26960471031366995
16000	-8272.59400536379	-7911.850318830379	-360.74368653341	-7911.850318830379	17.980266245100598	7.165208364085388	0.006970922983530603	4.208674884326166	1.0	1.9958127782211241	11.355158634533135	-342.1263406811273	0.2239093685270073	0.2488299245218906	0.2576559966374321	0.26960471031366995
17000	-8127.614552727397	-7768.421531596095	-359.1930211313021	-7768.421531596095	18.56399893564604	6.6589815590119485	0.006318664166289414	4.055384088057028	1.0	1.9958127782211241	10.163970891486494	-341.4041116891939	0.2239093685270073	0.2488299245218906	0.2576559966374321	0.26960471031366995
18000	-8099.555233952142	-7736.077809104212	-363.47742484792946	-7736.077809104212	18.846294046857917	9.24813133644932	0.006497589706724911	3.0895626159920777	1.0	1.9958127782211241	10.392386486103492	-343.0715513088251	0.2239093685270073	0.2488299245218906	0.2576559966374321	0.26960471031366995
19000	-7803.500396744626	-7449.341338438176	-354.1590583064505	-7449.341338438176	18.30346762974655	8.73362359441745	0.00684887330856977	3.0895626159920777	1.0	1.9958127782211241	10.040351978076865	-334.300929964118	0.2239093685270073	0.2488299245218906	0.2576559966374321	0.26960471031366995
20000	-7724.215479866051	-7371.410104451535	-352.80537541451645	-7371.410104451535	19.25258439777814	9.274286169893914	0.00713229385293408	3.601051439121308	1.0	1.9958127782211241	9.689757820398334	-332.1741798650243	0.21353017206204503	0.25613538266786084	0.25359255427703975	0.2767418909930543
21000	-7507.79863912881	-7152.665644605865	-355.1329945229449	-7152.665644605865	19.318160681592484	7.223854715437429	0.006673853645668089	3.271603239684538	1.0	3.6674941765758295	9.82133840448185	-335.26876269168326	0.21353017206204503	0.25613538266786084	0.25359255427703975	0.2767418909930543
22000	-7455.969753395626	-7096.9425937754095	-359.02715962021693	-7096.9425937754095	18.72789347440927	8.536255311298005	0.0066828868642358945	3.271603239684538	1.0	3.6674941765758295	10.186653649549061	-337.66241097646287	0.21388462528901508	0.25578092944089076	0.25359255427703975	0.2767418909930543
23000	-7457.988191177584	-7097.21434101917	-360.7738501584136	-7097.21434101917	18.549296986785166	9.603177051679996	0.006492617671198884	3.271603239684538	1.0	3.867959072193968	11.329663416413359	-337.958304621093	0.21388462528901508	0.25578092944089076	0.25359255427703975	0.2767418909930543
24000	-7442.446652575769	-7084.271325578716	-358.17532699705276	-7084.271325578716	18.838688327055948	8.153871819521996	0.006467145929037749	3.271603239684538	1.0	4.867712728241563	9.057249204387487	-336.184369659488	0.21388462528901508	0.25578092944089076	0.25359255427703975	0.2767418909930543
25000	-7425.9159728320465	-7066.614400163597	-359.30157266844975	-7066.614400163597	19.95273908219966	7.082873024753391	0.0063883586815889105	3.271603239684538	1.0	5.472993491837784	10.197456791124814	-337.79676740825226	0.21388462528901508	0.25578092944089076	0.25359255427703975	0.2767418909930543
26000	-7433.7130463041885	-7077.679221129512	-356.0338251746758	-7077.679221129512	21.78205791194072	8.16938767356951	0.005943128826298042	3.271603239684538	1.0	2.7675694249921063	10.834418768822148	-336.031222460115	0.21388462528901508	0.25578092944089076	0.25359255427703975	0.2767418909930543
27000	-7397.995422267653	-7050.536472999045	-347.458949268608	-7050.536472999045	22.4350959730681	6.501277868615668	0.005920941179563784	3.271603239684538	1.0	2.7675694249921063	11.009363236807177	-329.3177377191736	0.21557918099055245	0.25578092944089076	0.2518979985755024	0.2767418909930543
28000	-7324.985171139233	-6982.923326554911	-342.06184458432165	-6982.923326554911	22.430103508379275	8.259290087247896	0.006463162039839857	3.271603239684538	1.0	2.7675694249921063	8.47423257447605	-322.12120357297476	0.21557918099055245	0.25578092944089076	0.2518979985755024	0.2767418909930543
29000	-7303.83733235551	-6958.464430909407	-345.3729014461024	-6958.464430909407	23.222228443938402	9.679443886454717	0.006152270998976308	3.271603239684538	1.0	2.7675694249921063	8.767609494770609	-323.8846351108185	0.20902042438783952	0.2623396860436037	0.2518979985755024	0.2767418909930543
30000	-7288.3061844752865	-6946.068482561297	-342.2377019139899	-6946.068482561297	22.831979864486787	9.408957407873848	0.006151052819492437	3.271603239684538	1.0	2.7675694249921063	9.653639967362672	-320.94935752730123	0.21464505477666185	0.2623396860436037	0.24627336818668005	0.2767418909930543
31000	-7277.424594481709	-6941.343310218642	-336.0812842630675	-6941.343310218642	21.371767670178954	8.286768845740932	0.006414953845302057	3.271603239684538	1.0	5.017518381174507	8.704004641159473	-313.840970718767	0.21464505477666185	0.2623396860436037	0.24627336818668005	0.2767418909930543
32000	-7277.166603002584	-6941.2506357648535	-335.9159672377311	-6941.2506357648535	20.350627157391	7.392383204243695	0.0060216663998744705	3.271603239684538	1.0	5.017518381174507	10.248690497196156	-314.5728062964388	0.21464505477666185	0.2623396860436037	0.24627336818668005	0.2767418909930543
33000	-7277.170267565195	-6939.315306963608	-337.85496060158647	-6939.315306963608	23.59484379812745	8.35022837869067	0.005311397457933615	3.271603239684538	1.0	4.889393558379291	9.168975972765688	-315.8093405767708	0.21464505477666185	0.2623396860436037	0.24627336818668005	0.2767418909930543
34000	-7278.888352318767	-6938.8481284277605	-340.04022389100635	-6938.8481284277605	21.263419178852548	7.69173293061506	0.005519426854350255	3.0706426885444205	1.0	4.889393558379291	9.371688576303033	-318.73634956396216	0.21464505477666185	0.2623396860436037	0.24627336818668005	0.2767418909930543
35000	-7280.709052755312	-6938.500774114642	-342.2082786406695	-6938.500774114642	21.928127723966576	7.829910585233452	0.005662128785271474	3.0706426885444205	1.0	3.977145555897144	9.50856555116895	-321.6224094575368	0.21464505477666185	0.2623396860436037	0.24627336818668005	0.2767418909930543
36000	-7292.69967764347	-6953.210242107952	-339.4894355355186	-6953.210242107952	21.174982159903312	7.527562267909211	0.005584487524249032	3.0706426885444205	1.0	3.977145555897144	9.556628674043159	-319.2501304045908	0.21464505477666185	0.2623396860436037	0.24627336818668005	0.2767418909930543
37000	-7274.633197550054	-6935.921887261716	-338.7113102883385	-6935.921887261716	23.169382650698335	7.4368303670333695	0.005226592913136515	3.0706426885444205	1.0	3.977145555897144	9.343181763275025	-318.66249887221784	0.21464505477666185	0.2623396860436037	0.24627336818668005	0.2767418909930543
38000	-7272.549215221121	-6936.489815180458	-336.0594000406627	-6936.489815180458	25.20404998769509	6.784169795284244	0.00499098704533878	3.0706426885444205	1.0	4.779957313027502	8.510276875211956	-316.08260823712465	0.21464505477666185	0.2623396860436037	0.24627336818668005	0.2767418909930543
39000	-7253.987076176635	-6914.286581273224	-339.7004949034111	-6914.286581273224	23.28328703000996	8.460831107397446	0.005298614441876857	3.0706426885444205	1.0	5.620484600589372	8.496431475449294	-316.9495525607678	0.20711844624446726	0.26986629457579825	0.24627336818668005	0.2767418909930543
40000	-7262.352139473533	-6929.064817473616	-333.2873219999166	-6929.064817473616	22.61672060789435	7.187022476930813	0.005234306303538967	3.0706426885444205	1.0	5.195378972071194	8.394418693201263	-312.4064408087209	0.20711844624446726	0.2661772511245643	0.24627336818668005	0.28043093444428824
41000	-7254.643293113742	-6916.97965138553	-337.66364172821267	-6916.97965138553	22.757120229182703	7.932171924473136	0.0052400203413854735	2.921592544359459	1.0	5.195378972071194	8.276541808898541	-316.01472391971896	0.21252858935528665	0.2549069630139663	0.24086322507586067	0.29170122255488623
42000	-7217.762134452579	-6885.460130652566	-332.3020038000132	-6885.460130652566	22.216591872332728	8.888826739924195	0.005316897594299044	2.921592544359459	1.0	5.195378972071194	8.801603694443669	-309.51787244780627	0.21252858935528665	0.2549069630139663	0.22902694488995756	0.30353750274078933
43000	-7215.967325315209	-6890.405741394393	-325.56158392081545	-6890.405741394393	23.125232488393898	7.229612193216313	0.005187787685447083	2.921592544359459	1.0	5.195378972071194	8.654440514102678	-304.66406604676564	0.21252858935528665	0.2549069630139663	0.22902694488995756	0.30353750274078933
44000	-7181.981093138071	-6856.227899433622	-325.75319370444913	-6856.227899433622	21.711631859107996	7.970720911878257	0.005368731893440252	2.921592544359459	1.0	5.195378972071194	6.781341714326441	-304.23634017374764	0.1947402878998242	0.2549069630139663	0.22902694488995756	0.3213258041962518
45000	-7162.919512981234	-6836.459153856961	-326.460359124273	-6836.459153856961	21.711631859107996	7.970720911878257	0.005007767769023731	2.921592544359459	1.0	5.195378972071194	7.62035688444354	-304.89647179527907	0.17898156983005842	0.2549069630139663	0.22902694488995756	0.3370845222660176
46000	-7155.181791232703	-6830.920838218494	-324.26095301420884	-6830.920838218494	20.0944037272275	8.392843218206355	0.005515050932040735	2.921592544359459	1.0	5.195378972071194	8.585367691290122	-302.0127478399613	0.17898156983005842	0.2549069630139663	0.22902694488995756	0.3370845222660176
47000	-7138.303244230515	-6815.382810940141	-322.92043329037347	-6815.382810940141	22.260381877807347	8.41122552228769	0.0057205239187252364	2.921592544359459	1.0	5.195378972071194	6.384489554449468	-300.9114624537112	0.17898156983005842	0.2549069630139663	0.22902694488995756	0.3370845222660176
48000	-7078.655292249704	-6760.1424065149695	-318.51288573473477	-6760.1424065149695	22.392519104297936	7.225784376566788	0.0057665167504482445	2.921592544359459	1.0	4.15238246678211	6.8945907611802895	-298.78419341432397	0.17898156983005842	0.2549069630139663	0.22902694488995756	0.3370845222660176
49000	-7033.688995003082	-6715.196210993289	-318.492784009793	-6715.196210993289	22.778909332765316	6.518097470066387	0.00510120663753919	2.921592544359459	1.0	4.15238246678211	6.913379936445536	-299.68446649216474	0.17898156983005842	0.2549069630139663	0.22902694488995756	0.3370845222660176
50000	-7023.685835945098	-6703.4178521052245	-320.26798383987375	-6703.4178521052245	23.362678687940623	7.0323585598049	0.005176727606545549	2.921592544359459	1.0	4.786544998026731	7.088056829896485	-300.2032464182969	0.17898156983005842	0.2549069630139663	0.22193626169530406	0.3441752054606711
51000	-7033.275763736965	-6706.841916319445	-326.43384741752044	-6706.841916319445	22.123811546359303	6.035347388356423	0.00528509949811517	2.921592544359459	1.0	8.471994595013133	7.598655603707654	-303.7279882188536	0.17898156983005842	0.2549069630139663	0.22193626169530406	0.3441752054606711
52000	-7022.607843313255	-6693.123955534701	-329.4838877785538	-6693.123955534701	21.313539217961896	6.767761035173714	0.005326365954077472	2.921592544359459	1.0	8.471994595013133	9.527443968787615	-305.70854646114924	0.17898156983005842	0.2549069630139663	0.22193626169530406	0.3441752054606711
53000	-6982.49990059004	-6657.035323892938	-325.464576697102	-6657.035323892938	19.525240499010437	7.102934377081431	0.0056874324090085675	2.921592544359459	1.0	8.471994595013133	7.302942897204776	-301.51083437509203	0.17898156983005842	0.2549069630139663	0.20057621289683067	0.36553525425914446
54000	-6983.427721599582	-6665.448605729538	-317.9791158700437	-6665.448605729538	19.918101654505385	7.277125057255578	0.005844408523975988	2.921592544359459	1.0	8.471994595013133	8.286622373343688	-293.675765384299	0.17898156983005842	0.2549069630139663	0.20057621289683067	0.36553525425914446
55000	-6988.350967487454	-6675.372986921676	-312.9779805657778	-6675.372986921676	18.607838513055775	5.783309093681983	0.005849919725906882	2.921592544359459	1.0	8.471994595013133	6.894504941383389	-290.5582043088571	0.17898156983005842	0.2549069630139663	0.20057621289683067	0.36553525425914446
56000	-6953.4530489538365	-6638.848881336414	-314.6041676174225	-6638.848881336414	18.82037902386984	6.053449713191326	0.0062762455777135165	2.921592544359459	1.0	8.471994595013133	7.148410311704805	-291.7665797663596	0.17898156983005842	0.2549069630139663	0.18050770716282283	0.3856037599931523
57000	-6930.9670727558005	-6621.309015912311	-309.6580568434897	-6621.309015912311	17.622499583407844	6.464913367883596	0.005801254771640017	2.921592544359459	1.0	8.471994595013133	5.8584646907715685	-286.627601824715	0.1644949888212036	0.2549069630139663	0.18050770716282283	0.4000903410020071
58000	-6919.676697089932	-6608.414705630706	-311.26199145922635	-6608.414705630706	21.052329134142553	7.576159471174836	0.005774057294381407	2.921592544359459	1.0	8.471994595013133	5.603835021575342	-287.0266745371275	0.1644949888212036	0.25551874833069604	0.1798959218460931	0.4000903410020071
59000	-6915.592671147219	-6599.65941162259	-315.9332595246295	-6599.65941162259	20.600808733318352	7.462680052831647	0.005558478402735331	2.921592544359459	1.0	8.471994595013133	5.943934287748315	-291.8041605042081	0.15840323029970035	0.26161050685219933	0.1798959218460931	0.4000903410020071
60000	-6929.00617400113	-6619.331980963523	-309.6741930376068	-6619.331980963523	18.799069313821793	6.697829495565365	0.005594051572253205	2.921592544359459	1.0	6.911200538019673	7.34732943618746	-287.7497078698453	0.15840323029970035	0.26161050685219933	0.1798959218460931	0.4000903410020071
61000	-6930.410565975316	-6616.27900889155	-314.1315570837664	-6616.27900889155	18.799069313821793	7.184946498932606	0.0057870059058985025	2.921592544359459	1.0	6.067601290872447	6.861107060111489	-292.53490353011387	0.15840323029970035	0.2630445479303501	0.1798959218460931	0.3986562999238563
62000	-6923.982060311144	-6610.7842334450725	-313.1978268660718	-6610.7842334450725	20.125259189667172	6.871424477619696	0.005842728387834437	2.921592544359459	1.0	6.067601290872447	6.296024073027442	-292.03121014111434	0.15999191284835543	0.261455865381695	0.1798959218460931	0.3986562999238563
63000	-6935.922286079305	-6624.894022748288	-311.02826333101734	-6624.894022748288	20.3366148743037	5.834109473126922	0.005079466649221371	2.921592544359459	1.0	6.067601290872447	6.672904975856651	-291.1281643835313	0.15999191284835543	0.261455865381695	0.1798959218460931	0.3986562999238563
64000	-6929.577406909405	-6613.715993228275	-315.86141368113044	-6613.715993228275	19.581004961933992	6.600487662297123	0.005074445523496724	2.921592544359459	1.0	6.067601290872447	7.073804432420857	-295.0265027644154	0.15999191284835543	0.261455865381695	0.1798959218460931	0.3986562999238563
65000	-6921.684049137882	-6606.975182332627	-314.7088668052549	-6606.975182332627	19.95225771449063	6.691577650094297	0.005501485010134653	2.5273025112219236	1.0	6.067601290872447	7.416943431327135	-293.7872809468667	0.15999191284835543	0.261455865381695	0.1798959218460931	0.3986562999238563
66000	-6926.51510238544	-6608.249888073847	-318.26521431159244	-6608.249888073847	19.36317165117973	6.5540045087317225	0.005292790465738889	2.5273025112219236	1.0	6.819291021781197	9.06004482644789	-296.58678870382914	0.15999191284835543	0.261455865381695	0.1798959218460931	0.3986562999238563
67000	-6917.1176123153	-6606.64408683462	-310.4735254806801	-6606.64408683462	20.98924708612916	6.604629894178744	0.005120457052209076	2.5273025112219236	1.0	6.819291021781197	6.264991552852223	-289.1395548434704	0.15999191284835543	0.261455865381695	0.1798959218460931	0.3986562999238563
68000	-6911.755916494981	-6603.929875660588	-307.8260408343934	-6603.929875660588	20.380519371696355	8.033733736032497	0.005542364378546247	2.5273025112219236	1.0	6.819291021781197	6.918584515925379	-284.70823824481164	0.15999191284835543	0.261455865381695	0.1798959218460931	0.3986562999238563
69000	-6921.485579919191	-6611.226865255117	-310.25871466407375	-6611.226865255117	20.93368332345595	7.381548410416858	0.005190038151938208	2.5273025112219236	1.0	6.819291021781197	7.135039702298294	-287.90419422232367	0.15999191284835543	0.261455865381695	0.1798959218460931	0.3986562999238563
70000	-6917.439285410377	-6607.927788648287	-309.51149676209013	-6607.927788648287	21.468145467109455	7.7831448007776265	0.005204272490476366	2.6970699927492037	1.0	6.819291021781197	6.971234363020222	-286.66485174621465	0.15999191284835543	0.261455865381695	0.1798959218460931	0.3986562999238563
71000	-6918.940432707737	-6606.5717555791625	-312.3686771285749	-6606.5717555791625	22.137163474974862	7.858034594323867	0.00538310314730303	2.6970699927492037	1.0	6.819291021781197	7.084907219321991	-289.38855441589936	0.17028977720493754	0.261455865381695	0.16959805748951098	0.3986562999238563
72000	-6918.378806684407	-6606.842499538573	-311.5363071458345	-6606.842499538573	19.359014437239363	8.332307256352328	0.005533573849932803	2.6970699927492037	1.0	6.819291021781197	6.619251296686411	-288.0695712963267	0.1526392845519999	0.27853013136903126	0.16959805748951098	0.3992325265894577
73000	-6908.502735651901	-6592.71243422796	-315.7903014239409	-6592.71243422796	19.686612108580015	8.39751685634381	0.005331621257948767	2.6970699927492037	1.0	6.819291021781197	7.360296637472007	-292.1824164842736	0.1526392845519999	0.27853013136903126	0.16959805748951098	0.3992325265894577
74000	-6900.79457998429	-6581.836784585929	-318.95779539836116	-6581.836784585929	19.686612108580015	9.105008913473204	0.005456446682739092	2.6970699927492037	1.0	6.819291021781197	6.931791313840769	-294.60644906012817	0.1526392845519999	0.27853013136903126	0.16959805748951098	0.3992325265894577
75000	-6906.603574178155	-6587.135176429192	-319.4683977489632	-6587.135176429192	19.90967949987469	9.29712326815753	0.005590122727989893	2.6970699927492037	1.0	6.819291021781197	8.923209068390433	-294.6293912656017	0.1526392845519999	0.27853013136903126	0.16959805748951098	0.3992325265894577
76000	-6897.548983031928	-6580.096400299159	-317.45258273277017	-6580.096400299159	18.28281780020967	8.860734852143336	0.005608871294938554	2.6970699927492037	1.0	8.273300886108299	6.681488576634201	-291.9251871632098	0.1526392845519999	0.27853013136903126	0.16959805748951098	0.3992325265894577
77000	-6905.111227614243	-6584.911080035142	-320.2001475791011	-6584.911080035142	18.73616644970124	8.329257292264874	0.00519058899103979	2.6970699927492037	1.0	8.273300886108299	7.069125704338575	-295.28103653070855	0.1526392845519999	0.27853013136903126	0.16959805748951098	0.3992325265894577
78000	-6885.647376511247	-6571.330824695074	-314.3165518161728	-6571.330824695074	19.30654474105603	8.065422496762944	0.005246464576889708	2.6970699927492037	1.0	8.273300886108299	7.028529949209746	-289.68529457672287	0.12916889616866856	0.27853013136903126	0.16959805748951098	0.42270291497278906
79000	-6879.678652261151	-6567.648501679614	-312.03015058153676	-6567.648501679614	19.4588267452104	7.744691790577826	0.005186986952415118	2.6970699927492037	1.0	7.474402670547197	6.31292106216128	-288.6738258440746	0.12542999288885534	0.2822690346488445	0.16959805748951098	0.42270291497278906
80000	-6881.383771477812	-6570.090408321341	-311.2933631564709	-6570.090408321341	19.74574679841219	8.42904667038529	0.005286144118600348	2.6970699927492037	1.0	7.474402670547197	6.392707579320452	-287.14497515826577	0.12542999288885534	0.2822690346488445	0.16959805748951098	0.42270291497278906
81000	-6872.271934575858	-6559.457102691353	-312.81483188450517	-6559.457102691353	20.13704392822755	7.601510448450439	0.005061303680807871	2.6970699927492037	1.0	4.62956693835553	6.922295516707229	-292.39570184110863	0.12542999288885534	0.2822690346488445	0.16959805748951098	0.42270291497278906
82000	-6856.725917736503	-6552.281248771707	-304.4446689647959	-6552.281248771707	19.144242391384342	7.189251499107735	0.004925351363814596	2.6970699927492037	1.0	4.62956693835553	6.253970476897117	-284.6167409753031	0.12542999288885534	0.27889726226815154	0.16959805748951098	0.42607468735348203
83000	-6862.977628787865	-6557.183537339855	-305.7940914480099	-6557.183537339855	19.861583904380392	7.34235812433468	0.005183740238706855	2.6970699927492037	1.0	7.28788620526285	7.20025379628964	-282.9437381643141	0.12542999288885534	0.27889726226815154	0.16959805748951098	0.42607468735348203
84000	-6870.636911748383	-6559.695939101697	-310.94097264668534	-6559.695939101697	19.861583904380392	7.313342210591859	0.005230190720175602	2.6970699927492037	1.0	7.28788620526285	6.26521454486534	-288.25337969160853	0.12542999288885534	0.27889726226815154	0.16959805748951098	0.42607468735348203
85000	-6857.537857187211	-6546.681370876707	-310.8564863105037	-6546.681370876707	19.978418146510982	6.485384234292086	0.005532459888882159	2.2714327070727234	1.0	7.28788620526285	6.670425824248112	-289.1475628256208	0.12542999288885534	0.27889726226815154	0.14934836615512126	0.4463243786878718
86000	-6855.645468627806	-6546.9988933515015	-308.64657527630396	-6546.9988933515015	19.80877965944819	6.667814841576279	0.005509994298567191	2.2714327070727234	1.0	7.28788620526285	6.604028144642374	-286.74432915363815	0.12542999288885534	0.27889726226815154	0.14934836615512126	0.4463243786878718
87000	-6867.16922661009	-6551.817270921023	-315.3519556890666	-6551.817270921023	20.9574322043785	7.38651254344338	0.0049408501929580255	2.2714327070727234	1.0	7.28788620526285	6.97166586660047	-292.6937604718512	0.14847118145134533	0.27889726226815154	0.12630717759263127	0.4463243786878718
88000	-6835.280113617369	-6524.05214031006	-311.2279733073096	-6524.05214031006	20.514162447700123	6.562361134419802	0.005160010855150444	2.116030164492267	1.0	7.28788620526285	7.577238846277956	-289.4348224944182	0.14847118145134533	0.27889726226815154	0.12630717759263127	0.4463243786878718
89000	-6836.932209083479	-6519.682923157053	-317.2492859264269	-6519.682923157053	20.123420480034873	6.415660006514975	0.0053577670029251135	2.116030164492267	1.0	7.28788620526285	6.06604653332238	-295.80800744234807	0.14847118145134533	0.27889726226815154	0.11902950636659249	0.45360204991391057
90000	-6832.98482073138	-6513.774983015937	-319.2098377154429	-6513.774983015937	21.621044326705736	7.186613976457243	0.005608399583272719	2.116030164492267	1.0	7.28788620526285	5.90623194126379	-296.87643370669605	0.13664149035332993	0.27889726226815154	0.1308591974646079	0.45360204991391057
91000	-6818.179439544233	-6498.949908183593	-319.2295313606403	-6498.949908183593	25.0211051041746	7.454778654660005	0.005543085371495976	2.116030164492267	1.0	7.28788620526285	7.153266167455277	-296.41515092237074	0.13664149035332993	0.27889726226815154	0.1308591974646079	0.45360204991391057
92000	-6813.871356928882	-6495.694202779664	-318.17715414921764	-6495.694202779664	22.957040089691173	7.170472023872359	0.005457005650217708	2.116030164492267	1.0	7.28788620526285	7.815692782781891	-295.609170060034	0.13664149035332993	0.27889726226815154	0.1308591974646079	0.45360204991391057
93000	-6804.511724695719	-6487.8216981537	-316.69002654201876	-6487.8216981537	22.63373518789112	7.1576834000962215	0.005805425051796249	2.116030164492267	1.0	7.569893016524225	7.9594109470914205	-293.7742779047752	0.13664149035332993	0.27889726226815154	0.10934145378185385	0.4751197935966646
94000	-6798.540595233988	-6483.370025186452	-315.170570047536	-6483.370025186452	21.375189898046607	8.18879968098084	0.005809150418830861	2.116030164492267	1.0	7.569893016524225	7.234462550022341	-291.19743918360354	0.12157814827319384	0.27889726226815154	0.10934145378185385	0.4901831356768007
95000	-6812.094226073936	-6499.34208607337	-312.7521400005655	-6499.34208607337	21.722859859662638	6.557866277468118	0.006009104110590655	2.116030164492267	1.0	7.569893016524225	6.325225368406662	-290.71027269869927	0.12157814827319384	0.27889726226815154	0.10934145378185385	0.4901831356768007
96000	-6801.333181831374	-6492.266031334422	-309.06715049695134	-6492.266031334422	21.886753984341166	7.369233306553353	0.006654084008686055	2.116030164492267	1.0	6.813700316961641	6.513932195323425	-286.7336373511844	0.12157814827319384	0.27889726226815154	0.10934145378185385	0.4901831356768007
97000	-6790.571789201416	-6485.148892658738	-305.4228965426781	-6485.148892658738	22.176361387700066	7.878062481136409	0.005765278059082414	2.116030164492267	1.0	6.599566584692089	5.73620437377658	-283.0052913650783	0.12157814827319384	0.27889726226815154	0.10934145378185385	0.4901831356768007
98000	-6780.041448843382	-6474.840570277698	-305.20087856568347	-6474.840570277698	21.44147823736753	8.773773124916664	0.006580530978279037	2.116030164492267	1.0	5.747235713028388	6.917858129184142	-282.3232526959153	0.12157814827319384	0.27889726226815154	0.10934145378185385	0.4901831356768007
99000	-6791.074903724678	-6488.620829259285	-302.4540744653931	-6488.620829259285	20.128300544492944	7.081113513766791	0.006647910294746926	2.116030164492267	1.0	5.747235713028388	7.262161170579324	-281.4032355695554	0.12157814827319384	0.27889726226815154	0.10934145378185385	0.4901831356768007
100000	-6791.193592506064	-6490.737045456605	-300.4565470494593	-6490.737045456605	20.500930333410906	7.776759700889086	0.00682164357680761	1.782644757990775	1.0	5.747235713028388	5.8326854424332035	-278.95363824632324	0.11470497067345017	0.27889726226815154	0.10934145378185385	0.49705631327654437
