#
#model:
#
#<?xml version="1.0" encoding="UTF-8" standalone="no"?><input id="posterior" spec="beast.core.util.CompoundDistribution">
#    <distribution id="prior" spec="beast.core.util.CompoundDistribution">
#        <distribution id="CoalescentConstant.t:1" spec="beast.evolution.tree.coalescent.Coalescent">
#            <populationModel id="ConstantPopulation.t:1" spec="beast.evolution.tree.coalescent.ConstantPopulation">
#                <parameter id="popSize.t:1" name="popSize" spec="beast.core.parameter.RealParameter">0.3</parameter>
#            </populationModel>
#            <treeIntervals id="TreeIntervals.t:1" spec="beast.evolution.tree.coalescent.TreeIntervals">
#                <tree id="Tree.t:1" spec="beast.evolution.tree.Tree">
#                    <trait id="dateTrait.t:1" spec="beast.evolution.tree.TraitSet" traitname="date" value="2_2000.1=2000.1,17_2001.6=2001.6,18_2001.7=2001.7,21_2002=2002,24_2002.3=2002.3,26_2002.5=2002.5,5_2000.4=2000.4,7_2000.6=2000.6,4_2000.3=2000.3,13_2001.2=2001.2,15_2001.4=2001.4,16_2001.5=2001.5,1_2000=2000,8_2000.7=2000.7,3_2000.2=2000.2,12_2001.1=2001.1,22_2002.1=2002.1,32_2003.1=2003.1,28_2002.7=2002.7,43_2004.2=2004.2,46_2004.5=2004.5,55_2005.4=2005.4,63_2006.2=2006.2,65_2006.4=2006.4,66_2006.5=2006.5,67_2006.6=2006.6,23_2002.2=2002.2,10_2000.9=2000.9,14_2001.3=2001.3,33_2003.2=2003.2,39_2003.8=2003.8,34_2003.3=2003.3,44_2004.3=2004.3,48_2004.7=2004.7,53_2005.2=2005.2,52_2005.1=2005.1,58_2005.7=2005.7,9_2000.8=2000.8,6_2000.5=2000.5,11_2001=2001,25_2002.4=2002.4,20_2001.9=2001.9,47_2004.6=2004.6,36_2003.5=2003.5,45_2004.4=2004.4,50_2004.9=2004.9,42_2004.1=2004.1,51_2005=2005,35_2003.4=2003.4,37_2003.6=2003.6,57_2005.6=2005.6,59_2005.8=2005.8,61_2006=2006,62_2006.1=2006.1,41_2004=2004,40_2003.9=2003.9,49_2004.8=2004.8,74_2007.3=2007.3,77_2007.6=2007.6,68_2006.7=2006.7,70_2006.9=2006.9,81_2008=2008,19_2001.8=2001.8,27_2002.6=2002.6,29_2002.8=2002.8,30_2002.9=2002.9,31_2003=2003,38_2003.7=2003.7,56_2005.5=2005.5,69_2006.8=2006.8,82_2008.1=2008.1,80_2007.9=2007.9,83_2008.2=2008.2,87_2008.6=2008.6,71_2007=2007,75_2007.4=2007.4,72_2007.1=2007.1,91_2009=2009,88_2008.7=2008.7,94_2009.3=2009.3,98_2009.7=2009.7,79_2007.8=2007.8,84_2008.3=2008.3,78_2007.7=2007.7,76_2007.5=2007.5,89_2008.8=2008.8,93_2009.2=2009.2,96_2009.5=2009.5,97_2009.6=2009.6,95_2009.4=2009.4,100_2009.9=2009.9,54_2005.3=2005.3,60_2005.9=2005.9,64_2006.3=2006.3,73_2007.2=2007.2,86_2008.5=2008.5,85_2008.4=2008.4,90_2008.9=2008.9,99_2009.8=2009.8,92_2009.1=2009.1,101_2010=2010">
#                        <taxa id="TaxonSet.1" spec="beast.evolution.alignment.TaxonSet">
#                        </taxa>
#                    </trait>
#                    <taxonset idref="TaxonSet.1"/>
#                </tree>
#            </treeIntervals>
#        </distribution>
#        <prior id="rateOmega.prior" name="distribution">
#            <parameter id="rateOmega" lower="0.1" name="x" spec="beast.core.parameter.RealParameter" upper="10.0">0.5</parameter>
#            <Gamma id="Gamma.0" name="distr">
#                <parameter estimate="false" id="rateOmega.alpha" name="alpha" spec="beast.core.parameter.RealParameter">0.1</parameter>
#                <parameter estimate="false" id="rateOmega.beta" name="beta" spec="beast.core.parameter.RealParameter">1.0</parameter>
#            </Gamma>
#        </prior>
#        <prior id="rateMean.prior" name="distribution">
#            <parameter id="rateMean" lower="1.0E-4" name="x" spec="beast.core.parameter.RealParameter" upper="10.0">0.005</parameter>
#            <Gamma id="Gamma.1" name="distr">
#                <parameter estimate="false" id="rateMean.alpha" name="alpha" spec="beast.core.parameter.RealParameter">0.005</parameter>
#                <parameter estimate="false" id="rateMean.beta" name="beta" spec="beast.core.parameter.RealParameter">1.0</parameter>
#            </Gamma>
#        </prior>
#        <prior id="FrequenciesPrior.s:1" name="distribution">
#            <parameter dimension="4" id="freqParameter.s:1" lower="0.0" name="x" spec="beast.core.parameter.RealParameter" upper="1.0">0.25</parameter>
#            <Uniform id="Uniform.3" name="distr"/>
#        </prior>
#        <prior id="GammaShapePrior.s:1" name="distribution">
#            <parameter id="gammaShape.s:1" name="x" spec="beast.core.parameter.RealParameter">1.0</parameter>
#            <Exponential id="Exponential.0" name="distr">
#                <parameter estimate="false" id="RealParameter.0" name="mean" spec="beast.core.parameter.RealParameter">1.0</parameter>
#            </Exponential>
#        </prior>
#        <prior id="KappaPrior.s:1" name="distribution">
#            <parameter id="kappa.s:1" lower="0.0" name="x" spec="beast.core.parameter.RealParameter">2.0</parameter>
#            <LogNormal id="LogNormalDistributionModel.0" name="distr">
#                <parameter estimate="false" id="RealParameter.1" name="M" spec="beast.core.parameter.RealParameter">1.0</parameter>
#                <parameter estimate="false" id="RealParameter.2" name="S" spec="beast.core.parameter.RealParameter">1.25</parameter>
#            </LogNormal>
#        </prior>
#        <prior id="PopSizePrior.t:1" name="distribution" x="@popSize.t:1">
#            <OneOnX id="OneOnX.1" name="distr"/>
#        </prior>
#    </distribution>
#    <distribution id="likelihood" spec="beast.core.util.CompoundDistribution" useThreads="true">
#        <distribution data="@1" id="treeLikelihood.1" spec="beast.evolution.likelihood.ThreadedTreeLikelihood" tree="@Tree.t:1">
#            <siteModel gammaCategoryCount="4" id="SiteModel.s:1" shape="@gammaShape.s:1" spec="beast.evolution.sitemodel.SiteModel">
#                <parameter id="mutationRate.s:1" name="mutationRate" spec="beast.core.parameter.RealParameter">1.0</parameter>
#                <parameter estimate="false" id="proportionInvariant.s:1" lower="0.0" name="proportionInvariant" spec="beast.core.parameter.RealParameter" upper="1.0">0.0</parameter>
#                <substModel id="hky.s:1" kappa="@kappa.s:1" spec="beast.evolution.substitutionmodel.HKY">
#                    <frequencies frequencies="@freqParameter.s:1" id="estimatedFreqs.s:1" spec="beast.evolution.substitutionmodel.Frequencies"/>
#                </substModel>
#            </siteModel>
#            <branchRateModel id="branchRates" numSites="1000" numberOfDiscreteRates="12" rateMean="@rateMean" rateOmega="@rateOmega" spec="beast.evolution.branchratemodel.ARClockModel" tree="@Tree.t:1">
#                <rateCategories dimension="200" id="rateCategories" spec="beast.core.parameter.IntegerParameter">1</rateCategories>
#            </branchRateModel>
#        </distribution>
#    </distribution>
#</input>
#
Sample	posterior	likelihood	prior	treeLikelihood	TreeHeight	rateOmega	rateMean	kappa	mutationRate	gammaShape	popSize	CoalescentConstant	freqParameter.1	freqParameter.2	freqParameter.3	freqParameter.4
0	-31192.715823161303	-30958.682616990944	-234.03320617036022	-30958.682616990944	10.751582664363609	0.5	0.005	2.0	1.0	1.0	0.3	-230.21431273121476	0.25	0.25	0.25	0.25
1000	-18771.83840390942	-18356.348536775833	-415.4898671335866	-18356.348536775833	13.844133299804827	0.5330798052215858	0.03257331959722515	3.9361561049888136	1.0	1.0	2.8764746993837256	-406.7366570378149	0.25	0.25	0.25	0.25
2000	-16474.60592121368	-16122.926931790882	-351.67898942279515	-16122.926931790882	13.765116564386721	9.684825709182515	0.030645814061655653	3.9361561049888136	1.0	1.0	10.658542959799725	-329.91717715715396	0.25	0.25	0.25	0.25
3000	-14956.71247750806	-14603.183040335596	-353.52943717246336	-14603.183040335596	13.765116564386721	9.945532477805388	0.025467494450153817	3.9361561049888136	1.0	1.0	8.621974583035001	-331.8844049221388	0.25	0.24546909756004567	0.25	0.2545309024399543
4000	-14210.696179360855	-13855.193617539968	-355.50256182088714	-13855.193617539968	14.395992940773645	9.880907922832634	0.02026898325190288	4.312928374779663	1.0	1.0	9.790630757762086	-333.91753267071897	0.25	0.239825228041755	0.2449129029901963	0.26526186896804865
5000	-13580.554865864862	-13226.842851862992	-353.7120140018707	-13226.842851862992	14.395992940773645	9.823383357495661	0.019749899953763993	4.312928374779663	1.0	1.0	10.435514204868939	-332.1523081456259	0.25	0.239825228041755	0.24236897682817965	0.2678057951300653
6000	-12663.641989649388	-12310.673094432263	-352.9688952171258	-12310.673094432263	15.56589563115343	9.876723108957865	0.016655237426297403	4.312928374779663	1.0	1.0	11.414348718331896	-331.43398577640903	0.25	0.239825228041755	0.24236897682817965	0.2678057951300653
7000	-12173.160754044564	-11803.619100165124	-369.54165387943965	-11803.619100165124	15.839117140465998	9.828197493852095	0.01446687694463055	4.312928374779663	1.0	1.0	13.509768465498171	-348.0335080624989	0.24924471771442136	0.24855584846985454	0.23439363868565874	0.2678057951300653
8000	-11807.79513263479	-11432.175426222966	-375.61970641182506	-11432.175426222966	16.110640337980602	9.675361942646852	0.012512848433618202	4.312928374779663	1.0	1.0	11.73240593886984	-354.56589421605304	0.23675768167679162	0.24855584846985454	0.24688067472328848	0.2678057951300653
9000	-11576.811906906762	-11201.597450989477	-375.2144559172857	-11201.597450989477	15.709231767241999	9.609981523756952	0.012538989385364826	4.312928374779663	1.0	1.0	13.02985064878005	-354.1251356203031	0.23675768167679162	0.24855584846985454	0.24215818358431485	0.2725282862690389
10000	-11136.072473912094	-10769.44740888386	-366.6250650282352	-10769.44740888386	16.033629659510822	9.731843993587358	0.011583893130268618	3.9827073582873997	1.0	0.8238538695162771	12.261547000192916	-345.82040636888945	0.23675768167679162	0.24855584846985454	0.24215818358431485	0.2725282862690389
11000	-10775.123653284065	-10403.926175074897	-371.19747820916683	-10403.926175074897	14.947371603982475	9.90521942514421	0.011135405050091966	3.9827073582873997	1.0	0.8238538695162771	12.588795540245117	-350.21694944556117	0.23675768167679162	0.24855584846985454	0.24215818358431485	0.2725282862690389
12000	-10613.25877710317	-10248.002925409393	-365.2558516937762	-10248.002925409393	14.947371603982475	9.90521942514421	0.01178992113826965	3.9827073582873997	1.0	0.9511094359648787	12.72683202434245	-344.07967772802255	0.23675768167679162	0.24855584846985454	0.23398760706903166	0.2806988627843221
13000	-10532.157667712845	-10171.932906404889	-360.22476130795684	-10171.932906404889	15.221370830688826	8.834560695913865	0.011511654408283651	3.9827073582873997	1.0	0.9511094359648787	12.037231591446256	-340.3019494391553	0.23675768167679162	0.25166881403917646	0.23087464149970977	0.2806988627843221
14000	-10350.280623140696	-9990.426762366062	-359.8538607746335	-9990.426762366062	16.2000717266695	9.893780168365327	0.011392400205625628	3.9827073582873997	1.0	0.9511094359648787	11.125851133639612	-338.8591318112123	0.23675768167679162	0.25554606779085254	0.22699738774803369	0.2806988627843221
15000	-9999.814469510324	-9640.355602276613	-359.4588672337104	-9640.355602276613	17.706759570590492	8.076998979170432	0.010912151817508448	4.165145495152178	1.0	0.9511094359648787	12.249473035932294	-340.35425921692564	0.23675768167679162	0.25554606779085254	0.22699738774803369	0.2806988627843221
16000	-9796.2906613531	-9435.100739253108	-361.18992209999146	-9435.100739253108	17.8766049684758	9.753239759906103	0.011956539593661752	4.165145495152178	1.0	1.898236365785391	10.398376722503766	-339.3640696290258	0.23671517906954453	0.2624040529567453	0.220181905189388	0.2806988627843221
17000	-9734.791882770574	-9369.953168472442	-364.83871429813195	-9369.953168472442	19.82879961636916	9.377385530901371	0.01145918885271197	4.165145495152178	1.0	1.898236365785391	9.489525701403352	-343.5583171637445	0.23671517906954453	0.2624040529567453	0.220181905189388	0.2806988627843221
18000	-9660.951575453097	-9297.30026239087	-363.6513130622261	-9297.30026239087	18.43122391766264	9.097944007567285	0.01080327436392076	4.165145495152178	1.0	1.898236365785391	12.836481137872026	-342.4347860241845	0.23671517906954453	0.2624040529567453	0.220181905189388	0.2806988627843221
19000	-9611.850795954399	-9244.273305845183	-367.57749010921617	-9244.273305845183	19.564791380951647	9.620388006861353	0.01032027733647408	4.165145495152178	1.0	1.898236365785391	12.664870506183487	-345.84771863131607	0.23671517906954453	0.2624040529567453	0.220181905189388	0.2806988627843221
20000	-9593.192520129081	-9229.610647547644	-363.5818725814372	-9229.610647547644	20.781979700441745	9.32197661540676	0.010006363616781082	4.165145495152178	1.0	1.3607870832325286	11.919099917867355	-342.8080594528081	0.23347316328396664	0.2624040529567453	0.22342392097496588	0.2806988627843221
21000	-9532.351239215619	-9167.52279487758	-364.82844433804075	-9167.52279487758	20.092839531296782	9.68861574709744	0.009988317467555885	3.7840902097811666	1.0	1.3607870832325286	14.948334579589435	-343.54783396259313	0.23347316328396664	0.2624040529567453	0.22170795996381107	0.28241482379547694
22000	-9441.699598883908	-9080.033492554534	-361.66610632937386	-9080.033492554534	20.092839531296782	9.497835464790361	0.010009130984332454	3.7840902097811666	1.0	1.3607870832325286	12.94635814407369	-340.73586845448045	0.23347316328396664	0.2624040529567453	0.22170795996381107	0.28241482379547694
23000	-9270.36918754884	-8919.858548901786	-350.51063864705503	-8919.858548901786	18.5981206283034	8.280071802199668	0.009773979808657008	3.7840902097811666	1.0	1.4351675805053046	10.477311553674166	-331.0827677276225	0.23347316328396664	0.2624040529567453	0.22170795996381107	0.28241482379547694
24000	-9125.378455906783	-8776.420859023172	-348.9575968836115	-8776.420859023172	17.39997933669629	9.320175480414779	0.009247271981786737	3.7840902097811666	1.0	2.5710127331980273	9.865031675098724	-327.3631409406819	0.23347316328396664	0.2624040529567453	0.22170795996381107	0.28241482379547694
25000	-9088.1334419228	-8736.923620539204	-351.20982138359574	-8736.923620539204	20.129647968935203	9.931176607218461	0.009139503644570888	3.7840902097811666	1.0	2.5710127331980273	10.426112516158593	-328.90367109693443	0.23347316328396664	0.2624040529567453	0.22170795996381107	0.28241482379547694
26000	-9084.393646663822	-8735.456514644691	-348.937132019131	-8735.456514644691	19.256355997874955	9.69231553169912	0.009177816142704236	3.7840902097811666	1.0	2.5710127331980273	9.949607673935786	-326.93433360640194	0.23347316328396664	0.2624040529567453	0.22170795996381107	0.28241482379547694
27000	-9057.557627119262	-8712.47103978184	-345.086587337422	-8712.47103978184	18.23710663690553	9.905319537197046	0.00971632511727464	3.7840902097811666	1.0	2.053290389603638	9.050661683258411	-323.40636618358224	0.23347316328396664	0.2624040529567453	0.22170795996381107	0.28241482379547694
28000	-8988.717646784195	-8636.63243142132	-352.08521536287566	-8636.63243142132	18.240535766595528	9.946646917850217	0.008427113119531314	3.7840902097811666	1.0	1.7822061145405999	10.062432709434434	-330.6679634703614	0.23347316328396664	0.2624040529567453	0.22170795996381107	0.28241482379547694
29000	-8968.036387822374	-8615.346771404877	-352.689616417498	-8615.346771404877	17.322996981834894	9.62063061638931	0.00920174571566457	3.7840902097811666	1.0	1.7822061145405999	12.275742474436482	-331.3412838453612	0.23047164895712355	0.2654055672835884	0.22170795996381107	0.28241482379547694
30000	-8966.200675059501	-8620.425840262149	-345.7748347973528	-8620.425840262149	17.322996981834894	9.647963170073659	0.00879297174635754	3.7840902097811666	1.0	1.7822061145405999	9.676346522183792	-324.6801791708757	0.23047164895712355	0.2654055672835884	0.22170795996381107	0.28241482379547694
31000	-8954.23089468751	-8613.267355190155	-340.9635394973544	-8613.267355190155	17.567280465667892	9.80986056708456	0.009265621156510763	3.7840902097811666	1.0	2.512237161317496	9.322771019182087	-318.9466337915899	0.23047164895712355	0.2654055672835884	0.22170795996381107	0.28241482379547694
32000	-8924.455975797697	-8584.273678323665	-340.18229747403245	-8584.273678323665	17.052406652285836	9.691661833826883	0.0097026881972721	3.7840902097811666	1.0	2.512237161317496	9.288204263844133	-318.251916416782	0.23047164895712355	0.2654055672835884	0.22122422515749865	0.28289855860178936
33000	-8913.516599655271	-8575.144345609648	-338.37225404562327	-8575.144345609648	17.052406652285836	9.673467382571474	0.009657883176084079	3.550941523491397	1.0	2.512237161317496	8.915587461874171	-316.5831150447581	0.23047164895712355	0.2654055672835884	0.22122422515749865	0.28289855860178936
34000	-8845.462773156352	-8508.068515038414	-337.39425811793836	-8508.068515038414	17.052406652285836	9.831373962021946	0.00943892663755976	3.3328224199976715	1.0	2.512237161317496	8.485761676789346	-315.57803640111683	0.23047164895712355	0.2654055672835884	0.22122422515749865	0.28289855860178936
35000	-8853.566825945663	-8515.745806918441	-337.8210190272213	-8515.745806918441	16.46466072785882	9.78288052652678	0.010095275209881944	3.3328224199976715	1.0	2.512237161317496	9.794641003953398	-315.84674979383067	0.23047164895712355	0.2654055672835884	0.22122422515749865	0.28289855860178936
36000	-8843.599209558452	-8507.363987845347	-336.23522171310543	-8507.363987845347	16.46466072785882	9.873881078549992	0.009272513078210746	4.264626385054648	1.0	3.3395149889042157	10.306270137020515	-313.0706910375908	0.23047164895712355	0.2654055672835884	0.22122422515749865	0.28289855860178936
37000	-8809.551840754568	-8472.42641205906	-337.12542869550776	-8472.42641205906	17.387619740856746	9.840347243457192	0.009438361691306059	4.264626385054648	1.0	3.3395149889042157	8.989047415721513	-314.1164340472709	0.23047164895712355	0.2654055672835884	0.22122422515749865	0.28289855860178936
38000	-8741.855775740974	-8407.592383811814	-334.26339192916106	-8407.592383811814	18.0383348248751	9.840347243457192	0.009417789704578705	4.264626385054648	1.0	3.3395149889042157	8.117883762161288	-311.3585263185709	0.23047164895712355	0.2654055672835884	0.22122422515749865	0.28289855860178936
39000	-8698.92284418776	-8364.764718412647	-334.15812577511224	-8364.764718412647	16.8352889808338	9.840347243457192	0.009398234864148817	4.264626385054648	1.0	3.3395149889042157	8.226765280815538	-311.2420244603018	0.23047164895712355	0.2711249587001811	0.21550483374090593	0.28289855860178936
40000	-8684.044000894404	-8347.74696184328	-336.297039051123	-8347.74696184328	16.8352889808338	9.166199928799083	0.008896293937409894	3.947019313969358	1.0	3.3395149889042157	10.255944546358515	-314.0513906035484	0.23047164895712355	0.2711249587001811	0.21550483374090593	0.28289855860178936
41000	-8669.896147789295	-8335.72373912442	-334.17240866487595	-8335.72373912442	16.30060696608109	9.351131670225186	0.009117719516657094	3.555065692599537	1.0	3.3328657707491374	8.030928259063217	-312.07642575955634	0.23496274776657525	0.2711249587001811	0.21101373493145423	0.28289855860178936
42000	-8645.913390649086	-8313.811091829608	-332.1022988194786	-8313.811091829608	17.69962194424196	9.055539125050469	0.00915253177282826	3.555065692599537	1.0	3.3328657707491374	7.9865342472534575	-310.3325337668258	0.23496274776657525	0.2711249587001811	0.21101373493145423	0.28289855860178936
43000	-8652.638887807272	-8321.077759549273	-331.56112825799846	-8321.077759549273	16.686725471621646	9.481811470945853	0.009250569068742444	3.555065692599537	1.0	3.3328657707491374	7.9610852175027915	-309.3161842640477	0.23496274776657525	0.2711249587001811	0.21101373493145423	0.28289855860178936
44000	-8590.990203467958	-8259.886078979504	-331.10412448845403	-8259.886078979504	16.663202861873348	9.343061488193388	0.009907037366654653	3.555065692599537	1.0	3.3328657707491374	7.405766778900871	-309.0146301248681	0.22313894050777008	0.2711249587001811	0.21101373493145423	0.2947223658605945
45000	-8597.624317738479	-8266.580572277438	-331.04374546104	-8266.580572277438	16.663202861873348	9.501089923150682	0.00998890123421259	3.3676464744287955	1.0	2.4647091280047513	6.896967431687146	-309.77471438085945	0.22313894050777008	0.2711249587001811	0.21101373493145423	0.2947223658605945
46000	-8569.739231937227	-8243.337424245537	-326.4018076916894	-8243.337424245537	16.663202861873348	9.293599176464125	0.010288299248162184	3.3676464744287955	1.0	2.4647091280047513	7.477370039321078	-305.2496562068755	0.21217553426221109	0.2711249587001811	0.21101373493145423	0.3056857721061535
47000	-8563.481902823847	-8239.921640143952	-323.5602626798963	-8239.921640143952	17.752274135830604	9.941064786321189	0.01039125259731997	3.3676464744287955	1.0	3.0794096878694055	7.896457412133455	-301.0207882466496	0.21217553426221109	0.2711249587001811	0.21101373493145423	0.3056857721061535
48000	-8565.383775905806	-8241.532328322139	-323.85144758366675	-8241.532328322139	18.05754534236539	9.71265492036405	0.010069849584043906	3.3676464744287955	1.0	3.0794096878694055	6.228350648660344	-301.83018861148946	0.21217553426221109	0.2711249587001811	0.21101373493145423	0.3056857721061535
49000	-8548.777096840957	-8224.68426127328	-324.0928355676761	-8224.68426127328	17.237031331391822	9.71265492036405	0.009959545808722187	3.3676464744287955	1.0	3.0794096878694055	8.022191465756345	-301.82954604803984	0.19444933863998087	0.2745718182571838	0.22033732846445234	0.3106415146383829
50000	-8542.40075973795	-8216.585404875577	-325.8153548623718	-8216.585404875577	17.137149482646993	9.97245902851807	0.009486720142737257	3.3676464744287955	1.0	3.0794096878694055	7.761491806503495	-303.35040869435903	0.19444933863998087	0.2745718182571838	0.22033732846445234	0.3106415146383829
51000	-8547.672738357482	-8219.846453855984	-327.82628450149866	-8219.846453855984	16.98932568932739	9.924107469136006	0.010642122247295905	3.3676464744287955	1.0	4.830027240031673	7.72141889842811	-303.55311527886977	0.19444933863998087	0.2745718182571838	0.22033732846445234	0.3106415146383829
52000	-8477.719455674865	-8155.039172907659	-322.6802827672067	-8155.039172907659	16.551454532193045	8.614946194090228	0.010554794458329441	3.3676464744287955	1.0	4.830027240031673	7.564997806379982	-299.8723481930551	0.19444933863998087	0.2745718182571838	0.22033732846445234	0.3106415146383829
53000	-8418.536040350888	-8094.929267095318	-323.60677325556907	-8094.929267095318	16.40111132341557	9.498293982418954	0.010721398117197658	3.3676464744287955	1.0	4.830027240031673	6.493769171011441	-299.9645779450203	0.19444933863998087	0.2745718182571838	0.20270886838782726	0.32826997471500796
54000	-8396.346128361118	-8071.39985590107	-324.9462724600481	-8071.39985590107	16.344810303348375	9.10242218548742	0.009686537875164472	3.3676464744287955	1.0	4.830027240031673	8.66184619924993	-301.55221050474773	0.19444933863998087	0.2745718182571838	0.20270886838782726	0.32826997471500796
55000	-8399.646171432889	-8077.28167058679	-322.36450084609965	-8077.28167058679	16.26956302553933	9.282231896985568	0.010116234913793671	3.3676464744287955	1.0	2.5334543732100547	6.60919868337305	-301.2964450382928	0.19444933863998087	0.2745718182571838	0.20270886838782726	0.32826997471500796
56000	-8399.948557816233	-8080.5344861862095	-319.41407163002316	-8080.5344861862095	16.3642749321026	9.699631014047833	0.00997379318056423	3.3676464744287955	1.0	2.5334543732100547	7.304282839684861	-297.8032831366992	0.19444933863998087	0.2745718182571838	0.20270886838782726	0.32826997471500796
57000	-8406.716812891458	-8083.506340836999	-323.21047205445973	-8083.506340836999	17.056974307769668	9.700251389724855	0.010018323596999465	3.4508170223306047	1.0	2.5334543732100547	8.411651581508751	-301.42543948667765	0.19444933863998087	0.2745718182571838	0.20270886838782726	0.32826997471500796
58000	-8409.301429951594	-8084.648805040779	-324.6526249108161	-8084.648805040779	18.060023582121097	9.643197563102039	0.010228246892714577	3.4508170223306047	1.0	2.5334543732100547	8.696385665645739	-302.8758219980804	0.19444933863998087	0.2745718182571838	0.20270886838782726	0.32826997471500796
59000	-8390.7889840061	-8067.861975635343	-322.9270083707569	-8067.861975635343	16.416546026460203	8.942023142423572	0.009720039622215555	3.328763952632335	1.0	5.188619135883017	7.314414811381907	-299.5295284117242	0.19444933863998087	0.2745718182571838	0.20270886838782726	0.32826997471500796
60000	-8385.811988776082	-8063.9856946305445	-321.82629414553764	-8063.9856946305445	15.430760570967324	9.725967081718872	0.009311283798809614	3.328763952632335	1.0	5.188619135883017	7.779737786523129	-297.55071759122166	0.19444933863998087	0.2745718182571838	0.20270886838782726	0.32826997471500796
61000	-8375.567016665269	-8052.733338798727	-322.8336778665412	-8052.733338798727	16.11027193243075	9.838076217560154	0.009717615024195613	3.328763952632335	1.0	5.188619135883017	7.128468932921244	-298.4801975535512	0.19444933863998087	0.27568630533313543	0.20270886838782726	0.32715548763905633
62000	-8370.570673662298	-8049.368302187893	-321.202371474405	-8049.368302187893	16.253366536479902	9.75729242555197	0.009053385592333405	3.328763952632335	1.0	5.188619135883017	6.776081066528333	-297.0589048793863	0.19444933863998087	0.27568630533313543	0.20270886838782726	0.32715548763905633
63000	-8354.685837098348	-8035.968186615257	-318.71765048309135	-8035.968186615257	16.654864974198833	9.547540553355853	0.009134399187932008	3.328763952632335	1.0	5.188619135883017	6.776615404096586	-294.7944700285258	0.19444933863998087	0.2853050448656411	0.1930901288553216	0.32715548763905633
64000	-8352.292342164545	-8035.561507189553	-316.73083497499164	-8035.561507189553	15.663845347060928	9.512126192304871	0.009697493125795605	3.328763952632335	1.0	4.0247369034271365	7.345495766131956	-293.86960214128965	0.19444933863998087	0.2853050448656411	0.1930901288553216	0.32715548763905633
65000	-8348.219583021626	-8034.700753413956	-313.51882960767045	-8034.700753413956	16.270525919357688	9.874328339660925	0.010045491353262152	3.328763952632335	1.0	4.0247369034271365	6.3214125512033075	-290.3764772467306	0.20926170673256655	0.2853050448656411	0.1782777607627359	0.32715548763905633
66000	-8345.469566142003	-8030.464034844088	-315.0055312979141	-8030.464034844088	14.898641965519142	9.704316348356755	0.010288836111202102	3.328763952632335	1.0	4.0247369034271365	7.563336770134071	-291.8453927314887	0.20926170673256655	0.2853050448656411	0.1765294437785146	0.3289038046232777
67000	-8268.317628621882	-7958.020701181079	-310.29692744080376	-7958.020701181079	14.812517226462708	9.72788944435732	0.010216644975204723	3.328763952632335	1.0	4.0247369034271365	6.594530079072575	-287.2551823121464	0.20926170673256655	0.2853050448656411	0.1765294437785146	0.3289038046232777
68000	-8254.174281297926	-7943.544262657225	-310.63001864070145	-7943.544262657225	14.789318751861725	9.592653451762338	0.00997975041648613	3.328763952632335	1.0	4.0247369034271365	6.594859660268762	-287.7596387689287	0.20926170673256655	0.2853050448656411	0.1765294437785146	0.3289038046232777
69000	-8222.537385247238	-7909.241488641629	-313.2958966056096	-7909.241488641629	15.063460690546918	9.968716961488507	0.009287907342708896	3.328763952632335	1.0	4.0247369034271365	6.833773821869047	-290.05143519439315	0.20926170673256655	0.2853050448656411	0.1765294437785146	0.3289038046232777
70000	-8195.653893105824	-7878.618164650315	-317.03572845550997	-7878.618164650315	14.534366801913649	9.816803780398185	0.009158073062668972	3.328763952632335	1.0	4.0247369034271365	8.166592847739969	-293.7929630830316	0.20926170673256655	0.2899344656789726	0.17190002296518314	0.3289038046232777
71000	-8204.054097931377	-7885.793401617489	-318.2606963138892	-7885.793401617489	15.347173499268514	9.873206527377828	0.008697626451994992	3.328763952632335	1.0	4.0247369034271365	7.071800970721021	-295.1520967672028	0.20926170673256655	0.2899344656789726	0.17190002296518314	0.3289038046232777
72000	-8214.991877194787	-7899.495852081427	-315.4960251133598	-7899.495852081427	15.628591088260158	9.586025869232122	0.00859453534219883	2.83447140319495	1.0	4.0247369034271365	6.539522931354034	-292.9647107851459	0.21824862729516853	0.2899344656789726	0.16291310240258117	0.3289038046232777
73000	-8208.465420242088	-7890.499130960032	-317.9662892820568	-7890.499130960032	15.157562257028573	9.902927781053721	0.00870117067114456	2.83447140319495	1.0	4.0247369034271365	5.813619435879376	-295.1940862896452	0.21824862729516853	0.2899344656789726	0.16291310240258117	0.3289038046232777
74000	-8213.469690197664	-7891.295243068996	-322.1744471286685	-7891.295243068996	15.91254977800181	9.902927781053721	0.008744671827525795	2.83447140319495	1.0	4.0247369034271365	5.668382370582733	-299.4225381283832	0.21824862729516853	0.2899344656789726	0.16291310240258117	0.3289038046232777
75000	-8172.670373982339	-7853.486499669815	-319.18387431252387	-7853.486499669815	15.764768360627055	9.973903592130167	0.009366371375209867	2.83447140319495	1.0	4.0247369034271365	8.930705367777408	-295.83101099448555	0.21824862729516853	0.2809138987626978	0.16291310240258117	0.33792437153955246
76000	-8174.848897439643	-7857.850786608958	-316.9981108306853	-7857.850786608958	16.684940644390732	9.79075958382508	0.008833603185083872	2.83447140319495	1.0	4.443712221424393	7.713211538161403	-293.6314593630605	0.21824862729516853	0.2809138987626978	0.16291310240258117	0.33792437153955246
77000	-8174.008079875598	-7855.008754865745	-318.99932500985364	-7855.008754865745	16.315957015740192	9.72777451318236	0.008703029212959096	2.83447140319495	1.0	4.443712221424393	7.586663156244708	-295.73295786107803	0.21824862729516853	0.2809138987626978	0.16291310240258117	0.33792437153955246
78000	-8165.024487201268	-7847.15195606903	-317.87253113223824	-7847.15195606903	16.315957015740192	9.72777451318236	0.009132657918536954	2.83447140319495	1.0	4.443712221424393	7.417480837577261	-294.58034202995975	0.21824862729516853	0.2809138987626978	0.16291310240258117	0.33792437153955246
79000	-8157.780234380352	-7843.747143490645	-314.0330908897072	-7843.747143490645	16.114507212665192	9.803254504565087	0.008735078826621822	2.83447140319495	1.0	3.4095002669348413	8.024008642395774	-291.65876359700457	0.21824862729516853	0.2809138987626978	0.16291310240258117	0.33792437153955246
80000	-8137.037519931115	-7826.536201373323	-310.5013185577914	-7826.536201373323	16.496040542190496	9.803254504565087	0.009010530427411076	2.83447140319495	1.0	3.560232353199504	6.028739378746646	-288.2309921861016	0.21310855987506133	0.2809138987626978	0.16291310240258117	0.34306443895965966
81000	-7983.427718769731	-7674.581592666361	-308.84612610337	-7674.581592666361	16.590646142750742	9.626737399031454	0.008548383194169193	2.83447140319495	1.0	3.560232353199504	5.049168611145502	-286.99883487878367	0.1970297393488046	0.2809138987626978	0.1789919229288379	0.34306443895965966
82000	-7977.817455426557	-7669.21869817103	-308.5987572555264	-7669.21869817103	16.642989311106152	9.97499503550798	0.008411107139926181	2.83447140319495	1.0	7.661179026056658	5.982134286675357	-282.11696991326573	0.1970297393488046	0.2809138987626978	0.1789919229288379	0.34306443895965966
83000	-7971.583456877883	-7664.282471729872	-307.30098514801114	-7664.282471729872	16.466773531345293	9.760101124899464	0.00828721899596899	2.83447140319495	1.0	7.661179026056658	7.040671521059061	-280.905654763671	0.1970297393488046	0.2809138987626978	0.1789919229288379	0.34306443895965966
84000	-7978.6858095285015	-7671.816438571295	-306.86937095720583	-7671.816438571295	16.32249925710152	9.169249197179429	0.009027695352076313	2.83447140319495	1.0	7.661179026056658	6.535026736536882	-281.10972700484797	0.1970297393488046	0.2809138987626978	0.1789919229288379	0.34306443895965966
85000	-7989.885850351513	-7681.042882878411	-308.84296747310276	-7681.042882878411	17.829268841706273	8.875008578874038	0.008352754914733139	2.83447140319495	1.0	7.661179026056658	6.938621491741714	-283.42498406055137	0.1970297393488046	0.2809138987626978	0.1789919229288379	0.34306443895965966
86000	-7981.822046514356	-7668.634208149776	-313.1878383645799	-7668.634208149776	18.54756375924627	9.643977219161428	0.008008186530715666	2.83447140319495	1.0	7.661179026056658	5.955838206404241	-287.12109363059557	0.1970297393488046	0.2809138987626978	0.1789919229288379	0.34306443895965966
87000	-7978.517408279889	-7670.421109148532	-308.09629913135694	-7670.421109148532	17.40088599336911	9.958665136933766	0.008472068607776505	2.83447140319495	1.0	7.661179026056658	6.283827709338547	-281.5758679268348	0.1970297393488046	0.2809138987626978	0.1789919229288379	0.34306443895965966
88000	-7953.288122291449	-7645.510373944823	-307.7777483466264	-7645.510373944823	19.390194045482886	9.496790290409741	0.008547741345392084	2.83447140319495	1.0	7.661179026056658	5.722413801851448	-281.8465972458093	0.1970297393488046	0.2809138987626978	0.17225676399879516	0.3497995978897024
89000	-7967.654195143154	-7662.179016230217	-305.4751789129373	-7662.179016230217	19.583432727528052	9.496311147659968	0.008112841901614865	3.168805675896367	1.0	7.661179026056658	5.994488796066444	-279.4320308681058	0.20104861002557015	0.2809138987626978	0.16823789332202962	0.3497995978897024
90000	-7958.561035143045	-7656.517083739551	-302.0439514034942	-7656.517083739551	19.336736152044605	9.76379983544025	0.008255968106709081	3.168805675896367	1.0	7.661179026056658	5.710438879637051	-275.7393150904022	0.19038094957664314	0.2820768110853015	0.1777426414483529	0.3497995978897024
91000	-7965.5136172895645	-7661.035504220703	-304.47811306886143	-7661.035504220703	18.590186216014736	9.847016095771117	0.008347674448690874	3.168805675896367	1.0	7.661179026056658	5.430561737822889	-278.12179253947016	0.19038094957664314	0.2820768110853015	0.1777426414483529	0.3497995978897024
92000	-7934.186679486868	-7627.590870901578	-306.5958085852906	-7627.590870901578	17.208279886568064	9.765747548700137	0.008735515761909347	2.8838818864476465	1.0	7.661179026056658	6.058064363807485	-280.27391674495027	0.17043607253151724	0.2820768110853015	0.1777426414483529	0.3697444749348283
93000	-7924.80206639574	-7618.202930387502	-306.5991360082383	-7618.202930387502	17.785237118463936	9.520158665654908	0.008417065945086831	2.8838818864476465	1.0	7.393530960736426	6.257778343868005	-280.8182373222262	0.17043607253151724	0.2820768110853015	0.1777426414483529	0.3697444749348283
94000	-7931.320669028368	-7624.445298375911	-306.8753706524565	-7624.445298375911	17.959643912463797	9.913649942138168	0.008105520822029255	2.8838818864476465	1.0	6.765684375478523	6.565044548496043	-281.2822810979692	0.17043607253151724	0.2820768110853015	0.1777426414483529	0.3697444749348283
95000	-7946.357712181707	-7640.806968080783	-305.5507441009238	-7640.806968080783	19.236431390726555	9.913649942138168	0.008767540225009036	2.8838818864476465	1.0	7.500475898483836	6.071959821580317	-279.2221605503207	0.17043607253151724	0.2820768110853015	0.1777426414483529	0.3697444749348283
96000	-7943.915321278563	-7636.712080871093	-307.20324040746965	-7636.712080871093	19.196444192468896	9.765460424931625	0.008451759522269724	2.6615253171166606	1.0	7.500475898483836	5.874935948903612	-281.18741595548323	0.17043607253151724	0.2820768110853015	0.1777426414483529	0.3697444749348283
97000	-7928.674374064795	-7622.274314299105	-306.4000597656901	-7622.274314299105	19.810351483188857	8.93872824186214	0.007746411568618603	2.6615253171166606	1.0	7.500475898483836	5.74575445295596	-281.40022853663214	0.17043607253151724	0.2820768110853015	0.1675972501343954	0.3798898662487858
98000	-7924.663216972057	-7618.408152622908	-306.255064349149	-7618.408152622908	18.682917482242274	9.842145241839365	0.00822223800223515	2.6615253171166606	1.0	6.184912348472682	6.965761109540571	-281.32839119558435	0.17043607253151724	0.2820768110853015	0.1675972501343954	0.3798898662487858
99000	-7921.577916480977	-7618.577490259902	-303.0004262210747	-7618.577490259902	17.546596376645077	9.984427080042444	0.008631013957367291	2.668372074465544	1.0	6.184912348472682	6.219805169908519	-277.9805995841163	0.17043607253151724	0.2685998511928838	0.1675972501343954	0.3933668261412035
100000	-7910.810786273248	-7609.925811289644	-300.88497498360334	-7609.925811289644	17.337185193179337	9.781647278445801	0.008463775310145246	2.668372074465544	1.0	6.184912348472682	6.608538993427609	-276.04540701462946	0.17043607253151724	0.2685998511928838	0.1675972501343954	0.3933668261412035
