#
#model:
#
#<?xml version="1.0" encoding="UTF-8" standalone="no"?><input id="posterior" spec="beast.core.util.CompoundDistribution">
#    <distribution id="prior" spec="beast.core.util.CompoundDistribution">
#        <distribution id="CoalescentConstant.t:1" spec="beast.evolution.tree.coalescent.Coalescent">
#            <populationModel id="ConstantPopulation.t:1" spec="beast.evolution.tree.coalescent.ConstantPopulation">
#                <parameter id="popSize.t:1" name="popSize" spec="beast.core.parameter.RealParameter">0.3</parameter>
#            </populationModel>
#            <treeIntervals id="TreeIntervals.t:1" spec="beast.evolution.tree.coalescent.TreeIntervals">
#                <tree id="Tree.t:1" spec="beast.evolution.tree.Tree">
#                    <trait id="dateTrait.t:1" spec="beast.evolution.tree.TraitSet" traitname="date" value="2_2000.1=2000.1,17_2001.6=2001.6,18_2001.7=2001.7,21_2002=2002,24_2002.3=2002.3,26_2002.5=2002.5,5_2000.4=2000.4,7_2000.6=2000.6,4_2000.3=2000.3,13_2001.2=2001.2,15_2001.4=2001.4,16_2001.5=2001.5,1_2000=2000,8_2000.7=2000.7,3_2000.2=2000.2,12_2001.1=2001.1,22_2002.1=2002.1,32_2003.1=2003.1,28_2002.7=2002.7,43_2004.2=2004.2,46_2004.5=2004.5,55_2005.4=2005.4,63_2006.2=2006.2,65_2006.4=2006.4,66_2006.5=2006.5,67_2006.6=2006.6,23_2002.2=2002.2,10_2000.9=2000.9,14_2001.3=2001.3,33_2003.2=2003.2,39_2003.8=2003.8,34_2003.3=2003.3,44_2004.3=2004.3,48_2004.7=2004.7,53_2005.2=2005.2,52_2005.1=2005.1,58_2005.7=2005.7,9_2000.8=2000.8,6_2000.5=2000.5,11_2001=2001,25_2002.4=2002.4,20_2001.9=2001.9,47_2004.6=2004.6,36_2003.5=2003.5,45_2004.4=2004.4,50_2004.9=2004.9,42_2004.1=2004.1,51_2005=2005,35_2003.4=2003.4,37_2003.6=2003.6,57_2005.6=2005.6,59_2005.8=2005.8,61_2006=2006,62_2006.1=2006.1,41_2004=2004,40_2003.9=2003.9,49_2004.8=2004.8,74_2007.3=2007.3,77_2007.6=2007.6,68_2006.7=2006.7,70_2006.9=2006.9,81_2008=2008,19_2001.8=2001.8,27_2002.6=2002.6,29_2002.8=2002.8,30_2002.9=2002.9,31_2003=2003,38_2003.7=2003.7,56_2005.5=2005.5,69_2006.8=2006.8,82_2008.1=2008.1,80_2007.9=2007.9,83_2008.2=2008.2,87_2008.6=2008.6,71_2007=2007,75_2007.4=2007.4,72_2007.1=2007.1,91_2009=2009,88_2008.7=2008.7,94_2009.3=2009.3,98_2009.7=2009.7,79_2007.8=2007.8,84_2008.3=2008.3,78_2007.7=2007.7,76_2007.5=2007.5,89_2008.8=2008.8,93_2009.2=2009.2,96_2009.5=2009.5,97_2009.6=2009.6,95_2009.4=2009.4,100_2009.9=2009.9,54_2005.3=2005.3,60_2005.9=2005.9,64_2006.3=2006.3,73_2007.2=2007.2,86_2008.5=2008.5,85_2008.4=2008.4,90_2008.9=2008.9,99_2009.8=2009.8,92_2009.1=2009.1,101_2010=2010">
#                        <taxa id="TaxonSet.1" spec="beast.evolution.alignment.TaxonSet">
#                        </taxa>
#                    </trait>
#                    <taxonset idref="TaxonSet.1"/>
#                </tree>
#            </treeIntervals>
#        </distribution>
#        <prior id="rateOmega.prior" name="distribution">
#            <parameter id="rateOmega" lower="0.1" name="x" spec="beast.core.parameter.RealParameter" upper="10.0">0.5</parameter>
#            <Gamma id="Gamma.0" name="distr">
#                <parameter estimate="false" id="rateOmega.alpha" name="alpha" spec="beast.core.parameter.RealParameter">0.1</parameter>
#                <parameter estimate="false" id="rateOmega.beta" name="beta" spec="beast.core.parameter.RealParameter">1.0</parameter>
#            </Gamma>
#        </prior>
#        <prior id="rateMean.prior" name="distribution">
#            <parameter id="rateMean" lower="1.0E-4" name="x" spec="beast.core.parameter.RealParameter" upper="10.0">0.005</parameter>
#            <Gamma id="Gamma.1" name="distr">
#                <parameter estimate="false" id="rateMean.alpha" name="alpha" spec="beast.core.parameter.RealParameter">0.005</parameter>
#                <parameter estimate="false" id="rateMean.beta" name="beta" spec="beast.core.parameter.RealParameter">1.0</parameter>
#            </Gamma>
#        </prior>
#        <prior id="FrequenciesPrior.s:1" name="distribution">
#            <parameter dimension="4" id="freqParameter.s:1" lower="0.0" name="x" spec="beast.core.parameter.RealParameter" upper="1.0">0.25</parameter>
#            <Uniform id="Uniform.3" name="distr"/>
#        </prior>
#        <prior id="GammaShapePrior.s:1" name="distribution">
#            <parameter id="gammaShape.s:1" name="x" spec="beast.core.parameter.RealParameter">1.0</parameter>
#            <Exponential id="Exponential.0" name="distr">
#                <parameter estimate="false" id="RealParameter.0" name="mean" spec="beast.core.parameter.RealParameter">1.0</parameter>
#            </Exponential>
#        </prior>
#        <prior id="KappaPrior.s:1" name="distribution">
#            <parameter id="kappa.s:1" lower="0.0" name="x" spec="beast.core.parameter.RealParameter">2.0</parameter>
#            <LogNormal id="LogNormalDistributionModel.0" name="distr">
#                <parameter estimate="false" id="RealParameter.1" name="M" spec="beast.core.parameter.RealParameter">1.0</parameter>
#                <parameter estimate="false" id="RealParameter.2" name="S" spec="beast.core.parameter.RealParameter">1.25</parameter>
#            </LogNormal>
#        </prior>
#        <prior id="PopSizePrior.t:1" name="distribution" x="@popSize.t:1">
#            <OneOnX id="OneOnX.1" name="distr"/>
#        </prior>
#    </distribution>
#    <distribution id="likelihood" spec="beast.core.util.CompoundDistribution" useThreads="true">
#        <distribution data="@1" id="treeLikelihood.1" spec="beast.evolution.likelihood.ThreadedTreeLikelihood" tree="@Tree.t:1">
#            <siteModel gammaCategoryCount="4" id="SiteModel.s:1" shape="@gammaShape.s:1" spec="beast.evolution.sitemodel.SiteModel">
#                <parameter id="mutationRate.s:1" name="mutationRate" spec="beast.core.parameter.RealParameter">1.0</parameter>
#                <parameter estimate="false" id="proportionInvariant.s:1" lower="0.0" name="proportionInvariant" spec="beast.core.parameter.RealParameter" upper="1.0">0.0</parameter>
#                <substModel id="hky.s:1" kappa="@kappa.s:1" spec="beast.evolution.substitutionmodel.HKY">
#                    <frequencies frequencies="@freqParameter.s:1" id="estimatedFreqs.s:1" spec="beast.evolution.substitutionmodel.Frequencies"/>
#                </substModel>
#            </siteModel>
#            <branchRateModel id="branchRates" numSites="1000" numberOfDiscreteRates="12" rateMean="@rateMean" rateOmega="@rateOmega" spec="beast.evolution.branchratemodel.ARClockModel" tree="@Tree.t:1">
#                <rateCategories dimension="200" id="rateCategories" spec="beast.core.parameter.IntegerParameter">1</rateCategories>
#            </branchRateModel>
#        </distribution>
#    </distribution>
#</input>
#
Sample	posterior	likelihood	prior	treeLikelihood	TreeHeight	rateOmega	rateMean	kappa	mutationRate	gammaShape	popSize	CoalescentConstant	freqParameter.1	freqParameter.2	freqParameter.3	freqParameter.4
0	-43402.839860321634	-43168.806654151274	-234.03320617036022	-43168.806654151274	10.751582664363609	0.5	0.005	2.0	1.0	1.0	0.3	-230.21431273121476	0.25	0.25	0.25	0.25
1000	-21798.752028495008	-20708.59487464491	-1090.157153850099	-20708.59487464491	16.98673733771071	0.1674400039912015	0.0215680748414985	3.9361561049888136	1.0	1.0	1.6453049255613954	-1083.7916879198851	0.24521919259014663	0.25	0.25	0.25478080740985337
2000	-18188.605222591035	-17806.580767730084	-382.02445486095024	-17806.580767730084	19.20676648569045	0.8277896563742189	0.02216986901512825	3.9361561049888136	1.0	0.768123607670296	13.807986630751081	-371.63688954766275	0.24521919259014663	0.25	0.25	0.25478080740985337
3000	-15410.34262032164	-15031.642976389432	-378.6996439322091	-15031.642976389432	16.60836051793366	3.427977875926816	0.017248598479135305	4.156234061718379	1.0	0.7186673000619345	13.929397257685276	-364.66014968265523	0.24521919259014663	0.25	0.25	0.25478080740985337
4000	-14042.390947540549	-13666.482624514947	-375.9083230256028	-13666.482624514947	17.42747046266781	8.724245772476491	0.01811577485346438	4.156234061718379	1.0	0.7186673000619345	13.00654265245043	-355.75071383900564	0.24521919259014663	0.25	0.25	0.25478080740985337
5000	-13419.710906500748	-13049.055364513933	-370.6555419868148	-13049.055364513933	17.42747046266781	9.608494817778963	0.018065206116902585	4.439479347116155	1.0	0.6150008784089597	13.745234663715994	-349.4928205617076	0.24521919259014663	0.25	0.25	0.25478080740985337
6000	-11967.518912888314	-11600.982770150415	-366.5361427378985	-11600.982770150415	17.293214268308777	9.973246233454153	0.015960902133598118	4.439479347116155	1.0	0.6150008784089597	11.304623747303399	-345.2959483105542	0.24521919259014663	0.25	0.25	0.25478080740985337
7000	-11657.414367379472	-11285.79915165037	-371.6152157291019	-11285.79915165037	17.77851307958859	9.954348879442968	0.014931523657812347	4.439479347116155	1.0	0.6150008784089597	10.34867134598826	-350.5513427782917	0.243193987530569	0.25075528228557864	0.25	0.2560507301838524
8000	-10919.317875945397	-10540.910041330564	-378.40783461483346	-10540.910041330564	18.114173207849802	9.13467913057078	0.012249862100104387	4.439479347116155	1.0	0.6150008784089597	14.960837749034003	-358.0720437419516	0.243193987530569	0.25075528228557864	0.25	0.2560507301838524
9000	-10752.127073148158	-10374.004777520315	-378.1222956278426	-10374.004777520315	17.598423570538735	8.36794233026635	0.011095585947362542	4.439479347116155	1.0	0.6150008784089597	12.487194037249134	-358.9125036794086	0.243193987530569	0.25075528228557864	0.24527750886102637	0.260773221322826
10000	-10156.66218846176	-9774.807124497174	-381.8550639645862	-9774.807124497174	17.785403421312026	8.850352018603214	0.010661415535530312	4.439479347116155	1.0	0.6150008784089597	17.7806516765141	-361.7991615484971	0.24404740361062482	0.25075528228557864	0.24442409278097055	0.260773221322826
11000	-9566.948660409238	-9193.552689299466	-373.395971109772	-9193.552689299466	17.68335796217917	9.769669649091348	0.00991554969975625	4.439479347116155	1.0	0.7719393603059088	13.13491654752459	-352.55061674529736	0.24008604303370953	0.25075528228557864	0.24838545335788584	0.260773221322826
12000	-9321.099606222297	-8952.408888842134	-368.69071738016277	-8952.408888842134	21.010270344818633	9.244807443560548	0.01065493722873163	4.439479347116155	1.0	0.7719393603059088	12.657351412100253	-348.3846606955531	0.24008604303370953	0.25075528228557864	0.24838545335788584	0.260773221322826
13000	-9088.380949615224	-8727.923310829663	-360.4576387855612	-8727.923310829663	21.010270344818633	7.556903485890828	0.00955358559845369	4.439479347116155	1.0	0.7719393603059088	11.421111165932977	-342.23336386696417	0.24008604303370953	0.25075528228557864	0.24838545335788584	0.260773221322826
14000	-8969.929556377541	-8608.59607447548	-361.3334819020625	-8608.59607447548	24.833266526999346	8.03948357338514	0.009514539287741632	4.439479347116155	1.0	0.7719393603059088	13.086944312852063	-342.4388763068807	0.24008604303370953	0.25075528228557864	0.24838545335788584	0.260773221322826
15000	-8684.912498740818	-8319.671755862417	-365.24074287840097	-8319.671755862417	26.58095095098325	6.614244764147903	0.00868493534944614	4.439479347116155	1.0	0.8544604628154077	10.20157865651915	-348.20515750518314	0.24008604303370953	0.25075528228557864	0.24838545335788584	0.260773221322826
16000	-8335.702687394662	-7968.630467836562	-367.0722195580991	-7968.630467836562	24.482473811278506	4.74267313285192	0.0069219956213230115	4.439479347116155	1.0	0.8544604628154077	11.083042098284876	-352.3522086699284	0.22349574678491335	0.2673455785343748	0.24838545335788584	0.260773221322826
17000	-8152.829666220149	-7785.630786707963	-367.19887951218567	-7785.630786707963	24.482473811278506	6.216376692626935	0.007398389529112213	4.439479347116155	1.0	1.2677855364938007	11.346011419639538	-350.25816043637724	0.22349574678491335	0.2673455785343748	0.24838545335788584	0.260773221322826
18000	-8000.902839736036	-7631.574089551024	-369.3287501850118	-7631.574089551024	26.629982926975206	5.767486066858769	0.006708104835160569	4.439479347116155	1.0	1.2677855364938007	11.331738404364337	-353.00378275659335	0.22349574678491335	0.2673455785343748	0.24838545335788584	0.260773221322826
19000	-7888.007987977454	-7520.44518579568	-367.5628021817734	-7520.44518579568	28.459029948375164	5.801064274904673	0.006079168690444419	4.439479347116155	1.0	1.8664219527603425	12.233184020649274	-350.62243598182687	0.22349574678491335	0.2673455785343748	0.24838545335788584	0.260773221322826
20000	-7681.370859577308	-7312.843177937549	-368.5276816397589	-7312.843177937549	27.723456477905938	5.272894096050546	0.005658600986464078	4.722320733199152	1.0	1.8664219527603425	12.761908098926504	-352.1484681314031	0.2176391837756261	0.2746510366803451	0.23979937754181846	0.26791040200221033
21000	-7654.380005845071	-7281.866353722671	-372.5136521223997	-7281.866353722671	26.444722252389894	8.305160721255941	0.006074846258206771	4.722320733199152	1.0	1.8664219527603425	12.892856189672843	-352.61205413093296	0.2176391837756261	0.2746510366803451	0.23979937754181846	0.26791040200221033
22000	-7642.4222781916205	-7274.314174698099	-368.1081034935218	-7274.314174698099	25.958294902014195	7.940617514381008	0.006366095100182066	4.722320733199152	1.0	1.4534751874025846	11.698018304389269	-349.074760155298	0.21776875342558927	0.2746510366803451	0.2396698078918553	0.26791040200221033
23000	-7531.670443791074	-7168.089788222087	-363.5806555689865	-7168.089788222087	29.264741787369775	8.60655532153394	0.00605142131021969	4.722320733199152	1.0	2.3650688684830676	12.559449799094354	-342.8770013407986	0.21776875342558927	0.2746510366803451	0.2396698078918553	0.26791040200221033
24000	-7494.97431068711	-7128.2908293079445	-366.6834813791659	-7128.2908293079445	28.397976590623852	9.111278521882701	0.006372457266884651	4.722320733199152	1.0	2.3650688684830676	10.238666669877057	-345.5763613500388	0.21776875342558927	0.2746510366803451	0.2396698078918553	0.26791040200221033
25000	-7487.0634930329	-7124.166058946713	-362.89743408618733	-7124.166058946713	27.572218918000484	8.091114297873471	0.006290540117350644	4.722320733199152	1.0	2.3650688684830676	10.85025406671459	-342.8722885557582	0.21776875342558927	0.275304021257675	0.2396698078918553	0.2672574174248804
26000	-7470.042230984642	-7107.991337932111	-362.05089305253085	-7107.991337932111	28.234671126308754	7.982758960872743	0.005548024385844253	4.722320733199152	1.0	1.88881724143254	11.31989697177248	-342.7058346755627	0.21124791988394	0.28182485479932423	0.2396698078918553	0.2672574174248804
27000	-7441.355341717053	-7074.9664219110655	-366.38891980598737	-7074.9664219110655	28.519673537629092	6.991086120958211	0.005468855924232491	4.722320733199152	1.0	1.88881724143254	12.65545925548388	-348.0577706644451	0.21294247558547738	0.28182485479932423	0.23797525219031793	0.2672574174248804
28000	-7405.726381494637	-7044.917280659107	-360.80910083553067	-7044.917280659107	28.578622614643148	7.266087920501535	0.005575918848615786	4.722320733199152	1.0	1.88881724143254	11.233424187215881	-342.268023240502	0.21294247558547738	0.28182485479932423	0.23797525219031793	0.2672574174248804
29000	-7368.498525311446	-7009.581663257596	-358.91686205385076	-7009.581663257596	27.92844139019203	8.744292737646804	0.005869235818629859	4.722320733199152	1.0	1.88881724143254	12.07281542441543	-338.6075478349184	0.20638371898276445	0.28838361140203717	0.2314356382520192	0.2737970313631791
30000	-7351.521333160276	-6999.913525330726	-351.6078078295505	-6999.913525330726	27.373268483028408	7.631433663881305	0.006092260485162468	4.722320733199152	1.0	1.88881724143254	9.669406637979877	-332.7185236541818	0.20638371898276445	0.28838361140203717	0.2314356382520192	0.2737970313631791
31000	-7328.768919756703	-6980.097399590614	-348.6715201660888	-6980.097399590614	28.737815261885622	8.736575843277924	0.006300259233920212	4.722320733199152	1.0	1.88881724143254	9.129744514314387	-328.5791929714236	0.2093072910517221	0.28838361140203717	0.22851206618306155	0.2737970313631791
32000	-7300.974184459805	-6960.487682031358	-340.486502428446	-6960.487682031358	28.504167974406865	7.171498432646066	0.005947524651832954	4.722320733199152	1.0	1.88881724143254	8.971909855071088	-322.21203545758345	0.2093072910517221	0.28838361140203717	0.22851206618306155	0.2737970313631791
33000	-7308.300371086806	-6963.05001585339	-345.2503552334166	-6963.05001585339	31.84861930733364	8.526416349678701	0.006047848084184747	4.722320733199152	1.0	1.88881724143254	10.489040048539712	-325.2922448313577	0.2093072910517221	0.28838361140203717	0.22851206618306155	0.2737970313631791
34000	-7267.617102148424	-6923.762335617199	-343.8547665312249	-6923.762335617199	30.178715869859516	6.898360523729033	0.005727297859001634	4.722320733199152	1.0	2.3440359517180216	10.979029819111288	-325.26904084884455	0.2093072910517221	0.28838361140203717	0.22851206618306155	0.2737970313631791
35000	-7250.398719983096	-6912.926032882989	-337.4726871001075	-6912.926032882989	29.11945829582	6.655681599216752	0.005951523391611395	4.722320733199152	1.0	3.2886187381803436	7.545895775461539	-318.5538368546675	0.2068329202293943	0.28838361140203717	0.22851206618306155	0.2762714021855069
36000	-7258.886763927606	-6920.526928565004	-338.3598353626023	-6920.526928565004	32.07110731235269	7.227649953088932	0.006290107323822056	4.722320733199152	1.0	4.371558441236103	8.914647437463229	-317.4897935539297	0.2068329202293943	0.28924489354389843	0.22851206618306155	0.2754101200436456
37000	-7267.370854425771	-6933.356795356148	-334.01405906962253	-6933.356795356148	30.31831028408369	5.7001672278334485	0.005730809819728043	4.722320733199152	1.0	4.371558441236103	8.071107891140182	-315.0777964920249	0.2050074195188424	0.29107039425445036	0.22851206618306155	0.2754101200436456
38000	-7249.077728363319	-6910.649005498395	-338.42872286492366	-6910.649005498395	32.69130870114631	7.875019904702436	0.00582084947957083	4.722320733199152	1.0	3.77254020310886	8.781595419546857	-317.5257768729906	0.19965139880744817	0.2964264149658446	0.22851206618306155	0.2754101200436456
39000	-7257.446170476535	-6924.763508263101	-332.68266221343384	-6924.763508263101	33.33303992979601	6.7855147421317925	0.00604199801401568	4.477869396761497	1.0	3.77254020310886	7.614919435829016	-313.179498872218	0.19965139880744817	0.2964264149658446	0.22851206618306155	0.2754101200436456
40000	-7244.64039938681	-6918.730346158836	-325.91005322797355	-6918.730346158836	32.145930272632924	4.24908059422685	0.005248351860166545	4.477869396761497	1.0	3.77254020310886	7.574889312339098	-309.5107836771701	0.19965139880744817	0.2964264149658446	0.22851206618306155	0.2754101200436456
41000	-7227.1953312666055	-6898.541227361145	-328.65410390546066	-6898.541227361145	32.55950395079335	4.903489786847863	0.005643228303364501	4.2561979216487105	1.0	3.3479738457272505	7.676475464626916	-311.8763405805131	0.19965139880744817	0.2964264149658446	0.22851206618306155	0.2754101200436456
42000	-7188.672624160954	-6853.160274747438	-335.5123494135162	-6853.160274747438	34.09755434612714	5.9161163723336285	0.005262914346586034	4.2561979216487105	1.0	3.3479738457272505	10.443453449039279	-317.3149877684613	0.19965139880744817	0.2964264149658446	0.22851206618306155	0.2754101200436456
43000	-7184.416355490711	-6859.1227936397845	-325.29356185092615	-6859.1227936397845	32.98198143224234	4.70500604107927	0.00549780678802464	3.2279085998766464	1.0	3.3479738457272505	7.881765015536747	-309.08262730756013	0.19965139880744817	0.2964264149658446	0.22851206618306155	0.2754101200436456
44000	-7150.973779484747	-6821.027315407406	-329.94646407734126	-6821.027315407406	32.599335735334385	5.256049228972066	0.005306091689824194	3.9231049379356713	1.0	3.271065784778423	7.154387419120954	-313.0653776863075	0.19756993080717472	0.30306454164520785	0.22395540750397175	0.2754101200436456
45000	-7135.087566644121	-6808.025965769288	-327.0616008748325	-6808.025965769288	32.185490609988854	4.377554149401981	0.005389649774823018	3.9231049379356713	1.0	3.271065784778423	8.46205828456661	-311.04011315623654	0.19756993080717472	0.30306454164520785	0.22395540750397175	0.2754101200436456
46000	-7108.897907940557	-6788.399936174714	-320.4979717658433	-6788.399936174714	31.499353839550636	4.408230765230308	0.0053840573072178625	3.5041273916591416	1.0	3.271065784778423	7.828662446933007	-304.6537412043359	0.19756993080717472	0.30306454164520785	0.22395540750397175	0.2754101200436456
47000	-7098.541940311458	-6780.840887364607	-317.70105294685146	-6780.840887364607	29.183477339506023	4.608485701715204	0.005606406549945575	4.102106677929601	1.0	4.308540332340251	6.119444609847519	-300.5938321588468	0.19756993080717472	0.30306454164520785	0.22395540750397175	0.2754101200436456
48000	-7096.118650157782	-6779.0345482106595	-317.084101947123	-6779.0345482106595	29.847902267336	5.12104959685233	0.005826865066815201	4.102106677929601	1.0	4.308540332340251	6.514228555337194	-299.2682889538785	0.20112348026020335	0.30306454164520785	0.22040185805094312	0.2754101200436456
49000	-7017.372365948993	-6699.969899281657	-317.40246666733685	-6699.969899281657	29.496858592004997	4.095386729688054	0.005586624944032675	4.102106677929601	1.0	4.308540332340251	5.975026122735081	-300.9419988174554	0.1912734053755807	0.30306454164520785	0.23025193293556576	0.2754101200436456
50000	-7003.372834158754	-6686.556476955825	-316.8163572029293	-6686.556476955825	28.670041787822104	5.257243507855149	0.005530791017801493	4.102106677929601	1.0	4.4677535819918	6.723590477264184	-298.70206446884777	0.1912734053755807	0.30306454164520785	0.23025193293556576	0.2754101200436456
51000	-6966.370759270683	-6648.9721193014575	-317.39863996922566	-6648.9721193014575	29.394498433862783	6.091720186687784	0.005599497996782513	4.102106677929601	1.0	4.4677535819918	7.308123443563689	-298.22156196005307	0.1912734053755807	0.30306454164520785	0.23025193293556576	0.2754101200436456
52000	-6958.352884568996	-6645.1277669395895	-313.2251176294063	-6645.1277669395895	29.394498433862783	4.370753016578885	0.00551801027402261	4.102106677929601	1.0	4.4677535819918	6.985263701378417	-296.127654052101	0.1912734053755807	0.30306454164520785	0.23025193293556576	0.2754101200436456
53000	-6946.475365519536	-6630.041365362752	-316.4340001567848	-6630.041365362752	32.256210959346156	5.209485217661949	0.005346852106079464	4.102106677929601	1.0	4.4677535819918	7.4256575541514875	-298.31019767396066	0.1912734053755807	0.30306454164520785	0.23025193293556576	0.2754101200436456
54000	-6967.2535063367395	-6649.118960070356	-318.1345462663842	-6649.118960070356	31.834373976831742	4.795043779083049	0.005272339306915356	4.102106677929601	1.0	4.4677535819918	8.8685434874009	-300.3362624560449	0.1912734053755807	0.30306454164520785	0.23025193293556576	0.2754101200436456
55000	-6961.581159291743	-6641.8209584327815	-319.76020085896107	-6641.8209584327815	33.33215844533177	5.331141443756033	0.005406082503745194	4.102106677929601	1.0	4.4677535819918	7.905044752463021	-301.4203855056695	0.1912734053755807	0.30306454164520785	0.23025193293556576	0.2754101200436456
56000	-6969.41622648871	-6653.181219768074	-316.2350067206358	-6653.181219768074	32.78948595753527	4.585904408700553	0.00575943465449237	4.102106677929601	1.0	4.4677535819918	8.001629858382291	-298.7004531183923	0.1912734053755807	0.30306454164520785	0.23025193293556576	0.2754101200436456
57000	-6953.504608758427	-6641.520810874632	-311.9837978837945	-6641.520810874632	31.886421738955292	4.359780120702499	0.005645535428755141	4.102106677929601	1.0	4.4677535819918	8.042377585553302	-294.73578651148915	0.1912734053755807	0.30936671796032017	0.2239497566204534	0.2754101200436456
58000	-6961.130149660794	-6648.662999486109	-312.4671501746849	-6648.662999486109	31.886421738955292	3.807061053942337	0.005360230588106648	4.102106677929601	1.0	4.4677535819918	7.338208865747983	-296.0373796020168	0.1912734053755807	0.30936671796032017	0.2239497566204534	0.2754101200436456
59000	-6955.4263419549225	-6646.285912420472	-309.14042953444977	-6646.285912420472	30.64022107788479	3.8718522839807834	0.005756635931361592	4.102106677929601	1.0	7.596434800056892	6.615425994888039	-289.5343032110111	0.1912734053755807	0.30936671796032017	0.2239497566204534	0.2754101200436456
60000	-6966.651843727266	-6658.409865652241	-308.2419780750255	-6658.409865652241	30.454366193486326	2.963649236162705	0.005152082190107602	3.447093308795532	1.0	7.596434800056892	7.457833198768705	-289.9858777234338	0.1912734053755807	0.30936671796032017	0.2239497566204534	0.2754101200436456
61000	-6947.44084536873	-6640.417734273746	-307.0231110949846	-6640.417734273746	30.454366193486326	4.1654379470273915	0.005445801970976458	3.447093308795532	1.0	4.552345700879314	8.03818501334668	-290.1725520914488	0.1912734053755807	0.30936671796032017	0.2239497566204534	0.2754101200436456
62000	-6940.277117608679	-6632.938172315689	-307.33894529299	-6632.938172315689	28.42662115695366	4.544646927656367	0.005851243986040736	3.447093308795532	1.0	4.552345700879314	6.972433385661288	-290.10114492571046	0.1912734053755807	0.30936671796032017	0.2239497566204534	0.2754101200436456
63000	-6932.004035803616	-6626.1954797537455	-305.8085560498704	-6626.1954797537455	30.300789318067558	4.078788240713415	0.00564207066714198	3.447093308795532	1.0	4.552345700879314	6.246827641494157	-289.2802702911267	0.1912734053755807	0.30672109050021196	0.2239497566204534	0.27805574750375384
64000	-6914.834449055651	-6609.219144390862	-305.61530466478894	-6609.219144390862	29.598800681886917	4.6418186034769775	0.005522936324056508	3.447093308795532	1.0	4.552345700879314	5.942308567692453	-288.4789428413752	0.1912734053755807	0.30672109050021196	0.2239497566204534	0.27805574750375384
65000	-6926.304627204237	-6620.607181541355	-305.69744566288176	-6620.607181541355	29.598800681886917	4.033997850018703	0.005117783831811672	3.447093308795532	1.0	4.552345700879314	5.921700614862464	-289.3749044891563	0.20568834168350372	0.30672109050021196	0.2095348203125304	0.27805574750375384
66000	-6926.939537651613	-6621.136194293512	-305.80334335810164	-6621.136194293512	29.00430329638781	4.518303073918026	0.005423721384235407	3.447093308795532	1.0	5.5392369717196726	6.427206138131974	-287.7675723758101	0.20568834168350372	0.30672109050021196	0.2095348203125304	0.27805574750375384
67000	-6929.3513608200665	-6623.31179357748	-306.03956724258694	-6623.31179357748	29.781782150338284	5.534349206777011	0.005425092278499655	3.447093308795532	1.0	5.5392369717196726	6.594248330639484	-286.7792856929748	0.20568834168350372	0.30672109050021196	0.2095348203125304	0.27805574750375384
68000	-6932.047855670308	-6625.5058772844395	-306.5419783858689	-6625.5058772844395	29.256746352564058	5.856726347870657	0.005688240410456686	3.447093308795532	1.0	5.5392369717196726	5.517536026616451	-287.03923860382514	0.20568834168350372	0.30672109050021196	0.2095348203125304	0.27805574750375384
69000	-6928.100803583272	-6625.753132789446	-302.3476707938258	-6625.753132789446	29.256746352564058	4.532739703312987	0.0052252394063952295	3.447093308795532	1.0	5.5392369717196726	7.648811266472522	-284.1578754706483	0.20568834168350372	0.30672109050021196	0.2095348203125304	0.27805574750375384
70000	-6917.563951330581	-6618.117191216485	-299.4467601140969	-6618.117191216485	28.19244952994954	5.5332507812564575	0.005426667929529673	3.447093308795532	1.0	5.5392369717196726	6.306888005809176	-280.2320205489946	0.20568834168350372	0.31056869632102135	0.20568721449172103	0.27805574750375384
71000	-6908.148664349636	-6610.532747650169	-297.6159166994675	-6610.532747650169	26.17829847972371	6.554726324088585	0.005508410710843387	3.447093308795532	1.0	5.501515449532046	6.078033832353734	-277.2869566046995	0.21311497357336634	0.31056869632102135	0.19826058260185841	0.27805574750375384
72000	-6894.525683705181	-6600.3371690465665	-294.1885146586147	-6600.3371690465665	26.17829847972371	5.659129659021115	0.005614238529691853	3.447093308795532	1.0	5.501515449532046	5.884198077736607	-274.9007461541616	0.20850202312365648	0.3142125234418613	0.19461675548101848	0.28266869795346367
73000	-6908.59682882499	-6618.252314861504	-290.34451396348624	-6618.252314861504	26.05802965733475	5.49717696852809	0.005626996177207059	3.447093308795532	1.0	4.161161790209565	5.8466246707658724	-272.58931844018514	0.20850202312365648	0.3142125234418613	0.19461675548101848	0.28266869795346367
74000	-6900.473962177014	-6604.304769926239	-296.16919225077544	-6604.304769926239	27.559442956224725	6.523257249697341	0.006037976318409871	3.447093308795532	1.0	4.161161790209565	5.49436037111988	-277.2254818874606	0.20850202312365648	0.3142125234418613	0.19461675548101848	0.28266869795346367
75000	-6908.165168502089	-6609.237518433114	-298.9276500689744	-6609.237518433114	29.042690001206836	6.222158924547143	0.0054492353258714325	3.447093308795532	1.0	4.161161790209565	5.90193132613851	-280.3586811595616	0.20850202312365648	0.3142125234418613	0.19461675548101848	0.28266869795346367
76000	-6906.526559343264	-6605.768231334116	-300.7583280091483	-6605.768231334116	29.365252835886608	5.020570328491809	0.005506953886651816	3.447093308795532	1.0	5.696159864549275	6.207507947355566	-281.9880444234898	0.20850202312365648	0.3142125234418613	0.19461675548101848	0.28266869795346367
77000	-6923.489530973686	-6621.702241303494	-301.78728967019237	-6621.702241303494	28.85018548560535	4.782454893845187	0.005602999977062859	3.447093308795532	1.0	5.696159864549275	7.000835642809251	-283.1612819900504	0.20850202312365648	0.3142125234418613	0.19461675548101848	0.28266869795346367
78000	-6918.72229387224	-6617.681306485344	-301.0409873868953	-6617.681306485344	28.6391955026208	6.187184789619842	0.005576101533435359	3.447093308795532	1.0	4.731184024863968	6.427303326915856	-281.83374165491284	0.20850202312365648	0.3142125234418613	0.19461675548101848	0.28266869795346367
79000	-6939.064855641097	-6634.719855203636	-304.3450004374608	-6634.719855203636	28.864273100687377	4.810551148697522	0.00555343563128199	3.447093308795532	1.0	7.785616638617435	6.101199489705546	-283.74260248769855	0.20850202312365648	0.3142125234418613	0.19461675548101848	0.28266869795346367
80000	-6935.296379868216	-6633.18293113596	-302.11344873225613	-6633.18293113596	28.562641211266367	5.150412226984266	0.006172215047391566	3.447093308795532	1.0	7.785616638617435	7.132599641910392	-280.84782915313326	0.20850202312365648	0.3142125234418613	0.19461675548101848	0.28266869795346367
81000	-6921.076849706252	-6622.699059544215	-298.37779016203683	-6622.699059544215	29.17239497067067	4.8475034182267365	0.0055891943406080145	3.447093308795532	1.0	4.861083691128241	6.303184310208234	-280.6170943417877	0.20850202312365648	0.3142125234418613	0.19461675548101848	0.28266869795346367
82000	-6913.738709392882	-6615.388637831778	-298.35007156110373	-6615.388637831778	29.9059143864362	5.662045188633514	0.005468585810068864	3.447093308795532	1.0	4.861083691128241	5.832136207756775	-279.7345429908775	0.20850202312365648	0.3142125234418613	0.19461675548101848	0.28266869795346367
83000	-6891.631949484923	-6589.885446118772	-301.74650336615093	-6589.885446118772	28.538559216133606	5.01544856163041	0.00545696688671417	3.447093308795532	1.0	4.861083691128241	6.363597139722305	-283.8016249542966	0.20183506866529222	0.3208794779002256	0.19461675548101848	0.28266869795346367
84000	-6885.362316719586	-6583.447452965281	-301.91486375430463	-6583.447452965281	28.805585517913034	5.996308333281726	0.00575123129643534	3.447093308795532	1.0	4.861083691128241	7.204308686979239	-282.6517285634792	0.20183506866529222	0.3208794779002256	0.19461675548101848	0.28266869795346367
85000	-6902.176793286096	-6593.999666075101	-308.1771272109946	-6593.999666075101	28.260149236429303	6.522083600494166	0.006006129996628795	3.447093308795532	1.0	4.861083691128241	5.82243804667514	-288.4821273333838	0.20183506866529222	0.3208794779002256	0.19461675548101848	0.28266869795346367
86000	-6890.07546276316	-6587.83184242055	-302.24362034261077	-6587.83184242055	28.479285655511386	6.239596066920465	0.005445455698131563	3.447093308795532	1.0	4.861083691128241	6.199032310702416	-282.90635433153375	0.20183506866529222	0.3208794779002256	0.19461675548101848	0.28266869795346367
87000	-6901.966024239914	-6599.270056637773	-302.6959676021407	-6599.270056637773	30.07191982390548	4.55043542472622	0.00520271216225639	3.447093308795532	1.0	4.861083691128241	5.726997977125689	-285.45680334450935	0.20183506866529222	0.3208794779002256	0.19461675548101848	0.28266869795346367
88000	-6882.674155280618	-6580.904362784733	-301.76979249588436	-6580.904362784733	30.27711325257462	5.5217106381828005	0.005196557196500567	3.447093308795532	1.0	5.232133242530319	5.317659140891845	-283.08952741911463	0.20183506866529222	0.3208794779002256	0.1886448962608391	0.28864055717364306
89000	-6878.698095098623	-6574.7556563365315	-303.9424387620911	-6574.7556563365315	29.40948305670003	5.967356912142064	0.004753600967934411	3.447093308795532	1.0	5.232133242530319	6.763257677434175	-284.59529256242877	0.18870027750162352	0.3375921830926855	0.17962057716944088	0.29408696223625
90000	-6868.393751347546	-6562.81874685056	-305.5750044969856	-6562.81874685056	29.230942944428865	5.639786483812054	0.00488498178332182	3.447093308795532	1.0	2.350119718198107	6.112381212887681	-289.56218441995054	0.17869906888770684	0.33867975464204825	0.1885342142339948	0.29408696223625
91000	-6877.647043840384	-6572.760622042251	-304.8864217981328	-6572.760622042251	26.214815026420307	7.158021490103652	0.005403789572702733	3.447093308795532	1.0	2.350119718198107	5.919329135422609	-287.07196229168693	0.17869906888770684	0.33867975464204825	0.1885342142339948	0.29408696223625
92000	-6878.737754309407	-6578.171358342322	-300.5663959670854	-6578.171358342322	26.214815026420307	6.713962311748571	0.006224910378182247	3.447093308795532	1.0	2.350119718198107	7.2075902152241955	-282.91515159594786	0.17869906888770684	0.33867975464204825	0.1885342142339948	0.29408696223625
93000	-6874.65008123436	-6564.174607518199	-310.4754737161607	-6564.174607518199	30.388386974614505	6.478698107242068	0.004842689958929154	3.447093308795532	1.0	5.156622032232019	5.273550934248687	-290.84874017860255	0.17869906888770684	0.33867975464204825	0.1885342142339948	0.29408696223625
94000	-6860.993731976233	-6553.126249208611	-307.867482767622	-6553.126249208611	26.986271064747402	6.456466490376851	0.004967296419819589	3.447093308795532	1.0	5.156622032232019	6.2603416137545205	-288.0691407368327	0.17869906888770684	0.33867975464204825	0.1885342142339948	0.29408696223625
95000	-6864.638308692551	-6564.715597588357	-299.92271110419387	-6564.715597588357	28.9352251353563	6.385777976388263	0.005125131837204732	3.447093308795532	1.0	2.8037008850680527	6.760258873536622	-282.4497783081737	0.17869906888770684	0.33867975464204825	0.1885342142339948	0.29408696223625
96000	-6853.453743432134	-6548.739700402767	-304.7140430293666	-6548.739700402767	28.545407848006832	5.84954574028859	0.004854369336755994	2.7759442404289327	1.0	5.979572342548955	6.092472737500323	-285.0731471532895	0.17869906888770684	0.3190728229104591	0.1885342142339948	0.3136938939678392
97000	-6861.178620589253	-6553.81420746019	-307.3644131290629	-6553.81420746019	26.725893801162158	5.1032836244731525	0.004818186006450917	2.7759442404289327	1.0	6.305883054094552	7.560267920607259	-288.0579283625215	0.17869906888770684	0.3190728229104591	0.1885342142339948	0.3136938939678392
98000	-6856.13089326648	-6554.797948316494	-301.33294494998603	-6554.797948316494	28.63488577821176	5.292661569691365	0.0050267519898609244	2.7759442404289327	1.0	5.887845635734662	5.944351157839619	-282.4204183168485	0.17869906888770684	0.3190728229104591	0.1885342142339948	0.3136938939678392
99000	-6822.289964610913	-6522.091700428122	-300.1982641827911	-6522.091700428122	28.031105337228826	6.293646445284227	0.005183302700770453	2.7759442404289327	1.0	5.887845635734662	6.990242258780686	-279.93610980793824	0.1616227868191642	0.3190728229104591	0.1885342142339948	0.3307701760363818
100000	-6820.280204062177	-6523.735348136394	-296.5448559257833	-6523.735348136394	26.94414100653768	6.613886939333198	0.005218698794818164	2.7759442404289327	1.0	5.887845635734662	5.195474263527997	-276.20771352541266	0.1616227868191642	0.3190728229104591	0.1885342142339948	0.3307701760363818
