#
#model:
#
#<?xml version="1.0" encoding="UTF-8" standalone="no"?><input id="posterior" spec="beast.core.util.CompoundDistribution">
#    <distribution id="prior" spec="beast.core.util.CompoundDistribution">
#        <distribution id="CoalescentConstant.t:1" spec="beast.evolution.tree.coalescent.Coalescent">
#            <populationModel id="ConstantPopulation.t:1" spec="beast.evolution.tree.coalescent.ConstantPopulation">
#                <parameter id="popSize.t:1" name="popSize" spec="beast.core.parameter.RealParameter">0.3</parameter>
#            </populationModel>
#            <treeIntervals id="TreeIntervals.t:1" spec="beast.evolution.tree.coalescent.TreeIntervals">
#                <tree id="Tree.t:1" spec="beast.evolution.tree.Tree">
#                    <trait id="dateTrait.t:1" spec="beast.evolution.tree.TraitSet" traitname="date" value="2_2000.1=2000.1,17_2001.6=2001.6,18_2001.7=2001.7,21_2002=2002,24_2002.3=2002.3,26_2002.5=2002.5,5_2000.4=2000.4,7_2000.6=2000.6,4_2000.3=2000.3,13_2001.2=2001.2,15_2001.4=2001.4,16_2001.5=2001.5,1_2000=2000,8_2000.7=2000.7,3_2000.2=2000.2,12_2001.1=2001.1,22_2002.1=2002.1,32_2003.1=2003.1,28_2002.7=2002.7,43_2004.2=2004.2,46_2004.5=2004.5,55_2005.4=2005.4,63_2006.2=2006.2,65_2006.4=2006.4,66_2006.5=2006.5,67_2006.6=2006.6,23_2002.2=2002.2,10_2000.9=2000.9,14_2001.3=2001.3,33_2003.2=2003.2,39_2003.8=2003.8,34_2003.3=2003.3,44_2004.3=2004.3,48_2004.7=2004.7,53_2005.2=2005.2,52_2005.1=2005.1,58_2005.7=2005.7,9_2000.8=2000.8,6_2000.5=2000.5,11_2001=2001,25_2002.4=2002.4,20_2001.9=2001.9,47_2004.6=2004.6,36_2003.5=2003.5,45_2004.4=2004.4,50_2004.9=2004.9,42_2004.1=2004.1,51_2005=2005,35_2003.4=2003.4,37_2003.6=2003.6,57_2005.6=2005.6,59_2005.8=2005.8,61_2006=2006,62_2006.1=2006.1,41_2004=2004,40_2003.9=2003.9,49_2004.8=2004.8,74_2007.3=2007.3,77_2007.6=2007.6,68_2006.7=2006.7,70_2006.9=2006.9,81_2008=2008,19_2001.8=2001.8,27_2002.6=2002.6,29_2002.8=2002.8,30_2002.9=2002.9,31_2003=2003,38_2003.7=2003.7,56_2005.5=2005.5,69_2006.8=2006.8,82_2008.1=2008.1,80_2007.9=2007.9,83_2008.2=2008.2,87_2008.6=2008.6,71_2007=2007,75_2007.4=2007.4,72_2007.1=2007.1,91_2009=2009,88_2008.7=2008.7,94_2009.3=2009.3,98_2009.7=2009.7,79_2007.8=2007.8,84_2008.3=2008.3,78_2007.7=2007.7,76_2007.5=2007.5,89_2008.8=2008.8,93_2009.2=2009.2,96_2009.5=2009.5,97_2009.6=2009.6,95_2009.4=2009.4,100_2009.9=2009.9,54_2005.3=2005.3,60_2005.9=2005.9,64_2006.3=2006.3,73_2007.2=2007.2,86_2008.5=2008.5,85_2008.4=2008.4,90_2008.9=2008.9,99_2009.8=2009.8,92_2009.1=2009.1,101_2010=2010">
#                        <taxa id="TaxonSet.1" spec="beast.evolution.alignment.TaxonSet">
#                        </taxa>
#                    </trait>
#                    <taxonset idref="TaxonSet.1"/>
#                </tree>
#            </treeIntervals>
#        </distribution>
#        <prior id="rateOmega.prior" name="distribution">
#            <parameter id="rateOmega" lower="0.1" name="x" spec="beast.core.parameter.RealParameter" upper="10.0">0.5</parameter>
#            <Gamma id="Gamma.0" name="distr">
#                <parameter estimate="false" id="rateOmega.alpha" name="alpha" spec="beast.core.parameter.RealParameter">0.1</parameter>
#                <parameter estimate="false" id="rateOmega.beta" name="beta" spec="beast.core.parameter.RealParameter">1.0</parameter>
#            </Gamma>
#        </prior>
#        <prior id="rateMean.prior" name="distribution">
#            <parameter id="rateMean" lower="1.0E-4" name="x" spec="beast.core.parameter.RealParameter" upper="10.0">0.005</parameter>
#            <Gamma id="Gamma.1" name="distr">
#                <parameter estimate="false" id="rateMean.alpha" name="alpha" spec="beast.core.parameter.RealParameter">0.005</parameter>
#                <parameter estimate="false" id="rateMean.beta" name="beta" spec="beast.core.parameter.RealParameter">1.0</parameter>
#            </Gamma>
#        </prior>
#        <prior id="FrequenciesPrior.s:1" name="distribution">
#            <parameter dimension="4" id="freqParameter.s:1" lower="0.0" name="x" spec="beast.core.parameter.RealParameter" upper="1.0">0.25</parameter>
#            <Uniform id="Uniform.3" name="distr"/>
#        </prior>
#        <prior id="GammaShapePrior.s:1" name="distribution">
#            <parameter id="gammaShape.s:1" name="x" spec="beast.core.parameter.RealParameter">1.0</parameter>
#            <Exponential id="Exponential.0" name="distr">
#                <parameter estimate="false" id="RealParameter.0" name="mean" spec="beast.core.parameter.RealParameter">1.0</parameter>
#            </Exponential>
#        </prior>
#        <prior id="KappaPrior.s:1" name="distribution">
#            <parameter id="kappa.s:1" lower="0.0" name="x" spec="beast.core.parameter.RealParameter">2.0</parameter>
#            <LogNormal id="LogNormalDistributionModel.0" name="distr">
#                <parameter estimate="false" id="RealParameter.1" name="M" spec="beast.core.parameter.RealParameter">1.0</parameter>
#                <parameter estimate="false" id="RealParameter.2" name="S" spec="beast.core.parameter.RealParameter">1.25</parameter>
#            </LogNormal>
#        </prior>
#        <prior id="PopSizePrior.t:1" name="distribution" x="@popSize.t:1">
#            <OneOnX id="OneOnX.1" name="distr"/>
#        </prior>
#    </distribution>
#    <distribution id="likelihood" spec="beast.core.util.CompoundDistribution" useThreads="true">
#        <distribution data="@1" id="treeLikelihood.1" spec="beast.evolution.likelihood.ThreadedTreeLikelihood" tree="@Tree.t:1">
#            <siteModel gammaCategoryCount="4" id="SiteModel.s:1" shape="@gammaShape.s:1" spec="beast.evolution.sitemodel.SiteModel">
#                <parameter id="mutationRate.s:1" name="mutationRate" spec="beast.core.parameter.RealParameter">1.0</parameter>
#                <parameter estimate="false" id="proportionInvariant.s:1" lower="0.0" name="proportionInvariant" spec="beast.core.parameter.RealParameter" upper="1.0">0.0</parameter>
#                <substModel id="hky.s:1" kappa="@kappa.s:1" spec="beast.evolution.substitutionmodel.HKY">
#                    <frequencies frequencies="@freqParameter.s:1" id="estimatedFreqs.s:1" spec="beast.evolution.substitutionmodel.Frequencies"/>
#                </substModel>
#            </siteModel>
#            <branchRateModel id="branchRates" numSites="1000" numberOfDiscreteRates="12" rateMean="@rateMean" rateOmega="@rateOmega" spec="beast.evolution.branchratemodel.ARClockModel" tree="@Tree.t:1">
#                <rateCategories dimension="200" id="rateCategories" spec="beast.core.parameter.IntegerParameter">1</rateCategories>
#            </branchRateModel>
#        </distribution>
#    </distribution>
#</input>
#
Sample	posterior	likelihood	prior	treeLikelihood	TreeHeight	rateOmega	rateMean	kappa	mutationRate	gammaShape	popSize	CoalescentConstant	freqParameter.1	freqParameter.2	freqParameter.3	freqParameter.4
0	-41199.73996454875	-40965.706758378394	-234.03320617036022	-40965.706758378394	10.751582664363609	0.5	0.005	2.0	1.0	1.0	0.3	-230.21431273121476	0.25	0.25	0.25	0.25
1000	-21146.36267308705	-20694.164901079675	-452.197772007373	-20694.164901079675	14.50313520021044	0.29788352687864517	0.03512558293915573	2.0	1.0	1.0	1.586096012385268	-445.41199162704845	0.25	0.25	0.25	0.25
2000	-17183.62928507877	-16873.241509720563	-310.3877753582041	-16873.241509720563	14.405080768514368	2.5002910246182695	0.025925967068268666	2.0	1.0	1.0	6.976309665361006	-298.31499505556064	0.25	0.2425357085385297	0.25	0.2574642914614703
3000	-14097.11842422075	-13782.767400650158	-314.3510235705915	-13782.767400650158	13.442508948280048	2.9929473508066424	0.02118480268626211	2.0	1.0	1.0	8.082668513789136	-301.68221093039097	0.25	0.23800480609857538	0.25	0.2619951939014246
4000	-12922.219263361556	-12597.823364146014	-324.3958992155427	-12597.823364146014	19.93380663557394	2.025737266083494	0.017510737591115544	2.0	1.0	1.0	8.173777720990671	-313.2275714946733	0.24479804294479682	0.23756289363548788	0.25	0.2676390634197153
5000	-11252.311423662437	-10917.157290870362	-335.15413279207485	-10917.157290870362	23.545734357438494	2.510208075601081	0.013617973853355107	4.819267821558944	1.0	1.0349914591483944	8.80281069843962	-322.49900280150337	0.24479804294479682	0.23756289363548788	0.25	0.2676390634197153
6000	-10265.284957590915	-9933.708477929604	-331.57647966131134	-9933.708477929604	25.9830788881261	2.3141641429540685	0.01055239872336182	4.819267821558944	1.0	1.0349914591483944	9.099012352791982	-319.4143118894196	0.24479804294479682	0.23756289363548788	0.25	0.2676390634197153
7000	-9735.07061530436	-9413.351947070136	-321.7186682342235	-9413.351947070136	24.66909069697689	1.6804266034741744	0.009151894167679515	4.819267821558944	1.0	1.3515721387747306	8.240281899964357	-310.4038702983063	0.24352812017079783	0.23756289363548788	0.25	0.2689089861937143
8000	-9393.654856403155	-9075.026271362194	-318.62858504096033	-9075.026271362194	27.342299869543055	2.7875488652648337	0.009369752797990455	4.819267821558944	1.0	1.3515721387747306	6.460818442362829	-305.9708138443492	0.2310410841331681	0.23756289363548788	0.26248703603762974	0.2689089861937143
9000	-9175.617678660068	-8853.67143923547	-321.94623942459765	-8853.67143923547	27.342299869543055	3.451858643584585	0.009118641233625909	4.819267821558944	1.0	1.4260567838239997	7.857090352458366	-308.1889195038789	0.2309115546805789	0.23756289363548788	0.26248703603762974	0.2690385156463035
10000	-8848.651732204142	-8522.592712957265	-326.05901924687777	-8522.592712957265	26.051067217173596	2.5977028343357693	0.007748255582089594	4.45027873097036	1.0	1.4260567838239997	7.855468345252062	-313.68214436270426	0.2309115546805789	0.23756289363548788	0.26248703603762974	0.2690385156463035
11000	-8523.514606917606	-8193.96497371764	-329.54963319996494	-8193.96497371764	28.51811538426617	1.3222728895113902	0.006268695381086657	4.45027873097036	1.0	1.4260567838239997	8.193472670680896	-319.2261277164085	0.22943636403026682	0.23903808428579995	0.26248703603762974	0.2690385156463035
12000	-8296.25461715492	-7966.372451626135	-329.88216552878464	-7966.372451626135	33.90089598556867	1.9282163984799174	0.0060554810479556565	4.45027873097036	1.0	2.410142978223133	8.550365657421503	-317.62111978694753	0.22943636403026682	0.23903808428579995	0.24852747353990085	0.2829980781440324
13000	-8205.556247315913	-7875.797108106156	-329.75913920975705	-7875.797108106156	33.38424867630795	2.3391160650277367	0.0060366794244311826	4.45027873097036	1.0	2.767168975773666	9.40765292907661	-316.4638714195977	0.22943636403026682	0.24215104985512184	0.24541450797057895	0.2829980781440324
14000	-8067.456123826538	-7730.38431660976	-337.0718072167775	-7730.38431660976	35.31307781082986	1.9318686497957915	0.005942882078251603	4.45027873097036	1.0	4.883674046233574	8.03698000421349	-322.4125840851041	0.22943636403026682	0.23950578372670034	0.24541450797057895	0.28564334427245386
15000	-8005.270779162805	-7667.3279053119995	-337.9428738508063	-7667.3279053119995	35.31307781082986	1.9555764028145008	0.005254009822511146	4.45027873097036	1.0	5.402616100589848	8.225316562846823	-322.8301355169692	0.22943636403026682	0.23950578372670034	0.24541450797057895	0.28564334427245386
16000	-7958.250845581295	-7620.582729688668	-337.66811589262716	-7620.582729688668	33.61469683652989	2.7572213375790766	0.00595015877737818	4.45027873097036	1.0	5.402616100589848	10.047359032935336	-321.1199546466128	0.22943636403026682	0.23950578372670034	0.24541450797057895	0.28564334427245386
17000	-7954.872783183189	-7621.146996481209	-333.72578670198067	-7621.146996481209	35.2021167623756	2.4399644201014823	0.005817745113296404	4.28818809934884	1.0	5.402616100589848	9.326621753113212	-317.7502280313542	0.22943636403026682	0.23950578372670034	0.24541450797057895	0.28564334427245386
18000	-7921.699470934243	-7585.688731342921	-336.0107395913226	-7585.688731342921	33.049806746080414	2.450065293540365	0.005516221628179712	4.28818809934884	1.0	5.380918162607125	8.30001208705377	-320.212930819752	0.22943636403026682	0.23950578372670034	0.24541450797057895	0.28564334427245386
19000	-7916.353077454662	-7582.849626720197	-333.50345073446425	-7582.849626720197	31.652634048490505	1.61381944341079	0.0058431220926397544	4.28818809934884	1.0	4.688230793113143	10.491267839021718	-319.31843759836744	0.22943636403026682	0.23950578372670034	0.24541450797057895	0.28564334427245386
20000	-7861.7158213075545	-7526.884005637463	-334.83181567009177	-7526.884005637463	34.1625601890956	1.9589539729126482	0.005646861612435621	4.561390646533188	1.0	4.688230793113143	7.551942549556287	-320.4091673928294	0.23071698170036395	0.23950578372670034	0.24413389030048183	0.28564334427245386
21000	-7832.436378017805	-7503.578077960248	-328.858300057556	-7503.578077960248	34.81072341165421	1.6820761444902346	0.0055039156129670554	4.561390646533188	1.0	4.278841259887339	7.827639994713989	-315.2488614365387	0.23071698170036395	0.23950578372670034	0.242417929289327	0.2873593052836087
22000	-7812.4474222051795	-7489.031606154015	-323.4158160511639	-7489.031606154015	37.09107024353223	1.6646783082769128	0.005384322826052054	4.561390646533188	1.0	4.278841259887339	9.713574131089608	-309.63924723342427	0.23071698170036395	0.23950578372670034	0.242417929289327	0.2873593052836087
23000	-7798.893670395033	-7474.501199414069	-324.39247098096456	-7474.501199414069	33.315127262212314	2.9477634886645974	0.0062482142815310495	4.561390646533188	1.0	4.51272233105805	6.658423959000319	-308.81338001013233	0.23071698170036395	0.23950578372670034	0.242417929289327	0.2873593052836087
24000	-7791.376321569793	-7467.245406868507	-324.13091470128575	-7467.245406868507	33.05292608085217	3.573559739491785	0.0061567249848796845	4.561390646533188	1.0	5.679128325794664	7.210323347468473	-306.5214950336544	0.23071698170036395	0.23410201636349043	0.242417929289327	0.2927630726468186
25000	-7786.624637102341	-7466.151053931046	-320.473583171295	-7466.151053931046	35.09919603026846	3.0700850193472053	0.0061567249848796845	4.561390646533188	1.0	5.679128325794664	7.0076348501557755	-303.53282304669824	0.23071698170036395	0.23410201636349043	0.242417929289327	0.2927630726468186
26000	-7761.117474417252	-7441.309007279676	-319.8084671375767	-7441.309007279676	35.06270620028535	2.8133180090261973	0.006135240028317478	4.561390646533188	1.0	4.463867540961585	7.691707543233491	-304.3286986454431	0.2302420800457372	0.23410201636349043	0.2352469683140366	0.3004089352767358
27000	-7763.656248819817	-7444.548891996014	-319.1073568238028	-7444.548891996014	35.95239918810008	3.711934197642952	0.006144897110360439	4.561390646533188	1.0	4.463867540961585	8.367674629885672	-302.3936946712831	0.2302420800457372	0.23410201636349043	0.2352469683140366	0.3004089352767358
28000	-7764.271911335809	-7444.30356668124	-319.9683446545685	-7444.30356668124	35.58521100065857	2.586644367777745	0.006123954244237503	4.561390646533188	1.0	4.463867540961585	9.088699138554167	-304.6258069296128	0.2302420800457372	0.23410201636349043	0.2352469683140366	0.3004089352767358
29000	-7752.166032520438	-7436.23620025071	-315.9298322697289	-7436.23620025071	33.716924368463935	2.1768372034486334	0.005866287849730862	4.561390646533188	1.0	4.463867540961585	7.186954691253994	-301.4301342493386	0.2302420800457372	0.23410201636349043	0.2352469683140366	0.3004089352767358
30000	-7759.90712137971	-7440.072761068153	-319.8343603115564	-7440.072761068153	33.57362203856875	2.8296393305364616	0.006300215739904926	4.561390646533188	1.0	5.388888964265975	7.919996396123448	-303.35222793512554	0.23586671043455953	0.23410201636349043	0.22962233792521428	0.3004089352767358
31000	-7744.795578244385	-7426.755872826614	-318.0397054177715	-7426.755872826614	34.08979495817799	3.0144858516988946	0.006320844934097513	4.561390646533188	1.0	5.388888964265975	7.6804505275817405	-301.3432137405501	0.23586671043455953	0.23410201636349043	0.22913860311890186	0.3008926700830482
32000	-7750.237407718989	-7436.26830047449	-313.96910724449856	-7436.26830047449	33.70642668957102	2.594150923876229	0.006484529153570906	4.561390646533188	1.0	5.388888964265975	7.790198931429598	-297.7883131531562	0.23586671043455953	0.23410201636349043	0.22913860311890186	0.3008926700830482
33000	-7748.33912662363	-7437.653349246461	-310.68577737716936	-7437.653349246461	32.00419787342102	2.5430168559351203	0.006528482841987981	4.561390646533188	1.0	4.715970913661754	7.622132128289163	-295.26199745261033	0.23586671043455953	0.23410201636349043	0.22913860311890186	0.3008926700830482
34000	-7752.607909884813	-7445.243100963792	-307.36480892102077	-7445.243100963792	32.276531990150836	2.5657396466071267	0.006077061094246679	4.561390646533188	1.0	3.2479763142242115	7.884453570514325	-293.4162044374527	0.23586671043455953	0.23410201636349043	0.22913860311890186	0.3008926700830482
35000	-7757.237458732608	-7450.543837769434	-306.6936209631743	-7450.543837769434	30.275228247129203	2.3811422032103637	0.006208755824779252	4.561390646533188	1.0	4.03076225897637	7.185990866165734	-292.2853235190777	0.23586671043455953	0.23410201636349043	0.22913860311890186	0.3008926700830482
36000	-7755.7359957849985	-7444.745539551412	-310.99045623358705	-7444.745539551412	31.67759152370981	2.622803150136537	0.006642153171746524	4.561390646533188	1.0	6.501397643819494	6.449839411380808	-293.82337194054645	0.2311641961477412	0.23410201636349043	0.23384111740572017	0.3008926700830482
37000	-7740.097782142803	-7429.816133277518	-310.281648865285	-7429.816133277518	34.80414727814544	2.549003673671041	0.005913634880518952	4.561390646533188	1.0	6.501397643819494	6.040696623563477	-293.39591006008254	0.2311641961477412	0.23410201636349043	0.23384111740572017	0.3008926700830482
38000	-7749.934190478092	-7440.284769087783	-309.6494213903089	-7440.284769087783	32.726014053400874	3.161066012188457	0.006237899198368636	4.561390646533188	1.0	6.501397643819494	7.089214915467357	-291.74443878115625	0.2311641961477412	0.23982140778008315	0.22812172598912744	0.3008926700830482
39000	-7748.1182634220995	-7441.318691782566	-306.7995716395336	-7441.318691782566	30.00644590674943	2.7934682543163585	0.006822391538531122	4.561390646533188	1.0	6.501397643819494	6.680412668253286	-289.34314120429946	0.2311641961477412	0.23982140778008315	0.22812172598912744	0.3008926700830482
40000	-7744.628373657188	-7438.728928543428	-305.89944511375984	-7438.728928543428	30.00644590674943	2.7976033288582505	0.006665001251033706	4.239212147175711	1.0	5.742461105748953	7.0611092739421695	-289.2602426506144	0.2311641961477412	0.23982140778008315	0.22812172598912744	0.3008926700830482
41000	-7702.24946412961	-7401.0096553715875	-301.2398087580219	-7401.0096553715875	31.27634747278769	2.092644159845322	0.006457197545070847	4.239212147175711	1.0	5.742461105748953	6.456927351199203	-285.6880394397024	0.2311641961477412	0.24002817566823603	0.22812172598912744	0.3006859021948953
42000	-7703.775974833181	-7401.207209175895	-302.5687656572867	-7401.207209175895	30.37178656691294	2.319491774502734	0.006153250426442049	4.239212147175711	1.0	5.742461105748953	6.53954597643034	-286.73308464300925	0.2311641961477412	0.24002817566823603	0.22812172598912744	0.3006859021948953
43000	-7696.5057118753	-7387.743628160296	-308.7620837150043	-7387.743628160296	30.490278747934873	2.5824035546340443	0.0063406264703151785	4.239212147175711	1.0	5.742461105748953	6.954775143005167	-292.47526043795796	0.22555373422958336	0.24002817566823603	0.22812172598912744	0.30629636411305317
44000	-7654.521447287738	-7345.229857071554	-309.2915902161839	-7345.229857071554	32.41783528147782	2.678549334735159	0.006324537671649966	4.239212147175711	1.0	5.742461105748953	6.772184610019186	-292.9048706524674	0.20647798049776195	0.24321168106355814	0.22812172598912744	0.32218861244955244
45000	-7658.813074172841	-7347.172266294507	-311.6408078783345	-7347.172266294507	32.4819800694548	2.6328998079155514	0.0065170580088004335	4.239212147175711	1.0	5.742461105748953	7.268721926722735	-295.214422964195	0.20647798049776195	0.24321168106355814	0.22812172598912744	0.32218861244955244
46000	-7635.746415366032	-7322.544470238416	-313.2019451276163	-7322.544470238416	32.55421064220742	2.774960637183915	0.0061301355133326465	3.6019990793090844	1.0	5.742461105748953	5.979499533066421	-297.04345813528096	0.20647798049776195	0.24321168106355814	0.22812172598912744	0.32218861244955244
47000	-7639.025908139436	-7326.385963771267	-312.63994436816967	-7326.385963771267	33.420519317143665	2.489479960897844	0.005846723579728895	3.6696213607366137	1.0	4.702284112385967	7.761974817315872	-297.66924279291106	0.20647798049776195	0.24321168106355814	0.22812172598912744	0.32218861244955244
48000	-7636.986169370942	-7326.4609871201765	-310.525182250765	-7326.4609871201765	31.39553228696677	2.607344543871358	0.006002360632191964	3.6696213607366137	1.0	4.702284112385967	7.307778531377804	-295.4289852652211	0.20647798049776195	0.24321168106355814	0.22812172598912744	0.32218861244955244
49000	-7629.458328597518	-7325.92273195608	-303.5355966414381	-7325.92273195608	31.07093919032265	2.4788215024312037	0.006311015198295017	3.6696213607366137	1.0	4.702284112385967	6.532341440500403	-288.67538906509276	0.20647798049776195	0.24321168106355814	0.22812172598912744	0.32218861244955244
50000	-7643.446568549255	-7336.331607546481	-307.11496100277435	-7336.331607546481	32.26132748574944	3.2567318684393842	0.006316764000237404	3.6696213607366137	1.0	4.702284112385967	6.823079585704154	-291.1867390303735	0.20640669928684344	0.24328296227447666	0.22812172598912744	0.32218861244955244
51000	-7638.179937101975	-7331.684112309669	-306.49582479230594	-7331.684112309669	32.730460978224656	2.6785881958254576	0.006166133228561652	3.6696213607366137	1.0	4.035558035860183	5.950277626461637	-292.14940158508125	0.20640669928684344	0.24328296227447666	0.22812172598912744	0.32218861244955244
52000	-7624.606315699731	-7318.852015094681	-305.7543006050503	-7318.852015094681	34.77240989670433	2.4130123458282213	0.00581762542740513	3.6696213607366137	1.0	4.035558035860183	7.216535140848705	-291.63272611884435	0.1869174171523876	0.2627722444089325	0.22812172598912744	0.32218861244955244
53000	-7592.649855620284	-7286.445790581111	-306.20406503917303	-7286.445790581111	31.69033171071155	2.972872467001609	0.006313429554275539	3.6696213607366137	1.0	4.035558035860183	6.114875563004088	-291.4186197505783	0.1869174171523876	0.2627722444089325	0.20503574991016918	0.34527458852851073
54000	-7585.65988901234	-7282.416603664238	-303.24328534810104	-7282.416603664238	35.939786628266354	2.6098304778870594	0.005877596798334099	3.6696213607366137	1.0	4.035558035860183	6.948826866013636	-288.8818619057241	0.1869174171523876	0.2627722444089325	0.20503574991016918	0.34527458852851073
55000	-7577.360996104496	-7279.311303205447	-298.04969289904886	-7279.311303205447	31.195529790750786	3.1177679170724373	0.0061287175303221765	3.6696213607366137	1.0	4.035558035860183	6.056063006299543	-283.1159166083493	0.1869174171523876	0.2627722444089325	0.20503574991016918	0.34527458852851073
56000	-7543.594733673302	-7241.145928137699	-302.448805535602	-7241.145928137699	35.49571367745142	2.4092620759616667	0.005968380232222738	3.6696213607366137	1.0	4.035558035860183	5.588568622310671	-288.5624266868652	0.1869174171523876	0.2627722444089325	0.18206471842263172	0.36824562001604816
57000	-7522.922899792914	-7221.168549264129	-301.75435052878476	-7221.168549264129	33.82806527034888	2.79574764071694	0.005503166432941849	3.6696213607366137	1.0	4.035558035860183	7.251152918041661	-287.168359065573	0.1700510654552426	0.2627722444089325	0.18206471842263172	0.38511197171319317
58000	-7520.202346721621	-7219.4453072654505	-300.75703945617056	-7219.4453072654505	35.84675825248151	2.0193267422720127	0.005615383122274909	3.6696213607366137	1.0	4.035558035860183	7.043911829415187	-287.24907009821	0.1700510654552426	0.2627722444089325	0.18206471842263172	0.38511197171319317
59000	-7521.894375844344	-7220.74057043476	-301.1538054095835	-7220.74057043476	34.10208502494039	2.4781371616796117	0.0056897448288153575	3.528084675155173	1.0	4.035558035860183	6.491344830787421	-287.1176792374933	0.1631354285755336	0.2696878812886415	0.18206471842263172	0.38511197171319317
60000	-7521.888189148018	-7221.968906673464	-299.9192824745542	-7221.968906673464	32.98740713656748	2.2529237390753436	0.005881871931305249	2.884965738204243	1.0	4.035558035860183	7.3882985312852965	-286.25332330225314	0.1631354285755336	0.2696878812886415	0.18206471842263172	0.38511197171319317
61000	-7510.852650780919	-7211.400203355959	-299.4524474249604	-7211.400203355959	32.1850868647952	2.2898631991345146	0.006306473794826982	2.884965738204243	1.0	5.102530296305144	7.2165083562269325	-284.62168811477676	0.16493715918395688	0.26788615068021826	0.18206471842263172	0.38511197171319317
62000	-7505.395681549369	-7214.954795611776	-290.44088593759386	-7214.954795611776	31.22747472669698	2.035429742155566	0.006623488239154843	2.884965738204243	1.0	5.102530296305144	5.888648688583838	-276.1247941108975	0.16493715918395688	0.26788615068021826	0.18206471842263172	0.38511197171319317
63000	-7520.374039377934	-7228.077195915876	-292.29684346205863	-7228.077195915876	29.548653191189615	2.6699004760067897	0.006146886635543472	2.884965738204243	1.0	5.102530296305144	5.753728495191102	-277.2000382267213	0.16493715918395688	0.26322540812542	0.18206471842263172	0.3897727142679914
64000	-7508.386981666159	-7211.409775359518	-296.977206306641	-7211.409775359518	31.894009419983057	2.215852432906126	0.0060901293892364474	2.884965738204243	1.0	5.102530296305144	6.719714233266827	-282.35630194695784	0.16493715918395688	0.26322540812542	0.18206471842263172	0.3897727142679914
65000	-7500.864647305909	-7205.170487546986	-295.69415975892264	-7205.170487546986	34.546448569783145	2.7604141036029453	0.0060579496523852005	2.884965738204243	1.0	5.102530296305144	6.796385379064704	-280.3248828866601	0.190258053501916	0.26322540812542	0.1567438241046726	0.3897727142679914
66000	-7502.647406215128	-7206.579557140539	-296.06784907458905	-7206.579557140539	34.37226603375316	2.844064479981376	0.005891305959719062	2.884965738204243	1.0	4.790222126015051	6.6704734251099636	-280.9469828181593	0.190258053501916	0.26322540812542	0.1567438241046726	0.3897727142679914
67000	-7510.002042865118	-7213.452442400605	-296.54960046451316	-7213.452442400605	37.168597106249024	2.212816803307088	0.005610640315670313	2.884965738204243	1.0	4.790222126015051	6.3939284796298	-282.377044421079	0.190258053501916	0.26322540812542	0.1567438241046726	0.3897727142679914
68000	-7514.905824482329	-7220.5080605192825	-294.39776396304694	-7220.5080605192825	31.637533155374317	2.1338390503500655	0.0061441651221874356	2.884965738204243	1.0	4.790222126015051	6.435637429338958	-280.23947548299395	0.190258053501916	0.26322540812542	0.1567438241046726	0.3897727142679914
69000	-7512.025182338835	-7219.924969725172	-292.100212613664	-7219.924969725172	31.814165796301356	2.4713026635062625	0.00635863958612084	2.884965738204243	1.0	4.790222126015051	5.722595376378943	-277.55539406540703	0.190258053501916	0.26322540812542	0.1567438241046726	0.3897727142679914
70000	-7512.394978235726	-7220.205117457393	-292.18986077833284	-7220.205117457393	29.404080037311605	2.7938195590885284	0.005903366615499166	2.884965738204243	1.0	4.790222126015051	5.526152042433657	-277.32143365634437	0.190258053501916	0.26322540812542	0.1567438241046726	0.3897727142679914
71000	-7504.811606547451	-7215.806500128289	-289.0051064191625	-7215.806500128289	32.32484725407417	2.466031518577917	0.006466209386218839	2.884965738204243	1.0	4.790222126015051	5.925227057812771	-274.41588484474664	0.190258053501916	0.26322540812542	0.1567438241046726	0.3897727142679914
72000	-7471.276704955177	-7184.034525366635	-287.24217958854223	-7184.034525366635	28.60999768244276	2.947849652877313	0.006502254427692331	2.884965738204243	1.0	4.790222126015051	5.048967512628812	-272.1649887690439	0.16208383657324432	0.2837896019361678	0.1567438241046726	0.3973827373859153
73000	-7476.149890346926	-7188.58544051805	-287.56444982887666	-7188.58544051805	29.290050018303603	2.5475543323480547	0.006364316026384948	2.884965738204243	1.0	4.790222126015051	6.037011044206972	-272.86164992545065	0.16208383657324432	0.2837896019361678	0.1567438241046726	0.3973827373859153
74000	-7473.490712250205	-7183.67613926884	-289.8145729813651	-7183.67613926884	29.086245565818047	3.6433753774054063	0.006852815328642431	2.884965738204243	1.0	4.790222126015051	5.28039823994075	-273.75378894479604	0.16208383657324432	0.2837896019361678	0.1567438241046726	0.3973827373859153
75000	-7484.125162909216	-7194.353821666414	-289.7713412428023	-7194.353821666414	29.498832662120417	4.076224628970898	0.007551031011332907	2.884965738204243	1.0	4.790222126015051	5.598488863818648	-273.02094051475274	0.16208383657324432	0.2837896019361678	0.1567438241046726	0.3973827373859153
76000	-7495.775453386377	-7209.482538271498	-286.2929151148796	-7209.482538271498	33.81571763310054	1.9378861314433116	0.006345119605745071	2.884965738204243	1.0	4.790222126015051	5.528970822679635	-272.536898111849	0.16208383657324432	0.2837896019361678	0.1567438241046726	0.3973827373859153
77000	-7474.964129090839	-7190.793840256105	-284.17028883473415	-7190.793840256105	33.95481928526404	2.7587325425250255	0.0068682213080062905	2.884965738204243	1.0	4.584213453797924	5.59070308404138	-269.391128273586	0.16208383657324432	0.2837896019361678	0.1567438241046726	0.3973827373859153
78000	-7454.881399573075	-7168.930080866265	-285.95131870681075	-7168.930080866265	30.54997720887329	2.6885472614433157	0.006272293690873711	2.884965738204243	1.0	4.584213453797924	6.471240212849466	-271.2101791936126	0.1344010114252073	0.2837896019361678	0.1567438241046726	0.42506556253395233
79000	-7446.839822811586	-7158.622933101787	-288.21688970979926	-7158.622933101787	35.949922829566916	2.572065139594332	0.006434194583765993	2.884965738204243	1.0	6.94719589464056	5.894246651918095	-271.33698455857336	0.12682781641224208	0.2837896019361678	0.1567438241046726	0.43263875754691755
80000	-7443.976875416256	-7155.434508466094	-288.5423669501625	-7155.434508466094	32.450856445602554	2.7153151582830954	0.0066707502549574246	2.884965738204243	1.0	7.599895798927249	4.859709636469484	-270.97456922017375	0.1332625869475682	0.285623638406427	0.15030905356934648	0.43080472107665835
81000	-7446.995060308244	-7168.703583709741	-278.2914765985035	-7168.703583709741	30.96526184548881	2.575096648740581	0.007268475443031816	2.884965738204243	1.0	4.734644810717066	5.1324942291596125	-263.6362712926337	0.1332625869475682	0.285623638406427	0.15030905356934648	0.43080472107665835
82000	-7460.587869139086	-7177.993991206806	-282.5938779322805	-7177.993991206806	28.789453171865887	2.2241826503691327	0.007174877764071177	2.426573063982035	1.0	4.734644810717066	5.836209737013871	-268.47597687161806	0.1332625869475682	0.285623638406427	0.15030905356934648	0.43080472107665835
83000	-7431.536115823008	-7146.427162167756	-285.10895365525204	-7146.427162167756	29.66843000426094	2.011297820099486	0.006678734768397977	2.426573063982035	1.0	4.734644810717066	5.907149020447301	-271.35419907039295	0.121578785532787	0.2973074398212082	0.15030905356934648	0.43080472107665835
84000	-7453.308708865305	-7169.48161464058	-283.8270942247242	-7169.48161464058	25.29073810627219	2.2552957226675847	0.0072540233737593655	2.426573063982035	1.0	4.734644810717066	4.859927806999019	-269.83764080143663	0.121578785532787	0.2973074398212082	0.15030905356934648	0.43080472107665835
85000	-7460.671393369738	-7163.401949670905	-297.2694436988335	-7163.401949670905	26.94338030529412	3.224525591149666	0.007895379719173324	2.4728715634720713	1.0	5.803403608843979	5.191456035712874	-280.75167628419314	0.121578785532787	0.2973074398212082	0.15030905356934648	0.43080472107665835
86000	-7455.151815081718	-7156.421064221916	-298.73075085980275	-7156.421064221916	27.355063751591743	2.271506543961949	0.007076957335873592	2.4728715634720713	1.0	5.803403608843979	5.529408339083449	-283.5279491079595	0.15020549790940654	0.2973074398212082	0.12168234119272693	0.43080472107665835
87000	-7449.691815014178	-7148.782267164953	-300.9095478492256	-7148.782267164953	27.14252388921388	2.2884697973323727	0.0067984084851523945	2.4728715634720713	1.0	5.803403608843979	7.165330037742827	-285.46414674655887	0.15020549790940654	0.2973074398212082	0.12168234119272693	0.43080472107665835
88000	-7451.064772403546	-7148.806679455392	-302.2580929481536	-7148.806679455392	31.101490483910418	2.342495937647598	0.006405823705250694	2.4728715634720713	1.0	5.803403608843979	6.302796424330103	-286.9255023480217	0.15020549790940654	0.2973074398212082	0.11116239905454633	0.44132466321483893
89000	-7448.523309196858	-7149.639964924556	-298.88334427230194	-7149.639964924556	31.07607892548745	1.8907919495803949	0.0067207327322562835	2.4728715634720713	1.0	5.803403608843979	5.450054800474754	-284.2925599067629	0.15020549790940654	0.2973074398212082	0.10196491351617111	0.45052214875321417
90000	-7440.693860183488	-7141.590670774084	-299.1031894094044	-7141.590670774084	33.11780387300851	1.4885109182369782	0.0061202033306891074	2.4728715634720713	1.0	5.803403608843979	5.843610461607487	-285.1539948628504	0.1484017624249623	0.29911117530565245	0.10196491351617111	0.45052214875321417
91000	-7435.67052067632	-7137.62945477526	-298.0410659010605	-7137.62945477526	33.10419846468679	2.102438609433161	0.006230308391235443	2.4728715634720713	1.0	5.803403608843979	6.1973680305658805	-283.0905268336195	0.1484017624249623	0.29911117530565245	0.10196491351617111	0.45052214875321417
92000	-7420.558463230478	-7125.250364528383	-295.30809870209487	-7125.250364528383	29.91603908841169	1.6750345670132258	0.005965235966463151	2.2475020053236068	1.0	5.803403608843979	5.705929638098881	-281.20249668955114	0.1174606162065525	0.29911117530565245	0.10196491351617111	0.481463294971624
93000	-7430.389917917484	-7133.027714364925	-297.3622035525598	-7133.027714364925	34.49932779406431	1.990808266747142	0.006129607842516809	2.2475020053236068	1.0	5.803403608843979	6.173061209086391	-282.67949205404966	0.1174606162065525	0.29911117530565245	0.10196491351617111	0.481463294971624
94000	-7411.583107297632	-7111.0247351644675	-300.5583721331637	-7111.0247351644675	35.977154789752255	1.7943793602515787	0.005639502187554928	2.2475020053236068	1.0	6.706899269771363	6.7499032339482445	-285.2561623450735	0.1174606162065525	0.29911117530565245	0.10196491351617111	0.481463294971624
95000	-7408.90344721187	-7108.752690591555	-300.15075662031575	-7108.752690591555	34.853777560761436	2.5173993114504905	0.005862347610040143	2.2475020053236068	1.0	6.706899269771363	6.4821436342775645	-283.82250993779127	0.1174606162065525	0.29911117530565245	0.10196491351617111	0.481463294971624
96000	-7400.992217890164	-7097.52671009638	-303.465507793784	-7097.52671009638	33.20024578296633	3.0929878471648213	0.005464305276685611	2.2475020053236068	1.0	6.750597660542999	5.9584244825105985	-286.48725888170424	0.1174606162065525	0.29911117530565245	0.10196491351617111	0.481463294971624
97000	-7405.362653914854	-7104.46393961258	-300.89871430227294	-7104.46393961258	34.85866392272207	2.7568856257696672	0.005683060852413168	2.2475020053236068	1.0	6.750597660542999	5.822607393011029	-284.34388239914045	0.1174606162065525	0.29911117530565245	0.10196491351617111	0.481463294971624
98000	-7418.7476609204705	-7121.526547705841	-297.2211132146296	-7121.526547705841	30.687349099429944	2.01923857439395	0.006188063666887672	2.313339264913515	1.0	5.684259822985819	6.748755821209366	-282.4920624657693	0.1174606162065525	0.29911117530565245	0.10196491351617111	0.481463294971624
99000	-7418.528583379333	-7124.9715230776665	-293.5570603016669	-7124.9715230776665	32.8741418519057	1.5516687075825035	0.005930924481581359	2.313339264913515	1.0	5.684259822985819	5.8455463951971645	-279.7187951671006	0.1174606162065525	0.29911117530565245	0.10196491351617111	0.481463294971624
100000	-7428.438338697386	-7136.276381153273	-292.1619575441132	-7136.276381153273	32.32577445134387	1.6461599716706137	0.0061445954214331055	2.313339264913515	1.0	5.684259822985819	6.379608909351642	-278.05314199815115	0.1174606162065525	0.29911117530565245	0.10196491351617111	0.481463294971624
