#
#model:
#
#<?xml version="1.0" encoding="UTF-8" standalone="no"?><input id="posterior" spec="beast.core.util.CompoundDistribution">
#    <distribution id="prior" spec="beast.core.util.CompoundDistribution">
#        <distribution id="CoalescentConstant.t:1" spec="beast.evolution.tree.coalescent.Coalescent">
#            <populationModel id="ConstantPopulation.t:1" spec="beast.evolution.tree.coalescent.ConstantPopulation">
#                <parameter id="popSize.t:1" name="popSize" spec="beast.core.parameter.RealParameter">0.3</parameter>
#            </populationModel>
#            <treeIntervals id="TreeIntervals.t:1" spec="beast.evolution.tree.coalescent.TreeIntervals">
#                <tree id="Tree.t:1" spec="beast.evolution.tree.Tree">
#                    <trait id="dateTrait.t:1" spec="beast.evolution.tree.TraitSet" traitname="date" value="2_2000.1=2000.1,17_2001.6=2001.6,18_2001.7=2001.7,21_2002=2002,24_2002.3=2002.3,26_2002.5=2002.5,5_2000.4=2000.4,7_2000.6=2000.6,4_2000.3=2000.3,13_2001.2=2001.2,15_2001.4=2001.4,16_2001.5=2001.5,1_2000=2000,8_2000.7=2000.7,3_2000.2=2000.2,12_2001.1=2001.1,22_2002.1=2002.1,32_2003.1=2003.1,28_2002.7=2002.7,43_2004.2=2004.2,46_2004.5=2004.5,55_2005.4=2005.4,63_2006.2=2006.2,65_2006.4=2006.4,66_2006.5=2006.5,67_2006.6=2006.6,23_2002.2=2002.2,10_2000.9=2000.9,14_2001.3=2001.3,33_2003.2=2003.2,39_2003.8=2003.8,34_2003.3=2003.3,44_2004.3=2004.3,48_2004.7=2004.7,53_2005.2=2005.2,52_2005.1=2005.1,58_2005.7=2005.7,9_2000.8=2000.8,6_2000.5=2000.5,11_2001=2001,25_2002.4=2002.4,20_2001.9=2001.9,47_2004.6=2004.6,36_2003.5=2003.5,45_2004.4=2004.4,50_2004.9=2004.9,42_2004.1=2004.1,51_2005=2005,35_2003.4=2003.4,37_2003.6=2003.6,57_2005.6=2005.6,59_2005.8=2005.8,61_2006=2006,62_2006.1=2006.1,41_2004=2004,40_2003.9=2003.9,49_2004.8=2004.8,74_2007.3=2007.3,77_2007.6=2007.6,68_2006.7=2006.7,70_2006.9=2006.9,81_2008=2008,19_2001.8=2001.8,27_2002.6=2002.6,29_2002.8=2002.8,30_2002.9=2002.9,31_2003=2003,38_2003.7=2003.7,56_2005.5=2005.5,69_2006.8=2006.8,82_2008.1=2008.1,80_2007.9=2007.9,83_2008.2=2008.2,87_2008.6=2008.6,71_2007=2007,75_2007.4=2007.4,72_2007.1=2007.1,91_2009=2009,88_2008.7=2008.7,94_2009.3=2009.3,98_2009.7=2009.7,79_2007.8=2007.8,84_2008.3=2008.3,78_2007.7=2007.7,76_2007.5=2007.5,89_2008.8=2008.8,93_2009.2=2009.2,96_2009.5=2009.5,97_2009.6=2009.6,95_2009.4=2009.4,100_2009.9=2009.9,54_2005.3=2005.3,60_2005.9=2005.9,64_2006.3=2006.3,73_2007.2=2007.2,86_2008.5=2008.5,85_2008.4=2008.4,90_2008.9=2008.9,99_2009.8=2009.8,92_2009.1=2009.1,101_2010=2010">
#                        <taxa id="TaxonSet.1" spec="beast.evolution.alignment.TaxonSet">
#                        </taxa>
#                    </trait>
#                    <taxonset idref="TaxonSet.1"/>
#                </tree>
#            </treeIntervals>
#        </distribution>
#        <prior id="rateOmega.prior" name="distribution">
#            <parameter id="rateOmega" lower="0.1" name="x" spec="beast.core.parameter.RealParameter" upper="10.0">0.5</parameter>
#            <Gamma id="Gamma.0" name="distr">
#                <parameter estimate="false" id="rateOmega.alpha" name="alpha" spec="beast.core.parameter.RealParameter">0.1</parameter>
#                <parameter estimate="false" id="rateOmega.beta" name="beta" spec="beast.core.parameter.RealParameter">1.0</parameter>
#            </Gamma>
#        </prior>
#        <prior id="rateMean.prior" name="distribution">
#            <parameter id="rateMean" lower="1.0E-4" name="x" spec="beast.core.parameter.RealParameter" upper="10.0">0.005</parameter>
#            <Gamma id="Gamma.1" name="distr">
#                <parameter estimate="false" id="rateMean.alpha" name="alpha" spec="beast.core.parameter.RealParameter">0.005</parameter>
#                <parameter estimate="false" id="rateMean.beta" name="beta" spec="beast.core.parameter.RealParameter">1.0</parameter>
#            </Gamma>
#        </prior>
#        <prior id="FrequenciesPrior.s:1" name="distribution">
#            <parameter dimension="4" id="freqParameter.s:1" lower="0.0" name="x" spec="beast.core.parameter.RealParameter" upper="1.0">0.25</parameter>
#            <Uniform id="Uniform.3" name="distr"/>
#        </prior>
#        <prior id="GammaShapePrior.s:1" name="distribution">
#            <parameter id="gammaShape.s:1" name="x" spec="beast.core.parameter.RealParameter">1.0</parameter>
#            <Exponential id="Exponential.0" name="distr">
#                <parameter estimate="false" id="RealParameter.0" name="mean" spec="beast.core.parameter.RealParameter">1.0</parameter>
#            </Exponential>
#        </prior>
#        <prior id="KappaPrior.s:1" name="distribution">
#            <parameter id="kappa.s:1" lower="0.0" name="x" spec="beast.core.parameter.RealParameter">2.0</parameter>
#            <LogNormal id="LogNormalDistributionModel.0" name="distr">
#                <parameter estimate="false" id="RealParameter.1" name="M" spec="beast.core.parameter.RealParameter">1.0</parameter>
#                <parameter estimate="false" id="RealParameter.2" name="S" spec="beast.core.parameter.RealParameter">1.25</parameter>
#            </LogNormal>
#        </prior>
#        <prior id="PopSizePrior.t:1" name="distribution" x="@popSize.t:1">
#            <OneOnX id="OneOnX.1" name="distr"/>
#        </prior>
#    </distribution>
#    <distribution id="likelihood" spec="beast.core.util.CompoundDistribution" useThreads="true">
#        <distribution data="@1" id="treeLikelihood.1" spec="beast.evolution.likelihood.ThreadedTreeLikelihood" tree="@Tree.t:1">
#            <siteModel gammaCategoryCount="4" id="SiteModel.s:1" shape="@gammaShape.s:1" spec="beast.evolution.sitemodel.SiteModel">
#                <parameter id="mutationRate.s:1" name="mutationRate" spec="beast.core.parameter.RealParameter">1.0</parameter>
#                <parameter estimate="false" id="proportionInvariant.s:1" lower="0.0" name="proportionInvariant" spec="beast.core.parameter.RealParameter" upper="1.0">0.0</parameter>
#                <substModel id="hky.s:1" kappa="@kappa.s:1" spec="beast.evolution.substitutionmodel.HKY">
#                    <frequencies frequencies="@freqParameter.s:1" id="estimatedFreqs.s:1" spec="beast.evolution.substitutionmodel.Frequencies"/>
#                </substModel>
#            </siteModel>
#            <branchRateModel id="branchRates" numSites="1000" numberOfDiscreteRates="12" rateMean="@rateMean" rateOmega="@rateOmega" spec="beast.evolution.branchratemodel.ARClockModel" tree="@Tree.t:1">
#                <rateCategories dimension="200" id="rateCategories" spec="beast.core.parameter.IntegerParameter">1</rateCategories>
#            </branchRateModel>
#        </distribution>
#    </distribution>
#</input>
#
Sample	posterior	likelihood	prior	treeLikelihood	TreeHeight	rateOmega	rateMean	kappa	mutationRate	gammaShape	popSize	CoalescentConstant	freqParameter.1	freqParameter.2	freqParameter.3	freqParameter.4
0	-18051.02501781192	-17816.99181164156	-234.03320617036022	-17816.99181164156	10.751582664363609	0.5	0.005	2.0	1.0	1.0	0.3	-230.21431273121476	0.25	0.25	0.25	0.25
1000	-12211.63730294033	-11910.021946036268	-301.61535690406237	-11910.021946036268	11.557434637592268	0.5059083487042317	0.026206538740209652	3.9361561049888136	1.0	1.0	1.6029221042252948	-293.74390346758827	0.24521919259014663	0.25	0.25	0.25478080740985337
2000	-10796.509255691886	-10518.348587489787	-278.160668202099	-10518.348587489787	11.941281585913998	1.9512097330554705	0.022394502052667367	3.9361561049888136	1.0	1.0	5.808239020579151	-266.50181938402613	0.24303862842963175	0.2425357085385297	0.2521805641605149	0.2622450988713237
3000	-9787.297425945351	-9479.361547666604	-307.9358782787468	-9479.361547666604	11.849977319631371	3.678402234861457	0.016990197469069428	3.9361561049888136	1.0	1.0	7.908365707699725	-293.95076954223276	0.24303862842963175	0.23800480609857538	0.2521805641605149	0.266776001311278
4000	-9201.223858093212	-8882.441787154487	-318.7820709387258	-8882.441787154487	11.612765359717626	7.767369912191162	0.01615810388339117	3.9361561049888136	1.0	1.0	7.109543322179863	-300.192565709719	0.250074850262539	0.2323609365802847	0.24514434232760762	0.27241987082956864
5000	-8783.659257570065	-8454.564385666594	-329.09487190347096	-8454.564385666594	11.612765359717626	7.833807574471612	0.013487749549867168	4.204403187027982	1.0	0.8557518595265975	6.935468725962981	-310.69976930626075	0.250074850262539	0.2323609365802847	0.24514434232760762	0.27241987082956864
6000	-8427.006096961446	-8094.106752182992	-332.8993447784549	-8094.106752182992	11.612765359717626	9.502604758821853	0.012898900390210707	4.204403187027982	1.0	0.8557518595265975	8.773210028285522	-312.47159074337367	0.250074850262539	0.2323609365802847	0.24514434232760762	0.27241987082956864
7000	-8194.547100973714	-7851.900043424941	-342.64705754877224	-7851.900043424941	11.587010954856277	9.988368679511174	0.013148128975091865	4.204403187027982	1.0	0.8557518595265975	9.938896974513604	-321.54462556581234	0.250074850262539	0.2323609365802847	0.24514434232760762	0.27241987082956864
8000	-7907.496921245974	-7565.198482502934	-342.29843874304004	-7565.198482502934	11.915901446129471	9.087325975320276	0.011300497396954953	4.204403187027982	1.0	0.8557518595265975	7.6060389748891115	-322.6021726998037	0.250074850262539	0.24037401665410776	0.23713126225378456	0.27241987082956864
9000	-7639.224596017716	-7294.289515464861	-344.9350805528547	-7294.289515464861	12.00483883313234	7.608420372897418	0.010333436524637252	4.204403187027982	1.0	0.8557518595265975	8.50392913137032	-326.8559785336534	0.24986359785902043	0.24037401665410776	0.2326200235183295	0.27714236196854225
10000	-7476.224999796814	-7128.086580134947	-348.1384196618664	-7128.086580134947	12.089919727415463	9.187453053936222	0.009988609017525754	4.204403187027982	1.0	0.8557518595265975	9.248861658581106	-328.26070261604343	0.25071701393907625	0.24037401665410776	0.23176660743827368	0.27714236196854225
11000	-7400.5400873097005	-7044.036129316883	-356.5039579928176	-7044.036129316883	12.232819871072216	9.302513584709748	0.009795153297498103	4.807000411089796	1.0	0.8557518595265975	11.294098604980304	-336.14278457226027	0.24924182328876418	0.24184920730441983	0.23176660743827368	0.27714236196854225
12000	-7258.1297577357345	-6907.451218198229	-350.67853953750523	-6907.451218198229	12.366368917177734	9.823770875316214	0.009502084588240797	4.807000411089796	1.0	0.8557518595265975	10.478806840407154	-329.8524836642453	0.2517099293447706	0.24184920730441983	0.21533893888453834	0.29110192446627114
13000	-7222.821995178989	-6880.690481680721	-342.1315134982678	-6880.690481680721	12.366368917177734	8.841213491901511	0.009080487330017694	4.807000411089796	1.0	0.8557518595265975	8.684274295026567	-322.61627683279795	0.2517099293447706	0.24496217287374172	0.21222597331521645	0.29110192446627114
14000	-7216.530982451009	-6871.841249017749	-344.6897334332599	-6871.841249017749	12.840697669428822	8.856191513623614	0.008786391611692531	4.807000411089796	1.0	0.8557518595265975	7.821010389548078	-325.295748641516	0.2517099293447706	0.24231690674532022	0.21222597331521645	0.2937471905946926
15000	-7133.243658812615	-6793.456389761751	-339.7872690508635	-6793.456389761751	12.840697669428822	9.115603304157553	0.008786314720557317	3.532420988414146	1.0	0.6212858091911647	9.546579144421802	-320.53311570389576	0.2517099293447706	0.24231690674532022	0.20772032534715623	0.29825283856275286
16000	-7038.650059834754	-6704.343229591277	-334.3068302434767	-6704.343229591277	12.248967913672878	9.064957492186435	0.008689763463772327	3.532420988414146	1.0	0.6212858091911647	8.420697523295658	-315.24491817216204	0.2429523576250865	0.24231690674532022	0.21647789706684034	0.29825283856275286
17000	-7013.281473590981	-6676.280275025227	-337.00119856575384	-6676.280275025227	13.243160754477001	9.909585543698688	0.008846912083922503	3.750444637243977	1.0	0.7487722259843781	6.997919210387761	-316.98300318469904	0.2332200465421831	0.2520492178282236	0.21647789706684034	0.29825283856275286
18000	-7006.2328986966	-6675.659505118932	-330.57339357766773	-6675.659505118932	12.441330188640679	9.136842669237815	0.008740145068013197	3.750444637243977	1.0	0.7487722259843781	8.435862656579229	-311.2263185669302	0.2332200465421831	0.2520492178282236	0.21647789706684034	0.29825283856275286
19000	-6985.562031884217	-6652.25895290045	-333.30307898376645	-6652.25895290045	12.238886939141668	9.259012065996068	0.00871277312283357	3.750444637243977	1.0	0.7487722259843781	7.591954763523127	-313.93043158475575	0.2332200465421831	0.2520492178282236	0.21647789706684034	0.29825283856275286
20000	-6981.638470137484	-6650.876858061734	-330.76161207574955	-6650.876858061734	12.23864352720036	9.91725793342934	0.008754667671292033	4.371344988570656	1.0	0.7487722259843781	7.321089731659562	-310.5081578919932	0.23125864842670232	0.25748806294666116	0.2184392951823211	0.2928139934443153
21000	-6980.270287647673	-6651.822890167188	-328.4473974804853	-6651.822890167188	12.98144489323113	9.205805245100713	0.008619384897637018	4.371344988570656	1.0	0.7487722259843781	7.6554435637453215	-308.9433668563657	0.23125864842670232	0.25748806294666116	0.2167233341711663	0.29452995445547014
22000	-6972.403769907181	-6645.058838857495	-327.3449310496858	-6645.058838857495	13.056893466602357	9.37126675249409	0.007903078005707396	4.371344988570656	1.0	0.5831060065891971	8.227937791329714	-307.8399980273614	0.23125864842670232	0.25748806294666116	0.2167233341711663	0.29452995445547014
23000	-6885.157515350283	-6564.945071289546	-320.21244406073635	-6564.945071289546	13.056893466602357	9.528468970437258	0.007653968300038077	4.371344988570656	1.0	0.6149785274760196	6.558996642837947	-300.7622789044284	0.23125864842670232	0.25748806294666116	0.2167233341711663	0.29452995445547014
24000	-6870.146094913881	-6549.041619544928	-321.1044753689527	-6549.041619544928	13.218504311995359	9.85992427948211	0.008131796707076342	4.371344988570656	1.0	0.820839619677741	8.649541763055224	-300.7488174224516	0.23125864842670232	0.25748806294666116	0.2167233341711663	0.29452995445547014
25000	-6878.604170360171	-6557.790287849066	-320.8138825111055	-6557.790287849066	13.596124263676478	9.958496550628116	0.00845822847044723	4.371344988570656	1.0	0.820839619677741	5.8605227804278295	-300.7004794689363	0.23125864842670232	0.25748806294666116	0.2167233341711663	0.29452995445547014
26000	-6854.514714843508	-6538.86858392524	-315.6461309182674	-6538.86858392524	14.6444555522571	9.339229884230708	0.00813922523362461	4.371344988570656	1.0	0.820839619677741	7.605943871551433	-295.9876569434765	0.22473781488505307	0.2640088964883104	0.2167233341711663	0.29452995445547014
27000	-6737.366556546045	-6418.773658612864	-318.5928979331811	-6418.773658612864	13.528955574760253	9.397321777070527	0.007747301170928248	4.371344988570656	1.0	0.820839619677741	6.719875043915381	-299.044107313866	0.22473781488505307	0.2640088964883104	0.2167233341711663	0.29452995445547014
28000	-6683.628199193598	-6361.809873242557	-321.81832595104134	-6361.809873242557	13.855040430359255	9.68128932481447	0.007779641685764708	4.371344988570656	1.0	0.820839619677741	8.035070467507149	-301.77585100781295	0.22473781488505307	0.2640088964883104	0.2167233341711663	0.29452995445547014
29000	-6644.458071300729	-6322.844056502126	-321.61401479860314	-6322.844056502126	13.855040430359255	9.584193915570294	0.007793221657133836	4.371344988570656	1.0	0.820839619677741	7.0848810973916745	-301.8018108586323	0.22473781488505307	0.2640088964883104	0.2167233341711663	0.29452995445547014
30000	-6630.574383903158	-6313.149111976993	-317.4252719261661	-6313.149111976993	14.132792032884446	9.934254444143713	0.007430466197316329	4.371344988570656	1.0	1.0322960598084978	6.852410713201479	-297.10041755136297	0.22473781488505307	0.2640088964883104	0.2167233341711663	0.29452995445547014
31000	-6616.817982487206	-6301.009215689191	-315.8087667980156	-6301.009215689191	14.132792032884446	9.943364070242826	0.007828781993541598	4.371344988570656	1.0	1.0322960598084978	6.50871165349323	-295.4730813047515	0.22473781488505307	0.2640088964883104	0.2167233341711663	0.29452995445547014
32000	-6553.054928301481	-6234.885156827452	-318.16977147402844	-6234.885156827452	12.180985673554007	9.943364070242826	0.008383521735744467	4.371344988570656	1.0	1.0322960598084978	6.782849296273177	-297.72415667725454	0.22473781488505307	0.2640088964883104	0.2167233341711663	0.29452995445547014
33000	-6541.941334275117	-6211.300224200541	-330.64111007457564	-6211.300224200541	13.569500215271779	9.340479071347065	0.007356736571943037	4.371344988570656	1.0	1.0059358674410106	8.937858729959526	-310.7361599341659	0.22473781488505307	0.26834841317222663	0.21238381748725005	0.29452995445547014
34000	-6517.158419697934	-6179.687582703078	-337.4708369948557	-6179.687582703078	13.236185390044222	9.992485620015628	0.007631098385807452	4.371344988570656	1.0	1.0059358674410106	11.596647992122792	-316.55602537190043	0.22473781488505307	0.26834841317222663	0.21238381748725005	0.29452995445547014
35000	-6501.05308148921	-6172.8985219315855	-328.1545595576246	-6172.8985219315855	14.044440518296426	9.968354836660113	0.006998150030419604	4.371344988570656	1.0	1.2266930200277497	6.231290730800495	-307.75321617347345	0.22473781488505307	0.26834841317222663	0.20803217010743238	0.29888160183528784
36000	-6498.243681078123	-6172.728551611561	-325.5151294665624	-6172.728551611561	14.085504950170986	9.984494689721474	0.007294739235683142	3.135077797675542	1.0	1.2266930200277497	7.7189428304886345	-305.2386258359429	0.22473781488505307	0.26834841317222663	0.20803217010743238	0.29888160183528784
37000	-6458.820547809804	-6135.13695793375	-323.6835898760543	-6135.13695793375	14.877232455680831	9.210406943016215	0.00691261814066525	3.135077797675542	1.0	1.1425838097456118	6.5767162516480235	-304.5519725135021	0.2166731628730332	0.27017391388277856	0.21427132140890034	0.29888160183528784
38000	-6449.924771818847	-6128.31375603527	-321.61101578357756	-6128.31375603527	14.877232455680831	9.14670022702195	0.007009266925166436	3.9316346873142396	1.0	1.1425838097456118	7.562456168931863	-302.1323057306391	0.2166731628730332	0.27017391388277856	0.21427132140890034	0.29888160183528784
39000	-6422.596825971229	-6101.379729120887	-321.2170968503425	-6101.379729120887	14.220510626728194	9.944902626243845	0.0073788005788296045	3.9316346873142396	1.0	1.1425838097456118	6.362441487906783	-300.9861773703452	0.21022998867026765	0.2846948647511281	0.20651213752258313	0.2985630090560211
40000	-6437.975081927268	-6118.768825500906	-319.2062564263611	-6118.768825500906	14.68753708450565	8.912267737018382	0.007600565671927053	3.8506248112315613	1.0	1.1425838097456118	7.429984723337689	-299.9474419083493	0.21022998867026765	0.2846948647511281	0.20651213752258313	0.2985630090560211
41000	-6428.387098214832	-6104.932856822506	-323.45424139232574	-6104.932856822506	13.700441518844917	9.329873369827236	0.007343530909826024	3.8506248112315613	1.0	1.1425838097456118	5.509186235277168	-304.0702025929361	0.21742468777068316	0.2846948647511281	0.19931743842216762	0.2985630090560211
42000	-6393.777025023754	-6069.095963415306	-324.6810616084481	-6069.095963415306	13.01219035258024	9.789255923558908	0.007188182168519865	3.8506248112315613	1.0	1.1425838097456118	6.930964036001037	-304.58623056478484	0.21742468777068316	0.2846948647511281	0.18592008299363125	0.3119603644845575
43000	-6363.6933021867335	-6038.482586117904	-325.2107160688297	-6038.482586117904	12.997585397843388	9.495557891149291	0.006836663624287953	3.8506248112315613	1.0	1.1425838097456118	8.857345779886362	-305.2419893410455	0.20380696523939196	0.29831258728241933	0.18592008299363125	0.3119603644845575
44000	-6373.692793474512	-6055.626072286454	-318.0667211880578	-6055.626072286454	12.997585397843388	9.2288352738673	0.007151635412433936	3.8506248112315613	1.0	1.1425838097456118	7.136511966256715	-298.56125122294935	0.19995345240334697	0.3021661001184643	0.18592008299363125	0.3119603644845575
45000	-6357.710957056934	-6044.32549983798	-313.3854572189542	-6044.32549983798	13.033591597436605	9.921598492022706	0.007582923211438816	3.8506248112315613	1.0	1.1425838097456118	7.206344226577853	-293.05364710326836	0.19995345240334697	0.3021661001184643	0.18592008299363125	0.3119603644845575
46000	-6363.020645379345	-6042.148392927856	-320.8722524514892	-6042.148392927856	13.033591597436605	9.275925478640358	0.007150832397520112	3.8506248112315613	1.0	1.1425838097456118	7.102371503964679	-301.3200196267189	0.19995345240334697	0.3021661001184643	0.18592008299363125	0.3119603644845575
47000	-6355.099333037242	-6035.965817503239	-319.1335155340029	-6035.965817503239	13.568099231345883	9.851044304974414	0.006806527030047315	3.8506248112315613	1.0	1.2067598592914013	7.307076929779367	-298.9088780105307	0.19995345240334697	0.3021661001184643	0.18592008299363125	0.3119603644845575
48000	-6334.065519462533	-6016.452497574788	-317.61302188774556	-6016.452497574788	13.078974269392123	9.830465733256272	0.00642038754060735	3.8506248112315613	1.0	1.2067598592914013	6.968500979934738	-297.5167858160485	0.19995345240334697	0.3021661001184643	0.18592008299363125	0.3119603644845575
49000	-6336.929444251149	-6016.90322137508	-320.02622287606965	-6016.90322137508	12.644008234477315	9.158709577281726	0.007020756826287849	3.8506248112315613	1.0	1.2067598592914013	8.380068062292876	-300.3914440267334	0.19995345240334697	0.3021661001184643	0.18592008299363125	0.3119603644845575
50000	-6338.015609825544	-6018.011491093981	-320.00411873156287	-6018.011491093981	12.28941647915726	9.806140398703501	0.007156497350551245	3.8506248112315613	1.0	1.4314691391164833	6.19187149702694	-299.71915567886873	0.19995345240334697	0.3021661001184643	0.18592008299363125	0.3119603644845575
51000	-6318.453545800492	-6004.904577729292	-313.5489680712	-6004.904577729292	12.347208243978509	9.766363097652997	0.0072603035169386135	3.6667303855284032	1.0	1.3129874036184974	6.1935782235508965	-293.47028880314605	0.19995345240334697	0.3021661001184643	0.18592008299363125	0.3119603644845575
52000	-6329.5799268158235	-6012.105320044322	-317.47460677150127	-6012.105320044322	12.708983109302254	9.789788173851058	0.007320687951611323	3.6667303855284032	1.0	1.3129874036184974	6.378702962282881	-297.33259288335455	0.19995345240334697	0.3021661001184643	0.18592008299363125	0.3119603644845575
53000	-6316.6537243848925	-6002.005649642131	-314.64807474276097	-6002.005649642131	12.708983109302254	9.789788173851058	0.006888535570366492	3.6667303855284032	1.0	1.3129874036184974	7.733413607469677	-294.3744489748678	0.19995345240334697	0.3021661001184643	0.18592008299363125	0.3119603644845575
54000	-6311.736389803524	-5993.096705010526	-318.63968479299706	-5993.096705010526	12.708983109302254	9.891331977976831	0.007119520278346409	3.6667303855284032	1.0	1.4187588955577954	8.758640353262148	-297.99191841644824	0.19995345240334697	0.3021661001184643	0.18592008299363125	0.3119603644845575
55000	-6305.921233965079	-5992.723884782999	-313.19734918207985	-5992.723884782999	13.196079498352278	9.877932751939593	0.007875404660002762	3.6667303855284032	1.0	1.4187588955577954	6.404100559557614	-292.7761486359278	0.19995345240334697	0.3021661001184643	0.18592008299363125	0.3119603644845575
56000	-6299.177162950878	-5987.292149036907	-311.8850139139708	-5987.292149036907	12.73731960850286	9.757320907145669	0.006962832229762538	3.6667303855284032	1.0	1.4187588955577954	7.353286498212569	-291.58072823302194	0.19995345240334697	0.3021661001184643	0.18592008299363125	0.3119603644845575
57000	-6284.76250880537	-5973.111933773018	-311.6505750323526	-5973.111933773018	12.772894294572755	9.516970661784983	0.007003091832730575	3.6667303855284032	1.0	1.1120941822645563	7.832057389587346	-291.84689672752836	0.18390758219646955	0.3021661001184643	0.18592008299363125	0.3280062346914349
58000	-6280.767123037545	-5974.875110921887	-305.8920121156583	-5974.875110921887	13.302012846108134	9.550698571889335	0.006786447155487002	3.6667303855284032	1.0	1.1120941822645563	5.908249709857204	-286.3647812717065	0.18390758219646955	0.3021661001184643	0.18592008299363125	0.3280062346914349
59000	-6276.052300430091	-5969.404077411377	-306.6482230187143	-5969.404077411377	13.239644680044412	9.946651724058722	0.007786423288660284	3.6667303855284032	1.0	1.2023538781044478	6.184323406122679	-286.41478507353935	0.18390758219646955	0.3021661001184643	0.18592008299363125	0.3280062346914349
60000	-6285.623317659596	-5979.188197051071	-306.43512060852527	-5979.188197051071	13.663504097536512	9.308505049906438	0.00713149323932427	3.0175795706868866	1.0	1.2023538781044478	5.876054422893391	-287.2587344230097	0.18390758219646955	0.3021661001184643	0.18592008299363125	0.3280062346914349
61000	-6277.557150418011	-5970.131145313652	-307.4260051043581	-5970.131145313652	13.256014954283213	9.835781499266334	0.007152180140377137	3.0175795706868866	1.0	1.2404203341615831	6.77056741645765	-287.49008528545136	0.18390758219646955	0.30822669420700666	0.17985948890508888	0.3280062346914349
62000	-6287.691110176577	-5980.666545638278	-307.0245645382991	-5980.666545638278	13.340016355790937	9.852363505787809	0.006862364306696047	3.0175795706868866	1.0	1.2404203341615831	5.765806580040408	-287.27263471740633	0.18390758219646955	0.30822669420700666	0.17985948890508888	0.3280062346914349
63000	-6283.145680912976	-5976.392593498882	-306.7530874140936	-5976.392593498882	14.450219154090155	9.852363505787809	0.00712355935534267	3.0175795706868866	1.0	1.2404203341615831	6.463599611135374	-286.84948637483507	0.18390758219646955	0.30822669420700666	0.17985948890508888	0.3280062346914349
64000	-6252.197054334712	-5941.664844547795	-310.5322097869171	-5941.664844547795	13.817326825120311	9.911067500086043	0.007231893447918931	3.0175795706868866	1.0	1.5089136026698629	6.537709674087713	-290.26953809740434	0.16084067492267395	0.32682572658624715	0.17060850707794736	0.3417250914131315
65000	-6251.144932711965	-5938.939358655744	-312.20557405622077	-5938.939358655744	14.607113804063541	9.622059622350932	0.006658805037781184	3.0175795706868866	1.0	1.5089136026698629	6.965488871276487	-292.27788483049324	0.13964291565779413	0.34802348585112697	0.17060850707794736	0.3417250914131315
66000	-6223.673435103028	-5912.854738218327	-310.81869688470107	-5912.854738218327	14.339538381652398	9.44152739998655	0.007181500118083351	3.0175795706868866	1.0	1.4177253560737793	7.037423260980403	-291.09378724744136	0.13964291565779413	0.34802348585112697	0.17060850707794736	0.3417250914131315
67000	-6214.263141160435	-5899.746479866451	-314.5166612939839	-5899.746479866451	14.206941334971935	9.853272055741664	0.007271091860477743	3.0175795706868866	1.0	1.4177253560737793	7.150212061857581	-294.31326405941707	0.13964291565779413	0.34802348585112697	0.17060850707794736	0.3417250914131315
68000	-5981.976284626251	-5671.6281496943775	-310.3481349318732	-5671.6281496943775	13.151393755537335	9.708832951692333	0.006955818308718344	3.0175795706868866	1.0	1.4177253560737793	7.229640745404836	-290.33584184937195	0.13964291565779413	0.34802348585112697	0.17060850707794736	0.3417250914131315
69000	-5970.636714585519	-5665.468826662065	-305.16788792345403	-5665.468826662065	14.651231392745231	9.645346026065138	0.007110839748975535	3.0175795706868866	1.0	2.0792436789008657	6.615440733215053	-284.6301641930748	0.13964291565779413	0.34802348585112697	0.17060850707794736	0.3417250914131315
70000	-5954.14595082644	-5648.672920911967	-305.47302991447305	-5648.672920911967	15.572187865826795	9.472068191139586	0.006741549577692011	3.0175795706868866	1.0	2.6653582867710517	6.174746786261514	-284.6611565538558	0.13818263109294884	0.35457314322828665	0.16405884970078768	0.34318537597797677
71000	-5951.95016564983	-5645.867589104622	-306.08257654520736	-5645.867589104622	15.187777022390655	9.797852794034931	0.006952174341172841	2.2772146131422	1.0	2.6653582867710517	5.83636880647819	-285.214984670283	0.13818263109294884	0.35457314322828665	0.16405884970078768	0.34318537597797677
72000	-5953.864566726954	-5648.16955425735	-305.69501246960453	-5648.16955425735	15.468503382094246	9.827769865103187	0.006743131177863543	2.2772146131422	1.0	2.6653582867710517	6.689541216841053	-284.6889096265658	0.13818263109294884	0.35457314322828665	0.16405884970078768	0.34318537597797677
73000	-5959.594038427075	-5650.544304129203	-309.0497342978726	-5650.544304129203	13.812440747426473	9.585767827007835	0.007024342412409514	2.2772146131422	1.0	2.6653582867710517	5.666310133089462	-288.43314580777513	0.13818263109294884	0.3604710300140711	0.1581609629150032	0.34318537597797677
74000	-5943.920784240805	-5635.1640611692865	-308.75672307151893	-5635.1640611692865	13.39088289201767	9.692855080378925	0.006605769535983204	2.2772146131422	1.0	2.6653582867710517	6.56903603754534	-287.93676932109827	0.13818263109294884	0.3604710300140711	0.1581609629150032	0.34318537597797677
75000	-5939.962282414266	-5632.113916405548	-307.84836600871887	-5632.113916405548	14.251293079770573	9.862818666060006	0.006987854864167737	2.2772146131422	1.0	2.6653582867710517	6.482078151236004	-286.79979881844616	0.13818263109294884	0.3604710300140711	0.1581609629150032	0.34318537597797677
76000	-5953.061304479105	-5644.995420266546	-308.0658842125591	-5644.995420266546	13.024356701796982	9.862818666060006	0.006545362234569891	2.2772146131422	1.0	2.6653582867710517	5.898404533418794	-287.17720857523636	0.13818263109294884	0.3604710300140711	0.1581609629150032	0.34318537597797677
77000	-5953.907975105826	-5646.65144254751	-307.2565325583167	-5646.65144254751	13.178264918643373	9.456516256749097	0.006834627707267677	2.2772146131422	1.0	2.6653582867710517	6.25973584954426	-286.70924609019335	0.13818263109294884	0.3604710300140711	0.1581609629150032	0.34318537597797677
78000	-5954.419192723245	-5645.743190288882	-308.6760024343633	-5645.743190288882	12.851357096795926	9.96034986932778	0.006851375258518651	2.2772146131422	1.0	2.6653582867710517	7.004875285937486	-287.4632447258314	0.13818263109294884	0.3604710300140711	0.1581609629150032	0.34318537597797677
79000	-5935.324673471143	-5623.960395528244	-311.36427794289955	-5623.960395528244	14.137209310311937	9.96034986932778	0.006585455843135974	2.2772146131422	1.0	2.6653582867710517	7.000440249492315	-290.19180740328125	0.11050666779378264	0.3604710300140711	0.1581609629150032	0.370861339277143
80000	-5925.361792966414	-5616.590825910513	-308.77096705590145	-5616.590825910513	13.791490050410504	9.859326248577075	0.006515925919189985	2.2772146131422	1.0	2.6653582867710517	6.847405015426808	-287.74142904819985	0.10295980208621638	0.3604710300140711	0.1581609629150032	0.37840820498470923
81000	-5934.226183459129	-5625.220014675784	-309.00616878334455	-5625.220014675784	13.684027729977258	9.544572529413712	0.006313114537490326	2.2772146131422	1.0	2.6653582867710517	7.456465727009323	-288.2670382431588	0.10295980208621638	0.3604710300140711	0.1581609629150032	0.37840820498470923
82000	-5926.091378330209	-5620.685597157524	-305.4057811726855	-5620.685597157524	13.684027729977258	9.78720431585764	0.006761749486992238	2.2772146131422	1.0	2.6653582867710517	6.626510432495984	-284.4506713015527	0.10295980208621638	0.3563324654671722	0.1581609629150032	0.38254676953160816
83000	-5926.2284260514925	-5616.8050673651305	-309.42335868636223	-5616.8050673651305	14.158024892850909	9.79063823817258	0.006617618268192754	2.2772146131422	1.0	3.73183894900732	8.456853514543708	-287.175702199805	0.10295980208621638	0.3563324654671722	0.1581609629150032	0.38254676953160816
84000	-5933.19144124476	-5626.842493979983	-306.34894726477705	-5626.842493979983	14.36343097644698	9.237370657466155	0.006233474617586919	2.2772146131422	1.0	3.73183894900732	6.41554104207194	-285.04305139206764	0.10295980208621638	0.3563324654671722	0.1581609629150032	0.38254676953160816
85000	-5928.409426033061	-5617.968414323151	-310.4410117099108	-5617.968414323151	13.87403866745127	9.336317103793244	0.00619861452116612	2.2772146131422	1.0	3.73183894900732	7.930726763222383	-288.820173846238	0.10295980208621638	0.3563324654671722	0.1581609629150032	0.38254676953160816
86000	-5922.726143128361	-5616.33159106745	-306.39455206091174	-5616.33159106745	13.87403866745127	9.644272706322742	0.006076211230577523	2.462561993677461	1.0	3.73183894900732	6.353285954604044	-284.606948966664	0.10295980208621638	0.3563324654671722	0.1581609629150032	0.38254676953160816
87000	-5930.221971200373	-5621.925004691508	-308.29696650886564	-5621.925004691508	14.085118449853624	9.794207074221484	0.006370104660686311	2.462561993677461	1.0	3.73183894900732	6.296910985718819	-286.3071655611	0.10295980208621638	0.3563324654671722	0.1581609629150032	0.38254676953160816
88000	-5923.364358046424	-5612.43568430999	-310.9286737364337	-5612.43568430999	13.921899467205233	9.856796075173076	0.0060831240239527795	2.462561993677461	1.0	3.73183894900732	7.15288662197929	-288.7892479212559	0.10295980208621638	0.3563324654671722	0.1581609629150032	0.38254676953160816
89000	-5927.261754879292	-5612.718017436727	-314.54373744256515	-5612.718017436727	14.442132568966043	9.89054116007889	0.005588834677949159	2.462561993677461	1.0	3.73183894900732	6.550529576261652	-292.54027885946334	0.10295980208621638	0.3563324654671722	0.1581609629150032	0.38254676953160816
90000	-5783.161757972126	-5475.825422927101	-307.33633504502507	-5475.825422927101	14.442132568966043	9.358786699799923	0.006387851616737461	2.462561993677461	1.0	3.8483100874675435	5.6635969468595535	-285.8096252909283	0.10295980208621638	0.3563324654671722	0.1581609629150032	0.38254676953160816
91000	-5783.249222655386	-5473.182761035399	-310.0664616199868	-5473.182761035399	14.668338750416476	9.48589246575587	0.005657058656315192	2.462561993677461	1.0	1.9153457592746086	5.249742813779209	-290.5309667420711	0.11940674699927345	0.33988552055411514	0.1581609629150032	0.38254676953160816
92000	-5800.933705355817	-5486.924386411663	-314.0093189441537	-5486.924386411663	15.398190168562564	9.88134905118869	0.005609061799912276	2.462561993677461	1.0	2.9337043760733454	6.751260199313907	-292.78022575902	0.11940674699927345	0.33988552055411514	0.1581609629150032	0.38254676953160816
93000	-5786.507049183398	-5467.638877492184	-318.8681716912132	-5467.638877492184	16.648205237935834	9.943205842303172	0.005382142968893689	2.462561993677461	1.0	2.9337043760733454	6.6418606015306185	-297.62925965237224	0.09129981726807984	0.33988552055411514	0.1581609629150032	0.41065369926280176
94000	-5766.477438989566	-5452.646299997961	-313.83113899160406	-5452.646299997961	18.003215875303926	9.362884900245936	0.005345336084483701	2.462561993677461	1.0	2.931254790664515	7.913206888844908	-293.06084361141006	0.09129981726807984	0.33988552055411514	0.1581609629150032	0.41065369926280176
95000	-5760.171635991776	-5449.154869932997	-311.0167660587795	-5449.154869932997	17.538818325159287	9.735184154992925	0.005191361540563554	2.0251642095722913	1.0	3.2172836774781026	7.637607305502559	-289.78868347992733	0.09129981726807984	0.33988552055411514	0.1581609629150032	0.41065369926280176
96000	-5759.598461427819	-5445.521896082989	-314.0765653448297	-5445.521896082989	17.823837614585592	9.849169124615303	0.005866342660865697	2.0251642095722913	1.0	3.285137376950168	7.862050662623937	-292.5049053253102	0.09129981726807984	0.33988552055411514	0.1581609629150032	0.41065369926280176
97000	-5761.834600569983	-5446.592966030258	-315.24163453972517	-5446.592966030258	17.594012240353052	9.84164929419122	0.004998174796929738	2.0251642095722913	1.0	3.285137376950168	6.268582633291227	-294.06490491270614	0.09129981726807984	0.33988552055411514	0.1581609629150032	0.41065369926280176
98000	-5763.616388974584	-5452.249651879746	-311.36673709483756	-5452.249651879746	17.24645677180244	9.09970682139875	0.0054151117529071995	2.0251642095722913	1.0	3.285137376950168	6.728528581748139	-290.85154968561744	0.09129981726807984	0.33988552055411514	0.1581609629150032	0.41065369926280176
99000	-5760.690285767194	-5453.164784146644	-307.5255016205502	-5453.164784146644	15.811189157671054	9.513165374321922	0.005444178087324428	2.0251642095722913	1.0	2.778431351972466	7.842208873697587	-286.90505102449976	0.09129981726807984	0.33988552055411514	0.1581609629150032	0.41065369926280176
100000	-5749.916149751594	-5439.444903007182	-310.4712467444123	-5439.444903007182	15.36458077187554	9.94185568116825	0.005889650146938087	2.0251642095722913	1.0	6.657370860032903	5.39702046200326	-285.79846849188107	0.09129981726807984	0.33988552055411514	0.1581609629150032	0.41065369926280176
