#
#model:
#
#<?xml version="1.0" encoding="UTF-8" standalone="no"?><input id="posterior" spec="beast.core.util.CompoundDistribution">
#    <distribution id="prior" spec="beast.core.util.CompoundDistribution">
#        <distribution id="CoalescentConstant.t:1" spec="beast.evolution.tree.coalescent.Coalescent">
#            <populationModel id="ConstantPopulation.t:1" spec="beast.evolution.tree.coalescent.ConstantPopulation">
#                <parameter id="popSize.t:1" name="popSize" spec="beast.core.parameter.RealParameter">0.3</parameter>
#            </populationModel>
#            <treeIntervals id="TreeIntervals.t:1" spec="beast.evolution.tree.coalescent.TreeIntervals">
#                <tree id="Tree.t:1" spec="beast.evolution.tree.Tree">
#                    <trait id="dateTrait.t:1" spec="beast.evolution.tree.TraitSet" traitname="date" value="2_2000.1=2000.1,17_2001.6=2001.6,18_2001.7=2001.7,21_2002=2002,24_2002.3=2002.3,26_2002.5=2002.5,5_2000.4=2000.4,7_2000.6=2000.6,4_2000.3=2000.3,13_2001.2=2001.2,15_2001.4=2001.4,16_2001.5=2001.5,1_2000=2000,8_2000.7=2000.7,3_2000.2=2000.2,12_2001.1=2001.1,22_2002.1=2002.1,32_2003.1=2003.1,28_2002.7=2002.7,43_2004.2=2004.2,46_2004.5=2004.5,55_2005.4=2005.4,63_2006.2=2006.2,65_2006.4=2006.4,66_2006.5=2006.5,67_2006.6=2006.6,23_2002.2=2002.2,10_2000.9=2000.9,14_2001.3=2001.3,33_2003.2=2003.2,39_2003.8=2003.8,34_2003.3=2003.3,44_2004.3=2004.3,48_2004.7=2004.7,53_2005.2=2005.2,52_2005.1=2005.1,58_2005.7=2005.7,9_2000.8=2000.8,6_2000.5=2000.5,11_2001=2001,25_2002.4=2002.4,20_2001.9=2001.9,47_2004.6=2004.6,36_2003.5=2003.5,45_2004.4=2004.4,50_2004.9=2004.9,42_2004.1=2004.1,51_2005=2005,35_2003.4=2003.4,37_2003.6=2003.6,57_2005.6=2005.6,59_2005.8=2005.8,61_2006=2006,62_2006.1=2006.1,41_2004=2004,40_2003.9=2003.9,49_2004.8=2004.8,74_2007.3=2007.3,77_2007.6=2007.6,68_2006.7=2006.7,70_2006.9=2006.9,81_2008=2008,19_2001.8=2001.8,27_2002.6=2002.6,29_2002.8=2002.8,30_2002.9=2002.9,31_2003=2003,38_2003.7=2003.7,56_2005.5=2005.5,69_2006.8=2006.8,82_2008.1=2008.1,80_2007.9=2007.9,83_2008.2=2008.2,87_2008.6=2008.6,71_2007=2007,75_2007.4=2007.4,72_2007.1=2007.1,91_2009=2009,88_2008.7=2008.7,94_2009.3=2009.3,98_2009.7=2009.7,79_2007.8=2007.8,84_2008.3=2008.3,78_2007.7=2007.7,76_2007.5=2007.5,89_2008.8=2008.8,93_2009.2=2009.2,96_2009.5=2009.5,97_2009.6=2009.6,95_2009.4=2009.4,100_2009.9=2009.9,54_2005.3=2005.3,60_2005.9=2005.9,64_2006.3=2006.3,73_2007.2=2007.2,86_2008.5=2008.5,85_2008.4=2008.4,90_2008.9=2008.9,99_2009.8=2009.8,92_2009.1=2009.1,101_2010=2010">
#                        <taxa id="TaxonSet.1" spec="beast.evolution.alignment.TaxonSet">
#                        </taxa>
#                    </trait>
#                    <taxonset idref="TaxonSet.1"/>
#                </tree>
#            </treeIntervals>
#        </distribution>
#        <prior id="rateOmega.prior" name="distribution">
#            <parameter id="rateOmega" lower="0.1" name="x" spec="beast.core.parameter.RealParameter" upper="10.0">0.5</parameter>
#            <Gamma id="Gamma.0" name="distr">
#                <parameter estimate="false" id="rateOmega.alpha" name="alpha" spec="beast.core.parameter.RealParameter">0.1</parameter>
#                <parameter estimate="false" id="rateOmega.beta" name="beta" spec="beast.core.parameter.RealParameter">1.0</parameter>
#            </Gamma>
#        </prior>
#        <prior id="rateMean.prior" name="distribution">
#            <parameter id="rateMean" lower="1.0E-4" name="x" spec="beast.core.parameter.RealParameter" upper="10.0">0.005</parameter>
#            <Gamma id="Gamma.1" name="distr">
#                <parameter estimate="false" id="rateMean.alpha" name="alpha" spec="beast.core.parameter.RealParameter">0.005</parameter>
#                <parameter estimate="false" id="rateMean.beta" name="beta" spec="beast.core.parameter.RealParameter">1.0</parameter>
#            </Gamma>
#        </prior>
#        <prior id="FrequenciesPrior.s:1" name="distribution">
#            <parameter dimension="4" id="freqParameter.s:1" lower="0.0" name="x" spec="beast.core.parameter.RealParameter" upper="1.0">0.25</parameter>
#            <Uniform id="Uniform.3" name="distr"/>
#        </prior>
#        <prior id="GammaShapePrior.s:1" name="distribution">
#            <parameter id="gammaShape.s:1" name="x" spec="beast.core.parameter.RealParameter">1.0</parameter>
#            <Exponential id="Exponential.0" name="distr">
#                <parameter estimate="false" id="RealParameter.0" name="mean" spec="beast.core.parameter.RealParameter">1.0</parameter>
#            </Exponential>
#        </prior>
#        <prior id="KappaPrior.s:1" name="distribution">
#            <parameter id="kappa.s:1" lower="0.0" name="x" spec="beast.core.parameter.RealParameter">2.0</parameter>
#            <LogNormal id="LogNormalDistributionModel.0" name="distr">
#                <parameter estimate="false" id="RealParameter.1" name="M" spec="beast.core.parameter.RealParameter">1.0</parameter>
#                <parameter estimate="false" id="RealParameter.2" name="S" spec="beast.core.parameter.RealParameter">1.25</parameter>
#            </LogNormal>
#        </prior>
#        <prior id="PopSizePrior.t:1" name="distribution" x="@popSize.t:1">
#            <OneOnX id="OneOnX.1" name="distr"/>
#        </prior>
#    </distribution>
#    <distribution id="likelihood" spec="beast.core.util.CompoundDistribution" useThreads="true">
#        <distribution data="@1" id="treeLikelihood.1" spec="beast.evolution.likelihood.ThreadedTreeLikelihood" tree="@Tree.t:1">
#            <siteModel gammaCategoryCount="4" id="SiteModel.s:1" shape="@gammaShape.s:1" spec="beast.evolution.sitemodel.SiteModel">
#                <parameter id="mutationRate.s:1" name="mutationRate" spec="beast.core.parameter.RealParameter">1.0</parameter>
#                <parameter estimate="false" id="proportionInvariant.s:1" lower="0.0" name="proportionInvariant" spec="beast.core.parameter.RealParameter" upper="1.0">0.0</parameter>
#                <substModel id="hky.s:1" kappa="@kappa.s:1" spec="beast.evolution.substitutionmodel.HKY">
#                    <frequencies frequencies="@freqParameter.s:1" id="estimatedFreqs.s:1" spec="beast.evolution.substitutionmodel.Frequencies"/>
#                </substModel>
#            </siteModel>
#            <branchRateModel id="branchRates" numSites="1000" numberOfDiscreteRates="12" rateMean="@rateMean" rateOmega="@rateOmega" spec="beast.evolution.branchratemodel.ARClockModel" tree="@Tree.t:1">
#                <rateCategories dimension="200" id="rateCategories" spec="beast.core.parameter.IntegerParameter">1</rateCategories>
#            </branchRateModel>
#        </distribution>
#    </distribution>
#</input>
#
Sample	posterior	likelihood	prior	treeLikelihood	TreeHeight	rateOmega	rateMean	kappa	mutationRate	gammaShape	popSize	CoalescentConstant	freqParameter.1	freqParameter.2	freqParameter.3	freqParameter.4
0	-37832.22013701863	-37598.18693084827	-234.03320617036022	-37598.18693084827	10.751582664363609	0.5	0.005	2.0	1.0	1.0	0.3	-230.21431273121476	0.25	0.25	0.25	0.25
1000	-19375.218236986697	-18714.62268141741	-660.5955555692843	-18714.62268141741	15.447841238282786	1.1551186126933155	0.04471152216141602	3.869950813460657	1.0	1.0	1.769876738503339	-650.7036013640675	0.24521919259014663	0.25	0.25	0.25478080740985337
2000	-14908.373830179451	-14536.490737784785	-371.8830923946654	-14536.490737784785	13.226148229777097	8.732619792411676	0.02609364920972434	3.869950813460657	1.0	1.0	11.88429036450412	-351.2432178323901	0.24303862842963175	0.25	0.2521805641605149	0.25478080740985337
3000	-13713.676222366972	-13331.137088976926	-382.5391333900458	-13331.137088976926	14.967831894331344	9.968396539697274	0.021055961091204056	4.240385855434343	1.0	1.0	12.493724759663454	-360.59807495684663	0.24303862842963175	0.25	0.2521805641605149	0.25478080740985337
4000	-12782.865788006375	-12388.901674377848	-393.96411362852626	-12388.901674377848	13.596094781510965	9.744078724662119	0.018717453395327117	4.240385855434343	1.0	1.0	16.17314084052585	-372.12920872631315	0.24303862842963175	0.25	0.24709346715071118	0.25986790441965707
5000	-12148.115982430223	-11757.640019861326	-390.4759625688968	-11757.640019861326	13.596094781510965	9.908863930781925	0.01837512977537149	4.240385855434343	1.0	1.0	16.072351948750782	-368.48613925650136	0.23344699654504383	0.268031801141153	0.23865329789414616	0.25986790441965707
6000	-11407.886316612561	-11012.00080533375	-395.8855112788117	-11012.00080533375	15.70906457301636	9.840641410020993	0.015660246740603703	4.240385855434343	1.0	1.0	15.12185973576825	-374.1928757611785	0.23344699654504383	0.268031801141153	0.23865329789414616	0.25986790441965707
7000	-10582.808932093578	-10191.552892152957	-391.2560399406212	-10191.552892152957	15.70906457301636	9.910647550068537	0.014257350373571287	4.240385855434343	1.0	1.0	16.182362238609425	-369.514024318543	0.23217707377104485	0.268031801141153	0.23865329789414616	0.2611378271936561
8000	-10178.10963212604	-9784.151686423997	-393.9579457020428	-9784.151686423997	15.299950651799294	9.949302899118587	0.013926236015999871	4.178444966794183	1.0	1.0	14.83922462223814	-372.302964217274	0.23217707377104485	0.268031801141153	0.230194393728203	0.2695967313595993
9000	-9894.378880665114	-9498.340111899748	-396.0387687653663	-9498.340111899748	17.889237552669886	9.949302899118587	0.013579637674912739	4.178444966794183	1.0	1.0	13.696086959035638	-374.4893747852696	0.23204754431845565	0.268031801141153	0.22547190258922936	0.2744487519511621
10000	-9719.810670387953	-9326.815666238	-392.99500414995316	-9326.815666238	18.49873581573765	9.97522638724928	0.012684948148716802	4.178444966794183	1.0	1.0	14.231203374204448	-371.44772717151466	0.23204754431845565	0.268031801141153	0.22547190258922936	0.2744487519511621
11000	-9644.191330491667	-9250.84935810732	-393.34197238434695	-9250.84935810732	16.24474926616514	9.920408212384293	0.012558482741860914	4.178444966794183	1.0	1.0	15.022336636909433	-371.81046800022176	0.23204754431845565	0.268031801141153	0.22547190258922936	0.2744487519511621
12000	-9576.780908485185	-9182.67888351948	-394.1020249657053	-9182.67888351948	17.11954605786136	9.954711898703394	0.012244374309255993	4.178444966794183	1.0	1.0	13.902039718827588	-372.6361300139885	0.23204754431845565	0.268031801141153	0.21968291660678363	0.2802377379336078
13000	-9057.836887481488	-8675.385088463103	-382.45179901838463	-8675.385088463103	16.615966317273287	9.3100930513492	0.01107285205674075	4.178444966794183	1.0	0.2855184792225648	14.381985447847729	-362.4725547239295	0.23204754431845565	0.268031801141153	0.21968291660678363	0.2802377379336078
14000	-8988.285625934259	-8602.082999872608	-386.2026260616509	-8602.082999872608	19.13651155132857	9.992539801154457	0.010395389034725538	4.178444966794183	1.0	0.5039009901119135	13.41659726863591	-365.3918664379845	0.23204754431845565	0.268031801141153	0.21968291660678363	0.2802377379336078
15000	-8899.812359883912	-8512.01817770131	-387.79418218260264	-8512.01817770131	16.839553387976032	9.538996095231814	0.01050494977472032	4.369849367408176	1.0	0.5036094419975112	13.99473024688949	-367.3685780315692	0.23204754431845565	0.268031801141153	0.2151772686387234	0.28474338590166803
16000	-8702.845381397055	-8309.981212871882	-392.8641685251734	-8309.981212871882	23.874790344606634	9.695243543772072	0.010292721744471637	4.369849367408176	1.0	0.5036094419975112	15.946026583736185	-372.15768536297617	0.23204754431845565	0.268031801141153	0.2151772686387234	0.28474338590166803
17000	-8575.440336904696	-8177.327660894383	-398.1126760103131	-8177.327660894383	23.629705254219058	7.900146407583166	0.008141747659832697	4.210688180688609	1.0	0.6069489393330081	15.214855962651122	-379.612512159838	0.23204754431845565	0.268031801141153	0.2151772686387234	0.28474338590166803
18000	-8418.6643706308	-8022.414912863426	-396.2494577673745	-8022.414912863426	21.49626088812044	9.560781179919182	0.008438969703878037	4.210688180688609	1.0	0.6069489393330081	14.223464636758736	-375.9483557741987	0.23204754431845565	0.268031801141153	0.2151772686387234	0.28474338590166803
19000	-8357.586263060013	-7960.61640786208	-396.96985519793327	-7960.61640786208	20.197571664088965	9.547339665383163	0.008593957981025043	4.210688180688609	1.0	0.6069489393330081	18.728235423843138	-376.3900584996932	0.23204754431845565	0.268031801141153	0.2151772686387234	0.28474338590166803
20000	-8271.153014621385	-7878.14055311263	-393.0124615087535	-7878.14055311263	19.748294842883016	9.683563897339239	0.008397336278079098	4.210688180688609	1.0	0.6069489393330081	14.46380313819786	-372.56529872159786	0.22166834785349337	0.268031801141153	0.2184192844243013	0.2918805665810524
21000	-8237.941650590314	-7842.217000799197	-395.7246497911161	-7842.217000799197	20.38895271507238	9.820967435451909	0.008027518264603609	4.210688180688609	1.0	0.6069489393330081	15.921561141445562	-375.07656150099206	0.22166834785349337	0.268031801141153	0.2167033234131465	0.2935965275922072
22000	-8129.521559022851	-7738.951866229436	-390.5696927934154	-7738.951866229436	19.546565456233733	9.88034020182092	0.00928721886574571	4.210688180688609	1.0	0.6069489393330081	16.35672206340238	-369.68354784759197	0.22002128709471694	0.268031801141153	0.21835038417192293	0.2935965275922072
23000	-8017.862463365229	-7625.082844009525	-392.77961935570454	-7625.082844009525	16.92113129071133	9.872789059147765	0.007991333612887536	4.210688180688609	1.0	0.6401247127387428	14.550731631456541	-372.1363615086378	0.22002128709471694	0.268031801141153	0.21835038417192293	0.2935965275922072
24000	-7883.731893948665	-7487.066846160302	-396.6650477883634	-7487.066846160302	19.366132682162988	9.761780655993991	0.007438601211546898	4.210688180688609	1.0	0.6401247127387428	15.94908058321298	-376.1230844376665	0.22002128709471694	0.268031801141153	0.21835038417192293	0.2935965275922072
25000	-7875.557533548937	-7481.175735161427	-394.38179838750995	-7481.175735161427	19.184989520921082	9.91059880664232	0.007525350006465668	4.210688180688609	1.0	0.6603557032698126	17.762793370731764	-373.5378408449068	0.22002128709471694	0.268031801141153	0.21835038417192293	0.2935965275922072
26000	-7781.501617272652	-7388.8510217579105	-392.650595514741	-7388.8510217579105	19.204214978424563	9.906363442322906	0.006832651625937156	4.210688180688609	1.0	0.6603557032698126	15.237822376893996	-372.0613577657272	0.22002128709471694	0.2686847857184829	0.21835038417192293	0.2929435430148773
27000	-7647.501860998124	-7262.912449892943	-384.58941110518094	-7262.912449892943	20.558612136587033	9.906363442322906	0.007027991652883362	4.210688180688609	1.0	0.6603557032698126	13.55233572949972	-364.08915254507576	0.2123754244647998	0.2686847857184829	0.21835038417192293	0.30058940564479447
28000	-7621.5112115513875	-7236.210353870513	-385.3008576808746	-7236.210353870513	20.24813060290179	9.677170440087611	0.006997871815803264	4.210688180688609	1.0	0.6603557032698126	15.595163761416	-364.9147607311172	0.2123754244647998	0.2686847857184829	0.21835038417192293	0.30058940564479447
29000	-7608.71017711467	-7224.295350491999	-384.4148266226709	-7224.295350491999	19.6945771695619	9.677170440087611	0.007259802543063804	4.210688180688609	1.0	0.6603557032698126	12.483765479293995	-364.2144367332978	0.2123754244647998	0.2686847857184829	0.21835038417192293	0.30058940564479447
30000	-7583.036776417853	-7199.593772918901	-383.4430034989518	-7199.593772918901	20.14037778687867	9.934326557700047	0.007140745811966083	4.210688180688609	1.0	0.6603557032698126	13.886660100045683	-362.871925753899	0.21800005485362212	0.2686847857184829	0.2127257537831006	0.30058940564479447
31000	-7570.1804538440965	-7181.447438134014	-388.733015710082	-7181.447438134014	20.19451030253311	9.943436249926673	0.006908086580551921	4.210688180688609	1.0	1.2312545385816738	12.873966003808576	-367.6900176340658	0.21800005485362212	0.2686847857184829	0.2127257537831006	0.30058940564479447
32000	-7579.900882950853	-7192.007016517116	-387.89386643373695	-7192.007016517116	21.07122575709217	9.943436249926673	0.006852314930168594	4.210688180688609	1.0	1.2312545385816738	15.825667383752883	-366.6525637440474	0.21800005485362212	0.2686847857184829	0.2127257537831006	0.30058940564479447
33000	-7577.138214028076	-7189.9175228694585	-387.22069115861683	-7189.9175228694585	25.547778370810285	9.943436249926673	0.007024122407983321	4.210688180688609	1.0	1.2312545385816738	12.81701416142444	-366.16543635831664	0.21800005485362212	0.2686847857184829	0.2127257537831006	0.30058940564479447
34000	-7482.95067691851	-7098.57630494907	-384.37437196943995	-7098.57630494907	23.10264500456555	9.625840935059925	0.0068870194513992195	4.210688180688609	1.0	1.2312545385816738	14.752523702747188	-363.5450375354073	0.21800005485362212	0.2686847857184829	0.2127257537831006	0.30058940564479447
35000	-7403.453300896904	-7020.00994860273	-383.44335229417334	-7020.00994860273	22.337971412431145	9.543784616434856	0.006477425743858011	3.8521717329721943	1.0	1.2312545385816738	12.892962777429162	-363.0113090040062	0.21800005485362212	0.2686847857184829	0.2127257537831006	0.30058940564479447
36000	-7284.041442502174	-6899.49121153983	-384.5502309623437	-6899.49121153983	22.60390197201299	8.879890287855156	0.006046799319327435	3.8521717329721943	1.0	1.6367057418231525	14.191036087302196	-364.41447349052487	0.21329754056680378	0.2686847857184829	0.21742826806991894	0.30058940564479447
37000	-7212.8535185514675	-6828.00359724066	-384.84992131080674	-6828.00359724066	21.577249033328826	8.39295707119922	0.005684654215105853	3.8521717329721943	1.0	1.6367057418231525	14.348659724195386	-365.3026198269568	0.21329754056680378	0.2686847857184829	0.21742826806991894	0.30058940564479447
38000	-7129.886841646118	-6740.03301545569	-389.85382619042895	-6740.03301545569	22.35659492451487	9.813532370627279	0.006177528232712026	3.8521717329721943	1.0	1.6367057418231525	12.892660678996794	-368.7689902345524	0.21329754056680378	0.25962105320547857	0.21742826806991894	0.3096531381577988
39000	-7005.985182559976	-6621.493559449749	-384.491623110227	-6621.493559449749	22.517001114376452	9.813532370627279	0.005718811389004511	3.8521717329721943	1.0	1.6367057418231525	14.561834416407315	-363.36227151429466	0.21329754056680378	0.25962105320547857	0.21742826806991894	0.3096531381577988
40000	-6949.8271991054335	-6566.283369588538	-383.54382951689485	-6566.283369588538	22.477259070055993	9.813532370627279	0.005677654650544292	3.8521717329721943	1.0	1.6367057418231525	14.142011878814404	-362.45095980661745	0.21329754056680378	0.25962105320547857	0.21742826806991894	0.3096531381577988
41000	-6860.236539490816	-6476.254367367175	-383.9821721236401	-6476.254367367175	23.111067434887975	9.809583686832477	0.006038734858807768	3.8521717329721943	1.0	1.6367057418231525	13.002755465955957	-362.9158928489825	0.21329754056680378	0.25962105320547857	0.21742826806991894	0.3096531381577988
42000	-6841.770999594953	-6461.419720990583	-380.3512786043691	-6461.419720990583	22.42676246406219	9.668676551931206	0.005802216959952146	3.8521717329721943	1.0	1.6367057418231525	11.356307321141854	-359.61430721059577	0.21329754056680378	0.25962105320547857	0.21742826806991894	0.3096531381577988
43000	-6838.633238633538	-6458.145682601105	-380.487556032433	-6458.145682601105	24.803395987816128	9.828203503050803	0.0058596718760197	3.3919769904426222	1.0	1.6367057418231525	15.119428279009355	-359.43069232485675	0.21329754056680378	0.25962105320547857	0.21742826806991894	0.3096531381577988
44000	-6811.6994001166195	-6435.180937156302	-376.518462960317	-6435.180937156302	27.516002893088405	9.973211169571549	0.005523352688753831	3.3919769904426222	1.0	1.6367057418231525	11.64271451933178	-355.6238590512833	0.21559787969466013	0.25962105320547857	0.2151279289420626	0.3096531381577988
45000	-6798.397923490882	-6427.303979889837	-371.09394360104477	-6427.303979889837	25.65119104888536	9.950649007738745	0.0056776368270037405	3.4755364448742516	1.0	1.6367057418231525	12.000935174318935	-350.1380957483626	0.21559787969466013	0.25962105320547857	0.2151279289420626	0.3096531381577988
46000	-6788.927737892694	-6418.737171451363	-370.1905664413307	-6418.737171451363	26.24425556641621	9.855229972442858	0.00612568841873985	3.4755364448742516	1.0	1.6367057418231525	11.09225299241294	-349.34152289408064	0.21559787969466013	0.25962105320547857	0.2151279289420626	0.3096531381577988
47000	-6717.561224328196	-6342.100145764613	-375.46107856358225	-6342.100145764613	26.10711327270131	9.88208779633483	0.005535464327997645	3.4755364448742516	1.0	1.6367057418231525	12.3780412112182	-354.57445005832216	0.21559787969466013	0.25962105320547857	0.2151279289420626	0.3096531381577988
48000	-6626.9586403584335	-6259.368648116502	-367.58999224193144	-6259.368648116502	25.708635237766494	9.795207570696006	0.005759085170781798	3.4755364448742516	1.0	2.880185489157646	11.347828046000718	-345.60198059919884	0.21559787969466013	0.25962105320547857	0.2151279289420626	0.3096531381577988
49000	-6631.194889896215	-6259.916889329719	-371.27800056649585	-6259.916889329719	26.746984284745153	9.795207570696006	0.005762874861376042	3.4755364448742516	1.0	2.880185489157646	13.760882260479628	-349.0965270184917	0.19299822713703424	0.25962105320547857	0.23348655044717362	0.31389416921031366
50000	-6527.511225996416	-6162.788013989718	-364.72321200669836	-6162.788013989718	23.66981719376329	9.991110650399634	0.00558984488280948	3.4755364448742516	1.0	2.880185489157646	8.95095190463875	-342.78858870020736	0.19299822713703424	0.25962105320547857	0.23348655044717362	0.31389416921031366
51000	-6509.6332815082005	-6143.838938303018	-365.7943432051826	-6143.838938303018	25.617059795648004	9.991110650399634	0.005386008032944701	3.4755364448742516	1.0	6.384607966228829	10.710120872681925	-340.21303328943594	0.19299822713703424	0.25962105320547857	0.23348655044717362	0.31389416921031366
52000	-6510.138935808096	-6147.418610592965	-362.72032521513165	-6147.418610592965	25.402774084988437	9.982638075238174	0.0055011524784968	3.4755364448742516	1.0	6.384607966228829	10.599076558206095	-337.13751119392094	0.19299822713703424	0.25962105320547857	0.23348655044717362	0.31389416921031366
53000	-6507.224525002684	-6146.104159911813	-361.1203650908697	-6146.104159911813	21.372888357667115	9.575403688116161	0.005600037986076493	3.4755364448742516	1.0	6.384607966228829	11.101486908501883	-335.91813243320524	0.19299822713703424	0.25962105320547857	0.23348655044717362	0.31389416921031366
54000	-6503.283036871309	-6145.640286708135	-357.64275016317384	-6145.640286708135	19.71252605086264	9.445468480723758	0.0057118198874348556	3.6904210662589043	1.0	6.384607966228829	11.06837136866602	-332.49538035883774	0.19299822713703424	0.25962105320547857	0.231863824494757	0.3155168951627303
55000	-6499.710852383051	-6139.2692145479	-360.44163783515035	-6139.2692145479	26.998707841396463	9.792542808899146	0.005693494415169366	3.6904210662589043	1.0	6.384607966228829	10.823204009595134	-334.9403312746926	0.19299822713703424	0.25962105320547857	0.231863824494757	0.3155168951627303
56000	-6486.734877775969	-6134.116263193481	-352.6186145824881	-6134.116263193481	24.228036993595612	9.777450844810552	0.005995511593449112	3.6904210662589043	1.0	6.384607966228829	7.982937903465262	-327.3864434432497	0.19299822713703424	0.26112505669171676	0.23035982100851882	0.3155168951627303
57000	-6469.198470997818	-6117.074721131642	-352.12374986617544	-6117.074721131642	25.58072646619554	9.714394951068288	0.005585863984887364	3.6904210662589043	1.0	3.416341947683373	9.27388316226219	-329.84965574428116	0.17663121482229757	0.28563832240745196	0.22221356760752026	0.3155168951627303
58000	-6475.430918185734	-6120.56899760745	-354.86192057828424	-6120.56899760745	25.478874745120184	9.948142392213045	0.005491785248340758	3.6904210662589043	1.0	3.416341947683373	9.008921251288522	-332.37866141507857	0.17663121482229757	0.28563832240745196	0.22221356760752026	0.3155168951627303
59000	-6464.461053460572	-6108.834029798947	-355.6270236616246	-6108.834029798947	24.806037600152393	9.948142392213045	0.005550666003473429	3.9284502549714064	1.0	3.5031371816501697	10.304232202585496	-332.8359746815507	0.17663121482229757	0.28563832240745196	0.22221356760752026	0.3155168951627303
60000	-6453.069839141049	-6101.787772007796	-351.2820671332532	-6101.787772007796	25.550510731186787	9.815291346054758	0.0050813232774707525	3.245277031504935	1.0	3.5031371816501697	10.617304501062454	-328.91880211318284	0.17663121482229757	0.28563832240745196	0.22087101499819953	0.31685944777205105
61000	-6455.460294330192	-6105.724146183631	-349.7361481465607	-6105.724146183631	25.14555588010799	9.818655723719464	0.0050107974898279	3.245277031504935	1.0	3.5031371816501697	10.387064862115265	-327.4051114868891	0.17663121482229757	0.28563832240745196	0.22087101499819953	0.31685944777205105
62000	-6472.2815108271225	-6123.877166616744	-348.40434421037884	-6123.877166616744	20.916370282291314	9.736908048991086	0.005472267954331597	3.50152819284218	1.0	3.5031371816501697	10.756228479816304	-325.9530710641278	0.17799468619414152	0.284274851035608	0.22087101499819953	0.31685944777205105
63000	-6439.670653741668	-6095.71002447061	-343.96062927105766	-6095.71002447061	24.28516936599476	9.736908048991086	0.005514025428603491	3.50152819284218	1.0	3.5031371816501697	10.19975562507365	-321.5548718179499	0.17799468619414152	0.2948906383738912	0.21025522765991636	0.31685944777205105
64000	-6445.698550794987	-6100.29369643481	-345.4048543601769	-6100.29369643481	24.280800587502014	9.834061006551796	0.005382740049875035	3.50152819284218	1.0	3.5031371816501697	8.515922212609603	-323.09754275500944	0.17799468619414152	0.2912717911628648	0.21025522765991636	0.32047829498307745
65000	-6459.998875876227	-6115.646879191896	-344.351996684331	-6115.646879191896	23.81675945154056	9.731834972572742	0.005378564115973856	3.50152819284218	1.0	3.5031371816501697	9.248711059987935	-322.07454548072985	0.17799468619414152	0.2912717911628648	0.21025522765991636	0.32047829498307745
66000	-6450.47284614879	-6105.024610959775	-345.44823518901563	-6105.024610959775	23.652065287036343	9.71325250626744	0.005527063991278454	3.50152819284218	1.0	3.5031371816501697	10.372521045015612	-323.04916306714676	0.18733449792287044	0.2912717911628648	0.20091541593118745	0.32047829498307745
67000	-6454.835430250919	-6107.1096130952865	-347.72581715563217	-6107.1096130952865	20.79286058408507	9.940875706311443	0.005757528715339423	3.50152819284218	1.0	3.513864970464814	9.434514534251027	-325.12145409436613	0.18733449792287044	0.2912717911628648	0.20091541593118745	0.32047829498307745
68000	-6431.443087969394	-6099.3796368219255	-332.06345114746773	-6099.3796368219255	21.02604256588992	9.940875706311443	0.006469092368147707	3.50152819284218	1.0	3.513864970464814	9.076180250218657	-309.3811529815229	0.18733449792287044	0.2912717911628648	0.20091541593118745	0.32047829498307745
69000	-6416.447055100745	-6088.849667414123	-327.59738768662226	-6088.849667414123	22.37547656127916	9.945738234318993	0.006460595829276772	3.50152819284218	1.0	3.513864970464814	8.130935452870036	-305.02108051153584	0.18733449792287044	0.2912717911628648	0.20091541593118745	0.32047829498307745
70000	-6431.942408469172	-6103.987618845855	-327.95478962331737	-6103.987618845855	19.021890551293076	9.945738234318993	0.006877332018327364	3.50152819284218	1.0	4.826122411956041	6.737809006987867	-304.1915527550965	0.18881514973136176	0.2912717911628648	0.19943476412269612	0.32047829498307745
71000	-6437.050382417977	-6110.871635380361	-326.17874703761566	-6110.871635380361	20.664515564893684	9.368395094411007	0.006307699076397599	3.50152819284218	1.0	4.826122411956041	7.623716519546615	-303.0097433916988	0.18881514973136176	0.29646726372762067	0.19423929155794023	0.32047829498307745
72000	-6426.124194812236	-6097.075056425738	-329.049138386498	-6097.075056425738	20.664515564893684	9.622861864718388	0.006108627203767088	3.50152819284218	1.0	4.826122411956041	8.815425036289838	-305.4884166236548	0.18881514973136176	0.29592653659703116	0.19423929155794023	0.32101902211366695
73000	-6405.516014809198	-6079.827394074589	-325.68862073460843	-6079.827394074589	17.86867044923844	9.970386005111123	0.00608045756418471	3.50152819284218	1.0	4.826122411956041	7.4324270752260775	-301.92372274607635	0.16798424561897568	0.30081357349296606	0.20396240724829331	0.32723977363976503
74000	-6391.30041543967	-6071.540545627946	-319.7598698117241	-6071.540545627946	18.48908834623806	9.797206768360324	0.006709979665711033	3.50152819284218	1.0	4.826122411956041	6.843232686769584	-296.1678601574196	0.16798424561897568	0.30081357349296606	0.20396240724829331	0.32723977363976503
75000	-6399.889446162513	-6076.0677313760325	-323.82171478648104	-6076.0677313760325	18.816863585179284	9.701039222724656	0.006205525432909511	3.50152819284218	1.0	4.826122411956041	6.0202854126975565	-300.54114562023943	0.16798424561897568	0.30081357349296606	0.20396240724829331	0.32723977363976503
76000	-6387.964234859399	-6065.070013403249	-322.89422145615026	-6065.070013403249	17.485752642978067	9.701039222724656	0.006397508519919024	3.50152819284218	1.0	4.826122411956041	5.701816148205894	-299.6374940450332	0.16798424561897568	0.30081357349296606	0.20396240724829331	0.32723977363976503
77000	-6387.21773049498	-6072.627192997854	-314.59053749712587	-6072.627192997854	17.273503914953707	9.761337701970904	0.006625596247821771	3.50152819284218	1.0	4.826122411956041	6.734676353689637	-291.0663651322729	0.16798424561897568	0.30081357349296606	0.20396240724829331	0.32723977363976503
78000	-6395.780305279154	-6078.89195191064	-316.88835336851395	-6078.89195191064	18.538377326711366	9.81420542643797	0.006649452967512113	3.50152819284218	1.0	4.826122411956041	7.7800167847054915	-293.1585631521488	0.16798424561897568	0.30081357349296606	0.20396240724829331	0.32723977363976503
79000	-6371.216203860188	-6053.39074878774	-317.8254550724478	-6053.39074878774	18.002884502037304	9.950351068020666	0.006199565492165728	3.50152819284218	1.0	4.826122411956041	7.235450743546543	-294.08984077726933	0.16798424561897568	0.30081357349296606	0.18326066203396196	0.3479415188540964
80000	-6347.141116892981	-6029.218189234889	-317.9229276580921	-6029.218189234889	18.30692161657603	9.950351068020666	0.006283350811240922	3.50152819284218	1.0	4.826122411956041	5.265095513108077	-294.49176587142625	0.15542042200393824	0.30081357349296606	0.18326066203396196	0.36050534246913385
81000	-6354.809755345227	-6045.444371014935	-309.3653843302915	-6045.444371014935	18.270992280081188	9.637106124051787	0.005839893588342804	3.50152819284218	1.0	2.971709484139836	7.18312225266381	-287.893302162052	0.15542042200393824	0.2861126855373256	0.18326066203396196	0.3752062304247743
82000	-6352.967071903153	-6043.509305652624	-309.4577662505292	-6043.509305652624	17.19446370423278	9.609385592910188	0.006294528861091348	2.7949708647973783	1.0	2.971709484139836	5.43307120836977	-288.46582398425954	0.15542042200393824	0.2861126855373256	0.18326066203396196	0.3752062304247743
83000	-6328.470378988853	-6019.07872458945	-309.39165439940314	-6019.07872458945	17.077013779453083	9.745839201887037	0.006679009196091865	2.7949708647973783	1.0	2.971709484139836	5.344087593963003	-288.20770526090365	0.15542042200393824	0.2861126855373256	0.18326066203396196	0.3752062304247743
84000	-6312.057715494207	-6003.777773221903	-308.27994227230346	-6003.777773221903	18.32067865463143	9.823093181623172	0.006911003326799253	2.7949708647973783	1.0	5.461107269172369	6.82536455811112	-284.24337394555005	0.15542042200393824	0.2861126855373256	0.18326066203396196	0.3752062304247743
85000	-6302.601338919528	-5994.575910438772	-308.02542848075615	-5994.575910438772	19.44416544967268	9.872747434746145	0.006463285962719602	2.7949708647973783	1.0	5.461107269172369	5.66713653279276	-284.18771958911464	0.15542042200393824	0.2861126855373256	0.18326066203396196	0.3752062304247743
86000	-6312.193819692858	-6004.495861814726	-307.6979578781321	-6004.495861814726	17.915793219469176	9.92464647011237	0.006645785624163743	2.7949708647973783	1.0	6.327109359760458	6.447177045421187	-282.7807824004299	0.15542042200393824	0.2861126855373256	0.18326066203396196	0.3752062304247743
87000	-6331.4369843470795	-6021.911876362495	-309.5251079845844	-6021.911876362495	19.263337318366997	9.575524727272809	0.006449837421074093	2.8347378068583478	1.0	6.327109359760458	6.205283055839305	-285.0430564692774	0.15542042200393824	0.2861126855373256	0.18326066203396196	0.3752062304247743
88000	-6319.849740969584	-6015.1345334977295	-304.7152074718544	-6015.1345334977295	19.37416593866147	9.594798855026259	0.006578518123408009	2.8347378068583478	1.0	6.327109359760458	6.3507457474598175	-280.1691163758387	0.15542042200393824	0.2861126855373256	0.18326066203396196	0.3752062304247743
89000	-6325.8986004717235	-6020.580841382164	-305.3177590895593	-6020.580841382164	20.908194679918573	9.594798855026259	0.006728555472229314	2.8347378068583478	1.0	6.327109359760458	5.487218972585988	-280.89523042302454	0.16034180141331833	0.2861126855373256	0.17833928262458187	0.3752062304247743
90000	-6323.418673484153	-6013.431667786719	-309.98700569743454	-6013.431667786719	19.55381081142643	9.424865584658798	0.006805098042799017	2.8347378068583478	1.0	6.29179320454028	5.46535144899875	-285.7784707696431	0.16034180141331833	0.2861126855373256	0.1710099487874416	0.3825355642619146
91000	-6317.160210654236	-6006.6344324129805	-310.5257782412557	-6006.6344324129805	18.12285513557182	9.32820707489763	0.006547297644673017	2.8347378068583478	1.0	5.394170321025685	6.233020428118713	-287.2280542332546	0.16034180141331833	0.2861126855373256	0.1710099487874416	0.3825355642619146
92000	-6319.103005962704	-6007.8156037603	-311.28740220240377	-6007.8156037603	16.810378860623764	9.931535515760599	0.00701384803431225	2.8347378068583478	1.0	5.030226359542759	6.532368813346486	-287.57802359570496	0.16034180141331833	0.2861126855373256	0.1710099487874416	0.3825355642619146
93000	-6269.2857581583385	-5962.054792034824	-307.2309661235153	-5962.054792034824	16.549747418483726	9.769950640871926	0.00687185049551511	2.8347378068583478	1.0	5.030226359542759	6.548051796519301	-283.71603056441603	0.1359355640191719	0.2861126855373256	0.14907339643946432	0.4288783540040383
94000	-6244.161009975144	-5941.796118683621	-302.36489129152324	-5941.796118683621	16.881360763461903	9.823337030728224	0.007027302512634556	2.8347378068583478	1.0	5.030226359542759	6.681441707968016	-278.74908550299875	0.1359355640191719	0.2861126855373256	0.14907339643946432	0.4288783540040383
95000	-6258.453849847713	-5952.793678409391	-305.6601714383226	-5952.793678409391	17.078581324527836	9.823337030728224	0.00726370893935434	2.8347378068583478	1.0	6.960082828238693	5.239935171076757	-280.3243752251593	0.1359355640191719	0.2861126855373256	0.14907339643946432	0.4288783540040383
96000	-6260.879106988341	-5951.555744877632	-309.32336211070964	-5951.555744877632	16.00138206793775	9.839901350756655	0.006696369473839133	2.586864634171684	1.0	6.960082828238693	6.341278482369943	-283.95147997777985	0.1359355640191719	0.2861126855373256	0.14907339643946432	0.4288783540040383
97000	-6250.408108259728	-5942.975126807198	-307.43298145253004	-5942.975126807198	14.854751364190376	9.839901350756655	0.006683150870763268	2.586864634171684	1.0	6.447082536952704	6.515878513817375	-282.5489172513474	0.1359355640191719	0.2861126855373256	0.13653716099831803	0.4414145894451846
98000	-6255.146840343663	-5946.304449076381	-308.8423912672815	-5946.304449076381	16.659271437331746	9.839901350756655	0.0071031837139233275	2.9791941045544728	1.0	5.84505450173033	6.847765767941368	-284.3064973616429	0.1359355640191719	0.2861126855373256	0.13653716099831803	0.4414145894451846
99000	-6232.927356797238	-5927.283101113237	-305.64425568400156	-5927.283101113237	16.513841276769895	9.835013693346307	0.007098522045510523	2.9791941045544728	1.0	5.84505450173033	6.336462497038862	-281.19195625337767	0.1359355640191719	0.2861126855373256	0.13653716099831803	0.4414145894451846
100000	-6217.6525296221025	-5914.395537931131	-303.2569916909713	-5914.395537931131	16.513841276769895	9.929280425782064	0.0068418004155686996	2.9791941045544728	1.0	5.84505450173033	5.226902193848046	-278.93125036442234	0.1289360819856319	0.2861126855373256	0.13653716099831803	0.4484140714787246
