#
#model:
#
#<?xml version="1.0" encoding="UTF-8" standalone="no"?><input id="posterior" spec="beast.core.util.CompoundDistribution">
#    <distribution id="prior" spec="beast.core.util.CompoundDistribution">
#        <distribution id="CoalescentConstant.t:1" spec="beast.evolution.tree.coalescent.Coalescent">
#            <populationModel id="ConstantPopulation.t:1" spec="beast.evolution.tree.coalescent.ConstantPopulation">
#                <parameter id="popSize.t:1" name="popSize" spec="beast.core.parameter.RealParameter">0.3</parameter>
#            </populationModel>
#            <treeIntervals id="TreeIntervals.t:1" spec="beast.evolution.tree.coalescent.TreeIntervals">
#                <tree id="Tree.t:1" spec="beast.evolution.tree.Tree">
#                    <trait id="dateTrait.t:1" spec="beast.evolution.tree.TraitSet" traitname="date" value="2_2000.1=2000.1,17_2001.6=2001.6,18_2001.7=2001.7,21_2002=2002,24_2002.3=2002.3,26_2002.5=2002.5,5_2000.4=2000.4,7_2000.6=2000.6,4_2000.3=2000.3,13_2001.2=2001.2,15_2001.4=2001.4,16_2001.5=2001.5,1_2000=2000,8_2000.7=2000.7,3_2000.2=2000.2,12_2001.1=2001.1,22_2002.1=2002.1,32_2003.1=2003.1,28_2002.7=2002.7,43_2004.2=2004.2,46_2004.5=2004.5,55_2005.4=2005.4,63_2006.2=2006.2,65_2006.4=2006.4,66_2006.5=2006.5,67_2006.6=2006.6,23_2002.2=2002.2,10_2000.9=2000.9,14_2001.3=2001.3,33_2003.2=2003.2,39_2003.8=2003.8,34_2003.3=2003.3,44_2004.3=2004.3,48_2004.7=2004.7,53_2005.2=2005.2,52_2005.1=2005.1,58_2005.7=2005.7,9_2000.8=2000.8,6_2000.5=2000.5,11_2001=2001,25_2002.4=2002.4,20_2001.9=2001.9,47_2004.6=2004.6,36_2003.5=2003.5,45_2004.4=2004.4,50_2004.9=2004.9,42_2004.1=2004.1,51_2005=2005,35_2003.4=2003.4,37_2003.6=2003.6,57_2005.6=2005.6,59_2005.8=2005.8,61_2006=2006,62_2006.1=2006.1,41_2004=2004,40_2003.9=2003.9,49_2004.8=2004.8,74_2007.3=2007.3,77_2007.6=2007.6,68_2006.7=2006.7,70_2006.9=2006.9,81_2008=2008,19_2001.8=2001.8,27_2002.6=2002.6,29_2002.8=2002.8,30_2002.9=2002.9,31_2003=2003,38_2003.7=2003.7,56_2005.5=2005.5,69_2006.8=2006.8,82_2008.1=2008.1,80_2007.9=2007.9,83_2008.2=2008.2,87_2008.6=2008.6,71_2007=2007,75_2007.4=2007.4,72_2007.1=2007.1,91_2009=2009,88_2008.7=2008.7,94_2009.3=2009.3,98_2009.7=2009.7,79_2007.8=2007.8,84_2008.3=2008.3,78_2007.7=2007.7,76_2007.5=2007.5,89_2008.8=2008.8,93_2009.2=2009.2,96_2009.5=2009.5,97_2009.6=2009.6,95_2009.4=2009.4,100_2009.9=2009.9,54_2005.3=2005.3,60_2005.9=2005.9,64_2006.3=2006.3,73_2007.2=2007.2,86_2008.5=2008.5,85_2008.4=2008.4,90_2008.9=2008.9,99_2009.8=2009.8,92_2009.1=2009.1,101_2010=2010">
#                        <taxa id="TaxonSet.1" spec="beast.evolution.alignment.TaxonSet">
#                        </taxa>
#                    </trait>
#                    <taxonset idref="TaxonSet.1"/>
#                </tree>
#            </treeIntervals>
#        </distribution>
#        <prior id="rateOmega.prior" name="distribution">
#            <parameter id="rateOmega" lower="0.1" name="x" spec="beast.core.parameter.RealParameter" upper="10.0">0.5</parameter>
#            <Gamma id="Gamma.0" name="distr">
#                <parameter estimate="false" id="rateOmega.alpha" name="alpha" spec="beast.core.parameter.RealParameter">0.1</parameter>
#                <parameter estimate="false" id="rateOmega.beta" name="beta" spec="beast.core.parameter.RealParameter">1.0</parameter>
#            </Gamma>
#        </prior>
#        <prior id="rateMean.prior" name="distribution">
#            <parameter id="rateMean" lower="1.0E-4" name="x" spec="beast.core.parameter.RealParameter" upper="10.0">0.005</parameter>
#            <Gamma id="Gamma.1" name="distr">
#                <parameter estimate="false" id="rateMean.alpha" name="alpha" spec="beast.core.parameter.RealParameter">0.005</parameter>
#                <parameter estimate="false" id="rateMean.beta" name="beta" spec="beast.core.parameter.RealParameter">1.0</parameter>
#            </Gamma>
#        </prior>
#        <prior id="FrequenciesPrior.s:1" name="distribution">
#            <parameter dimension="4" id="freqParameter.s:1" lower="0.0" name="x" spec="beast.core.parameter.RealParameter" upper="1.0">0.25</parameter>
#            <Uniform id="Uniform.3" name="distr"/>
#        </prior>
#        <prior id="GammaShapePrior.s:1" name="distribution">
#            <parameter id="gammaShape.s:1" name="x" spec="beast.core.parameter.RealParameter">1.0</parameter>
#            <Exponential id="Exponential.0" name="distr">
#                <parameter estimate="false" id="RealParameter.0" name="mean" spec="beast.core.parameter.RealParameter">1.0</parameter>
#            </Exponential>
#        </prior>
#        <prior id="KappaPrior.s:1" name="distribution">
#            <parameter id="kappa.s:1" lower="0.0" name="x" spec="beast.core.parameter.RealParameter">2.0</parameter>
#            <LogNormal id="LogNormalDistributionModel.0" name="distr">
#                <parameter estimate="false" id="RealParameter.1" name="M" spec="beast.core.parameter.RealParameter">1.0</parameter>
#                <parameter estimate="false" id="RealParameter.2" name="S" spec="beast.core.parameter.RealParameter">1.25</parameter>
#            </LogNormal>
#        </prior>
#        <prior id="PopSizePrior.t:1" name="distribution" x="@popSize.t:1">
#            <OneOnX id="OneOnX.1" name="distr"/>
#        </prior>
#    </distribution>
#    <distribution id="likelihood" spec="beast.core.util.CompoundDistribution" useThreads="true">
#        <distribution data="@1" id="treeLikelihood.1" spec="beast.evolution.likelihood.ThreadedTreeLikelihood" tree="@Tree.t:1">
#            <siteModel gammaCategoryCount="4" id="SiteModel.s:1" shape="@gammaShape.s:1" spec="beast.evolution.sitemodel.SiteModel">
#                <parameter id="mutationRate.s:1" name="mutationRate" spec="beast.core.parameter.RealParameter">1.0</parameter>
#                <parameter estimate="false" id="proportionInvariant.s:1" lower="0.0" name="proportionInvariant" spec="beast.core.parameter.RealParameter" upper="1.0">0.0</parameter>
#                <substModel id="hky.s:1" kappa="@kappa.s:1" spec="beast.evolution.substitutionmodel.HKY">
#                    <frequencies frequencies="@freqParameter.s:1" id="estimatedFreqs.s:1" spec="beast.evolution.substitutionmodel.Frequencies"/>
#                </substModel>
#            </siteModel>
#            <branchRateModel id="branchRates" numSites="1000" numberOfDiscreteRates="12" rateMean="@rateMean" rateOmega="@rateOmega" spec="beast.evolution.branchratemodel.ARClockModel" tree="@Tree.t:1">
#                <rateCategories dimension="200" id="rateCategories" spec="beast.core.parameter.IntegerParameter">1</rateCategories>
#            </branchRateModel>
#        </distribution>
#    </distribution>
#</input>
#
Sample	posterior	likelihood	prior	treeLikelihood	TreeHeight	rateOmega	rateMean	kappa	mutationRate	gammaShape	popSize	CoalescentConstant	freqParameter.1	freqParameter.2	freqParameter.3	freqParameter.4
0	-41622.290645282475	-41388.257439112116	-234.03320617036022	-41388.257439112116	10.751582664363609	0.5	0.005	2.0	1.0	1.0	0.3	-230.21431273121476	0.25	0.25	0.25	0.25
1000	-22428.95314649295	-21612.85146187048	-816.1016846224705	-21612.85146187048	18.019000233837296	0.9368871767693794	0.02694914687389437	3.1940361545973053	1.0	1.0	3.225661801467735	-806.7612618953817	0.25	0.25	0.25	0.25
2000	-20047.123175877772	-19628.404906782263	-418.7182690955083	-19628.404906782263	16.91739346413909	6.566212641102061	0.025922132000722624	3.1940361545973053	1.0	1.0	23.15971339262775	-400.06451537248614	0.25	0.25	0.25	0.25
3000	-17841.414640496743	-17422.376132111916	-419.03850838482805	-17422.376132111916	15.00478519567669	9.583353801223284	0.022500007556498034	3.1940361545973053	1.0	1.0	17.993857958537745	-397.42401162774024	0.25	0.25	0.25	0.25
4000	-15985.567165988237	-15564.382109387827	-421.18505660041086	-15564.382109387827	18.822361270345535	9.425047060742765	0.015945608353280863	3.1940361545973053	1.0	1.0	20.29921745396661	-399.97247085210023	0.25	0.24435613048170932	0.25	0.25564386951829066
5000	-14707.897667832298	-14288.450938190086	-419.44672964221115	-14288.450938190086	18.822361270345535	9.629354176568302	0.015225789923849382	3.1940361545973053	1.0	1.0	19.15381104229868	-398.11529813044257	0.25	0.24435613048170932	0.25	0.25564386951829066
6000	-13462.624012730737	-13035.755887798034	-426.868124932704	-13035.755887798034	15.807232403786548	9.994897441621857	0.01383284466546942	4.362312586816878	1.0	1.0	19.53878069034732	-404.83958923820455	0.25	0.24435613048170932	0.25	0.25564386951829066
7000	-12570.534754775856	-12137.228985988553	-433.3057687873031	-12137.228985988553	24.42388614202358	9.921455444591782	0.01175464858854983	4.362312586816878	1.0	1.0	29.072285256887078	-411.123989817083	0.25	0.24435613048170932	0.25	0.25564386951829066
8000	-12093.657083078466	-11658.926885794974	-434.7301972834925	-11658.926885794974	25.15286789635608	9.660778265899653	0.010924855392248587	4.362312586816878	1.0	0.6454434098925004	25.11234654821458	-413.40771269655795	0.25	0.24435613048170932	0.25	0.25564386951829066
9000	-11782.659536145851	-11342.84843690093	-439.811099244922	-11342.84843690093	28.09044392389967	9.597661528611633	0.009691360608139892	4.362312586816878	1.0	0.7610453961846856	19.37492884350808	-418.8218485266052	0.2498704705474108	0.24435613048170932	0.25	0.25577339897087986
10000	-11328.460881169969	-10889.368902736327	-439.0919784336428	-10889.368902736327	26.177583762623417	9.802352362158866	0.008864779363735212	4.028310449174317	1.0	0.7610453961846856	26.931731145866245	-417.74098684753	0.24528733540023928	0.24583132113202139	0.25310794449685947	0.25577339897087986
11000	-11007.76625509999	-10562.299055298166	-445.467199801824	-10562.299055298166	28.65661310534142	9.802352362158866	0.008788154340511676	4.60566913395059	1.0	0.7610453961846856	28.290989609426166	-423.90228424550617	0.24528733540023928	0.24583132113202139	0.25310794449685947	0.25577339897087986
12000	-10616.914671460363	-10172.28865413459	-444.6260173257718	-10172.28865413459	27.40894752012457	9.605707820140859	0.008083808338526082	4.60566913395059	1.0	1.162101255108889	25.987072878086213	-423.0437012818182	0.24528733540023928	0.24583132113202139	0.25310794449685947	0.25577339897087986
13000	-10276.536979322966	-9837.177033493519	-439.3599458294465	-9837.177033493519	27.766582438355087	9.577142371875029	0.0074322247609522754	4.60566913395059	1.0	0.8480413790867509	25.062899964317	-418.24341531197354	0.24528733540023928	0.24894428670134328	0.24999497892753758	0.25577339897087986
14000	-10107.960272976346	-9672.003669693713	-435.9566032826331	-9672.003669693713	26.218762223567662	9.823782605672008	0.007327285185780245	4.60566913395059	1.0	0.8480413790867509	23.70745518318875	-414.64040134949903	0.24528733540023928	0.24629902057292177	0.24699308433907513	0.2614205596877638
15000	-10054.33463127284	-9625.392437668455	-428.94219360438547	-9625.392437668455	26.218762223567662	9.983963927164394	0.00801038686429672	4.60566913395059	1.0	1.5965745162270042	24.946580901848186	-406.5624020281642	0.24528733540023928	0.24629902057292177	0.24699308433907513	0.2614205596877638
16000	-9794.946802709543	-9367.149128864958	-427.7976738445849	-9367.149128864958	29.457522821186426	8.296589544876259	0.007280196030518498	4.60566913395059	1.0	1.5965745162270042	22.194653818670997	-407.48459763727675	0.24528733540023928	0.24629902057292177	0.24699308433907513	0.2614205596877638
17000	-9736.983046089696	-9308.157642468761	-428.8254036209353	-9308.157642468761	27.701101198532772	9.295055361641632	0.0069706298377810606	4.60566913395059	1.0	1.5965745162270042	22.040195033114674	-407.46211547339493	0.24528733540023928	0.24629902057292177	0.24699308433907513	0.2614205596877638
18000	-9570.142358410632	-9144.219527237603	-425.92283117303	-9144.219527237603	33.33782117262863	9.450418558955938	0.006493750240853721	3.5087929697677134	1.0	1.5965745162270042	21.404178541911918	-404.82966448621465	0.24528733540023928	0.24629902057292177	0.24699308433907513	0.2614205596877638
19000	-9282.824363251293	-8856.93101856694	-425.8933446843521	-8856.93101856694	33.72475915070807	9.175106843434035	0.006493750240853721	3.5087929697677134	1.0	1.2085256067316885	22.04296876103342	-405.4607396046886	0.24204531961466139	0.24629902057292177	0.25023510012465305	0.2614205596877638
20000	-9149.94837084138	-8719.6875838058	-430.26078703557965	-8719.6875838058	34.51148221120656	8.858061638325996	0.006025762912063528	3.73233987458484	1.0	1.2085256067316885	19.199473441411225	-410.3168030961237	0.2510903471068706	0.24629902057292177	0.24119007263244382	0.2614205596877638
21000	-8996.035924858152	-8574.356743199338	-421.67918165881434	-8574.356743199338	33.022267136320096	9.6377549165578	0.005842549187379734	3.73233987458484	1.0	1.2085256067316885	18.806197032546695	-400.931182366155	0.2510903471068706	0.24629902057292177	0.24119007263244382	0.2614205596877638
22000	-8922.438065165758	-8504.395011603881	-418.0430535618764	-8504.395011603881	34.63458879787982	9.701741686907546	0.005601277201967736	3.73233987458484	1.0	1.2085256067316885	18.899943122910756	-397.2623424908845	0.2510903471068706	0.24629902057292177	0.24119007263244382	0.2614205596877638
23000	-8809.672293663725	-8391.631317526742	-418.04097613698355	-8391.631317526742	36.659500696724514	8.954444957200657	0.005203048442105227	3.73233987458484	1.0	1.2745835056515198	17.641620270220123	-398.1563211761273	0.2510903471068706	0.24629902057292177	0.24119007263244382	0.2614205596877638
24000	-8738.622216402096	-8328.42933366057	-410.19288274152757	-8328.42933366057	34.95454172304876	8.255364359991267	0.005307193599796479	3.73233987458484	1.0	2.1373124628255096	16.658422341406226	-390.255258994967	0.2510903471068706	0.24629902057292177	0.24119007263244382	0.2614205596877638
25000	-8664.281701464744	-8261.869835910884	-402.41186555386076	-8261.869835910884	31.7510308036544	7.736737737377708	0.005583162189611118	3.73233987458484	1.0	2.1373124628255096	16.178864101849957	-383.0297588052923	0.2510903471068706	0.2469520051502517	0.24119007263244382	0.26076757511043386
26000	-8632.346785267508	-8234.038318223238	-398.30846704426983	-8234.038318223238	34.702762726937706	7.510558505412616	0.0052089071756027784	3.73233987458484	1.0	1.7069239225590733	17.16475455622047	-379.61989147018176	0.2510903471068706	0.2469520051502517	0.24119007263244382	0.26076757511043386
27000	-8526.058503456778	-8129.696628678717	-396.3618747780609	-8129.696628678717	35.18449407088548	5.8262256197440605	0.0052002871811595965	3.9375049806636433	1.0	1.7069239225590733	13.878107190743718	-379.7350946527705	0.252784902808408	0.2469520051502517	0.23949551693090645	0.26076757511043386
28000	-8384.942710668622	-7984.052971028669	-400.8897396399527	-7984.052971028669	35.18449407088548	7.6073360510031955	0.005140568498267799	3.9375049806636433	1.0	1.7069239225590733	16.1746000581985	-382.1002023876695	0.252784902808408	0.2469520051502517	0.23949551693090645	0.26076757511043386
29000	-8354.291132942637	-7957.84408675353	-396.4470461891074	-7957.84408675353	33.415963604287775	8.829541144172556	0.0056543771675649146	4.109187880526205	1.0	1.7069239225590733	16.238332410242688	-376.1485944175111	0.252784902808408	0.2469520051502517	0.23295590299260774	0.2673071890487326
30000	-8319.518268433087	-7924.606834620895	-394.9114338121925	-7924.606834620895	31.897334712496615	9.994728268893002	0.005648261360788409	4.109187880526205	1.0	2.060639883400012	14.86565240021388	-373.0719238926637	0.252784902808408	0.2469520051502517	0.23295590299260774	0.2673071890487326
31000	-8320.251426679937	-7925.964925097992	-394.2865015819448	-7925.964925097992	33.991943858604756	9.637933368282896	0.005677369742837174	4.109187880526205	1.0	2.060639883400012	14.78737455246949	-372.8366384444651	0.252784902808408	0.2469520051502517	0.23247216818629532	0.267790923855045
32000	-8188.826538221151	-7794.947908220623	-393.87863000052886	-7794.947908220623	32.68506095193928	9.22868709386404	0.005206195382692212	4.109187880526205	1.0	3.050329073179323	14.597736248212874	-371.98695884380635	0.252784902808408	0.2512915218341679	0.22813265150237907	0.267790923855045
33000	-8172.959390886266	-7778.088579490718	-394.8708113955484	-7778.088579490718	33.4866284454471	9.211124453536527	0.0053252605826818325	3.8567780983154316	1.0	3.050329073179323	15.834777767118439	-372.9733292961708	0.252784902808408	0.2512915218341679	0.22813265150237907	0.267790923855045
34000	-8098.810692148799	-7709.3811408294105	-389.429551319388	-7709.3811408294105	33.77157704550322	9.675861325068212	0.0054923770639961995	3.8567780983154316	1.0	3.050329073179323	13.476684398638458	-367.15336767322617	0.2507650373830198	0.2533113872595561	0.2227717936240443	0.2731517817333798
35000	-8078.4635576689025	-7697.587815595085	-380.87574207381715	-7697.587815595085	34.68827383521923	9.615840868137301	0.005381057685132341	3.8567780983154316	1.0	3.050329073179323	13.076690478049418	-358.7157940218069	0.2507650373830198	0.2533113872595561	0.2227717936240443	0.2731517817333798
36000	-8035.807352067261	-7651.518043123229	-384.28930894403146	-7651.518043123229	34.43690610086225	9.764868810184256	0.005557352464756423	3.8567780983154316	1.0	3.7012078832164668	12.686504341597951	-361.31365330443924	0.2507650373830198	0.2533113872595561	0.2227717936240443	0.2731517817333798
37000	-8009.1761668735035	-7630.827369604003	-378.34879726949987	-7630.827369604003	39.30134206775959	9.718969575624767	0.005557352464756423	3.8567780983154316	1.0	3.7012078832164668	15.310751003189587	-355.23526475575346	0.2507650373830198	0.2533113872595561	0.2227717936240443	0.2731517817333798
38000	-7987.877727487013	-7617.882665165486	-369.9950623215264	-7617.882665165486	36.65430752011916	8.40846865912231	0.005518464590990718	3.8567780983154316	1.0	3.7012078832164668	13.270141315615831	-348.4724516244807	0.2507650373830198	0.259315183590623	0.2170524022074516	0.2728673768189056
39000	-7999.063209832853	-7628.114917881996	-370.9482919508571	-7628.114917881996	33.3834873560023	7.992960373182898	0.005665887606992672	3.8567780983154316	1.0	4.284831531555801	11.817965365280836	-349.39269237982467	0.2507650373830198	0.259315183590623	0.2170524022074516	0.2728673768189056
40000	-7994.706555876308	-7620.753810523185	-373.952745353123	-7620.753810523185	33.12913454830817	8.24185173036549	0.0050978617887192604	3.8567780983154316	1.0	3.9777493748172454	13.086182766156487	-352.43148524701866	0.2507650373830198	0.259315183590623	0.2170524022074516	0.2728673768189056
41000	-7937.743609695248	-7567.990992656217	-369.75261703903135	-7567.990992656217	30.457328644845198	9.261062464571216	0.005306039075703073	3.8567780983154316	1.0	3.9777493748172454	11.987511415471023	-347.15487088628646	0.2507650373830198	0.259315183590623	0.2170524022074516	0.2728673768189056
42000	-7876.04351645263	-7507.296414511721	-368.74710194090875	-7507.296414511721	28.130924269801483	9.576315954674598	0.005839508073616965	3.8567780983154316	1.0	3.9777493748172454	13.78281318911449	-345.5685631273841	0.2507650373830198	0.259315183590623	0.2170524022074516	0.2728673768189056
43000	-7868.367205941607	-7507.137950743947	-361.22925519766017	-7507.137950743947	30.552103992869625	9.764703259957027	0.005477420437964026	3.8567780983154316	1.0	3.9777493748172454	10.536242479921894	-338.1774517212832	0.2535912802547957	0.259315183590623	0.21422615933567568	0.2728673768189056
44000	-7868.457365438324	-7503.719387259853	-364.7379781784716	-7503.719387259853	26.709504991924618	9.87616709105362	0.005586517759536621	3.8567780983154316	1.0	2.9394315073700987	10.567383215031386	-342.58012985915747	0.2535912802547957	0.2642890231964782	0.2092523197298205	0.2728673768189056
45000	-7782.466799662189	-7422.454303087018	-360.01249657517127	-7422.454303087018	28.132767322147345	9.337368410414587	0.005457669525576831	3.8567780983154316	1.0	6.349566370047862	10.273963236623098	-335.0853079083815	0.24082070884876863	0.2642890231964782	0.20237110318480797	0.29251916476994516
46000	-7776.72818298601	-7419.05943355804	-357.66874942797017	-7419.05943355804	30.085061461280432	7.283318763689074	0.005674063304599618	3.8567780983154316	1.0	7.425264264542893	8.983721425529122	-334.0387996036847	0.22643039273597865	0.2642890231964782	0.21676141929759796	0.29251916476994516
47000	-7750.710153244015	-7392.800120695286	-357.9100325487286	-7392.800120695286	29.557090073763366	7.559423604188629	0.005508757509440825	3.8567780983154316	1.0	3.589383305223842	11.276468034025855	-337.6086513588547	0.22643039273597865	0.2642890231964782	0.21676141929759796	0.29251916476994516
48000	-7742.6787088800265	-7383.926430245391	-358.7522786346355	-7383.926430245391	28.46871271700094	8.594612374345154	0.005376720638911637	3.8567780983154316	1.0	3.589383305223842	11.358378744955807	-337.317235725423	0.22643039273597865	0.2642890231964782	0.21107893449286783	0.29820164957467526
49000	-7727.806870284751	-7371.392307814767	-356.41456246998405	-7371.392307814767	25.941271849435893	7.624843246583413	0.00515593167579724	3.8567780983154316	1.0	3.589383305223842	11.340937521587334	-336.1005187467202	0.22643039273597865	0.2642890231964782	0.21107893449286783	0.29820164957467526
50000	-7732.650049828723	-7367.68277368967	-364.96727613905307	-7367.68277368967	27.548996070176607	9.729124630955086	0.005620503476208682	3.8567780983154316	1.0	3.589383305223842	10.840616306573217	-342.28842258782794	0.2263651500883609	0.26435426584409594	0.21107893449286783	0.29820164957467526
51000	-7708.024276505649	-7350.313294140197	-357.710982365452	-7350.313294140197	28.136113882623636	9.729124630955086	0.005587666984748753	3.5439003868265453	1.0	3.589383305223842	10.165398118317789	-335.20355795003513	0.20928802571376037	0.28143139021869645	0.21107893449286783	0.29820164957467526
52000	-7699.665835946014	-7335.126138164615	-364.53969778139844	-7335.126138164615	27.725376390310593	9.795663463847921	0.006070137013416065	3.5439003868265453	1.0	8.573107320016172	9.985140808983777	-336.9108800837845	0.20928802571376037	0.28143139021869645	0.21107893449286783	0.29820164957467526
53000	-7704.571817660949	-7345.753643774222	-358.81817388672715	-7345.753643774222	29.633187361867265	7.3827379725632545	0.0056792852165303345	3.5439003868265453	1.0	8.573107320016172	10.629700441189502	-333.86085729871104	0.20928802571376037	0.28143139021869645	0.21107893449286783	0.29820164957467526
54000	-7684.767278375439	-7329.456703849089	-355.3105745263499	-7329.456703849089	32.43669239086548	9.986896788750103	0.006117608016929382	3.7125403626343134	1.0	8.573107320016172	9.54045942880037	-327.45580944683644	0.20928802571376037	0.28143139021869645	0.21107893449286783	0.29820164957467526
55000	-7687.598458134806	-7331.801152447689	-355.79730568711716	-7331.801152447689	30.83160902063661	9.912895446691207	0.006152988071201405	3.7125403626343134	1.0	8.573107320016172	10.728706424973398	-327.90008108644616	0.20928802571376037	0.28143139021869645	0.21107893449286783	0.29820164957467526
56000	-7689.303256703193	-7340.976843522382	-348.32641318081073	-7340.976843522382	26.970692516324917	9.415367623749596	0.006105954373244849	3.7125403626343134	1.0	4.682521385197271	8.829257423792827	-325.0661804349532	0.20928802571376037	0.2899536198779871	0.20255670483357716	0.29820164957467526
57000	-7666.612203739491	-7317.508279975246	-349.1039237642448	-7317.508279975246	26.173885705265988	9.707075681127218	0.006069603819875269	3.7125403626343134	1.0	4.682521385197271	10.121867011092073	-325.3938726466125	0.20928802571376037	0.2899536198779871	0.20255670483357716	0.29820164957467526
58000	-7643.87439087768	-7297.189980843328	-346.6844100343517	-7297.189980843328	26.015500797896944	9.539179106411945	0.00632180433897529	3.7125403626343134	1.0	4.682521385197271	9.064660665846661	-323.2275131152426	0.20928802571376037	0.27160612789992744	0.20255670483357716	0.31654914155273495
59000	-7628.158251057503	-7282.135548005609	-346.02270305189336	-7282.135548005609	27.784988851732102	9.326667535779787	0.005913894366235813	3.5966743424318484	1.0	4.261957922999628	7.826833321360403	-323.4704682831231	0.20928802571376037	0.26269565495264585	0.20255670483357716	0.32545961450001654
60000	-7635.021081181625	-7290.604320217401	-344.41676096422316	-7290.604320217401	27.16490724001688	8.170875313149494	0.005686263916915182	3.5966743424318484	1.0	4.261957922999628	9.540673803846081	-322.9806663719194	0.20928802571376037	0.26269565495264585	0.20255670483357716	0.32545961450001654
61000	-7640.6662985082685	-7295.330666645411	-345.33563186285784	-7295.330666645411	28.600794788459364	8.780907639757434	0.00597504959116518	3.5966743424318484	1.0	5.6822480400781625	8.896415027798149	-321.82474712465444	0.20928802571376037	0.26269565495264585	0.20255670483357716	0.32545961450001654
62000	-7587.669952875535	-7246.385861436106	-341.2840914394288	-7246.385861436106	28.600794788459364	8.876110527589661	0.005578364499000748	3.5966743424318484	1.0	5.6822480400781625	8.744218746901684	-317.75430409034664	0.20928802571376037	0.27385511034530635	0.1704772969059557	0.34637956703497746
63000	-7590.061170979995	-7249.435948924603	-340.6252220553927	-7249.435948924603	26.19946068675538	9.54258837188365	0.006042685473805339	3.5966743424318484	1.0	4.4905862905953935	9.677933287072245	-317.3739843740015	0.20928802571376037	0.27385511034530635	0.1704772969059557	0.34637956703497746
64000	-7591.8884881383065	-7254.184986320288	-337.7035018180186	-7254.184986320288	31.016359754635364	9.117511085804448	0.006042685473805339	3.5966743424318484	1.0	4.4905862905953935	8.741930180658883	-315.0200699042416	0.20928802571376037	0.27385511034530635	0.1704772969059557	0.34637956703497746
65000	-7580.096219575831	-7238.095330356028	-342.00088921980284	-7238.095330356028	27.217308563570437	7.917657153073908	0.005578060169606706	3.3409712478999083	1.0	4.4905862905953935	9.851181772589294	-320.6901379903125	0.20928802571376037	0.27385511034530635	0.16849767609336633	0.3483591878475668
66000	-7587.271237159516	-7242.337404980549	-344.9338321789677	-7242.337404980549	27.453842734620242	9.678928351126261	0.005893454529371348	3.3409712478999083	1.0	4.4905862905953935	9.766305049298579	-321.6346510744638	0.20928802571376037	0.27385511034530635	0.16849767609336633	0.3483591878475668
67000	-7578.415569547496	-7240.844578830841	-337.5709907166548	-7240.844578830841	26.148096387936206	8.827782551260906	0.005893454529371348	3.3409712478999083	1.0	4.4905862905953935	8.59332347217552	-315.333750649836	0.20928802571376037	0.27385511034530635	0.16849767609336633	0.3483591878475668
68000	-7569.918938503051	-7234.56229602352	-335.3566424795314	-7234.56229602352	24.219343018935717	8.085319644402981	0.005929737832844918	3.3409712478999083	1.0	4.4905862905953935	9.609416666561595	-313.82303254277747	0.20928802571376037	0.27385511034530635	0.16849767609336633	0.3483591878475668
69000	-7565.640710650071	-7233.312204103677	-332.32850654639384	-7233.312204103677	26.914672718817073	8.064160979851108	0.005616449707967118	3.3409712478999083	1.0	4.4905862905953935	7.8924393644261475	-311.0695740031778	0.20928802571376037	0.27385511034530635	0.16849767609336633	0.3483591878475668
70000	-7559.483086046251	-7228.431074786204	-331.0520112600471	-7228.431074786204	25.558726293409162	7.902207995963699	0.005585974499016829	3.3409712478999083	1.0	4.4905862905953935	8.342174173302235	-309.92331590750365	0.20928802571376037	0.27385511034530635	0.16849767609336633	0.3483591878475668
71000	-7556.9770961502945	-7221.485304643318	-335.49179150697654	-7221.485304643318	25.696728594743647	8.977726585978193	0.005847175917776682	3.3409712478999083	1.0	3.9440363547823134	8.44556463692088	-313.661233345879	0.219113683980394	0.27385511034530635	0.1586720178267327	0.3483591878475668
72000	-7559.836929807275	-7223.607711669402	-336.22921813787246	-7223.607711669402	27.026758430251206	9.157234120217765	0.005774409188684211	3.3409712478999083	1.0	7.866879664328814	7.902502928042621	-310.35748626223983	0.219113683980394	0.2784177992910756	0.15410932888096351	0.3483591878475668
73000	-7582.156726356266	-7247.305901088524	-334.85082526774204	-7247.305901088524	23.674640147429017	7.422545947209433	0.005913152398347057	3.3409712478999083	1.0	7.866879664328814	6.8752166634990015	-311.01829462867306	0.219113683980394	0.2784177992910756	0.15410932888096351	0.3483591878475668
74000	-7580.28714283133	-7242.837890188689	-337.4492526426415	-7242.837890188689	26.114460878757974	7.701574524614174	0.005810802882409474	3.3409712478999083	1.0	7.866879664328814	7.4032552217206264	-313.2479597659131	0.219113683980394	0.2784177992910756	0.15410932888096351	0.3483591878475668
75000	-7583.585584051835	-7244.171282613199	-339.414301438636	-7244.171282613199	26.44939620778625	8.200162563390858	0.00577397945088797	3.3409712478999083	1.0	9.406696110280215	7.935217618574737	-313.0551190942703	0.219113683980394	0.2784177992910756	0.15410932888096351	0.3483591878475668
76000	-7580.797062223915	-7240.596929690232	-340.200132533683	-7240.596929690232	26.625649129383657	7.430587801156331	0.005600357317682036	3.0603844036372	1.0	9.406696110280215	6.761316243946132	-314.9867028038829	0.2076760989475885	0.2784177992910756	0.165546913913769	0.3483591878475668
77000	-7568.329986622145	-7226.392017643425	-341.93796897872005	-7226.392017643425	25.77605978155713	8.855894799910182	0.005716362426396491	3.0242258124355534	1.0	9.406696110280215	9.721184489718604	-314.77043798500796	0.2076760989475885	0.2784177992910756	0.165546913913769	0.3483591878475668
78000	-7571.578036490268	-7234.170767537212	-337.4072689530555	-7234.170767537212	24.171181659351642	6.631484403304538	0.005933446436128248	3.2867095631464545	1.0	9.743728612022123	7.790243024257486	-312.48044720630463	0.2076760989475885	0.2784177992910756	0.165546913913769	0.3483591878475668
79000	-7567.019120194019	-7232.0670374857045	-334.95208270831466	-7232.0670374857045	25.260460284718352	8.507236458503478	0.005936086874964967	3.2867095631464545	1.0	9.743728612022123	7.790941306805534	-307.9247943181623	0.2076760989475885	0.2784177992910756	0.165546913913769	0.3483591878475668
80000	-7565.371542778505	-7233.397750742343	-331.9737920361617	-7233.397750742343	24.931276984555765	8.717607962570389	0.006237515675963243	3.2867095631464545	1.0	7.732816234811053	8.55981020045391	-306.58135762585226	0.2076760989475885	0.2784177992910756	0.165546913913769	0.3483591878475668
81000	-7574.552244267256	-7241.8909612686375	-332.66128299861873	-7241.8909612686375	24.635101929895317	9.295275958040678	0.0062080590397448395	3.2867095631464545	1.0	7.732816234811053	8.645034586055518	-306.62826767647795	0.2076760989475885	0.2784177992910756	0.165546913913769	0.3483591878475668
82000	-7559.457463915271	-7217.298333718154	-342.1591301971169	-7217.298333718154	22.733893985731058	9.295275958040678	0.005626679576291708	3.2867095631464545	1.0	7.732816234811053	11.580034919656601	-315.93223604086353	0.19936636325873264	0.2867275349799315	0.165546913913769	0.3483591878475668
83000	-7549.590799078075	-7212.756782902028	-336.834016176047	-7212.756782902028	25.35607715623525	9.55866946266696	0.006333802742966117	3.2867095631464545	1.0	7.947236460405696	9.714282049190432	-310.16134906437287	0.19936636325873264	0.2867275349799315	0.165546913913769	0.3483591878475668
84000	-7546.229736633083	-7211.3429887110215	-334.88674792206126	-7211.3429887110215	24.95682663430742	9.867030572380472	0.006107643337258738	3.2867095631464545	1.0	4.348171120034807	8.13561707960869	-311.68995942662207	0.19936636325873264	0.2867275349799315	0.165546913913769	0.3483591878475668
85000	-7560.207810045695	-7224.355348368586	-335.85246167710784	-7224.355348368586	26.364731933647835	9.122611202377424	0.005881367952847261	3.2867095631464545	1.0	4.348171120034807	6.845673240430782	-313.6811150533953	0.19936636325873264	0.2867275349799315	0.165546913913769	0.3483591878475668
86000	-7558.845471147081	-7217.666720155075	-341.17875099200603	-7217.666720155075	26.260657138423795	9.278258957287884	0.00568512515893862	3.2867095631464545	1.0	4.348171120034807	9.192314203615046	-318.5757424450867	0.19936636325873264	0.2867275349799315	0.165546913913769	0.3483591878475668
87000	-7551.308626278577	-7215.899970339912	-335.40865593866477	-7215.899970339912	28.15303873066879	7.938507933503883	0.005865587620771538	3.304493885374319	1.0	4.348171120034807	8.481888684245106	-314.32885144565097	0.19936636325873264	0.2867275349799315	0.165546913913769	0.3483591878475668
88000	-7542.149376577675	-7208.639325072153	-333.5100515055223	-7208.639325072153	26.44141002389334	8.857034942832637	0.005846408575614839	3.304493885374319	1.0	4.564211090901108	7.011540170172915	-311.3907956688781	0.2036605333238117	0.2867275349799315	0.16125274384868993	0.3483591878475668
89000	-7526.307691319802	-7194.363034493166	-331.9446568266353	-7194.363034493166	24.793615186269214	7.719201254746221	0.005799778046147315	3.304493885374319	1.0	4.564211090901108	7.902494051637458	-310.97537919114313	0.20242432044652328	0.2879637478572199	0.15492789679009608	0.3546840349061607
90000	-7523.539578636495	-7192.7495777500835	-330.79000088641124	-7192.7495777500835	25.150967157223914	9.428231860870035	0.005869160510123369	3.304493885374319	1.0	4.564211090901108	7.925581011715648	-307.9168756276131	0.20242432044652328	0.2879637478572199	0.15492789679009608	0.3546840349061607
91000	-7534.902060561812	-7205.725186221794	-329.17687434001806	-7205.725186221794	24.5242362672954	7.884120135705535	0.005984925913607726	3.304493885374319	1.0	4.564211090901108	7.786687835868684	-308.0069625508351	0.20242432044652328	0.2879637478572199	0.15492789679009608	0.3546840349061607
92000	-7508.6386354799215	-7180.164671975233	-328.47396350468813	-7180.164671975233	24.80746183380664	8.002396873351111	0.006107844632100715	3.304493885374319	1.0	4.564211090901108	8.853917867238962	-307.02357781811577	0.1811538184598157	0.2879637478572199	0.15492789679009608	0.3759545368928683
93000	-7511.670273556478	-7185.362565724757	-326.307707831721	-7185.362565724757	24.49087166616893	6.528598414797368	0.0060754152582135675	2.7093095717507696	1.0	4.630036460598508	8.316686491992215	-306.7272041157903	0.1811538184598157	0.2879637478572199	0.15492789679009608	0.3759545368928683
94000	-7517.511527843742	-7190.603902045765	-326.90762579797735	-7190.603902045765	26.19202377737873	7.2814064351539765	0.006035484426466602	2.7093095717507696	1.0	4.630036460598508	7.826078397676812	-306.5434990412186	0.1811538184598157	0.2879637478572199	0.15492789679009608	0.3759545368928683
95000	-7515.587884110388	-7187.033755510454	-328.5541285999332	-7187.033755510454	24.357941692670384	8.470209353282826	0.006131175356419507	2.7093095717507696	1.0	5.570852350087488	8.162847779397277	-305.8663960167163	0.1811538184598157	0.2879637478572199	0.15492789679009608	0.3759545368928683
96000	-7514.192343635847	-7185.597391466051	-328.59495216979536	-7185.597391466051	26.852656129654907	8.186613448846305	0.00599106154496401	2.7093095717507696	1.0	5.2444107352921145	8.49579625774832	-306.53107052200403	0.1811538184598157	0.2879637478572199	0.15492789679009608	0.3759545368928683
97000	-7511.941945890737	-7184.299272769923	-327.6426731208142	-7184.299272769923	27.706947893993373	8.376917704310792	0.006111049927778263	2.7093095717507696	1.0	5.2444107352921145	7.507631398012051	-305.47160611392644	0.1811538184598157	0.2879637478572199	0.15492789679009608	0.3759545368928683
98000	-7506.245957473662	-7179.431697127746	-326.8142603459164	-7179.431697127746	26.15004797676001	9.470071147722875	0.005964655142505512	2.7093095717507696	1.0	5.2444107352921145	6.847310604661119	-303.5559857193896	0.1811538184598157	0.26582011030315106	0.15492789679009608	0.3980981744469371
99000	-7485.657649564954	-7160.9265546082	-324.7310949567545	-7160.9265546082	27.857712711274345	8.695920544361183	0.0057930342530798165	2.7093095717507696	1.0	5.2444107352921145	8.115124578637806	-302.1830721916203	0.17499512805084355	0.26582011030315106	0.15492789679009608	0.4042568648559093
100000	-7485.19347375099	-7156.596711397666	-328.59676235332466	-7156.596711397666	28.777420961964424	9.33095610076613	0.006217803629853078	2.7093095717507696	1.0	5.011539466888857	6.944142313072434	-305.6681397635633	0.17499512805084355	0.26582011030315106	0.15492789679009608	0.4042568648559093
