#
#model:
#
#<?xml version="1.0" encoding="UTF-8" standalone="no"?><input id="posterior" spec="beast.core.util.CompoundDistribution">
#    <distribution id="prior" spec="beast.core.util.CompoundDistribution">
#        <distribution id="CoalescentConstant.t:1" spec="beast.evolution.tree.coalescent.Coalescent">
#            <populationModel id="ConstantPopulation.t:1" spec="beast.evolution.tree.coalescent.ConstantPopulation">
#                <parameter id="popSize.t:1" name="popSize" spec="beast.core.parameter.RealParameter">0.3</parameter>
#            </populationModel>
#            <treeIntervals id="TreeIntervals.t:1" spec="beast.evolution.tree.coalescent.TreeIntervals">
#                <tree id="Tree.t:1" spec="beast.evolution.tree.Tree">
#                    <trait id="dateTrait.t:1" spec="beast.evolution.tree.TraitSet" traitname="date" value="2_2000.1=2000.1,17_2001.6=2001.6,18_2001.7=2001.7,21_2002=2002,24_2002.3=2002.3,26_2002.5=2002.5,5_2000.4=2000.4,7_2000.6=2000.6,4_2000.3=2000.3,13_2001.2=2001.2,15_2001.4=2001.4,16_2001.5=2001.5,1_2000=2000,8_2000.7=2000.7,3_2000.2=2000.2,12_2001.1=2001.1,22_2002.1=2002.1,32_2003.1=2003.1,28_2002.7=2002.7,43_2004.2=2004.2,46_2004.5=2004.5,55_2005.4=2005.4,63_2006.2=2006.2,65_2006.4=2006.4,66_2006.5=2006.5,67_2006.6=2006.6,23_2002.2=2002.2,10_2000.9=2000.9,14_2001.3=2001.3,33_2003.2=2003.2,39_2003.8=2003.8,34_2003.3=2003.3,44_2004.3=2004.3,48_2004.7=2004.7,53_2005.2=2005.2,52_2005.1=2005.1,58_2005.7=2005.7,9_2000.8=2000.8,6_2000.5=2000.5,11_2001=2001,25_2002.4=2002.4,20_2001.9=2001.9,47_2004.6=2004.6,36_2003.5=2003.5,45_2004.4=2004.4,50_2004.9=2004.9,42_2004.1=2004.1,51_2005=2005,35_2003.4=2003.4,37_2003.6=2003.6,57_2005.6=2005.6,59_2005.8=2005.8,61_2006=2006,62_2006.1=2006.1,41_2004=2004,40_2003.9=2003.9,49_2004.8=2004.8,74_2007.3=2007.3,77_2007.6=2007.6,68_2006.7=2006.7,70_2006.9=2006.9,81_2008=2008,19_2001.8=2001.8,27_2002.6=2002.6,29_2002.8=2002.8,30_2002.9=2002.9,31_2003=2003,38_2003.7=2003.7,56_2005.5=2005.5,69_2006.8=2006.8,82_2008.1=2008.1,80_2007.9=2007.9,83_2008.2=2008.2,87_2008.6=2008.6,71_2007=2007,75_2007.4=2007.4,72_2007.1=2007.1,91_2009=2009,88_2008.7=2008.7,94_2009.3=2009.3,98_2009.7=2009.7,79_2007.8=2007.8,84_2008.3=2008.3,78_2007.7=2007.7,76_2007.5=2007.5,89_2008.8=2008.8,93_2009.2=2009.2,96_2009.5=2009.5,97_2009.6=2009.6,95_2009.4=2009.4,100_2009.9=2009.9,54_2005.3=2005.3,60_2005.9=2005.9,64_2006.3=2006.3,73_2007.2=2007.2,86_2008.5=2008.5,85_2008.4=2008.4,90_2008.9=2008.9,99_2009.8=2009.8,92_2009.1=2009.1,101_2010=2010">
#                        <taxa id="TaxonSet.1" spec="beast.evolution.alignment.TaxonSet">
#                        </taxa>
#                    </trait>
#                    <taxonset idref="TaxonSet.1"/>
#                </tree>
#            </treeIntervals>
#        </distribution>
#        <prior id="rateOmega.prior" name="distribution">
#            <parameter id="rateOmega" lower="0.1" name="x" spec="beast.core.parameter.RealParameter" upper="10.0">0.5</parameter>
#            <Gamma id="Gamma.0" name="distr">
#                <parameter estimate="false" id="rateOmega.alpha" name="alpha" spec="beast.core.parameter.RealParameter">0.1</parameter>
#                <parameter estimate="false" id="rateOmega.beta" name="beta" spec="beast.core.parameter.RealParameter">1.0</parameter>
#            </Gamma>
#        </prior>
#        <prior id="rateMean.prior" name="distribution">
#            <parameter id="rateMean" lower="1.0E-4" name="x" spec="beast.core.parameter.RealParameter" upper="10.0">0.005</parameter>
#            <Gamma id="Gamma.1" name="distr">
#                <parameter estimate="false" id="rateMean.alpha" name="alpha" spec="beast.core.parameter.RealParameter">0.005</parameter>
#                <parameter estimate="false" id="rateMean.beta" name="beta" spec="beast.core.parameter.RealParameter">1.0</parameter>
#            </Gamma>
#        </prior>
#        <prior id="FrequenciesPrior.s:1" name="distribution">
#            <parameter dimension="4" id="freqParameter.s:1" lower="0.0" name="x" spec="beast.core.parameter.RealParameter" upper="1.0">0.25</parameter>
#            <Uniform id="Uniform.3" name="distr"/>
#        </prior>
#        <prior id="GammaShapePrior.s:1" name="distribution">
#            <parameter id="gammaShape.s:1" name="x" spec="beast.core.parameter.RealParameter">1.0</parameter>
#            <Exponential id="Exponential.0" name="distr">
#                <parameter estimate="false" id="RealParameter.0" name="mean" spec="beast.core.parameter.RealParameter">1.0</parameter>
#            </Exponential>
#        </prior>
#        <prior id="KappaPrior.s:1" name="distribution">
#            <parameter id="kappa.s:1" lower="0.0" name="x" spec="beast.core.parameter.RealParameter">2.0</parameter>
#            <LogNormal id="LogNormalDistributionModel.0" name="distr">
#                <parameter estimate="false" id="RealParameter.1" name="M" spec="beast.core.parameter.RealParameter">1.0</parameter>
#                <parameter estimate="false" id="RealParameter.2" name="S" spec="beast.core.parameter.RealParameter">1.25</parameter>
#            </LogNormal>
#        </prior>
#        <prior id="PopSizePrior.t:1" name="distribution" x="@popSize.t:1">
#            <OneOnX id="OneOnX.1" name="distr"/>
#        </prior>
#    </distribution>
#    <distribution id="likelihood" spec="beast.core.util.CompoundDistribution" useThreads="true">
#        <distribution data="@1" id="treeLikelihood.1" spec="beast.evolution.likelihood.ThreadedTreeLikelihood" tree="@Tree.t:1">
#            <siteModel gammaCategoryCount="4" id="SiteModel.s:1" shape="@gammaShape.s:1" spec="beast.evolution.sitemodel.SiteModel">
#                <parameter id="mutationRate.s:1" name="mutationRate" spec="beast.core.parameter.RealParameter">1.0</parameter>
#                <parameter estimate="false" id="proportionInvariant.s:1" lower="0.0" name="proportionInvariant" spec="beast.core.parameter.RealParameter" upper="1.0">0.0</parameter>
#                <substModel id="hky.s:1" kappa="@kappa.s:1" spec="beast.evolution.substitutionmodel.HKY">
#                    <frequencies frequencies="@freqParameter.s:1" id="estimatedFreqs.s:1" spec="beast.evolution.substitutionmodel.Frequencies"/>
#                </substModel>
#            </siteModel>
#            <branchRateModel id="branchRates" numSites="1000" numberOfDiscreteRates="12" rateMean="@rateMean" rateOmega="@rateOmega" spec="beast.evolution.branchratemodel.ARClockModel" tree="@Tree.t:1">
#                <rateCategories dimension="200" id="rateCategories" spec="beast.core.parameter.IntegerParameter">1</rateCategories>
#            </branchRateModel>
#        </distribution>
#    </distribution>
#</input>
#
Sample	posterior	likelihood	prior	treeLikelihood	TreeHeight	rateOmega	rateMean	kappa	mutationRate	gammaShape	popSize	CoalescentConstant	freqParameter.1	freqParameter.2	freqParameter.3	freqParameter.4
0	-22319.935701890845	-22085.902495720486	-234.03320617036022	-22085.902495720486	10.751582664363609	0.5	0.005	2.0	1.0	1.0	0.3	-230.21431273121476	0.25	0.25	0.25	0.25
1000	-14359.241146609884	-14008.492966605365	-350.748180004519	-14008.492966605365	11.492224136290977	0.5284469632044129	0.048374002076148885	2.0	1.0	1.0	1.6902819388545198	-342.8206195527176	0.24521919259014663	0.25	0.25	0.25478080740985337
2000	-12773.890844599826	-12477.867421774485	-296.0234228253406	-12477.867421774485	11.258454953796974	4.563415311048312	0.04299230790737798	2.0	1.0	1.0	6.928202100963069	-280.832626589665	0.24521919259014663	0.25	0.25	0.25478080740985337
3000	-11257.84628453675	-10958.571967910813	-299.2743166259367	-10958.571967910813	12.687841886861484	7.155986589934312	0.024563086940037778	2.0	1.0	1.0	6.74084549480251	-281.68888068085823	0.24521919259014663	0.25	0.25	0.25478080740985337
4000	-10396.920821459982	-10077.603778380084	-319.3170430798982	-10077.603778380084	13.203958218313396	9.209372037318749	0.021366618724409005	2.1914417313446055	1.0	1.0	7.706568120601473	-299.38306893527215	0.24001723553494345	0.2552019570552032	0.25	0.25478080740985337
5000	-9496.31511907197	-9168.776059188696	-327.5390598832733	-9168.776059188696	14.355443172879857	9.511719310976696	0.016286461694743928	4.345131502262903	1.0	1.0	8.300355153295875	-306.7346107071801	0.24001723553494345	0.2552019570552032	0.25	0.25478080740985337
6000	-9126.095613278469	-8792.547931541692	-333.54768173677627	-8792.547931541692	15.369841209662157	9.921741839101264	0.01395519444418392	4.345131502262903	1.0	1.0	10.00350387471853	-312.26463070343505	0.24001723553494345	0.2552019570552032	0.25	0.25478080740985337
7000	-8828.046199540806	-8496.703192521863	-331.3430070189428	-8496.703192521863	15.752675068987475	9.784398639629787	0.01264242483456787	4.345131502262903	1.0	1.0	7.729556838566253	-310.56734088460206	0.24001723553494345	0.26317729519772415	0.2420246618574791	0.25478080740985337
8000	-8569.095895489527	-8240.366398286695	-328.7294972028324	-8240.366398286695	15.300239720057746	9.975899977811165	0.012255115560118764	4.345131502262903	1.0	1.0	7.248136157924589	-307.8405386680333	0.23179327923057255	0.26317729519772415	0.25024861816184996	0.25478080740985337
9000	-8498.513741000286	-8170.018793652468	-328.49494734781763	-8170.018793652468	15.683145530090043	9.975899977811165	0.01254477821383102	4.345131502262903	1.0	1.0	7.391843264646941	-307.562822125197	0.23158202682705398	0.26317729519772415	0.25045987056536856	0.25478080740985337
10000	-8092.0324135361525	-7754.839840778772	-337.1925727573811	-7754.839840778772	15.351204051051623	9.975899977811165	0.012076950002623777	4.345131502262903	1.0	1.0	6.413733564632136	-316.44066672685847	0.23158202682705398	0.26317729519772415	0.25045987056536856	0.25478080740985337
11000	-7905.884824183652	-7574.57971443491	-331.3051097487419	-7574.57971443491	16.042392233034263	9.975899977811165	0.011453456497568617	3.2458694043268883	1.0	1.0	8.097911660109462	-310.7254130286998	0.22614547559982662	0.26465248584803625	0.2544212311422838	0.25478080740985337
12000	-7730.069403663515	-7393.713340773427	-336.35606289008757	-7393.713340773427	16.152423613949864	9.90693225162221	0.010374523950716235	3.2458694043268883	1.0	1.0	8.985117457975383	-315.8471368321765	0.22614547559982662	0.26465248584803625	0.2544212311422838	0.25478080740985337
13000	-7539.810338687436	-7201.905430370974	-337.9049083164624	-7201.905430370974	16.426881446015777	9.897171277409768	0.010055048685832452	3.2458694043268883	1.0	1.0	9.006352373797654	-317.4357112547284	0.22614547559982662	0.26465248584803625	0.2544212311422838	0.25478080740985337
14000	-7394.329636645826	-7050.324402345259	-344.0052343005676	-7050.324402345259	16.439496644301066	9.897171277409768	0.00885619401374292	3.2458694043268883	1.0	0.6420184665009057	8.601279473092221	-324.06755978012706	0.22614547559982662	0.26465248584803625	0.2544212311422838	0.25478080740985337
15000	-7033.725672925768	-6692.263353213766	-341.4623197120015	-6692.263353213766	19.82155062698037	8.641097008535363	0.007996957371576463	3.3945547867463546	1.0	0.6420184665009057	10.039046662499436	-322.8001846369543	0.22614547559982662	0.26465248584803625	0.2544212311422838	0.25478080740985337
16000	-6843.142591281029	-6498.177931308529	-344.96465997250016	-6498.177931308529	19.82155062698037	8.835159074100115	0.007058800447816492	3.3945547867463546	1.0	0.6420184665009057	10.326974377411235	-326.1852972724308	0.22614547559982662	0.26465248584803625	0.2544212311422838	0.25478080740985337
17000	-6741.673622915009	-6395.2830549294	-346.39056798560875	-6395.2830549294	16.311055645373827	9.559097664434436	0.0074674860648861275	3.2709163445902614	1.0	0.6420184665009057	9.423622100513501	-326.89345470967027	0.22614547559982662	0.26465248584803625	0.2544212311422838	0.25478080740985337
18000	-6706.340100805774	-6359.935971971168	-346.4041288346055	-6359.935971971168	17.562079260850226	9.554011630805709	0.0068131245197802885	3.2709163445902614	1.0	0.6420184665009057	9.952174126230805	-326.949912469841	0.22614547559982662	0.26465248584803625	0.2544212311422838	0.25478080740985337
19000	-6662.97453756848	-6315.962941383184	-347.01159618529505	-6315.962941383184	15.733520880778542	9.702736549391037	0.006526784182079327	3.2709163445902614	1.0	0.7154482487238497	9.058805926120074	-327.45838482103443	0.22614547559982662	0.26465248584803625	0.2544212311422838	0.25478080740985337
20000	-6568.916029743966	-6231.756061539897	-337.1599682040686	-6231.756061539897	16.275057817311268	9.702736549391037	0.006276579147270283	3.4793080140472687	1.0	0.7336051921867933	8.948749940791311	-317.5696678614784	0.21900829492044224	0.26465248584803625	0.2544212311422838	0.2619179880892377
21000	-6510.449578351883	-6167.094210625884	-343.3553677259991	-6167.094210625884	17.42693420943253	9.326009100542905	0.006438807542709071	3.200746065390644	1.0	0.7336051921867933	9.738701107933627	-324.16169263439065	0.21900829492044224	0.26465248584803625	0.252705270131129	0.26363394910039256
22000	-6475.610646223054	-6130.903556459665	-344.70708976338864	-6130.903556459665	17.1476497526098	9.893982764160878	0.00663282728367983	3.200746065390644	1.0	0.7336051921867933	8.39146609384404	-325.01139250209457	0.2173612341616658	0.26465248584803625	0.25435233088990544	0.26363394910039256
23000	-6449.831741250713	-6103.594654987727	-346.23708626298594	-6103.594654987727	17.1476497526098	9.843804364705482	0.005877675030022742	3.200746065390644	1.0	0.7737039847672781	9.047624569470978	-326.6017783463238	0.2173612341616658	0.26465248584803625	0.25435233088990544	0.26363394910039256
24000	-6446.366110631125	-6105.014792669005	-341.3513179621193	-6105.014792669005	17.122777604610217	9.32655476637066	0.005786150051825774	3.200746065390644	1.0	0.7737039847672781	9.307751996473515	-322.2692004012422	0.2173612341616658	0.26465248584803625	0.25435233088990544	0.26363394910039256
25000	-6230.8169011275495	-5888.004832962582	-342.8120681649672	-5888.004832962582	19.056298983018507	9.74984940477894	0.0055606449948142535	3.200746065390644	1.0	0.7737039847672781	10.149519591258352	-323.2199094241499	0.2173612341616658	0.26465248584803625	0.25435233088990544	0.26363394910039256
26000	-6168.512346871837	-5836.492627021371	-332.01971985046526	-5836.492627021371	18.92961707241017	9.631892346467675	0.005061699246219106	3.200746065390644	1.0	0.7737039847672781	7.930675325314288	-312.89720201111487	0.2173612341616658	0.26465248584803625	0.25435233088990544	0.26363394910039256
27000	-6134.803095502256	-5800.850871525702	-333.952223976554	-5800.850871525702	20.52068525528751	9.266135475125054	0.005096626440724298	3.200746065390644	1.0	0.7737039847672781	7.849534584330464	-315.2337117972947	0.2173612341616658	0.26465248584803625	0.25435233088990544	0.26363394910039256
28000	-6114.804335515211	-5781.007772683703	-333.79656283150916	-5781.007772683703	19.67128215918315	9.840654811162661	0.005580542186551445	3.200746065390644	1.0	0.7737039847672781	8.173617695546964	-314.3181962026152	0.2173612341616658	0.26465248584803625	0.25435233088990544	0.26363394910039256
29000	-6032.7642468167805	-5695.846420229202	-336.9178265875793	-5695.846420229202	18.84204597214489	9.979036950418255	0.004926510150018779	3.200746065390644	1.0	0.7737039847672781	9.583439283559983	-317.2540708360709	0.21080247755895287	0.2712112424507492	0.25435233088990544	0.26363394910039256
30000	-6019.25659296887	-5682.892879348472	-336.36371362039836	-5682.892879348472	18.27013641360955	9.871532044496922	0.004839479195127199	3.200746065390644	1.0	0.9340341815390968	8.499547919306673	-316.79472616635223	0.20291210608101373	0.2712112424507492	0.2622427023678446	0.26363394910039256
31000	-6017.661391819187	-5677.857407152593	-339.8039846665945	-5677.857407152593	18.244139827878623	9.6446228191211	0.00484778577219185	3.200746065390644	1.0	1.0233920497231648	9.072003994553533	-320.3265827505196	0.20291210608101373	0.2712112424507492	0.2622427023678446	0.26363394910039256
32000	-5999.100389638878	-5663.991026069548	-335.1093635693303	-5663.991026069548	17.264676591299782	9.584696967483199	0.00484778577219185	3.200746065390644	1.0	1.0233920497231648	8.50147831713508	-315.76245012482406	0.20291210608101373	0.2712112424507492	0.26175896756153216	0.264117683906705
33000	-5993.007305531035	-5653.5489936435515	-339.4583118874835	-5653.5489936435515	16.71162836526372	9.898654054645414	0.004610185302043406	3.0035388903703284	1.0	1.8761960825199413	12.220852817310895	-318.6719142895257	0.20291210608101373	0.2712112424507492	0.26175896756153216	0.264117683906705
34000	-5905.15938251	-5574.603196860503	-330.55618564949714	-5574.603196860503	19.20626905506125	9.229718143244467	0.0046169006925025746	2.8190443821555125	1.0	1.8761960825199413	7.819840823574903	-311.01287771861075	0.20291210608101373	0.2712112424507492	0.26175896756153216	0.264117683906705
35000	-5893.352925307926	-5565.428624321674	-327.9243009862519	-5565.428624321674	19.344888632778222	9.79255977755413	0.004893673176800224	2.8190443821555125	1.0	1.6307769591285268	8.717456312224368	-307.84342709080545	0.20291210608101373	0.2712112424507492	0.25740732018171447	0.26846933128652267
36000	-5878.222691990356	-5553.540683819112	-324.68200817124404	-5553.540683819112	19.56448315770331	8.610638227569211	0.004927239632667819	2.8190443821555125	1.0	2.1677905981270085	7.889557626633725	-305.4547564888357	0.20291210608101373	0.2712112424507492	0.25740732018171447	0.26846933128652267
37000	-5866.31475667663	-5541.52644603811	-324.7883106385197	-5541.52644603811	18.367420980873813	9.85243234403849	0.004927239632667819	2.8190443821555125	1.0	2.1677905981270085	8.056531882829258	-304.1770737998433	0.20291210608101373	0.2712112424507492	0.25740732018171447	0.26846933128652267
38000	-5856.0768923765245	-5530.371449984357	-325.70544239216764	-5530.371449984357	19.944747931863848	9.034870656203042	0.004585917840565977	2.8190443821555125	1.0	1.6166337891336542	8.621724041214884	-306.54485726542447	0.20291210608101373	0.2712112424507492	0.25740732018171447	0.26846933128652267
39000	-5840.886951087964	-5518.772610005864	-322.1143410820994	-5518.772610005864	18.695809699844666	9.41927927754962	0.005052196377643926	3.3547540225808055	1.0	2.0740928186104255	8.229207174042486	-301.8364490409055	0.20291210608101373	0.2712112424507492	0.25740732018171447	0.26846933128652267
40000	-5833.096634634986	-5507.2262152750545	-325.87041935993165	-5507.2262152750545	18.312473726753645	8.8034547114772	0.004632019850600505	3.3012681892002136	1.0	2.0740928186104255	7.498265929372069	-306.4671918048375	0.20291210608101373	0.2712112424507492	0.25740732018171447	0.26846933128652267
41000	-5812.489681078768	-5488.090134417287	-324.3995466614804	-5488.090134417287	17.742007066369904	9.602978114209487	0.004920183677475863	3.180500517913419	1.0	2.0740928186104255	7.626947330444819	-304.08266262002815	0.20291210608101373	0.2712112424507492	0.25740732018171447	0.26846933128652267
42000	-5814.689969840362	-5492.605716907119	-322.0842529332433	-5492.605716907119	18.725838668233045	8.977617641113623	0.00503527174631199	3.180500517913419	1.0	2.0740928186104255	7.79852855789245	-302.4079657070603	0.20291210608101373	0.27134107581638206	0.25740732018171447	0.2683394979208898
43000	-5764.608056663671	-5441.092293795851	-323.5157628678195	-5441.092293795851	18.38302618989795	9.700005952700826	0.004622699470774331	3.180500517913419	1.0	2.0740928186104255	8.173294992300518	-303.08597130443934	0.20291210608101373	0.27134107581638206	0.25740732018171447	0.2683394979208898
44000	-5765.896414948157	-5443.171872699203	-322.724542248954	-5443.171872699203	19.233257318501845	9.489659476593268	0.004305358154202998	3.180500517913419	1.0	2.4134287359861855	7.307695102466074	-302.36851710663785	0.20167709668208786	0.27134107581638206	0.25740732018171447	0.2695745073198157
45000	-5759.20140849279	-5438.697372018598	-320.5040364741913	-5438.697372018598	18.321829380446797	9.559301493900387	0.004356633413714873	3.180500517913419	1.0	2.4134287359861855	7.755293011920172	-300.0005095594854	0.20167709668208786	0.27134107581638206	0.25740732018171447	0.2695745073198157
46000	-5755.801038856297	-5427.969678728009	-327.831360128288	-5427.969678728009	20.21860618610206	9.959902654327484	0.004199686376491773	3.180500517913419	1.0	2.4134287359861855	7.969488565451328	-306.899703191109	0.20167709668208786	0.27134107581638206	0.25740732018171447	0.2695745073198157
47000	-5752.2581118325825	-5425.512775684365	-326.74533614821746	-5425.512775684365	21.097175368369296	9.583677965432537	0.004267467050213343	3.593856555492128	1.0	2.4134287359861855	8.099225252051076	-306.05316754504463	0.20167709668208786	0.27134107581638206	0.25740732018171447	0.2695745073198157
48000	-5747.706018842587	-5427.339784929583	-320.36623391300355	-5427.339784929583	21.420656596854464	9.406470960597746	0.004612425358740813	3.593856555492128	1.0	2.030030420403714	7.632703586091764	-300.2331044852035	0.20167709668208786	0.27134107581638206	0.25740732018171447	0.2695745073198157
49000	-5738.943791263838	-5414.458760823142	-324.4850304406953	-5414.458760823142	21.26045297946536	8.168086766463704	0.004247697394489086	3.593856555492128	1.0	2.030030420403714	8.553638210149467	-305.6857470701809	0.20167709668208786	0.27134107581638206	0.253942690531632	0.2730391369698982
50000	-5718.76331671904	-5396.852752208733	-321.9105645103059	-5396.852752208733	19.554342568357093	8.554096270641113	0.0040688862480116736	3.593856555492128	1.0	2.030030420403714	8.183891693044044	-302.7708740567304	0.20167709668208786	0.27134107581638206	0.253942690531632	0.2730391369698982
51000	-5718.7523237797295	-5391.982748641717	-326.7695751380128	-5391.982748641717	20.413640337957336	8.45645659778696	0.004281667780324902	3.593856555492128	1.0	4.008589438623713	8.157848868173208	-305.71155343247943	0.21224049970747916	0.27134107581638206	0.2433792875062407	0.2730391369698982
52000	-5717.15470328025	-5393.137882524745	-324.01682075550485	-5393.137882524745	21.120645378500225	9.189563485045749	0.004106380988187197	3.593856555492128	1.0	4.008589438623713	7.239029802594358	-302.31212789633156	0.21224049970747916	0.27134107581638206	0.2433792875062407	0.2730391369698982
53000	-5704.225051242387	-5387.254297415467	-316.97075382692077	-5387.254297415467	21.212227029594995	9.489775800067724	0.0042720512802971004	3.593856555492128	1.0	4.008589438623713	7.016040203195375	-294.92868505044817	0.21016237904558777	0.27134107581638206	0.24545740816813208	0.2730391369698982
54000	-5682.464695861256	-5362.116663377547	-320.3480324837081	-5362.116663377547	23.17458554373139	8.699465239302555	0.004149510654441561	3.593856555492128	1.0	4.008589438623713	8.01339101839182	-299.07069803593924	0.21016237904558777	0.27134107581638206	0.23130847107319	0.28718807406484026
55000	-5674.492166683585	-5353.025055472036	-321.4671112115491	-5353.025055472036	21.28987229759914	8.797348187835109	0.004372325139684164	3.593856555492128	1.0	1.8205683794196628	7.754166788696214	-302.2504628305849	0.21016237904558777	0.27134107581638206	0.23130847107319	0.28718807406484026
56000	-5674.3650710866295	-5352.119615862095	-322.2454552245344	-5352.119615862095	20.67235711532483	9.626115788252047	0.004443338928763996	3.593856555492128	1.0	1.8205683794196628	8.075730725708711	-302.0622780891065	0.21016237904558777	0.27134107581638206	0.23130847107319	0.28718807406484026
57000	-5682.793344852734	-5361.013579826214	-321.77976502651995	-5361.013579826214	21.940209178834785	9.126563437630614	0.004678771371039671	3.593856555492128	1.0	1.8205683794196628	7.545481909283379	-302.16040943040247	0.21016237904558777	0.27134107581638206	0.23130847107319	0.28718807406484026
58000	-5690.352613301509	-5373.501965916902	-316.85064738460756	-5373.501965916902	21.367029684654824	8.619476478030128	0.004502355137075307	3.593856555492128	1.0	2.1430836027678253	7.627659742626287	-297.49489895564574	0.21016237904558777	0.27134107581638206	0.23130847107319	0.28718807406484026
59000	-5675.292204068783	-5365.3053389260795	-309.98686514270355	-5365.3053389260795	20.178400311700162	9.183562476001073	0.004479740446779265	3.593856555492128	1.0	2.411399717406928	6.664803725619213	-289.881636364558	0.21016237904558777	0.27175885474113814	0.23089069214843394	0.28718807406484026
60000	-5663.480044461197	-5354.032549390706	-309.44749507049147	-5354.032549390706	19.69932457735707	9.76069483895213	0.004695765818987791	3.593856555492128	1.0	2.411399717406928	7.473135531192895	-288.5487295713953	0.21016237904558777	0.27175885474113814	0.23089069214843394	0.28718807406484026
61000	-5663.204708066177	-5352.315848233064	-310.88885983311354	-5352.315848233064	17.498451620501612	9.697449405777588	0.0048949883445167505	3.593856555492128	1.0	2.1388715003115344	5.054395900849707	-290.68123277282405	0.21016237904558777	0.26485292627549056	0.23089069214843394	0.29409400253048784
62000	-5641.867577520855	-5334.3060189824055	-307.56155853844973	-5334.3060189824055	19.23675743451698	9.786884800585355	0.004799682455909979	3.593856555492128	1.0	2.1388715003115344	6.254518109087587	-287.06284718218546	0.21130124568549358	0.27743668476733246	0.2171680670166862	0.29409400253048784
63000	-5635.720845254499	-5329.512406094822	-306.2084391596771	-5329.512406094822	19.23675743451698	9.786884800585355	0.004976099334790967	3.593856555492128	1.0	2.1388715003115344	6.73818496283225	-285.599148816738	0.21130124568549358	0.2867092615299525	0.20789549025406612	0.29409400253048784
64000	-5640.829371695574	-5340.9975132833515	-299.8318584122228	-5340.9975132833515	17.554872881208983	9.790232087428727	0.005464468402391199	3.593856555492128	1.0	2.1388715003115344	5.770845536787108	-279.2802442123857	0.21130124568549358	0.2867092615299525	0.20789549025406612	0.29409400253048784
65000	-5628.0140579055205	-5331.848186537425	-296.1658713680957	-5331.848186537425	17.248490456023898	9.728738554364188	0.00500293789342375	3.593856555492128	1.0	2.1388715003115344	5.837904687447866	-275.7581300413342	0.21130124568549358	0.2867092615299525	0.20789549025406612	0.29409400253048784
66000	-5614.667949517972	-5322.165771145175	-292.50217837279706	-5322.165771145175	16.53369957622323	9.68547143492612	0.0053913592744250045	3.593856555492128	1.0	2.1388715003115344	4.931462394119947	-272.23566529975335	0.21924001062398343	0.30232609165021357	0.1843398951953152	0.29409400253048784
67000	-5623.73225223249	-5327.821233336663	-295.91101889582734	-5327.821233336663	17.698442626278663	9.250999433925143	0.005414797331508502	3.593856555492128	1.0	2.1388715003115344	6.953072051701072	-275.7723959943025	0.21924001062398343	0.30232609165021357	0.1843398951953152	0.29409400253048784
68000	-5627.41054736891	-5327.810545672874	-299.6000016960361	-5327.810545672874	18.816134512176852	9.777242999450607	0.004760725975590785	3.593856555492128	1.0	2.1388715003115344	5.259157322436945	-279.2933003238192	0.21924001062398343	0.30232609165021357	0.1843398951953152	0.29409400253048784
69000	-5621.359308392975	-5325.393474051238	-295.96583434173783	-5325.393474051238	17.749242077959032	9.519762828829696	0.005300038782360094	3.593856555492128	1.0	2.1388715003115344	5.081286712576827	-275.86772156752744	0.21924001062398343	0.30232609165021357	0.1843398951953152	0.29409400253048784
70000	-5623.924826946023	-5328.024107116358	-295.9007198296647	-5328.024107116358	19.026100796311344	9.792399501308896	0.0053697878805712895	3.593856555492128	1.0	2.1388715003115344	5.782840808470698	-275.36214827504614	0.21924001062398343	0.30232609165021357	0.1843398951953152	0.29409400253048784
71000	-5625.028043060365	-5331.177915368439	-293.85012769192633	-5331.177915368439	21.864211282092857	9.416270508938489	0.005554130127937928	3.593856555492128	1.0	2.1388715003115344	4.508575209914981	-273.9380806918199	0.21924001062398343	0.30667532731040076	0.17999065953512802	0.29409400253048784
72000	-5617.808976329904	-5326.258135969541	-291.5508403603629	-5326.258135969541	20.08335184128987	8.79364098448841	0.005192327168292045	3.593856555492128	1.0	2.1388715003115344	5.6147232635589095	-272.1709658272332	0.20499653963289133	0.3209187983014929	0.17999065953512802	0.29409400253048784
73000	-5609.682452649343	-5317.092872602722	-292.5895800466202	-5317.092872602722	20.430820994814212	8.943849185064686	0.005052819441403771	3.593856555492128	1.0	2.1388715003115344	5.122793492259697	-273.16318516047784	0.18756918549753845	0.3209187983014929	0.19213095971871336	0.2993810564822554
74000	-5601.327804098073	-5313.950471101958	-287.3773329961152	-5313.950471101958	19.559073147731272	9.165254336558421	0.005766450003630952	3.593856555492128	1.0	2.1388715003115344	4.610991835483417	-267.6806183231697	0.18756918549753845	0.3209187983014929	0.19213095971871336	0.2993810564822554
75000	-5595.981940132492	-5309.30114900073	-286.68079113176174	-5309.30114900073	18.261048570574896	9.83119803955225	0.005929892786368267	3.593856555492128	1.0	2.1388715003115344	5.272955880811536	-266.09288440334296	0.18756918549753845	0.3209187983014929	0.19213095971871336	0.2993810564822554
76000	-5591.455385672274	-5298.382692409941	-293.0726932623326	-5298.382692409941	18.261048570574896	9.83119803955225	0.005823588474986248	3.593856555492128	1.0	2.1388715003115344	6.322400917424335	-272.321383941079	0.18756918549753845	0.3209187983014929	0.19213095971871336	0.2993810564822554
77000	-5596.690340309554	-5303.614380516406	-293.0759597931482	-5303.614380516406	18.28449932129229	9.916485397014565	0.0063342164111585605	3.593856555492128	1.0	3.0710439852984526	4.7779654670770615	-271.49536100438115	0.18756918549753845	0.3209187983014929	0.19213095971871336	0.2993810564822554
78000	-5594.057600486392	-5304.566608867995	-289.4909916183975	-5304.566608867995	18.869949185752102	9.916485397014565	0.006255182498198319	3.593856555492128	1.0	3.0710439852984526	5.591498164658115	-267.7657324409719	0.18756918549753845	0.3209187983014929	0.19213095971871336	0.2993810564822554
79000	-5566.573767491125	-5273.466012794616	-293.1077546965089	-5273.466012794616	17.926215375598918	9.74786208286523	0.005985652282692451	3.593856555492128	1.0	3.0710439852984526	6.17001411092255	-271.5121947921075	0.18756918549753845	0.3209187983014929	0.174587364059881	0.3169246521410877
80000	-5559.743277080557	-5268.381051536123	-291.3622255444342	-5268.381051536123	16.863491477685958	9.679987709492556	0.006206059534260153	3.593856555492128	1.0	4.031892170575268	6.575933621989986	-268.7800645668365	0.17684995327705005	0.3209187983014929	0.174587364059881	0.32764388436157615
81000	-5552.233222492499	-5266.808874895446	-285.4243475970532	-5266.808874895446	19.60970397867144	9.861401724648818	0.00620256509014282	3.593856555492128	1.0	4.031892170575268	4.086479938597003	-263.1203582051602	0.17684995327705005	0.3209187983014929	0.174587364059881	0.32764388436157615
82000	-5543.171135464435	-5256.607073381145	-286.5640620832903	-5256.607073381145	18.212267032673346	9.913295156724395	0.006191394040808479	3.593856555492128	1.0	2.538064025582711	5.145083882738772	-265.468730866715	0.17684995327705005	0.3178792950216752	0.174587364059881	0.3306833876413938
83000	-5525.044874659914	-5242.0311254721055	-283.01374918780857	-5242.0311254721055	17.816917029268776	9.476253609176153	0.005478476458915598	2.552709921384366	1.0	2.538064025582711	5.129601845894052	-262.8872426199227	0.17684995327705005	0.3178792950216752	0.174587364059881	0.3306833876413938
84000	-5527.82111788538	-5244.745675285041	-283.0754426003387	-5244.745675285041	18.124810258141235	9.7669301385505	0.005246817306051319	2.552709921384366	1.0	2.538064025582711	4.668043336391549	-262.76857672008737	0.17684995327705005	0.3178792950216752	0.174587364059881	0.3306833876413938
85000	-5523.64641273875	-5245.2548817432835	-278.39153099546644	-5245.2548817432835	19.92996611561604	9.354207670493313	0.005352712808075272	2.552709921384366	1.0	2.538064025582711	4.925097770647237	-258.4626539837294	0.17684995327705005	0.3178792950216752	0.174587364059881	0.3306833876413938
86000	-5530.801052230558	-5251.74251591337	-279.0585363171877	-5251.74251591337	19.309757505077044	9.442906885182804	0.005318464050791876	2.552709921384366	1.0	2.538064025582711	6.03433685088944	-258.83576551168585	0.18672154450238734	0.3178792950216752	0.16471577283454372	0.3306833876413938
87000	-5530.208498719912	-5251.289940421547	-278.91855829836527	-5251.289940421547	21.580332982736273	9.860183517884254	0.0053660311520900466	2.552709921384366	1.0	2.538064025582711	5.740067201409903	-258.2806820281253	0.18672154450238734	0.3178792950216752	0.16471577283454372	0.3306833876413938
88000	-5510.575229020056	-5237.0208727441795	-273.5543562758765	-5237.0208727441795	24.55008040055004	9.09348597806023	0.005156063508189055	2.552709921384366	1.0	2.538064025582711	4.331735584298254	-254.07745752594838	0.18672154450238734	0.33776453808259965	0.1448305297736193	0.3306833876413938
89000	-5503.749716831548	-5229.79265790925	-273.95705892229716	-5229.79265790925	20.767177999055463	9.175620463580136	0.005650830609016738	2.552709921384366	1.0	2.538064025582711	4.978574924128445	-254.15909200436286	0.18672154450238734	0.33776453808259965	0.1448305297736193	0.3306833876413938
90000	-5501.780286304493	-5225.1945436890155	-276.58574261547756	-5225.1945436890155	21.492003403353888	9.969983754047377	0.005485797582957943	2.552709921384366	1.0	2.538064025582711	5.062419498825215	-255.93164240562777	0.18672154450238734	0.33776453808259965	0.1448305297736193	0.3306833876413938
91000	-5507.346020485356	-5232.672117166075	-274.67390331928186	-5232.672117166075	17.73816585455579	9.969983754047377	0.006051432089800696	2.552709921384366	1.0	2.538064025582711	4.150107197840689	-254.1203060450691	0.18549842238882394	0.33898766019616305	0.1448305297736193	0.3306833876413938
92000	-5506.964460840029	-5229.286918407963	-277.67754243206537	-5229.286918407963	17.406495089288743	9.722914352738565	0.0061176580653731	2.552709921384366	1.0	2.841427631895126	4.783237488929576	-256.9373554916575	0.18549842238882394	0.33898766019616305	0.1448305297736193	0.3306833876413938
93000	-5506.565413491948	-5231.333936425493	-275.231477066454	-5231.333936425493	16.482415658280303	9.905022265496374	0.006415886205247241	2.552709921384366	1.0	2.841427631895126	4.430602421262376	-254.32140537699675	0.18549842238882394	0.33898766019616305	0.1448305297736193	0.3306833876413938
94000	-5506.919901416556	-5228.214373276982	-278.70552813957426	-5228.214373276982	18.22024221299113	9.87021539736744	0.006028630733265212	2.552709921384366	1.0	2.841427631895126	4.840682785391625	-257.8072445183751	0.18549842238882394	0.33898766019616305	0.1448305297736193	0.3306833876413938
95000	-5509.453914357341	-5234.834880652595	-274.61903370474636	-5234.834880652595	18.422922070111788	9.61364279585342	0.005794708621875861	2.552709921384366	1.0	2.841427631895126	5.153737455061522	-253.9779716756815	0.18549842238882394	0.33898766019616305	0.1448305297736193	0.3306833876413938
96000	-5511.741826465474	-5234.580186874909	-277.1616395905657	-5234.580186874909	18.560416763715597	9.520567707583247	0.005279203807825427	2.681450526675718	1.0	2.841427631895126	4.721755259540373	-256.7551715143718	0.18549842238882394	0.33898766019616305	0.1448305297736193	0.3306833876413938
97000	-5510.2699564057875	-5232.066100344642	-278.2038560611451	-5232.066100344642	18.086505216084984	8.858190705362421	0.005601454867142626	2.143578229893933	1.0	3.9948673936098533	4.659182201436521	-257.53117694879967	0.17545214738436965	0.33898766019616305	0.1448305297736193	0.34072966264584814
98000	-5502.667203552608	-5222.908907975268	-279.7582955773396	-5222.908907975268	21.005211580607266	8.954334162290692	0.005843856587368865	2.143578229893933	1.0	3.9948673936098533	4.205875830117875	-259.03971959217307	0.17545214738436965	0.33898766019616305	0.1448305297736193	0.34072966264584814
99000	-5498.101988977288	-5216.174680592233	-281.9273083850548	-5216.174680592233	24.039653351479952	8.954334162290692	0.005453821196234242	2.143578229893933	1.0	3.9948673936098533	5.381394229543144	-261.03138658022164	0.17545214738436965	0.3313495141338316	0.1448305297736193	0.34836780870817957
100000	-5497.732497275946	-5208.189686361399	-289.5428109145468	-5208.189686361399	21.071293478795	9.888065320065511	0.005613868684351344	2.143578229893933	1.0	3.9948673936098533	5.403094678501096	-267.5909228035188	0.17545214738436965	0.3313495141338316	0.1448305297736193	0.34836780870817957
