#
#model:
#
#<?xml version="1.0" encoding="UTF-8" standalone="no"?><input id="posterior" spec="beast.core.util.CompoundDistribution">
#    <distribution id="prior" spec="beast.core.util.CompoundDistribution">
#        <distribution id="CoalescentConstant.t:1" spec="beast.evolution.tree.coalescent.Coalescent">
#            <populationModel id="ConstantPopulation.t:1" spec="beast.evolution.tree.coalescent.ConstantPopulation">
#                <parameter id="popSize.t:1" name="popSize" spec="beast.core.parameter.RealParameter">0.3</parameter>
#            </populationModel>
#            <treeIntervals id="TreeIntervals.t:1" spec="beast.evolution.tree.coalescent.TreeIntervals">
#                <tree id="Tree.t:1" spec="beast.evolution.tree.Tree">
#                    <trait id="dateTrait.t:1" spec="beast.evolution.tree.TraitSet" traitname="date" value="2_2000.1=2000.1,17_2001.6=2001.6,18_2001.7=2001.7,21_2002=2002,24_2002.3=2002.3,26_2002.5=2002.5,5_2000.4=2000.4,7_2000.6=2000.6,4_2000.3=2000.3,13_2001.2=2001.2,15_2001.4=2001.4,16_2001.5=2001.5,1_2000=2000,8_2000.7=2000.7,3_2000.2=2000.2,12_2001.1=2001.1,22_2002.1=2002.1,32_2003.1=2003.1,28_2002.7=2002.7,43_2004.2=2004.2,46_2004.5=2004.5,55_2005.4=2005.4,63_2006.2=2006.2,65_2006.4=2006.4,66_2006.5=2006.5,67_2006.6=2006.6,23_2002.2=2002.2,10_2000.9=2000.9,14_2001.3=2001.3,33_2003.2=2003.2,39_2003.8=2003.8,34_2003.3=2003.3,44_2004.3=2004.3,48_2004.7=2004.7,53_2005.2=2005.2,52_2005.1=2005.1,58_2005.7=2005.7,9_2000.8=2000.8,6_2000.5=2000.5,11_2001=2001,25_2002.4=2002.4,20_2001.9=2001.9,47_2004.6=2004.6,36_2003.5=2003.5,45_2004.4=2004.4,50_2004.9=2004.9,42_2004.1=2004.1,51_2005=2005,35_2003.4=2003.4,37_2003.6=2003.6,57_2005.6=2005.6,59_2005.8=2005.8,61_2006=2006,62_2006.1=2006.1,41_2004=2004,40_2003.9=2003.9,49_2004.8=2004.8,74_2007.3=2007.3,77_2007.6=2007.6,68_2006.7=2006.7,70_2006.9=2006.9,81_2008=2008,19_2001.8=2001.8,27_2002.6=2002.6,29_2002.8=2002.8,30_2002.9=2002.9,31_2003=2003,38_2003.7=2003.7,56_2005.5=2005.5,69_2006.8=2006.8,82_2008.1=2008.1,80_2007.9=2007.9,83_2008.2=2008.2,87_2008.6=2008.6,71_2007=2007,75_2007.4=2007.4,72_2007.1=2007.1,91_2009=2009,88_2008.7=2008.7,94_2009.3=2009.3,98_2009.7=2009.7,79_2007.8=2007.8,84_2008.3=2008.3,78_2007.7=2007.7,76_2007.5=2007.5,89_2008.8=2008.8,93_2009.2=2009.2,96_2009.5=2009.5,97_2009.6=2009.6,95_2009.4=2009.4,100_2009.9=2009.9,54_2005.3=2005.3,60_2005.9=2005.9,64_2006.3=2006.3,73_2007.2=2007.2,86_2008.5=2008.5,85_2008.4=2008.4,90_2008.9=2008.9,99_2009.8=2009.8,92_2009.1=2009.1,101_2010=2010">
#                        <taxa id="TaxonSet.1" spec="beast.evolution.alignment.TaxonSet">
#                        </taxa>
#                    </trait>
#                    <taxonset idref="TaxonSet.1"/>
#                </tree>
#            </treeIntervals>
#        </distribution>
#        <prior id="rateOmega.prior" name="distribution">
#            <parameter id="rateOmega" lower="0.1" name="x" spec="beast.core.parameter.RealParameter" upper="10.0">0.5</parameter>
#            <Gamma id="Gamma.0" name="distr">
#                <parameter estimate="false" id="rateOmega.alpha" name="alpha" spec="beast.core.parameter.RealParameter">0.1</parameter>
#                <parameter estimate="false" id="rateOmega.beta" name="beta" spec="beast.core.parameter.RealParameter">1.0</parameter>
#            </Gamma>
#        </prior>
#        <prior id="rateMean.prior" name="distribution">
#            <parameter id="rateMean" lower="1.0E-4" name="x" spec="beast.core.parameter.RealParameter" upper="10.0">0.005</parameter>
#            <Gamma id="Gamma.1" name="distr">
#                <parameter estimate="false" id="rateMean.alpha" name="alpha" spec="beast.core.parameter.RealParameter">0.005</parameter>
#                <parameter estimate="false" id="rateMean.beta" name="beta" spec="beast.core.parameter.RealParameter">1.0</parameter>
#            </Gamma>
#        </prior>
#        <prior id="FrequenciesPrior.s:1" name="distribution">
#            <parameter dimension="4" id="freqParameter.s:1" lower="0.0" name="x" spec="beast.core.parameter.RealParameter" upper="1.0">0.25</parameter>
#            <Uniform id="Uniform.3" name="distr"/>
#        </prior>
#        <prior id="GammaShapePrior.s:1" name="distribution">
#            <parameter id="gammaShape.s:1" name="x" spec="beast.core.parameter.RealParameter">1.0</parameter>
#            <Exponential id="Exponential.0" name="distr">
#                <parameter estimate="false" id="RealParameter.0" name="mean" spec="beast.core.parameter.RealParameter">1.0</parameter>
#            </Exponential>
#        </prior>
#        <prior id="KappaPrior.s:1" name="distribution">
#            <parameter id="kappa.s:1" lower="0.0" name="x" spec="beast.core.parameter.RealParameter">2.0</parameter>
#            <LogNormal id="LogNormalDistributionModel.0" name="distr">
#                <parameter estimate="false" id="RealParameter.1" name="M" spec="beast.core.parameter.RealParameter">1.0</parameter>
#                <parameter estimate="false" id="RealParameter.2" name="S" spec="beast.core.parameter.RealParameter">1.25</parameter>
#            </LogNormal>
#        </prior>
#        <prior id="PopSizePrior.t:1" name="distribution" x="@popSize.t:1">
#            <OneOnX id="OneOnX.1" name="distr"/>
#        </prior>
#    </distribution>
#    <distribution id="likelihood" spec="beast.core.util.CompoundDistribution" useThreads="true">
#        <distribution data="@1" id="treeLikelihood.1" spec="beast.evolution.likelihood.ThreadedTreeLikelihood" tree="@Tree.t:1">
#            <siteModel gammaCategoryCount="4" id="SiteModel.s:1" shape="@gammaShape.s:1" spec="beast.evolution.sitemodel.SiteModel">
#                <parameter id="mutationRate.s:1" name="mutationRate" spec="beast.core.parameter.RealParameter">1.0</parameter>
#                <parameter estimate="false" id="proportionInvariant.s:1" lower="0.0" name="proportionInvariant" spec="beast.core.parameter.RealParameter" upper="1.0">0.0</parameter>
#                <substModel id="hky.s:1" kappa="@kappa.s:1" spec="beast.evolution.substitutionmodel.HKY">
#                    <frequencies frequencies="@freqParameter.s:1" id="estimatedFreqs.s:1" spec="beast.evolution.substitutionmodel.Frequencies"/>
#                </substModel>
#            </siteModel>
#            <branchRateModel id="branchRates" numSites="1000" numberOfDiscreteRates="12" rateMean="@rateMean" rateOmega="@rateOmega" spec="beast.evolution.branchratemodel.ARClockModel" tree="@Tree.t:1">
#                <rateCategories dimension="200" id="rateCategories" spec="beast.core.parameter.IntegerParameter">1</rateCategories>
#            </branchRateModel>
#        </distribution>
#    </distribution>
#</input>
#
Sample	posterior	likelihood	prior	treeLikelihood	TreeHeight	rateOmega	rateMean	kappa	mutationRate	gammaShape	popSize	CoalescentConstant	freqParameter.1	freqParameter.2	freqParameter.3	freqParameter.4
0	-22990.191231923516	-22756.158025753157	-234.03320617036022	-22756.158025753157	10.751582664363609	0.5	0.005	2.0	1.0	1.0	0.3	-230.21431273121476	0.25	0.25	0.25	0.25
1000	-14454.92517937161	-13904.514374475077	-550.4108048965336	-13904.514374475077	11.954759834608428	0.21023163171500894	0.033066306956209754	2.0	1.0	1.0	1.531742610122132	-544.1233614667954	0.25	0.25	0.25	0.25
2000	-12037.149929315983	-11713.641046078304	-323.50888323767913	-11713.641046078304	11.954759834608428	1.2527886531187458	0.02090206708535922	2.0	1.0	1.0	9.067936007250603	-313.26265625124296	0.25	0.25	0.25	0.25
3000	-10872.495280244148	-10542.616319967496	-329.87896027665124	-10542.616319967496	12.355523783076558	3.4386427391489502	0.016588484566531978	2.0	1.0	1.0	9.952818793019057	-316.67933089608107	0.25	0.25	0.25	0.25
4000	-9964.914234791897	-9617.899400750026	-347.01483404187064	-9617.899400750026	12.355523783076558	8.092011910604217	0.015429515155739976	2.0	1.0	1.0	8.086882058399448	-328.6724508985337	0.24479804294479682	0.24955808753691253	0.25	0.25564386951829066
5000	-9329.280154345519	-8982.203440666377	-347.07671367914145	-8982.203440666377	12.647643490892055	9.301790070026863	0.014467134701161509	4.271086764311154	1.0	0.8557518595265975	10.969812610279615	-326.5096136104169	0.24479804294479682	0.25799825679347754	0.24155983074343498	0.25564386951829066
6000	-8930.537278556314	-8579.553935678156	-350.9833428781585	-8579.553935678156	13.321281228379876	9.916187280694269	0.012838995408815031	4.271086764311154	1.0	0.8557518595265975	10.717036653931412	-329.8880162559821	0.24479804294479682	0.25799825679347754	0.24155983074343498	0.25564386951829066
7000	-8494.142304839754	-8146.016702754732	-348.1256020850218	-8146.016702754732	13.309958567203392	9.893152131376603	0.011556250284896319	4.271086764311154	1.0	0.8557518595265975	10.363016823316823	-327.1950120798357	0.24479804294479682	0.25799825679347754	0.24155983074343498	0.25564386951829066
8000	-8075.796699905376	-7726.956615515882	-348.8400843894945	-7726.956615515882	19.42237501012106	9.434664746909922	0.00936766790039333	4.271086764311154	1.0	0.552339398234695	9.368298220351514	-329.02611415233287	0.23982113528850466	0.25799825679347754	0.23807783423378398	0.26410277368423385
9000	-7717.201849750928	-7364.339310457434	-352.86253929349397	-7364.339310457434	19.42237501012106	9.572400682355363	0.009186982349056608	4.271086764311154	1.0	0.552339398234695	8.560907849407068	-333.0074742510721	0.23960988288498608	0.25799825679347754	0.23356659549832892	0.26882526482320745
10000	-7480.160547477089	-7128.9340049631555	-351.22654251393266	-7128.9340049631555	18.108701861809244	9.750370518829838	0.008973458695124935	3.9440693667849236	1.0	0.552339398234695	10.44896125614979	-331.1019053083124	0.23960988288498608	0.25799825679347754	0.23356659549832892	0.26882526482320745
11000	-7262.656531660354	-6920.785003435962	-341.87152822439185	-6920.785003435962	18.693480436433223	9.750370518829838	0.008015901116199625	3.9440693667849236	1.0	0.552339398234695	9.67777982174138	-321.936798388911	0.2356485223080708	0.25799825679347754	0.2375279560752442	0.26882526482320745
12000	-7037.386539138171	-6694.998787715359	-342.3877514228128	-6694.998787715359	19.42325033105166	9.538151134039445	0.008131344303807115	3.9440693667849236	1.0	0.7847183770029272	9.82820488710404	-322.4229002678815	0.2356485223080708	0.25799825679347754	0.2375279560752442	0.26882526482320745
13000	-6912.444022896027	-6568.82453844079	-343.61948445523615	-6568.82453844079	19.11999856428227	9.74144995005444	0.007815381914431643	3.9440693667849236	1.0	0.7019859414009919	9.233696317062561	-323.61723273843484	0.2356485223080708	0.25799825679347754	0.2375279560752442	0.26882526482320745
14000	-6838.969356594485	-6501.486727179102	-337.4826294153836	-6501.486727179102	19.499199031084242	9.85718102322299	0.007313997314118529	3.9440693667849236	1.0	0.7019859414009919	9.100146414791304	-317.4350600735063	0.2356485223080708	0.25799825679347754	0.2375279560752442	0.26882526482320745
15000	-6845.3911302006	-6506.618853785841	-338.77227641475946	-6506.618853785841	18.843523053918997	8.932439719521502	0.006923750709978602	3.9440693667849236	1.0	0.7019859414009919	9.738118651042342	-319.7252989406019	0.2356485223080708	0.25799825679347754	0.2375279560752442	0.26882526482320745
16000	-6765.007989031024	-6431.939422875549	-333.0685661554756	-6431.939422875549	19.611614099931906	9.880336362576635	0.0076749248106575884	3.9440693667849236	1.0	0.7019859414009919	8.253332031201504	-313.0451146510886	0.22689095058838668	0.25799825679347754	0.24628552779492832	0.26882526482320745
17000	-6688.544617004694	-6353.658358791874	-334.88625821281994	-6353.658358791874	17.113116810515134	9.465248081210639	0.007815628467977283	3.9440693667849236	1.0	0.8460318394151966	7.711180498235507	-315.22220565856355	0.22689095058838668	0.25799825679347754	0.24628552779492832	0.26882526482320745
18000	-6614.02464460566	-6280.8378158690675	-333.18682873659276	-6280.8378158690675	16.46033115016978	9.121797722221087	0.007422109477838343	3.9440693667849236	1.0	0.8460318394151966	8.051580619804197	-313.90809076407027	0.22689095058838668	0.24842900302421322	0.24628552779492832	0.2783945185924718
19000	-6496.284334219103	-6164.024468940081	-332.25986527902177	-6164.024468940081	16.56550168220255	9.83285018477659	0.00791263361775493	3.9440693667849236	1.0	0.8460318394151966	8.199536204114493	-312.12014203283337	0.22689095058838668	0.24842900302421322	0.24628552779492832	0.2783945185924718
20000	-6450.5702699190415	-6115.312866302201	-335.25740361684075	-6115.312866302201	16.67365771945706	9.929651628490612	0.00809787323629049	3.9440693667849236	1.0	1.126402093241482	8.0630124561079	-314.72527180006125	0.21779237179352154	0.2557344611701835	0.24094146776443884	0.2855316992718561
21000	-6432.036927834727	-6101.405804800062	-330.63112303466534	-6101.405804800062	14.72753123560034	9.470493023970798	0.00698985140956456	3.6282974822570875	1.0	1.0767263214600877	9.147739640477111	-310.77283059192206	0.21779237179352154	0.2557344611701835	0.24094146776443884	0.2855316992718561
22000	-6404.808039434673	-6072.246391027206	-332.5616484074668	-6072.246391027206	16.934497750203644	9.167158739776383	0.006749698225052642	3.6282974822570875	1.0	1.0767263214600877	7.314506306315575	-313.29466258491146	0.2181468250204916	0.252647161812018	0.24094146776443884	0.2882645454030515
23000	-6402.755824508342	-6067.792872235348	-334.96295227299385	-6067.792872235348	17.579539359179076	8.652994987952026	0.005976729949904274	3.6282974822570875	1.0	1.1355800835244965	8.83127968022329	-316.1365748135577	0.2181468250204916	0.252647161812018	0.24094146776443884	0.2882645454030515
24000	-6323.204628389399	-5982.127355786973	-341.07727260242643	-5982.127355786973	16.707556089632817	9.517538880983905	0.0067757380717930445	3.6282974822570875	1.0	1.4290941355215587	10.59668653338298	-320.6992417036992	0.2181468250204916	0.252647161812018	0.24094146776443884	0.2882645454030515
25000	-6038.178152414786	-5704.176639907504	-334.0015125072821	-5704.176639907504	18.255576953447207	9.798094761416024	0.006042659805821121	3.6282974822570875	1.0	1.4742603185299377	7.57692457609952	-313.72171160268033	0.2181468250204916	0.25330014638934795	0.24094146776443884	0.2876115608257216
26000	-6024.040955859771	-5697.9521673676245	-326.0887884921469	-5697.9521673676245	17.86595951567149	9.565020872741611	0.006254414401214132	3.6282974822570875	1.0	1.4742603185299377	8.486830417886685	-305.91583814121907	0.2181468250204916	0.25330014638934795	0.24094146776443884	0.2876115608257216
27000	-5964.9185657188955	-5643.316043965382	-321.60252175351343	-5643.316043965382	18.531274335421266	9.842692798680071	0.006311183017311724	3.6282974822570875	1.0	1.4742603185299377	7.550400866461634	-301.2340123132595	0.2181468250204916	0.25330014638934795	0.24094146776443884	0.2876115608257216
28000	-5947.241243217945	-5625.860774573643	-321.3804686443027	-5625.860774573643	16.24826109435444	9.951510489284685	0.006086465348277058	3.6282974822570875	1.0	1.4742603185299377	6.244315285391357	-301.1194742314319	0.2181468250204916	0.25330014638934795	0.24094146776443884	0.2876115608257216
29000	-5925.927028029697	-5601.596020681024	-324.3310073486727	-5601.596020681024	14.73765354159102	9.743527857531898	0.005606933483913344	3.6282974822570875	1.0	1.4742603185299377	7.733207169303804	-304.16528514146773	0.2181468250204916	0.25330014638934795	0.24094146776443884	0.2876115608257216
30000	-5882.979265949411	-5553.410970119073	-329.568295830338	-5553.410970119073	15.549960307480685	9.97707581096574	0.006173975527663023	3.6282974822570875	1.0	1.779762747903991	7.662704864102108	-308.7549394151363	0.2181468250204916	0.25330014638934795	0.24094146776443884	0.2876115608257216
31000	-5885.935575563168	-5563.094599716935	-322.8409758462332	-5563.094599716935	15.499508418861328	9.396161199357383	0.005842911071495796	3.6282974822570875	1.0	2.4696075695351904	7.607722525357209	-302.03504965626433	0.22107039708944926	0.25330014638934795	0.23801789569548118	0.2876115608257216
32000	-5876.730621985532	-5561.076999094169	-315.65362289136255	-5561.076999094169	16.07046599961757	9.45818649586639	0.005870246540891779	3.6282974822570875	1.0	2.4696075695351904	6.339025455038063	-294.95751723219695	0.22107039708944926	0.25330014638934795	0.23801789569548118	0.2876115608257216
33000	-5785.441198675234	-5478.514060577867	-306.92713809736676	-5478.514060577867	14.89331313351514	9.497961763296441	0.005571119677381658	3.6282974822570875	1.0	2.406544914217852	6.303726152419582	-286.3084652559322	0.22107039708944926	0.25330014638934795	0.23801789569548118	0.2876115608257216
34000	-5754.528537651367	-5447.666889528276	-306.86164812309056	-5447.666889528276	14.90324563699685	8.668636380655274	0.005292349475134828	3.6282974822570875	1.0	2.406544914217852	7.518870230433956	-287.02961070968814	0.22107039708944926	0.25330014638934795	0.23801789569548118	0.2876115608257216
35000	-5718.562403391828	-5404.596669662094	-313.9657337297336	-5404.596669662094	16.64252625154358	9.71994462343859	0.00565550346780201	3.6282974822570875	1.0	2.091752580542283	5.861528767297018	-293.47676609304665	0.22107039708944926	0.25330014638934795	0.23801789569548118	0.2876115608257216
36000	-5715.154128534244	-5404.301449629808	-310.85267890443544	-5404.301449629808	16.64252625154358	9.641440019321896	0.005838423926553517	3.6282974822570875	1.0	2.091752580542283	6.990599139540346	-290.2415030462514	0.22107039708944926	0.25330014638934795	0.23801789569548118	0.2876115608257216
37000	-5718.380320888742	-5402.478602861141	-315.901718027601	-5402.478602861141	17.628357838154795	8.471560902514309	0.005053643220371108	3.6282974822570875	1.0	2.091752580542283	7.849083095085024	-296.6054254554562	0.22107039708944926	0.25330014638934795	0.23801789569548118	0.2876115608257216
38000	-5715.5078866880185	-5397.239711543848	-318.2681751441705	-5397.239711543848	18.325601331545506	9.971643524925287	0.005136128900447747	3.3835422681179557	1.0	2.091752580542283	7.096611920183843	-297.4908464371696	0.21571437637805502	0.24536258975350206	0.23801789569548118	0.3009051381729617
39000	-5713.342572501859	-5390.2315644369455	-323.1110080649132	-5390.2315644369455	17.96224620325181	9.776658278226737	0.005218578888901081	3.3835422681179557	1.0	2.291198410534536	8.541870359890103	-302.14570088739913	0.22581661277760684	0.25335291058721704	0.2199253384622144	0.3009051381729617
40000	-5707.501216812649	-5387.911402448927	-319.58981436372136	-5387.911402448927	16.7610808494973	8.071122412679633	0.004927019648441044	3.3138257066315955	1.0	2.291198410534536	6.910994146749711	-300.79553738617875	0.22581661277760684	0.25335291058721704	0.2199253384622144	0.3009051381729617
41000	-5714.457695751944	-5391.817041018249	-322.6406547336943	-5391.817041018249	15.672474925383863	8.989718405368997	0.00553818559775779	3.3138257066315955	1.0	3.2648030247719464	7.808337909839225	-301.6181292820637	0.22581661277760684	0.25335291058721704	0.2199253384622144	0.3009051381729617
42000	-5703.933557561846	-5380.312584962137	-323.6209725997087	-5380.312584962137	17.700394666841785	8.8861659965582	0.005103292631297442	3.032244242485116	1.0	3.2648030247719464	7.975668691070363	-302.87056601888406	0.22581661277760684	0.25335291058721704	0.2199253384622144	0.3009051381729617
43000	-5697.369475660526	-5377.494955164586	-319.8745204959402	-5377.494955164586	17.147207288353652	9.506553460081378	0.005579968665861857	3.032244242485116	1.0	3.2648030247719464	7.750390706299711	-298.3823141415495	0.2172357522999903	0.25335291058721704	0.2199253384622144	0.30948599865057824
44000	-5624.617718208752	-5304.872117023068	-319.7456011856842	-5304.872117023068	18.728190071665754	9.673952483341827	0.005014220936695463	3.032244242485116	1.0	5.251660934282637	6.797938133475855	-296.32148811672283	0.18455105862632165	0.25809206400951595	0.2199253384622144	0.33743153890194805
45000	-5614.962137852708	-5299.271064011998	-315.69107384071015	-5299.271064011998	17.854616015750462	9.380647315432533	0.0055514954917782544	3.032244242485116	1.0	5.251660934282637	7.413932385652973	-292.3994160631023	0.18455105862632165	0.2681986438153834	0.209818758656347	0.33743153890194805
46000	-5580.115371141077	-5266.74825851815	-313.3671126229273	-5266.74825851815	16.472409997230987	9.441800047364255	0.005407544904997566	3.032244242485116	1.0	4.272141537490154	5.711437843646352	-291.2751483610212	0.15997451719970085	0.2681986438153834	0.209818758656347	0.36200808032856885
47000	-5578.6315929763705	-5262.7144365084205	-315.9171564679502	-5262.7144365084205	15.861608524706636	9.441800047364255	0.005050534147716323	3.306071511677005	1.0	4.272141537490154	6.5895556106099376	-293.65559614121076	0.15997451719970085	0.2681986438153834	0.209818758656347	0.36200808032856885
48000	-5590.565615391294	-5271.293508617808	-319.27210677348637	-5271.293508617808	16.032701620201312	9.635417335610464	0.005330728374151684	3.306071511677005	1.0	4.272141537490154	8.196652000946157	-296.5264161193207	0.15997451719970085	0.2681986438153834	0.209818758656347	0.36200808032856885
49000	-5582.396803113539	-5265.874001603772	-316.52280150976736	-5265.874001603772	16.445466933921118	8.816240483377813	0.00465856547609184	3.306071511677005	1.0	4.272141537490154	6.239142593616655	-295.08391437762407	0.16813734107201903	0.2681986438153834	0.19076474317706055	0.3728992719355371
50000	-5580.551724541974	-5262.510366999973	-318.04135754200183	-5262.510366999973	16.021967608600242	9.445481971984682	0.005274667058650769	3.306071511677005	1.0	5.449786898661991	6.042065170861925	-294.6414305008232	0.16813734107201903	0.2681986438153834	0.19076474317706055	0.3728992719355371
51000	-5582.196256579891	-5264.279184148221	-317.9170724316704	-5264.279184148221	16.473125769558322	9.729474204191146	0.005543065330020352	3.306071511677005	1.0	5.449786898661991	7.381733815078059	-293.9565771540894	0.1680156890847505	0.26832029580265193	0.19076474317706055	0.3728992719355371
52000	-5570.54589653239	-5254.917686768727	-315.62820976366254	-5254.917686768727	16.473125769558322	9.663226967842496	0.005140636847795707	3.155929293215543	1.0	2.996163051906846	8.468219688366556	-294.1834284762637	0.13594109361665221	0.3003948912707502	0.19076474317706055	0.3728992719355371
53000	-5554.749068149607	-5244.451913995254	-310.2971541543543	-5244.451913995254	16.77045163674917	8.322688447410368	0.005784226933024499	3.155929293215543	1.0	2.996163051906846	6.41320936034321	-290.4872683922655	0.13594109361665221	0.3003948912707502	0.19076474317706055	0.3728992719355371
54000	-5507.597855676177	-5193.76598482007	-313.83187085610666	-5193.76598482007	16.7092855699959	9.14501059088445	0.005471406848420747	3.155929293215543	1.0	4.505898837899277	5.566147557827526	-291.80241678837154	0.13594109361665221	0.3003948912707502	0.15351854869350529	0.4101454664190924
55000	-5504.2443207091555	-5195.07906188684	-309.1652588223159	-5195.07906188684	16.09592367232456	8.869070832703036	0.005344650119004288	3.155929293215543	1.0	4.505898837899277	6.8287990120641675	-287.25832268308363	0.13594109361665221	0.3003948912707502	0.15351854869350529	0.4101454664190924
56000	-5502.548523631172	-5194.8614586466465	-307.6870649845257	-5194.8614586466465	16.11470263483804	9.984337759659674	0.006054151618195981	3.155929293215543	1.0	4.505898837899277	6.406311318118255	-284.4973898122481	0.13594109361665221	0.3003948912707502	0.15351854869350529	0.4101454664190924
57000	-5498.5681391429225	-5198.168974412445	-300.3991647304779	-5198.168974412445	14.995993855206999	8.832045311619755	0.005902127670288221	3.155929293215543	1.0	4.505898837899277	5.14873230396498	-278.7161392572647	0.13594109361665221	0.3003948912707502	0.15351854869350529	0.4101454664190924
58000	-5488.175773055249	-5183.69283624843	-304.48293680681917	-5183.69283624843	14.995993855206999	9.886560139332236	0.006404931430014932	3.155929293215543	1.0	4.505898837899277	7.467314018371303	-281.1902516337139	0.13594109361665221	0.3003948912707502	0.15351854869350529	0.4101454664190924
59000	-5488.253667707226	-5182.1011537213735	-306.1525139858523	-5182.1011537213735	14.563204556575457	9.615504205391973	0.006119096307828834	3.155929293215543	1.0	3.963501740984944	5.417849917830185	-284.0648490489001	0.12601846579430706	0.31031751909309535	0.15351854869350529	0.4101454664190924
60000	-5502.34806679955	-5195.518824245619	-306.82924255393107	-5195.518824245619	14.563204556575457	9.551539653562743	0.006086121013642308	3.155929293215543	1.0	3.6951821636598954	6.011964493773518	-284.98122567873486	0.12601846579430706	0.31031751909309535	0.15088721900686117	0.4127767961057365
61000	-5513.2522794084925	-5206.260010445267	-306.99226896322574	-5206.260010445267	14.592505093036008	9.533305299752787	0.00619982124123901	3.155929293215543	1.0	3.6951821636598954	5.89241689354753	-285.1657608647693	0.12601846579430706	0.31031751909309535	0.15088721900686117	0.4127767961057365
62000	-5495.5546373526095	-5188.580297639034	-306.97433971357566	-5188.580297639034	14.592505093036008	9.232361193213272	0.006299682581225619	3.155929293215543	1.0	4.613464822986757	5.939875698905707	-284.53534134119917	0.11928797117124462	0.3170480137161578	0.15088721900686117	0.4127767961057365
63000	-5488.310036394928	-5182.3683926149315	-305.94164377999647	-5182.3683926149315	14.592505093036008	9.90521788903133	0.006168371075965468	3.155929293215543	1.0	4.613464822986757	7.625811024879906	-282.5377165193381	0.11928797117124462	0.33829820994518534	0.08985337622585901	0.4525604426577111
64000	-5477.998825823311	-5171.678556006594	-306.32026981671737	-5171.678556006594	14.460675519235528	9.653726050145687	0.006350568310622031	3.155929293215543	1.0	4.613464822986757	5.897922957126537	-283.41877261354404	0.11928797117124462	0.33097223521131597	0.08985337622585901	0.4598864173915805
65000	-5500.470119182419	-5192.062285281011	-308.40783390140797	-5192.062285281011	14.425934044624263	8.805702168785746	0.006839931512285976	3.155929293215543	1.0	4.613464822986757	6.219166407086486	-286.3097233666597	0.11928797117124462	0.33097223521131597	0.08985337622585901	0.4598864173915805
66000	-5496.37180991281	-5196.586446255687	-299.78536365712284	-5196.586446255687	13.200225878858877	8.21317252187752	0.006538492462873349	3.155929293215543	1.0	4.613464822986757	6.195090200126265	-278.3915029408897	0.11928797117124462	0.33097223521131597	0.08985337622585901	0.4598864173915805
67000	-5496.254765609632	-5195.637919391561	-300.6168462180711	-5195.637919391561	13.992292222478092	8.729459141178825	0.00650856662548723	3.155929293215543	1.0	4.613464822986757	6.8416027621483275	-278.55716056849155	0.11928797117124462	0.33097223521131597	0.08985337622585901	0.4598864173915805
68000	-5497.216508174603	-5196.668380716975	-300.548127457629	-5196.668380716975	13.906421342356824	9.767625106267964	0.006903948894532924	3.155929293215543	1.0	4.613464822986757	6.760942860312563	-277.3019277535649	0.11928797117124462	0.33097223521131597	0.08985337622585901	0.4598864173915805
69000	-5469.248427072908	-5164.257684869851	-304.9907422030575	-5164.257684869851	13.947060601319485	9.767625106267964	0.006896794648612692	1.9618081187699863	1.0	4.613464822986757	6.444807277997597	-282.24198049057793	0.11928797117124462	0.33097223521131597	0.08985337622585901	0.4598864173915805
70000	-5474.499234198658	-5160.965127082507	-313.5341071161515	-5160.965127082507	15.017520432425524	9.651942749604471	0.006707202140950988	1.9618081187699863	1.0	4.613464822986757	8.023330704976066	-290.72059666688716	0.11928797117124462	0.33097223521131597	0.08985337622585901	0.4598864173915805
71000	-5469.528945011814	-5155.611589273345	-313.917355738469	-5155.611589273345	15.115425497481915	9.565206595811098	0.006223847280209079	1.9618081187699863	1.0	4.37648097424225	6.775051184683321	-291.67969935141025	0.11928797117124462	0.33097223521131597	0.08985337622585901	0.4598864173915805
72000	-5473.322781466316	-5162.888582239217	-310.43419922709955	-5162.888582239217	14.64371669484191	9.500038952827792	0.0063988122169461635	1.9618081187699863	1.0	3.9749554258744837	6.763924610211066	-288.6432718634677	0.11928797117124462	0.3300085105348969	0.08985337622585901	0.46085014206799957
73000	-5475.16071476687	-5161.634042423873	-313.526672342997	-5161.634042423873	14.446732628874837	9.458720740931332	0.006575867389383631	1.9618081187699863	1.0	3.9749554258744837	7.043720730750964	-291.71311811664776	0.10827349391505649	0.3300085105348969	0.08985337622585901	0.4718646193241877
74000	-5465.239696650101	-5150.666591423965	-314.5731052261361	-5150.666591423965	14.446732628874837	9.751602359276186	0.007195806085474936	1.9618081187699863	1.0	3.9749554258744837	5.866713714836727	-292.5318049128545	0.10827349391505649	0.3300085105348969	0.08985337622585901	0.4718646193241877
75000	-5462.255746689827	-5155.187535997451	-307.06821069237566	-5155.187535997451	14.65269241488095	9.33282663415094	0.006992345550008408	1.9618081187699863	1.0	3.9749554258744837	6.780670050336748	-285.369151488542	0.10827349391505649	0.31136375435567	0.08985337622585901	0.4905093755034146
76000	-5458.513586888504	-5152.604146414477	-305.9094404740261	-5152.604146414477	15.187331540899656	8.94211595634294	0.006992345550008408	1.9618081187699863	1.0	3.9749554258744837	4.976224697458897	-284.94898547884424	0.10827349391505649	0.31136375435567	0.08985337622585901	0.4905093755034146
77000	-5447.194274341114	-5142.053187385384	-305.14108695572975	-5142.053187385384	15.187331540899656	9.437251004494284	0.0067167502759613055	1.9618081187699863	1.0	3.9749554258744837	5.308629286815817	-283.61261766990674	0.10827349391505649	0.31136375435567	0.08985337622585901	0.4905093755034146
78000	-5445.92768106812	-5144.108656966653	-301.8190241014677	-5144.108656966653	15.506819147350662	9.840320019298314	0.006884425564599818	1.9618081187699863	1.0	3.9749554258744837	6.159982102455678	-279.6764028034137	0.10827349391505649	0.31136375435567	0.08985337622585901	0.4905093755034146
79000	-5460.469340870395	-5155.683212726447	-304.7861281439485	-5155.683212726447	16.224442582121863	9.381201594323427	0.006456694448217997	1.9618081187699863	1.0	5.419554858399274	5.361202367865727	-281.90416499119215	0.10827349391505649	0.31136375435567	0.08985337622585901	0.4905093755034146
80000	-5470.361107141369	-5167.906345343444	-302.45476179792496	-5167.906345343444	17.4757480882949	9.949562194106324	0.00688930496086884	1.9618081187699863	1.0	6.406219793967788	5.563686269266237	-277.86280081283803	0.10827349391505649	0.31136375435567	0.08985337622585901	0.4905093755034146
81000	-5466.791867302486	-5162.997955182054	-303.7939121204315	-5162.997955182054	16.438131283925248	9.641044588067194	0.006922105332628737	1.9618081187699863	1.0	4.361025583625984	6.5585710138856905	-281.41474146045874	0.10827349391505649	0.31136375435567	0.08985337622585901	0.4905093755034146
82000	-5474.429529112826	-5169.511362362219	-304.918166750606	-5169.511362362219	14.772203088556099	9.71333668676155	0.006774778215201213	1.89370065321933	1.0	4.361025583625984	6.006364452771094	-282.5970459168931	0.10827349391505649	0.31136375435567	0.08985337622585901	0.4905093755034146
83000	-5481.884104064737	-5171.196867797973	-310.6872362667641	-5171.196867797973	14.655559729179027	9.994931966498214	0.006077761410670163	1.6082646445265298	1.0	4.361025583625984	8.61616368365701	-287.92374396503584	0.10827349391505649	0.31136375435567	0.08985337622585901	0.4905093755034146
84000	-5479.417722544227	-5173.306680248034	-306.1110422961924	-5173.306680248034	16.119303718065748	8.47924088073248	0.005991080400401684	1.6082646445265298	1.0	4.361025583625984	5.339829497883259	-285.5040783386268	0.10827349391505649	0.31136375435567	0.11100840359255251	0.4693543481367211
85000	-5483.313317199854	-5177.334864045844	-305.97845315401	-5177.334864045844	16.333729899232562	9.361700282365527	0.006053360454001255	1.6082646445265298	1.0	4.361025583625984	5.958151175374952	-284.280005516972	0.10827349391505649	0.31136375435567	0.11100840359255251	0.4693543481367211
86000	-5488.935050780804	-5181.743045852801	-307.19200492800354	-5181.743045852801	17.077068053641284	7.852500576764886	0.0057715165071037825	1.6082646445265298	1.0	4.361025583625984	6.5139085156569045	-287.1195151166355	0.10827349391505649	0.31136375435567	0.11100840359255251	0.4693543481367211
87000	-5467.606559677237	-5168.506349256061	-299.10021042117586	-5168.506349256061	15.54570557808044	7.136497099163878	0.005845233598207972	1.5893879414720076	1.0	4.361025583625984	6.382745676240247	-279.845208660103	0.10827349391505649	0.31136375435567	0.11100840359255251	0.4693543481367211
88000	-5459.880106607509	-5162.864809559931	-297.01529704757814	-5162.864809559931	15.858671662629035	7.692109255906406	0.005805973930414694	1.5893879414720076	1.0	4.361025583625984	6.803985485030024	-277.0800420178882	0.10827349391505649	0.31136375435567	0.11100840359255251	0.4693543481367211
89000	-5457.240276843119	-5164.230543729621	-293.0097331134983	-5164.230543729621	15.695957249886444	8.075515212205605	0.005826786466645906	1.5893879414720076	1.0	4.361025583625984	5.827687917567752	-272.7986016678559	0.10827349391505649	0.31136375435567	0.11100840359255251	0.4693543481367211
90000	-5463.605209474781	-5164.8931141424055	-298.7120953323754	-5164.8931141424055	15.695957249886444	7.429099344003416	0.005519364481724632	1.5893879414720076	1.0	4.361025583625984	6.850635257016417	-279.11498686675645	0.10827349391505649	0.31136375435567	0.09952989916550753	0.48083285256376607
91000	-5452.987826199026	-5153.957264934649	-299.03056126437696	-5153.957264934649	16.65374176785671	8.595467850624644	0.006130111837293812	1.5893879414720076	1.0	4.0378973811063466	5.156668104524894	-278.63797956570045	0.10827349391505649	0.31136375435567	0.09952989916550753	0.48083285256376607
92000	-5460.747873197893	-5165.421713757687	-295.3261594402053	-5165.421713757687	15.52195781565757	8.247997739516238	0.005749252857484619	1.5893879414720076	1.0	4.0378973811063466	5.504100102443065	-275.3171865865861	0.10827349391505649	0.31800190690884966	0.09952989916550753	0.4741947000105864
93000	-5443.495300402693	-5153.434708195893	-290.0605922068002	-5153.434708195893	15.606800227545898	8.117342420944516	0.00643921731819483	1.5893879414720076	1.0	4.0378973811063466	4.807587843048354	-270.21848301437126	0.10827349391505649	0.31800190690884966	0.09952989916550753	0.4741947000105864
94000	-5437.256127008924	-5143.813127908334	-293.44299910059027	-5143.813127908334	16.849597795117436	9.042346959977696	0.00626246363699458	1.5893879414720076	1.0	4.3679286423191055	6.225930975280213	-272.0180731653655	0.10827349391505649	0.31800190690884966	0.09952989916550753	0.4741947000105864
95000	-5439.8375385685595	-5145.947441057759	-293.8900975108009	-5145.947441057759	16.045949723852857	8.814975622993297	0.006073045706973472	1.5893879414720076	1.0	4.3679286423191055	5.1095800820718615	-272.9438179792546	0.10827349391505649	0.31800190690884966	0.09952989916550753	0.4741947000105864
96000	-5455.464072939785	-5160.853636100652	-294.61043683913374	-5160.853636100652	16.86063391692424	9.026854752757028	0.005967901275540912	1.5893879414720076	1.0	6.084772164111443	5.550799625746449	-271.64871587867464	0.08991522092521403	0.31800190690884966	0.09952989916550753	0.49255297300042883
97000	-5458.207625935748	-5156.392323345368	-301.81530259038044	-5156.392323345368	15.653628873037581	9.395029691698998	0.005776071980399519	1.5893879414720076	1.0	6.084772164111443	6.783004554897415	-278.2816493429477	0.08991522092521403	0.31800190690884966	0.09952989916550753	0.49255297300042883
98000	-5450.148349900056	-5144.37171296727	-305.7766369327864	-5144.37171296727	15.74222900525733	9.538336042170554	0.006044629389734176	1.5893879414720076	1.0	6.0626191274530665	5.495110805542046	-282.2732797044262	0.08991522092521403	0.31800190690884966	0.09952989916550753	0.49255297300042883
99000	-5454.783434791875	-5155.913487222488	-298.86994756938714	-5155.913487222488	15.523201915948862	9.538336042170554	0.006540064169867371	1.5893879414720076	1.0	6.0626191274530665	4.74319270606098	-275.4348602633657	0.08991522092521403	0.31800190690884966	0.09952989916550753	0.49255297300042883
100000	-5439.276142800976	-5142.420691694336	-296.85545110664026	-5142.420691694336	14.65786822711342	9.896336659420454	0.00637213361804922	1.5893879414720076	1.0	6.0626191274530665	5.22729874805402	-272.9580684467754	0.08991522092521403	0.31800190690884966	0.09952989916550753	0.49255297300042883
