#
#model:
#
#<?xml version="1.0" encoding="UTF-8" standalone="no"?><input id="posterior" spec="beast.core.util.CompoundDistribution">
#    <distribution id="prior" spec="beast.core.util.CompoundDistribution">
#        <distribution id="CoalescentConstant.t:1" spec="beast.evolution.tree.coalescent.Coalescent">
#            <populationModel id="ConstantPopulation.t:1" spec="beast.evolution.tree.coalescent.ConstantPopulation">
#                <parameter id="popSize.t:1" name="popSize" spec="beast.core.parameter.RealParameter">0.3</parameter>
#            </populationModel>
#            <treeIntervals id="TreeIntervals.t:1" spec="beast.evolution.tree.coalescent.TreeIntervals">
#                <tree id="Tree.t:1" spec="beast.evolution.tree.Tree">
#                    <trait id="dateTrait.t:1" spec="beast.evolution.tree.TraitSet" traitname="date" value="2_2000.1=2000.1,17_2001.6=2001.6,18_2001.7=2001.7,21_2002=2002,24_2002.3=2002.3,26_2002.5=2002.5,5_2000.4=2000.4,7_2000.6=2000.6,4_2000.3=2000.3,13_2001.2=2001.2,15_2001.4=2001.4,16_2001.5=2001.5,1_2000=2000,8_2000.7=2000.7,3_2000.2=2000.2,12_2001.1=2001.1,22_2002.1=2002.1,32_2003.1=2003.1,28_2002.7=2002.7,43_2004.2=2004.2,46_2004.5=2004.5,55_2005.4=2005.4,63_2006.2=2006.2,65_2006.4=2006.4,66_2006.5=2006.5,67_2006.6=2006.6,23_2002.2=2002.2,10_2000.9=2000.9,14_2001.3=2001.3,33_2003.2=2003.2,39_2003.8=2003.8,34_2003.3=2003.3,44_2004.3=2004.3,48_2004.7=2004.7,53_2005.2=2005.2,52_2005.1=2005.1,58_2005.7=2005.7,9_2000.8=2000.8,6_2000.5=2000.5,11_2001=2001,25_2002.4=2002.4,20_2001.9=2001.9,47_2004.6=2004.6,36_2003.5=2003.5,45_2004.4=2004.4,50_2004.9=2004.9,42_2004.1=2004.1,51_2005=2005,35_2003.4=2003.4,37_2003.6=2003.6,57_2005.6=2005.6,59_2005.8=2005.8,61_2006=2006,62_2006.1=2006.1,41_2004=2004,40_2003.9=2003.9,49_2004.8=2004.8,74_2007.3=2007.3,77_2007.6=2007.6,68_2006.7=2006.7,70_2006.9=2006.9,81_2008=2008,19_2001.8=2001.8,27_2002.6=2002.6,29_2002.8=2002.8,30_2002.9=2002.9,31_2003=2003,38_2003.7=2003.7,56_2005.5=2005.5,69_2006.8=2006.8,82_2008.1=2008.1,80_2007.9=2007.9,83_2008.2=2008.2,87_2008.6=2008.6,71_2007=2007,75_2007.4=2007.4,72_2007.1=2007.1,91_2009=2009,88_2008.7=2008.7,94_2009.3=2009.3,98_2009.7=2009.7,79_2007.8=2007.8,84_2008.3=2008.3,78_2007.7=2007.7,76_2007.5=2007.5,89_2008.8=2008.8,93_2009.2=2009.2,96_2009.5=2009.5,97_2009.6=2009.6,95_2009.4=2009.4,100_2009.9=2009.9,54_2005.3=2005.3,60_2005.9=2005.9,64_2006.3=2006.3,73_2007.2=2007.2,86_2008.5=2008.5,85_2008.4=2008.4,90_2008.9=2008.9,99_2009.8=2009.8,92_2009.1=2009.1,101_2010=2010">
#                        <taxa id="TaxonSet.1" spec="beast.evolution.alignment.TaxonSet">
#                        </taxa>
#                    </trait>
#                    <taxonset idref="TaxonSet.1"/>
#                </tree>
#            </treeIntervals>
#        </distribution>
#        <prior id="rateOmega.prior" name="distribution">
#            <parameter id="rateOmega" lower="0.1" name="x" spec="beast.core.parameter.RealParameter" upper="10.0">0.5</parameter>
#            <Gamma id="Gamma.0" name="distr">
#                <parameter estimate="false" id="rateOmega.alpha" name="alpha" spec="beast.core.parameter.RealParameter">0.1</parameter>
#                <parameter estimate="false" id="rateOmega.beta" name="beta" spec="beast.core.parameter.RealParameter">1.0</parameter>
#            </Gamma>
#        </prior>
#        <prior id="rateMean.prior" name="distribution">
#            <parameter id="rateMean" lower="1.0E-4" name="x" spec="beast.core.parameter.RealParameter" upper="10.0">0.005</parameter>
#            <Gamma id="Gamma.1" name="distr">
#                <parameter estimate="false" id="rateMean.alpha" name="alpha" spec="beast.core.parameter.RealParameter">0.005</parameter>
#                <parameter estimate="false" id="rateMean.beta" name="beta" spec="beast.core.parameter.RealParameter">1.0</parameter>
#            </Gamma>
#        </prior>
#        <prior id="FrequenciesPrior.s:1" name="distribution">
#            <parameter dimension="4" id="freqParameter.s:1" lower="0.0" name="x" spec="beast.core.parameter.RealParameter" upper="1.0">0.25</parameter>
#            <Uniform id="Uniform.3" name="distr"/>
#        </prior>
#        <prior id="GammaShapePrior.s:1" name="distribution">
#            <parameter id="gammaShape.s:1" name="x" spec="beast.core.parameter.RealParameter">1.0</parameter>
#            <Exponential id="Exponential.0" name="distr">
#                <parameter estimate="false" id="RealParameter.0" name="mean" spec="beast.core.parameter.RealParameter">1.0</parameter>
#            </Exponential>
#        </prior>
#        <prior id="KappaPrior.s:1" name="distribution">
#            <parameter id="kappa.s:1" lower="0.0" name="x" spec="beast.core.parameter.RealParameter">2.0</parameter>
#            <LogNormal id="LogNormalDistributionModel.0" name="distr">
#                <parameter estimate="false" id="RealParameter.1" name="M" spec="beast.core.parameter.RealParameter">1.0</parameter>
#                <parameter estimate="false" id="RealParameter.2" name="S" spec="beast.core.parameter.RealParameter">1.25</parameter>
#            </LogNormal>
#        </prior>
#        <prior id="PopSizePrior.t:1" name="distribution" x="@popSize.t:1">
#            <OneOnX id="OneOnX.1" name="distr"/>
#        </prior>
#    </distribution>
#    <distribution id="likelihood" spec="beast.core.util.CompoundDistribution" useThreads="true">
#        <distribution data="@1" id="treeLikelihood.1" spec="beast.evolution.likelihood.ThreadedTreeLikelihood" tree="@Tree.t:1">
#            <siteModel gammaCategoryCount="4" id="SiteModel.s:1" shape="@gammaShape.s:1" spec="beast.evolution.sitemodel.SiteModel">
#                <parameter id="mutationRate.s:1" name="mutationRate" spec="beast.core.parameter.RealParameter">1.0</parameter>
#                <parameter estimate="false" id="proportionInvariant.s:1" lower="0.0" name="proportionInvariant" spec="beast.core.parameter.RealParameter" upper="1.0">0.0</parameter>
#                <substModel id="hky.s:1" kappa="@kappa.s:1" spec="beast.evolution.substitutionmodel.HKY">
#                    <frequencies frequencies="@freqParameter.s:1" id="estimatedFreqs.s:1" spec="beast.evolution.substitutionmodel.Frequencies"/>
#                </substModel>
#            </siteModel>
#            <branchRateModel id="branchRates" numSites="1000" numberOfDiscreteRates="12" rateMean="@rateMean" rateOmega="@rateOmega" spec="beast.evolution.branchratemodel.ARClockModel" tree="@Tree.t:1">
#                <rateCategories dimension="200" id="rateCategories" spec="beast.core.parameter.IntegerParameter">1</rateCategories>
#            </branchRateModel>
#        </distribution>
#    </distribution>
#</input>
#
Sample	posterior	likelihood	prior	treeLikelihood	TreeHeight	rateOmega	rateMean	kappa	mutationRate	gammaShape	popSize	CoalescentConstant	freqParameter.1	freqParameter.2	freqParameter.3	freqParameter.4
0	-45062.992287126515	-44828.959080956156	-234.03320617036022	-44828.959080956156	10.751582664363609	0.5	0.005	2.0	1.0	1.0	0.3	-230.21431273121476	0.25	0.25	0.25	0.25
1000	-24404.013793423837	-23885.54596159728	-518.4678318265561	-23885.54596159728	11.575397262038125	0.381630720588426	0.04287283474696792	3.1940361545973053	1.0	1.0	2.180878461750145	-510.40448540155796	0.25	0.25	0.25	0.25
2000	-20490.956928903677	-20118.695949924633	-372.2609789790427	-20118.695949924633	11.73492797562734	5.950755691442896	0.042015359287443405	3.1940361545973053	1.0	1.0	11.08325253886311	-354.5516217170899	0.25480871241827163	0.25	0.2451912875817284	0.25
3000	-18545.92763238796	-18152.551992332486	-393.37564005547426	-18152.551992332486	11.73492797562734	9.236697168512025	0.03369670007892669	5.728483485121587	1.0	1.0	13.985650618181227	-371.22623160155405	0.25480871241827163	0.24546909756004567	0.2451912875817284	0.2545309024399543
4000	-17355.254780865478	-16951.682980861267	-403.57180000420914	-16951.682980861267	11.73492797562734	9.52508368784703	0.030129702432272188	5.728483485121587	1.0	1.0	18.40653274237789	-380.946557326534	0.25480871241827163	0.24546909756004567	0.2451912875817284	0.2545309024399543
5000	-16550.944064874835	-16141.018315707028	-409.9257491678065	-16141.018315707028	12.800881325539377	9.5800917801105	0.024697206175258876	5.728483485121587	1.0	0.8557518595265975	17.64158440765914	-387.63027043556497	0.25480871241827163	0.2539092668166107	0.23675111832516338	0.2545309024399543
6000	-16056.420751366273	-15636.486131168602	-419.9346201976722	-15636.486131168602	12.800881325539377	9.6988873204828	0.02384833473310764	5.728483485121587	1.0	0.8557518595265975	20.429230028633746	-397.39819620045085	0.25480871241827163	0.2539092668166107	0.23675111832516338	0.2545309024399543
7000	-14686.907280892121	-14256.251296618117	-430.6559842740045	-14256.251296618117	12.079114336345112	8.00845572994281	0.01867472993300465	5.728483485121587	1.0	0.5369337807097079	20.65382800854881	-410.5387318980972	0.2535387896442726	0.2539092668166107	0.23675111832516338	0.2558008252139533
8000	-14048.412936649665	-13615.602951368277	-432.8099852813882	-13615.602951368277	12.478133775112205	7.6997078422377	0.016775942678820557	5.728483485121587	1.0	0.5369337807097079	20.379996982863073	-413.1587996521661	0.2535387896442726	0.2539092668166107	0.2282922141592202	0.2642597293798965
9000	-13678.321596214817	-13244.737370722472	-433.58422549234416	-13244.737370722472	14.751688668942704	6.737776350164606	0.015360047031998473	5.728483485121587	1.0	0.5369337807097079	21.25949569948764	-415.06197987530624	0.253327537240754	0.2539092668166107	0.22378097542376515	0.2689822205188701
10000	-12643.956687685783	-12215.434784350331	-428.5219033354513	-12215.434784350331	17.420546223736427	3.56428450663631	0.011150151457813434	5.289879948258392	1.0	0.5369337807097079	23.882482769681033	-414.06845045356454	0.253327537240754	0.2539092668166107	0.22378097542376515	0.2689822205188701
11000	-12088.722498460884	-11657.720282479679	-431.0022159812054	-11657.720282479679	18.08365356613305	4.143150172973367	0.009651583919909407	5.289879948258392	1.0	0.5369337807097079	25.910807591727373	-415.8980467086545	0.253327537240754	0.2539092668166107	0.22378097542376515	0.2689822205188701
12000	-11367.15934364647	-10936.6998339388	-430.4595097076715	-10936.6998339388	17.940736935086967	4.69766933246056	0.009685503645057124	5.289879948258392	1.0	0.5369337807097079	25.05178114434711	-414.71796279214493	0.253327537240754	0.2539092668166107	0.22378097542376515	0.2689822205188701
13000	-10886.44302387166	-10457.902365246382	-428.54065862527733	-10457.902365246382	20.82104744699314	2.7880770328271582	0.007771748594075852	5.289879948258392	1.0	0.5369337807097079	23.98947280746972	-415.44252496980545	0.253327537240754	0.2570222323859326	0.22066800985444326	0.2689822205188701
14000	-10464.554101967617	-10040.462375439729	-424.0917265278884	-10040.462375439729	28.61333755237906	3.115551634331947	0.0067867852911956	5.289879948258392	1.0	0.5369337807097079	24.260272958128205	-410.69076969969257	0.24663157028703628	0.2570222323859326	0.22066800985444326	0.2756781874725878
15000	-10055.079048019812	-9639.071137937868	-416.00791008194443	-9639.071137937868	21.4196305493209	3.5715463118898856	0.006881834790831901	5.289879948258392	1.0	0.5369337807097079	20.426560081055726	-402.186096108403	0.24663157028703628	0.2570222323859326	0.22066800985444326	0.2756781874725878
16000	-9781.896452192326	-9368.392053103225	-413.50439908910084	-9368.392053103225	20.896122827157466	3.42042685081725	0.006686363695481693	5.289879948258392	1.0	0.5369337807097079	20.627018069974756	-399.8917152959059	0.24663157028703628	0.2570222323859326	0.22066800985444326	0.2756781874725878
17000	-9317.417075579644	-8911.509438464762	-405.90763711488137	-8911.509438464762	23.409363354039563	2.0915077550987244	0.006043776115315455	5.289879948258392	1.0	0.5369337807097079	18.15052223773136	-394.29564554073215	0.24663157028703628	0.2570222323859326	0.22066800985444326	0.2756781874725878
18000	-9167.675897369194	-8756.93480102832	-410.7410963408738	-8756.93480102832	24.966634623885316	2.3013079510796537	0.005983373338804965	5.289879948258392	1.0	0.92195356668553	20.52690426580329	-398.3352691844895	0.24663157028703628	0.2570222323859326	0.22066800985444326	0.2756781874725878
19000	-8870.399442572509	-8462.214266986382	-408.1851755861254	-8462.214266986382	23.63285226319385	2.2047122158326644	0.005752154803952739	5.289879948258392	1.0	0.92195356668553	19.683648352695965	-395.99592906828536	0.24663157028703628	0.2570222323859326	0.22066800985444326	0.2756781874725878
20000	-8603.383682426582	-8206.089207883746	-397.2944745428354	-8206.089207883746	23.63285226319385	2.144482531524727	0.0054425660782887	3.6209978588381717	1.0	1.227483859359085	16.89384182909949	-385.58763677896263	0.24338955450145838	0.2570222323859326	0.22391002564002116	0.2756781874725878
21000	-8364.086326173861	-7967.670464961618	-396.4158612122435	-7967.670464961618	26.509537874098115	2.348576354611323	0.005114868138643809	3.6209978588381717	1.0	1.227483859359085	15.287905799318443	-384.58511303215136	0.24338955450145838	0.2570222323859326	0.22391002564002116	0.2756781874725878
22000	-8264.834197481363	-7869.673034488936	-395.16116299242776	-7869.673034488936	26.938998188145913	3.0030658122779283	0.0051258800193875985	3.6209978588381717	1.0	1.227483859359085	17.413446565427922	-382.32235191081406	0.24174249374268195	0.2570222323859326	0.2255570863987976	0.2756781874725878
23000	-8091.752560076237	-7697.226294328336	-394.5262657479014	-7697.226294328336	29.500004385350273	2.0533377519477733	0.004584141049955163	3.6209978588381717	1.0	2.1249427079705496	17.925190280622886	-382.16459264620715	0.23127522999133468	0.2636599999343606	0.2293865826017168	0.2756781874725878
24000	-7936.263191468897	-7542.932212415485	-393.3309790534125	-7542.932212415485	29.22328165974143	2.5599358694428567	0.0047822461700554025	3.6209978588381717	1.0	2.1249427079705496	16.357369725286492	-380.31347811845615	0.23127522999133468	0.2636599999343606	0.2293865826017168	0.2756781874725878
25000	-7800.350072223002	-7407.082319580721	-393.26775264228155	-7407.082319580721	28.66699520981145	2.4859159168139575	0.004467718667795781	3.6209978588381717	1.0	2.1249427079705496	17.227057171497677	-380.3668826962235	0.23127522999133468	0.26431298451169055	0.2293865826017168	0.2750252028952579
26000	-7718.185828371986	-7324.005423497335	-394.18040487465066	-7324.005423497335	29.650122155030676	3.1831423038014783	0.004507133798519822	3.6209978588381717	1.0	2.1249427079705496	15.278902365979011	-380.4710329034465	0.22362936736141753	0.26431298451169055	0.2293865826017168	0.28267106552517507
27000	-7627.767261706289	-7237.194972413819	-390.5722892924694	-7237.194972413819	29.465064716719596	3.3994571791747124	0.004618536855414649	3.6209978588381717	1.0	2.1249427079705496	16.290082446863035	-376.4989408414143	0.22362936736141753	0.26431298451169055	0.2293865826017168	0.28267106552517507
28000	-7564.285329892121	-7182.254766784919	-382.0305631072011	-7182.254766784919	28.04186087391892	3.426518811459138	0.004746490592417283	3.6209978588381717	1.0	2.1249427079705496	15.50676085807739	-367.94497836247325	0.22362936736141753	0.26431298451169055	0.2293865826017168	0.28267106552517507
29000	-7555.089114680902	-7174.821331443201	-380.2677832377	-7174.821331443201	28.093630337011014	3.4110739124503358	0.004547764756354962	3.6209978588381717	1.0	2.1249427079705496	14.572496897197583	-366.3066039620465	0.22362936736141753	0.26431298451169055	0.2293865826017168	0.28267106552517507
30000	-7477.385423731626	-7101.41119216384	-375.97423156778655	-7101.41119216384	28.14731109637461	3.1075072155892545	0.004526744766129356	3.6209978588381717	1.0	2.1249427079705496	12.990053457937037	-362.5200873156951	0.22362936736141753	0.26431298451169055	0.2293865826017168	0.28267106552517507
31000	-7460.5646128031	-7088.308909947326	-372.2557028557738	-7088.308909947326	26.4565193658254	2.6826570257996423	0.004744305659005246	3.6209978588381717	1.0	2.1249427079705496	13.34540016287351	-359.28480793836457	0.22362936736141753	0.26431298451169055	0.2293865826017168	0.28267106552517507
32000	-7396.570189362293	-7029.791569399659	-366.7786199626331	-7029.791569399659	25.746209236008518	2.751201559838208	0.004790717993056552	3.6209978588381717	1.0	3.986596461705815	11.988849926459059	-351.9522815258271	0.22362936736141753	0.26431298451169055	0.2293865826017168	0.28267106552517507
33000	-7312.4031786148535	-6945.21123591126	-367.1919427035933	-6945.21123591126	29.003828514812113	3.2149519265347704	0.004242371997360327	3.6209978588381717	1.0	5.765745632123357	10.931128966771803	-350.19636830081964	0.22362936736141753	0.26431298451169055	0.2293865826017168	0.28267106552517507
34000	-7272.433392241276	-6910.8166942367525	-361.61669800452347	-6910.8166942367525	29.195288110699614	2.8796277099611025	0.0045055891901136106	3.6209978588381717	1.0	4.286779735768913	12.073717967485644	-346.3749751696567	0.22362936736141753	0.26431298451169055	0.2293865826017168	0.28267106552517507
35000	-7207.292296401709	-6843.434611936445	-363.8576844652639	-6843.434611936445	29.075734589515882	2.2812945033077248	0.004051307098903143	3.6209978588381717	1.0	6.014235470735354	13.222513163697062	-347.71177736418025	0.22362936736141753	0.26431298451169055	0.2293865826017168	0.28267106552517507
36000	-7177.111527934675	-6821.611131737981	-355.500396196694	-6821.611131737981	29.77976574772739	2.286591954866848	0.004435104810903014	3.6209978588381717	1.0	6.014235470735354	12.30877625487664	-339.3282696310521	0.22362936736141753	0.2651742666535518	0.2293865826017168	0.2818097833833138
37000	-7168.764967329321	-6817.542470103389	-351.222497225932	-6817.542470103389	29.341180643415534	2.6472671029304577	0.004160872425779067	3.6209978588381717	1.0	6.014235470735354	10.033465346274946	-334.826044762932	0.22362936736141753	0.2651742666535518	0.2293865826017168	0.2818097833833138
38000	-7155.224963995571	-6808.727979360272	-346.4969846352986	-6808.727979360272	25.3422811908696	2.508739507567094	0.004351046581702997	3.6209978588381717	1.0	6.014235470735354	10.135806250673467	-330.23262577308367	0.22362936736141753	0.2651742666535518	0.2293865826017168	0.2818097833833138
39000	-7163.860303167382	-6813.75376445458	-350.10653871280226	-6813.75376445458	23.400616884319135	2.9278845651103	0.004543329882237628	3.6209978588381717	1.0	7.885017891396765	10.585796909149	-331.3265439008544	0.22362936736141753	0.26536817759286063	0.2293865826017168	0.281615872444005
40000	-7171.3650087288215	-6821.665886785058	-349.69912194376315	-6821.665886785058	25.71814986607342	2.703338805920779	0.004447787741967411	3.6209978588381717	1.0	7.885017891396765	8.431973549816759	-331.464211171636	0.22362936736141753	0.26536817759286063	0.2293865826017168	0.281615872444005
41000	-7147.060615567341	-6801.740507942589	-345.320107624752	-6801.740507942589	25.71814986607342	2.654855606036556	0.004482612192244958	3.6209978588381717	1.0	7.885017891396765	9.928107017231508	-326.9788337348593	0.22362936736141753	0.26536817759286063	0.2293865826017168	0.281615872444005
42000	-7140.0174617276425	-6792.954526517878	-347.0629352097644	-6792.954526517878	24.825709557138968	2.533533696973243	0.004335104390745505	3.6209978588381717	1.0	7.885017891396765	10.274933100857778	-328.8841839763948	0.22362936736141753	0.26536817759286063	0.2217818828608042	0.2892205721849176
43000	-7134.29841237458	-6794.965049951134	-339.3333624234462	-6794.965049951134	22.76588496352435	2.3184613966123195	0.004332497395057929	3.6209978588381717	1.0	4.145835406265668	9.50481028337904	-325.2672165024057	0.22362936736141753	0.26536817759286063	0.2217818828608042	0.2892205721849176
44000	-7106.223122890228	-6768.603808926606	-337.61931396362235	-6768.603808926606	23.542462594847386	2.411665745229387	0.004645240187074729	3.7150218657030982	1.0	4.74889778854173	7.883632969968143	-322.9082250559282	0.21865460721098906	0.26536817759286063	0.2142569537773598	0.3017202614187905
45000	-7109.8519284646145	-6769.560964774771	-340.2909636898438	-6769.560964774771	25.922923848639698	2.9219193691489465	0.004550231333537726	3.7150218657030982	1.0	4.913720413723252	10.572404028635473	-324.4592661176025	0.21865460721098906	0.26536817759286063	0.2142569537773598	0.3017202614187905
46000	-7099.698067947937	-6763.398820953978	-336.29924699395815	-6763.398820953978	25.922923848639698	2.4118962690626904	0.004518676933363115	3.7150218657030982	1.0	4.913720413723252	10.252478470434552	-321.1879005557252	0.21865460721098906	0.26536817759286063	0.2142569537773598	0.3017202614187905
47000	-7101.261412137572	-6772.62828220285	-328.63312993472175	-6772.62828220285	28.48717831934945	1.9841909177038006	0.00444256311093569	3.6856315817842815	1.0	4.913720413723252	9.480487768826427	-314.2299437370584	0.20698545194455473	0.26536817759286063	0.22592610904379412	0.3017202614187905
48000	-7093.470038962737	-6767.2058769556	-326.2641620071369	-6767.2058769556	25.947330855645042	2.0505255690493054	0.0045068253369793185	3.6856315817842815	1.0	4.913720413723252	7.516956437783706	-311.9827652293588	0.20698545194455473	0.26536817759286063	0.22592610904379412	0.3017202614187905
49000	-7097.6673061447855	-6774.1956446649365	-323.47166147984893	-6774.1956446649365	26.04763596168129	2.232936616664181	0.004496982236955602	3.6856315817842815	1.0	4.913720413723252	8.716186208940202	-308.785319235995	0.20698545194455473	0.26536817759286063	0.22592610904379412	0.3017202614187905
50000	-7118.5852005343495	-6790.6521685767375	-327.93303195761183	-6790.6521685767375	24.022700017175495	2.684275081679303	0.004516861161656528	3.6856315817842815	1.0	5.246608359724557	10.380415103144676	-312.11763182524317	0.20698545194455473	0.26536817759286063	0.22592610904379412	0.3017202614187905
51000	-7111.5845949700715	-6784.884962178172	-326.69963279189926	-6784.884962178172	25.951062673271405	2.8471172782459218	0.0049374893204557815	3.6856315817842815	1.0	5.246608359724557	9.333228218172298	-310.68570862563126	0.20698545194455473	0.26536817759286063	0.22592610904379412	0.3017202614187905
52000	-7109.157297539897	-6778.9728561955835	-330.1844413443129	-6778.9728561955835	26.33062309928101	2.224889504490385	0.004813909374390914	3.6856315817842815	1.0	5.246608359724557	7.27119996053399	-315.2896886455426	0.20698545194455473	0.26536817759286063	0.22592610904379412	0.3017202614187905
53000	-7059.0968807053705	-6737.334250467728	-321.7626302376422	-6737.334250467728	25.179613815157797	2.111579881151263	0.004651617264724961	3.6856315817842815	1.0	5.246608359724557	8.40165288141758	-306.9180091582071	0.20698545194455473	0.26536817759286063	0.2111021751944521	0.3165441952681325
54000	-7074.413824684178	-6747.006187408498	-327.4076372756803	-6747.006187408498	23.37026667592186	2.429477541232053	0.0046616182304748	3.6856315817842815	1.0	5.246608359724557	9.918837645711104	-311.9507484764655	0.20698545194455473	0.26536817759286063	0.2111021751944521	0.3165441952681325
55000	-7070.869401422702	-6748.7747470689355	-322.0946543537664	-6748.7747470689355	23.24904766831751	2.1589254264344517	0.0047603220835689885	3.6856315817842815	1.0	5.246608359724557	6.887260209549132	-307.35839248744765	0.20698545194455473	0.26536817759286063	0.2111021751944521	0.3165441952681325
56000	-7047.64630937881	-6722.959899590935	-324.6864097878748	-6722.959899590935	22.872108156322767	3.0642858545860054	0.004937946470132996	3.6856315817842815	1.0	5.246608359724557	10.148893655775293	-308.30528393990124	0.20698545194455473	0.26536817759286063	0.19663801406180542	0.33100835640077914
57000	-7026.819400902314	-6707.088296047034	-319.7311048552793	-6707.088296047034	21.638866061981616	2.522622246737092	0.004939291984532876	3.677388684322526	1.0	4.45202913573786	9.718704539068272	-304.9069994723055	0.20698545194455473	0.2722700293090048	0.18973616234566124	0.33100835640077914
58000	-7013.653414358576	-6698.319843024199	-315.3335713343763	-6698.319843024199	20.93821316139821	2.8811426536941007	0.005225053169260759	3.677388684322526	1.0	4.45202913573786	6.438345939156289	-300.38687945664833	0.20698545194455473	0.2722700293090048	0.18973616234566124	0.33100835640077914
59000	-7023.409577314545	-6707.551471569318	-315.8581057452265	-6707.551471569318	21.06785797447256	2.5293897707825304	0.005231134120855618	3.5068832246482655	1.0	4.45202913573786	7.5119585256381844	-301.28090296552296	0.20698545194455473	0.2722700293090048	0.18973616234566124	0.33100835640077914
60000	-7038.467375998482	-6717.320834621175	-321.1465413773064	-6717.320834621175	24.989390893351707	2.609695488501292	0.004842840657547932	3.5068832246482655	1.0	4.45202913573786	9.607366739536996	-306.2919983100321	0.20698545194455473	0.2722700293090048	0.18973616234566124	0.33100835640077914
61000	-7021.097607179599	-6705.833268472111	-315.2643387074885	-6705.833268472111	24.096408719845833	2.1398594725371645	0.005018081767676179	3.5068832246482655	1.0	4.45202913573786	7.465343430069827	-301.2749906479225	0.20698545194455473	0.2722700293090048	0.18973616234566124	0.33100835640077914
62000	-7032.782219166299	-6719.944904132455	-312.8373150338437	-6719.944904132455	26.219028882437637	2.3739126166214763	0.005128670999339188	3.5068832246482655	1.0	4.45202913573786	7.027896320394421	-298.5590780395691	0.20810451352662646	0.27115096772693303	0.18973616234566124	0.33100835640077914
63000	-7022.770659186698	-6713.379262435619	-309.391396751079	-6713.379262435619	23.477039659521846	2.3111172808663585	0.004786758908167065	3.5068832246482655	1.0	4.45202913573786	7.5397099790778395	-295.1987763235797	0.20810451352662646	0.27115096772693303	0.18973616234566124	0.33100835640077914
64000	-7032.958802020374	-6727.192398320448	-305.76640369992623	-6727.192398320448	24.418835287134886	2.2444319578682084	0.005135719478758628	3.5068832246482655	1.0	4.45202913573786	6.650637008715198	-291.72192689568175	0.20810451352662646	0.27115096772693303	0.18973616234566124	0.33100835640077914
65000	-7031.315232996754	-6730.468279176062	-300.84695382069145	-6730.468279176062	23.52519868741396	2.9901057462511376	0.005749979815574336	3.2011628896864788	1.0	4.45202913573786	6.857977887380731	-285.7583281075318	0.20810451352662646	0.27115096772693303	0.18973616234566124	0.33100835640077914
66000	-7036.299418624288	-6740.242148389138	-296.05727023515004	-6740.242148389138	21.051193206829037	2.4531296450577043	0.005922787354407884	3.2011628896864788	1.0	5.4328105648801355	6.210409195295553	-280.7725391772006	0.20810451352662646	0.27115096772693303	0.18973616234566124	0.33100835640077914
67000	-7028.3180297707395	-6731.948751607559	-296.36927816318104	-6731.948751607559	21.480299286849522	2.8938278036926213	0.006369957285379447	3.2011628896864788	1.0	5.4328105648801355	6.249723022930556	-280.41597579711845	0.20810451352662646	0.27115096772693303	0.18973616234566124	0.33100835640077914
68000	-7036.268521672098	-6740.980331374928	-295.2881902971703	-6740.980331374928	20.260377878662144	1.8607308335211565	0.005800579833706985	3.2011628896864788	1.0	5.4328105648801355	6.45057217887832	-280.8275390082209	0.20810451352662646	0.27115096772693303	0.18973616234566124	0.33100835640077914
69000	-7020.121377165959	-6726.219339754927	-293.90203741103176	-6726.219339754927	24.010067187602584	1.6196027558363526	0.00573622698128546	3.2011628896864788	1.0	5.4328105648801355	6.034386546192457	-279.88528320089085	0.20810451352662646	0.2859451629666829	0.17494196710591137	0.33100835640077914
70000	-7007.907125389151	-6716.3719204713925	-291.5352049177585	-6716.3719204713925	21.757222890690556	1.7443035611952498	0.006302598298154436	3.2011628896864788	1.0	5.4328105648801355	5.585449085746644	-277.31004637361815	0.20810451352662646	0.2859451629666829	0.17494196710591137	0.33100835640077914
71000	-7002.256844579012	-6712.306661768671	-289.9501828103412	-6712.306661768671	20.206940234094482	2.253002010338205	0.006079373865173089	3.190162914224563	1.0	5.432399942601706	6.12879065096169	-274.9334882465085	0.20810451352662646	0.2859451629666829	0.17494196710591137	0.33100835640077914
72000	-6998.281617057286	-6710.386482522116	-287.89513453516946	-6710.386482522116	22.702573211761546	2.0619934007190905	0.006373725444735957	3.190162914224563	1.0	5.180384913532155	5.642718943606928	-273.4364859847347	0.19595717541599458	0.2980925010773148	0.17494196710591137	0.33100835640077914
73000	-6981.073916515807	-6684.984632365689	-296.0892841501177	-6684.984632365689	22.798210288694932	3.3998714112645616	0.00623488202311152	3.190162914224563	1.0	5.180384913532155	5.721754613657472	-279.85084333329814	0.19595717541599458	0.2980925010773148	0.17494196710591137	0.33100835640077914
74000	-6990.237812400451	-6699.041279519886	-291.1965328805646	-6699.041279519886	22.13314827101978	2.6929215183820467	0.0063094272105166885	3.190162914224563	1.0	5.180384913532155	6.000770568970358	-275.8153290632717	0.19595717541599458	0.2980925010773148	0.17494196710591137	0.33100835640077914
75000	-6981.764718479448	-6688.910786929414	-292.8539315500342	-6688.910786929414	24.23753594342443	2.506897962593142	0.0057195388920191145	3.190162914224563	1.0	5.180384913532155	6.01868868721176	-277.8184480795076	0.19595717541599458	0.2980925010773148	0.17494196710591137	0.33100835640077914
76000	-6991.793083242776	-6693.722590098976	-298.0704931438	-6693.722590098976	20.280730270644664	2.5644450806831816	0.006063866748610226	3.190162914224563	1.0	7.0907620523257835	5.500759467039924	-281.0781307472691	0.19595717541599458	0.2980925010773148	0.17494196710591137	0.33100835640077914
77000	-6970.015223452503	-6675.114594278069	-294.90062917443475	-6675.114594278069	19.846377238994407	2.9096645731886137	0.006072377079853902	3.190162914224563	1.0	5.946079752325903	6.4984282515747775	-278.425985323469	0.19595717541599458	0.2980925010773148	0.17494196710591137	0.33100835640077914
78000	-6979.592523082327	-6686.323722180884	-293.2688009014432	-6686.323722180884	19.588684933719268	2.566552883615536	0.006474871570986564	3.190162914224563	1.0	5.946079752325903	5.921327703138807	-277.2789348373056	0.19595717541599458	0.2980925010773148	0.17494196710591137	0.33100835640077914
79000	-6977.394504748008	-6684.219013875757	-293.1754908722518	-6684.219013875757	20.16466385379314	2.774013925332831	0.00603592654897464	3.5868130396414255	1.0	5.946079752325903	5.885497794461459	-276.8509691843064	0.18927153695899718	0.3005989695617592	0.17494196710591137	0.33518752637333216
80000	-6991.741902363878	-6694.258785330938	-297.48311703293956	-6694.258785330938	19.280888672781515	2.902138977804528	0.0063214637974326445	3.5868130396414255	1.0	6.923436026503153	6.829580700519918	-279.81742877697974	0.18927153695899718	0.3005989695617592	0.17494196710591137	0.33518752637333216
81000	-6966.044544991143	-6675.986934991062	-290.05761000008096	-6675.986934991062	20.45926680043324	2.7015570901389636	0.006262627823430141	3.316863026716584	1.0	4.320889492442601	5.673707399055882	-275.5444613718597	0.18927153695899718	0.3005989695617592	0.17494196710591137	0.33518752637333216
82000	-6964.67358802938	-6673.325894439133	-291.34769359024705	-6673.325894439133	18.44183187336023	3.3329236455604323	0.006691997172074861	2.7952999153230964	1.0	4.320889492442601	6.386808754583412	-276.01286178968104	0.18927153695899718	0.29818676421738877	0.17494196710591137	0.3375997317177026
83000	-6962.728837054825	-6671.257242755204	-291.4715942996212	-6671.257242755204	18.01283320960119	2.7447476409592086	0.0062693314034901115	2.7952999153230964	1.0	6.058364048793516	5.919301246525117	-275.3035640460088	0.18927153695899718	0.29818676421738877	0.17494196710591137	0.3375997317177026
84000	-6966.372996240662	-6676.482110123321	-289.8908861173414	-6676.482110123321	18.60335244268246	3.2302849231803616	0.0063544807101332925	3.518877908621051	1.0	6.058364048793516	5.854940953169071	-272.83687289849905	0.18927153695899718	0.29818676421738877	0.17494196710591137	0.3375997317177026
85000	-6965.918055868865	-6675.911148317147	-290.00690755171746	-6675.911148317147	19.795286852238842	3.0512145507450326	0.005737995634435047	3.518877908621051	1.0	6.058364048793516	5.980480012984888	-273.2642338060016	0.19711508566371266	0.29818676421738877	0.16709841840119588	0.3375997317177026
86000	-6959.082160704621	-6668.732140858634	-290.35001984598665	-6668.732140858634	17.86641673733242	3.384355689232734	0.005764017289671136	3.518877908621051	1.0	6.058364048793516	5.653999849531525	-273.2325530060014	0.19711508566371266	0.29818676421738877	0.16709841840119588	0.3375997317177026
87000	-6962.2602726201	-6667.717266977319	-294.54300564278134	-6667.717266977319	21.364992308679696	2.798812575779053	0.005313399199197065	3.518877908621051	1.0	6.058364048793516	5.974046538465911	-278.2084386077182	0.19711508566371266	0.29818676421738877	0.16709841840119588	0.3375997317177026
88000	-6960.315286633084	-6661.215411695195	-299.09987493788867	-6661.215411695195	22.193099689230383	2.3059525265404774	0.005078801174822345	3.518877908621051	1.0	6.058364048793516	6.554384133574664	-283.3849549258496	0.19711508566371266	0.31401459317266917	0.15127058944591548	0.3375997317177026
89000	-6949.771614581269	-6650.783756171038	-298.98785841023204	-6650.783756171038	22.260140609410858	2.7306035379636997	0.005033634612288307	3.518877908621051	1.0	6.058364048793516	6.586326034839126	-282.7002333516314	0.19711508566371266	0.31401459317266917	0.15127058944591548	0.3375997317177026
90000	-6948.360453487765	-6651.7240874719655	-296.6363660157999	-6651.7240874719655	20.0614715725831	3.0606518348016554	0.005360667821578156	3.518877908621051	1.0	6.058364048793516	6.094885948614833	-279.9305850188748	0.18900337726618652	0.31401459317266917	0.15938229784344163	0.3375997317177026
91000	-6968.617264256994	-6672.198529079429	-296.4187351775647	-6672.198529079429	22.9253338799718	1.9834184302765856	0.005270385972065512	3.518877908621051	1.0	6.058364048793516	5.132217517357667	-281.3695155915277	0.18900337726618652	0.31401459317266917	0.15938229784344163	0.3375997317177026
92000	-6966.471060558116	-6674.125865083605	-292.3451954745108	-6674.125865083605	23.95444068126728	1.9783029324519428	0.005298439594069383	3.180844358430024	1.0	4.946470928945052	6.258504496902073	-278.3260120385783	0.18900337726618652	0.31401459317266917	0.15938229784344163	0.3375997317177026
93000	-6955.5322547686865	-6661.756415093983	-293.77583967470264	-6661.756415093983	21.646061959890623	2.4217293765512853	0.005344970612775119	3.180844358430024	1.0	4.946470928945052	6.816450520131877	-279.0370673923233	0.18900337726618652	0.31401459317266917	0.14449617413722607	0.35248585542391814
94000	-6952.072866598674	-6661.667238295577	-290.405628303098	-6661.667238295577	21.091187132477447	2.207670732017758	0.005583006802869817	3.180844358430024	1.0	5.290844077031987	5.611940182458634	-275.77068180113855	0.18900337726618652	0.31401459317266917	0.14449617413722607	0.35248585542391814
95000	-6939.653452197183	-6651.789158319677	-287.8642938775056	-6651.789158319677	19.643057515704495	1.934183862435156	0.005748707967888475	3.180844358430024	1.0	6.658470960060551	5.612585935382324	-272.22485247277774	0.18900337726618652	0.31401459317266917	0.14449617413722607	0.35248585542391814
96000	-6938.326133328956	-6647.591717287215	-290.73441604174025	-6647.591717287215	20.95634940876819	2.384437677991286	0.006520341561197661	2.5694220983109046	1.0	7.2286498114067035	5.694065483661148	-273.966038576182	0.18080027005487995	0.2956897466801971	0.14449617413722607	0.3790138091276968
97000	-6934.739539238071	-6643.220880876031	-291.51865836204104	-6643.220880876031	21.556503964138084	2.5739340653171467	0.007145972109811246	2.5694220983109046	1.0	7.2286498114067035	5.517229323908876	-274.431718628734	0.18080027005487995	0.2956897466801971	0.13570892277744234	0.38780106048748053
98000	-6917.068690327738	-6629.443645003831	-287.6250453239068	-6629.443645003831	20.643113157912296	2.007048147936435	0.006274372367439508	2.5694220983109046	1.0	6.710774020366957	5.238319056150151	-272.0289324540135	0.18080027005487995	0.2956897466801971	0.13570892277744234	0.38780106048748053
99000	-6913.8612636040125	-6626.63274503553	-287.22851856848206	-6626.63274503553	19.626219710005408	2.3424155549264367	0.005999819799319256	2.5694220983109046	1.0	6.710774020366957	5.272939854158719	-271.1961798863191	0.18080027005487995	0.2956897466801971	0.13570892277744234	0.38780106048748053
100000	-6923.0483547885015	-6633.3404363944255	-289.7079183940761	-6633.3404363944255	18.471762622398895	1.7493016863659112	0.006688610974383115	2.5694220983109046	1.0	6.710774020366957	5.703370957952128	-274.34417145315854	0.18080027005487995	0.2956897466801971	0.13570892277744234	0.38780106048748053
