#
#model:
#
#<?xml version="1.0" encoding="UTF-8" standalone="no"?><input id="posterior" spec="beast.core.util.CompoundDistribution">
#    <distribution id="prior" spec="beast.core.util.CompoundDistribution">
#        <distribution id="CoalescentConstant.t:1" spec="beast.evolution.tree.coalescent.Coalescent">
#            <populationModel id="ConstantPopulation.t:1" spec="beast.evolution.tree.coalescent.ConstantPopulation">
#                <parameter id="popSize.t:1" name="popSize" spec="beast.core.parameter.RealParameter">0.3</parameter>
#            </populationModel>
#            <treeIntervals id="TreeIntervals.t:1" spec="beast.evolution.tree.coalescent.TreeIntervals">
#                <tree id="Tree.t:1" spec="beast.evolution.tree.Tree">
#                    <trait id="dateTrait.t:1" spec="beast.evolution.tree.TraitSet" traitname="date" value="2_2000.1=2000.1,17_2001.6=2001.6,18_2001.7=2001.7,21_2002=2002,24_2002.3=2002.3,26_2002.5=2002.5,5_2000.4=2000.4,7_2000.6=2000.6,4_2000.3=2000.3,13_2001.2=2001.2,15_2001.4=2001.4,16_2001.5=2001.5,1_2000=2000,8_2000.7=2000.7,3_2000.2=2000.2,12_2001.1=2001.1,22_2002.1=2002.1,32_2003.1=2003.1,28_2002.7=2002.7,43_2004.2=2004.2,46_2004.5=2004.5,55_2005.4=2005.4,63_2006.2=2006.2,65_2006.4=2006.4,66_2006.5=2006.5,67_2006.6=2006.6,23_2002.2=2002.2,10_2000.9=2000.9,14_2001.3=2001.3,33_2003.2=2003.2,39_2003.8=2003.8,34_2003.3=2003.3,44_2004.3=2004.3,48_2004.7=2004.7,53_2005.2=2005.2,52_2005.1=2005.1,58_2005.7=2005.7,9_2000.8=2000.8,6_2000.5=2000.5,11_2001=2001,25_2002.4=2002.4,20_2001.9=2001.9,47_2004.6=2004.6,36_2003.5=2003.5,45_2004.4=2004.4,50_2004.9=2004.9,42_2004.1=2004.1,51_2005=2005,35_2003.4=2003.4,37_2003.6=2003.6,57_2005.6=2005.6,59_2005.8=2005.8,61_2006=2006,62_2006.1=2006.1,41_2004=2004,40_2003.9=2003.9,49_2004.8=2004.8,74_2007.3=2007.3,77_2007.6=2007.6,68_2006.7=2006.7,70_2006.9=2006.9,81_2008=2008,19_2001.8=2001.8,27_2002.6=2002.6,29_2002.8=2002.8,30_2002.9=2002.9,31_2003=2003,38_2003.7=2003.7,56_2005.5=2005.5,69_2006.8=2006.8,82_2008.1=2008.1,80_2007.9=2007.9,83_2008.2=2008.2,87_2008.6=2008.6,71_2007=2007,75_2007.4=2007.4,72_2007.1=2007.1,91_2009=2009,88_2008.7=2008.7,94_2009.3=2009.3,98_2009.7=2009.7,79_2007.8=2007.8,84_2008.3=2008.3,78_2007.7=2007.7,76_2007.5=2007.5,89_2008.8=2008.8,93_2009.2=2009.2,96_2009.5=2009.5,97_2009.6=2009.6,95_2009.4=2009.4,100_2009.9=2009.9,54_2005.3=2005.3,60_2005.9=2005.9,64_2006.3=2006.3,73_2007.2=2007.2,86_2008.5=2008.5,85_2008.4=2008.4,90_2008.9=2008.9,99_2009.8=2009.8,92_2009.1=2009.1,101_2010=2010">
#                        <taxa id="TaxonSet.1" spec="beast.evolution.alignment.TaxonSet">
#                        </taxa>
#                    </trait>
#                    <taxonset idref="TaxonSet.1"/>
#                </tree>
#            </treeIntervals>
#        </distribution>
#        <prior id="rateOmega.prior" name="distribution">
#            <parameter id="rateOmega" lower="0.1" name="x" spec="beast.core.parameter.RealParameter" upper="10.0">0.5</parameter>
#            <Gamma id="Gamma.0" name="distr">
#                <parameter estimate="false" id="rateOmega.alpha" name="alpha" spec="beast.core.parameter.RealParameter">0.1</parameter>
#                <parameter estimate="false" id="rateOmega.beta" name="beta" spec="beast.core.parameter.RealParameter">1.0</parameter>
#            </Gamma>
#        </prior>
#        <prior id="rateMean.prior" name="distribution">
#            <parameter id="rateMean" lower="1.0E-4" name="x" spec="beast.core.parameter.RealParameter" upper="10.0">0.005</parameter>
#            <Gamma id="Gamma.1" name="distr">
#                <parameter estimate="false" id="rateMean.alpha" name="alpha" spec="beast.core.parameter.RealParameter">0.005</parameter>
#                <parameter estimate="false" id="rateMean.beta" name="beta" spec="beast.core.parameter.RealParameter">1.0</parameter>
#            </Gamma>
#        </prior>
#        <prior id="FrequenciesPrior.s:1" name="distribution">
#            <parameter dimension="4" id="freqParameter.s:1" lower="0.0" name="x" spec="beast.core.parameter.RealParameter" upper="1.0">0.25</parameter>
#            <Uniform id="Uniform.3" name="distr"/>
#        </prior>
#        <prior id="GammaShapePrior.s:1" name="distribution">
#            <parameter id="gammaShape.s:1" name="x" spec="beast.core.parameter.RealParameter">1.0</parameter>
#            <Exponential id="Exponential.0" name="distr">
#                <parameter estimate="false" id="RealParameter.0" name="mean" spec="beast.core.parameter.RealParameter">1.0</parameter>
#            </Exponential>
#        </prior>
#        <prior id="KappaPrior.s:1" name="distribution">
#            <parameter id="kappa.s:1" lower="0.0" name="x" spec="beast.core.parameter.RealParameter">2.0</parameter>
#            <LogNormal id="LogNormalDistributionModel.0" name="distr">
#                <parameter estimate="false" id="RealParameter.1" name="M" spec="beast.core.parameter.RealParameter">1.0</parameter>
#                <parameter estimate="false" id="RealParameter.2" name="S" spec="beast.core.parameter.RealParameter">1.25</parameter>
#            </LogNormal>
#        </prior>
#        <prior id="PopSizePrior.t:1" name="distribution" x="@popSize.t:1">
#            <OneOnX id="OneOnX.1" name="distr"/>
#        </prior>
#    </distribution>
#    <distribution id="likelihood" spec="beast.core.util.CompoundDistribution" useThreads="true">
#        <distribution data="@1" id="treeLikelihood.1" spec="beast.evolution.likelihood.ThreadedTreeLikelihood" tree="@Tree.t:1">
#            <siteModel gammaCategoryCount="4" id="SiteModel.s:1" shape="@gammaShape.s:1" spec="beast.evolution.sitemodel.SiteModel">
#                <parameter id="mutationRate.s:1" name="mutationRate" spec="beast.core.parameter.RealParameter">1.0</parameter>
#                <parameter estimate="false" id="proportionInvariant.s:1" lower="0.0" name="proportionInvariant" spec="beast.core.parameter.RealParameter" upper="1.0">0.0</parameter>
#                <substModel id="hky.s:1" kappa="@kappa.s:1" spec="beast.evolution.substitutionmodel.HKY">
#                    <frequencies frequencies="@freqParameter.s:1" id="estimatedFreqs.s:1" spec="beast.evolution.substitutionmodel.Frequencies"/>
#                </substModel>
#            </siteModel>
#            <branchRateModel id="branchRates" numSites="1000" numberOfDiscreteRates="12" rateMean="@rateMean" rateOmega="@rateOmega" spec="beast.evolution.branchratemodel.ARClockModel" tree="@Tree.t:1">
#                <rateCategories dimension="200" id="rateCategories" spec="beast.core.parameter.IntegerParameter">1</rateCategories>
#            </branchRateModel>
#        </distribution>
#    </distribution>
#</input>
#
Sample	posterior	likelihood	prior	treeLikelihood	TreeHeight	rateOmega	rateMean	kappa	mutationRate	gammaShape	popSize	CoalescentConstant	freqParameter.1	freqParameter.2	freqParameter.3	freqParameter.4
0	-32065.731821647765	-31831.698615477406	-234.03320617036022	-31831.698615477406	10.751582664363609	0.5	0.005	2.0	1.0	1.0	0.3	-230.21431273121476	0.25	0.25	0.25	0.25
1000	-18319.002863041504	-17965.780225558636	-353.2226374828676	-17965.780225558636	13.4005802166276	0.2011427438935073	0.047827110227030796	3.9361561049888136	1.0	1.0	2.7027170580744997	-345.34343063291	0.25	0.25	0.25	0.25
2000	-15692.927192436442	-15364.42146368038	-328.50572875606156	-15364.42146368038	13.871416839488445	2.5640686875552183	0.032220731947236035	3.9361561049888136	1.0	1.0	8.27348708623452	-315.2626092773146	0.25	0.25	0.25	0.25
3000	-14531.961122379791	-14187.19843958085	-344.7626827989401	-14187.19843958085	15.030801393361783	6.334328230307207	0.024465958321177792	3.9361561049888136	1.0	1.0	10.330967755756276	-326.99496983067525	0.25	0.24546909756004567	0.25	0.2545309024399543
4000	-13681.724500575509	-13340.796179206196	-340.928321369313	-13340.796179206196	15.92611908243663	9.514886065112895	0.024077627843760115	3.9361561049888136	1.0	1.0	8.785819809646236	-319.7921790325874	0.25	0.24546909756004567	0.25	0.2545309024399543
5000	-13140.836823292684	-12793.693978250849	-347.14284504183576	-12793.693978250849	15.014708416665627	9.846779820745988	0.0235385265538007	3.9361561049888136	1.0	0.8557518595265975	10.608970542839634	-325.6227084232879	0.25	0.2539092668166107	0.24155983074343498	0.2545309024399543
6000	-12771.783681323319	-12427.815511953127	-343.9681693701916	-12427.815511953127	15.00964319763097	9.802805791771604	0.02370637122909613	3.9361561049888136	1.0	0.8557518595265975	9.427356284135453	-322.60688159108577	0.25	0.2539092668166107	0.24155983074343498	0.2545309024399543
7000	-12538.321476419242	-12193.86405084126	-344.45742557797996	-12193.86405084126	15.430858241204056	9.926566070534383	0.022721121338013264	3.9361561049888136	1.0	0.8557518595265975	10.067734090645141	-322.9385880994427	0.25	0.2539092668166107	0.24155983074343498	0.2545309024399543
8000	-12236.862617515317	-11886.899009890503	-349.9636076248142	-11886.899009890503	15.716545118783516	9.926566070534383	0.02140123847953673	3.9361561049888136	1.0	0.8557518595265975	9.871305948738314	-328.5253404583623	0.24502309234370784	0.2539092668166107	0.23807783423378398	0.2629898066058975
9000	-12067.760069540625	-11716.708268326303	-351.0518012143213	-11716.708268326303	15.716545118783516	9.926566070534383	0.02079046162897781	3.9361561049888136	1.0	0.8557518595265975	10.361245915497326	-329.59451420746007	0.24502309234370784	0.2539092668166107	0.23807783423378398	0.2629898066058975
10000	-11653.495833241624	-11296.638326577442	-356.8575066641815	-11296.638326577442	15.138686703491812	9.926566070534383	0.01860880936938875	3.9361561049888136	1.0	0.705014480816737	10.191659948291006	-335.6799463656185	0.24502309234370784	0.2539092668166107	0.23807783423378398	0.2629898066058975
11000	-11152.41155225305	-10789.004085190463	-363.4074670625876	-10789.004085190463	15.15049012118368	9.926566070534383	0.016399277818176815	3.9361561049888136	1.0	0.705014480816737	9.9630525655288	-342.3805683254158	0.24354790169339577	0.2553844574669228	0.23807783423378398	0.2629898066058975
12000	-10975.818455114391	-10614.135915385375	-361.6825397290158	-10614.135915385375	15.978589713341231	9.441167858443512	0.015541282913005647	3.9361561049888136	1.0	0.705014480816737	11.748747734671834	-341.0756241875914	0.24354790169339577	0.2553844574669228	0.23807783423378398	0.2629898066058975
13000	-10780.689504576874	-10420.056545979807	-360.6329585970667	-10420.056545979807	15.978589713341231	9.765705658491909	0.014816690478728467	3.9361561049888136	1.0	0.705014480816737	11.288160054147264	-339.7593115766505	0.24354790169339577	0.2553844574669228	0.23807783423378398	0.2629898066058975
14000	-10657.302946043961	-10294.255284569243	-363.0476614747192	-10294.255284569243	16.58906846140649	9.61841323173047	0.013969579580158393	3.9361561049888136	1.0	0.705014480816737	10.443590630123401	-342.4721755406795	0.24354790169339577	0.2553844574669228	0.23807783423378398	0.2629898066058975
15000	-10343.082645536131	-9984.627199412516	-358.45544612361437	-9984.627199412516	16.997734500848722	9.907462960645523	0.013969579580158393	3.9361561049888136	1.0	0.7046065720280229	11.417544416885017	-337.475507565454	0.24354790169339577	0.2553844574669228	0.23807783423378398	0.2629898066058975
16000	-10286.050576261101	-9926.37056809555	-359.6800081655506	-9926.37056809555	15.866132196182825	9.337168980882101	0.012507098110466491	3.9361561049888136	1.0	0.7046065720280229	11.239361902810462	-339.4509446573369	0.24354790169339577	0.2553844574669228	0.23807783423378398	0.2629898066058975
17000	-10112.283819853892	-9756.797145283186	-355.48667457070616	-9756.797145283186	16.98547137167979	7.964088259246452	0.012303891762560982	3.7927911456709906	1.0	0.7046065720280229	10.57709919689631	-336.8965318819891	0.24354790169339577	0.2553844574669228	0.23807783423378398	0.2629898066058975
18000	-9889.402915331584	-9536.97697415169	-352.42594117989455	-9536.97697415169	16.683330524551447	7.929767051833233	0.011482575744955191	3.7927911456709906	1.0	0.7046065720280229	10.225359189433586	-333.97738778110863	0.24354790169339577	0.2553844574669228	0.23807783423378398	0.2629898066058975
19000	-9843.003614827898	-9481.995661821733	-361.00795300616403	-9481.995661821733	17.374454919446855	8.082983709765768	0.011482575744955191	3.7927911456709906	1.0	0.7046065720280229	14.829603011270144	-342.01720471866827	0.24354790169339577	0.2553844574669228	0.23807783423378398	0.2629898066058975
20000	-9795.577279254843	-9446.328776879112	-349.2485023757303	-9446.328776879112	17.374454919446855	7.361230190018168	0.011323029943433698	3.7927911456709906	1.0	0.7046065720280229	11.253062748535113	-331.3537548882378	0.2364107210140114	0.2553844574669228	0.23807783423378398	0.27012698728528184
21000	-9735.747716836453	-9385.899778216	-349.84793862045336	-9385.899778216	16.741714935428092	7.328746149753141	0.01106162085731432	3.7927911456709906	1.0	0.7046065720280229	11.504782820658242	-331.99103480740916	0.2364107210140114	0.2553844574669228	0.23807783423378398	0.27012698728528184
22000	-9607.705956184473	-9260.282849135308	-347.4231070491636	-9260.282849135308	16.66572115406657	7.801829978631229	0.01191357268923093	3.7927911456709906	1.0	0.7954188844360245	9.622469363031504	-329.0499927879136	0.2364107210140114	0.2553844574669228	0.23807783423378398	0.27012698728528184
23000	-9528.004812917028	-9175.810490922377	-352.1943219946513	-9175.810490922377	16.439174106914113	7.681238857607606	0.011520679978531012	3.7927911456709906	1.0	0.8755008787872492	9.655605108148904	-333.90605877538155	0.2364107210140114	0.2553844574669228	0.23807783423378398	0.27012698728528184
24000	-9472.92812948541	-9122.954754669925	-349.97337481548493	-9122.954754669925	18.470433861102517	6.492956074948776	0.01014128808203181	3.7927911456709906	1.0	0.8755008787872492	10.476959381493886	-333.0712815142357	0.2364107210140114	0.2553844574669228	0.23807783423378398	0.27012698728528184
25000	-9280.517713598932	-8929.865677203694	-350.65203639523816	-8929.865677203694	17.019525072763045	6.150080604129631	0.010353453344156764	3.7927911456709906	1.0	0.8755008787872492	11.095993415197452	-334.06342668467926	0.2364107210140114	0.2560374420442527	0.23807783423378398	0.2694740027079519
26000	-9174.770974150031	-8818.33038099054	-356.4405931594919	-8818.33038099054	18.19683151097369	7.031199249004862	0.010684236359101745	3.7927911456709906	1.0	0.8755008787872492	9.302485726244806	-338.99504152901795	0.2364107210140114	0.2560374420442527	0.23807783423378398	0.2694740027079519
27000	-9105.14200335076	-8753.853356396716	-351.28864695404405	-8753.853356396716	18.34972471835792	6.666367298627882	0.009349471800735943	3.7927911456709906	1.0	0.8755008787872492	11.483896985294937	-334.1793341959889	0.23810527671554876	0.2560374420442527	0.2363832785322466	0.2694740027079519
28000	-9048.71263626745	-8700.487728006347	-348.22490826110254	-8700.487728006347	18.510746402809833	7.979037315386193	0.009738289442789904	3.7927911456709906	1.0	0.8755008787872492	9.008831806436072	-329.84296673070196	0.23810527671554876	0.2560374420442527	0.2363832785322466	0.2694740027079519
29000	-9000.567928219163	-8653.75225792976	-346.8156702894033	-8653.75225792976	17.40897252868726	7.660532713692335	0.008922031015308926	3.7927911456709906	1.0	0.8755008787872492	9.559094421710785	-328.81752880506247	0.23810527671554876	0.2560374420442527	0.2363832785322466	0.2694740027079519
30000	-8984.612692253624	-8635.844889331775	-348.76780292185	-8635.844889331775	17.640888128516515	8.735351817755493	0.009251499185250976	3.7927911456709906	1.0	1.0569258564705184	9.459659656632573	-329.36929676556275	0.23810527671554876	0.2560374420442527	0.2363832785322466	0.2694740027079519
31000	-8846.476753042796	-8502.340446812988	-344.13630622980736	-8502.340446812988	17.25302034319261	9.166302664464213	0.009863479593020546	3.7927911456709906	1.0	1.0569258564705184	10.19366345871833	-324.12443401950316	0.23067074713365135	0.26347197162615016	0.2363832785322466	0.2694740027079519
32000	-8765.329733611241	-8417.91337954555	-347.41635406569105	-8417.91337954555	17.957335009313116	8.392864037337455	0.009616988984844518	3.7927911456709906	1.0	1.0569258564705184	12.360856179014583	-328.08991676044093	0.23067074713365135	0.26347197162615016	0.2358995437259342	0.26995773751426433
33000	-8751.657196398823	-8405.375614919792	-346.2815814790305	-8405.375614919792	21.159250800072964	8.780147826791069	0.008786686990381869	3.7927911456709906	1.0	1.0569258564705184	8.029375013746325	-327.04936045456776	0.23067074713365135	0.26347197162615016	0.2358995437259342	0.26995773751426433
34000	-8462.570497226206	-8123.21630687362	-339.3541903525872	-8123.21630687362	17.784548933641865	9.549948747480736	0.008660746491094528	3.7927911456709906	1.0	1.0569258564705184	10.200989827209654	-319.05164262602744	0.23067074713365135	0.26347197162615016	0.2358995437259342	0.26995773751426433
35000	-8302.605397454492	-7964.058097796193	-338.5472996582992	-7964.058097796193	19.899199239800872	8.505049916917317	0.008963130391142568	3.7927911456709906	1.0	1.894291806239804	8.90810025819627	-318.65764727728646	0.23067074713365135	0.26347197162615016	0.2358995437259342	0.26995773751426433
36000	-8277.632267229785	-7938.191429236474	-339.44083799331196	-7938.191429236474	18.818051650607806	9.990233879404768	0.008971816784913959	3.7927911456709906	1.0	1.894291806239804	8.572989298414413	-317.95852055586266	0.23067074713365135	0.26347197162615016	0.2358995437259342	0.26995773751426433
37000	-8161.928498419964	-7829.507822410819	-332.4206760091445	-7829.507822410819	18.641184084189266	8.8123905126885	0.008066149933804502	3.7927911456709906	1.0	1.894291806239804	8.544605040180507	-312.339208177604	0.23067074713365135	0.26347197162615016	0.2358995437259342	0.26995773751426433
38000	-8129.312876222812	-7796.464952430212	-332.847923792599	-7796.464952430212	19.42697219609549	8.248612602870942	0.00802546585522146	3.7927911456709906	1.0	1.894291806239804	8.416015850281669	-313.40997174834047	0.23067074713365135	0.26347197162615016	0.2358995437259342	0.26995773751426433
39000	-8118.030542222649	-7785.64911840332	-332.381423819329	-7785.64911840332	20.39650319028287	8.780394062109538	0.007282494597901711	3.7927911456709906	1.0	2.528496441243391	8.034543110900044	-311.8650469303237	0.23067074713365135	0.25482962683514726	0.2358995437259342	0.2786000823052672
40000	-8082.121226939262	-7748.975902506407	-333.1453244328545	-7748.975902506407	19.516158727727852	6.803824475960235	0.006896004649441475	3.5490161373316504	1.0	2.528496441243391	8.775818455976026	-314.8806269382493	0.23067074713365135	0.25482962683514726	0.2358995437259342	0.2786000823052672
41000	-7865.8287139654385	-7539.895596832318	-325.9331171331209	-7539.895596832318	18.77181554671963	6.915007649053202	0.006940025167549692	3.5490161373316504	1.0	2.528496441243391	7.933607431943302	-307.63716498734897	0.23067074713365135	0.2466273446672354	0.2358995437259342	0.2868023644731791
42000	-7792.960585711607	-7462.632397956937	-330.32818775466967	-7462.632397956937	18.927402793666754	6.62948470457704	0.006715912678841876	3.5490161373316504	1.0	2.528496441243391	8.94247072096726	-312.2688904176764	0.23067074713365135	0.2466273446672354	0.2358995437259342	0.2868023644731791
43000	-7754.712621400791	-7432.865577824591	-321.8470435762001	-7432.865577824591	18.555511906746965	6.157099125668687	0.006895048936178436	3.5490161373316504	1.0	2.528496441243391	7.661660475071833	-304.4548728158938	0.23067074713365135	0.2466273446672354	0.2358995437259342	0.2868023644731791
44000	-7696.01287396119	-7375.8485080623395	-320.16436589885075	-7375.8485080623395	17.37113565994877	6.833248920046506	0.007230973729508802	3.5490161373316504	1.0	2.936081441644889	6.632654774640957	-301.69124071289735	0.23067074713365135	0.2466273446672354	0.2358995437259342	0.2868023644731791
45000	-7620.161406392814	-7297.353662675682	-322.80774371713113	-7297.353662675682	17.61961065326563	7.737377419180477	0.0070254484013485856	3.5490161373316504	1.0	2.936081441644889	7.799410033098324	-303.18550680004853	0.2194358337312026	0.25106171120802157	0.23146517718514803	0.29803727787562784
46000	-7552.301471337149	-7221.425210425998	-330.8762609111522	-7221.425210425998	18.07843106436985	8.867786083112287	0.007224318629322463	3.5490161373316504	1.0	4.113653420009182	8.161844622517311	-308.7499219289459	0.2194358337312026	0.25106171120802157	0.23146517718514803	0.29803727787562784
47000	-7547.065500702825	-7213.783437594084	-333.28206310874174	-7213.783437594084	18.93253729626361	9.616770736279186	0.007616129978226845	3.5490161373316504	1.0	4.113653420009182	6.665451420661031	-310.4833537951393	0.2194358337312026	0.25106171120802157	0.23146517718514803	0.29803727787562784
48000	-7512.034213676059	-7180.331625711805	-331.70258796425435	-7180.331625711805	18.493266587662355	9.035547679795535	0.007502223920343834	3.5490161373316504	1.0	4.113653420009182	8.93588478162193	-309.2631794344157	0.2234807515650733	0.25106171120802157	0.22742025935127733	0.29803727787562784
49000	-7503.34446282962	-7178.619967339265	-324.72449549035565	-7178.619967339265	18.885731318510306	8.176892207744851	0.007454414719534841	3.5490161373316504	1.0	4.113653420009182	7.404121408957418	-303.4280586630468	0.2234807515650733	0.25106171120802157	0.22742025935127733	0.29803727787562784
50000	-7395.939408987325	-7074.688985895819	-321.25042309150587	-7074.688985895819	18.83234027352857	7.804647741810451	0.006952061760574196	3.5490161373316504	1.0	4.113653420009182	7.304835471767667	-300.4515861361741	0.2234807515650733	0.25106171120802157	0.22742025935127733	0.29803727787562784
51000	-7390.625396936689	-7065.688002107377	-324.93739482931255	-7065.688002107377	19.53397171939954	9.360886517730025	0.007176248095663971	3.277538433606192	1.0	4.113653420009182	7.4248688130296845	-302.4617109446811	0.2234807515650733	0.25106171120802157	0.22742025935127733	0.29803727787562784
52000	-7385.948833099468	-7062.067198540973	-323.8816345584958	-7062.067198540973	19.23316589653746	7.153921437102003	0.007092838692832423	3.277538433606192	1.0	4.113653420009182	6.984614288604338	-303.9277484168508	0.2234807515650733	0.25106171120802157	0.22742025935127733	0.29803727787562784
53000	-7342.464053344381	-7019.505201810773	-322.95885153360774	-7019.505201810773	17.32760022445595	7.541792451654835	0.007511648195204732	3.277538433606192	1.0	4.113653420009182	8.717109446945146	-302.2904959214224	0.2234807515650733	0.25106171120802157	0.2107207664628397	0.3147367707640655
54000	-7339.888079201612	-7016.646436816963	-323.24164238464897	-7016.646436816963	18.32698537066405	7.631009652518902	0.006666563297364011	3.277538433606192	1.0	4.113653420009182	8.726217352726934	-302.5920397925308	0.2234807515650733	0.25106171120802157	0.2107207664628397	0.3147367707640655
55000	-7344.024434484419	-7022.965849765903	-321.05858471851565	-7022.965849765903	19.558350006878214	8.366499686369606	0.007475729052518429	3.277538433606192	1.0	4.113653420009182	6.92926538166314	-299.7064628337152	0.2234807515650733	0.25106171120802157	0.2107207664628397	0.3147367707640655
56000	-7303.288056428775	-6984.436127836698	-318.8519285920779	-6984.436127836698	20.40760646608405	8.203098619470028	0.006711774441322023	3.277538433606192	1.0	4.113653420009182	5.778793865790498	-297.9705411081044	0.2234807515650733	0.25257889726696325	0.19221844518262388	0.3317219059853396
57000	-7294.338672932364	-6985.666480949291	-308.67219198307214	-6985.666480949291	19.174022340473353	7.805394751178121	0.007436258701547106	3.277538433606192	1.0	4.113653420009182	7.099036223905749	-287.92475501523296	0.2234807515650733	0.25257889726696325	0.19221844518262388	0.3317219059853396
58000	-7285.922253849341	-6974.586066399262	-311.33618745008005	-6974.586066399262	18.04333234703457	8.961493806436104	0.008003129261083675	3.277538433606192	1.0	4.113653420009182	6.062851274212711	-289.39245632922666	0.2234807515650733	0.25257889726696325	0.19221844518262388	0.3317219059853396
59000	-7300.890022172315	-6988.448389570704	-312.4416326016107	-6988.448389570704	18.39421913009516	7.453162986425218	0.007441279338528375	3.1022215019792463	1.0	4.113653420009182	6.102487202665322	-292.2991620668536	0.2234807515650733	0.25257889726696325	0.19221844518262388	0.3317219059853396
60000	-7293.616487408593	-6981.696367962928	-311.9201194456648	-6981.696367962928	20.553564628579004	7.715869683466625	0.006950413887738877	3.1022215019792463	1.0	3.2866654558697084	8.451133755115631	-292.0535406039932	0.2234807515650733	0.24454602155130392	0.19221844518262388	0.339754781700999
61000	-7269.310051604586	-6958.323933271228	-310.9861183333574	-6958.323933271228	22.00946416399055	8.853103059590083	0.00771505623494813	3.1022215019792463	1.0	3.2866654558697084	8.46415374096501	-289.75241139872776	0.2132582991906162	0.254768473925761	0.19221844518262388	0.339754781700999
62000	-7253.041941449215	-6947.453162857469	-305.5887785917463	-6947.453162857469	22.85754009911088	9.114057030593584	0.0072163331289066815	3.1022215019792463	1.0	3.2866654558697084	6.682398735558511	-284.37132719463983	0.20981704269726922	0.2692608163174415	0.18116735928429037	0.339754781700999
63000	-7226.692928734919	-6917.284698332016	-309.4082304029035	-6917.284698332016	23.00130159451866	7.865495073122032	0.007557741464432086	3.1022215019792463	1.0	3.9314526112480905	7.723679212870139	-288.73600348156754	0.20981704269726922	0.2692608163174415	0.18116735928429037	0.339754781700999
64000	-7236.272064286033	-6928.6389642899985	-307.63309999603433	-6928.6389642899985	21.585139133482812	7.434101178273929	0.006872158327412046	3.1022215019792463	1.0	3.9314526112480905	5.539553765897229	-287.8707151570231	0.20981704269726922	0.2692608163174415	0.18116735928429037	0.339754781700999
65000	-7244.001849613458	-6935.0327220498975	-308.96912756356096	-6935.0327220498975	24.040604848584888	8.128290838305293	0.007612302618114772	3.1022215019792463	1.0	3.9314526112480905	6.84476866854862	-288.1181204734212	0.20981704269726922	0.2692608163174415	0.18116735928429037	0.339754781700999
66000	-7239.030359921518	-6929.607171311975	-309.4231886095424	-6929.607171311975	23.762390652670064	8.63844476378605	0.007519067979070993	3.1022215019792463	1.0	3.9314526112480905	7.099775566458915	-287.9830195120526	0.20981704269726922	0.2692608163174415	0.18116735928429037	0.339754781700999
67000	-7236.551437883296	-6926.701666384156	-309.8497714991398	-6926.701666384156	24.513137232938547	8.768834914166328	0.007077091993378748	3.1022215019792463	1.0	3.9314526112480905	6.831190839243649	-288.3650113482174	0.20981704269726922	0.2692608163174415	0.18116735928429037	0.339754781700999
68000	-7230.9459762407	-6921.2297421275125	-309.7162341131868	-6921.2297421275125	22.731070852068875	9.16326372984064	0.007033221858842067	3.1022215019792463	1.0	3.9314526112480905	6.209988483258769	-287.89901746053454	0.20981704269726922	0.2692608163174415	0.18116735928429037	0.339754781700999
69000	-7236.171384567956	-6926.138903209166	-310.0324813587903	-6926.138903209166	20.86351200251365	8.661800660387222	0.007468314311490527	3.1022215019792463	1.0	3.9314526112480905	5.6956429967799975	-288.79367774961423	0.20981704269726922	0.2692608163174415	0.18116735928429037	0.339754781700999
70000	-7231.584785242325	-6928.195406051927	-303.3893791903975	-6928.195406051927	20.60942768923972	7.699117622841772	0.007622730229709484	3.1022215019792463	1.0	4.848580131760871	5.666159435970882	-282.2868388853045	0.20981704269726922	0.27417874861967273	0.17624942698205912	0.339754781700999
71000	-7229.435716680156	-6921.107721963059	-308.3279947170964	-6921.107721963059	22.139022799781728	7.467198642419183	0.006854037861258021	3.1022215019792463	1.0	4.848580131760871	7.178582505229018	-287.3548440887868	0.20981704269726922	0.27417874861967273	0.17624942698205912	0.339754781700999
72000	-7227.605128685879	-6923.733576394802	-303.8715522910772	-6923.733576394802	21.475825187958534	8.713189887307207	0.007567272371821916	2.5945619506372175	1.0	4.848580131760871	5.77526007227831	-281.8154219284545	0.20404943920459917	0.27417874861967273	0.17624942698205912	0.345522385193669
73000	-7220.949690366881	-6918.1783447221715	-302.7713456447101	-6918.1783447221715	18.769651538397277	9.844028623123526	0.00809668173693946	2.5945619506372175	1.0	4.848580131760871	5.372501294760288	-279.4790289349545	0.20404943920459917	0.27417874861967273	0.17624942698205912	0.345522385193669
74000	-7215.645251539092	-6919.765461873059	-295.8797896660324	-6919.765461873059	20.01457791290217	8.850395886741596	0.007193601782885344	2.5945619506372175	1.0	4.848580131760871	5.059640551645057	-273.8554404982117	0.20404943920459917	0.27417874861967273	0.17624942698205912	0.345522385193669
75000	-7208.841493912587	-6910.658776701889	-298.1827172106976	-6910.658776701889	20.750766695304275	8.721547662323173	0.007263070160753443	2.6483253334871493	1.0	4.848580131760871	5.816829277378262	-276.1312903291603	0.20404943920459917	0.27417874861967273	0.17624942698205912	0.345522385193669
76000	-7215.249664896004	-6918.58272268502	-296.6669422109841	-6918.58272268502	22.24369862660558	8.670288267639712	0.00709113325353741	2.6483253334871493	1.0	4.848580131760871	5.313476137432922	-274.7865985895166	0.20404943920459917	0.27417874861967273	0.17624942698205912	0.345522385193669
77000	-7192.851654894893	-6900.827733729607	-292.02392116528574	-6900.827733729607	17.813956122844274	9.074552801450084	0.007543904247098684	2.6483253334871493	1.0	4.848580131760871	6.369255066823131	-269.4550239124023	0.19292912138480883	0.27417874861967273	0.18736974480184945	0.345522385193669
78000	-7200.521007946834	-6907.414804625819	-293.1062033210154	-6907.414804625819	19.710445256612037	9.896688771646428	0.0075348127270879126	2.619431132227052	1.0	4.848580131760871	4.8316113103524065	-269.92537677220076	0.19292912138480883	0.27417874861967273	0.18736974480184945	0.345522385193669
79000	-7207.1576120526615	-6907.953800615469	-299.2038114371924	-6907.953800615469	21.166043163310892	9.837470897395871	0.007464498195978085	2.619431132227052	1.0	5.495464402190833	6.592769441654583	-275.1393256258403	0.1872922551685067	0.27417874861967273	0.18736974480184945	0.3511592514099712
80000	-7203.31785799029	-6910.880864704509	-292.4369932857809	-6910.880864704509	18.04212655387059	9.547935638470246	0.007444560922318311	2.619431132227052	1.0	4.3155255610643435	5.811687266072732	-269.9976515511878	0.19206716547552657	0.27417874861967273	0.18259483449482958	0.3511592514099712
81000	-7190.689923181621	-6901.82211362393	-288.8678095576918	-6901.82211362393	19.583068486040354	9.841983319363038	0.007007149218847664	2.619431132227052	1.0	4.3155255610643435	5.899839369921642	-266.1527542924167	0.19206716547552657	0.2710262795979446	0.18259483449482958	0.3543117204316993
82000	-7189.625032881984	-6896.757043736251	-292.86798914573274	-6896.757043736251	19.81445203234211	9.822893821461314	0.007366193420013884	2.894494443910535	1.0	4.3155255610643435	4.451896368310268	-270.3046097064126	0.19206716547552657	0.2710262795979446	0.18259483449482958	0.3543117204316993
83000	-7181.409539238633	-6888.583440974612	-292.82609826402125	-6888.583440974612	20.60180007145807	7.908691575943696	0.007116537520733313	2.894494443910535	1.0	5.028131918446845	6.392958491438386	-271.3320828189485	0.19206716547552657	0.2710262795979446	0.18259483449482958	0.3543117204316993
84000	-7186.1028848794895	-6896.727808502338	-289.37507637715106	-6896.727808502338	20.671376246388736	9.36956765107706	0.007240182991746823	2.894494443910535	1.0	5.028131918446845	6.091244531845477	-266.2987127522747	0.19206716547552657	0.2710262795979446	0.18259483449482958	0.3543117204316993
85000	-7177.7731775975735	-6891.849852340238	-285.923325257336	-6891.849852340238	20.113728724683504	8.747283322596715	0.007331671583809851	2.894494443910535	1.0	5.028131918446845	5.682007453160409	-263.58805942507934	0.19206716547552657	0.2710262795979446	0.18259483449482958	0.3543117204316993
86000	-7190.554095334765	-6902.715739722558	-287.83835561220684	-6902.715739722558	19.964483177058124	9.165693056730612	0.007586164932084808	2.894494443910535	1.0	5.028131918446845	4.875618051630578	-265.1614793454867	0.19206716547552657	0.2710262795979446	0.18259483449482958	0.3543117204316993
87000	-7196.416594601302	-6912.402190860488	-284.0144037408134	-6912.402190860488	21.293726861595935	7.258593241265343	0.007334873512558513	2.894494443910535	1.0	5.028131918446845	5.085940988024917	-263.44611629166945	0.19206716547552657	0.2710262795979446	0.18259483449482958	0.3543117204316993
88000	-7188.710488364662	-6904.292793949642	-284.4176944150193	-6904.292793949642	20.496996191391297	8.246813944722733	0.007232363092043424	2.7679441807552756	1.0	5.028131918446845	5.180772291218715	-262.7878050131872	0.19206716547552657	0.2710262795979446	0.18259483449482958	0.3543117204316993
89000	-7197.995426014331	-6906.070286040984	-291.9251399733478	-6906.070286040984	22.77678177215043	8.325771843420249	0.0070714464547094865	2.7679441807552756	1.0	5.028131918446845	5.114322194181729	-270.2431751956694	0.19206716547552657	0.2710262795979446	0.18259483449482958	0.3543117204316993
90000	-7182.254065660408	-6888.136759707276	-294.11730595313213	-6888.136759707276	22.128834034393424	9.996788248730002	0.006976404303050487	2.7679441807552756	1.0	5.028131918446845	5.612389118186922	-270.52033463541693	0.1908424893265205	0.2722509557469507	0.18259483449482958	0.3543117204316993
91000	-7176.700487228631	-6886.821125629318	-289.87936159931303	-6886.821125629318	19.254360111863335	9.668043714981064	0.007435349589856167	2.7679441807552756	1.0	5.028131918446845	5.093060332278625	-266.67447416911597	0.1908424893265205	0.2722509557469507	0.18259483449482958	0.3543117204316993
92000	-7181.441128223032	-6893.816015040602	-287.6251131824301	-6893.816015040602	18.556294044654052	9.787071413636337	0.007920098580399295	2.7679441807552756	1.0	3.8207306583245817	5.005605416477673	-265.45158016858795	0.1908424893265205	0.2722509557469507	0.18259483449482958	0.3543117204316993
93000	-7170.703307207162	-6888.178787634697	-282.5245195724646	-6888.178787634697	21.55094631865188	9.227663178072078	0.007917580277221727	2.7679441807552756	1.0	3.8207306583245817	5.39435782665548	-260.888889332353	0.1908424893265205	0.2722509557469507	0.18259483449482958	0.3543117204316993
94000	-7178.206780950111	-6893.270214732291	-284.9365662178209	-6893.270214732291	19.735059045158717	8.537308900093263	0.007861790247627645	2.7679441807552756	1.0	4.3721990224871785	5.212039340784869	-263.5512799681202	0.1908424893265205	0.2722509557469507	0.18259483449482958	0.3543117204316993
95000	-7169.026963466086	-6882.765710582814	-286.26125288327233	-6882.765710582814	20.296580157416926	8.553268722755792	0.007464108513645921	2.7679441807552756	1.0	4.3721990224871785	5.684967916841578	-264.82351811219655	0.1908424893265205	0.2722509557469507	0.18259483449482958	0.3543117204316993
96000	-7180.786956931689	-6893.924346123496	-286.8626108081923	-6893.924346123496	23.37350535870642	9.296367914117896	0.007818226660828041	2.7679441807552756	1.0	4.3721990224871785	5.764845701476625	-264.5463705897032	0.1908424893265205	0.2722509557469507	0.18259483449482958	0.3543117204316993
97000	-7169.256099261372	-6889.016510533574	-280.23958872779826	-6889.016510533574	21.344660608604315	9.082615875307287	0.007896410046649042	2.7679441807552756	1.0	4.3721990224871785	5.636979188087181	-258.17048709659247	0.1908424893265205	0.2722509557469507	0.18259483449482958	0.3543117204316993
98000	-7168.298194672531	-6888.573668270178	-279.7245264023533	-6888.573668270178	20.248744975229638	9.861755683130681	0.007977912919539604	2.7679441807552756	1.0	4.3721990224871785	4.139509114984101	-257.10068553064247	0.1908424893265205	0.2722509557469507	0.18259483449482958	0.3543117204316993
99000	-7185.286456908907	-6903.5783827969	-281.70807411200707	-6903.5783827969	19.622447094936046	8.17747847274213	0.008352730649842927	2.7679441807552756	1.0	4.3721990224871785	5.452000317562685	-260.61560048719383	0.1908424893265205	0.2583869642260432	0.18259483449482958	0.3681757119526068
100000	-7173.054394646481	-6895.012749350482	-278.04164529599876	-6895.012749350482	18.994877755060656	8.575838682734517	0.008381835809344656	2.7679441807552756	1.0	4.3721990224871785	4.047266086346062	-256.80245380479397	0.1908424893265205	0.2583869642260432	0.18259483449482958	0.3681757119526068
