#
#model:
#
#<?xml version="1.0" encoding="UTF-8" standalone="no"?><input id="posterior" spec="beast.core.util.CompoundDistribution">
#    <distribution id="prior" spec="beast.core.util.CompoundDistribution">
#        <distribution id="CoalescentConstant.t:1" spec="beast.evolution.tree.coalescent.Coalescent">
#            <populationModel id="ConstantPopulation.t:1" spec="beast.evolution.tree.coalescent.ConstantPopulation">
#                <parameter id="popSize.t:1" name="popSize" spec="beast.core.parameter.RealParameter">0.3</parameter>
#            </populationModel>
#            <treeIntervals id="TreeIntervals.t:1" spec="beast.evolution.tree.coalescent.TreeIntervals">
#                <tree id="Tree.t:1" spec="beast.evolution.tree.Tree">
#                    <trait id="dateTrait.t:1" spec="beast.evolution.tree.TraitSet" traitname="date" value="2_2000.1=2000.1,17_2001.6=2001.6,18_2001.7=2001.7,21_2002=2002,24_2002.3=2002.3,26_2002.5=2002.5,5_2000.4=2000.4,7_2000.6=2000.6,4_2000.3=2000.3,13_2001.2=2001.2,15_2001.4=2001.4,16_2001.5=2001.5,1_2000=2000,8_2000.7=2000.7,3_2000.2=2000.2,12_2001.1=2001.1,22_2002.1=2002.1,32_2003.1=2003.1,28_2002.7=2002.7,43_2004.2=2004.2,46_2004.5=2004.5,55_2005.4=2005.4,63_2006.2=2006.2,65_2006.4=2006.4,66_2006.5=2006.5,67_2006.6=2006.6,23_2002.2=2002.2,10_2000.9=2000.9,14_2001.3=2001.3,33_2003.2=2003.2,39_2003.8=2003.8,34_2003.3=2003.3,44_2004.3=2004.3,48_2004.7=2004.7,53_2005.2=2005.2,52_2005.1=2005.1,58_2005.7=2005.7,9_2000.8=2000.8,6_2000.5=2000.5,11_2001=2001,25_2002.4=2002.4,20_2001.9=2001.9,47_2004.6=2004.6,36_2003.5=2003.5,45_2004.4=2004.4,50_2004.9=2004.9,42_2004.1=2004.1,51_2005=2005,35_2003.4=2003.4,37_2003.6=2003.6,57_2005.6=2005.6,59_2005.8=2005.8,61_2006=2006,62_2006.1=2006.1,41_2004=2004,40_2003.9=2003.9,49_2004.8=2004.8,74_2007.3=2007.3,77_2007.6=2007.6,68_2006.7=2006.7,70_2006.9=2006.9,81_2008=2008,19_2001.8=2001.8,27_2002.6=2002.6,29_2002.8=2002.8,30_2002.9=2002.9,31_2003=2003,38_2003.7=2003.7,56_2005.5=2005.5,69_2006.8=2006.8,82_2008.1=2008.1,80_2007.9=2007.9,83_2008.2=2008.2,87_2008.6=2008.6,71_2007=2007,75_2007.4=2007.4,72_2007.1=2007.1,91_2009=2009,88_2008.7=2008.7,94_2009.3=2009.3,98_2009.7=2009.7,79_2007.8=2007.8,84_2008.3=2008.3,78_2007.7=2007.7,76_2007.5=2007.5,89_2008.8=2008.8,93_2009.2=2009.2,96_2009.5=2009.5,97_2009.6=2009.6,95_2009.4=2009.4,100_2009.9=2009.9,54_2005.3=2005.3,60_2005.9=2005.9,64_2006.3=2006.3,73_2007.2=2007.2,86_2008.5=2008.5,85_2008.4=2008.4,90_2008.9=2008.9,99_2009.8=2009.8,92_2009.1=2009.1,101_2010=2010">
#                        <taxa id="TaxonSet.1" spec="beast.evolution.alignment.TaxonSet">
#                        </taxa>
#                    </trait>
#                    <taxonset idref="TaxonSet.1"/>
#                </tree>
#            </treeIntervals>
#        </distribution>
#        <prior id="rateOmega.prior" name="distribution">
#            <parameter id="rateOmega" lower="0.1" name="x" spec="beast.core.parameter.RealParameter" upper="10.0">0.5</parameter>
#            <Gamma id="Gamma.0" name="distr">
#                <parameter estimate="false" id="rateOmega.alpha" name="alpha" spec="beast.core.parameter.RealParameter">0.1</parameter>
#                <parameter estimate="false" id="rateOmega.beta" name="beta" spec="beast.core.parameter.RealParameter">1.0</parameter>
#            </Gamma>
#        </prior>
#        <prior id="rateMean.prior" name="distribution">
#            <parameter id="rateMean" lower="1.0E-4" name="x" spec="beast.core.parameter.RealParameter" upper="10.0">0.005</parameter>
#            <Gamma id="Gamma.1" name="distr">
#                <parameter estimate="false" id="rateMean.alpha" name="alpha" spec="beast.core.parameter.RealParameter">0.005</parameter>
#                <parameter estimate="false" id="rateMean.beta" name="beta" spec="beast.core.parameter.RealParameter">1.0</parameter>
#            </Gamma>
#        </prior>
#        <prior id="FrequenciesPrior.s:1" name="distribution">
#            <parameter dimension="4" id="freqParameter.s:1" lower="0.0" name="x" spec="beast.core.parameter.RealParameter" upper="1.0">0.25</parameter>
#            <Uniform id="Uniform.3" name="distr"/>
#        </prior>
#        <prior id="GammaShapePrior.s:1" name="distribution">
#            <parameter id="gammaShape.s:1" name="x" spec="beast.core.parameter.RealParameter">1.0</parameter>
#            <Exponential id="Exponential.0" name="distr">
#                <parameter estimate="false" id="RealParameter.0" name="mean" spec="beast.core.parameter.RealParameter">1.0</parameter>
#            </Exponential>
#        </prior>
#        <prior id="KappaPrior.s:1" name="distribution">
#            <parameter id="kappa.s:1" lower="0.0" name="x" spec="beast.core.parameter.RealParameter">2.0</parameter>
#            <LogNormal id="LogNormalDistributionModel.0" name="distr">
#                <parameter estimate="false" id="RealParameter.1" name="M" spec="beast.core.parameter.RealParameter">1.0</parameter>
#                <parameter estimate="false" id="RealParameter.2" name="S" spec="beast.core.parameter.RealParameter">1.25</parameter>
#            </LogNormal>
#        </prior>
#        <prior id="PopSizePrior.t:1" name="distribution" x="@popSize.t:1">
#            <OneOnX id="OneOnX.1" name="distr"/>
#        </prior>
#    </distribution>
#    <distribution id="likelihood" spec="beast.core.util.CompoundDistribution" useThreads="true">
#        <distribution data="@1" id="treeLikelihood.1" spec="beast.evolution.likelihood.ThreadedTreeLikelihood" tree="@Tree.t:1">
#            <siteModel gammaCategoryCount="4" id="SiteModel.s:1" shape="@gammaShape.s:1" spec="beast.evolution.sitemodel.SiteModel">
#                <parameter id="mutationRate.s:1" name="mutationRate" spec="beast.core.parameter.RealParameter">1.0</parameter>
#                <parameter estimate="false" id="proportionInvariant.s:1" lower="0.0" name="proportionInvariant" spec="beast.core.parameter.RealParameter" upper="1.0">0.0</parameter>
#                <substModel id="hky.s:1" kappa="@kappa.s:1" spec="beast.evolution.substitutionmodel.HKY">
#                    <frequencies frequencies="@freqParameter.s:1" id="estimatedFreqs.s:1" spec="beast.evolution.substitutionmodel.Frequencies"/>
#                </substModel>
#            </siteModel>
#            <branchRateModel id="branchRates" numSites="1000" numberOfDiscreteRates="12" rateMean="@rateMean" rateOmega="@rateOmega" spec="beast.evolution.branchratemodel.ARClockModel" tree="@Tree.t:1">
#                <rateCategories dimension="200" id="rateCategories" spec="beast.core.parameter.IntegerParameter">1</rateCategories>
#            </branchRateModel>
#        </distribution>
#    </distribution>
#</input>
#
Sample	posterior	likelihood	prior	treeLikelihood	TreeHeight	rateOmega	rateMean	kappa	mutationRate	gammaShape	popSize	CoalescentConstant	freqParameter.1	freqParameter.2	freqParameter.3	freqParameter.4
0	-17269.05893288133	-17035.02572671097	-234.03320617036022	-17035.02572671097	10.751582664363609	0.5	0.005	2.0	1.0	1.0	0.3	-230.21431273121476	0.25	0.25	0.25	0.25
1000	-12301.086750534188	-11696.945854686692	-604.1408958474971	-11696.945854686692	11.460084461135668	0.5907132852682677	0.024022743831333303	3.9361561049888136	1.0	1.0	0.885988744705421	-596.7267957322542	0.25	0.25	0.25	0.25
2000	-10817.610235925014	-10528.154783578757	-289.45545234625723	-10528.154783578757	11.460084461135668	4.6878027318890005	0.01991178541323952	3.9361561049888136	1.0	1.0	5.74944784405969	-274.400720056913	0.25	0.24973170933313912	0.25026829066686085	0.25
3000	-10130.30775020351	-9819.067604445761	-311.24014575774953	-9819.067604445761	11.460084461135668	7.058732273153853	0.019934434794243623	3.9361561049888136	1.0	1.0	6.978349821878149	-293.25125012287725	0.25	0.24973170933313912	0.25026829066686085	0.25
4000	-9679.244422695077	-9354.647077477062	-324.59734521801573	-9354.647077477062	11.368406629077398	9.029584072935082	0.018954472618942307	3.9361561049888136	1.0	1.0	8.512108790570723	-304.2684404128912	0.25703622183290725	0.24973170933313912	0.2432320688339536	0.25
5000	-9362.727641899497	-9027.897126158496	-334.8305157410019	-9027.897126158496	11.368406629077398	9.13099502601787	0.014588413059938457	3.9361561049888136	1.0	0.8557518595265975	8.914740121436042	-314.7530495421094	0.2611590720839294	0.24835562331757838	0.23066904932636642	0.25981625527212576
6000	-8799.632892493588	-8464.687510000136	-334.94538249345106	-8464.687510000136	11.368406629077398	8.786367049428302	0.01374523994503867	3.9361561049888136	1.0	0.8557518595265975	8.500313289307396	-315.35485387468293	0.2611590720839294	0.24835562331757838	0.23066904932636642	0.25981625527212576
7000	-8620.334478093331	-8284.483607792366	-335.8508703009655	-8284.483607792366	11.343194154883326	8.618702786001768	0.012698744108452707	3.9361561049888136	1.0	0.8557518595265975	9.486485801787333	-316.41542081782404	0.26040378979835077	0.24911090560315702	0.23066904932636642	0.25981625527212576
8000	-8383.68208855092	-8035.1376560670515	-348.5444324838683	-8035.1376560670515	11.557354809819723	9.667282141430162	0.012812014332759279	3.9361561049888136	1.0	0.8557518595265975	10.361444641387417	-327.8598997306014	0.2521798334939799	0.24911090560315702	0.23043410146479415	0.26827515943806896
9000	-8141.038538903699	-7799.656554002071	-341.381984901628	-7799.656554002071	11.557354809819723	8.773325931726413	0.010168987937918476	3.9361561049888136	1.0	0.8557518595265975	8.588596021263323	-322.09892134443095	0.2521798334939799	0.24911090560315702	0.22571161032582052	0.27299765057704256
10000	-8018.37162815613	-7679.70065335023	-338.67097480589973	-7679.70065335023	11.405319582005554	7.578558471543861	0.010209158447707615	3.634782801953602	1.0	0.705014480816737	10.133322805554622	-320.7923104818823	0.2521798334939799	0.24911090560315702	0.22571161032582052	0.27299765057704256
11000	-7913.332778899055	-7572.872897442538	-340.45988145651734	-7572.872897442538	12.205789836540534	9.738068455316366	0.010032738411549617	3.634782801953602	1.0	0.705014480816737	9.98871666648389	-320.22795338353853	0.2482184729170646	0.24911090560315702	0.2296729709027358	0.27299765057704256
12000	-7792.450455365281	-7456.795918667845	-335.6545366974357	-7456.795918667845	12.276470438118993	8.389313885764343	0.009114744256698807	3.634782801953602	1.0	0.46478815581673	8.570020379450469	-317.39534960358156	0.250686578973071	0.24911090560315702	0.2272048648467294	0.27299765057704256
13000	-7694.0657339821655	-7356.622179773757	-337.4435542084087	-7356.622179773757	12.307503725012895	8.004265911939548	0.008670961965612522	3.634782801953602	1.0	0.46478815581673	8.952751462768548	-319.61811780536385	0.250686578973071	0.24911090560315702	0.2272048648467294	0.27299765057704256
14000	-7641.878039245055	-7302.05982179693	-339.8182174481255	-7302.05982179693	13.092778874125129	9.678323164999586	0.008188008780343002	3.634782801953602	1.0	0.46478815581673	7.93126061613404	-320.32645549924183	0.24399061201935326	0.24646563947473552	0.2272048648467294	0.28233888365918175
15000	-7541.668250038675	-7199.938275281771	-341.72997475690386	-7199.938275281771	13.092778874125129	9.099817401180044	0.008019046694319167	3.801283361156551	1.0	0.5144744822610168	9.72828300071582	-322.5854336150499	0.24399061201935326	0.24646563947473552	0.22269921687866917	0.286844531627242
16000	-7462.320665257728	-7122.522915226354	-339.79775003137456	-7122.522915226354	13.092778874125129	9.493322977044343	0.008747722036930743	3.801283361156551	1.0	0.5144744822610168	8.026908489831767	-320.326572761995	0.24091718720129746	0.24646563947473552	0.21588373432002347	0.2967334390039435
17000	-7450.83880876509	-7110.046603757204	-340.7922050078858	-7110.046603757204	13.128328248296773	9.74639629681787	0.008135166265611128	3.6628308150959383	1.0	0.5144744822610168	9.088364348964294	-321.03755237384206	0.24091718720129746	0.24646563947473552	0.21588373432002347	0.2967334390039435
18000	-7258.710889766315	-6923.515843507363	-335.1950462589522	-6923.515843507363	13.128328248296773	9.990328947264103	0.00869498295768139	3.6628308150959383	1.0	0.5124082544924782	9.640049795497566	-315.05057088253204	0.24091718720129746	0.24646563947473552	0.21588373432002347	0.2967334390039435
19000	-7062.609234130681	-6726.113159430341	-336.49607470034107	-6726.113159430341	13.150013945781605	9.2234163377849	0.007870896260426308	3.6628308150959383	1.0	0.5124082544924782	10.831136272676835	-317.1737985109168	0.24091718720129746	0.24646563947473552	0.21588373432002347	0.2967334390039435
20000	-6958.122597552131	-6627.585681071368	-330.5369164807637	-6627.585681071368	13.149752412977298	9.376270066118753	0.007870896260426308	3.6628308150959383	1.0	0.6822175047850499	7.78184255970162	-311.207816265477	0.24091718720129746	0.24646563947473552	0.21588373432002347	0.2967334390039435
21000	-6924.993522077911	-6594.072999388616	-330.9205226892943	-6594.072999388616	13.049027375647254	9.83258743265925	0.007764442641284686	3.6628308150959383	1.0	0.6822175047850499	7.110034049824739	-311.19627877539483	0.24091718720129746	0.24646563947473552	0.21416777330886866	0.29844940001509834
22000	-6840.085520213643	-6513.6036022682165	-326.4819179454265	-6513.6036022682165	13.049027375647254	9.252654668448555	0.008945882005219508	3.6628308150959383	1.0	0.6822175047850499	9.003536087558372	-307.0140969983978	0.24091718720129746	0.24646563947473552	0.21416777330886866	0.29844940001509834
23000	-6824.846516012966	-6494.68678103265	-330.15973498031565	-6494.68678103265	13.130761112438643	9.694168679121743	0.007424542248692063	3.6628308150959383	1.0	0.6822175047850499	8.083195027449879	-310.50326918116735	0.24091718720129746	0.24646563947473552	0.21416777330886866	0.29844940001509834
24000	-6686.346246322536	-6363.663239045992	-322.683007276544	-6363.663239045992	13.849787935043125	9.866310041218053	0.008465750821308514	3.6628308150959383	1.0	0.8585506644432395	6.659639141990282	-302.72432492688586	0.24091718720129746	0.24646563947473552	0.21416777330886866	0.29844940001509834
25000	-6618.843118087274	-6296.209980505121	-322.6331375821524	-6296.209980505121	14.213021175079888	9.734622853858738	0.008070021696068757	3.6628308150959383	1.0	0.9653080330006014	7.132424159625109	-302.6909214126332	0.24091718720129746	0.24646563947473552	0.21416777330886866	0.29844940001509834
26000	-6591.8995704078025	-6275.652661788494	-316.24690861930867	-6275.652661788494	14.688525061218886	9.661266731920216	0.007853926243653823	3.6628308150959383	1.0	0.9653080330006014	7.410792712565939	-296.3737930313377	0.24091718720129746	0.24646563947473552	0.21416777330886866	0.29844940001509834
27000	-6578.131457833323	-6258.590556977095	-319.54090085622863	-6258.590556977095	13.48751052000048	9.769143303300277	0.007740395531244083	3.6628308150959383	1.0	0.9653080330006014	8.786963237903866	-299.3941848358835	0.24091718720129746	0.24646563947473552	0.21416777330886866	0.29844940001509834
28000	-6565.552887430707	-6251.489489415139	-314.06339801556777	-6251.489489415139	12.793383804520538	9.703735202347305	0.00801741178763559	3.6628308150959383	1.0	0.9653080330006014	7.5155263168450634	-294.1091702520173	0.24091718720129746	0.24646563947473552	0.21416777330886866	0.29844940001509834
29000	-6550.47114912902	-6239.987694409744	-310.4834547192762	-6239.987694409744	13.117534710664492	8.464309740866097	0.007818622274144975	3.6628308150959383	1.0	0.9653080330006014	6.733413447056863	-292.0267089763996	0.23791567287445436	0.2494671538015786	0.21416777330886866	0.29844940001509834
30000	-6534.629226125047	-6220.787618802887	-313.84160732216037	-6220.787618802887	12.630256538992628	9.485578173083084	0.00821061123015017	3.6628308150959383	1.0	0.9653080330006014	6.782817528333447	-294.2046936960212	0.23791567287445436	0.2494671538015786	0.21416777330886866	0.29844940001509834
31000	-6541.291341277548	-6221.871625139265	-319.4197161382826	-6221.871625139265	13.503854574661528	9.37466160560784	0.008153352777381839	3.6628308150959383	1.0	1.1653432272395923	5.57663869688792	-299.9070965404227	0.23791567287445436	0.2494671538015786	0.21416777330886866	0.29844940001509834
32000	-6511.192783232547	-6196.558171090464	-314.63461214208274	-6196.558171090464	14.098313531425019	9.339079313385179	0.008949747704651134	3.6628308150959383	1.0	1.1653432272395923	8.460472001920088	-294.65065207528977	0.23791567287445436	0.2494671538015786	0.21368403850255624	0.29893313482141076
33000	-6509.943356974344	-6201.999526314672	-307.9438306596723	-6201.999526314672	13.657090016177728	9.536671031613272	0.008807221264441787	3.6628308150959383	1.0	1.1653432272395923	6.14913677737053	-288.0786446242702	0.23791567287445436	0.2494671538015786	0.21368403850255624	0.29893313482141076
34000	-6514.581214758772	-6208.0426083072725	-306.53860645149933	-6208.0426083072725	13.667753780409132	9.650775772353507	0.00897611453670428	3.598767916137313	1.0	1.1653432272395923	6.137782385834198	-286.5523033979794	0.23791567287445436	0.2494671538015786	0.21368403850255624	0.29893313482141076
35000	-6522.0492173282155	-6211.827837853046	-310.22137947517	-6211.827837853046	13.196666810439964	9.92176507100056	0.00884618912405044	3.2923530418736116	1.0	1.1653432272395923	5.215980034367655	-290.2189731722828	0.23791567287445436	0.2494671538015786	0.21368403850255624	0.29893313482141076
36000	-6506.005697514251	-6204.267876856642	-301.73782065760844	-6204.267876856642	13.711461360213134	8.251038613218736	0.007851172085377549	3.2923530418736116	1.0	1.1653432272395923	6.343503040659071	-283.4961115647325	0.23791567287445436	0.2494671538015786	0.21368403850255624	0.29893313482141076
37000	-6502.6473702380945	-6198.643530191159	-304.003840046936	-6198.643530191159	13.408624869155089	8.777179054031512	0.008673149346223456	3.2923530418736116	1.0	1.4140040093498902	7.502813481454113	-284.6639551431605	0.23791567287445436	0.2494671538015786	0.21368403850255624	0.29893313482141076
38000	-6499.503988280075	-6199.324294519834	-300.17969376023996	-6199.324294519834	12.938866794475327	9.020694391258708	0.008793517737907996	4.128870241086913	1.0	1.4140040093498902	5.996225716459901	-280.51141112368487	0.23609017216390246	0.2512926545121305	0.21368403850255624	0.29893313482141076
39000	-6494.832654329212	-6190.768797723102	-304.0638566061105	-6190.768797723102	12.925886689270776	9.052208915722087	0.00833106457446599	4.128870241086913	1.0	1.4140040093498902	7.284002426610408	-284.2205863475098	0.23609017216390246	0.2512926545121305	0.21368403850255624	0.29893313482141076
40000	-6500.8149644533105	-6197.583677784908	-303.2312866684025	-6197.583677784908	13.093987066061597	9.587491987254438	0.007899857111175072	3.8695197351523083	1.0	1.4140040093498902	6.248834919243257	-283.08850715570077	0.23609017216390246	0.2512926545121305	0.21368403850255624	0.29893313482141076
41000	-6471.225869825931	-6168.925089371575	-302.300780454356	-6168.925089371575	12.568421404517126	9.202211177812508	0.008475199956001002	3.553755531307049	1.0	1.4140040093498902	6.076625270194498	-282.63966313219345	0.23609017216390246	0.2512926545121305	0.21368403850255624	0.29893313482141076
42000	-6458.41057482077	-6155.007527003643	-303.4030478171275	-6155.007527003643	12.568421404517126	9.666112978035697	0.0088529763913364	3.553755531307049	1.0	1.4140040093498902	6.091530729294134	-283.1875453657542	0.23609017216390246	0.25142721265319307	0.21368403850255624	0.2987985766803482
43000	-6447.1734117998085	-6137.247211601702	-309.92620019810687	-6137.247211601702	12.803320991719067	9.953831655913383	0.008183253076992057	3.553755531307049	1.0	1.4140040093498902	6.777180163727499	-289.36885954716655	0.23609017216390246	0.25142721265319307	0.21368403850255624	0.2987985766803482
44000	-6470.121588404314	-6160.843944046746	-309.2776443575676	-6160.843944046746	12.778299511433593	8.82850047653691	0.00824127052105403	3.553755531307049	1.0	1.4140040093498902	6.358555118376119	-290.01028252102805	0.23609017216390246	0.25142721265319307	0.21368403850255624	0.2987985766803482
45000	-6468.888475165383	-6157.832236880791	-311.05623828459153	-6157.832236880791	12.778299511433593	9.017972294782183	0.007814646948897257	3.553755531307049	1.0	1.0665964190575445	6.942054842684623	-291.8932202599352	0.2343134930975695	0.2575299249649787	0.20935800525710363	0.2987985766803482
46000	-6420.678104015466	-6101.462467137439	-319.21563687802694	-6101.462467137439	12.950853444462805	9.965683765780135	0.007198731257043251	3.553755531307049	1.0	1.0665964190575445	7.380969993765592	-299.035965311536	0.2343134930975695	0.2575299249649787	0.20272327801350434	0.3054333039239475
47000	-6424.286314355405	-6102.740632915002	-321.5456814404034	-6102.740632915002	12.950853444462805	9.505934876517212	0.007497084097252909	3.553755531307049	1.0	1.1331782804627433	6.674666479186024	-301.8615661786837	0.2343134930975695	0.2575299249649787	0.20272327801350434	0.3054333039239475
48000	-6420.9204850521755	-6103.997400006712	-316.9230850454634	-6103.997400006712	13.415629429768101	9.414598952895021	0.007406369146111539	3.553755531307049	1.0	1.1331782804627433	7.3631344325585975	-297.25303219344573	0.2206900832071095	0.2575299249649787	0.21634668790396433	0.3054333039239475
49000	-6371.9380875329625	-6060.253224985656	-311.6848625473069	-6060.253224985656	13.415629429768101	9.780464316846208	0.007946607198804346	3.553755531307049	1.0	1.1331782804627433	6.551061269138048	-291.66089717100925	0.20888941762973773	0.2575299249649787	0.2281473534813361	0.3054333039239475
50000	-6359.3540827759525	-6051.212189341886	-308.14189343406673	-6051.212189341886	13.415629429768101	9.780464316846208	0.00850158944167581	3.553755531307049	1.0	1.1331782804627433	7.237668586962374	-287.9505304730286	0.20888941762973773	0.2575299249649787	0.2281473534813361	0.3054333039239475
51000	-6292.382042977209	-5982.407607452132	-309.9744355250768	-5982.407607452132	13.037461175367886	9.780464316846208	0.007091845362898378	3.553755531307049	1.0	1.1331782804627433	6.167427264395707	-290.124900686141	0.20888941762973773	0.2575299249649787	0.2281473534813361	0.3054333039239475
52000	-6263.252459620841	-5955.471332926736	-307.7811266941052	-5955.471332926736	13.07222733753259	9.79971609165507	0.008437651306182908	3.553755531307049	1.0	1.8120308580264088	7.4560242197976425	-286.8677417236863	0.20888941762973773	0.2575299249649787	0.2281473534813361	0.3054333039239475
53000	-6228.449463384387	-5919.1122924083575	-309.33717097602954	-5919.1122924083575	13.588752528809167	9.79971609165507	0.006915090089707926	3.291745125849403	1.0	1.8120308580264088	5.812682655195245	-288.96013825858694	0.20888941762973773	0.2575299249649787	0.2281473534813361	0.3054333039239475
54000	-6161.100997477054	-5849.495061158254	-311.6059363187993	-5849.495061158254	12.915900768140617	9.49021174343291	0.007046368604765331	3.291745125849403	1.0	1.8120308580264088	5.841432630031675	-291.543513659844	0.20888941762973773	0.2575299249649787	0.20885629600887867	0.3247243613964049
55000	-6168.166568367667	-5857.890180642338	-310.276387725329	-5857.890180642338	12.513185758428016	9.351590023888678	0.006876413169020493	3.291745125849403	1.0	1.8120308580264088	6.92352682338188	-290.22034375312313	0.20888941762973773	0.2575299249649787	0.20885629600887867	0.3247243613964049
56000	-6153.357014929019	-5840.19851113404	-313.1585037949794	-5840.19851113404	12.40595406441953	9.878857002128912	0.007045039564031138	3.291745125849403	1.0	1.70973448879604	7.6641008971391456	-292.50222783511776	0.20888941762973773	0.2575299249649787	0.20885629600887867	0.3247243613964049
57000	-6172.3617923319725	-5862.058648895295	-310.3031434366776	-5862.058648895295	12.459486588263973	9.878857002128912	0.006676288983999125	3.291745125849403	1.0	1.70973448879604	7.515199392593463	-289.720348539616	0.19169331506429316	0.2575299249649787	0.22605239857432324	0.3247243613964049
58000	-6183.752305058149	-5867.5766466130735	-316.1756584450759	-5867.5766466130735	12.982186839656435	9.686087320733817	0.006356858070325937	3.291745125849403	1.0	1.70973448879604	6.279773277593074	-296.0320648808168	0.19169331506429316	0.2575299249649787	0.22605239857432324	0.3247243613964049
59000	-6176.039795870864	-5861.559397673666	-314.4803981971975	-5861.559397673666	12.52690232653681	9.686087320733817	0.006532274735002902	3.291745125849403	1.0	1.70973448879604	6.283107488476053	-294.309013524775	0.19169331506429316	0.2575299249649787	0.22605239857432324	0.3247243613964049
60000	-6162.481988429225	-5848.07181914883	-314.4101692803947	-5848.07181914883	12.548146319201946	9.166216840888174	0.006055538662686389	3.291745125849403	1.0	1.8058424382027236	6.191275421864014	-294.80279975905574	0.19169331506429316	0.2575299249649787	0.22605239857432324	0.3247243613964049
61000	-6166.840255372227	-5848.913133068805	-317.9271223034219	-5848.913133068805	12.676790656289729	9.166216840888174	0.006332314366794004	3.291745125849403	1.0	1.8058424382027236	7.098166296246885	-298.13831164367764	0.19169331506429316	0.2575299249649787	0.22605239857432324	0.3247243613964049
62000	-6163.2314615042515	-5846.153717587504	-317.07774391674786	-5846.153717587504	12.425497130450793	9.584274499111896	0.006432878069717404	3.291745125849403	1.0	1.8058424382027236	7.098166296246885	-296.81495843054256	0.19169331506429316	0.2587656778810782	0.22605239857432324	0.3234886084803054
63000	-6153.0669678086215	-5834.491134416498	-318.57583339212323	-5834.491134416498	13.034498593877721	9.45580379986305	0.0067916262021195705	3.291745125849403	1.0	1.8058424382027236	6.698695140268553	-298.4572320287052	0.19169331506429316	0.2693382965532519	0.2154797799021495	0.3234886084803054
64000	-6156.792410735572	-5838.588769595488	-318.2036411400842	-5838.588769595488	13.55052694311884	9.849078182928565	0.006892143263021115	3.291745125849403	1.0	1.8058424382027236	7.402036841183304	-297.54052994501825	0.19169331506429316	0.2693382965532519	0.2154797799021495	0.3234886084803054
65000	-6154.26254040128	-5838.509720190914	-315.7528202103659	-5838.509720190914	12.992459981906885	9.465789725545568	0.00703626263907494	3.291745125849403	1.0	1.8058424382027236	8.3300447204104	-295.3698724491261	0.19169331506429316	0.2693382965532519	0.2154797799021495	0.3234886084803054
66000	-6156.918481555643	-5842.954032522357	-313.96444903328546	-5842.954032522357	12.221109893555083	9.465789725545568	0.0074887111128466785	3.291745125849403	1.0	1.8058424382027236	7.774339125664903	-293.58808124394756	0.2006312044806142	0.2693382965532519	0.20654189048582847	0.3234886084803054
67000	-6152.071636919031	-5841.990082373327	-310.08155454570414	-5841.990082373327	13.62166182029433	9.533013159543065	0.007010182408030129	3.291745125849403	1.0	1.838747378324645	6.989681393231659	-289.77126424187287	0.2006312044806142	0.2693382965532519	0.20654189048582847	0.3234886084803054
68000	-6153.250901604649	-5846.868462085791	-306.3824395188578	-5846.868462085791	12.701072404185386	9.112007873651871	0.007057091079960444	3.291745125849403	1.0	1.838747378324645	5.491437881225422	-286.76836754467075	0.2006312044806142	0.2693382965532519	0.20654189048582847	0.3234886084803054
69000	-6142.303024037683	-5833.732735382224	-308.5702886554591	-5833.732735382224	11.900483673067868	9.218224150973379	0.007270103731811522	3.291745125849403	1.0	1.838747378324645	6.906377466514883	-288.5805129445134	0.2006312044806142	0.2693382965532519	0.20654189048582847	0.3234886084803054
70000	-6128.768123482746	-5823.360305156633	-305.40781832611265	-5823.360305156633	12.587619269947169	9.734653734440087	0.007452992179495168	3.291745125849403	1.0	1.838747378324645	7.4316985457668245	-284.754341465369	0.19950811623151266	0.2693382965532519	0.20654189048582847	0.32461169672940693
71000	-6131.589554552505	-5823.860183616914	-307.72937093559204	-5823.860183616914	12.099047301632282	9.734653734440087	0.007175343446405448	3.291745125849403	1.0	1.838747378324645	7.107205128770946	-287.158592220465	0.19950811623151266	0.2693382965532519	0.20654189048582847	0.32461169672940693
72000	-6143.103395407041	-5835.750274697944	-307.35312070909606	-5835.750274697944	12.099047301632282	9.732294133487938	0.0070580491701592845	3.3717340998641734	1.0	1.838747378324645	5.855253475036532	-286.9680712746048	0.19950811623151266	0.2693382965532519	0.20654189048582847	0.32461169672940693
73000	-6107.073142459519	-5804.5752043980165	-302.49793806150194	-5804.5752043980165	12.033559422512864	9.878121713122718	0.007255315660419584	3.3717340998641734	1.0	1.544888070420903	6.425265740649153	-282.1270110499134	0.1776724200089676	0.27519435560996713	0.20654189048582847	0.34059133389523677
74000	-6109.0323077124785	-5807.387904348141	-301.64440336433785	-5807.387904348141	12.033559422512864	9.51663267654801	0.007520904789461585	3.3717340998641734	1.0	1.544888070420903	5.682404706377539	-281.755344167246	0.1776724200089676	0.27519435560996713	0.20654189048582847	0.34059133389523677
75000	-6104.42313600548	-5805.5640343409505	-298.85910166453	-5805.5640343409505	12.13853651255811	9.51663267654801	0.0069005490165454896	3.3717340998641734	1.0	1.544888070420903	6.245729766446486	-278.9617943823395	0.1776724200089676	0.27519435560996713	0.20654189048582847	0.34059133389523677
76000	-6096.248181233493	-5800.787736033857	-295.46044519963556	-5800.787736033857	12.025791989762432	9.51663267654801	0.007127289263202445	3.3717340998641734	1.0	1.544888070420903	5.237505111008723	-275.7067955603671	0.1776724200089676	0.27519435560996713	0.20654189048582847	0.34059133389523677
77000	-6102.837918062314	-5810.401731224562	-292.43618683775156	-5810.401731224562	11.906708701243492	9.700360658510764	0.007200675983230014	3.3717340998641734	1.0	1.544888070420903	5.019926255407602	-272.5137633423102	0.1776724200089676	0.27519435560996713	0.20654189048582847	0.34059133389523677
78000	-6109.82312652598	-5810.871175717795	-298.9519508081848	-5810.871175717795	11.645065391019097	9.390308382617151	0.006855996739939457	3.3717340998641734	1.0	1.544888070420903	5.354797670460749	-279.35338897644334	0.1776724200089676	0.27519435560996713	0.20654189048582847	0.34059133389523677
79000	-6106.151986863731	-5805.2408235008115	-300.91116336291867	-5805.2408235008115	11.645065391019097	9.689111355517284	0.0068543438774251175	3.3717340998641734	1.0	1.544888070420903	6.444840756170396	-280.80056098728005	0.1776724200089676	0.27519435560996713	0.20654189048582847	0.34059133389523677
80000	-6095.37300434459	-5791.794186275842	-303.5788180687483	-5791.794186275842	11.573857200640225	9.841119695773425	0.0065842150170881955	3.3717340998641734	1.0	1.675155802646601	5.286133536166798	-283.41039893317037	0.15910647779812523	0.2937602978208095	0.20654189048582847	0.34059133389523677
81000	-6104.821648021736	-5804.226101345204	-300.59554667653214	-5804.226101345204	11.452115358761878	9.934719563555786	0.007490586319843434	3.3717340998641734	1.0	1.675155802646601	6.360199674207395	-280.0108019747969	0.16408940227224325	0.2937602978208095	0.20155896601171044	0.34059133389523677
82000	-6094.595193112829	-5797.467627699925	-297.12756541290383	-5797.467627699925	11.120447033941668	8.409181839549627	0.007210696376131282	3.1634916366182675	1.0	1.675155802646601	5.97503768576433	-278.39027896911546	0.16408940227224325	0.2937602978208095	0.20155896601171044	0.34059133389523677
83000	-6112.832043933231	-5809.680888582995	-303.1511553502359	-5809.680888582995	11.307236136387228	9.539634422257176	0.007164163842607182	2.9235486567629834	1.0	1.675155802646601	6.109446489914613	-283.23868516894487	0.16408940227224325	0.2937602978208095	0.20155896601171044	0.34059133389523677
84000	-6101.90856614029	-5798.114840971396	-303.79372516889356	-5798.114840971396	11.355503027177848	8.697560061682049	0.006723592667378785	2.9235486567629834	1.0	2.1746772086555324	6.056780573274018	-284.37922903451505	0.16408940227224325	0.2937602978208095	0.20155896601171044	0.34059133389523677
85000	-6097.916141400292	-5790.7221813858005	-307.1939600144917	-5790.7221813858005	11.355503027177848	9.828644765310376	0.007215254030326529	2.9235486567629834	1.0	2.1746772086555324	6.608575643788934	-286.3804432068734	0.16408940227224325	0.2937602978208095	0.20155896601171044	0.34059133389523677
86000	-5888.374346566416	-5582.728298890002	-305.64604767641276	-5582.728298890002	12.926002878992396	9.456101616579726	0.006029201718269881	2.9235486567629834	1.0	2.1746772086555324	5.857966581738916	-285.54028730666545	0.17457212802315897	0.2937602978208095	0.19107624026079473	0.34059133389523677
87000	-5821.32124767346	-5522.090476471828	-299.23077120163214	-5522.090476471828	11.402969364536451	8.750741014787362	0.006330370462018836	2.9235486567629834	1.0	2.1746772086555324	5.856186872343594	-279.8516433400031	0.19641236508537374	0.2937602978208095	0.16923600319857995	0.34059133389523677
88000	-5808.412695745795	-5518.252981447476	-290.1597142983194	-5518.252981447476	11.922864094517351	8.750741014787362	0.006762100253254534	2.9235486567629834	1.0	2.1746772086555324	5.515953637937333	-270.77436394238015	0.19641236508537374	0.2937602978208095	0.16923600319857995	0.34059133389523677
89000	-5810.966073736608	-5520.873793834119	-290.0922799024893	-5520.873793834119	11.855014359269749	9.004794456228288	0.006943783842770231	2.9235486567629834	1.0	2.1746772086555324	5.0311108650895155	-270.4925605254473	0.19641236508537374	0.2937602978208095	0.16923600319857995	0.34059133389523677
90000	-5786.485254904475	-5499.723327232776	-286.7619276716992	-5499.723327232776	11.76516752837504	6.971273618512969	0.00617898171322988	2.4786634839485404	1.0	2.139305085253787	5.031443485075865	-269.7423226539606	0.19641236508537374	0.2937602978208095	0.1623984519049992	0.34742888518881754
91000	-5783.916960937976	-5493.597240119987	-290.3197208179892	-5493.597240119987	11.930945013018231	9.431815084062597	0.006842043214534419	2.4786634839485404	1.0	2.139305085253787	5.406129194993477	-270.39360003478646	0.18524026612008804	0.2937602978208095	0.1735705508702849	0.34742888518881754
92000	-5792.246351295805	-5502.012497455823	-290.23385383998146	-5502.012497455823	12.058415802958942	7.999282911016505	0.0064477866005428364	2.4786634839485404	1.0	2.139305085253787	5.439195707090787	-271.94187736710785	0.18524026612008804	0.2937602978208095	0.1735705508702849	0.34742888518881754
93000	-5766.8196058129815	-5478.391883994196	-288.4277218187852	-5478.391883994196	12.058415802958942	7.5052306272448615	0.006304787552799351	2.4786634839485404	1.0	2.139305085253787	5.646505048508172	-270.67222708604953	0.16220703830766173	0.2937602978208095	0.1735705508702849	0.3704621130012438
94000	-5754.691824361086	-5469.039389149082	-285.65243521200443	-5469.039389149082	11.653942394097495	7.74611348713956	0.006545349702013506	2.4786634839485404	1.0	1.8683739076846588	4.882336523393835	-268.006470851398	0.16220703830766173	0.2937602978208095	0.1735705508702849	0.3704621130012438
95000	-5764.403966740185	-5479.028533941366	-285.3754327988194	-5479.028533941366	12.090368117546815	7.17691981503318	0.006549075443597676	2.4786634839485404	1.0	1.8683739076846588	5.000109939920871	-268.3429450155915	0.16220703830766173	0.2937602978208095	0.1735705508702849	0.3704621130012438
96000	-5768.170075500578	-5478.673966624594	-289.4961088759837	-5478.673966624594	12.094532459410594	9.284348775148112	0.007418160915273734	2.5943496928716003	1.0	3.479964588981865	6.4701553902510485	-268.08670592913114	0.16220703830766173	0.2937602978208095	0.1735705508702849	0.3704621130012438
97000	-5768.331984033026	-5481.149232826893	-287.1827512061325	-5481.149232826893	12.111470309919751	8.951113978042487	0.007349768661321318	2.5943496928716003	1.0	3.1946276101823035	6.138754464007259	-266.4866795660885	0.16220703830766173	0.2937602978208095	0.1735705508702849	0.3704621130012438
98000	-5755.22485125522	-5463.775732151787	-291.4491191034322	-5463.775732151787	12.282485826341293	9.563657028173466	0.007261065860112743	2.5943496928716003	1.0	3.1946276101823035	4.576319578828216	-270.38682841104566	0.16220703830766173	0.2937602978208095	0.1735705508702849	0.3704621130012438
99000	-5762.341139110546	-5468.676499189804	-293.6646399207413	-5468.676499189804	12.051739174194847	9.422190704576842	0.007735367484327955	2.5943496928716003	1.0	3.1946276101823035	6.290906694805526	-272.37558346246664	0.16220703830766173	0.2937602978208095	0.1735705508702849	0.3704621130012438
100000	-5747.937658067667	-5452.758779388639	-295.1788786790287	-5452.758779388639	12.421637416356061	9.422190704576842	0.007408594182352235	2.5943496928716003	1.0	3.1946276101823035	5.121532680646334	-274.1387469354593	0.16220703830766173	0.26984734453209835	0.1735705508702849	0.39437506628995495
