#
#model:
#
#<?xml version="1.0" encoding="UTF-8" standalone="no"?><input id="posterior" spec="beast.core.util.CompoundDistribution">
#    <distribution id="prior" spec="beast.core.util.CompoundDistribution">
#        <distribution id="CoalescentConstant.t:1" spec="beast.evolution.tree.coalescent.Coalescent">
#            <populationModel id="ConstantPopulation.t:1" spec="beast.evolution.tree.coalescent.ConstantPopulation">
#                <parameter id="popSize.t:1" name="popSize" spec="beast.core.parameter.RealParameter">0.3</parameter>
#            </populationModel>
#            <treeIntervals id="TreeIntervals.t:1" spec="beast.evolution.tree.coalescent.TreeIntervals">
#                <tree id="Tree.t:1" spec="beast.evolution.tree.Tree">
#                    <trait id="dateTrait.t:1" spec="beast.evolution.tree.TraitSet" traitname="date" value="2_2000.1=2000.1,17_2001.6=2001.6,18_2001.7=2001.7,21_2002=2002,24_2002.3=2002.3,26_2002.5=2002.5,5_2000.4=2000.4,7_2000.6=2000.6,4_2000.3=2000.3,13_2001.2=2001.2,15_2001.4=2001.4,16_2001.5=2001.5,1_2000=2000,8_2000.7=2000.7,3_2000.2=2000.2,12_2001.1=2001.1,22_2002.1=2002.1,32_2003.1=2003.1,28_2002.7=2002.7,43_2004.2=2004.2,46_2004.5=2004.5,55_2005.4=2005.4,63_2006.2=2006.2,65_2006.4=2006.4,66_2006.5=2006.5,67_2006.6=2006.6,23_2002.2=2002.2,10_2000.9=2000.9,14_2001.3=2001.3,33_2003.2=2003.2,39_2003.8=2003.8,34_2003.3=2003.3,44_2004.3=2004.3,48_2004.7=2004.7,53_2005.2=2005.2,52_2005.1=2005.1,58_2005.7=2005.7,9_2000.8=2000.8,6_2000.5=2000.5,11_2001=2001,25_2002.4=2002.4,20_2001.9=2001.9,47_2004.6=2004.6,36_2003.5=2003.5,45_2004.4=2004.4,50_2004.9=2004.9,42_2004.1=2004.1,51_2005=2005,35_2003.4=2003.4,37_2003.6=2003.6,57_2005.6=2005.6,59_2005.8=2005.8,61_2006=2006,62_2006.1=2006.1,41_2004=2004,40_2003.9=2003.9,49_2004.8=2004.8,74_2007.3=2007.3,77_2007.6=2007.6,68_2006.7=2006.7,70_2006.9=2006.9,81_2008=2008,19_2001.8=2001.8,27_2002.6=2002.6,29_2002.8=2002.8,30_2002.9=2002.9,31_2003=2003,38_2003.7=2003.7,56_2005.5=2005.5,69_2006.8=2006.8,82_2008.1=2008.1,80_2007.9=2007.9,83_2008.2=2008.2,87_2008.6=2008.6,71_2007=2007,75_2007.4=2007.4,72_2007.1=2007.1,91_2009=2009,88_2008.7=2008.7,94_2009.3=2009.3,98_2009.7=2009.7,79_2007.8=2007.8,84_2008.3=2008.3,78_2007.7=2007.7,76_2007.5=2007.5,89_2008.8=2008.8,93_2009.2=2009.2,96_2009.5=2009.5,97_2009.6=2009.6,95_2009.4=2009.4,100_2009.9=2009.9,54_2005.3=2005.3,60_2005.9=2005.9,64_2006.3=2006.3,73_2007.2=2007.2,86_2008.5=2008.5,85_2008.4=2008.4,90_2008.9=2008.9,99_2009.8=2009.8,92_2009.1=2009.1,101_2010=2010">
#                        <taxa id="TaxonSet.1" spec="beast.evolution.alignment.TaxonSet">
#                        </taxa>
#                    </trait>
#                    <taxonset idref="TaxonSet.1"/>
#                </tree>
#            </treeIntervals>
#        </distribution>
#        <prior id="rateOmega.prior" name="distribution">
#            <parameter id="rateOmega" lower="0.1" name="x" spec="beast.core.parameter.RealParameter" upper="10.0">0.5</parameter>
#            <Gamma id="Gamma.0" name="distr">
#                <parameter estimate="false" id="rateOmega.alpha" name="alpha" spec="beast.core.parameter.RealParameter">0.1</parameter>
#                <parameter estimate="false" id="rateOmega.beta" name="beta" spec="beast.core.parameter.RealParameter">1.0</parameter>
#            </Gamma>
#        </prior>
#        <prior id="rateMean.prior" name="distribution">
#            <parameter id="rateMean" lower="1.0E-4" name="x" spec="beast.core.parameter.RealParameter" upper="10.0">0.005</parameter>
#            <Gamma id="Gamma.1" name="distr">
#                <parameter estimate="false" id="rateMean.alpha" name="alpha" spec="beast.core.parameter.RealParameter">0.005</parameter>
#                <parameter estimate="false" id="rateMean.beta" name="beta" spec="beast.core.parameter.RealParameter">1.0</parameter>
#            </Gamma>
#        </prior>
#        <prior id="FrequenciesPrior.s:1" name="distribution">
#            <parameter dimension="4" id="freqParameter.s:1" lower="0.0" name="x" spec="beast.core.parameter.RealParameter" upper="1.0">0.25</parameter>
#            <Uniform id="Uniform.3" name="distr"/>
#        </prior>
#        <prior id="GammaShapePrior.s:1" name="distribution">
#            <parameter id="gammaShape.s:1" name="x" spec="beast.core.parameter.RealParameter">1.0</parameter>
#            <Exponential id="Exponential.0" name="distr">
#                <parameter estimate="false" id="RealParameter.0" name="mean" spec="beast.core.parameter.RealParameter">1.0</parameter>
#            </Exponential>
#        </prior>
#        <prior id="KappaPrior.s:1" name="distribution">
#            <parameter id="kappa.s:1" lower="0.0" name="x" spec="beast.core.parameter.RealParameter">2.0</parameter>
#            <LogNormal id="LogNormalDistributionModel.0" name="distr">
#                <parameter estimate="false" id="RealParameter.1" name="M" spec="beast.core.parameter.RealParameter">1.0</parameter>
#                <parameter estimate="false" id="RealParameter.2" name="S" spec="beast.core.parameter.RealParameter">1.25</parameter>
#            </LogNormal>
#        </prior>
#        <prior id="PopSizePrior.t:1" name="distribution" x="@popSize.t:1">
#            <OneOnX id="OneOnX.1" name="distr"/>
#        </prior>
#    </distribution>
#    <distribution id="likelihood" spec="beast.core.util.CompoundDistribution" useThreads="true">
#        <distribution data="@1" id="treeLikelihood.1" spec="beast.evolution.likelihood.ThreadedTreeLikelihood" tree="@Tree.t:1">
#            <siteModel gammaCategoryCount="4" id="SiteModel.s:1" shape="@gammaShape.s:1" spec="beast.evolution.sitemodel.SiteModel">
#                <parameter id="mutationRate.s:1" name="mutationRate" spec="beast.core.parameter.RealParameter">1.0</parameter>
#                <parameter estimate="false" id="proportionInvariant.s:1" lower="0.0" name="proportionInvariant" spec="beast.core.parameter.RealParameter" upper="1.0">0.0</parameter>
#                <substModel id="hky.s:1" kappa="@kappa.s:1" spec="beast.evolution.substitutionmodel.HKY">
#                    <frequencies frequencies="@freqParameter.s:1" id="estimatedFreqs.s:1" spec="beast.evolution.substitutionmodel.Frequencies"/>
#                </substModel>
#            </siteModel>
#            <branchRateModel id="branchRates" numSites="1000" numberOfDiscreteRates="12" rateMean="@rateMean" rateOmega="@rateOmega" spec="beast.evolution.branchratemodel.ARClockModel" tree="@Tree.t:1">
#                <rateCategories dimension="200" id="rateCategories" spec="beast.core.parameter.IntegerParameter">1</rateCategories>
#            </branchRateModel>
#        </distribution>
#    </distribution>
#</input>
#
Sample	posterior	likelihood	prior	treeLikelihood	TreeHeight	rateOmega	rateMean	kappa	mutationRate	gammaShape	popSize	CoalescentConstant	freqParameter.1	freqParameter.2	freqParameter.3	freqParameter.4
0	-28281.964596489735	-28047.931390319376	-234.03320617036022	-28047.931390319376	10.751582664363609	0.5	0.005	2.0	1.0	1.0	0.3	-230.21431273121476	0.25	0.25	0.25	0.25
1000	-15996.52879463032	-15642.244622519149	-354.2841721111717	-15642.244622519149	13.647466404588128	0.4434653361614995	0.03240523848191519	3.9361561049888136	1.0	1.0	2.4216355201103195	-345.9636608302344	0.25	0.25	0.25	0.25
2000	-13976.167537353687	-13672.113683927453	-304.0538534262342	-13672.113683927453	13.795773380678815	3.2114453531497515	0.024055904288512935	3.9361561049888136	1.0	1.0	5.94920534539866	-290.58947581264033	0.24781943583948512	0.2425357085385297	0.2521805641605149	0.2574642914614703
3000	-12844.418885538302	-12532.681026260656	-311.73785927764516	-12532.681026260656	17.77916919961817	5.412345686870819	0.02052534135518722	3.9361561049888136	1.0	1.0	6.636335719603536	-295.65497083374146	0.24781943583948512	0.2425357085385297	0.2521805641605149	0.2574642914614703
4000	-11974.363465528619	-11657.089207355075	-317.274258173544	-11657.089207355075	16.2011416012011	8.681161619990755	0.020031251465413156	3.9361561049888136	1.0	1.0	7.42318591467986	-297.4100188523085	0.24240797919951715	0.2425357085385297	0.2521805641605149	0.26287574810143827
5000	-10861.483469405162	-10543.477352548913	-318.0061168562502	-10543.477352548913	14.669979670757336	4.218865410029295	0.016473308171895712	4.204403187027982	1.0	1.0	8.19989631901709	-303.2692842964726	0.2369391975659514	0.24231108515099187	0.24805771390949272	0.27269200337356403
6000	-9896.879680476915	-9561.509762680496	-335.36991779641875	-9561.509762680496	20.799937085263085	3.7133256507387236	0.011074590296264444	4.204403187027982	1.0	1.0	10.90889410358555	-321.36854393647803	0.2369391975659514	0.24231108515099187	0.24805771390949272	0.27269200337356403
7000	-9607.28012202004	-9275.49781243132	-331.7823095887199	-9275.49781243132	20.18399880208891	5.667480593745958	0.011190040266030238	4.204403187027982	1.0	1.0	9.551402144058605	-315.5687017328799	0.23618391528037275	0.2430663674365705	0.24805771390949272	0.27269200337356403
8000	-9316.460538613339	-8989.252181624624	-327.208356988715	-8989.252181624624	20.48713868299612	3.9517718242817983	0.010638522202214984	4.0913655591026945	1.0	1.0	8.789950375192108	-313.2035237404963	0.23120700762408058	0.25107944751039357	0.24502154149196181	0.27269200337356403
9000	-9192.033724633364	-8870.377243313407	-321.6564813199567	-8870.377243313407	21.09101565388934	3.1952055714456584	0.009698542514166518	4.0913655591026945	1.0	1.0	7.837359013896325	-308.80716624159743	0.23120700762408058	0.25107944751039357	0.24502154149196181	0.27269200337356403
10000	-8990.700124945744	-8672.805311321259	-317.8948136244851	-8672.805311321259	19.90877518252282	2.281141536726408	0.01015064576227893	3.7781085846375553	1.0	1.0	7.941316462269006	-306.3023466060837	0.2320604237041364	0.25107944751039357	0.244168125411906	0.27269200337356403
11000	-8808.119914699562	-8492.118820671938	-316.001094027625	-8492.118820671938	20.363227358510184	3.410465222165296	0.00908754899113306	4.31960701950009	1.0	1.0	7.093307448782421	-302.9735137056573	0.2320604237041364	0.25107944751039357	0.244168125411906	0.27269200337356403
12000	-8603.902358255298	-8292.368901908863	-311.5334563464353	-8292.368901908863	19.246718911885164	2.6165347853555025	0.008315582479838613	4.31960701950009	1.0	1.0	7.688874624008001	-299.5467840085486	0.23452852976014282	0.25107944751039357	0.24170001935589958	0.27269200337356403
13000	-8432.771377841273	-8125.583157759707	-307.18822008156445	-8125.583157759707	19.25326599819827	2.5629570462041054	0.00852805306338013	4.31960701950009	1.0	0.9677778486213446	6.661610354403076	-295.4240648032079	0.23452852976014282	0.25107944751039357	0.24170001935589958	0.27269200337356403
14000	-8291.01895565117	-7981.271518687658	-309.7474369635131	-7981.271518687658	19.655350092768394	2.3251554657673674	0.008665727810913272	4.31960701950009	1.0	0.9677778486213446	6.066761317818168	-298.3861844896276	0.23452852976014282	0.25107944751039357	0.24170001935589958	0.27269200337356403
15000	-8257.66848178822	-7947.864484103038	-309.80399768518186	-7947.864484103038	19.655350092768394	2.288856829690558	0.008420289540954896	4.31960701950009	1.0	0.9677778486213446	7.072239430385571	-298.36868602313245	0.23452852976014282	0.25107944751039357	0.24170001935589958	0.27269200337356403
16000	-8033.00108861568	-7725.858203518025	-307.1428850976547	-7725.858203518025	20.793923385978143	2.5647072971355604	0.009314059921274417	4.31960701950009	1.0	0.9677778486213446	7.172646500482409	-295.2139425465272	0.23452852976014282	0.2570239907131942	0.23575547615309894	0.27269200337356403
17000	-7912.538775896779	-7599.431051866688	-313.10772403009076	-7599.431051866688	22.481671276924327	1.7755359056249471	0.007758307938644168	4.31960701950009	1.0	1.4359175320746083	6.699605668978813	-302.08240983204735	0.23452852976014282	0.26242464361113027	0.23035482325516288	0.27269200337356403
18000	-7811.61028033229	-7505.27601109956	-306.33426923273043	-7505.27601109956	20.45172482615948	2.3788004573806028	0.00793062401404717	4.31960701950009	1.0	1.4359175320746083	6.4558924956711365	-294.4574712833069	0.23452852976014282	0.26242464361113027	0.23035482325516288	0.27269200337356403
19000	-7800.473427445918	-7503.428945968584	-297.04448147733336	-7503.428945968584	21.569828510117212	2.520274755176484	0.008062347456118755	4.31960701950009	1.0	1.4359175320746083	6.37784029148829	-284.96985616732115	0.23452852976014282	0.26242464361113027	0.23035482325516288	0.27269200337356403
20000	-7695.039106863148	-7397.596303715422	-297.44280314772567	-7397.596303715422	20.402441945274536	2.701728017980131	0.007985115852796272	4.31960701950009	1.0	1.4359175320746083	6.383813530385642	-285.132871742897	0.22414933329518055	0.26242464361113027	0.23359683904074077	0.2798291840529484
21000	-7607.238556379593	-7308.248971092738	-298.98958528685483	-7308.248971092738	21.14928382413792	3.194826350341808	0.007725164422046118	4.31960701950009	1.0	1.4359175320746083	5.684427019354429	-286.18490447556644	0.22414933329518055	0.26242464361113027	0.23188087802958596	0.2815451450641032
22000	-7600.112502075548	-7299.63819444682	-300.4743076287275	-7299.63819444682	20.959739809845754	1.9678668042590164	0.007993519027171155	4.31960701950009	1.0	1.4359175320746083	8.156170512911373	-288.9374206973949	0.22414933329518055	0.26242464361113027	0.23188087802958596	0.2815451450641032
23000	-7574.402852392458	-7277.097470838523	-297.30538155393515	-7277.097470838523	23.404155619128684	1.8075789365401622	0.007616964216897947	4.31960701950009	1.0	1.4359175320746083	6.172880756278228	-286.3322457028243	0.22414933329518055	0.26242464361113027	0.23188087802958596	0.2815451450641032
24000	-7533.04304194234	-7234.244945155269	-298.798096787071	-7234.244945155269	23.946157611054996	1.912609848910004	0.007328683375989739	4.31960701950009	1.0	1.4359175320746083	7.425741105483506	-287.52298820483196	0.22414933329518055	0.25702087624792036	0.23188087802958596	0.28694891242731313
25000	-7501.931726945784	-7203.475357958197	-298.4563689875881	-7203.475357958197	20.710539343058297	2.4169196785905402	0.006723252852335227	4.31960701950009	1.0	1.6144681797397364	5.493000613845471	-286.6756532188279	0.22414933329518055	0.2576738608252503	0.23188087802958596	0.2862959278499832
26000	-7451.192342398482	-7152.479687865626	-298.7126545328553	-7152.479687865626	20.70492431544793	2.598346460294652	0.007186240110077434	4.31960701950009	1.0	1.6144681797397364	6.363441839976002	-286.471547974676	0.22414933329518055	0.2576738608252503	0.23188087802958596	0.2862959278499832
27000	-7449.593994671966	-7155.873883703392	-293.7201109685746	-7155.873883703392	20.814017773943426	1.929872712998968	0.006962221842156398	4.31960701950009	1.0	1.6144681797397364	5.933639961572847	-282.5168239266883	0.22414933329518055	0.2576738608252503	0.23188087802958596	0.2862959278499832
28000	-7410.92130823061	-7108.403439838552	-302.51786839205744	-7108.403439838552	23.143437276728434	2.668678829233827	0.007196577082946154	4.31960701950009	1.0	1.6144681797397364	7.61274070669835	-290.00169762001997	0.22414933329518055	0.2576738608252503	0.23188087802958596	0.2862959278499832
29000	-7382.206946372288	-7085.636388889253	-296.57055748303566	-7085.636388889253	20.009918747981104	2.501526481712199	0.006664214030515188	4.31960701950009	1.0	1.6144681797397364	6.250371749575985	-284.55393710284767	0.22114781896833746	0.2606753751520934	0.23188087802958596	0.2862959278499832
30000	-7251.683988737783	-6960.866843676865	-290.81714506091816	-6960.866843676865	21.586315329362773	1.9359467013903235	0.006404437910230112	4.31960701950009	1.0	1.9490250723443034	6.254827285972533	-279.3013310111154	0.21888207787922065	0.2606753751520934	0.23414661911870277	0.2862959278499832
31000	-7187.456102685228	-6897.340068418759	-290.1160342664691	-6897.340068418759	22.843413866038713	2.4789246460977665	0.006974627530022496	4.31960701950009	1.0	2.135485834642108	6.0921039918156525	-277.58920447529056	0.21888207787922065	0.2606753751520934	0.23414661911870277	0.2862959278499832
32000	-7199.6018904026805	-6905.143747651442	-294.45814275123837	-6905.143747651442	22.416892583846874	3.0420677503787936	0.006564155357396025	4.31960701950009	1.0	2.135485834642108	6.2231496935164685	-281.2234081333921	0.21888207787922065	0.2606753751520934	0.23366288431239035	0.2867796626562956
33000	-7175.585834099208	-6880.218620858024	-295.3672132411838	-6880.218620858024	21.593940999826444	3.7645469195135495	0.006735706892628325	4.521812658980857	1.0	3.426137304608123	5.322071102276997	-279.99815982552593	0.21888207787922065	0.2606753751520934	0.23366288431239035	0.2867796626562956
34000	-7172.257038201043	-6875.201716689863	-297.0553215111799	-6875.201716689863	22.312141133403685	3.22634497379985	0.006979851743402035	4.244057106877671	1.0	3.426137304608123	6.1567961093318	-282.26470959391446	0.21888207787922065	0.2606753751520934	0.23366288431239035	0.2867796626562956
35000	-7168.930796897907	-6870.800864325638	-298.12993257226907	-6870.800864325638	21.29879258723306	3.18287302042236	0.006812324425741928	4.244057106877671	1.0	3.20630558306014	6.853557720788536	-283.5319624017304	0.21640770705689286	0.2606753751520934	0.23366288431239035	0.2892540334786234
36000	-7158.556989438996	-6858.828222364257	-299.7287670747388	-6858.828222364257	22.12964650649566	3.5996522780866025	0.006671710698239356	4.276855286315566	1.0	3.20630558306014	7.700231614795722	-284.49776852354745	0.21170519277007455	0.2606753751520934	0.2383653985992087	0.2892540334786234
37000	-7176.767349555363	-6884.438313678349	-292.3290358770134	-6884.438313678349	22.380957444661263	2.340259214039205	0.006515441378249422	4.276855286315566	1.0	3.20630558306014	5.45084403596374	-279.1141674399103	0.21170519277007455	0.2606753751520934	0.2383653985992087	0.2892540334786234
38000	-7124.536549881278	-6828.738681703525	-295.7978681777534	-6828.738681703525	23.890714685125786	3.2802478930857766	0.006618142115959819	4.276855286315566	1.0	3.20630558306014	5.375710524553735	-281.3373349737285	0.21170519277007455	0.25161164263908903	0.2383653985992087	0.29831776599162774
39000	-7092.908329520184	-6799.063798292088	-293.84453122809634	-6799.063798292088	21.424897620528235	2.887828454994816	0.006847449300350108	4.276855286315566	1.0	3.20630558306014	5.372327596204795	-279.8575991839878	0.21170519277007455	0.2518747071836231	0.2383653985992087	0.2980547014470937
40000	-7089.687826270986	-6797.668016324229	-292.019809946757	-6797.668016324229	22.08276418555283	2.5262770761288973	0.00708314518312325	3.97477350424009	1.0	3.20630558306014	5.29337856056211	-278.5884879793133	0.21170519277007455	0.2518747071836231	0.2383653985992087	0.2980547014470937
41000	-7039.019636377206	-6749.441294277223	-289.57834209998254	-6749.441294277223	22.08276418555283	3.2227638586681833	0.006935149121899457	3.97477350424009	1.0	3.20630558306014	5.818633027466133	-275.15793924590616	0.21796856379654975	0.24789363376757664	0.2321020275727335	0.3020357748631401
42000	-6989.390630706516	-6699.4661295786545	-289.9245011278619	-6699.4661295786545	21.90819260654398	2.687101813682782	0.007079529496443236	3.97477350424009	1.0	3.20630558306014	5.908195304408054	-276.1674375076357	0.21796856379654975	0.24789363376757664	0.20096233685589443	0.3331754655799791
43000	-6994.649069348157	-6703.537829767008	-291.11123958115013	-6703.537829767008	23.133747185826508	3.0213598357002462	0.006591190237165624	3.863162461356664	1.0	3.20630558306014	4.782217144762878	-277.23258734019663	0.21796856379654975	0.24789363376757664	0.20096233685589443	0.3331754655799791
44000	-6976.753061199381	-6690.437016292227	-286.3160449071537	-6690.437016292227	23.285619518576226	2.672705263648576	0.006925582138336589	3.863162461356664	1.0	2.688343399198571	5.645909219243074	-273.19876158583475	0.21796856379654975	0.24789363376757664	0.20096233685589443	0.3331754655799791
45000	-6959.758714668024	-6672.301976237301	-287.45673843072393	-6672.301976237301	23.576370904477365	2.8815837058264964	0.006927097599898589	3.863162461356664	1.0	2.688343399198571	6.098642016487574	-273.98549858700966	0.21796856379654975	0.24789363376757664	0.19091630222909967	0.3432215002067739
46000	-6971.653983490553	-6681.536254826973	-290.1177286635801	-6681.536254826973	23.998401811472835	2.6564745529742995	0.006773219709976108	3.863162461356664	1.0	3.36213397307683	6.031929964557878	-276.3045185489027	0.21796856379654975	0.24789363376757664	0.19091630222909967	0.3432215002067739
47000	-6970.654501388206	-6685.49643992078	-285.1580614674258	-6685.49643992078	25.21053617496153	2.810373643804368	0.0069454441716300655	3.921266848028289	1.0	2.084683962756845	6.21065831523358	-272.34500237471195	0.21796856379654975	0.24789363376757664	0.19091630222909967	0.3432215002067739
48000	-6955.74117144199	-6675.783307078289	-279.957864363701	-6675.783307078289	22.709074403011584	3.0416490304150643	0.00682049730643806	3.921266848028289	1.0	2.084683962756845	5.041153313360289	-267.0691754847037	0.21796856379654975	0.24789363376757664	0.19091630222909967	0.3432215002067739
49000	-6957.082045926282	-6678.295302848512	-278.78674307777067	-6678.295302848512	23.539268458525218	2.185819211726198	0.006505249222253261	3.921266848028289	1.0	4.394194716951692	5.099642212798502	-264.7776075820269	0.21796856379654975	0.24789363376757664	0.19091630222909967	0.3432215002067739
50000	-6904.730484989158	-6628.559985151528	-276.1704998376301	-6628.559985151528	19.3276246215269	2.3667797776205997	0.007384827701293749	3.921266848028289	1.0	4.394194716951692	4.764728506496637	-261.8496843075497	0.21796856379654975	0.24789363376757664	0.18263189253438497	0.3515059099014886
51000	-6894.701398900068	-6617.556424163647	-277.1449747364214	-6617.556424163647	19.625651972321627	3.0578648050554973	0.007384069040021178	3.6006443262415475	1.0	4.394194716951692	5.590892123871232	-261.8456881943557	0.2178785651043168	0.2479836324598096	0.18263189253438497	0.3515059099014886
52000	-6848.096308792943	-6572.650006427244	-275.4463023656993	-6572.650006427244	21.008135739780727	2.0471972602099204	0.006490087645050574	3.298379732201793	1.0	4.394194716951692	5.045058059114763	-261.8518275708861	0.2178785651043168	0.2479836324598096	0.18263189253438497	0.3515059099014886
53000	-6823.757469330079	-6550.951104232529	-272.8063650975504	-6550.951104232529	19.1243746208004	2.3295699517834927	0.006620713564795679	3.298379732201793	1.0	4.394194716951692	4.677228090598923	-258.8689722069228	0.2136778815030469	0.2479836324598096	0.18683257613565488	0.3515059099014886
54000	-6830.580093939025	-6558.008961425456	-272.571132513569	-6558.008961425456	20.616911741646707	2.494479017304084	0.006471854557810808	3.298379732201793	1.0	4.394194716951692	4.677228090598923	-258.43004956601584	0.2136778815030469	0.2479836324598096	0.18683257613565488	0.3515059099014886
55000	-6841.909158224826	-6573.817112572593	-268.0920456522326	-6573.817112572593	19.502985196039266	2.8021083327461223	0.007787246086026036	3.298379732201793	1.0	4.394194716951692	4.417254770375794	-253.4104427931481	0.2136778815030469	0.2479836324598096	0.18683257613565488	0.3515059099014886
56000	-6824.598183975442	-6557.0996287424005	-267.49855523304177	-6557.0996287424005	19.06491112767406	2.7355283621023476	0.007556707724117313	3.298379732201793	1.0	4.394194716951692	5.0236705142962395	-252.80666461601882	0.2136778815030469	0.2479836324598096	0.18683257613565488	0.3515059099014886
57000	-6786.905579871965	-6518.0541151269135	-268.8514647450512	-6518.0541151269135	19.722640206981524	2.566551252251245	0.007125646959036683	3.36872005927928	1.0	4.394194716951692	4.189855595168265	-254.60244737980784	0.1718705730919164	0.26025385857704514	0.19807633920431478	0.36979922912672364
58000	-6784.757875620543	-6512.550357721549	-272.2075178989943	-6512.550357721549	19.56557598113376	3.1823377117736547	0.007389261389797039	3.36872005927928	1.0	4.394194716951692	5.059076820089702	-256.9242394005203	0.1718705730919164	0.26025385857704514	0.19807633920431478	0.36979922912672364
59000	-6781.938507711104	-6516.124311850664	-265.81419586044046	-6516.124311850664	19.56557598113376	2.269660544409252	0.007362321488768398	3.0270111419493304	1.0	4.394194716951692	4.292442011444682	-252.03375283936046	0.1718705730919164	0.26106488613333345	0.19726531164802646	0.36979922912672364
60000	-6793.279197050364	-6525.008211653685	-268.2709853966794	-6525.008211653685	21.5348732580852	2.4738738541015493	0.006887235413396668	3.0270111419493304	1.0	2.712257016186231	4.711383228932103	-255.8644486265086	0.1718705730919164	0.24790169092086659	0.19726531164802646	0.3829624243391905
61000	-6800.673875853107	-6528.686158064848	-271.98771778825875	-6528.686158064848	22.361262807800472	3.097585058681281	0.007111453865530789	3.0270111419493304	1.0	3.4103438025911124	5.122788350324938	-257.94121094106237	0.1718705730919164	0.24790169092086659	0.19726531164802646	0.3829624243391905
62000	-6803.981783657254	-6536.104731063913	-267.8770525933402	-6536.104731063913	21.593912898428254	2.3324971573898505	0.006895806579971871	3.0270111419493304	1.0	3.4103438025911124	4.617178231986993	-254.9857187163669	0.17404124185461273	0.24573102215817025	0.19726531164802646	0.3829624243391905
63000	-6749.747511817315	-6481.814351009702	-267.9331608076135	-6481.814351009702	23.11577705081761	2.312323570832439	0.006816806151568435	3.0270111419493304	1.0	3.4103438025911124	4.314766638667917	-255.14910272602265	0.17404124185461273	0.2628700912294307	0.14786321767596292	0.41522544923999355
64000	-6740.595392406726	-6471.765229578256	-268.83016282847024	-6471.765229578256	23.397646618027586	2.582130093146728	0.0071370644556799	3.0270111419493304	1.0	4.475016796537936	4.5968556236623055	-254.5029691577513	0.17404124185461273	0.25694467231204365	0.14786321767596292	0.4211508681573806
65000	-6749.6499975477855	-6481.421391993215	-268.22860555457015	-6481.421391993215	24.81110040944205	2.625651870534052	0.00739941428785868	3.0270111419493304	1.0	4.475016796537936	4.477551832143827	-253.8329619671941	0.17404124185461273	0.25694467231204365	0.14786321767596292	0.4211508681573806
66000	-6755.756599512654	-6491.104203448462	-264.65239606419277	-6491.104203448462	22.283568740853635	2.7044779940492822	0.00759982358235188	3.0270111419493304	1.0	4.475016796537936	4.61058415492304	-250.09523549807034	0.17404124185461273	0.25694467231204365	0.14786321767596292	0.4211508681573806
67000	-6743.732028333547	-6474.6091545253375	-269.1228738082088	-6474.6091545253375	21.23838760491661	2.619994025438511	0.007032035304827675	3.0270111419493304	1.0	5.155060030180351	4.947544541507178	-254.00600872699627	0.17404124185461273	0.25694467231204365	0.14786321767596292	0.4211508681573806
68000	-6748.805537823488	-6484.63720252409	-264.168335299398	-6484.63720252409	22.59620463442662	2.4915476740142934	0.0071848314147561045	3.0270111419493304	1.0	5.155060030180351	4.119403532173472	-249.3867995679973	0.17404124185461273	0.25694467231204365	0.14786321767596292	0.4211508681573806
69000	-6728.69497786837	-6468.517021971485	-260.1779558968851	-6468.517021971485	22.59620463442662	2.78491615589769	0.007589377089958728	3.0270111419493304	1.0	5.155060030180351	3.8993082491022744	-245.0028704518534	0.17404124185461273	0.25694467231204365	0.14786321767596292	0.4211508681573806
70000	-6725.45389114058	-6462.152840585861	-263.30105055471927	-6462.152840585861	20.378203161159746	2.8675727324025693	0.007429970876395993	3.0270111419493304	1.0	5.155060030180351	4.861893311975118	-247.81763726358466	0.17404124185461273	0.25694467231204365	0.14786321767596292	0.4211508681573806
71000	-6729.555702841716	-6467.248508631668	-262.30719421004795	-6467.248508631668	21.583195965031504	2.581282479079091	0.007149427394281553	3.0270111419493304	1.0	5.155060030180351	4.683199609803632	-247.2807569327304	0.17404124185461273	0.25694467231204365	0.14786321767596292	0.4211508681573806
72000	-6734.4966391909575	-6469.342925969415	-265.1537132215424	-6469.342925969415	26.26153379692938	2.2690432406337235	0.006502483681643882	3.0270111419493304	1.0	5.155060030180351	4.317449300093724	-250.73188799946612	0.16502847408830904	0.2561564847234602	0.14786321767596292	0.4309518235122678
73000	-6748.946426940563	-6483.7386507851	-265.2077761554625	-6483.7386507851	20.073086527083905	2.611203832628554	0.008400859667091714	3.0270111419493304	1.0	5.155060030180351	4.9047478380408025	-249.9330762052569	0.16502847408830904	0.2561564847234602	0.14786321767596292	0.4309518235122678
74000	-6722.669495574695	-6464.594638907149	-258.074856667547	-6464.594638907149	19.477116760430913	1.9269348710048326	0.0077697447463494895	3.0270111419493304	1.0	5.155060030180351	4.588171619751616	-243.90297780378776	0.16502847408830904	0.2561564847234602	0.14786321767596292	0.4309518235122678
75000	-6737.528265079859	-6470.606486085423	-266.92177899443624	-6470.606486085423	20.74683062169371	1.9084699534863234	0.007240678258488979	3.0270111419493304	1.0	5.155060030180351	5.0991287982587625	-252.74214170166266	0.16502847408830904	0.2561564847234602	0.14786321767596292	0.4309518235122678
76000	-6733.334427023431	-6466.740744639457	-266.593682383974	-6466.740744639457	21.14450101719451	1.8295159204799887	0.00722502153983278	3.0270111419493304	1.0	5.155060030180351	5.131258913572755	-252.52691269417298	0.16502847408830904	0.2561564847234602	0.14786321767596292	0.4309518235122678
77000	-6743.208863927267	-6474.645913506613	-268.56295042065335	-6474.645913506613	20.260468215229995	1.5482717411256701	0.00713630201219435	3.0270111419493304	1.0	5.155060030180351	5.440449731645797	-254.88151754739923	0.16502847408830904	0.2561564847234602	0.14786321767596292	0.4309518235122678
78000	-6746.109607127427	-6478.711245951936	-267.39836117549095	-6478.711245951936	17.930321834970695	2.441337290469609	0.008256867541367221	3.0270111419493304	1.0	5.155060030180351	5.033418638904881	-252.3455172088437	0.16502847408830904	0.2561564847234602	0.14786321767596292	0.4309518235122678
79000	-6726.4937296525	-6459.321213810892	-267.172515841608	-6459.321213810892	18.958431402560592	2.2677595292696484	0.00758067578529441	3.0270111419493304	1.0	5.82478017484404	4.221782752949064	-251.95144155929148	0.16001361775873132	0.2611713410530379	0.14786321767596292	0.4309518235122678
80000	-6722.310908969681	-6457.616801302484	-264.6941076671968	-6457.616801302484	20.970929128341705	2.3615175315898975	0.007794290246918446	3.0270111419493304	1.0	5.83940123113389	4.808390945530402	-249.17022467394747	0.16724134441711694	0.26730509662573093	0.1406354910175773	0.4248180679395748
81000	-6707.301843140857	-6446.493472892257	-260.8083702485998	-6446.493472892257	20.921518346130124	1.994516170848794	0.007921407045817876	3.0270111419493304	1.0	3.653559617868122	4.4862273991935915	-248.0424696187285	0.1336970893257116	0.3008493517171363	0.1406354910175773	0.4248180679395748
82000	-6703.132554422842	-6438.848050824717	-264.2845035981258	-6438.848050824717	19.979739662137266	2.567483535453971	0.007597246489722607	3.0270111419493304	1.0	3.653559617868122	4.252792603234325	-250.81369781938506	0.1336970893257116	0.3008493517171363	0.1406354910175773	0.4248180679395748
83000	-6705.575358187532	-6440.17800645578	-265.39735173175234	-6440.17800645578	19.812199903576808	2.5560973250929155	0.007571589846261966	3.0270111419493304	1.0	3.653559617868122	4.768977256051793	-251.83076787247757	0.1336970893257116	0.3008493517171363	0.1406354910175773	0.4248180679395748
84000	-6695.836644103672	-6430.659494236343	-265.1771498673297	-6430.659494236343	21.12954890698377	2.560152345889444	0.00767022007962388	3.0270111419493304	1.0	3.653559617868122	4.630569111601663	-251.62156027725834	0.1336970893257116	0.3008493517171363	0.1406354910175773	0.4248180679395748
85000	-6697.733645261717	-6430.030163780037	-267.7034814816809	-6430.030163780037	22.58646103261245	2.6464379181182522	0.008180349009715163	2.5368188372486573	1.0	3.653559617868122	4.14437721804059	-254.25696346597343	0.14943151160509838	0.3008493517171363	0.12490106873819053	0.4248180679395748
86000	-6706.738579826862	-6442.052397743032	-264.6861820838299	-6442.052397743032	22.653393183547166	2.55693156475816	0.007956833397937641	2.6014596461273545	1.0	3.653559617868122	4.089319996800905	-251.37704708356603	0.14943151160509838	0.3008493517171363	0.12490106873819053	0.4248180679395748
87000	-6705.783912544286	-6438.480084684008	-267.3038278602777	-6438.480084684008	21.94906619895973	2.9784873086040036	0.007295894483960249	2.6014596461273545	1.0	3.653559617868122	5.1123189609566415	-253.2994624984843	0.14943151160509838	0.3008493517171363	0.12490106873819053	0.4248180679395748
88000	-6700.7850312197015	-6434.971517712389	-265.81351350731245	-6434.971517712389	20.16902777344239	2.644817918231297	0.007277390316096208	2.6014596461273545	1.0	3.653559617868122	4.458019596712735	-252.3892432879298	0.14943151160509838	0.3008493517171363	0.12490106873819053	0.4248180679395748
89000	-6703.321999240831	-6432.633921983085	-270.68807725774576	-6432.633921983085	23.345305293508183	2.5277195637033114	0.0067876080806540074	2.6014596461273545	1.0	3.716522379857107	5.141234040189456	-257.28592547174264	0.14943151160509838	0.3008493517171363	0.11485845250775642	0.4348606841700089
90000	-6700.969068397834	-6430.684706564258	-270.2843618335762	-6430.684706564258	20.535948802627505	2.7859927233175075	0.00730365992702512	2.6014596461273545	1.0	3.716522379857107	4.0155298095037315	-256.71007603439534	0.14943151160509838	0.3008493517171363	0.11485845250775642	0.4348606841700089
91000	-6698.120616124689	-6427.836081782362	-270.28453434232676	-6427.836081782362	20.33631675581212	2.7137410734313616	0.007159477578903201	2.6014596461273545	1.0	3.716522379857107	4.893109033544754	-256.6284731506382	0.14943151160509838	0.3008493517171363	0.11485845250775642	0.4348606841700089
92000	-6710.340279644795	-6437.052667837305	-273.28761180748995	-6437.052667837305	22.76168262162636	2.5728087136697138	0.006677261550973849	2.3707570006591037	1.0	3.518354455745601	5.672933960339242	-260.02812506613094	0.14943151160509838	0.292012823089849	0.11485845250775642	0.4436972127972962
93000	-6696.401968917195	-6425.9557579546545	-270.4462109625398	-6425.9557579546545	22.060674132027003	2.7155803378458807	0.0071864265056291385	2.3707570006591037	1.0	3.489224102973309	4.960651542905267	-257.0850177311886	0.14943151160509838	0.292012823089849	0.11485845250775642	0.4436972127972962
94000	-6699.471676027177	-6432.432166862923	-267.0395091642542	-6432.432166862923	23.693403078709185	1.9352828382198712	0.007019979692494774	2.3707570006591037	1.0	3.489224102973309	4.4361941463876375	-254.89871365951493	0.14943151160509838	0.292012823089849	0.11485845250775642	0.4436972127972962
95000	-6694.722342703827	-6426.3954307640615	-268.32691193976524	-6426.3954307640615	25.042143543081927	2.6812173462778217	0.006743368487357451	2.3707570006591037	1.0	3.489224102973309	5.197258930252594	-255.02870806512854	0.14943151160509838	0.292012823089849	0.11485845250775642	0.4436972127972962
96000	-6705.873112886004	-6433.341022474404	-272.5320904115996	-6433.341022474404	24.388545126500972	2.406701309995626	0.0070282396434314205	2.3707570006591037	1.0	3.489224102973309	4.91465626938501	-259.620069914336	0.14943151160509838	0.292012823089849	0.11485845250775642	0.4436972127972962
97000	-6706.729012983107	-6430.728712890137	-276.0003000929702	-6430.728712890137	23.908966675633582	2.5270931678243382	0.006494726945695934	2.3707570006591037	1.0	5.018327807408533	5.915663974995036	-261.2885551756582	0.14943151160509838	0.292012823089849	0.0981173947213924	0.4604382705836602
98000	-6699.726334918298	-6423.010508755712	-276.7158261625858	-6423.010508755712	21.87692382780685	2.4385870557928855	0.006244497111950356	2.3707570006591037	1.0	5.018327807408533	5.172760660531073	-262.2982141633956	0.14943151160509838	0.2798204479918045	0.0981173947213924	0.4726306456817047
99000	-6697.8547229236765	-6421.0383486814635	-276.8163742422132	-6421.0383486814635	21.055592890165997	3.1259032923260177	0.006910109034885939	2.3707570006591037	1.0	5.018327807408533	4.914129750454814	-261.43781981137244	0.14943151160509838	0.2798204479918045	0.0981173947213924	0.4726306456817047
100000	-6685.252739046305	-6408.13799844737	-277.11474059893504	-6408.13799844737	20.965679327292776	2.912259895682765	0.006829656860789057	2.3707570006591037	1.0	5.018327807408533	5.176284659323314	-261.9733040997657	0.14003910670392272	0.2798204479918045	0.0981173947213924	0.48202305058288036
