#
#model:
#
#<?xml version="1.0" encoding="UTF-8" standalone="no"?><input id="posterior" spec="beast.core.util.CompoundDistribution">
#    <distribution id="prior" spec="beast.core.util.CompoundDistribution">
#        <distribution id="CoalescentConstant.t:1" spec="beast.evolution.tree.coalescent.Coalescent">
#            <populationModel id="ConstantPopulation.t:1" spec="beast.evolution.tree.coalescent.ConstantPopulation">
#                <parameter id="popSize.t:1" name="popSize" spec="beast.core.parameter.RealParameter">0.3</parameter>
#            </populationModel>
#            <treeIntervals id="TreeIntervals.t:1" spec="beast.evolution.tree.coalescent.TreeIntervals">
#                <tree id="Tree.t:1" spec="beast.evolution.tree.Tree">
#                    <trait id="dateTrait.t:1" spec="beast.evolution.tree.TraitSet" traitname="date" value="2_2000.1=2000.1,17_2001.6=2001.6,18_2001.7=2001.7,21_2002=2002,24_2002.3=2002.3,26_2002.5=2002.5,5_2000.4=2000.4,7_2000.6=2000.6,4_2000.3=2000.3,13_2001.2=2001.2,15_2001.4=2001.4,16_2001.5=2001.5,1_2000=2000,8_2000.7=2000.7,3_2000.2=2000.2,12_2001.1=2001.1,22_2002.1=2002.1,32_2003.1=2003.1,28_2002.7=2002.7,43_2004.2=2004.2,46_2004.5=2004.5,55_2005.4=2005.4,63_2006.2=2006.2,65_2006.4=2006.4,66_2006.5=2006.5,67_2006.6=2006.6,23_2002.2=2002.2,10_2000.9=2000.9,14_2001.3=2001.3,33_2003.2=2003.2,39_2003.8=2003.8,34_2003.3=2003.3,44_2004.3=2004.3,48_2004.7=2004.7,53_2005.2=2005.2,52_2005.1=2005.1,58_2005.7=2005.7,9_2000.8=2000.8,6_2000.5=2000.5,11_2001=2001,25_2002.4=2002.4,20_2001.9=2001.9,47_2004.6=2004.6,36_2003.5=2003.5,45_2004.4=2004.4,50_2004.9=2004.9,42_2004.1=2004.1,51_2005=2005,35_2003.4=2003.4,37_2003.6=2003.6,57_2005.6=2005.6,59_2005.8=2005.8,61_2006=2006,62_2006.1=2006.1,41_2004=2004,40_2003.9=2003.9,49_2004.8=2004.8,74_2007.3=2007.3,77_2007.6=2007.6,68_2006.7=2006.7,70_2006.9=2006.9,81_2008=2008,19_2001.8=2001.8,27_2002.6=2002.6,29_2002.8=2002.8,30_2002.9=2002.9,31_2003=2003,38_2003.7=2003.7,56_2005.5=2005.5,69_2006.8=2006.8,82_2008.1=2008.1,80_2007.9=2007.9,83_2008.2=2008.2,87_2008.6=2008.6,71_2007=2007,75_2007.4=2007.4,72_2007.1=2007.1,91_2009=2009,88_2008.7=2008.7,94_2009.3=2009.3,98_2009.7=2009.7,79_2007.8=2007.8,84_2008.3=2008.3,78_2007.7=2007.7,76_2007.5=2007.5,89_2008.8=2008.8,93_2009.2=2009.2,96_2009.5=2009.5,97_2009.6=2009.6,95_2009.4=2009.4,100_2009.9=2009.9,54_2005.3=2005.3,60_2005.9=2005.9,64_2006.3=2006.3,73_2007.2=2007.2,86_2008.5=2008.5,85_2008.4=2008.4,90_2008.9=2008.9,99_2009.8=2009.8,92_2009.1=2009.1,101_2010=2010">
#                        <taxa id="TaxonSet.1" spec="beast.evolution.alignment.TaxonSet">
#                        </taxa>
#                    </trait>
#                    <taxonset idref="TaxonSet.1"/>
#                </tree>
#            </treeIntervals>
#        </distribution>
#        <prior id="rateOmega.prior" name="distribution">
#            <parameter id="rateOmega" lower="0.1" name="x" spec="beast.core.parameter.RealParameter" upper="10.0">0.5</parameter>
#            <Gamma id="Gamma.0" name="distr">
#                <parameter estimate="false" id="rateOmega.alpha" name="alpha" spec="beast.core.parameter.RealParameter">0.1</parameter>
#                <parameter estimate="false" id="rateOmega.beta" name="beta" spec="beast.core.parameter.RealParameter">1.0</parameter>
#            </Gamma>
#        </prior>
#        <prior id="rateMean.prior" name="distribution">
#            <parameter id="rateMean" lower="1.0E-4" name="x" spec="beast.core.parameter.RealParameter" upper="10.0">0.005</parameter>
#            <Gamma id="Gamma.1" name="distr">
#                <parameter estimate="false" id="rateMean.alpha" name="alpha" spec="beast.core.parameter.RealParameter">0.005</parameter>
#                <parameter estimate="false" id="rateMean.beta" name="beta" spec="beast.core.parameter.RealParameter">1.0</parameter>
#            </Gamma>
#        </prior>
#        <prior id="FrequenciesPrior.s:1" name="distribution">
#            <parameter dimension="4" id="freqParameter.s:1" lower="0.0" name="x" spec="beast.core.parameter.RealParameter" upper="1.0">0.25</parameter>
#            <Uniform id="Uniform.3" name="distr"/>
#        </prior>
#        <prior id="GammaShapePrior.s:1" name="distribution">
#            <parameter id="gammaShape.s:1" name="x" spec="beast.core.parameter.RealParameter">1.0</parameter>
#            <Exponential id="Exponential.0" name="distr">
#                <parameter estimate="false" id="RealParameter.0" name="mean" spec="beast.core.parameter.RealParameter">1.0</parameter>
#            </Exponential>
#        </prior>
#        <prior id="KappaPrior.s:1" name="distribution">
#            <parameter id="kappa.s:1" lower="0.0" name="x" spec="beast.core.parameter.RealParameter">2.0</parameter>
#            <LogNormal id="LogNormalDistributionModel.0" name="distr">
#                <parameter estimate="false" id="RealParameter.1" name="M" spec="beast.core.parameter.RealParameter">1.0</parameter>
#                <parameter estimate="false" id="RealParameter.2" name="S" spec="beast.core.parameter.RealParameter">1.25</parameter>
#            </LogNormal>
#        </prior>
#        <prior id="PopSizePrior.t:1" name="distribution" x="@popSize.t:1">
#            <OneOnX id="OneOnX.1" name="distr"/>
#        </prior>
#    </distribution>
#    <distribution id="likelihood" spec="beast.core.util.CompoundDistribution" useThreads="true">
#        <distribution data="@1" id="treeLikelihood.1" spec="beast.evolution.likelihood.ThreadedTreeLikelihood" tree="@Tree.t:1">
#            <siteModel gammaCategoryCount="4" id="SiteModel.s:1" shape="@gammaShape.s:1" spec="beast.evolution.sitemodel.SiteModel">
#                <parameter id="mutationRate.s:1" name="mutationRate" spec="beast.core.parameter.RealParameter">1.0</parameter>
#                <parameter estimate="false" id="proportionInvariant.s:1" lower="0.0" name="proportionInvariant" spec="beast.core.parameter.RealParameter" upper="1.0">0.0</parameter>
#                <substModel id="hky.s:1" kappa="@kappa.s:1" spec="beast.evolution.substitutionmodel.HKY">
#                    <frequencies frequencies="@freqParameter.s:1" id="estimatedFreqs.s:1" spec="beast.evolution.substitutionmodel.Frequencies"/>
#                </substModel>
#            </siteModel>
#            <branchRateModel id="branchRates" numSites="1000" numberOfDiscreteRates="12" rateMean="@rateMean" rateOmega="@rateOmega" spec="beast.evolution.branchratemodel.ARClockModel" tree="@Tree.t:1">
#                <rateCategories dimension="200" id="rateCategories" spec="beast.core.parameter.IntegerParameter">1</rateCategories>
#            </branchRateModel>
#        </distribution>
#    </distribution>
#</input>
#
Sample	posterior	likelihood	prior	treeLikelihood	TreeHeight	rateOmega	rateMean	kappa	mutationRate	gammaShape	popSize	CoalescentConstant	freqParameter.1	freqParameter.2	freqParameter.3	freqParameter.4
0	-22690.64866336924	-22456.61545719888	-234.03320617036022	-22456.61545719888	10.751582664363609	0.5	0.005	2.0	1.0	1.0	0.3	-230.21431273121476	0.25	0.25	0.25	0.25
1000	-15357.34104475708	-14836.598393138524	-520.7426516185569	-14836.598393138524	13.860256575915322	0.4180966030013352	0.021365811982718412	3.9361561049888136	1.0	1.0	1.9428713394231472	-513.1462864836847	0.25	0.25	0.25	0.25
2000	-13438.1993016633	-13117.504691665446	-320.69460999785366	-13117.504691665446	13.556346413947168	2.285256212165959	0.018528604469986627	3.9361561049888136	1.0	1.0	9.378855053951497	-308.27272686505074	0.24781943583948512	0.25	0.2521805641605149	0.25
3000	-12047.666673953734	-11700.754210366622	-346.91246358711214	-11700.754210366622	15.619471445712778	5.079810075771482	0.014732280219384221	3.9361561049888136	1.0	1.0	11.094176890529933	-331.0410724188221	0.24781943583948512	0.25	0.2521805641605149	0.25
4000	-11317.689421273466	-10963.398426048303	-354.2909952251631	-10963.398426048303	15.695263144862993	2.604912899029534	0.012313362698338343	3.9361561049888136	1.0	1.0	9.460188540684392	-341.8357945451493	0.24261747878428194	0.24955808753691253	0.2521805641605149	0.25564386951829066
5000	-10839.068676703257	-10476.917570374511	-362.15110632874547	-10476.917570374511	17.69146085807597	3.9195344558264185	0.011269928301267768	4.204403187027982	1.0	1.0	10.613352772998459	-347.9047561221621	0.24261747878428194	0.24955808753691253	0.2521805641605149	0.25564386951829066
6000	-10566.577255596658	-10198.969933543885	-367.6073220527723	-10198.969933543885	17.69146085807597	3.6514000529066544	0.009995995424547875	4.204403187027982	1.0	1.0	13.354430562261246	-353.5837745163954	0.24261747878428194	0.24955808753691253	0.2521805641605149	0.25564386951829066
7000	-10407.2168391121	-10030.744136515212	-376.4727025968884	-10030.744136515212	17.69146085807597	3.2578973349748983	0.00967980761307443	4.204403187027982	1.0	1.0	15.12798313061538	-362.852883578268	0.2418621964987033	0.2503133698224912	0.2521805641605149	0.25564386951829066
8000	-10136.842021445038	-9764.849300848535	-371.99272059650383	-9764.849300848535	17.18359532153792	4.72532737225577	0.010207182445127307	4.204403187027982	1.0	1.0	11.903938787508167	-356.75716732569	0.23688528884241114	0.2503133698224912	0.25715747181680704	0.25564386951829066
9000	-9993.173289831142	-9629.424979725456	-363.7483101056862	-9629.424979725456	18.598074524729036	4.53916990405904	0.009710489388600738	4.204403187027982	1.0	1.0	11.730089185856997	-348.79993201363754	0.23675575938982193	0.2503133698224912	0.25243498067783343	0.26049589010985347
10000	-9887.410075550055	-9520.675634569541	-366.7344409805145	-9520.675634569541	17.755287564982844	5.633565637024993	0.009752105298476496	3.8824914431923054	1.0	1.0	12.544438364017054	-350.5257103478235	0.23760917546987775	0.2503133698224912	0.2515815645977776	0.26049589010985347
11000	-9821.248896328785	-9459.498439680123	-361.75045664866167	-9459.498439680123	18.11342280220633	5.201285318044786	0.009486166756774833	3.8824914431923054	1.0	1.0	11.875912265142855	-346.12840097192986	0.23760917546987775	0.2503133698224912	0.24579257861533185	0.26628487609229917
12000	-9785.934507397697	-9421.820061487859	-364.1144459098377	-9421.820061487859	17.142368825898828	4.988310687266407	0.009100378483727885	3.8824914431923054	1.0	1.0	14.272371869711233	-348.6008758122219	0.23760917546987775	0.2503133698224912	0.24579257861533185	0.26628487609229917
13000	-9715.340416721761	-9354.122726420315	-361.217690301446	-9354.122726420315	17.420753696686482	4.674901188425203	0.009309368835655205	3.8824914431923054	1.0	1.0	11.391408253578442	-346.27859552821974	0.23760917546987775	0.2503133698224912	0.24579257861533185	0.26628487609229917
14000	-9681.698225700467	-9319.92122115064	-361.7770045498269	-9319.92122115064	17.855979923257486	5.291542259841957	0.009067069511929194	3.8824914431923054	1.0	1.0	12.194652837339119	-346.0681016213233	0.23760917546987775	0.2503133698224912	0.24579257861533185	0.26628487609229917
15000	-9650.689356273551	-9287.950707548922	-362.7386487246296	-9287.950707548922	16.947384670243586	4.93640585736613	0.009731183046227266	4.060338932743742	1.0	1.0	11.007488246542307	-347.4231821285039	0.23760917546987775	0.2503133698224912	0.24128693064727164	0.2707905240603594
16000	-9355.221661047983	-8993.697656824455	-361.52400422352764	-8993.697656824455	17.63818619293673	4.819941414691375	0.008408091394718101	4.060338932743742	1.0	1.0	12.423403165226317	-346.3722173351357	0.23760917546987775	0.2503133698224912	0.24128693064727164	0.2707905240603594
17000	-9225.398699411366	-8865.682231190996	-359.7164682203685	-8865.682231190996	17.63818619293673	4.495898469325957	0.008938644395335314	4.060338932743742	1.0	1.0	10.94980749108581	-345.0162070205459	0.23760917546987775	0.2503133698224912	0.24128693064727164	0.2707905240603594
18000	-9150.694892080415	-8790.204055162118	-360.49083691829713	-8790.204055162118	16.97913935701543	5.098020346343087	0.009059147866320899	4.060338932743742	1.0	1.0	11.35249979625931	-345.02577499543975	0.23760917546987775	0.2503133698224912	0.24128693064727164	0.2707905240603594
19000	-9108.02216926008	-8744.695685775452	-363.3264834846284	-8744.695685775452	17.45498586780238	5.016670222892653	0.008338120143108797	4.060338932743742	1.0	1.0	12.440882205377124	-347.94894256070285	0.23760917546987775	0.2503133698224912	0.24128693064727164	0.2707905240603594
20000	-9065.670832740001	-8705.995577040763	-359.6752556992379	-8705.995577040763	17.45498586780238	4.79461259206904	0.008463166614370405	4.060338932743742	1.0	1.3313944473060093	12.410598748768159	-344.21662502775996	0.23436715968429986	0.2503133698224912	0.24452894643284953	0.2707905240603594
21000	-8937.845481041983	-8584.523471812898	-353.32200922908515	-8584.523471812898	17.45498586780238	4.8570808085440405	0.008906142198545453	4.060338932743742	1.0	1.2726782507433223	10.192094771846278	-337.99370911248747	0.23436715968429986	0.2503133698224912	0.24452894643284953	0.2707905240603594
22000	-8875.605031954141	-8527.629517770756	-347.97551418338463	-8527.629517770756	17.025322929668256	5.817699598009623	0.008724866621976518	4.17321540090427	1.0	1.2726782507433223	9.514771200066606	-331.5788812697893	0.23313365174883002	0.2498998169991846	0.24617600719162597	0.2707905240603594
23000	-8863.920060747101	-8516.839357770636	-347.0807029764661	-8516.839357770636	16.791298989649377	4.746601249592301	0.00828923782160235	4.17321540090427	1.0	1.3422427273061552	11.376298799858615	-331.74144442010953	0.23313365174883002	0.2498998169991846	0.24617600719162597	0.2707905240603594
24000	-8857.499072107017	-8509.754445122155	-347.7446269848618	-8509.754445122155	16.42340121838881	5.384409508900806	0.008500733368812104	4.17321540090427	1.0	1.6891729943750025	10.709990277714587	-331.34223419462273	0.23313365174883002	0.2498998169991846	0.24617600719162597	0.2707905240603594
25000	-8866.695285277341	-8523.94071078844	-342.7545744889018	-8523.94071078844	17.38837352369246	4.544450019832359	0.008734132107359247	4.17321540090427	1.0	1.6891729943750025	9.36459420003677	-327.451838894349	0.23313365174883002	0.2498998169991846	0.24617600719162597	0.2707905240603594
26000	-8857.24650093436	-8506.100694938554	-351.14580599580626	-8506.100694938554	16.874217447884334	5.295062405122254	0.008246181181938842	4.17321540090427	1.0	1.6891729943750025	11.000572501574014	-334.85155433895443	0.23313365174883002	0.2498998169991846	0.24617600719162597	0.2707905240603594
27000	-8835.940710427472	-8486.47924925272	-349.4614611747529	-8486.47924925272	17.363201924052568	7.117598164164265	0.00860715905114669	4.17321540090427	1.0	1.6891729943750025	9.276177859971718	-331.20596461584523	0.23313365174883002	0.2498998169991846	0.24617600719162597	0.2707905240603594
28000	-8809.810405006869	-8458.693785679663	-351.1166193272059	-8458.693785679663	16.358080093405658	6.408616572697514	0.008771132125486239	4.17321540090427	1.0	1.6891729943750025	11.448543249299913	-333.4351844761808	0.23313365174883002	0.2498998169991846	0.24617600719162597	0.2707905240603594
29000	-8795.968051276725	-8452.173874372598	-343.7941769041263	-8452.173874372598	15.780279484186293	7.1780255721577975	0.009035782764912993	4.17321540090427	1.0	1.6891729943750025	9.322356739017215	-325.4168945590473	0.23313365174883002	0.2498998169991846	0.23963639325332725	0.27733013799865813
30000	-8754.53760161507	-8407.29636307871	-347.24123853635894	-8407.29636307871	15.780279484186293	7.263495696799462	0.009422396995565041	4.17321540090427	1.0	1.8507740372005757	10.76924411382911	-328.41987892597	0.23313365174883002	0.2498998169991846	0.23963639325332725	0.27733013799865813
31000	-8679.610547866456	-8336.844112880726	-342.7664349857302	-8336.844112880726	15.780279484186293	6.091324581968196	0.009132783025106417	4.17321540090427	1.0	1.8507740372005757	8.106052897641206	-325.5910783926542	0.2256991221669326	0.257334346581082	0.23963639325332725	0.27733013799865813
32000	-8612.311670980998	-8271.96184295374	-340.3498280272574	-8271.96184295374	15.780279484186293	5.198413724523464	0.008614160806678879	4.17321540090427	1.0	1.8507740372005757	11.05961090245937	-323.95804368331926	0.2256991221669326	0.257334346581082	0.23963639325332725	0.27733013799865813
33000	-8549.688032103411	-8217.49637478272	-332.19165732069064	-8217.49637478272	15.780279484186293	5.216172566450062	0.008614160806678879	4.17321540090427	1.0	1.619665312288936	7.868225780243808	-316.3506207346171	0.2256991221669326	0.257334346581082	0.23963639325332725	0.27733013799865813
34000	-8526.745917361452	-8194.64852838481	-332.09738897664175	-8194.64852838481	16.044037221975866	5.9858099096099595	0.008472240752212853	4.17321540090427	1.0	1.619665312288936	7.4320981855007195	-315.4365457475985	0.2256991221669326	0.257334346581082	0.23963639325332725	0.27733013799865813
35000	-8497.369289252572	-8166.0909326745095	-331.27835657806196	-8166.0909326745095	16.417642923706403	5.851601237911216	0.008356847901838077	4.17321540090427	1.0	1.5157425029335903	8.04023600147679	-314.81116382739407	0.2256991221669326	0.257334346581082	0.2352847458735096	0.2816817853784758
36000	-8467.353812308085	-8141.084308011934	-326.2695042961509	-8141.084308011934	16.313912051744808	5.494143147645729	0.008482667225664929	4.17321540090427	1.0	1.5157425029335903	7.293680650013286	-310.29895446828624	0.2256991221669326	0.257334346581082	0.2352847458735096	0.2816817853784758
37000	-8367.875039535624	-8043.209549847946	-324.6654896876786	-8043.209549847946	15.998599988438485	4.315059037078181	0.008399704781585847	4.17321540090427	1.0	1.5157425029335903	8.488439231539031	-309.9496037967068	0.2256991221669326	0.257334346581082	0.2352847458735096	0.2816817853784758
38000	-8350.846882088497	-8028.654829952466	-322.1920521360323	-8028.654829952466	16.591017243877413	4.458429359723277	0.008652296685647886	4.17321540090427	1.0	1.5157425029335903	9.141946910890823	-307.1994780253722	0.2256991221669326	0.257334346581082	0.2352847458735096	0.2816817853784758
39000	-8316.60812892038	-7997.073888458804	-319.534240461576	-7997.073888458804	16.753780654066446	5.3364897171374786	0.008936319187371937	3.8626198777896037	1.0	1.8278159417816187	6.964386987030617	-303.5260267364662	0.2256991221669326	0.2486920017900791	0.2352847458735096	0.2903241301694787
40000	-8273.060044425523	-7954.722760895557	-318.337283529966	-7954.722760895557	16.81842619820392	4.560719903177896	0.00887007391499224	3.8626198777896037	1.0	2.2944730214446833	6.860807790541854	-302.80201546993385	0.2256991221669326	0.24446504925472548	0.2352847458735096	0.2945510827048324
41000	-8222.678738403283	-7905.777917500242	-316.9008209030415	-7905.777917500242	16.715996310132468	4.96320505491047	0.008382655758878142	3.8626198777896037	1.0	2.2944730214446833	7.375261823518966	-300.8713705468212	0.2256991221669326	0.23242052264209123	0.2352847458735096	0.3065956093174666
42000	-8149.264398272887	-7837.702171824309	-311.56222644857826	-7837.702171824309	16.829930718320142	4.13929933079084	0.009015115566919966	3.8626198777896037	1.0	2.2944730214446833	6.983394642313996	-296.50164408135055	0.2065520393754395	0.23242052264209123	0.2544318286650027	0.3065956093174666
43000	-8111.6913753940635	-7805.428652523542	-306.2627228705216	-7805.428652523542	17.269416377976203	4.223476816704476	0.008334389414929306	3.8626198777896037	1.0	2.2944730214446833	6.168074771297879	-291.3027930434284	0.21044463017489923	0.23242052264209123	0.250539237865543	0.3065956093174666
44000	-8040.048066946068	-7740.156385748598	-299.8916811974694	-7740.156385748598	17.18747475583356	4.326669237853675	0.008471739109899335	3.8626198777896037	1.0	2.2944730214446833	5.807650886042516	-284.85064295987866	0.19126021064407087	0.23242052264209123	0.250539237865543	0.325780028848295
45000	-7962.302143317501	-7668.85465148729	-293.44749183021116	-7668.85465148729	17.326675629782788	4.561292797216103	0.008622514718382204	3.8626198777896037	1.0	2.2944730214446833	5.629401354041592	-278.1377722974027	0.17426466672014015	0.23242052264209123	0.250539237865543	0.3427755727722257
46000	-7944.953785357361	-7646.009692699632	-298.9440926577287	-7646.009692699632	17.302968384213578	4.122266393794836	0.008487383992068954	3.8626198777896037	1.0	2.92776850100161	5.363214260993967	-283.59547846746136	0.17426466672014015	0.23242052264209123	0.250539237865543	0.3427755727722257
47000	-7799.81196938842	-7505.626102073044	-294.18586731537596	-7505.626102073044	17.302968384213578	4.705375210882262	0.008425313790467267	3.8626198777896037	1.0	2.0698919187043745	5.7950226358091825	-278.92287828354137	0.17426466672014015	0.23242052264209123	0.250539237865543	0.3427755727722257
48000	-7766.627778233709	-7470.940161174039	-295.6876170596702	-7470.940161174039	16.11629636787719	4.258142398848454	0.008588550067091628	3.8626198777896037	1.0	2.0698919187043745	6.460058209484732	-280.8338506537707	0.1800195480745644	0.23242052264209123	0.24478435651111874	0.3427755727722257
49000	-7656.09628888394	-7364.496954589559	-291.59933429438126	-7364.496954589559	15.797650599624165	3.8421501923293806	0.008745069439846764	3.8626198777896037	1.0	4.858657199609839	6.095999682615186	-274.50519480467216	0.1800195480745644	0.23242052264209123	0.24478435651111874	0.3427755727722257
50000	-7613.9140336437895	-7326.378728625301	-287.5353050184883	-7326.378728625301	16.783050194529412	5.014077197662011	0.008918220646372444	3.8626198777896037	1.0	4.576907572272506	4.6448857468682085	-269.5635771081042	0.17993489916844208	0.23250517154821357	0.24478435651111874	0.3427755727722257
51000	-7593.444440295063	-7309.72397165603	-283.7204686390334	-7309.72397165603	16.247640773949005	5.181524410723896	0.009323034381879508	3.8626198777896037	1.0	2.5658059890176137	5.6149849943905235	-267.32858348298555	0.17993489916844208	0.23250517154821357	0.24478435651111874	0.3427755727722257
52000	-7540.045563920509	-7252.75588269848	-287.2896812220296	-7252.75588269848	17.901679269734995	4.487754642458983	0.008643525315787793	3.8626198777896037	1.0	5.7580682928764295	4.772973106563372	-268.7671239178101	0.158173076780244	0.25426699393641167	0.24478435651111874	0.3427755727722257
53000	-7503.833776201832	-7214.283809119817	-289.5499670820144	-7214.283809119817	17.07269218904429	5.279975079893832	0.00908649708438039	3.8626198777896037	1.0	5.7580682928764295	5.170258966181435	-269.95875194417124	0.158173076780244	0.25426699393641167	0.21924308672868253	0.3683168425546619
54000	-7492.862444044211	-7210.631408186406	-282.2310358578048	-7210.631408186406	15.752055157910817	4.116640502505757	0.008801287551738321	3.8626198777896037	1.0	5.7580682928764295	4.823871069758533	-264.1285141093579	0.158173076780244	0.25426699393641167	0.21924308672868253	0.3683168425546619
55000	-7487.531274523259	-7203.025188870496	-284.50608565276264	-7203.025188870496	15.68768096456057	3.970180432157879	0.008696708232060318	3.8626198777896037	1.0	5.7580682928764295	5.234059516607239	-266.51301506593484	0.158173076780244	0.25426699393641167	0.21924308672868253	0.3683168425546619
56000	-7492.719196038196	-7201.785965987037	-290.9332300511588	-7201.785965987037	15.68768096456057	4.920596213351052	0.008862671415506873	3.8626198777896037	1.0	5.7580682928764295	6.033674093362968	-271.6354432964414	0.158173076780244	0.25426699393641167	0.21924308672868253	0.3683168425546619
57000	-7488.45518453344	-7206.787168229995	-281.66801630344537	-7206.787168229995	15.84737404356655	5.369095170236702	0.009061487194895764	3.8626198777896037	1.0	3.1758906422247124	5.131739879438556	-264.56503997395794	0.158173076780244	0.25426699393641167	0.21924308672868253	0.3683168425546619
58000	-7493.505579289111	-7211.846798823971	-281.65878046514035	-7211.846798823971	15.69021480586113	4.89671429003801	0.008154457895908107	3.8626198777896037	1.0	3.1758906422247124	5.377311840238406	-265.1701748411179	0.158173076780244	0.25426699393641167	0.21924308672868253	0.3683168425546619
59000	-7493.1159698001	-7208.403019185871	-284.71295061422904	-7208.403019185871	15.69021480586113	6.496222622218255	0.008430933487700944	3.6589054733616324	1.0	3.1758906422247124	4.7874327939391	-266.5186131947751	0.158173076780244	0.25426699393641167	0.21924308672868253	0.3683168425546619
60000	-7482.444100312514	-7196.891869250931	-285.55223106158206	-7196.891869250931	15.69021480586113	6.94731104854575	0.009050184669931415	3.005054262485155	1.0	3.1758906422247124	6.074530544008851	-266.75903941584977	0.158173076780244	0.25426699393641167	0.21924308672868253	0.3683168425546619
61000	-7469.196266915019	-7183.875371046177	-285.32089586884194	-7183.875371046177	15.69021480586113	5.802834548004886	0.0088307595002334	3.005054262485155	1.0	6.250768760065507	4.83544952646198	-265.01208141500103	0.15987932244172995	0.25256074827492575	0.21924308672868253	0.3683168425546619
62000	-7435.085087074561	-7151.9345908838895	-283.15049619067116	-7151.9345908838895	15.69021480586113	7.383528858317674	0.009442008340164655	3.005054262485155	1.0	6.250768760065507	4.396097921307302	-261.072225263338	0.15987932244172995	0.26585604893487463	0.20594778606873365	0.3683168425546619
63000	-7401.551810029106	-7122.7750689104905	-278.7767411186148	-7122.7750689104905	15.69021480586113	7.299319727655961	0.009450680515385139	3.005054262485155	1.0	6.250768760065507	4.6265243358425945	-256.74099208312987	0.15987932244172995	0.26585604893487463	0.1717525646485165	0.40251206397487904
64000	-7411.600456008739	-7135.6246432712205	-275.9758127375177	-7135.6246432712205	15.69021480586113	4.900762964194801	0.009454921914303607	3.005054262485155	1.0	6.250768760065507	4.7024046227154095	-256.6804529085856	0.15987932244172995	0.26585604893487463	0.1717525646485165	0.40251206397487904
65000	-7407.284438745495	-7136.933878029642	-270.35056071585285	-7136.933878029642	15.69021480586113	5.095030968724598	0.009023380462728261	2.7469658280473355	1.0	6.250768760065507	4.3892497886348165	-251.03475791128088	0.15987932244172995	0.26585604893487463	0.1717525646485165	0.40251206397487904
66000	-7410.230708083297	-7135.624011892537	-274.60669619076003	-7135.624011892537	15.721503343537652	4.395672316966701	0.008761214671444938	2.7469658280473355	1.0	6.747186862552257	4.093399007596751	-255.72609653087378	0.15987932244172995	0.26585604893487463	0.1717525646485165	0.40251206397487904
67000	-7414.138567878259	-7141.299644630518	-272.83892324774155	-7141.299644630518	15.721503343537652	5.215066817909072	0.009468072245264601	2.7469658280473355	1.0	6.747186862552257	4.111851359773203	-252.9026834484912	0.15987932244172995	0.26585604893487463	0.1717525646485165	0.40251206397487904
68000	-7422.346719698709	-7149.539116591481	-272.80760310722917	-7149.539116591481	15.721503343537652	4.079845455108571	0.008957697031509917	2.7469658280473355	1.0	6.747186862552257	5.017545191000985	-254.08410622511136	0.15987932244172995	0.26585604893487463	0.1717525646485165	0.40251206397487904
69000	-7419.98469937295	-7146.345776496708	-273.63892287624213	-7146.345776496708	15.881517250904393	3.0074720717817223	0.007874737830906342	2.7469658280473355	1.0	6.747186862552257	5.429203868445807	-256.31270294978873	0.15987932244172995	0.26585604893487463	0.1717525646485165	0.40251206397487904
70000	-7401.859612938441	-7133.503506374257	-268.3561065641839	-7133.503506374257	15.881517250904393	4.488691413005767	0.00882263530201811	2.7469658280473355	1.0	2.6568873971463383	5.29626747217982	-253.1893014337678	0.16168029751608287	0.27220012615871314	0.16360751235032508	0.40251206397487904
71000	-7388.4527939258205	-7121.306620921879	-267.14617300394167	-7121.306620921879	15.634580289367289	3.4724534327692327	0.008452581740771462	2.7469658280473355	1.0	4.5875898083533695	5.153200025145765	-251.36632222142632	0.16168029751608287	0.27220012615871314	0.16360751235032508	0.40251206397487904
72000	-7387.530517339705	-7121.586850805145	-265.94366653455967	-7121.586850805145	15.699606364148712	3.5974705195433945	0.0093850705026172	2.7469658280473355	1.0	4.5875898083533695	4.731057271755999	-249.9873777234782	0.15418990356447904	0.27154636592035236	0.16360751235032508	0.41065621816484366
73000	-7396.820675816223	-7131.22379682038	-265.596878995843	-7131.22379682038	15.699606364148712	3.4410594369270058	0.008575442938882563	2.7469658280473355	1.0	4.5875898083533695	4.627578371915965	-249.9496987526001	0.15418990356447904	0.27154636592035236	0.16360751235032508	0.41065621816484366
74000	-7383.831323774811	-7113.9679023461895	-269.8634214286211	-7113.9679023461895	17.948664347062056	3.5885404026790204	0.008138968816119477	2.7469658280473355	1.0	4.5875898083533695	4.766144403987385	-254.0539011456529	0.15418990356447904	0.27154636592035236	0.16360751235032508	0.41065621816484366
75000	-7389.930449119729	-7118.378873517386	-271.5515756023434	-7118.378873517386	19.152884472994515	3.8815285348397834	0.008065413276968839	2.7469658280473355	1.0	4.5875898083533695	4.413026338193362	-255.4645157324453	0.15418990356447904	0.27154636592035236	0.16360751235032508	0.41065621816484366
76000	-7383.24273024598	-7112.603994020755	-270.6387362252258	-7112.603994020755	18.29629624349172	3.421935201943824	0.007300990624860331	2.7469658280473355	1.0	4.5875898083533695	4.40290525103134	-255.22682774998816	0.15418990356447904	0.27154636592035236	0.16360751235032508	0.41065621816484366
77000	-7382.7808976551605	-7111.753341844871	-271.02755581028964	-7111.753341844871	17.37113365919193	3.0576904013268784	0.008048761524914514	2.7469658280473355	1.0	4.5875898083533695	5.110238337571852	-255.83443401922625	0.15418990356447904	0.27154636592035236	0.16360751235032508	0.41065621816484366
78000	-7370.325891749597	-7103.603188697294	-266.72270305230273	-7103.603188697294	15.927357679772365	3.5301862654822287	0.00796227178343581	2.7469658280473355	1.0	4.5875898083533695	4.858602958921507	-250.98909514688324	0.12734368406237076	0.27154636592035236	0.16360751235032508	0.4375024376669519
79000	-7351.557750960718	-7086.414715639698	-265.14303532101957	-7086.414715639698	16.54554307579757	3.898201132039526	0.0073005312606823835	2.7469658280473355	1.0	3.5682640274362334	4.780683950994802	-250.07465268344447	0.12734368406237076	0.27154636592035236	0.1394715286434719	0.4616384213738051
80000	-7353.554883105222	-7086.421774834627	-267.1331082705948	-7086.421774834627	17.073710279328157	4.338821185569009	0.007754660338097445	2.7469658280473355	1.0	3.9182321202250723	5.065798427412357	-251.05933133030953	0.12734368406237076	0.27154636592035236	0.1394715286434719	0.4616384213738051
81000	-7337.6206830038045	-7074.915134386003	-262.7055486178013	-7074.915134386003	16.36239346029168	3.9248286916279778	0.008008155526092381	2.7469658280473355	1.0	3.9182321202250723	4.310297807537374	-247.2652617960436	0.09992520963940163	0.2989648403433215	0.1394715286434719	0.4616384213738051
82000	-7333.943878897516	-7070.143380450796	-263.80049844671987	-7070.143380450796	17.02001719648282	4.454163810211958	0.007889734224948226	2.316066130622219	1.0	3.9182321202250723	4.408684733391324	-247.87184088216537	0.09992520963940163	0.29494091457119176	0.1394715286434719	0.46566234714593485
83000	-7332.931816812652	-7068.08393711074	-264.8478797019114	-7068.08393711074	19.074881622503625	4.291777646299215	0.008091194991836474	2.316066130622219	1.0	3.9182321202250723	4.436538190591564	-249.08344543688392	0.09992520963940163	0.29494091457119176	0.1394715286434719	0.46566234714593485
84000	-7341.243484549041	-7076.584560220457	-264.65892432858385	-7076.584560220457	17.93646757696035	3.605162767875349	0.006651235486177214	2.316066130622219	1.0	3.9182321202250723	3.845016174651801	-250.07753610284183	0.09992520963940163	0.29494091457119176	0.1394715286434719	0.46566234714593485
85000	-7345.762131094605	-7074.933906527202	-270.82822456740246	-7074.933906527202	18.913131954047415	5.093925790381716	0.007403645121978801	2.316066130622219	1.0	3.9182321202250723	5.8058168535172605	-253.92749071010746	0.11286347779349294	0.29494091457119176	0.12653326048938057	0.46566234714593485
86000	-7340.56581158754	-7073.565803134224	-267.0000084533171	-7073.565803134224	18.497377374965524	5.250234492403079	0.00772365788225762	2.221603678907364	1.0	3.9182321202250723	4.052947043711541	-250.2695748061658	0.11286347779349294	0.29494091457119176	0.12653326048938057	0.46566234714593485
87000	-7339.492068176177	-7073.087273098337	-266.4047950778391	-7073.087273098337	18.7770197073732	4.856446089475076	0.007291488529085494	2.221603678907364	1.0	3.9182321202250723	4.8090481317311635	-250.02498881460411	0.11286347779349294	0.29494091457119176	0.12653326048938057	0.46566234714593485
88000	-7331.528485168586	-7058.907422057435	-272.6210631111506	-7058.907422057435	17.522372902276363	5.066623460867752	0.00763963237451613	2.221603678907364	1.0	4.809694524874035	4.102000054894451	-255.2137539355248	0.11286347779349294	0.29494091457119176	0.11690752860455608	0.4752880790307593
89000	-7318.978649852229	-7051.420911838558	-267.55773801367076	-7051.420911838558	16.96047633666996	4.61310076023664	0.007601092843558442	2.221603678907364	1.0	4.809694524874035	4.903621123811064	-250.51491990649086	0.11286347779349294	0.29494091457119176	0.11690752860455608	0.4752880790307593
90000	-7322.842160999244	-7057.337670646168	-265.5044903530758	-7057.337670646168	18.011234671578606	4.446340472326893	0.007500011711918053	2.221603678907364	1.0	4.809694524874035	4.064396093075537	-248.86269986482276	0.11286347779349294	0.29494091457119176	0.11690752860455608	0.4752880790307593
91000	-7327.645975363616	-7060.674252344293	-266.9717230193236	-7060.674252344293	17.268069964396215	4.090594139937788	0.007616638364117885	2.221603678907364	1.0	4.809694524874035	4.0720047040571306	-250.74339064318164	0.11286347779349294	0.29494091457119176	0.11690752860455608	0.4752880790307593
92000	-7340.432081907448	-7075.411519560942	-265.0205623465059	-7075.411519560942	19.287678501487818	3.283531252491158	0.00718724078937726	2.221603678907364	1.0	3.6758147933362335	4.228717811369503	-250.95136992792544	0.08567706136705162	0.29494091457119176	0.11690752860455608	0.5024744954572007
93000	-7345.786505065739	-7074.766655925347	-271.01984914039235	-7074.766655925347	17.251408603740003	3.5221204234272614	0.007936526206482693	2.221603678907364	1.0	3.345749501929863	5.603538206363166	-256.5980822933532	0.08567706136705162	0.29494091457119176	0.11690752860455608	0.5024744954572007
94000	-7343.35050057584	-7073.637518867154	-269.71298170868636	-7073.637518867154	19.416159611352857	2.95383933661282	0.0066000406782240634	2.221603678907364	1.0	3.1879099382827394	5.363978482730393	-256.40420379314014	0.08567706136705162	0.29494091457119176	0.11690752860455608	0.5024744954572007
95000	-7337.037293396263	-7063.355071600291	-273.6822217959718	-7063.355071600291	18.861349928495464	3.17747252029761	0.007361024698217929	2.221603678907364	1.0	5.6451794921560845	4.291811984409285	-257.7405171223369	0.08567706136705162	0.29494091457119176	0.11690752860455608	0.5024744954572007
96000	-7333.133220076372	-7062.0241665844605	-271.1090534919113	-7062.0241665844605	18.054673279381554	2.899845240132891	0.007350319180103272	2.221603678907364	1.0	5.6451794921560845	4.758747237684657	-255.4254453417819	0.08567706136705162	0.29494091457119176	0.11690752860455608	0.5024744954572007
97000	-7330.841419889238	-7055.029363333281	-275.8120565559567	-7055.029363333281	18.28275489648931	3.8077724856105664	0.007183440750623076	2.221603678907364	1.0	5.6451794921560845	5.328332403781188	-258.88533629928423	0.08567706136705162	0.29494091457119176	0.11690752860455608	0.5024744954572007
98000	-7335.383371924537	-7061.797098192228	-273.58627373230865	-7061.797098192228	18.28275489648931	3.761611989650095	0.007687314577445298	2.221603678907364	1.0	4.793704238095749	4.456226335495949	-257.6789444145212	0.08567706136705162	0.29494091457119176	0.11690752860455608	0.5024744954572007
99000	-7340.574105935803	-7068.56884526588	-272.00526066992404	-7068.56884526588	18.194421157131725	3.043502227666062	0.007400662548984597	2.2442806411614677	1.0	4.793704238095749	5.12410317555885	-256.89626403924757	0.08567706136705162	0.29494091457119176	0.11690752860455608	0.5024744954572007
100000	-7335.114727297788	-7065.279666410404	-269.83506088738307	-7065.279666410404	17.061047672850812	3.247827535816335	0.00784682721536418	2.2442806411614677	1.0	4.793704238095749	5.313160433674546	-254.36833473560256	0.08567706136705162	0.29494091457119176	0.11690752860455608	0.5024744954572007
