#
#model:
#
#<?xml version="1.0" encoding="UTF-8" standalone="no"?><input id="posterior" spec="beast.core.util.CompoundDistribution">
#    <distribution id="prior" spec="beast.core.util.CompoundDistribution">
#        <distribution id="CoalescentConstant.t:1" spec="beast.evolution.tree.coalescent.Coalescent">
#            <populationModel id="ConstantPopulation.t:1" spec="beast.evolution.tree.coalescent.ConstantPopulation">
#                <parameter id="popSize.t:1" name="popSize" spec="beast.core.parameter.RealParameter">0.3</parameter>
#            </populationModel>
#            <treeIntervals id="TreeIntervals.t:1" spec="beast.evolution.tree.coalescent.TreeIntervals">
#                <tree id="Tree.t:1" spec="beast.evolution.tree.Tree">
#                    <trait id="dateTrait.t:1" spec="beast.evolution.tree.TraitSet" traitname="date" value="2_2000.1=2000.1,17_2001.6=2001.6,18_2001.7=2001.7,21_2002=2002,24_2002.3=2002.3,26_2002.5=2002.5,5_2000.4=2000.4,7_2000.6=2000.6,4_2000.3=2000.3,13_2001.2=2001.2,15_2001.4=2001.4,16_2001.5=2001.5,1_2000=2000,8_2000.7=2000.7,3_2000.2=2000.2,12_2001.1=2001.1,22_2002.1=2002.1,32_2003.1=2003.1,28_2002.7=2002.7,43_2004.2=2004.2,46_2004.5=2004.5,55_2005.4=2005.4,63_2006.2=2006.2,65_2006.4=2006.4,66_2006.5=2006.5,67_2006.6=2006.6,23_2002.2=2002.2,10_2000.9=2000.9,14_2001.3=2001.3,33_2003.2=2003.2,39_2003.8=2003.8,34_2003.3=2003.3,44_2004.3=2004.3,48_2004.7=2004.7,53_2005.2=2005.2,52_2005.1=2005.1,58_2005.7=2005.7,9_2000.8=2000.8,6_2000.5=2000.5,11_2001=2001,25_2002.4=2002.4,20_2001.9=2001.9,47_2004.6=2004.6,36_2003.5=2003.5,45_2004.4=2004.4,50_2004.9=2004.9,42_2004.1=2004.1,51_2005=2005,35_2003.4=2003.4,37_2003.6=2003.6,57_2005.6=2005.6,59_2005.8=2005.8,61_2006=2006,62_2006.1=2006.1,41_2004=2004,40_2003.9=2003.9,49_2004.8=2004.8,74_2007.3=2007.3,77_2007.6=2007.6,68_2006.7=2006.7,70_2006.9=2006.9,81_2008=2008,19_2001.8=2001.8,27_2002.6=2002.6,29_2002.8=2002.8,30_2002.9=2002.9,31_2003=2003,38_2003.7=2003.7,56_2005.5=2005.5,69_2006.8=2006.8,82_2008.1=2008.1,80_2007.9=2007.9,83_2008.2=2008.2,87_2008.6=2008.6,71_2007=2007,75_2007.4=2007.4,72_2007.1=2007.1,91_2009=2009,88_2008.7=2008.7,94_2009.3=2009.3,98_2009.7=2009.7,79_2007.8=2007.8,84_2008.3=2008.3,78_2007.7=2007.7,76_2007.5=2007.5,89_2008.8=2008.8,93_2009.2=2009.2,96_2009.5=2009.5,97_2009.6=2009.6,95_2009.4=2009.4,100_2009.9=2009.9,54_2005.3=2005.3,60_2005.9=2005.9,64_2006.3=2006.3,73_2007.2=2007.2,86_2008.5=2008.5,85_2008.4=2008.4,90_2008.9=2008.9,99_2009.8=2009.8,92_2009.1=2009.1,101_2010=2010">
#                        <taxa id="TaxonSet.1" spec="beast.evolution.alignment.TaxonSet">
#                        </taxa>
#                    </trait>
#                    <taxonset idref="TaxonSet.1"/>
#                </tree>
#            </treeIntervals>
#        </distribution>
#        <prior id="rateOmega.prior" name="distribution">
#            <parameter id="rateOmega" lower="0.1" name="x" spec="beast.core.parameter.RealParameter" upper="10.0">0.5</parameter>
#            <Gamma id="Gamma.0" name="distr">
#                <parameter estimate="false" id="rateOmega.alpha" name="alpha" spec="beast.core.parameter.RealParameter">0.1</parameter>
#                <parameter estimate="false" id="rateOmega.beta" name="beta" spec="beast.core.parameter.RealParameter">1.0</parameter>
#            </Gamma>
#        </prior>
#        <prior id="rateMean.prior" name="distribution">
#            <parameter id="rateMean" lower="1.0E-4" name="x" spec="beast.core.parameter.RealParameter" upper="10.0">0.005</parameter>
#            <Gamma id="Gamma.1" name="distr">
#                <parameter estimate="false" id="rateMean.alpha" name="alpha" spec="beast.core.parameter.RealParameter">0.005</parameter>
#                <parameter estimate="false" id="rateMean.beta" name="beta" spec="beast.core.parameter.RealParameter">1.0</parameter>
#            </Gamma>
#        </prior>
#        <prior id="FrequenciesPrior.s:1" name="distribution">
#            <parameter dimension="4" id="freqParameter.s:1" lower="0.0" name="x" spec="beast.core.parameter.RealParameter" upper="1.0">0.25</parameter>
#            <Uniform id="Uniform.3" name="distr"/>
#        </prior>
#        <prior id="GammaShapePrior.s:1" name="distribution">
#            <parameter id="gammaShape.s:1" name="x" spec="beast.core.parameter.RealParameter">1.0</parameter>
#            <Exponential id="Exponential.0" name="distr">
#                <parameter estimate="false" id="RealParameter.0" name="mean" spec="beast.core.parameter.RealParameter">1.0</parameter>
#            </Exponential>
#        </prior>
#        <prior id="KappaPrior.s:1" name="distribution">
#            <parameter id="kappa.s:1" lower="0.0" name="x" spec="beast.core.parameter.RealParameter">2.0</parameter>
#            <LogNormal id="LogNormalDistributionModel.0" name="distr">
#                <parameter estimate="false" id="RealParameter.1" name="M" spec="beast.core.parameter.RealParameter">1.0</parameter>
#                <parameter estimate="false" id="RealParameter.2" name="S" spec="beast.core.parameter.RealParameter">1.25</parameter>
#            </LogNormal>
#        </prior>
#        <prior id="PopSizePrior.t:1" name="distribution" x="@popSize.t:1">
#            <OneOnX id="OneOnX.1" name="distr"/>
#        </prior>
#    </distribution>
#    <distribution id="likelihood" spec="beast.core.util.CompoundDistribution" useThreads="true">
#        <distribution data="@1" id="treeLikelihood.1" spec="beast.evolution.likelihood.ThreadedTreeLikelihood" tree="@Tree.t:1">
#            <siteModel gammaCategoryCount="4" id="SiteModel.s:1" shape="@gammaShape.s:1" spec="beast.evolution.sitemodel.SiteModel">
#                <parameter id="mutationRate.s:1" name="mutationRate" spec="beast.core.parameter.RealParameter">1.0</parameter>
#                <parameter estimate="false" id="proportionInvariant.s:1" lower="0.0" name="proportionInvariant" spec="beast.core.parameter.RealParameter" upper="1.0">0.0</parameter>
#                <substModel id="hky.s:1" kappa="@kappa.s:1" spec="beast.evolution.substitutionmodel.HKY">
#                    <frequencies frequencies="@freqParameter.s:1" id="estimatedFreqs.s:1" spec="beast.evolution.substitutionmodel.Frequencies"/>
#                </substModel>
#            </siteModel>
#            <branchRateModel id="branchRates" numSites="1000" numberOfDiscreteRates="12" rateMean="@rateMean" rateOmega="@rateOmega" spec="beast.evolution.branchratemodel.ARClockModel" tree="@Tree.t:1">
#                <rateCategories dimension="200" id="rateCategories" spec="beast.core.parameter.IntegerParameter">1</rateCategories>
#            </branchRateModel>
#        </distribution>
#    </distribution>
#</input>
#
Sample	posterior	likelihood	prior	treeLikelihood	TreeHeight	rateOmega	rateMean	kappa	mutationRate	gammaShape	popSize	CoalescentConstant	freqParameter.1	freqParameter.2	freqParameter.3	freqParameter.4
0	-28136.70038741999	-27902.66718124963	-234.03320617036022	-27902.66718124963	10.751582664363609	0.5	0.005	2.0	1.0	1.0	0.3	-230.21431273121476	0.25	0.25	0.25	0.25
1000	-17573.32886954406	-16924.315381038472	-649.013488505587	-16924.315381038472	12.700999887607821	0.15081101126865765	0.024361813577055157	2.0	1.0	1.0	2.848964275859355	-642.7765554031314	0.25	0.25	0.25	0.25
2000	-15342.07304267345	-14961.50237590491	-380.5706667685395	-14961.50237590491	15.152579899789357	1.178500691117043	0.024929678009732715	2.0	1.0	1.0	14.446895158863114	-369.80865147911965	0.25	0.25	0.25	0.25
3000	-13531.787787110592	-13160.656886643466	-371.13090046712557	-13160.656886643466	17.17896413121056	3.2104211141538923	0.02246283058308689	3.9303367773545306	1.0	1.0	13.977895595874054	-356.88521298473705	0.25	0.25	0.25	0.25
4000	-12743.036522190527	-12363.523691583343	-379.51283060718447	-12363.523691583343	17.263582198413786	9.689728982026352	0.019715158185458628	3.9303367773545306	1.0	1.0	13.820566829843616	-357.937526193865	0.25	0.25	0.2442075951263213	0.2557924048736787
5000	-12040.46173026626	-11652.148422778175	-388.3133074880835	-11652.148422778175	17.22464051126039	9.927418158214952	0.019923286451633635	3.9303367773545306	1.0	0.8557518595265975	15.264870053581676	-366.51269812198984	0.25	0.25	0.24166366896430463	0.25833633103569537
6000	-11850.952002010556	-11459.324409358525	-391.6275926520296	-11459.324409358525	18.720772875665027	9.975002463987352	0.01980072091710423	3.9303367773545306	1.0	0.8557518595265975	13.035872424415052	-369.9392071115458	0.25	0.25	0.24166366896430463	0.25833633103569537
7000	-11547.34741230435	-11161.092386427506	-386.2550258768443	-11161.092386427506	18.0606012188844	9.967996148120108	0.018916144534040436	3.9303367773545306	1.0	0.8557518595265975	16.27141645282165	-364.3989326657654	0.24924471771442136	0.25075528228557864	0.24166366896430463	0.25833633103569537
8000	-11308.580280354068	-10928.997685357075	-379.5825949969936	-10928.997685357075	18.514205253091756	9.967996148120108	0.017824396579533025	5.366781494252538	1.0	0.8557518595265975	12.364901404543268	-357.64522795418867	0.24924471771442136	0.25075528228557864	0.23320476479836147	0.26679523520163856
9000	-10955.242932901692	-10576.263905147085	-378.9790277546075	-10576.263905147085	18.316680053860207	9.967996148120108	0.016560476944701964	5.366781494252538	1.0	0.8557518595265975	11.429763334388799	-357.19474720456367	0.24924471771442136	0.25075528228557864	0.22848227365938784	0.27151772634061216
10000	-10833.635836508865	-10457.58504713777	-376.0507893710938	-10457.58504713777	17.65589599331058	9.85118575520488	0.01665820164403222	4.955871809156161	1.0	0.8557518595265975	14.745178308814817	-354.2455832945978	0.24924471771442136	0.25075528228557864	0.22848227365938784	0.27151772634061216
11000	-10301.984234578018	-9929.57259530804	-372.4116392699773	-9929.57259530804	18.558429264736155	7.800470834120624	0.01486447219883909	4.955871809156161	1.0	0.8557518595265975	13.911138795378866	-353.0405941613593	0.24528335713750607	0.25075528228557864	0.23244363423630313	0.27151772634061216
12000	-9826.298259700337	-9457.37024877301	-368.9280109273271	-9457.37024877301	18.13960480272103	5.0302437364163595	0.010981505999646538	4.955871809156161	1.0	0.8557518595265975	11.376947906030681	-353.2282682071109	0.24528335713750607	0.25075528228557864	0.23244363423630313	0.27151772634061216
13000	-9260.205792951569	-8900.063509643602	-360.1422833079675	-8900.063509643602	20.118721837255027	4.574844695390805	0.008712579499356604	4.955871809156161	1.0	0.8557518595265975	11.969053560090803	-345.16516688098153	0.24528335713750607	0.25075528228557864	0.23244363423630313	0.27151772634061216
14000	-9024.496529595302	-8671.98791464374	-352.50861495156215	-8671.98791464374	20.201195250360175	5.1608560205066745	0.009405508026160986	4.955871809156161	1.0	0.8557518595265975	11.471975121151658	-336.80258992684486	0.24528335713750607	0.25075528228557864	0.23244363423630313	0.27151772634061216
15000	-8747.860858616448	-8396.434078636543	-351.4267799799048	-8396.434078636543	20.284385835443814	4.277629973074091	0.008415428276965653	4.955871809156161	1.0	0.8557518595265975	11.137924108636303	-336.91412795406285	0.24528335713750607	0.25075528228557864	0.23244363423630313	0.27151772634061216
16000	-8717.618158433079	-8366.508663136943	-351.1094952961358	-8366.508663136943	21.992446174837003	5.349803729085853	0.008240770785839081	4.955871809156161	1.0	0.8557518595265975	9.272284145523667	-335.52774358094774	0.24528335713750607	0.25075528228557864	0.23244363423630313	0.27151772634061216
17000	-8685.915392802175	-8335.377582788851	-350.5378100133233	-8335.377582788851	22.173908884847307	5.328797679145178	0.008459392795003585	4.955871809156161	1.0	0.8557518595265975	9.894947101818849	-334.8893394595349	0.24528335713750607	0.2561559351835147	0.22704298133836706	0.27151772634061216
18000	-8670.159913080699	-8315.532155553112	-354.62775752758796	-8315.532155553112	24.542763946166165	5.481885452384049	0.00831259781963595	4.955871809156161	1.0	0.8557518595265975	11.930336454754901	-338.6312123688311	0.24528335713750607	0.2561559351835147	0.22704298133836706	0.27151772634061216
19000	-8655.12079425027	-8303.632591544556	-351.4882027057136	-8303.632591544556	25.09565414377786	4.9133714184008435	0.007778788618023269	4.955871809156161	1.0	0.8557518595265975	11.751862688105874	-336.2403576457795	0.24528335713750607	0.2561559351835147	0.22704298133836706	0.27151772634061216
20000	-8656.218071601133	-8308.110100693228	-348.107970907905	-8308.110100693228	24.05014848344678	4.478735222516784	0.00728698009518334	4.955871809156161	1.0	0.8557518595265975	10.867678888223898	-333.5218150130414	0.24204134135192817	0.2561559351835147	0.23028499712394496	0.27151772634061216
21000	-8597.592360347266	-8245.191590870167	-352.40076947709963	-8245.191590870167	25.756718190976642	3.592363228127876	0.0070484145455730965	4.1419963473501005	1.0	1.5725247356142593	10.149197860981145	-338.52249752081576	0.24204134135192817	0.2561559351835147	0.23028499712394496	0.27151772634061216
22000	-8312.712410788577	-7967.970593218666	-344.7418175699114	-7967.970593218666	24.72407371594192	2.451659331788759	0.007108171573156789	4.1419963473501005	1.0	1.5725247356142593	10.990358001362056	-332.2600066256543	0.24204134135192817	0.24911631049199578	0.23028499712394496	0.2785573510321311
23000	-8254.533905582319	-7911.7855845468275	-342.7483210354912	-7911.7855845468275	27.182949976053255	2.767145214852794	0.0068782199836958675	4.1419963473501005	1.0	1.5725247356142593	7.748760538155753	-330.2245143337927	0.24204134135192817	0.24911631049199578	0.23028499712394496	0.2785573510321311
24000	-8197.159551382134	-7855.095872814114	-342.0636785680193	-7855.095872814114	24.661756908421957	4.581182983768116	0.006564911319163558	4.1419963473501005	1.0	1.5725247356142593	11.405393627509564	-326.93225475851045	0.24204134135192817	0.24911631049199578	0.23028499712394496	0.2785573510321311
25000	-8189.490148768437	-7849.166704384108	-340.323444384329	-7849.166704384108	21.349695592628652	5.099194731992545	0.007622195694727568	4.1419963473501005	1.0	1.768061947008076	9.693924694560774	-324.3950096441767	0.24204134135192817	0.24911631049199578	0.23028499712394496	0.2785573510321311
26000	-8167.427091862166	-7828.113583134739	-339.31350872742644	-7828.113583134739	22.816238870368167	5.100768558005703	0.007468050618897269	4.1419963473501005	1.0	1.768061947008076	9.169794357085156	-323.4592894010507	0.24204134135192817	0.24911631049199578	0.23028499712394496	0.2785573510321311
27000	-8161.163849404839	-7821.246046294111	-339.91780311072876	-7821.246046294111	24.324654938205892	6.493915894637687	0.007642616871903322	4.1419963473501005	1.0	1.768061947008076	8.616306108814927	-322.49220269504457	0.24204134135192817	0.24911631049199578	0.23028499712394496	0.2785573510321311
28000	-8083.299182057977	-7750.093843659543	-333.2053383984339	-7750.093843659543	22.722280480522564	4.540424517130876	0.007582614123578085	4.1419963473501005	1.0	1.768061947008076	8.762397351753483	-318.0463796255753	0.24204134135192817	0.24911631049199578	0.23028499712394496	0.2785573510321311
29000	-8061.369955527947	-7732.080446522891	-329.2895090050563	-7732.080446522891	22.722280480522564	3.2695382980791625	0.006639353762248525	4.1419963473501005	1.0	1.768061947008076	8.708122220155115	-315.836306790224	0.24204134135192817	0.24911631049199578	0.22374538318564624	0.2850969649704298
30000	-8046.025361602849	-7712.340653806533	-333.6847077963164	-7712.340653806533	22.474281265966578	4.434838438269712	0.00720873180835665	4.1419963473501005	1.0	2.134447186647026	9.500305236366637	-318.25595789332954	0.24204134135192817	0.24911631049199578	0.22374538318564624	0.2850969649704298
31000	-7899.8828679179005	-7572.468564894608	-327.41430302329303	-7572.468564894608	21.590456771353274	4.099720132490304	0.007262607342966421	4.1419963473501005	1.0	2.134447186647026	8.304718642679713	-312.51842421129726	0.24204134135192817	0.24911631049199578	0.22374538318564624	0.2850969649704298
32000	-7904.145684000235	-7580.804796307486	-323.3408876927487	-7580.804796307486	24.391374173269558	2.992931436156303	0.0062693454515400805	4.1419963473501005	1.0	2.134447186647026	8.496915959084582	-309.9594418977895	0.24204134135192817	0.24911631049199578	0.22374538318564624	0.2850969649704298
33000	-7857.1920138161795	-7529.039064377094	-328.1529494390849	-7529.039064377094	23.044630582554202	3.6541433634915297	0.006790781577330301	4.1419963473501005	1.0	3.813182781195372	9.069147275087955	-312.1067175613865	0.24204134135192817	0.24911631049199578	0.22374538318564624	0.2850969649704298
34000	-7773.317804377801	-7445.033231976395	-328.2845724014061	-7445.033231976395	23.45533672679574	3.6595379130070835	0.006472575704845382	4.1419963473501005	1.0	3.813182781195372	8.069507814587556	-312.39647421155365	0.24204134135192817	0.24911631049199578	0.22374538318564624	0.2850969649704298
35000	-7681.395051478054	-7350.552633555746	-330.8424179223078	-7350.552633555746	23.45533672679574	3.7649666225437275	0.00652088391018611	4.1419963473501005	1.0	3.813182781195372	9.188157644936014	-314.6860592365679	0.24204134135192817	0.24911631049199578	0.22374538318564624	0.2850969649704298
36000	-7651.2048915946325	-7321.928368418725	-329.27652317590747	-7321.928368418725	26.412944788036103	3.9710897963928207	0.006089466883226983	4.1419963473501005	1.0	5.068861033229523	7.919727457639527	-311.8274888689625	0.24204134135192817	0.24911631049199578	0.22374538318564624	0.2850969649704298
37000	-7655.778940587914	-7327.771663386514	-328.00727720140003	-7327.771663386514	22.630263781175795	3.39423548206523	0.005982620111471702	4.1419963473501005	1.0	5.068861033229523	8.504954301402282	-311.2227912238332	0.24204134135192817	0.24911631049199578	0.22374538318564624	0.2850969649704298
38000	-7664.795355748255	-7337.284608664809	-327.5107470834465	-7337.284608664809	22.45267328648014	3.5383532797624455	0.0068065949325499305	3.862588385925579	1.0	3.7801123530205785	7.2397022975989165	-311.95242920789184	0.24204134135192817	0.24911631049199578	0.22374538318564624	0.2850969649704298
39000	-7643.77079533223	-7319.242619504918	-324.52817582731114	-7319.242619504918	22.63503886764476	4.690828302268207	0.0067742683501983815	3.862588385925579	1.0	3.7801123530205785	7.5460599712415934	-307.52695362701786	0.24204134135192817	0.2493102214313046	0.22374538318564624	0.284903054031121
40000	-7511.447174214335	-7195.914663370091	-315.5325108442441	-7195.914663370091	23.89056298526758	3.064381543277158	0.0065152018431337815	3.862588385925579	1.0	3.7801123530205785	8.67864212755878	-300.44014023754653	0.24204134135192817	0.2493102214313046	0.22374538318564624	0.284903054031121
41000	-7503.344281183138	-7189.29647376512	-314.04780741801807	-7189.29647376512	19.752721838890356	3.9740659933141598	0.006925425920554386	3.862588385925579	1.0	6.757575209804865	6.9831926115609475	-294.99053251337506	0.24204134135192817	0.2493102214313046	0.22374538318564624	0.284903054031121
42000	-7495.309427455226	-7176.368412261109	-318.9410151941165	-7176.368412261109	18.934316481352152	4.133249271013935	0.007386668537902806	3.8089876031874166	1.0	6.757575209804865	7.587533361060338	-299.55864761366547	0.24204134135192817	0.2493102214313046	0.22374538318564624	0.284903054031121
43000	-7494.5265152787815	-7176.598415282908	-317.9280999958735	-7176.598415282908	19.832072619344576	4.68558004231431	0.006893767069321046	3.8089876031874166	1.0	6.757575209804865	7.661096180620941	-297.9400765882024	0.24204134135192817	0.2493102214313046	0.22374538318564624	0.284903054031121
44000	-7401.248163950578	-7095.256452028627	-305.9917119219505	-7095.256452028627	20.207895394233088	3.7555513472763953	0.00686261775430392	4.100667158977372	1.0	4.985272360327359	6.570884071065993	-288.9717332808509	0.24204134135192817	0.2493102214313046	0.22374538318564624	0.284903054031121
45000	-7397.223054604694	-7093.405084440232	-303.81797016446257	-7093.405084440232	20.751817394781824	4.104788946016862	0.006935499053885782	4.100667158977372	1.0	4.985272360327359	6.661696121887647	-286.3444167759165	0.24204134135192817	0.2493102214313046	0.22374538318564624	0.284903054031121
46000	-7397.266849912726	-7090.093282794942	-307.17356711778416	-7090.093282794942	20.738955678338826	4.00728926700937	0.007210720544500901	4.100667158977372	1.0	4.985272360327359	7.641524219984101	-289.64292930976586	0.24204134135192817	0.2493102214313046	0.22374538318564624	0.284903054031121
47000	-7361.685919259359	-7047.073261943873	-314.61265731548576	-7047.073261943873	24.396052684970947	4.545513887116587	0.006763285319904372	4.229089206626609	1.0	5.837404608623404	8.325657123910334	-295.517426246499	0.24204134135192817	0.2493102214313046	0.22374538318564624	0.284903054031121
48000	-7338.799699488545	-7029.514866619434	-309.28483286911205	-7029.514866619434	24.01122591641017	3.647937259366951	0.006259803352073286	4.229089206626609	1.0	5.837404608623404	7.107571629383698	-291.52081745164173	0.2326214768630289	0.2493102214313046	0.23316524767454552	0.284903054031121
49000	-7292.73388649864	-6987.566719357649	-305.1671671409903	-6987.566719357649	24.240384522749803	4.045192922542093	0.006130513635745288	4.229089206626609	1.0	5.837404608623404	6.893841258390335	-286.9642928008603	0.2326214768630289	0.2493102214313046	0.23316524767454552	0.284903054031121
50000	-7294.785392585088	-6987.990490661965	-306.7949019231227	-6987.990490661965	23.28354837518662	3.6267193791465293	0.006172297387234187	4.229089206626609	1.0	5.6124572565922515	6.783087892635633	-289.3431247604852	0.2326214768630289	0.2493102214313046	0.23316524767454552	0.284903054031121
51000	-7259.135226944047	-6955.814623414097	-303.32060352995	-6955.814623414097	21.456617201123944	4.24508503043919	0.0070383645937216075	4.229089206626609	1.0	5.6124572565922515	6.645382237481899	-284.99776664783525	0.2326214768630289	0.2493102214313046	0.23316524767454552	0.284903054031121
52000	-7243.325881959104	-6940.457659088011	-302.86822287109356	-6940.457659088011	21.834881267523826	4.918457821392064	0.00710950234040493	4.229089206626609	1.0	5.6124572565922515	6.11256718341274	-283.81300144147843	0.2227763786590397	0.2591553196352938	0.23316524767454552	0.284903054031121
53000	-7194.044314174427	-6889.851074226678	-304.1932399477487	-6889.851074226678	21.242648110763913	4.9477782088448174	0.006596544561333069	4.229089206626609	1.0	5.6124572565922515	5.282341082182978	-285.324351164301	0.2227763786590397	0.2591553196352938	0.22139923300643422	0.2966690686992323
54000	-7183.754792388914	-6881.893623909817	-301.8611684790972	-6881.893623909817	20.424213821839444	4.681805326711608	0.006733323617554356	4.229089206626609	1.0	5.6124572565922515	6.765359008975112	-283.03997891453804	0.2227763786590397	0.2591553196352938	0.22139923300643422	0.2966690686992323
55000	-7188.506679356187	-6886.4237596374505	-302.0829197187364	-6886.4237596374505	22.4041022353585	4.777151725079569	0.006825562986069307	4.229089206626609	1.0	5.6124572565922515	6.031055954017124	-283.2495021734458	0.2227763786590397	0.2591553196352938	0.22139923300643422	0.2966690686992323
56000	-7154.0699963103225	-6857.654175191932	-296.41582111839045	-6857.654175191932	22.348690541219078	4.916123522369231	0.006889695500615972	4.229089206626609	1.0	5.6124572565922515	6.0976288160419605	-277.39727623540915	0.2227763786590397	0.26024256853820654	0.20807514220978654	0.30890591059296724
57000	-7154.405789309307	-6860.899663415147	-293.50612589415914	-6860.899663415147	21.532227502426924	4.684910579064809	0.007302266434217446	4.229089206626609	1.0	5.6124572565922515	6.448282872732255	-274.6479565352549	0.2137400884840666	0.26024256853820654	0.20807514220978654	0.31794220076794033
58000	-7143.32636223517	-6860.76241062254	-282.56395161262947	-6860.76241062254	22.059362755165466	3.706513884473008	0.007516231294051662	3.8453389665592854	1.0	5.6124572565922515	5.809624238430687	-265.0894942375833	0.2137400884840666	0.26024256853820654	0.20807514220978654	0.31794220076794033
59000	-7136.16614451927	-6856.49196399704	-279.67418052222985	-6856.49196399704	22.11929990513407	3.883378024727995	0.007276879721402479	3.736404114482027	1.0	5.6124572565922515	5.036238976402678	-262.1910567103267	0.21003963974781187	0.2639430172744613	0.20807514220978654	0.31794220076794033
60000	-7125.618294898754	-6845.16577805984	-280.4525168389144	-6845.16577805984	23.871663381754814	3.753960835159776	0.007114793408501467	3.736404114482027	1.0	4.524652532984735	6.009531291589639	-264.06300767854617	0.21003963974781187	0.2639430172744613	0.20709799591507497	0.3189193470626519
61000	-7126.259809108322	-6842.988623423908	-283.2711856844131	-6842.988623423908	24.776217343438983	3.8084978994179917	0.007013634396603282	3.736404114482027	1.0	4.802282494505441	5.257092509034413	-266.68464684577873	0.21003963974781187	0.2648469952377781	0.20709799591507497	0.3180153690993351
62000	-7130.001018776861	-6848.507289467771	-281.4937293090894	-6848.507289467771	23.4290304642343	4.751284865548641	0.007373630012855949	4.302388981417818	1.0	4.802282494505441	5.319578391083963	-263.5272316451816	0.21003963974781187	0.2648469952377781	0.20709799591507497	0.3180153690993351
63000	-7087.02015230928	-6809.883031581406	-277.13712072787433	-6809.883031581406	23.353619584150806	3.784065222602929	0.007456971908366865	4.302388981417818	1.0	4.802282494505441	5.319578391083963	-260.3314308369185	0.2214116574361357	0.26220448208807784	0.1902644785706397	0.32611938190514683
64000	-7084.981939006563	-6807.200505794501	-277.78143321206267	-6807.200505794501	20.942282198382777	4.445213582056104	0.007456971908366865	4.302388981417818	1.0	6.511894849150393	5.058540741541521	-258.51037247944004	0.2214116574361357	0.26220448208807784	0.1902644785706397	0.32611938190514683
65000	-7091.234753376306	-6817.305881359695	-273.9288720166101	-6817.305881359695	22.068297431508025	3.754089521492213	0.0075675950216459	3.562020879081386	1.0	6.511894849150393	4.613078543451803	-255.81136467084426	0.22835292329758947	0.26220448208807784	0.18332321270918592	0.32611938190514683
66000	-7055.328707736969	-6778.4562834700755	-276.87242426689284	-6778.4562834700755	22.872150391203277	3.765390812549961	0.007107695493248061	3.562020879081386	1.0	6.511894849150393	5.29376069049159	-258.6661205392173	0.22835292329758947	0.2758552156518733	0.16819868289520906	0.32759317815532824
67000	-7061.392474289855	-6782.187980690513	-279.20449359934304	-6782.187980690513	26.73190104337375	4.516650415341327	0.007583720545193205	3.562020879081386	1.0	6.511894849150393	5.072853106135497	-260.0608509199111	0.22835292329758947	0.2758552156518733	0.16819868289520906	0.32759317815532824
68000	-7061.151193247196	-6782.244184672395	-278.90700857480084	-6782.244184672395	23.2134327095166	4.726873644737698	0.00720680844685295	3.562020879081386	1.0	6.511894849150393	5.864895554664575	-259.41821711311417	0.22835292329758947	0.2758552156518733	0.16819868289520906	0.32759317815532824
69000	-7051.0940486077825	-6770.912141292394	-280.18190731538874	-6770.912141292394	23.608702587996742	4.414784007553178	0.006930838558742656	3.562020879081386	1.0	6.511894849150393	5.231152254283266	-261.22015932364536	0.22835292329758947	0.2758552156518733	0.16819868289520906	0.32759317815532824
70000	-7065.168206475146	-6784.393620454968	-280.77458602017714	-6784.393620454968	23.39873970436022	4.779673593425226	0.007517640638299443	3.562020879081386	1.0	6.511894849150393	5.066436098123518	-261.3270183902248	0.22946813820863604	0.2758552156518733	0.1670834679841625	0.32759317815532824
71000	-7066.561704717793	-6783.060626492336	-283.5010782254565	-6783.060626492336	22.696141620300146	5.23968980510051	0.007460133891141559	3.562020879081386	1.0	6.511894849150393	4.881368880924821	-263.5557033831244	0.22946813820863604	0.2758552156518733	0.1670834679841625	0.32759317815532824
72000	-7067.345698750191	-6784.764902523347	-282.5807962268445	-6784.764902523347	23.744536421461795	4.253095370695654	0.007377711343964764	2.9798832712130734	1.0	6.511894849150393	6.036372041870732	-263.80765580154656	0.22946813820863604	0.2758552156518733	0.1670834679841625	0.32759317815532824
73000	-7079.866476536416	-6799.913771597112	-279.952704939304	-6799.913771597112	23.330772655948	3.8971237084806	0.007076054777656901	2.9798832712130734	1.0	4.718114374662708	4.808720641259434	-263.6771960787494	0.22946813820863604	0.2758552156518733	0.1670834679841625	0.32759317815532824
74000	-7080.473762765291	-6796.826251752862	-283.64751101242894	-6796.826251752862	24.899737500849895	4.658754005395333	0.007000210470674368	2.9798832712130734	1.0	7.638820754133937	4.737260996607421	-263.55477735490604	0.22946813820863604	0.2683634230003562	0.1670834679841625	0.33508497080684535
75000	-7076.287977378973	-6790.3155917847025	-285.97238559427035	-6790.3155917847025	24.7774642373775	4.823032340933629	0.007432075055323418	2.9798832712130734	1.0	7.638820754133937	5.855509872167499	-265.41226288634294	0.22946813820863604	0.2643164934879349	0.1670834679841625	0.33913190031926665
76000	-7081.812988467638	-6800.772706356594	-281.04028211104384	-6800.772706356594	25.82370106030059	3.2043144413746947	0.007481677513344891	2.9798832712130734	1.0	9.03775309804556	5.104213753712007	-261.19860754847565	0.22946813820863604	0.2643164934879349	0.1670834679841625	0.33913190031926665
77000	-7070.1658614135595	-6790.834535513747	-279.33132589981255	-6790.834535513747	24.440062201979575	4.080648236516184	0.007047957458761527	2.9798832712130734	1.0	9.03775309804556	4.92766752482111	-258.49079059092685	0.22057608557013425	0.2643164934879349	0.17597552062266428	0.33913190031926665
78000	-7054.507295415605	-6776.238086780763	-278.2692086348413	-6776.238086780763	21.729088130864948	3.3862312588468573	0.007418950992657577	2.9798832712130734	1.0	9.03775309804556	5.653224522513708	-258.10220010306676	0.22057608557013425	0.2643164934879349	0.16109222974155332	0.3540151912003776
79000	-7058.088894659699	-6779.244445401394	-278.8444492583053	-6779.244445401394	22.433659034014298	4.038680331310277	0.008261439280079245	2.9798832712130734	1.0	7.016931489717649	4.402237841534388	-260.0294801471499	0.22057608557013425	0.2643164934879349	0.16109222974155332	0.3540151912003776
80000	-7073.039726692294	-6793.744018173289	-279.2957085190047	-6793.744018173289	22.251747182667504	4.191383964216196	0.007828484543223685	2.9798832712130734	1.0	7.670238085993828	4.9409965244003695	-259.5798671387124	0.22437274538217825	0.2643164934879349	0.15729556992950933	0.3540151912003776
81000	-7047.786605460375	-6765.791752712745	-281.9948527476301	-6765.791752712745	22.172024881374867	4.7235040861948026	0.007350522498796341	2.9798832712130734	1.0	4.7771114457734125	4.837952907957674	-264.61668582457975	0.19310228637359586	0.28130530066112686	0.17157722176489976	0.3540151912003776
82000	-7042.033564200541	-6761.58551448214	-280.4480497184012	-6761.58551448214	21.724590033311536	4.572505931356491	0.007572381374335943	2.9798832712130734	1.0	4.7771114457734125	4.464552772825301	-263.30063476987266	0.19310228637359586	0.28130530066112686	0.17157722176489976	0.3540151912003776
83000	-7033.122534662134	-6753.617225929107	-279.50530873302694	-6753.617225929107	22.9459362736213	3.521123161158549	0.007695192976223601	2.9798832712130734	1.0	6.767414570896959	5.1156613390945225	-261.5018584158036	0.19310228637359586	0.28130530066112686	0.17157722176489976	0.3540151912003776
84000	-7033.978014919954	-6751.3441355842715	-282.633879335683	-6751.3441355842715	20.506512557682413	6.31820510370116	0.007894955472585724	2.9798832712130734	1.0	6.767414570896959	5.286552575344427	-261.2485979983648	0.19310228637359586	0.28130530066112686	0.17157722176489976	0.3540151912003776
85000	-7042.961547362864	-6760.646658031915	-282.3148893309485	-6760.646658031915	23.580456261074776	4.454662836982735	0.007018384579936462	2.9798832712130734	1.0	6.767414570896959	5.092902023849747	-263.2629832558316	0.19310228637359586	0.28130530066112686	0.17157722176489976	0.3540151912003776
86000	-7047.854339959534	-6771.8375992284255	-276.0167407311085	-6771.8375992284255	21.570531348553242	3.9295668040977234	0.007076528773957221	2.9798832712130734	1.0	6.767414570896959	4.752261145114225	-257.6637706110706	0.19310228637359586	0.28130530066112686	0.17157722176489976	0.3540151912003776
87000	-7027.706865408795	-6752.63068011065	-275.07618529814533	-6752.63068011065	23.35651902487454	3.330222570654267	0.00679982526047106	2.9798832712130734	1.0	6.767414570896959	4.290832851786664	-257.61360399871154	0.19310228637359586	0.28130530066112686	0.17157722176489976	0.3540151912003776
88000	-7032.607703022552	-6754.360520150715	-278.24718287183674	-6754.360520150715	25.62902687770558	3.7150578424345038	0.006489380436289239	2.9798832712130734	1.0	6.767414570896959	5.070410214192284	-260.1812124794613	0.19310228637359586	0.28130530066112686	0.17157722176489976	0.3540151912003776
89000	-7033.421104989968	-6751.19271874352	-282.2283862464476	-6751.19271874352	27.546716164550915	3.911172515362155	0.006207868464835453	2.9798832712130734	1.0	6.767414570896959	4.8116176403886906	-264.0168001406355	0.19661175146009338	0.28130530066112686	0.16806775667840224	0.3540151912003776
90000	-7039.424781422719	-6759.456928346918	-279.9678530758014	-6759.456928346918	26.609464414438722	4.473587257629172	0.006146726551580314	2.9798832712130734	1.0	3.334115913261264	5.243185338076769	-264.43024653283715	0.18826874816284203	0.28130530066112686	0.17641075997565359	0.3540151912003776
91000	-7042.957760930265	-6754.007567012395	-288.95019391787025	-6754.007567012395	25.260801750050582	3.7616698558377473	0.0062896386472560874	2.9798832712130734	1.0	7.682101242265453	5.1340102669917345	-269.93054449973033	0.18826874816284203	0.28130530066112686	0.17641075997565359	0.3540151912003776
92000	-7031.347000648462	-6751.536763640404	-279.8102370080575	-6751.536763640404	23.77932580366018	3.566380791292381	0.005875487559140809	2.9798832712130734	1.0	3.3229604583742485	5.847846568720736	-265.33099969278834	0.1707804711799594	0.27672734095038803	0.17641075997565359	0.37608142789399907
93000	-7028.100827711994	-6753.5167513977885	-274.58407631420465	-6753.5167513977885	22.720773755911083	3.6915616125278636	0.006769865624003866	2.9798832712130734	1.0	3.3690901743758555	4.696418981555061	-259.97987509313657	0.1707804711799594	0.27672734095038803	0.17641075997565359	0.37608142789399907
94000	-7013.961120815935	-6737.68488503285	-276.276235783085	-6737.68488503285	22.196829728610226	4.129509648320788	0.006854416794303036	2.9798832712130734	1.0	3.220598864652353	5.369869950037152	-261.135241769032	0.1707804711799594	0.27672734095038803	0.17641075997565359	0.37608142789399907
95000	-7020.692067386528	-6738.345654169299	-282.34641321722853	-6738.345654169299	24.786232771630218	3.0291648977479655	0.0064271851545733664	2.8919318494763244	1.0	6.892202780279045	5.109242040162538	-265.05869315696924	0.1707804711799594	0.27672734095038803	0.17641075997565359	0.37608142789399907
96000	-7011.190351224757	-6726.2960066504465	-284.89434457431025	-6726.2960066504465	24.886162642865443	3.9376554591932087	0.0064055159397991895	2.8919318494763244	1.0	6.892202780279045	4.33206009048598	-266.6304551267166	0.1707804711799594	0.27672734095038803	0.17641075997565359	0.37608142789399907
97000	-6992.50483737928	-6712.251360430693	-280.25347694858675	-6712.251360430693	24.483390992997933	4.220672402920155	0.006837331305028305	2.8919318494763244	1.0	6.892202780279045	4.253244993443882	-261.5971198314604	0.1707804711799594	0.27672734095038803	0.1675391783469398	0.38495300952271283
98000	-6988.317420374147	-6704.410185390361	-283.907234983786	-6704.410185390361	27.019906607575685	6.542330644242522	0.0078017779965238445	2.8919318494763244	1.0	6.892202780279045	4.062851723604736	-262.448288770956	0.1707804711799594	0.27672734095038803	0.1675391783469398	0.38495300952271283
99000	-6996.678563572335	-6719.34789432218	-277.3306692501552	-6719.34789432218	25.322446329205793	4.859156277745704	0.006951872870388578	2.8919318494763244	1.0	6.892202780279045	5.332596978087777	-257.66624371268284	0.16579207597817205	0.27672734095038803	0.1675391783469398	0.3899414047245002
100000	-6989.144036790276	-6711.734442486568	-277.40959430370845	-6711.734442486568	24.337249304466503	4.9195919769162595	0.007257651825881212	2.8919318494763244	1.0	6.892202780279045	5.002381376490586	-257.6943968615455	0.16579207597817205	0.27672734095038803	0.1675391783469398	0.3899414047245002
