#
#model:
#
#<?xml version="1.0" encoding="UTF-8" standalone="no"?><input id="posterior" spec="beast.core.util.CompoundDistribution">
#    <distribution id="prior" spec="beast.core.util.CompoundDistribution">
#        <distribution id="CoalescentConstant.t:1" spec="beast.evolution.tree.coalescent.Coalescent">
#            <populationModel id="ConstantPopulation.t:1" spec="beast.evolution.tree.coalescent.ConstantPopulation">
#                <parameter id="popSize.t:1" name="popSize" spec="beast.core.parameter.RealParameter">0.3</parameter>
#            </populationModel>
#            <treeIntervals id="TreeIntervals.t:1" spec="beast.evolution.tree.coalescent.TreeIntervals">
#                <tree id="Tree.t:1" spec="beast.evolution.tree.Tree">
#                    <trait id="dateTrait.t:1" spec="beast.evolution.tree.TraitSet" traitname="date" value="2_2000.1=2000.1,17_2001.6=2001.6,18_2001.7=2001.7,21_2002=2002,24_2002.3=2002.3,26_2002.5=2002.5,5_2000.4=2000.4,7_2000.6=2000.6,4_2000.3=2000.3,13_2001.2=2001.2,15_2001.4=2001.4,16_2001.5=2001.5,1_2000=2000,8_2000.7=2000.7,3_2000.2=2000.2,12_2001.1=2001.1,22_2002.1=2002.1,32_2003.1=2003.1,28_2002.7=2002.7,43_2004.2=2004.2,46_2004.5=2004.5,55_2005.4=2005.4,63_2006.2=2006.2,65_2006.4=2006.4,66_2006.5=2006.5,67_2006.6=2006.6,23_2002.2=2002.2,10_2000.9=2000.9,14_2001.3=2001.3,33_2003.2=2003.2,39_2003.8=2003.8,34_2003.3=2003.3,44_2004.3=2004.3,48_2004.7=2004.7,53_2005.2=2005.2,52_2005.1=2005.1,58_2005.7=2005.7,9_2000.8=2000.8,6_2000.5=2000.5,11_2001=2001,25_2002.4=2002.4,20_2001.9=2001.9,47_2004.6=2004.6,36_2003.5=2003.5,45_2004.4=2004.4,50_2004.9=2004.9,42_2004.1=2004.1,51_2005=2005,35_2003.4=2003.4,37_2003.6=2003.6,57_2005.6=2005.6,59_2005.8=2005.8,61_2006=2006,62_2006.1=2006.1,41_2004=2004,40_2003.9=2003.9,49_2004.8=2004.8,74_2007.3=2007.3,77_2007.6=2007.6,68_2006.7=2006.7,70_2006.9=2006.9,81_2008=2008,19_2001.8=2001.8,27_2002.6=2002.6,29_2002.8=2002.8,30_2002.9=2002.9,31_2003=2003,38_2003.7=2003.7,56_2005.5=2005.5,69_2006.8=2006.8,82_2008.1=2008.1,80_2007.9=2007.9,83_2008.2=2008.2,87_2008.6=2008.6,71_2007=2007,75_2007.4=2007.4,72_2007.1=2007.1,91_2009=2009,88_2008.7=2008.7,94_2009.3=2009.3,98_2009.7=2009.7,79_2007.8=2007.8,84_2008.3=2008.3,78_2007.7=2007.7,76_2007.5=2007.5,89_2008.8=2008.8,93_2009.2=2009.2,96_2009.5=2009.5,97_2009.6=2009.6,95_2009.4=2009.4,100_2009.9=2009.9,54_2005.3=2005.3,60_2005.9=2005.9,64_2006.3=2006.3,73_2007.2=2007.2,86_2008.5=2008.5,85_2008.4=2008.4,90_2008.9=2008.9,99_2009.8=2009.8,92_2009.1=2009.1,101_2010=2010">
#                        <taxa id="TaxonSet.1" spec="beast.evolution.alignment.TaxonSet">
#                        </taxa>
#                    </trait>
#                    <taxonset idref="TaxonSet.1"/>
#                </tree>
#            </treeIntervals>
#        </distribution>
#        <prior id="rateOmega.prior" name="distribution">
#            <parameter id="rateOmega" lower="0.1" name="x" spec="beast.core.parameter.RealParameter" upper="10.0">0.5</parameter>
#            <Gamma id="Gamma.0" name="distr">
#                <parameter estimate="false" id="rateOmega.alpha" name="alpha" spec="beast.core.parameter.RealParameter">0.1</parameter>
#                <parameter estimate="false" id="rateOmega.beta" name="beta" spec="beast.core.parameter.RealParameter">1.0</parameter>
#            </Gamma>
#        </prior>
#        <prior id="rateMean.prior" name="distribution">
#            <parameter id="rateMean" lower="1.0E-4" name="x" spec="beast.core.parameter.RealParameter" upper="10.0">0.005</parameter>
#            <Gamma id="Gamma.1" name="distr">
#                <parameter estimate="false" id="rateMean.alpha" name="alpha" spec="beast.core.parameter.RealParameter">0.005</parameter>
#                <parameter estimate="false" id="rateMean.beta" name="beta" spec="beast.core.parameter.RealParameter">1.0</parameter>
#            </Gamma>
#        </prior>
#        <prior id="FrequenciesPrior.s:1" name="distribution">
#            <parameter dimension="4" id="freqParameter.s:1" lower="0.0" name="x" spec="beast.core.parameter.RealParameter" upper="1.0">0.25</parameter>
#            <Uniform id="Uniform.3" name="distr"/>
#        </prior>
#        <prior id="GammaShapePrior.s:1" name="distribution">
#            <parameter id="gammaShape.s:1" name="x" spec="beast.core.parameter.RealParameter">1.0</parameter>
#            <Exponential id="Exponential.0" name="distr">
#                <parameter estimate="false" id="RealParameter.0" name="mean" spec="beast.core.parameter.RealParameter">1.0</parameter>
#            </Exponential>
#        </prior>
#        <prior id="KappaPrior.s:1" name="distribution">
#            <parameter id="kappa.s:1" lower="0.0" name="x" spec="beast.core.parameter.RealParameter">2.0</parameter>
#            <LogNormal id="LogNormalDistributionModel.0" name="distr">
#                <parameter estimate="false" id="RealParameter.1" name="M" spec="beast.core.parameter.RealParameter">1.0</parameter>
#                <parameter estimate="false" id="RealParameter.2" name="S" spec="beast.core.parameter.RealParameter">1.25</parameter>
#            </LogNormal>
#        </prior>
#        <prior id="PopSizePrior.t:1" name="distribution" x="@popSize.t:1">
#            <OneOnX id="OneOnX.1" name="distr"/>
#        </prior>
#    </distribution>
#    <distribution id="likelihood" spec="beast.core.util.CompoundDistribution" useThreads="true">
#        <distribution data="@1" id="treeLikelihood.1" spec="beast.evolution.likelihood.ThreadedTreeLikelihood" tree="@Tree.t:1">
#            <siteModel gammaCategoryCount="4" id="SiteModel.s:1" shape="@gammaShape.s:1" spec="beast.evolution.sitemodel.SiteModel">
#                <parameter id="mutationRate.s:1" name="mutationRate" spec="beast.core.parameter.RealParameter">1.0</parameter>
#                <parameter estimate="false" id="proportionInvariant.s:1" lower="0.0" name="proportionInvariant" spec="beast.core.parameter.RealParameter" upper="1.0">0.0</parameter>
#                <substModel id="hky.s:1" kappa="@kappa.s:1" spec="beast.evolution.substitutionmodel.HKY">
#                    <frequencies frequencies="@freqParameter.s:1" id="estimatedFreqs.s:1" spec="beast.evolution.substitutionmodel.Frequencies"/>
#                </substModel>
#            </siteModel>
#            <branchRateModel id="branchRates" numSites="1000" numberOfDiscreteRates="12" rateMean="@rateMean" rateOmega="@rateOmega" spec="beast.evolution.branchratemodel.ARClockModel" tree="@Tree.t:1">
#                <rateCategories dimension="200" id="rateCategories" spec="beast.core.parameter.IntegerParameter">1</rateCategories>
#            </branchRateModel>
#        </distribution>
#    </distribution>
#</input>
#
Sample	posterior	likelihood	prior	treeLikelihood	TreeHeight	rateOmega	rateMean	kappa	mutationRate	gammaShape	popSize	CoalescentConstant	freqParameter.1	freqParameter.2	freqParameter.3	freqParameter.4
0	-22897.496725538826	-22663.463519368466	-234.03320617036022	-22663.463519368466	10.751582664363609	0.5	0.005	2.0	1.0	1.0	0.3	-230.21431273121476	0.25	0.25	0.25	0.25
1000	-13630.322307837292	-13345.640653077102	-284.6816547601901	-13345.640653077102	12.348220880781929	0.43749213201539255	0.02486212727509064	3.869950813460657	1.0	1.0	4.468421360543643	-276.05881193860984	0.24521919259014663	0.25	0.25	0.25478080740985337
2000	-12249.949658677582	-11952.692921085112	-297.25673759247	-11952.692921085112	11.832366208709463	5.464214623899146	0.021107017996331506	3.869950813460657	1.0	0.768123607670296	6.988017097013588	-281.28613822285735	0.24303862842963175	0.2425357085385297	0.2521805641605149	0.2622450988713237
3000	-11334.206703004624	-11026.405742615905	-307.80096038871915	-11026.405742615905	12.642188890453976	9.736795254440821	0.017838663887387887	3.869950813460657	1.0	0.768123607670296	6.611980973456748	-287.263835984122	0.24303862842963175	0.2425357085385297	0.2521805641605149	0.2622450988713237
4000	-10784.82107521321	-10476.114380098876	-308.7066951143358	-10476.114380098876	12.864033063065655	9.797308752430387	0.016839902383498664	3.869950813460657	1.0	0.768123607670296	6.900331954416735	-288.1191225618051	0.23783667137442857	0.2477376655937329	0.2521805641605149	0.2622450988713237
5000	-10645.58874701141	-10337.674810329376	-307.91393668203426	-10337.674810329376	12.864033063065655	9.61230647098153	0.016344673108643914	4.133686037790352	1.0	0.768123607670296	5.547363817690144	-287.6947422602312	0.23783667137442857	0.2477376655937329	0.2521805641605149	0.2622450988713237
6000	-10338.370208937216	-10037.920950589989	-300.4492583472281	-10037.920950589989	12.684591521913722	6.3375606427708915	0.014374721238295017	4.133686037790352	1.0	0.768123607670296	5.699791178608859	-283.9823569231169	0.23783667137442857	0.2477376655937329	0.2521805641605149	0.2622450988713237
7000	-9879.504990004001	-9575.221124936188	-304.283865067814	-9575.221124936188	12.67381002653783	6.093506354587832	0.012866574112213309	4.133686037790352	1.0	0.768123607670296	6.931045607594766	-288.01257238171445	0.23783667137442857	0.2477376655937329	0.2521805641605149	0.2622450988713237
8000	-9548.935841917757	-9241.970107065132	-306.9657348526247	-9241.970107065132	12.847029181158497	6.747425550475206	0.011418013612015339	4.133686037790352	1.0	0.768123607670296	6.877857991938235	-290.07677466713517	0.22004180226952352	0.25575074566755596	0.2619623531915969	0.2622450988713237
9000	-9231.401202541005	-8919.826934530942	-311.574268010063	-8919.826934530942	12.847029181158497	5.596145811987346	0.010705475745099072	4.133686037790352	1.0	0.768123607670296	6.9421491650031175	-296.06048529164286	0.21970102041341574	0.25575074566755596	0.2621736055951155	0.2623746283239129
10000	-9094.739689451493	-8782.616835552893	-312.1228538986005	-8782.616835552893	12.938078860942424	6.77307263950976	0.01126641016532618	3.817188779630172	1.0	0.768123607670296	8.4886316179678	-295.10685681492276	0.21970102041341574	0.25575074566755596	0.2621736055951155	0.2623746283239129
11000	-8817.782245705255	-8501.943503706882	-315.83874199837305	-8501.943503706882	13.062753571566963	7.028873772008611	0.010625635882903528	3.817188779630172	1.0	0.768123607670296	7.512582842004145	-298.71463196612774	0.21970102041341574	0.25575074566755596	0.2621736055951155	0.2623746283239129
12000	-8710.603377970843	-8386.520655617845	-324.0827223529982	-8386.520655617845	13.426037088996788	7.973474337715455	0.010232496215993198	3.817188779630172	1.0	0.768123607670296	6.714840984124582	-306.0506921175671	0.21970102041341574	0.25575074566755596	0.2540030290798323	0.2705452048391961
13000	-8269.908131401191	-7932.052521935251	-337.8556094659396	-7932.052521935251	13.680288459622979	7.462900051819802	0.009744384966325322	3.817188779630172	1.0	0.9112725919792208	10.03303815337229	-319.89812089953784	0.21970102041341574	0.25886371123687785	0.2508900635105104	0.2705452048391961
14000	-8001.980022775791	-7669.266462379274	-332.7135603965169	-7669.266462379274	13.609319042412523	6.575005968608017	0.009142774062272993	3.817188779630172	1.0	1.6497812769088391	9.876695779298734	-315.0991747552988	0.2186203775335917	0.2627409649885539	0.24809345263865834	0.2705452048391961
15000	-7705.743013963988	-7374.3223898434135	-331.420624120575	-7374.3223898434135	13.609319042412523	5.766225539867401	0.008660265944864803	3.817188779630172	1.0	1.1977604070644543	10.530193664672638	-315.17553290719354	0.2186203775335917	0.2627409649885539	0.24809345263865834	0.2705452048391961
16000	-7585.267622714457	-7252.714950105665	-332.5526726087923	-7252.714950105665	15.10000508029625	4.839253748574767	0.007183337893168757	3.817188779630172	1.0	1.1977604070644543	10.923965669687624	-317.5430956044913	0.2098628058139076	0.2627409649885539	0.25685102435834245	0.2705452048391961
17000	-7505.290168052548	-7168.805544039337	-336.4846240132115	-7168.805544039337	14.270208680258618	6.108263410251624	0.007311807630595549	3.817188779630172	1.0	1.1977604070644543	8.177185115538952	-320.268288445865	0.2098628058139076	0.2627409649885539	0.25685102435834245	0.2705452048391961
18000	-7443.237782095494	-7107.376069624994	-335.86171247050044	-7107.376069624994	15.220485675916338	5.550226227735632	0.006830174191408245	3.817188779630172	1.0	1.1977604070644543	8.913693826949936	-320.2716780531907	0.2098628058139076	0.2627409649885539	0.25685102435834245	0.2705452048391961
19000	-7390.794223485129	-7056.832234673446	-333.9619888116833	-7056.832234673446	14.49146390368254	6.149807375668106	0.006830174191408245	3.817188779630172	1.0	1.1977604070644543	8.05027111013802	-317.78193233934263	0.2098628058139076	0.2627409649885539	0.25685102435834245	0.2705452048391961
20000	-7361.116094720858	-7027.043481742023	-334.07261297883525	-7027.043481742023	14.05737772417177	5.297478976194809	0.007263296166002353	3.817188779630172	1.0	1.5946915551685998	7.4017222900811515	-318.5046082877904	0.2098628058139076	0.2627409649885539	0.25685102435834245	0.2705452048391961
21000	-7352.915909421898	-7019.292617426867	-333.6232919950307	-7019.292617426867	14.009824657341586	7.149553623560916	0.007942929835500092	3.817188779630172	1.0	1.5946915551685998	8.037986974300377	-315.76122885005896	0.2098628058139076	0.2627409649885539	0.2551350633471876	0.27226116585035093
22000	-7333.257990010845	-6997.6950614288635	-335.5629285819818	-6997.6950614288635	13.664966032384408	7.0153345334294155	0.007716109784748994	3.817188779630172	1.0	1.5946915551685998	10.418288806693004	-317.6218106148303	0.2098628058139076	0.255701340297035	0.2551350633471876	0.27930079054186985
23000	-7244.766507199185	-6914.183253433776	-330.58325376540824	-6914.183253433776	13.664966032384408	6.467913245328621	0.007600300582158562	3.817188779630172	1.0	2.3941296966440833	7.771758383439631	-312.7714684104754	0.20322503826547952	0.26233910784546305	0.2551350633471876	0.27930079054186985
24000	-7235.5205829948945	-6903.275922863682	-332.24466013121247	-6903.275922863682	13.241429390653733	5.939271082195681	0.007018381401515971	3.817188779630172	1.0	2.3941296966440833	9.597575708882735	-314.9070820690177	0.20322503826547952	0.26233910784546305	0.2551350633471876	0.27930079054186985
25000	-7122.553619725226	-6790.255793811905	-332.29782591332076	-6790.255793811905	13.336912552554823	4.6721651557198385	0.007018381401515971	3.817188779630172	1.0	2.3941296966440833	7.308029813566625	-316.71585803143034	0.20322503826547952	0.26233910784546305	0.2551350633471876	0.27930079054186985
26000	-7045.321267271361	-6714.185237707918	-331.1360295634427	-6714.185237707918	13.336912552554823	7.720247765817516	0.007580641175122057	3.4297817132225887	1.0	2.3941296966440833	7.483438911369185	-312.0796232700656	0.20322503826547952	0.26233910784546305	0.2551350633471876	0.27930079054186985
27000	-7044.816898458753	-6713.646097703209	-331.1708007555435	-6713.646097703209	13.336912552554823	6.753804882345806	0.00727324739671839	3.4297817132225887	1.0	2.3941296966440833	8.26988337133337	-313.1427710825376	0.2049195939670169	0.26233910784546305	0.25344050764565024	0.27930079054186985
28000	-7047.959881441069	-6721.805631263997	-326.15425017707145	-6721.805631263997	13.336912552554823	7.099724508006487	0.006703421640589312	3.4297817132225887	1.0	2.3941296966440833	8.417977794739478	-307.7993433873958	0.2049195939670169	0.26233910784546305	0.25344050764565024	0.27930079054186985
29000	-7019.504796365177	-6696.761661631596	-322.7431347335809	-6696.761661631596	13.336912552554823	6.666458741457369	0.007184848224968076	3.4297817132225887	1.0	2.3941296966440833	8.190011816964752	-304.83612751781834	0.2039854677531263	0.268897864448176	0.2478158772568279	0.27930079054186985
30000	-7001.28616579867	-6683.983305578543	-317.30286022012626	-6683.983305578543	13.4018385673086	7.215339936248908	0.0076020585014337965	3.4297817132225887	1.0	2.3941296966440833	7.652712765472369	-298.78703883824744	0.2039854677531263	0.268897864448176	0.2478158772568279	0.27930079054186985
31000	-6989.169839292823	-6667.246680063476	-321.92315922934745	-6667.246680063476	13.387453442245244	7.968283062454197	0.007751880951045336	3.4297817132225887	1.0	2.3941296966440833	8.32467071603572	-302.4613289788434	0.20690903982208395	0.268897864448176	0.24440857038155783	0.27978452534818227
32000	-6977.507921728766	-6656.971278498966	-320.5366432297995	-6656.971278498966	13.387453442245244	7.401202604161473	0.0076902614886776195	3.4297817132225887	1.0	2.3941296966440833	7.437220275675112	-301.829066094419	0.20690903982208395	0.268897864448176	0.24440857038155783	0.27978452534818227
33000	-6967.781665768345	-6648.89782897529	-318.88383679305434	-6648.89782897529	13.367036620861041	6.71067276024573	0.007640154329897727	3.4297817132225887	1.0	2.3329944062817822	8.135258001507838	-300.9329178661578	0.20690903982208395	0.268897864448176	0.24440857038155783	0.27978452534818227
34000	-6963.893589534429	-6644.80350267624	-319.0900868581891	-6644.80350267624	14.764783271377308	7.829487898245069	0.007493154442536557	3.4297817132225887	1.0	2.3329944062817822	7.744203668105499	-299.95031529202987	0.20690903982208395	0.268897864448176	0.24440857038155783	0.27978452534818227
35000	-6943.023118821678	-6626.650528028518	-316.37259079315896	-6626.650528028518	14.764783271377308	7.6966775667675265	0.007603627420287371	3.4297817132225887	1.0	2.3329944062817822	6.6775697694635765	-297.5145447548382	0.20690903982208395	0.268897864448176	0.24005692300174017	0.28413617272799996
36000	-6946.872140290655	-6627.447209351331	-319.42493093932353	-6627.447209351331	14.764783271377308	8.351306063114077	0.008407707031840416	3.4297817132225887	1.0	3.101247728029714	6.541787141895079	-298.9902557082323	0.20717521452856727	0.26863168974169266	0.24005692300174017	0.28413617272799996
37000	-6944.389770981862	-6629.792606587997	-314.597164393865	-6629.792606587997	16.866793730946185	7.716567237196737	0.007859490809906345	3.4297817132225887	1.0	3.101247728029714	7.585368324249452	-294.787998758587	0.20717521452856727	0.26863168974169266	0.24005692300174017	0.28413617272799996
38000	-6936.698499845186	-6620.433586709114	-316.26491313607244	-6620.433586709114	15.498231732183713	7.304280898874654	0.0075608357616666014	3.198417840283464	1.0	3.101247728029714	6.3515995796570195	-297.21248306792126	0.20717521452856727	0.26863168974169266	0.24005692300174017	0.28413617272799996
39000	-6933.286427134115	-6621.009154754452	-312.27727237966303	-6621.009154754452	15.994844267416234	5.532801683955265	0.007070019992502395	3.198417840283464	1.0	3.483679495264915	7.162923653370632	-294.8109415160065	0.2036904600875356	0.27211644418272435	0.24005692300174017	0.28413617272799996
40000	-6935.409209295426	-6624.660924524869	-310.7482847705565	-6624.660924524869	16.096561504083876	6.729242719111718	0.007729234745115177	3.198417840283464	1.0	4.758693432739483	6.736909360498894	-290.6062643975551	0.2036904600875356	0.26850780221707904	0.24005692300174017	0.28774481469364527
41000	-6922.0398614683045	-6615.017919401601	-307.02194206670373	-6615.017919401601	15.504875062057245	7.309135675990561	0.0075046019185670484	3.198417840283464	1.0	4.758693432739483	6.337695358470674	-286.3162892416367	0.2036904600875356	0.26850780221707904	0.24005692300174017	0.28774481469364527
42000	-6941.000759404332	-6634.401179601012	-306.5995798033197	-6634.401179601012	15.504875062057245	8.67135500952863	0.008592613072840377	3.198417840283464	1.0	2.4460763931459866	7.494242052694375	-286.3870972989474	0.2036904600875356	0.26850780221707904	0.24005692300174017	0.28774481469364527
43000	-6940.6250366684435	-6638.86625387552	-301.75878279292357	-6638.86625387552	15.273679639236343	7.082061575508558	0.007717476529186678	3.198417840283464	1.0	4.289131825161674	6.6617884372111575	-281.7002528352695	0.20647797323999145	0.26850780221707904	0.23726940984928432	0.28774481469364527
44000	-6930.718673016551	-6632.138186553594	-298.5804864629573	-6632.138186553594	15.355436209463484	7.201402935332144	0.008099320722643794	3.198417840283464	1.0	4.289131825161674	5.337023670955637	-278.5608621247138	0.20647797323999145	0.26850780221707904	0.23726940984928432	0.28774481469364527
45000	-6901.680298430209	-6595.875460389963	-305.8048380402461	-6595.875460389963	16.564192428691896	5.755380446630146	0.006564055904771064	3.198417840283464	1.0	2.865371894051783	6.021409708909686	-288.9467254063974	0.20647797323999145	0.26850780221707904	0.23726940984928432	0.28774481469364527
46000	-6912.646662717477	-6604.114309271004	-308.53235344647305	-6604.114309271004	15.998242313234757	6.407519970360804	0.007104074748242603	3.357991537185227	1.0	2.865371894051783	7.617959004017176	-290.5565926156975	0.20647797323999145	0.26850780221707904	0.23726940984928432	0.28774481469364527
47000	-6910.555087418301	-6601.784463218166	-308.7706242001347	-6601.784463218166	16.995663398266103	6.42190163408728	0.006772891753974093	3.357991537185227	1.0	2.865371894051783	6.5687256573603365	-290.9744854286572	0.20647797323999145	0.26850780221707904	0.23726940984928432	0.28774481469364527
48000	-6905.71819533261	-6600.758445850205	-304.9597494824046	-6600.758445850205	17.7930499301682	6.054468165293852	0.006764169607209973	3.357991537185227	1.0	2.865371894051783	6.978706025688422	-287.52481738989053	0.19538588099715373	0.26850780221707904	0.24342981056241192	0.2926765062233554
49000	-6854.094387356925	-6554.510136672148	-299.5842506847767	-6554.510136672148	17.120659403069237	5.880874727015431	0.006716008553008723	3.357991537185227	1.0	2.865371894051783	6.4614745105372755	-282.43325785210004	0.19538588099715373	0.26850780221707904	0.24342981056241192	0.2926765062233554
50000	-6858.355262982749	-6557.240910721678	-301.1143522610709	-6557.240910721678	16.781352125796133	5.908478981152778	0.007099789119676776	3.357991537185227	1.0	3.1276564933226223	6.661548894816392	-283.58308447152854	0.19538588099715373	0.26850780221707904	0.24342981056241192	0.2926765062233554
51000	-6851.525916382536	-6548.425849989203	-303.100066393333	-6548.425849989203	16.94463786623841	5.058478446143174	0.006640847616324592	3.357991537185227	1.0	3.1276564933226223	6.2569385377769065	-286.68820086603955	0.19538588099715373	0.26850780221707904	0.24342981056241192	0.2926765062233554
52000	-6793.655575992519	-6492.604604858799	-301.05097113371954	-6492.604604858799	15.301349899769344	4.274930531335367	0.006726322200799432	3.357991537185227	1.0	3.1276564933226223	6.680089326397169	-285.49587083309564	0.18071727788898104	0.28317640532525173	0.24342981056241192	0.2926765062233554
53000	-6801.153231948449	-6498.675811413781	-302.4774205346678	-6498.675811413781	15.301349899769344	4.091242149623962	0.006232031702941081	3.357991537185227	1.0	3.1276564933226223	7.046775217070154	-287.1685359612765	0.18071727788898104	0.28317640532525173	0.24342981056241192	0.2926765062233554
54000	-6799.309276398838	-6491.873000193383	-307.4362762054552	-6491.873000193383	14.558283827158634	5.047151730031549	0.006799184730819205	3.357991537185227	1.0	3.1276564933226223	7.036577188846782	-290.8967204243325	0.18465632879153027	0.28317640532525173	0.2394907596598627	0.2926765062233554
55000	-6800.391209869126	-6488.530031783304	-311.86117808582145	-6488.530031783304	14.38288229512016	6.846914309727181	0.006609936769244526	3.357991537185227	1.0	3.1276564933226223	7.033301184720585	-293.27612551741686	0.18465632879153027	0.28317640532525173	0.2394907596598627	0.2926765062233554
56000	-6793.7818416809605	-6485.871069114632	-307.9107725663292	-6485.871069114632	14.1530762854317	5.466280926433821	0.006709350451486764	3.357991537185227	1.0	3.1276564933226223	7.533836260566512	-290.825332000997	0.18465632879153027	0.28317640532525173	0.2394907596598627	0.2926765062233554
57000	-6784.983705644365	-6479.0288818746585	-305.9548237697061	-6479.0288818746585	15.02289927119191	6.1565219599313705	0.0070393378879169246	3.357991537185227	1.0	3.1276564933226223	6.0332099082958575	-288.2461432864517	0.18465632879153027	0.28317640532525173	0.2394907596598627	0.2926765062233554
58000	-6799.105972865929	-6489.346237965496	-309.75973490043367	-6489.346237965496	15.02289927119191	6.692174415498734	0.007061839896527672	3.357991537185227	1.0	2.999806418089763	6.515121663611421	-291.48812312903004	0.18465632879153027	0.2836624538742376	0.23900471111087682	0.2926765062233554
59000	-6801.101761597289	-6493.357162041688	-307.74459955560104	-6493.357162041688	15.02289927119191	5.483719481037608	0.007180366251444485	3.357991537185227	1.0	3.096497445676244	7.371304004719835	-290.62384259718146	0.18465632879153027	0.2836624538742376	0.23900471111087682	0.2926765062233554
60000	-6803.030649579312	-6492.294574387046	-310.7360751922664	-6492.294574387046	15.17660918353858	6.674869015913097	0.007228070198289521	3.357991537185227	1.0	2.8050042199881156	7.329343897711717	-292.53782488261817	0.18465632879153027	0.2836624538742376	0.23900471111087682	0.2926765062233554
61000	-6792.659981720556	-6487.675177316414	-304.9848044041417	-6487.675177316414	14.487805776047292	6.625454885728646	0.007483582180249716	3.357991537185227	1.0	4.638415960927874	6.358818344117298	-285.1164661075692	0.1858881729999563	0.28243060966581157	0.23900471111087682	0.2926765062233554
62000	-6803.478252570746	-6495.222066703242	-308.25618586750437	-6495.222066703242	15.31528076047827	8.10710270758017	0.007455846067132491	3.357991537185227	1.0	4.638415960927874	6.466340716734286	-286.7115148888109	0.1858881729999563	0.28243060966581157	0.23900471111087682	0.2926765062233554
63000	-6783.799843003941	-6477.169576381662	-306.6302666222784	-6477.169576381662	14.271957133709813	7.726336407983684	0.007923026101404272	3.357991537185227	1.0	4.638415960927874	6.167759199264592	-285.49599380308206	0.1858881729999563	0.28243060966581157	0.23900471111087682	0.2926765062233554
64000	-6792.226811896901	-6486.565584426358	-305.6612274705427	-6486.565584426358	14.857053751790353	6.552421922888429	0.00715811280244458	3.357991537185227	1.0	4.638415960927874	5.7093872211944765	-286.0281972133513	0.1779052624689757	0.29682271286819484	0.23259551843947415	0.2926765062233554
65000	-6785.108867595621	-6483.163334353444	-301.9455332421764	-6483.163334353444	14.295795654066213	6.448341843949323	0.00799755596428831	2.7831522432206466	1.0	4.638415960927874	6.676544186960186	-282.36520412914393	0.18641609575845938	0.29682271286819484	0.22408468514999047	0.2926765062233554
66000	-6779.233055725117	-6473.846549687198	-305.38650603791905	-6473.846549687198	15.487573753817708	5.7109271253763785	0.007212391114615849	2.7831522432206466	1.0	4.638415960927874	6.181408789282417	-286.8335473741771	0.18641609575845938	0.29682271286819484	0.22408468514999047	0.2926765062233554
67000	-6790.374167082588	-6484.161498552414	-306.2126685301743	-6484.161498552414	15.336460498972091	4.856147184149143	0.007013099555127855	2.7831522432206466	1.0	4.638415960927874	7.011651274525284	-288.56246515138804	0.1913734343771348	0.29682271286819484	0.21912734653131505	0.2926765062233554
68000	-6796.048937556303	-6491.350167560444	-304.6987699958591	-6491.350167560444	16.503023162382867	5.389250582582492	0.007056614814286631	2.7831522432206466	1.0	4.638415960927874	6.912005080676291	-286.4298335388442	0.1913734343771348	0.29682271286819484	0.21912734653131505	0.2926765062233554
69000	-6779.021579587118	-6476.244606461801	-302.77697312531734	-6476.244606461801	16.359175984206693	4.9995641537157045	0.006406291061280072	2.7831522432206466	1.0	4.638415960927874	6.580852200992612	-285.1112205121065	0.21044264710035623	0.29682271286819484	0.20005813380809362	0.2926765062233554
70000	-6774.279134788928	-6475.512532285787	-298.76660250314114	-6475.512532285787	16.37600103256804	4.72640777432367	0.006542956618312993	2.7831522432206466	1.0	4.638415960927874	5.810782884672308	-281.52788218156456	0.21044264710035623	0.301695705674045	0.1951851410022434	0.2926765062233554
71000	-6753.042039967802	-6457.557080013568	-295.4849599542341	-6457.557080013568	16.2820639637374	5.241474391176346	0.00665019708924687	2.7831522432206466	1.0	4.638415960927874	6.563639039905055	-277.4999662091106	0.219749539412761	0.2860909712942433	0.18587824868983863	0.3082812406031571
72000	-6728.0589004536005	-6432.713594459042	-295.3453059945587	-6432.713594459042	16.345050756002212	4.953551148461548	0.0068506749506361654	2.7831522432206466	1.0	4.638415960927874	5.968081660231486	-277.76445076131716	0.19991481126519817	0.290744300201861	0.19513638532303373	0.31420450320990717
73000	-6730.044546915135	-6438.335616457904	-291.7089304572309	-6438.335616457904	16.464305771855646	5.025605454854021	0.007012718813612321	2.7831522432206466	1.0	4.638415960927874	4.943649795505432	-274.20792204334526	0.19991481126519817	0.290744300201861	0.19513638532303373	0.31420450320990717
74000	-6722.3639473560925	-6425.347265558248	-297.016681797844	-6425.347265558248	16.111473803954695	6.151897733936248	0.007696774010688441	2.7831522432206466	1.0	4.638415960927874	4.940822134385173	-278.11466555684774	0.19991481126519817	0.285150939748224	0.19513638532303373	0.3197978636635442
75000	-6733.654688365386	-6440.128352219132	-293.52633614625506	-6440.128352219132	15.234292475940759	5.610229066037313	0.007299025415444798	2.7831522432206466	1.0	6.514848434098735	5.512726063478156	-273.3161736379632	0.19991481126519817	0.285150939748224	0.19513638532303373	0.3197978636635442
76000	-6746.47882833109	-6459.073401916256	-287.4054264148335	-6459.073401916256	15.38937458368427	5.608285881286697	0.007768592002813533	2.7831522432206466	1.0	6.514848434098735	5.119981957872977	-267.2089212773197	0.19991481126519817	0.285150939748224	0.19513638532303373	0.3197978636635442
77000	-6724.070127315296	-6438.960179572181	-285.10994774311513	-6438.960179572181	15.38937458368427	6.901285500704689	0.008091157333114	2.762110492905731	1.0	6.514848434098735	5.086507075319095	-263.4071694787862	0.19991481126519817	0.285150939748224	0.19513638532303373	0.3197978636635442
78000	-6725.0461087858985	-6437.1583049881565	-287.8878037977415	-6437.1583049881565	16.50679658161702	6.112680958432161	0.008041552094484547	2.762110492905731	1.0	6.514848434098735	4.75465833941745	-267.15647313699674	0.19991481126519817	0.285150939748224	0.19513638532303373	0.3197978636635442
79000	-6696.587731140335	-6408.783034639637	-287.8046965006977	-6408.783034639637	17.168443126507466	6.522746019933458	0.00830682548373351	2.762110492905731	1.0	6.514848434098735	4.739888219369899	-266.5754166591937	0.1683056333237065	0.3044705561200325	0.19513638532303373	0.3320874252332274
80000	-6669.374766670069	-6386.365496013004	-283.0092706570648	-6386.365496013004	16.247011625099184	6.6738564626422585	0.008226634918847706	2.762110492905731	1.0	4.065151614002346	4.40502385514655	-264.1409650569326	0.1683056333237065	0.29008138536443157	0.19513638532303373	0.3464765959888283
81000	-6665.17883394607	-6382.497844507838	-282.6809894382322	-6382.497844507838	16.065660377442093	6.942091459193153	0.008093387930637776	2.762110492905731	1.0	4.065151614002346	5.6013214004774925	-263.2851085116651	0.1683056333237065	0.29008138536443157	0.19513638532303373	0.3464765959888283
82000	-6660.138075619208	-6376.773896745092	-283.36417887411636	-6376.773896745092	16.020786248682615	5.599336241784963	0.00789626627096276	2.762110492905731	1.0	6.940052369948069	4.600696490018262	-262.8511380013669	0.1683056333237065	0.29008138536443157	0.19513638532303373	0.3464765959888283
83000	-6665.671833741031	-6376.737219252746	-288.9346144882845	-6376.737219252746	16.707926491057837	5.520660070865714	0.007437621976187136	2.762110492905731	1.0	6.940052369948069	4.9853845840922	-268.4926808117569	0.1683056333237065	0.29008138536443157	0.19513638532303373	0.3464765959888283
84000	-6648.303465020194	-6362.761676905927	-285.5417881142678	-6362.761676905927	16.39120204129865	6.967327133250253	0.007744434158068762	2.762110492905731	1.0	3.642316738072794	5.691942862159586	-266.5683931621584	0.16080156896304965	0.29008138536443157	0.1836902580434674	0.3654267876290515
85000	-6652.816428060304	-6367.890197064803	-284.92623099550104	-6367.890197064803	16.39741813059682	5.310134641849679	0.007079064770823616	2.762110492905731	1.0	3.642316738072794	5.2477782647236735	-268.0257772219938	0.16080156896304965	0.29008138536443157	0.1836902580434674	0.3654267876290515
86000	-6643.62676909428	-6359.442965253418	-284.1838038408615	-6359.442965253418	16.312189186250414	7.025929846126129	0.007343948734993737	2.762110492905731	1.0	3.642316738072794	5.908183390421041	-265.16021383938005	0.16080156896304965	0.29008138536443157	0.1836902580434674	0.3654267876290515
87000	-6641.111248110348	-6357.202435815721	-283.9088122946268	-6357.202435815721	16.11774495573393	7.997398344807054	0.007942095109879742	2.762110492905731	1.0	3.642316738072794	4.763517160706642	-263.93404098366454	0.16080156896304965	0.29008138536443157	0.1836902580434674	0.3654267876290515
88000	-6654.164189096655	-6367.578412194642	-286.5857769020128	-6367.578412194642	16.016707948476856	8.852041747717006	0.008020355433055952	2.762110492905731	1.0	3.642316738072794	4.342427798784593	-265.74770135645656	0.16080156896304965	0.29008138536443157	0.1836902580434674	0.3654267876290515
89000	-6648.5790103694035	-6362.348597341532	-286.2304130278721	-6362.348597341532	16.016707948476856	7.701027415019441	0.007983847337677602	2.762110492905731	1.0	3.642316738072794	6.481557225439056	-266.2727655803251	0.15938033625908538	0.29150261806839584	0.1836902580434674	0.3654267876290515
90000	-6645.509604315197	-6357.626870422923	-287.88273389227385	-6357.626870422923	16.657244850365363	8.147999022576771	0.00784955289131534	2.762110492905731	1.0	3.488754673162658	4.7130181164719955	-267.9165457585056	0.15938033625908538	0.29150261806839584	0.1836902580434674	0.3654267876290515
91000	-6656.771139681933	-6367.929013090058	-288.84212659187483	-6367.929013090058	16.793558823456554	7.087519423461823	0.007817029052857197	2.762110492905731	1.0	3.488754673162658	5.8664399261982645	-269.8471556289504	0.15938033625908538	0.2850072959700548	0.1836902580434674	0.37192210972739254
92000	-6655.670453046569	-6365.426854368502	-290.2435986780662	-6365.426854368502	15.897399056637942	6.466571429900915	0.007727098560073214	2.762110492905731	1.0	4.04184480941893	6.52750986711904	-271.30383162316065	0.15938033625908538	0.2850072959700548	0.1836902580434674	0.37192210972739254
93000	-6643.753475330287	-6359.678362002135	-284.0751133281518	-6359.678362002135	16.033229672235723	6.052805788658526	0.007184557620959945	2.762110492905731	1.0	4.04184480941893	5.3176971378577695	-265.88658685349674	0.15938033625908538	0.2850072959700548	0.1836902580434674	0.37192210972739254
94000	-6645.865830264098	-6362.068458293979	-283.79737197011826	-6362.068458293979	15.965727328346013	6.7398911910032036	0.007456460655883774	2.7025627754436323	1.0	5.607587961968537	4.874475493805926	-263.3309076959789	0.15938033625908538	0.2850072959700548	0.1836902580434674	0.37192210972739254
95000	-6641.0873345494165	-6354.0804283055895	-287.0069062438272	-6354.0804283055895	15.797049691225862	7.520648639148371	0.007263379236251569	2.7025627754436323	1.0	6.1284866762229635	4.430609449999837	-265.26191100106223	0.15938033625908538	0.2850072959700548	0.1836902580434674	0.37192210972739254
96000	-6630.278062131382	-6339.353988297077	-290.92407383430475	-6339.353988297077	16.333113309482908	8.714484149294368	0.007654261755526272	2.7025627754436323	1.0	6.1284866762229635	5.077013942163297	-267.6639100599131	0.15938033625908538	0.2587647472737359	0.17106723834258317	0.41078767812459577
97000	-6640.904634389939	-6350.999930389111	-289.90470400082853	-6350.999930389111	17.449134450747838	6.770544155473407	0.00733807829455275	2.7025627754436323	1.0	6.1284866762229635	5.476005163880828	-268.7822830192096	0.15938033625908538	0.2587647472737359	0.17106723834258317	0.41078767812459577
98000	-6643.400690309049	-6349.690987240238	-293.7097030688113	-6349.690987240238	16.656410542077253	8.223353719290047	0.007417847039792547	2.7025627754436323	1.0	6.1284866762229635	6.027569099032053	-270.8527100125376	0.15938033625908538	0.2587647472737359	0.17106723834258317	0.41078767812459577
99000	-6617.151714765482	-6326.500088565074	-290.6516262004077	-6326.500088565074	16.714773012540075	6.312594127930489	0.006839953896403861	2.7025627754436323	1.0	6.1284866762229635	5.0635189259800155	-270.1989433437095	0.15227302288554845	0.2587647472737359	0.17106723834258317	0.4178949914981327
100000	-6627.104429154544	-6335.70793941509	-291.3964897394543	-6335.70793941509	16.587440287175095	6.796708329217659	0.007089741538763824	2.502915667821459	1.0	6.5434241346116275	5.176206787073877	-269.9948781422255	0.15227302288554845	0.2587647472737359	0.17106723834258317	0.4178949914981327
