#
#model:
#
#<?xml version="1.0" encoding="UTF-8" standalone="no"?><input id="posterior" spec="beast.core.util.CompoundDistribution">
#    <distribution id="prior" spec="beast.core.util.CompoundDistribution">
#        <distribution id="CoalescentConstant.t:1" spec="beast.evolution.tree.coalescent.Coalescent">
#            <populationModel id="ConstantPopulation.t:1" spec="beast.evolution.tree.coalescent.ConstantPopulation">
#                <parameter id="popSize.t:1" name="popSize" spec="beast.core.parameter.RealParameter">0.3</parameter>
#            </populationModel>
#            <treeIntervals id="TreeIntervals.t:1" spec="beast.evolution.tree.coalescent.TreeIntervals">
#                <tree id="Tree.t:1" spec="beast.evolution.tree.Tree">
#                    <trait id="dateTrait.t:1" spec="beast.evolution.tree.TraitSet" traitname="date" value="2_2000.1=2000.1,17_2001.6=2001.6,18_2001.7=2001.7,21_2002=2002,24_2002.3=2002.3,26_2002.5=2002.5,5_2000.4=2000.4,7_2000.6=2000.6,4_2000.3=2000.3,13_2001.2=2001.2,15_2001.4=2001.4,16_2001.5=2001.5,1_2000=2000,8_2000.7=2000.7,3_2000.2=2000.2,12_2001.1=2001.1,22_2002.1=2002.1,32_2003.1=2003.1,28_2002.7=2002.7,43_2004.2=2004.2,46_2004.5=2004.5,55_2005.4=2005.4,63_2006.2=2006.2,65_2006.4=2006.4,66_2006.5=2006.5,67_2006.6=2006.6,23_2002.2=2002.2,10_2000.9=2000.9,14_2001.3=2001.3,33_2003.2=2003.2,39_2003.8=2003.8,34_2003.3=2003.3,44_2004.3=2004.3,48_2004.7=2004.7,53_2005.2=2005.2,52_2005.1=2005.1,58_2005.7=2005.7,9_2000.8=2000.8,6_2000.5=2000.5,11_2001=2001,25_2002.4=2002.4,20_2001.9=2001.9,47_2004.6=2004.6,36_2003.5=2003.5,45_2004.4=2004.4,50_2004.9=2004.9,42_2004.1=2004.1,51_2005=2005,35_2003.4=2003.4,37_2003.6=2003.6,57_2005.6=2005.6,59_2005.8=2005.8,61_2006=2006,62_2006.1=2006.1,41_2004=2004,40_2003.9=2003.9,49_2004.8=2004.8,74_2007.3=2007.3,77_2007.6=2007.6,68_2006.7=2006.7,70_2006.9=2006.9,81_2008=2008,19_2001.8=2001.8,27_2002.6=2002.6,29_2002.8=2002.8,30_2002.9=2002.9,31_2003=2003,38_2003.7=2003.7,56_2005.5=2005.5,69_2006.8=2006.8,82_2008.1=2008.1,80_2007.9=2007.9,83_2008.2=2008.2,87_2008.6=2008.6,71_2007=2007,75_2007.4=2007.4,72_2007.1=2007.1,91_2009=2009,88_2008.7=2008.7,94_2009.3=2009.3,98_2009.7=2009.7,79_2007.8=2007.8,84_2008.3=2008.3,78_2007.7=2007.7,76_2007.5=2007.5,89_2008.8=2008.8,93_2009.2=2009.2,96_2009.5=2009.5,97_2009.6=2009.6,95_2009.4=2009.4,100_2009.9=2009.9,54_2005.3=2005.3,60_2005.9=2005.9,64_2006.3=2006.3,73_2007.2=2007.2,86_2008.5=2008.5,85_2008.4=2008.4,90_2008.9=2008.9,99_2009.8=2009.8,92_2009.1=2009.1,101_2010=2010">
#                        <taxa id="TaxonSet.1" spec="beast.evolution.alignment.TaxonSet">
#                        </taxa>
#                    </trait>
#                    <taxonset idref="TaxonSet.1"/>
#                </tree>
#            </treeIntervals>
#        </distribution>
#        <prior id="rateOmega.prior" name="distribution">
#            <parameter id="rateOmega" lower="0.1" name="x" spec="beast.core.parameter.RealParameter" upper="10.0">0.5</parameter>
#            <Gamma id="Gamma.0" name="distr">
#                <parameter estimate="false" id="rateOmega.alpha" name="alpha" spec="beast.core.parameter.RealParameter">0.1</parameter>
#                <parameter estimate="false" id="rateOmega.beta" name="beta" spec="beast.core.parameter.RealParameter">1.0</parameter>
#            </Gamma>
#        </prior>
#        <prior id="rateMean.prior" name="distribution">
#            <parameter id="rateMean" lower="1.0E-4" name="x" spec="beast.core.parameter.RealParameter" upper="10.0">0.005</parameter>
#            <Gamma id="Gamma.1" name="distr">
#                <parameter estimate="false" id="rateMean.alpha" name="alpha" spec="beast.core.parameter.RealParameter">0.005</parameter>
#                <parameter estimate="false" id="rateMean.beta" name="beta" spec="beast.core.parameter.RealParameter">1.0</parameter>
#            </Gamma>
#        </prior>
#        <prior id="FrequenciesPrior.s:1" name="distribution">
#            <parameter dimension="4" id="freqParameter.s:1" lower="0.0" name="x" spec="beast.core.parameter.RealParameter" upper="1.0">0.25</parameter>
#            <Uniform id="Uniform.3" name="distr"/>
#        </prior>
#        <prior id="GammaShapePrior.s:1" name="distribution">
#            <parameter id="gammaShape.s:1" name="x" spec="beast.core.parameter.RealParameter">1.0</parameter>
#            <Exponential id="Exponential.0" name="distr">
#                <parameter estimate="false" id="RealParameter.0" name="mean" spec="beast.core.parameter.RealParameter">1.0</parameter>
#            </Exponential>
#        </prior>
#        <prior id="KappaPrior.s:1" name="distribution">
#            <parameter id="kappa.s:1" lower="0.0" name="x" spec="beast.core.parameter.RealParameter">2.0</parameter>
#            <LogNormal id="LogNormalDistributionModel.0" name="distr">
#                <parameter estimate="false" id="RealParameter.1" name="M" spec="beast.core.parameter.RealParameter">1.0</parameter>
#                <parameter estimate="false" id="RealParameter.2" name="S" spec="beast.core.parameter.RealParameter">1.25</parameter>
#            </LogNormal>
#        </prior>
#        <prior id="PopSizePrior.t:1" name="distribution" x="@popSize.t:1">
#            <OneOnX id="OneOnX.1" name="distr"/>
#        </prior>
#    </distribution>
#    <distribution id="likelihood" spec="beast.core.util.CompoundDistribution" useThreads="true">
#        <distribution data="@1" id="treeLikelihood.1" spec="beast.evolution.likelihood.ThreadedTreeLikelihood" tree="@Tree.t:1">
#            <siteModel gammaCategoryCount="4" id="SiteModel.s:1" shape="@gammaShape.s:1" spec="beast.evolution.sitemodel.SiteModel">
#                <parameter id="mutationRate.s:1" name="mutationRate" spec="beast.core.parameter.RealParameter">1.0</parameter>
#                <parameter estimate="false" id="proportionInvariant.s:1" lower="0.0" name="proportionInvariant" spec="beast.core.parameter.RealParameter" upper="1.0">0.0</parameter>
#                <substModel id="hky.s:1" kappa="@kappa.s:1" spec="beast.evolution.substitutionmodel.HKY">
#                    <frequencies frequencies="@freqParameter.s:1" id="estimatedFreqs.s:1" spec="beast.evolution.substitutionmodel.Frequencies"/>
#                </substModel>
#            </siteModel>
#            <branchRateModel id="branchRates" numSites="1000" numberOfDiscreteRates="12" rateMean="@rateMean" rateOmega="@rateOmega" spec="beast.evolution.branchratemodel.ARClockModel" tree="@Tree.t:1">
#                <rateCategories dimension="200" id="rateCategories" spec="beast.core.parameter.IntegerParameter">1</rateCategories>
#            </branchRateModel>
#        </distribution>
#    </distribution>
#</input>
#
Sample	posterior	likelihood	prior	treeLikelihood	TreeHeight	rateOmega	rateMean	kappa	mutationRate	gammaShape	popSize	CoalescentConstant	freqParameter.1	freqParameter.2	freqParameter.3	freqParameter.4
0	-56542.7482264735	-56308.71502030314	-234.03320617036022	-56308.71502030314	10.751582664363609	0.5	0.005	2.0	1.0	1.0	0.3	-230.21431273121476	0.25	0.25	0.25	0.25
1000	-29011.69178874963	-27671.183860236466	-1340.507928513166	-27671.183860236466	21.655811831596136	2.084317642249519	0.024777533345120582	3.9361561049888136	1.0	1.0	4.096020851041148	-1328.9028411933816	0.25	0.25	0.25	0.25
2000	-24512.240729826095	-24023.319810278088	-488.9209195480075	-24023.319810278088	21.655811831596136	8.264190627575786	0.022274903546286046	3.9361561049888136	1.0	0.768123607670296	42.73543198301943	-467.89152894049454	0.24781943583948512	0.25	0.2521805641605149	0.25
3000	-21215.11724088633	-20738.311173306603	-476.8060675797287	-20738.311173306603	23.533541212159	9.850999874703392	0.02020744223225717	3.9361561049888136	1.0	0.768123607670296	34.734080813390776	-454.33808777610983	0.24781943583948512	0.25	0.2521805641605149	0.25
4000	-19329.84768037999	-18859.5800722601	-470.2676081198884	-18859.5800722601	24.50580409594289	9.850999874703392	0.018643724960290733	3.9361561049888136	1.0	0.768123607670296	30.540466344914588	-448.00999945584266	0.24261747878428194	0.24955808753691253	0.24709346715071118	0.26073096652809435
5000	-17734.318846257444	-17267.31716817725	-467.00167808019404	-17267.31716817725	20.18506598397173	9.850999874703392	0.014867380531748457	3.9361561049888136	1.0	0.6573232056101344	36.96762292218265	-444.89286459786666	0.2467403290353041	0.24955808753691253	0.24297061689968902	0.26073096652809435
6000	-15492.55642093379	-15034.944054673244	-457.6123662605451	-15034.944054673244	20.18506598397173	9.850999874703392	0.012675984292155315	3.9361561049888136	1.0	0.6573232056101344	28.10783779972879	-435.93840126762046	0.2467403290353041	0.24955808753691253	0.24297061689968902	0.26073096652809435
7000	-12827.297149244847	-12363.800923258104	-463.49622598674176	-12363.800923258104	29.464843832048942	7.0805606164869745	0.00935765546897049	3.9361561049888136	1.0	0.766424976554797	37.27277106940781	-444.803896951383	0.24598504674972546	0.2503133698224912	0.24297061689968902	0.26073096652809435
8000	-11645.450577411977	-11183.610559741617	-461.84001767035977	-11183.610559741617	36.921595525418645	4.79879281197011	0.006865280325915251	3.9361561049888136	1.0	0.8862109524421159	34.289813411433755	-446.05383671781044	0.23328675830857715	0.2503133698224912	0.25566890534083736	0.26073096652809435
9000	-11243.809429147446	-10766.766746077841	-477.042683069605	-10766.766746077841	34.17606846435977	4.674319807463933	0.0063056247286562015	3.9361561049888136	1.0	0.8862109524421159	32.613627103283704	-461.53991520010953	0.23315722885598794	0.2503133698224912	0.25566890534083736	0.26086049598068356
10000	-11058.78378476599	-10581.622470724546	-477.1613140414453	-10581.622470724546	34.00644985253072	4.931030526186735	0.005887612376658467	3.634782801953602	1.0	0.8862109524421159	37.9470633109206	-461.3674198925701	0.23315722885598794	0.2503133698224912	0.25566890534083736	0.26086049598068356
11000	-10748.527388930059	-10278.138164351492	-470.38922457856637	-10278.138164351492	33.08770756569263	5.50320734615988	0.006458290375972922	3.634782801953602	1.0	1.497763012301204	34.91459574325616	-453.3034617431195	0.23315722885598794	0.2503133698224912	0.25566890534083736	0.26086049598068356
12000	-10466.559357736998	-9991.586505315747	-474.97285242125184	-9991.586505315747	33.249370724414206	6.495974341146875	0.006442641187645941	3.634782801953602	1.0	1.497763012301204	39.11169690183525	-456.6339691295225	0.23315722885598794	0.2503133698224912	0.25566890534083736	0.26086049598068356
13000	-10317.446937733566	-9843.660093543494	-473.78684419007266	-9843.660093543494	35.440013350142195	6.643241968653203	0.005792125142191331	3.634782801953602	1.0	1.497763012301204	36.40051113529512	-455.45891397103105	0.23315722885598794	0.2503133698224912	0.25566890534083736	0.26086049598068356
14000	-10227.275814060593	-9757.681546590904	-469.5942674696892	-9757.681546590904	36.399775136006575	7.084830239180605	0.005876749914775459	3.634782801953602	1.0	1.497763012301204	35.091606722289704	-450.7889328676838	0.23315722885598794	0.2503133698224912	0.25566890534083736	0.26086049598068356
15000	-10186.728456215202	-9712.790152366062	-473.9383038491399	-9712.790152366062	37.757061555905786	8.180928424920298	0.00609730803467996	3.801283361156551	1.0	1.497763012301204	32.58354860075948	-453.8909209449207	0.23315722885598794	0.2503133698224912	0.25566890534083736	0.26086049598068356
16000	-9998.482158286242	-9529.92756571548	-468.5545925707632	-9529.92756571548	39.47367291440362	5.475582263355076	0.005616732529032531	3.801283361156551	1.0	1.497763012301204	42.54506749338642	-451.38932310371155	0.23315722885598794	0.2503133698224912	0.25566890534083736	0.26086049598068356
17000	-9787.522605675727	-9325.717516309429	-461.8050893662978	-9325.717516309429	38.175180730240925	5.269137515396623	0.004747112321915967	3.801283361156551	1.0	1.8051005320367273	31.739915026771282	-445.0347468975359	0.23315722885598794	0.2503133698224912	0.25566890534083736	0.26086049598068356
18000	-9645.210602950156	-9183.520844085053	-461.689758865103	-9183.520844085053	38.122966889757095	7.833369175533308	0.005506356549132608	3.801283361156551	1.0	1.8051005320367273	29.660138295856342	-441.9176982872531	0.23315722885598794	0.2503133698224912	0.25566890534083736	0.26086049598068356
19000	-9592.6638666421	-9128.007175816016	-464.65669082608497	-9128.007175816016	36.9212969898329	8.514713004399205	0.00559781419945627	3.801283361156551	1.0	1.8051005320367273	30.681016156613463	-444.0779015796126	0.22602004817660357	0.2503133698224912	0.25566890534083736	0.2679976766600679
20000	-9582.666919844622	-9116.871105297136	-465.79581454748586	-9116.871105297136	36.04308453568386	9.310858818197488	0.005442839131099592	3.801283361156551	1.0	1.8051005320367273	31.60355822154065	-444.3388966899434	0.22602004817660357	0.2503133698224912	0.25566890534083736	0.2679976766600679
21000	-9532.271010677237	-9067.98382296459	-464.2871877126465	-9067.98382296459	38.74778875027816	8.485206626146905	0.00527734924299479	3.801283361156551	1.0	2.0377485940202447	29.515690677362695	-443.60608106219087	0.22602004817660357	0.2503133698224912	0.25566890534083736	0.2679976766600679
22000	-9462.736911319773	-8997.933442271293	-464.80346904847966	-8997.933442271293	43.67678288179453	9.182188890535315	0.005251272395205667	3.801283361156551	1.0	2.0377485940202447	35.383811329163535	-443.17795533941074	0.22637450140357362	0.24995891659552114	0.25566890534083736	0.2679976766600679
23000	-9424.989694519718	-8961.462429674717	-463.52726484500005	-8961.462429674717	35.79029010681426	9.389963938186622	0.00506743950506923	3.801283361156551	1.0	2.1491317454388166	29.22277428336121	-441.7894011529811	0.22637450140357362	0.24455514923231123	0.25566890534083736	0.2734014440232778
24000	-9325.91270892531	-8864.899957696516	-461.0127512287947	-8864.899957696516	38.76085115654361	7.157727105309191	0.004891590822286234	3.801283361156551	1.0	2.1491317454388166	33.60789678785236	-441.646933069932	0.22637450140357362	0.24455514923231123	0.25566890534083736	0.2734014440232778
25000	-9218.686276647464	-8754.671696821344	-464.0145798261194	-8754.671696821344	34.36951398905367	9.771840626387528	0.0056537928207977435	3.801283361156551	1.0	2.1491317454388166	24.96839552199941	-441.9067700414766	0.22637450140357362	0.24520813380964115	0.25566890534083736	0.2727484594459479
26000	-9169.443032625762	-8707.07709262012	-462.36594000564287	-8707.07709262012	37.13685613558391	9.798791812605282	0.005519926738134264	3.801283361156551	1.0	2.1491317454388166	31.01687984311727	-440.0357555722613	0.21872863877365648	0.24520813380964115	0.25566890534083736	0.28039432207586507
27000	-9179.571841392362	-8714.280447524616	-465.2913938677464	-8714.280447524616	36.40843253867849	9.886962777009952	0.005433859756582163	3.801283361156551	1.0	2.1491317454388166	31.39389163699284	-442.8686169617186	0.21872863877365648	0.24520813380964115	0.25566890534083736	0.28039432207586507
28000	-9138.59749642739	-8674.123873179407	-464.47362324798223	-8674.123873179407	35.38209104380492	9.511807434694822	0.005197662410260616	3.801283361156551	1.0	2.1491317454388166	35.80336526015605	-442.3738426166595	0.21872863877365648	0.24520813380964115	0.24912929140253864	0.2869339360141638
29000	-9060.62814909584	-8604.058798528486	-456.56935056735495	-8604.058798528486	40.76895722285551	9.315699889668602	0.00525894409676291	3.801283361156551	1.0	2.1491317454388166	29.901937038699074	-434.85282165766455	0.2243532691624788	0.24520813380964115	0.24350466101371632	0.2869339360141638
30000	-9051.520718280617	-8597.88667005337	-453.63404822724647	-8597.88667005337	40.92217593199076	9.976659538814944	0.005495546511192286	3.801283361156551	1.0	2.1491317454388166	30.436238693491287	-431.1331321682832	0.2243532691624788	0.24520813380964115	0.24350466101371632	0.2869339360141638
31000	-9023.508209689175	-8570.119561071097	-453.3886486180785	-8570.119561071097	46.51787926764972	9.778668895696056	0.005317881356327146	3.801283361156551	1.0	2.7257234470205853	29.938609396935547	-430.5765333897762	0.22727684123143646	0.24520813380964115	0.24058108894475866	0.2869339360141638
32000	-8887.838717265502	-8440.957008799654	-446.88170846584677	-8440.957008799654	44.39766201378491	9.778668895696056	0.005552675740668648	3.801283361156551	1.0	4.871506985669092	24.84647256495558	-422.06701912317584	0.22727684123143646	0.24520813380964115	0.24058108894475866	0.2869339360141638
33000	-8739.3060734953	-8288.23605915324	-451.07001434205927	-8288.23605915324	41.88149948711954	9.609996966032991	0.005141158105952108	3.7347989276208193	1.0	4.871506985669092	25.600360814468697	-426.50812584987847	0.22727684123143646	0.24520813380964115	0.24058108894475866	0.2869339360141638
34000	-8667.813037585433	-8221.34967811453	-446.4633594709028	-8221.34967811453	43.134126631442605	9.905528949220397	0.005436961819080818	3.7347989276208193	1.0	4.234280959478755	22.674491700478942	-422.2813124894357	0.22727684123143646	0.24520813380964115	0.24058108894475866	0.2869339360141638
35000	-8662.208395806345	-8222.305563128131	-439.90283267821326	-8222.305563128131	43.42322900859142	8.896418867316505	0.004889804099177247	3.7347989276208193	1.0	4.234280959478755	23.972558140064653	-416.87701141743094	0.22727684123143646	0.24520813380964115	0.24058108894475866	0.2869339360141638
36000	-8654.484617758648	-8215.410487344667	-439.0741304139806	-8215.410487344667	44.05618785129378	8.680305861749884	0.004598637322058634	3.7347989276208193	1.0	4.234280959478755	26.242648101398874	-416.2574553183492	0.22727684123143646	0.2505219392940296	0.23526728346037018	0.2869339360141638
37000	-8640.70738926426	-8203.721633686773	-436.9857555774878	-8203.721633686773	39.32861034064064	9.974778820976185	0.004861722899038897	3.7347989276208193	1.0	4.234280959478755	25.226422550809918	-412.733380942639	0.22727684123143646	0.2505219392940296	0.23526728346037018	0.2869339360141638
38000	-8631.59049332878	-8195.340887097725	-436.24960623105545	-8195.340887097725	38.10482041541648	9.408984338801162	0.004949133550319548	3.7347989276208193	1.0	4.234280959478755	26.54054069192194	-412.5469819818888	0.22727684123143646	0.2505219392940296	0.23526728346037018	0.2869339360141638
39000	-8606.106873513707	-8172.330720894168	-433.7761526195398	-8172.330720894168	42.056275218674436	9.778651538076254	0.004710344675072386	3.7347989276208193	1.0	4.234280959478755	21.822626414051072	-409.91434727659356	0.2228554451752106	0.2549433353502555	0.23526728346037018	0.2869339360141638
40000	-8604.29556831654	-8169.4951493657845	-434.8004189507559	-8169.4951493657845	43.65694892307353	8.921890675960702	0.004952286853351691	3.7347989276208193	1.0	4.234280959478755	25.479008325911423	-411.6729113646355	0.2284951021484083	0.2549433353502555	0.2296276264871725	0.2869339360141638
41000	-8607.231858800114	-8174.116301543685	-433.1155572564285	-8174.116301543685	43.65694892307353	9.139655066037577	0.004599006982649292	3.7347989276208193	1.0	3.6206391966302323	21.35189395227691	-410.61293050985364	0.2284951021484083	0.2549433353502555	0.2296276264871725	0.2869339360141638
42000	-8552.273868196824	-8115.448843715599	-436.82502448122506	-8115.448843715599	46.00436823061452	9.900910330570557	0.0048734159596199545	3.7347989276208193	1.0	3.6206391966302323	28.982148032774912	-413.12565985764354	0.2284951021484083	0.2549433353502555	0.2296276264871725	0.2869339360141638
43000	-8521.050755996535	-8092.272449739728	-428.77830625680866	-8092.272449739728	44.96249761473275	9.605601502966294	0.004582920314837848	3.7347989276208193	1.0	4.083612876087979	21.29895339841578	-405.30799306417924	0.2284951021484083	0.2549433353502555	0.2296276264871725	0.2869339360141638
44000	-8450.992749708113	-8023.529724167613	-427.4630255405006	-8023.529724167613	43.05134075673333	9.605601502966294	0.004758615923526566	3.8182438037647657	1.0	4.083612876087979	20.58732225448305	-403.9623411805205	0.2284951021484083	0.23843074491667055	0.2296276264871725	0.3034465264477487
45000	-8436.615674180752	-8006.9485596346985	-429.6671145460529	-8006.9485596346985	46.49412009258657	9.550330113570455	0.004813237819239885	3.8182438037647657	1.0	4.083612876087979	19.292961900656213	-406.2804196004086	0.21341811701069047	0.23843074491667055	0.2296276264871725	0.31852351158546655
46000	-8413.23463299193	-7989.5296676343705	-423.70496535755785	-7989.5296676343705	45.80531385381473	7.6765446502832315	0.004417857690222509	3.8182438037647657	1.0	4.332392327458286	20.365013193807275	-402.171445879481	0.21341811701069047	0.23843074491667055	0.2296276264871725	0.31852351158546655
47000	-8403.975908104834	-7984.715839724947	-419.26006837988797	-7984.715839724947	42.06644230834785	7.98295463255917	0.004717975745718887	3.8182438037647657	1.0	4.332392327458286	16.87689829355248	-397.50708998588044	0.21341811701069047	0.23843074491667055	0.2296276264871725	0.31852351158546655
48000	-8393.651916126995	-7974.242143671568	-419.409772455427	-7974.242143671568	46.73936588182443	8.098734070640612	0.004608332919928031	3.8182438037647657	1.0	4.332392327458286	19.55825351118546	-397.4041094712037	0.21341811701069047	0.23843074491667055	0.2296276264871725	0.31852351158546655
49000	-8378.726756399848	-7959.60554913228	-419.1212072675682	-7959.60554913228	48.932464969271464	8.298102225531206	0.004378434142125058	3.8182438037647657	1.0	4.332392327458286	19.405745944158394	-396.9532661581435	0.21341811701069047	0.23843074491667055	0.22252317811521455	0.3256279599574245
50000	-8380.078960633995	-7959.8790386666205	-420.19992196737496	-7959.8790386666205	43.71122514926729	7.909396142031964	0.0046630242477911825	3.8182438037647657	1.0	4.332392327458286	19.202241593611763	-398.4114642034907	0.21341811701069047	0.23843074491667055	0.22252317811521455	0.3256279599574245
51000	-8393.45537003918	-7971.988256630469	-421.46711340871144	-7971.988256630469	45.387720117227694	7.403837805249125	0.004136147897060233	3.469297772230153	1.0	6.079628155247158	19.073049868128376	-398.73674396080935	0.21341811701069047	0.23843074491667055	0.22252317811521455	0.3256279599574245
52000	-8383.689404067161	-7961.891460813623	-421.7979432535391	-7961.891460813623	37.84346785648908	7.880480484103962	0.004629221981184836	3.469297772230153	1.0	6.079628155247158	19.32698858408774	-398.4089997474952	0.21341811701069047	0.23843074491667055	0.22252317811521455	0.3256279599574245
53000	-8347.702513037144	-7926.690966301573	-421.01154673557164	-7926.690966301573	44.220693110047	6.7737381943142125	0.00411175218210414	3.469297772230153	1.0	6.079628155247158	22.424991381140465	-398.83533850998435	0.21341811701069047	0.23843074491667055	0.20059746568580736	0.3475536723868317
54000	-8356.931213570295	-7933.00739932627	-423.923814244024	-7933.00739932627	41.196293168696016	8.81914590404136	0.004617794273647551	3.469297772230153	1.0	6.079628155247158	15.152983057307146	-399.7406985822692	0.21341811701069047	0.23843074491667055	0.20059746568580736	0.3475536723868317
55000	-8344.581343809048	-7927.651134881648	-416.93020892740014	-7927.651134881648	47.28924044533691	7.424602608883296	0.004153010996623905	3.469297772230153	1.0	6.079628155247158	20.769845576427855	-394.08726296591453	0.21341811701069047	0.24043273744956084	0.19859547315291706	0.3475536723868317
56000	-8336.860537802717	-7921.741589827229	-415.11894797548723	-7921.741589827229	39.790574811060466	7.416266312149701	0.004206339017439918	3.4947463243832777	1.0	6.079628155247158	17.44886166418482	-392.43836181903697	0.21341811701069047	0.24043273744956084	0.19859547315291706	0.3475536723868317
57000	-8337.645970851161	-7922.158250141594	-415.48772070956716	-7922.158250141594	43.43075785684878	7.192104835163791	0.003989891028429445	3.4947463243832777	1.0	5.779604374536043	20.70862207529272	-393.24044782439256	0.21341811701069047	0.24043273744956084	0.19859547315291706	0.3475536723868317
58000	-8341.612550616812	-7915.993671819818	-425.6188787969939	-7915.993671819818	51.70927250944033	8.591482809897308	0.003695385717778832	3.325350666865141	1.0	5.779604374536043	15.277655612131284	-402.24985358582944	0.21341811701069047	0.24043273744956084	0.19859547315291706	0.3475536723868317
59000	-8333.094356312851	-7912.7383957931115	-420.35596051973914	-7912.7383957931115	43.21951745721349	8.683529503583566	0.0042004282420739815	3.325350666865141	1.0	5.779604374536043	20.14882525164245	-396.48057683622255	0.21341811701069047	0.24043273744956084	0.19859547315291706	0.3475536723868317
60000	-8301.632762980043	-7890.6965209115	-410.93624206854383	-7890.6965209115	39.91167571699344	7.367856341659059	0.004356631327324559	3.325350666865141	1.0	5.779604374536043	17.321300818056827	-388.6391253861749	0.2010473661838326	0.2528034882764187	0.19859547315291706	0.3475536723868317
61000	-8305.313117813259	-7895.089703862296	-410.22341395096265	-7895.089703862296	43.78476987634073	8.414091800891374	0.0039666533110671144	3.325350666865141	1.0	5.779604374536043	19.35189508790494	-386.74340295660204	0.19690866241433733	0.25694219204591395	0.19859547315291706	0.3475536723868317
62000	-8294.801003730741	-7887.645504128878	-407.1554996018628	-7887.645504128878	39.47525017519566	8.737720807572025	0.004120095997360525	3.325350666865141	1.0	5.779604374536043	17.123739130167998	-383.40229947123083	0.19690866241433733	0.25694219204591395	0.19859547315291706	0.3475536723868317
63000	-8310.610663290205	-7905.187386038728	-405.4232772514768	-7905.187386038728	39.9094062650837	8.295861221321072	0.0041588166957345855	3.325350666865141	1.0	5.779604374536043	16.84610202818596	-382.16564046484564	0.19690866241433733	0.25694219204591395	0.19859547315291706	0.3475536723868317
64000	-8274.01984878012	-7871.819170332232	-402.20067844788935	-7871.819170332232	43.633664990263405	8.255304171341745	0.004110008887470772	2.758717481856502	1.0	5.779604374536043	14.571842649807003	-379.34457472096153	0.18844413424892076	0.2766784934795374	0.18732369988471023	0.3475536723868317
65000	-8259.914531766852	-7860.0455893474955	-399.8689424193557	-7860.0455893474955	43.26491746713812	8.591513456032642	0.0037800582475928856	2.758717481856502	1.0	5.996360114030228	18.0747025817174	-376.29212164324565	0.18844413424892076	0.29928409842473624	0.1647180949395114	0.3475536723868317
66000	-8249.322980545348	-7845.852163855158	-403.4708166901894	-7845.852163855158	41.73067616542317	9.587229287149864	0.00444410633861578	2.758717481856502	1.0	5.996360114030228	16.23015855052408	-378.7455366939077	0.18844413424892076	0.29928409842473624	0.1647180949395114	0.3475536723868317
67000	-8252.346625926168	-7850.624716847543	-401.72190907862523	-7850.624716847543	35.064970087209126	8.724418240166337	0.004363504784650088	2.758717481856502	1.0	5.996360114030228	18.188499319486745	-377.8486896199484	0.18844413424892076	0.29928409842473624	0.1647180949395114	0.3475536723868317
68000	-8235.416282903621	-7837.425994522975	-397.99028838064703	-7837.425994522975	35.72719907177563	9.157594328132204	0.004470224256580857	2.758717481856502	1.0	5.996360114030228	16.658783134256193	-373.7039838779556	0.18844413424892076	0.29928409842473624	0.1647180949395114	0.3475536723868317
69000	-8242.462345627608	-7847.44953741024	-395.0128082173673	-7847.44953741024	34.76150758927651	9.084194942091775	0.004475759756807972	2.758717481856502	1.0	5.996360114030228	17.170550611640667	-370.7756507535143	0.18844413424892076	0.29928409842473624	0.1647180949395114	0.3475536723868317
70000	-8243.84112917817	-7849.89286843414	-393.94826074402954	-7849.89286843414	34.46327949903824	8.3912045173839	0.004439247438991182	2.7751307424505534	1.0	5.996360114030228	17.25231364916003	-370.4729475130784	0.18844413424892076	0.29928409842473624	0.1647180949395114	0.3475536723868317
71000	-8245.045120376159	-7851.003585052474	-394.04153532368537	-7851.003585052474	35.41215164344448	8.32232290522211	0.004689757592386573	2.7751307424505534	1.0	5.996360114030228	13.745191553097383	-370.81490724585524	0.16868008403619816	0.31904814863745884	0.1647180949395114	0.3475536723868317
72000	-8217.913573633667	-7825.784352104901	-392.1292215287666	-7825.784352104901	37.018688971252296	8.509878396852358	0.00487124662697218	2.7751307424505534	1.0	5.996360114030228	13.63493775829603	-368.66507331368166	0.16868008403619816	0.31904814863745884	0.1647180949395114	0.3475536723868317
73000	-8207.91436808993	-7818.296700514555	-389.61766757537606	-7818.296700514555	34.16881326338279	9.375529872182064	0.0046370299414708995	2.7751307424505534	1.0	5.996360114030228	14.337068372664561	-365.1997307262963	0.16868008403619816	0.31904814863745884	0.1647180949395114	0.3475536723868317
74000	-8214.094328707248	-7824.998227890151	-389.0961008170963	-7824.998227890151	32.39111931385709	9.307835668081943	0.004481646175016789	2.7751307424505534	1.0	5.996360114030228	14.51566943827399	-364.7740682814537	0.16868008403619816	0.31904814863745884	0.1647180949395114	0.3475536723868317
75000	-8217.990772713527	-7830.6722650209385	-387.3185076925885	-7830.6722650209385	36.22019366567291	9.871828863004497	0.004317085823275033	2.7751307424505534	1.0	5.996360114030228	14.674658036547095	-362.40603027217475	0.16868008403619816	0.31904814863745884	0.1647180949395114	0.3475536723868317
76000	-8208.173091802899	-7825.476951786389	-382.69614001650984	-7825.476951786389	35.25712027417994	9.38088425734313	0.004613515591113632	2.7751307424505534	1.0	4.629909953911289	13.511548495862503	-359.70317070035503	0.16868008403619816	0.31904814863745884	0.1647180949395114	0.3475536723868317
77000	-8184.494079984182	-7796.106151480532	-388.3879285036495	-7796.106151480532	39.45505708387622	9.38088425734313	0.004450094573089792	2.7751307424505534	1.0	7.389597326087635	14.985384407211805	-362.5677891420525	0.14254865272190553	0.31904814863745884	0.1647180949395114	0.37368510370112434
78000	-8172.558435402608	-7785.412539409709	-387.1458959928989	-7785.412539409709	35.754188187290374	8.295433576022607	0.004304693933409563	2.7751307424505534	1.0	8.148230620592228	14.128152954689245	-361.8553504674049	0.1357166610424945	0.31904814863745884	0.1647180949395114	0.3805170953805354
79000	-8175.554510690316	-7788.368214306424	-387.18629638389206	-7788.368214306424	36.776581807854456	8.26253887709266	0.0044040958951850956	2.7751307424505534	1.0	8.51716144035597	14.950413171311782	-361.48390701403224	0.1357166610424945	0.31904814863745884	0.1647180949395114	0.3805170953805354
80000	-8163.840969711841	-7786.232701853237	-377.6082678586042	-7786.232701853237	39.29414133249339	9.36270581008763	0.00471057970890092	2.7751307424505534	1.0	5.37817503113167	12.937106952410328	-353.90958894112674	0.10854382811888125	0.34622098156107206	0.1647180949395114	0.3805170953805354
81000	-8153.6289184650195	-7775.63493182065	-377.99398664436956	-7775.63493182065	33.20836758182106	9.870152948161465	0.005175996026120208	2.3360244260160314	1.0	6.091029381730807	11.100913049090671	-353.2513954385629	0.10854382811888125	0.34622098156107206	0.1647180949395114	0.3805170953805354
82000	-8156.061399864777	-7780.185840058726	-375.8755598060504	-7780.185840058726	34.02065640449955	9.054924922566046	0.004787245646685632	2.3360244260160314	1.0	6.091029381730807	12.771166633152571	-351.96369479138406	0.10854382811888125	0.34622098156107206	0.1647180949395114	0.3805170953805354
83000	-8157.688793294834	-7785.2193279406865	-372.46946535414725	-7785.2193279406865	36.682078278464076	7.918730842405787	0.0046824493649918995	2.3360244260160314	1.0	6.091029381730807	13.475372879107177	-349.78291873303726	0.10854382811888125	0.34622098156107206	0.1647180949395114	0.3805170953805354
84000	-8141.279025118961	-7767.935019581302	-373.34400553765875	-7767.935019581302	33.25960998201253	9.308818313219508	0.005111626050881465	2.3360244260160314	1.0	7.058390292871921	12.652794182429428	-348.1297512412987	0.10854382811888125	0.34622098156107206	0.14132768193600787	0.40390750838403894
85000	-8142.517054093341	-7773.836488474525	-368.680565618816	-7773.836488474525	34.05422655930652	7.694791990329723	0.0048884988241388256	2.3360244260160314	1.0	7.058390292871921	10.367755505429262	-345.49552400325945	0.10854382811888125	0.34622098156107206	0.14132768193600787	0.40390750838403894
86000	-8136.67106254012	-7770.444895067973	-366.2261674721469	-7770.444895067973	31.89489262701526	9.576360215466726	0.004984976403663805	2.3360244260160314	1.0	7.058390292871921	10.223818567462684	-340.95711741031573	0.10854382811888125	0.34622098156107206	0.14132768193600787	0.40390750838403894
87000	-8126.340333185735	-7764.72571314854	-361.61462003719527	-7764.72571314854	33.08397181145359	9.123842775362943	0.005398048207212527	2.149838241050275	1.0	7.058390292871921	9.82414616391341	-336.874700810121	0.10854382811888125	0.34622098156107206	0.13160154653913753	0.4136336437809093
88000	-8104.431292489873	-7745.001151372656	-359.43014111721743	-7745.001151372656	31.156858064164382	9.379503513450038	0.005669022689706533	2.3667823724018064	1.0	7.058390292871921	9.848786496684589	-334.27351728067805	0.1143670609369265	0.34622098156107206	0.12577831372109227	0.4136336437809093
89000	-8106.562180153841	-7746.818897348199	-359.7432828056415	-7746.818897348199	32.52800960431911	9.50654344143105	0.005445265592882098	2.3667823724018064	1.0	6.056883712649002	9.596423905823631	-335.5152678004284	0.1143670609369265	0.34622098156107206	0.12577831372109227	0.4136336437809093
90000	-8098.324782743758	-7737.230581976538	-361.0942007672203	-7737.230581976538	29.881575825988808	9.557687764347921	0.005505721481538655	2.3667823724018064	1.0	5.128418620361227	9.051495891732397	-337.78609153831104	0.1143670609369265	0.34622098156107206	0.12577831372109227	0.4136336437809093
91000	-8088.279243793115	-7728.05235309614	-360.22689069697515	-7728.05235309614	32.054732925691624	9.896479398998496	0.00524244302359431	2.3667823724018064	1.0	5.128418620361227	11.382506259347284	-336.368510793082	0.08648626303763074	0.34622098156107206	0.12577831372109227	0.44151444168020504
92000	-8093.954619886215	-7736.170728413692	-357.7838914725233	-7736.170728413692	35.474379802720094	9.285654680998006	0.0051416144122897935	2.3667823724018064	1.0	5.002576647597376	11.286348509306396	-334.7474237604125	0.08648626303763074	0.34622098156107206	0.12577831372109227	0.44151444168020504
93000	-8098.876420039796	-7741.815259360456	-357.0611606793398	-7741.815259360456	34.84874365214768	9.526679017908556	0.005331574891757718	1.9479533025744171	1.0	5.611639379303775	12.383821655968763	-333.1878139792451	0.08648626303763074	0.34622098156107206	0.12577831372109227	0.44151444168020504
94000	-8095.200222265196	-7739.731613779952	-355.4686084852449	-7739.731613779952	39.500846736127315	7.821115629610652	0.005436232511130755	1.9479533025744171	1.0	5.611639379303775	9.66378807964575	-333.7069253959298	0.08648626303763074	0.34622098156107206	0.12577831372109227	0.44151444168020504
95000	-8087.651247835212	-7728.913202610266	-358.73804522494646	-7728.913202610266	41.6365483950121	9.135614113798614	0.005531539957439593	1.9479533025744171	1.0	5.611639379303775	10.917244323640984	-335.38269950119434	0.08648626303763074	0.34622098156107206	0.12577831372109227	0.44151444168020504
96000	-8099.170157710106	-7739.13911590093	-360.0310418091755	-7739.13911590093	40.829896626591264	9.039233217154086	0.005135886363718471	1.9479533025744171	1.0	5.611639379303775	9.912639913789347	-336.95239371932064	0.08648626303763074	0.34622098156107206	0.12577831372109227	0.44151444168020504
97000	-8098.0444189667205	-7743.267808600591	-354.77661036612966	-7743.267808600591	37.33389403079493	9.278612199908457	0.005302050767629796	1.9297278481229756	1.0	5.611639379303775	10.19918303625654	-331.38208156239125	0.08648626303763074	0.34622098156107206	0.12577831372109227	0.44151444168020504
98000	-8092.020850688203	-7736.771543409015	-355.2493072791876	-7736.771543409015	36.50950663125807	9.671632970932851	0.005287162623335498	1.9297278481229756	1.0	5.611639379303775	10.185416004853534	-331.4285845497293	0.08648626303763074	0.34622098156107206	0.12577831372109227	0.44151444168020504
99000	-8094.941622614269	-7745.460020127143	-349.48160248712566	-7745.460020127143	40.97228860001363	8.583467945335727	0.005608320982788983	1.9297278481229756	1.0	4.845737475184133	9.163534074748428	-327.66909893122346	0.08648626303763074	0.34622098156107206	0.12577831372109227	0.44151444168020504
100000	-8091.750544940817	-7746.549381176703	-345.20116376411426	-7746.549381176703	33.11059568502904	8.924406676168454	0.005833230618973277	1.9297278481229756	1.0	4.469294743886885	9.97656436719424	-323.2647527960247	0.08648626303763074	0.34622098156107206	0.12577831372109227	0.44151444168020504
