#
#model:
#
#<?xml version="1.0" encoding="UTF-8" standalone="no"?><input id="posterior" spec="beast.core.util.CompoundDistribution">
#    <distribution id="prior" spec="beast.core.util.CompoundDistribution">
#        <distribution id="CoalescentConstant.t:1" spec="beast.evolution.tree.coalescent.Coalescent">
#            <populationModel id="ConstantPopulation.t:1" spec="beast.evolution.tree.coalescent.ConstantPopulation">
#                <parameter id="popSize.t:1" name="popSize" spec="beast.core.parameter.RealParameter">0.3</parameter>
#            </populationModel>
#            <treeIntervals id="TreeIntervals.t:1" spec="beast.evolution.tree.coalescent.TreeIntervals">
#                <tree id="Tree.t:1" spec="beast.evolution.tree.Tree">
#                    <trait id="dateTrait.t:1" spec="beast.evolution.tree.TraitSet" traitname="date" value="2_2000.1=2000.1,17_2001.6=2001.6,18_2001.7=2001.7,21_2002=2002,24_2002.3=2002.3,26_2002.5=2002.5,5_2000.4=2000.4,7_2000.6=2000.6,4_2000.3=2000.3,13_2001.2=2001.2,15_2001.4=2001.4,16_2001.5=2001.5,1_2000=2000,8_2000.7=2000.7,3_2000.2=2000.2,12_2001.1=2001.1,22_2002.1=2002.1,32_2003.1=2003.1,28_2002.7=2002.7,43_2004.2=2004.2,46_2004.5=2004.5,55_2005.4=2005.4,63_2006.2=2006.2,65_2006.4=2006.4,66_2006.5=2006.5,67_2006.6=2006.6,23_2002.2=2002.2,10_2000.9=2000.9,14_2001.3=2001.3,33_2003.2=2003.2,39_2003.8=2003.8,34_2003.3=2003.3,44_2004.3=2004.3,48_2004.7=2004.7,53_2005.2=2005.2,52_2005.1=2005.1,58_2005.7=2005.7,9_2000.8=2000.8,6_2000.5=2000.5,11_2001=2001,25_2002.4=2002.4,20_2001.9=2001.9,47_2004.6=2004.6,36_2003.5=2003.5,45_2004.4=2004.4,50_2004.9=2004.9,42_2004.1=2004.1,51_2005=2005,35_2003.4=2003.4,37_2003.6=2003.6,57_2005.6=2005.6,59_2005.8=2005.8,61_2006=2006,62_2006.1=2006.1,41_2004=2004,40_2003.9=2003.9,49_2004.8=2004.8,74_2007.3=2007.3,77_2007.6=2007.6,68_2006.7=2006.7,70_2006.9=2006.9,81_2008=2008,19_2001.8=2001.8,27_2002.6=2002.6,29_2002.8=2002.8,30_2002.9=2002.9,31_2003=2003,38_2003.7=2003.7,56_2005.5=2005.5,69_2006.8=2006.8,82_2008.1=2008.1,80_2007.9=2007.9,83_2008.2=2008.2,87_2008.6=2008.6,71_2007=2007,75_2007.4=2007.4,72_2007.1=2007.1,91_2009=2009,88_2008.7=2008.7,94_2009.3=2009.3,98_2009.7=2009.7,79_2007.8=2007.8,84_2008.3=2008.3,78_2007.7=2007.7,76_2007.5=2007.5,89_2008.8=2008.8,93_2009.2=2009.2,96_2009.5=2009.5,97_2009.6=2009.6,95_2009.4=2009.4,100_2009.9=2009.9,54_2005.3=2005.3,60_2005.9=2005.9,64_2006.3=2006.3,73_2007.2=2007.2,86_2008.5=2008.5,85_2008.4=2008.4,90_2008.9=2008.9,99_2009.8=2009.8,92_2009.1=2009.1,101_2010=2010">
#                        <taxa id="TaxonSet.1" spec="beast.evolution.alignment.TaxonSet">
#                        </taxa>
#                    </trait>
#                    <taxonset idref="TaxonSet.1"/>
#                </tree>
#            </treeIntervals>
#        </distribution>
#        <prior id="rateOmega.prior" name="distribution">
#            <parameter id="rateOmega" lower="0.1" name="x" spec="beast.core.parameter.RealParameter" upper="10.0">0.5</parameter>
#            <Gamma id="Gamma.0" name="distr">
#                <parameter estimate="false" id="rateOmega.alpha" name="alpha" spec="beast.core.parameter.RealParameter">0.1</parameter>
#                <parameter estimate="false" id="rateOmega.beta" name="beta" spec="beast.core.parameter.RealParameter">1.0</parameter>
#            </Gamma>
#        </prior>
#        <prior id="rateMean.prior" name="distribution">
#            <parameter id="rateMean" lower="1.0E-4" name="x" spec="beast.core.parameter.RealParameter" upper="10.0">0.005</parameter>
#            <Gamma id="Gamma.1" name="distr">
#                <parameter estimate="false" id="rateMean.alpha" name="alpha" spec="beast.core.parameter.RealParameter">0.005</parameter>
#                <parameter estimate="false" id="rateMean.beta" name="beta" spec="beast.core.parameter.RealParameter">1.0</parameter>
#            </Gamma>
#        </prior>
#        <prior id="FrequenciesPrior.s:1" name="distribution">
#            <parameter dimension="4" id="freqParameter.s:1" lower="0.0" name="x" spec="beast.core.parameter.RealParameter" upper="1.0">0.25</parameter>
#            <Uniform id="Uniform.3" name="distr"/>
#        </prior>
#        <prior id="GammaShapePrior.s:1" name="distribution">
#            <parameter id="gammaShape.s:1" name="x" spec="beast.core.parameter.RealParameter">1.0</parameter>
#            <Exponential id="Exponential.0" name="distr">
#                <parameter estimate="false" id="RealParameter.0" name="mean" spec="beast.core.parameter.RealParameter">1.0</parameter>
#            </Exponential>
#        </prior>
#        <prior id="KappaPrior.s:1" name="distribution">
#            <parameter id="kappa.s:1" lower="0.0" name="x" spec="beast.core.parameter.RealParameter">2.0</parameter>
#            <LogNormal id="LogNormalDistributionModel.0" name="distr">
#                <parameter estimate="false" id="RealParameter.1" name="M" spec="beast.core.parameter.RealParameter">1.0</parameter>
#                <parameter estimate="false" id="RealParameter.2" name="S" spec="beast.core.parameter.RealParameter">1.25</parameter>
#            </LogNormal>
#        </prior>
#        <prior id="PopSizePrior.t:1" name="distribution" x="@popSize.t:1">
#            <OneOnX id="OneOnX.1" name="distr"/>
#        </prior>
#    </distribution>
#    <distribution id="likelihood" spec="beast.core.util.CompoundDistribution" useThreads="true">
#        <distribution data="@1" id="treeLikelihood.1" spec="beast.evolution.likelihood.ThreadedTreeLikelihood" tree="@Tree.t:1">
#            <siteModel gammaCategoryCount="4" id="SiteModel.s:1" shape="@gammaShape.s:1" spec="beast.evolution.sitemodel.SiteModel">
#                <parameter id="mutationRate.s:1" name="mutationRate" spec="beast.core.parameter.RealParameter">1.0</parameter>
#                <parameter estimate="false" id="proportionInvariant.s:1" lower="0.0" name="proportionInvariant" spec="beast.core.parameter.RealParameter" upper="1.0">0.0</parameter>
#                <substModel id="hky.s:1" kappa="@kappa.s:1" spec="beast.evolution.substitutionmodel.HKY">
#                    <frequencies frequencies="@freqParameter.s:1" id="estimatedFreqs.s:1" spec="beast.evolution.substitutionmodel.Frequencies"/>
#                </substModel>
#            </siteModel>
#            <branchRateModel id="branchRates" numSites="1000" numberOfDiscreteRates="12" rateMean="@rateMean" rateOmega="@rateOmega" spec="beast.evolution.branchratemodel.ARClockModel" tree="@Tree.t:1">
#                <rateCategories dimension="200" id="rateCategories" spec="beast.core.parameter.IntegerParameter">1</rateCategories>
#            </branchRateModel>
#        </distribution>
#    </distribution>
#</input>
#
Sample	posterior	likelihood	prior	treeLikelihood	TreeHeight	rateOmega	rateMean	kappa	mutationRate	gammaShape	popSize	CoalescentConstant	freqParameter.1	freqParameter.2	freqParameter.3	freqParameter.4
0	-27683.181176102935	-27449.147969932576	-234.03320617036022	-27449.147969932576	10.751582664363609	0.5	0.005	2.0	1.0	1.0	0.3	-230.21431273121476	0.25	0.25	0.25	0.25
1000	-17267.92184617882	-17009.37538074245	-258.5464654363688	-17009.37538074245	11.476798217025825	0.3545211123092991	0.04388305494415706	3.9361561049888136	1.0	1.0	2.117706126197281	-250.33730466684577	0.25	0.2549333024824592	0.24506669751754082	0.25
2000	-15624.401334885379	-15360.5966386499	-263.80469623547805	-15360.5966386499	11.382926026986237	1.647658204941183	0.03256322368402628	3.9361561049888136	1.0	1.0	4.080970402077932	-252.5718617231639	0.24781943583948512	0.2549333024824592	0.2472472616780557	0.25
3000	-14219.96817839805	-13945.711463925374	-274.25671447267564	-13945.711463925374	11.591744556848768	1.878103926423396	0.02852106102278654	3.9361561049888136	1.0	1.0	4.769759944803	-262.6555763328387	0.24781943583948512	0.2549333024824592	0.2472472616780557	0.25
4000	-12809.637877658908	-12520.365121416198	-289.2727562427098	-12520.365121416198	11.51355488979164	2.7554643445081757	0.022836453249725885	3.9361561049888136	1.0	1.0	5.889424287232559	-276.4652623787646	0.24781943583948512	0.2549333024824592	0.2472472616780557	0.25
5000	-11636.161649768608	-11335.182120752686	-300.97952901592157	-11335.182120752686	12.574663283492455	4.49744370500644	0.018622525802885266	3.9361561049888136	1.0	1.0	7.029905030338156	-286.01929013782757	0.24781943583948512	0.2549333024824592	0.2472472616780557	0.25
6000	-11171.738765350032	-10859.039106840362	-312.6996585096699	-10859.039106840362	12.574663283492455	9.753013383493872	0.019895277599366712	3.9361561049888136	1.0	1.0	7.035479619329899	-291.71934418229836	0.24781943583948512	0.2549333024824592	0.2472472616780557	0.25
7000	-10550.966028679837	-10233.57094909999	-317.39507957984677	-10233.57094909999	13.672450884709184	9.614297608388522	0.018645174754623975	3.9361561049888136	1.0	1.0	8.240116127940015	-296.4741455732045	0.24706415355390648	0.25568858476803785	0.2472472616780557	0.25
8000	-10159.869014744067	-9841.327683880376	-318.5413308636906	-9841.327683880376	13.936913104209026	9.614297608388522	0.01798422182059572	3.9361561049888136	1.0	1.0	7.014566380834231	-297.81799546395905	0.24706415355390648	0.25568858476803785	0.2472472616780557	0.25
9000	-9648.589079010879	-9327.783072392696	-320.80600661818323	-9327.783072392696	13.936913104209026	9.999840668205287	0.014712303450590148	3.9361561049888136	1.0	1.0	7.374410069111554	-299.8147936569869	0.24693462410131728	0.25568858476803785	0.2472472616780557	0.2501295294525892
10000	-9464.935313939779	-9149.45550900874	-315.47980493104	-9149.45550900874	13.936913104209026	7.835461384697718	0.01406362450296158	3.634782801953602	1.0	0.8238538695162771	7.373834804718978	-297.1907272381241	0.24693462410131728	0.25568858476803785	0.2472472616780557	0.2501295294525892
11000	-9333.563684236458	-9017.16305943171	-316.40062480474865	-9017.16305943171	14.07728704470781	8.525580501274426	0.01344125705918341	3.634782801953602	1.0	0.8238538695162771	6.284625051523775	-297.55094832507723	0.242973263524402	0.25568858476803785	0.24541963627252525	0.2559185154350349
12000	-9214.212431635013	-8901.744134202747	-312.4682974322654	-8901.744134202747	14.07728704470781	7.273340857006897	0.013196143434338663	3.634782801953602	1.0	0.8238538695162771	7.069136743650444	-294.91475558963947	0.242973263524402	0.25568858476803785	0.23724905975724206	0.2640890919503181
13000	-9110.981282553399	-8798.530940733253	-312.4503418201454	-8798.530940733253	14.433042218837233	7.9897494834570075	0.012740906913590614	3.634782801953602	1.0	0.8238538695162771	8.320231808314633	-293.9682767862395	0.242973263524402	0.25880155033735974	0.23413609418792017	0.2640890919503181
14000	-9022.668152447251	-8715.859811141276	-306.80834130597515	-8715.859811141276	15.046612040523726	7.706989609210497	0.012117371688084137	3.634782801953602	1.0	0.8238538695162771	7.620530447868161	-288.7798592355129	0.24189262064457795	0.25880155033735974	0.2352167370677442	0.2640890919503181
15000	-8740.204858025134	-8434.823050108702	-305.3818079164315	-8434.823050108702	14.846176574284975	8.96263471431318	0.011930151821814197	3.801283361156551	1.0	0.9119246858460188	7.055624426011432	-285.91270841269693	0.23200371326787644	0.25880155033735974	0.2352167370677442	0.2739779993270196
16000	-8718.301008452017	-8410.225148305759	-308.07586014625895	-8410.225148305759	14.803107465241153	8.55023288956136	0.011524075186117849	3.801283361156551	1.0	0.9119246858460188	6.1814481259246	-289.22869367647934	0.23200371326787644	0.25880155033735974	0.2352167370677442	0.2739779993270196
17000	-8682.432065255118	-8369.682267101665	-312.7497981534534	-8369.682267101665	14.803107465241153	9.987156242693825	0.01164391206335524	3.888903455353938	1.0	0.9119246858460188	5.343439909413023	-292.43332533099044	0.23200371326787644	0.25880155033735974	0.2352167370677442	0.2739779993270196
18000	-8669.466281740257	-8361.723386846186	-307.74289489407033	-8361.723386846186	14.218578510275783	9.51954247706088	0.01185011820719101	3.888903455353938	1.0	0.9119246858460188	5.635476431068778	-287.86630875768793	0.23200371326787644	0.25880155033735974	0.2352167370677442	0.2739779993270196
19000	-8658.071586765993	-8351.699715578276	-306.3718711877168	-8351.699715578276	13.537154410593251	8.951684419584044	0.01083666941896738	3.888903455353938	1.0	0.9119246858460188	6.240179482370078	-287.1065390009437	0.23200371326787644	0.25880155033735974	0.2352167370677442	0.2739779993270196
20000	-8617.160112740397	-8309.794662160692	-307.36545057970665	-8309.794662160692	14.987999299049617	8.513675367280033	0.010750619000606374	4.136667383880777	1.0	0.9119246858460188	6.771791019842502	-288.4324003383839	0.22486653258849207	0.25880155033735974	0.2352167370677442	0.28111518000640395
21000	-8513.668061730514	-8210.258173668986	-303.40988806152706	-8210.258173668986	15.193425603486096	8.582744498055817	0.011458732958935383	4.136667383880777	1.0	0.9119246858460188	6.464460042933635	-284.38276482953853	0.22486653258849207	0.25880155033735974	0.2335007760565894	0.2828311410175588
22000	-8454.501959415018	-8149.188078650791	-305.3138807642276	-8149.188078650791	14.511595421521546	6.649377106849113	0.010584659952386466	4.136667383880777	1.0	0.9119246858460188	6.094760063226097	-288.58854621841505	0.22528008541179867	0.2513483728225342	0.2335007760565894	0.2898707657090777
23000	-8431.311360987129	-8125.588963208713	-305.7223977784159	-8125.588963208713	14.759042292555355	7.237687247777949	0.0106742935228968	4.136667383880777	1.0	0.9119246858460188	6.420610986021449	-288.2718884579157	0.22528008541179867	0.2513483728225342	0.2335007760565894	0.2898707657090777
24000	-8415.262508901675	-8108.625184269025	-306.63732463264955	-8108.625184269025	14.90092519769172	8.157764877232736	0.010699930695534127	4.136667383880777	1.0	0.9119246858460188	7.265843445080968	-288.0329523925578	0.22528008541179867	0.24594460545932428	0.2335007760565894	0.2952745330722876
25000	-8402.806492234202	-8099.763452824886	-303.0430394093162	-8099.763452824886	16.16341315453002	6.634071098150082	0.009714771359798476	4.136667383880777	1.0	0.9119246858460188	6.400081972647869	-286.3724028699699	0.22528008541179867	0.24594460545932428	0.2335007760565894	0.2952745330722876
26000	-8372.96758126033	-8070.514741542516	-302.45283971781316	-8070.514741542516	16.629403460179226	7.459427005515562	0.01011841915921057	4.136667383880777	1.0	0.9119246858460188	6.190184135909955	-284.8437492932236	0.22528008541179867	0.24594460545932428	0.2335007760565894	0.2952745330722876
27000	-8329.129366006637	-8025.594526492347	-303.5348395142895	-8025.594526492347	17.138080298284958	7.284071083025647	0.010194825467713338	4.136667383880777	1.0	0.9119246858460188	6.51450649608192	-286.06388656601905	0.22528008541179867	0.24594460545932428	0.2335007760565894	0.2952745330722876
28000	-8206.845211140759	-7900.420472532764	-306.42473860799464	-7900.420472532764	16.520427862327082	6.675058108623112	0.010102591068416676	4.136667383880777	1.0	0.9119246858460188	7.089228721979801	-289.56596949685456	0.22528008541179867	0.24594460545932428	0.2335007760565894	0.2952745330722876
29000	-7962.563458588004	-7658.075902413023	-304.4875561749814	-7658.075902413023	16.024910682640368	6.689569753447805	0.009158321652843877	4.136667383880777	1.0	0.9119246858460188	7.210749297366388	-287.6939072341973	0.22227857108495558	0.24894611978616737	0.22696116211829068	0.30181414701058634
30000	-7834.74892650827	-7540.322781170043	-294.4261453382279	-7540.322781170043	15.645424228529835	8.518450822282277	0.01044184818933615	4.136667383880777	1.0	1.1008975581606797	5.294757047646403	-275.57419539667535	0.21438819960701644	0.24894611978616737	0.23485153359622982	0.30181414701058634
31000	-7764.957814535487	-7466.948542994715	-298.00927154077164	-7466.948542994715	15.62863090699665	8.438529954542094	0.010273037861114638	4.136667383880777	1.0	1.3962579508747484	5.418671550202556	-278.9436183585111	0.21438819960701644	0.2405234990798643	0.23485153359622982	0.3102367677168894
32000	-7754.344004053252	-7461.837339529326	-292.50666452392653	-7461.837339529326	15.752484513169378	8.264198528139998	0.009904266306113334	4.136667383880777	1.0	1.3962579508747484	5.9958151159699	-273.5696626943046	0.21438819960701644	0.2405234990798643	0.2343677987899174	0.3107205025232018
33000	-7720.907215098858	-7427.857045265759	-293.0501698330995	-7427.857045265759	17.89806825152539	9.011933352277042	0.009904266306113334	4.136667383880777	1.0	2.1829297098588634	5.861174068936483	-272.52351804388877	0.21438819960701644	0.2405234990798643	0.2343677987899174	0.3107205025232018
34000	-7711.1050213285735	-7422.544187175772	-288.56083415280125	-7422.544187175772	18.48951487178755	9.01945418549992	0.01060377991104402	4.136667383880777	1.0	2.1829297098588634	4.994267906032945	-268.1173666391752	0.21438819960701644	0.2405234990798643	0.2343677987899174	0.3107205025232018
35000	-7609.103436953834	-7316.494804649426	-292.60863230440737	-7316.494804649426	18.671791872571156	7.960884470878019	0.009263750610780587	4.136667383880777	1.0	2.1829297098588634	5.999496597485269	-273.2884751717581	0.21438819960701644	0.2405234990798643	0.23001615141009973	0.3150721499030195
36000	-7571.233918407818	-7279.068986720298	-292.16493168752027	-7279.068986720298	19.29576148622176	6.714173286847259	0.00863826749001326	4.136667383880777	1.0	2.1829297098588634	5.907405836723674	-274.3304248817753	0.21438819960701644	0.24138478122172558	0.23001615141009973	0.31421086776115825
37000	-7541.874948468977	-7248.509727860484	-293.36522060849217	-7248.509727860484	19.501922081209933	6.8584305520111855	0.008404924943996018	4.136667383880777	1.0	2.1829297098588634	6.568472693995583	-275.2887304819148	0.21438819960701644	0.24138478122172558	0.23001615141009973	0.31421086776115825
38000	-7531.351089991682	-7238.39466251331	-292.9564274783719	-7238.39466251331	17.55256057393194	6.932491230755902	0.008757551339387633	4.136667383880777	1.0	2.1829297098588634	5.676626377720603	-274.90088872731377	0.21438819960701644	0.23232104870872122	0.23001615141009973	0.3232746002741626
39000	-7455.3970993575	-7160.479108605456	-294.91799075204494	-7160.479108605456	16.692345428112336	7.869104545589566	0.008912958480407638	4.136667383880777	1.0	2.1829297098588634	5.148669953407076	-275.89174749139517	0.209277186828172	0.23743206148756565	0.23001615141009973	0.3232746002741626
40000	-7431.801063598721	-7138.749818508578	-293.05124509014325	-7138.749818508578	16.158942106400964	7.494486808753735	0.008705197022007507	3.900515259449902	1.0	2.552315327144947	6.502408306067377	-273.93784711796485	0.209277186828172	0.23743206148756565	0.23001615141009973	0.3232746002741626
41000	-7414.746897273735	-7120.546968508041	-294.1999287656943	-7120.546968508041	16.729400395284568	9.031538572940885	0.00897342775826756	3.900515259449902	1.0	2.552315327144947	5.620381443754627	-273.49688851477174	0.21577740096867162	0.22415683809402798	0.22351593726960012	0.33654982366770025
42000	-7414.970617047526	-7118.157837634406	-296.8127794131194	-7118.157837634406	18.223324752366988	8.446685977063101	0.008641032361735334	3.900515259449902	1.0	2.552315327144947	6.366950408182339	-276.6680137326463	0.21577740096867162	0.22415683809402798	0.22351593726960012	0.33654982366770025
43000	-7427.647020484427	-7127.930603458474	-299.71641702595264	-7127.930603458474	16.79546389764435	8.910555695864334	0.008411549416590884	3.900515259449902	1.0	2.552315327144947	6.668960268713035	-279.0403333524773	0.22050896559954586	0.2303265376012375	0.21878437263872588	0.33038012416049073
44000	-7426.944788170702	-7130.289276251498	-296.65551191920366	-7130.289276251498	17.17771838232336	8.910555695864334	0.008375203441437953	3.900515259449902	1.0	2.552315327144947	6.272543729901604	-276.04505525830535	0.22050896559954586	0.2303265376012375	0.21878437263872588	0.33038012416049073
45000	-7399.798968874954	-7102.513212904504	-297.2857559704499	-7102.513212904504	17.175281389454035	9.969821229244866	0.008782230160403989	3.900515259449902	1.0	2.552315327144947	7.0213903099693935	-275.35453629491116	0.22050896559954586	0.23887611763609876	0.21023479260386463	0.33038012416049073
46000	-7394.919138251416	-7100.819111944636	-294.10002630678036	-7100.819111944636	16.18341626085506	9.004559636916975	0.00791275751529069	3.900515259449902	1.0	3.477315144020003	6.561404844036866	-272.4730755917967	0.22050896559954586	0.23887611763609876	0.21023479260386463	0.33038012416049073
47000	-7403.925698142284	-7108.663639239702	-295.26205890258143	-7108.663639239702	15.519486152754624	8.763500551428411	0.008536901456373206	3.900515259449902	1.0	3.477315144020003	5.3863798269174605	-274.02175425508676	0.22050896559954586	0.23887611763609876	0.21023479260386463	0.33038012416049073
48000	-7378.156447965164	-7080.9897705721905	-297.1666773929733	-7080.9897705721905	15.517127099139083	9.203264464101549	0.008750399948963507	3.900515259449902	1.0	3.477315144020003	6.2893708988934245	-275.26276347081216	0.22714423683397097	0.23887611763609876	0.2035995213694395	0.33038012416049073
49000	-7374.718445199136	-7073.710921057762	-301.00752414137384	-7073.710921057762	16.570201069851386	8.579241164689426	0.007272200657923632	3.900515259449902	1.0	3.477315144020003	6.789033377379942	-279.89997095985655	0.22714423683397097	0.23887611763609876	0.2035995213694395	0.33038012416049073
50000	-7354.351607342747	-7057.018637265589	-297.33297007715845	-7057.018637265589	16.803864190396435	5.823832267831778	0.007355554044712872	3.900515259449902	1.0	3.203426623914252	5.854005628075148	-279.74012189564417	0.22714423683397097	0.23887611763609876	0.2035995213694395	0.33038012416049073
51000	-7280.438555173549	-6982.174346106299	-298.2642090672494	-6982.174346106299	16.959201063564567	6.15073900752203	0.007538331193752273	3.900515259449902	1.0	5.143118771802953	5.838480489609551	-278.3336600180555	0.22714423683397097	0.23887611763609876	0.2035995213694395	0.33038012416049073
52000	-7217.84402237208	-6920.807163752332	-297.0368586197484	-6920.807163752332	16.295393190048618	6.15073900752203	0.007099589163901297	3.606845229483462	1.0	5.143118771802953	6.242968385735334	-277.1938318736944	0.17396568331178835	0.26491253346712507	0.2035995213694395	0.35752226185164704
53000	-7207.475362975307	-6910.06416775509	-297.4111952202162	-6910.06416775509	14.900651603293454	7.387791976702087	0.00765037988653493	3.606845229483462	1.0	5.143118771802953	4.852062120832153	-276.3433408973849	0.17396568331178835	0.26491253346712507	0.2035995213694395	0.35752226185164704
54000	-7157.3672382207005	-6865.853893742284	-291.5133444784172	-6865.853893742284	16.460099005842256	6.587955315439057	0.008050883215228212	3.606845229483462	1.0	5.143118771802953	5.479592323760926	-271.1756553267176	0.17396568331178835	0.26491253346712507	0.2035995213694395	0.35752226185164704
55000	-7126.261149032057	-6835.745284236243	-290.5158647958145	-6835.745284236243	16.539263023609156	7.5122049081577345	0.007456860344948304	3.606845229483462	1.0	5.143118771802953	5.713505187007787	-269.17082478960907	0.17396568331178835	0.26491253346712507	0.2035995213694395	0.35752226185164704
56000	-7111.68220929182	-6820.960723372047	-290.72148591977253	-6820.960723372047	17.89393609971767	6.794807357206827	0.007636917611568547	3.606845229483462	1.0	5.143118771802953	4.443138763837729	-270.4117280360175	0.17396568331178835	0.26491253346712507	0.2035995213694395	0.35752226185164704
57000	-7089.8316772109265	-6795.733987447233	-294.0976897636934	-6795.733987447233	17.514704464148608	7.510974462939081	0.00681128336040309	3.606845229483462	1.0	5.143118771802953	5.95067720260181	-272.8041020161821	0.1467170266332159	0.2921611901456975	0.2035995213694395	0.35752226185164704
58000	-7074.551507333195	-6783.276167737354	-291.27533959584156	-6783.276167737354	18.578296627750014	7.056651635618215	0.007303703414995417	3.606845229483462	1.0	4.8590964570008115	4.959378461003766	-270.8885322911404	0.1467170266332159	0.2930093603297784	0.20275135118535859	0.35752226185164704
59000	-7061.81404213024	-6772.842648491588	-288.9713936386514	-6772.842648491588	18.6086644988249	6.670035235766481	0.007412139231307733	3.606845229483462	1.0	4.8590964570008115	4.802304977094616	-269.0393258173748	0.1467170266332159	0.2930093603297784	0.20275135118535859	0.35752226185164704
60000	-7069.75180874617	-6777.779764303025	-291.9720444431453	-6777.779764303025	18.70541787210027	7.4471875177424405	0.007071683021317041	3.606845229483462	1.0	4.8590964570008115	5.353335790729862	-271.10213623694517	0.1467170266332159	0.2930093603297784	0.20275135118535859	0.35752226185164704
61000	-7058.365579312085	-6763.313048831707	-295.05253048037747	-6763.313048831707	18.70541787210027	8.630727117910464	0.007474910973394372	3.606845229483462	1.0	4.8590964570008115	5.892259234373813	-272.71484031299406	0.1467170266332159	0.2930093603297784	0.20275135118535859	0.35752226185164704
62000	-7054.516689421487	-6758.377383918993	-296.13930550249484	-6758.377383918993	17.206802954348557	7.486190632048385	0.007240440633224379	3.606845229483462	1.0	4.095564196085716	5.776922906087911	-275.8894394826332	0.1412712446847315	0.2984551422782628	0.20275135118535859	0.35752226185164704
63000	-7040.406973914296	-6746.796587708304	-293.61038620599135	-6746.796587708304	17.440735809470265	7.337360860141271	0.007477773015966463	3.606845229483462	1.0	4.095564196085716	6.596277338335394	-273.3624594218397	0.16649042321992183	0.2984551422782628	0.17753217265016827	0.35752226185164704
64000	-6990.045640170502	-6702.806039718348	-287.23960045215415	-6702.806039718348	18.46055895505085	6.708338007208361	0.007359040737611322	3.606845229483462	1.0	4.095564196085716	5.9260249401119065	-267.82455764310004	0.13530369908364853	0.32360736555241876	0.17753217265016827	0.3635567627137644
65000	-6980.091820840832	-6701.5792395789085	-278.5125812619231	-6701.5792395789085	18.52181592794224	5.764484156710344	0.006986161667445553	3.606845229483462	1.0	4.095564196085716	5.400115139730714	-260.32290887916923	0.13530369908364853	0.32360736555241876	0.17753217265016827	0.3635567627137644
66000	-6970.364871700316	-6688.498330897827	-281.8665408024889	-6688.498330897827	17.871428636674267	6.847705409051985	0.00797637670484999	3.606845229483462	1.0	4.095564196085716	5.294352769872429	-262.3255681284723	0.13530369908364853	0.3539987619319541	0.1471407762706329	0.3635567627137644
67000	-6972.6520527215125	-6690.792058938418	-281.85999378309384	-6690.792058938418	18.840093508874386	6.067333270041273	0.008269147402683828	3.606845229483462	1.0	4.309866608472186	5.237645146482798	-262.9685948894269	0.13530369908364853	0.3539987619319541	0.1471407762706329	0.3635567627137644
68000	-6954.5015781505235	-6673.83484218054	-280.66673596998345	-6673.83484218054	17.827196313911553	7.048862724511069	0.008798729917659344	2.3744863910239506	1.0	4.309866608472186	5.132636811338773	-261.05461226106524	0.14436396769389337	0.3539987619319541	0.13808050766038807	0.3635567627137644
69000	-6935.437696652996	-6648.370336070227	-287.06736058277005	-6648.370336070227	18.540404233177185	7.471719539618352	0.008400858019331076	2.3744863910239506	1.0	4.309866608472186	3.5680371997912235	-267.38999099600903	0.14436396769389337	0.3539987619319541	0.13808050766038807	0.3635567627137644
70000	-6918.1960104526925	-6638.9466552054155	-279.24935524727664	-6638.9466552054155	17.465319248763375	8.813760201830291	0.008804705742338529	2.3744863910239506	1.0	4.309866608472186	5.066119178435859	-257.68359390615194	0.14436396769389337	0.3539987619319541	0.13808050766038807	0.3635567627137644
71000	-6925.317383632809	-6646.183785677324	-279.13359795548547	-6646.183785677324	16.887586058415557	8.498358324015111	0.008803753839250878	2.3744863910239506	1.0	4.309866608472186	4.001902820343145	-258.15194918343053	0.16077500769709382	0.3539987619319541	0.12166946765718761	0.3635567627137644
72000	-6927.07293590309	-6649.3321842130845	-277.7407516900059	-6649.3321842130845	16.674555405654203	9.650055494249251	0.009110263566778026	2.3744863910239506	1.0	3.6661022295278953	3.927440584633277	-256.12121169136736	0.16077500769709382	0.35311666754177173	0.12166946765718761	0.3644388571039468
73000	-6918.370478488194	-6642.766091918201	-275.60438656999287	-6642.766091918201	16.653296558966183	8.130738317825832	0.00822773435541752	2.3744863910239506	1.0	6.617557264957224	4.235506611679908	-252.7336384998171	0.16077500769709382	0.3609163634787501	0.11386977172020922	0.3644388571039468
74000	-6928.103073629804	-6648.739605815939	-279.3634678138651	-6648.739605815939	15.47258229220585	7.995572944815728	0.007963346256945149	2.3744863910239506	1.0	6.617557264957224	4.944765022029968	-256.5209084425181	0.16077500769709382	0.3609163634787501	0.11386977172020922	0.3644388571039468
75000	-6948.2009240817615	-6667.036994193387	-281.1639298883746	-6667.036994193387	16.04760489847627	6.977998679159714	0.007491421250922369	2.3744863910239506	1.0	6.617557264957224	4.3523216509156395	-259.6503353146656	0.16077500769709382	0.3609163634787501	0.11386977172020922	0.3644388571039468
76000	-6934.73485797671	-6650.518405375107	-284.2164526016033	-6650.518405375107	16.361453115806295	6.9606203675261344	0.007308473663482113	2.3744863910239506	1.0	6.617557264957224	4.51600468829389	-262.71034567456377	0.16077500769709382	0.3609163634787501	0.11386977172020922	0.3644388571039468
77000	-6931.344869533378	-6653.136553784145	-278.2083157492335	-6653.136553784145	16.171372963648984	6.174449977247221	0.007015895824225207	2.3744863910239506	1.0	6.617557264957224	5.03695522796717	-257.5280133784291	0.16077500769709382	0.3609163634787501	0.11386977172020922	0.3644388571039468
78000	-6938.567987875685	-6656.755219952779	-281.8127679229054	-6656.755219952779	15.759853360580951	6.994524917933868	0.0073765406084441735	2.3744863910239506	1.0	6.617557264957224	5.03667670999949	-260.14997243093296	0.16077500769709382	0.3609163634787501	0.11386977172020922	0.3644388571039468
79000	-6947.712800880402	-6665.028631590188	-282.68416929021424	-6665.028631590188	16.77299860336708	6.616222311415905	0.007155295543786647	2.3744863910239506	1.0	4.626587516496634	4.802599822585237	-263.51879909333366	0.16077500769709382	0.3609163634787501	0.11386977172020922	0.3644388571039468
80000	-6934.988159832505	-6654.129821828807	-280.85833800369824	-6654.129821828807	17.93642484554927	7.490796952278794	0.007650611414149892	2.3744863910239506	1.0	4.613318493011605	5.04221169512139	-260.6041457032717	0.15087648535491802	0.3609163634787501	0.11386977172020922	0.3743373794461226
81000	-6927.6093608332185	-6640.839287133318	-286.77007369990076	-6640.839287133318	17.2364895515094	7.129962257838348	0.007183003251476606	2.3744863910239506	1.0	4.613318493011605	6.494556645780421	-266.7312491094587	0.15087648535491802	0.3609163634787501	0.11386977172020922	0.3743373794461226
82000	-6908.740485347316	-6627.041206644872	-281.6992787024451	-6627.041206644872	16.7707888823385	6.344270070539185	0.007161408347853874	2.3744863910239506	1.0	4.613318493011605	5.018232879566062	-262.812128786233	0.15087648535491802	0.35548211068000796	0.11386977172020922	0.37977163224486477
83000	-6911.374260978828	-6626.472278397995	-284.90198258083274	-6626.472278397995	17.235433522668398	7.681028073162914	0.007247930439188563	2.3744863910239506	1.0	4.613318493011605	5.073750133401642	-264.4829553008181	0.15087648535491802	0.35548211068000796	0.11386977172020922	0.37977163224486477
84000	-6900.586660682894	-6614.288203406127	-286.2984572767671	-6614.288203406127	17.621575270255114	8.277185600046657	0.007411715033811924	2.3744863910239506	1.0	4.613318493011605	5.426429712061019	-265.12639868964084	0.15087648535491802	0.35548211068000796	0.11386977172020922	0.37977163224486477
85000	-6904.902280573207	-6618.510559636793	-286.39172093641326	-6618.510559636793	17.91837800415092	6.981213492763572	0.006786078022332026	2.3744863910239506	1.0	4.613318493011605	4.61065293454507	-266.9201719995408	0.15087648535491802	0.35548211068000796	0.11386977172020922	0.37977163224486477
86000	-6906.602880817007	-6618.147590062384	-288.4552907546232	-6618.147590062384	16.264865722928487	7.978196682705781	0.007025198941393974	2.3744863910239506	1.0	4.613318493011605	5.684398831203907	-267.6225657083142	0.15087648535491802	0.35548211068000796	0.11386977172020922	0.37977163224486477
87000	-6896.842345078867	-6613.575033105258	-283.26731197360914	-6613.575033105258	17.408850638991016	7.157325311415974	0.006620127971117708	2.3744863910239506	1.0	4.613318493011605	5.636433488157487	-263.42114757790824	0.15087648535491802	0.35548211068000796	0.11386977172020922	0.37977163224486477
88000	-6894.481934806672	-6611.221477903999	-283.2604569026734	-6611.221477903999	18.34625683177254	7.108468417747273	0.006724883239971017	2.3744863910239506	1.0	4.613318493011605	4.162174612576113	-263.7568016951254	0.15087648535491802	0.35548211068000796	0.11386977172020922	0.37977163224486477
89000	-6888.124451524811	-6607.116612674445	-281.0078388503664	-6607.116612674445	20.00273758465401	6.985421762197615	0.006709612336953467	2.3744863910239506	1.0	4.613318493011605	4.749045330494635	-261.51331694906304	0.15087648535491802	0.35548211068000796	0.1028102001094482	0.3908312038556258
90000	-6905.828854683969	-6625.700706811019	-280.1281478729509	-6625.700706811019	19.808957743530407	5.725122792010659	0.007082058739898809	2.3744863910239506	1.0	4.613318493011605	5.455004189496429	-261.88027460475024	0.1328147600844724	0.35548211068000796	0.12087192537989383	0.3908312038556258
91000	-6909.210365750913	-6624.989798780179	-284.2205669707349	-6624.989798780179	19.006418000123897	7.133791405494986	0.006940486053971095	2.3744863910239506	1.0	4.613318493011605	5.456703329409519	-264.3859661380165	0.1328147600844724	0.35548211068000796	0.12087192537989383	0.3908312038556258
92000	-6900.1773952397425	-6624.740642334158	-275.4367529055844	-6624.740642334158	17.759638950927567	5.82639923095037	0.007065180077286271	2.3744863910239506	1.0	4.613318493011605	4.660608265287805	-257.23160004258557	0.1328147600844724	0.345591013088303	0.12087192537989383	0.4007223014473308
93000	-6888.703318574522	-6616.387178431895	-272.31614014262664	-6616.387178431895	16.925609758397478	6.994446729960713	0.007538508948056001	2.3744863910239506	1.0	4.501439153963587	4.791593086974732	-252.79766154589055	0.1328147600844724	0.345591013088303	0.12087192537989383	0.4007223014473308
94000	-6882.970164267887	-6609.836701438037	-273.1334628298498	-6609.836701438037	17.619777833909648	6.4887620955631276	0.007729161708373101	2.3744863910239506	1.0	4.501439153963587	4.691552629569617	-254.18426672206311	0.1328147600844724	0.345591013088303	0.12087192537989383	0.4007223014473308
95000	-6898.163620318081	-6618.327411031053	-279.83620928702794	-6618.327411031053	17.759828153909627	6.895375904382369	0.007777804861814257	2.3744863910239506	1.0	4.501439153963587	5.834777039401756	-260.20133455352243	0.1328147600844724	0.345591013088303	0.12087192537989383	0.4007223014473308
96000	-6891.001640475527	-6609.1275482681895	-281.87409220733764	-6609.1275482681895	18.47732464170346	8.065075966083308	0.0068760238539480574	2.3744863910239506	1.0	4.501439153963587	4.957660455648448	-261.2149158300905	0.1328147600844724	0.345591013088303	0.12087192537989383	0.4007223014473308
97000	-6889.188300324719	-6607.17704173036	-282.0112585943601	-6607.17704173036	17.856574971839702	8.448893860001881	0.007502907160787092	2.3744863910239506	1.0	4.091652370076008	4.7772065749896555	-261.2858452755121	0.1328147600844724	0.345591013088303	0.12087192537989383	0.4007223014473308
98000	-6902.5577237830785	-6615.903924213613	-286.6537995694649	-6615.903924213613	17.475225196946564	8.953191390873004	0.008084580261985184	2.3744863910239506	1.0	4.091652370076008	4.798252367833026	-265.29263952503885	0.1328147600844724	0.345591013088303	0.12087192537989383	0.4007223014473308
99000	-6912.9270760787385	-6627.730418046818	-285.1966580319199	-6627.730418046818	18.370876962416823	7.305163535198975	0.008183590523055362	2.3744863910239506	1.0	4.091652370076008	4.436481422903605	-265.7327912044102	0.1328147600844724	0.345591013088303	0.12087192537989383	0.4007223014473308
100000	-6883.510714170912	-6591.915974613478	-291.5947395574341	-6591.915974613478	17.644818362050614	6.324354427449122	0.007857909961239326	2.3744863910239506	1.0	4.091652370076008	6.36929559950933	-272.920543626899	0.1328147600844724	0.33623429457878706	0.12087192537989383	0.4100790199568467
