#
#model:
#
#<?xml version="1.0" encoding="UTF-8" standalone="no"?><input id="posterior" spec="beast.core.util.CompoundDistribution">
#    <distribution id="prior" spec="beast.core.util.CompoundDistribution">
#        <distribution id="CoalescentConstant.t:1" spec="beast.evolution.tree.coalescent.Coalescent">
#            <populationModel id="ConstantPopulation.t:1" spec="beast.evolution.tree.coalescent.ConstantPopulation">
#                <parameter id="popSize.t:1" name="popSize" spec="beast.core.parameter.RealParameter">0.3</parameter>
#            </populationModel>
#            <treeIntervals id="TreeIntervals.t:1" spec="beast.evolution.tree.coalescent.TreeIntervals">
#                <tree id="Tree.t:1" spec="beast.evolution.tree.Tree">
#                    <trait id="dateTrait.t:1" spec="beast.evolution.tree.TraitSet" traitname="date" value="2_2000.1=2000.1,17_2001.6=2001.6,18_2001.7=2001.7,21_2002=2002,24_2002.3=2002.3,26_2002.5=2002.5,5_2000.4=2000.4,7_2000.6=2000.6,4_2000.3=2000.3,13_2001.2=2001.2,15_2001.4=2001.4,16_2001.5=2001.5,1_2000=2000,8_2000.7=2000.7,3_2000.2=2000.2,12_2001.1=2001.1,22_2002.1=2002.1,32_2003.1=2003.1,28_2002.7=2002.7,43_2004.2=2004.2,46_2004.5=2004.5,55_2005.4=2005.4,63_2006.2=2006.2,65_2006.4=2006.4,66_2006.5=2006.5,67_2006.6=2006.6,23_2002.2=2002.2,10_2000.9=2000.9,14_2001.3=2001.3,33_2003.2=2003.2,39_2003.8=2003.8,34_2003.3=2003.3,44_2004.3=2004.3,48_2004.7=2004.7,53_2005.2=2005.2,52_2005.1=2005.1,58_2005.7=2005.7,9_2000.8=2000.8,6_2000.5=2000.5,11_2001=2001,25_2002.4=2002.4,20_2001.9=2001.9,47_2004.6=2004.6,36_2003.5=2003.5,45_2004.4=2004.4,50_2004.9=2004.9,42_2004.1=2004.1,51_2005=2005,35_2003.4=2003.4,37_2003.6=2003.6,57_2005.6=2005.6,59_2005.8=2005.8,61_2006=2006,62_2006.1=2006.1,41_2004=2004,40_2003.9=2003.9,49_2004.8=2004.8,74_2007.3=2007.3,77_2007.6=2007.6,68_2006.7=2006.7,70_2006.9=2006.9,81_2008=2008,19_2001.8=2001.8,27_2002.6=2002.6,29_2002.8=2002.8,30_2002.9=2002.9,31_2003=2003,38_2003.7=2003.7,56_2005.5=2005.5,69_2006.8=2006.8,82_2008.1=2008.1,80_2007.9=2007.9,83_2008.2=2008.2,87_2008.6=2008.6,71_2007=2007,75_2007.4=2007.4,72_2007.1=2007.1,91_2009=2009,88_2008.7=2008.7,94_2009.3=2009.3,98_2009.7=2009.7,79_2007.8=2007.8,84_2008.3=2008.3,78_2007.7=2007.7,76_2007.5=2007.5,89_2008.8=2008.8,93_2009.2=2009.2,96_2009.5=2009.5,97_2009.6=2009.6,95_2009.4=2009.4,100_2009.9=2009.9,54_2005.3=2005.3,60_2005.9=2005.9,64_2006.3=2006.3,73_2007.2=2007.2,86_2008.5=2008.5,85_2008.4=2008.4,90_2008.9=2008.9,99_2009.8=2009.8,92_2009.1=2009.1,101_2010=2010">
#                        <taxa id="TaxonSet.1" spec="beast.evolution.alignment.TaxonSet">
#                        </taxa>
#                    </trait>
#                    <taxonset idref="TaxonSet.1"/>
#                </tree>
#            </treeIntervals>
#        </distribution>
#        <prior id="rateOmega.prior" name="distribution">
#            <parameter id="rateOmega" lower="0.1" name="x" spec="beast.core.parameter.RealParameter" upper="10.0">0.5</parameter>
#            <Gamma id="Gamma.0" name="distr">
#                <parameter estimate="false" id="rateOmega.alpha" name="alpha" spec="beast.core.parameter.RealParameter">0.1</parameter>
#                <parameter estimate="false" id="rateOmega.beta" name="beta" spec="beast.core.parameter.RealParameter">1.0</parameter>
#            </Gamma>
#        </prior>
#        <prior id="rateMean.prior" name="distribution">
#            <parameter id="rateMean" lower="1.0E-4" name="x" spec="beast.core.parameter.RealParameter" upper="10.0">0.005</parameter>
#            <Gamma id="Gamma.1" name="distr">
#                <parameter estimate="false" id="rateMean.alpha" name="alpha" spec="beast.core.parameter.RealParameter">0.005</parameter>
#                <parameter estimate="false" id="rateMean.beta" name="beta" spec="beast.core.parameter.RealParameter">1.0</parameter>
#            </Gamma>
#        </prior>
#        <prior id="FrequenciesPrior.s:1" name="distribution">
#            <parameter dimension="4" id="freqParameter.s:1" lower="0.0" name="x" spec="beast.core.parameter.RealParameter" upper="1.0">0.25</parameter>
#            <Uniform id="Uniform.3" name="distr"/>
#        </prior>
#        <prior id="GammaShapePrior.s:1" name="distribution">
#            <parameter id="gammaShape.s:1" name="x" spec="beast.core.parameter.RealParameter">1.0</parameter>
#            <Exponential id="Exponential.0" name="distr">
#                <parameter estimate="false" id="RealParameter.0" name="mean" spec="beast.core.parameter.RealParameter">1.0</parameter>
#            </Exponential>
#        </prior>
#        <prior id="KappaPrior.s:1" name="distribution">
#            <parameter id="kappa.s:1" lower="0.0" name="x" spec="beast.core.parameter.RealParameter">2.0</parameter>
#            <LogNormal id="LogNormalDistributionModel.0" name="distr">
#                <parameter estimate="false" id="RealParameter.1" name="M" spec="beast.core.parameter.RealParameter">1.0</parameter>
#                <parameter estimate="false" id="RealParameter.2" name="S" spec="beast.core.parameter.RealParameter">1.25</parameter>
#            </LogNormal>
#        </prior>
#        <prior id="PopSizePrior.t:1" name="distribution" x="@popSize.t:1">
#            <OneOnX id="OneOnX.1" name="distr"/>
#        </prior>
#    </distribution>
#    <distribution id="likelihood" spec="beast.core.util.CompoundDistribution" useThreads="true">
#        <distribution data="@1" id="treeLikelihood.1" spec="beast.evolution.likelihood.ThreadedTreeLikelihood" tree="@Tree.t:1">
#            <siteModel gammaCategoryCount="4" id="SiteModel.s:1" shape="@gammaShape.s:1" spec="beast.evolution.sitemodel.SiteModel">
#                <parameter id="mutationRate.s:1" name="mutationRate" spec="beast.core.parameter.RealParameter">1.0</parameter>
#                <parameter estimate="false" id="proportionInvariant.s:1" lower="0.0" name="proportionInvariant" spec="beast.core.parameter.RealParameter" upper="1.0">0.0</parameter>
#                <substModel id="hky.s:1" kappa="@kappa.s:1" spec="beast.evolution.substitutionmodel.HKY">
#                    <frequencies frequencies="@freqParameter.s:1" id="estimatedFreqs.s:1" spec="beast.evolution.substitutionmodel.Frequencies"/>
#                </substModel>
#            </siteModel>
#            <branchRateModel id="branchRates" numSites="1000" numberOfDiscreteRates="12" rateMean="@rateMean" rateOmega="@rateOmega" spec="beast.evolution.branchratemodel.ARClockModel" tree="@Tree.t:1">
#                <rateCategories dimension="200" id="rateCategories" spec="beast.core.parameter.IntegerParameter">1</rateCategories>
#            </branchRateModel>
#        </distribution>
#    </distribution>
#</input>
#
Sample	posterior	likelihood	prior	treeLikelihood	TreeHeight	rateOmega	rateMean	kappa	mutationRate	gammaShape	popSize	CoalescentConstant	freqParameter.1	freqParameter.2	freqParameter.3	freqParameter.4
0	-23747.493313749794	-23513.460107579434	-234.03320617036022	-23513.460107579434	10.751582664363609	0.5	0.005	2.0	1.0	1.0	0.3	-230.21431273121476	0.25	0.25	0.25	0.25
1000	-15628.837272236678	-15248.906334720905	-379.93093751577305	-15248.906334720905	11.538839946181797	0.8316948797100608	0.030473021819087308	3.9361561049888136	1.0	1.0	1.7482229190103646	-371.04518179229433	0.25	0.25	0.25	0.25
2000	-14328.946103585818	-14038.737704949554	-290.2083986362645	-14038.737704949554	11.533701472702594	4.547562038636744	0.030255756719182344	3.9361561049888136	1.0	0.768123607670296	5.913128230533764	-275.0984209004962	0.24781943583948512	0.25	0.2521805641605149	0.25
3000	-12856.101533104791	-12531.661692567131	-324.43984053765956	-12531.661692567131	11.772664268727851	4.85126637562631	0.021318088167134177	4.312928374779663	1.0	0.768123607670296	8.610335441613225	-308.83375918664274	0.24781943583948512	0.25	0.2521805641605149	0.25
4000	-12117.637643248223	-11786.371967546009	-331.265675702215	-11786.371967546009	11.85792411410421	6.997916622612939	0.019350330790522726	4.312928374779663	1.0	0.768123607670296	9.080441169302171	-313.2283791058708	0.24781943583948512	0.25	0.24709346715071118	0.2550870970098037
5000	-11457.598429815413	-11121.757489049805	-335.8409407656075	-11121.757489049805	12.451048554007441	8.95075784097302	0.015750297345440957	4.312928374779663	1.0	0.5103388332560159	8.644069463338457	-316.1447449295891	0.24781943583948512	0.24018374472787424	0.24709346715071118	0.26490335228192946
6000	-11212.0858737385	-10876.275643100145	-335.8102306383549	-10876.275643100145	12.195345968950457	9.8353483891523	0.016758703678358595	4.312928374779663	1.0	0.5103388332560159	8.59642834245423	-315.0873941014023	0.24781943583948512	0.24018374472787424	0.24709346715071118	0.26490335228192946
7000	-10819.779962801726	-10487.556792313793	-332.22317048793275	-10487.556792313793	12.526926953646132	9.925479932953548	0.015834466916762296	4.312928374779663	1.0	0.5103388332560159	9.397931075208966	-311.37021889686406	0.24654951306548614	0.24815908287039515	0.23707325749034686	0.2682181465737719
8000	-10716.604315910452	-10380.860823770157	-335.7434921402952	-10380.860823770157	13.046664850843653	9.771131569738579	0.014451798460790477	4.312928374779663	1.0	0.5103388332560159	8.524805085793139	-315.248799895596	0.24157260540919398	0.24815908287039515	0.23359126098069585	0.2766770507397151
9000	-10554.58101250281	-10224.99584753868	-329.5851649641301	-10224.99584753868	12.904951658254824	9.97154258139546	0.013861697740237393	4.312928374779663	1.0	0.5384634192543576	8.00783777197191	-308.94829482778624	0.24157260540919398	0.24815908287039515	0.22886876984172222	0.2813995418786887
10000	-10334.62742357599	-9994.880508430919	-339.746915145071	-9994.880508430919	12.90959202049643	9.97154258139546	0.013861697740237393	3.9827073582873997	1.0	0.5384634192543576	7.818802774061104	-319.23509219512505	0.2424260214892498	0.24815908287039515	0.2280153537616664	0.2813995418786887
11000	-10242.578983932619	-9906.311874675992	-336.2671092566268	-9906.311874675992	12.769530888535272	9.908466202132075	0.013265678999733807	3.9827073582873997	1.0	0.6216365036622719	8.016531884172393	-315.7602518860534	0.2384646609123345	0.24815908287039515	0.2319767143385817	0.2813995418786887
12000	-10081.315458869223	-9743.873060401314	-337.4423984679079	-9743.873060401314	12.769530888535272	9.798586000072616	0.01438730859478847	3.9827073582873997	1.0	0.6216365036622719	9.562072644303399	-316.79727691874604	0.2384646609123345	0.24815908287039515	0.2238061378232985	0.2895701183939719
13000	-10059.74977895707	-9725.527307667462	-334.222471289608	-9725.527307667462	12.769530888535272	9.162900717022644	0.013758772185812772	3.9827073582873997	1.0	0.6216365036622719	8.533997099699148	-314.4322245054878	0.2384646609123345	0.25127204843971707	0.2206931722539766	0.2895701183939719
14000	-9974.038167153629	-9636.424540185913	-337.61362696771624	-9636.424540185913	12.57559164811839	9.760591644874463	0.013814477538184879	3.9827073582873997	1.0	0.6216365036622719	8.258306323936228	-317.19758034016075	0.23176869395861677	0.25127204843971707	0.21769127766551416	0.29926797993615206
15000	-9904.661689141603	-9571.157735905063	-333.5039532365413	-9571.157735905063	12.73733841536253	9.919835226993483	0.013822142001335483	3.9827073582873997	1.0	0.6212768358822064	8.200975904903467	-312.92086454077355	0.23176869395861677	0.25127204843971707	0.21318562969745394	0.3037736279042123
16000	-9681.03152006875	-9350.250792987657	-330.7807270810909	-9350.250792987657	12.60349700995701	8.702708558776727	0.012746427869001587	3.9827073582873997	1.0	0.6212768358822064	8.896125379646945	-311.53290553127357	0.23176869395861677	0.25127204843971707	0.21318562969745394	0.3037736279042123
17000	-9540.903834216808	-9206.481257656913	-334.4225765598949	-9206.481257656913	12.60349700995701	8.417506032949353	0.013275189281145062	3.837646882237685	1.0	0.6212768358822064	8.797154420301753	-315.50589424220544	0.23176869395861677	0.25127204843971707	0.21318562969745394	0.3037736279042123
18000	-9414.9834038908	-9079.096784693647	-335.8866191971525	-9079.096784693647	11.770010701188546	8.038406144070503	0.011802468277839788	3.837646882237685	1.0	0.6212768358822064	8.335216869356804	-317.5629229507477	0.23176869395861677	0.25127204843971707	0.21318562969745394	0.3037736279042123
19000	-9338.315451689597	-8999.835325853148	-338.4801258364496	-8999.835325853148	11.770004483889608	8.490155946862666	0.012546043165747806	3.837646882237685	1.0	0.6212768358822064	9.461279587086128	-319.46721805803475	0.23176869395861677	0.25127204843971707	0.21318562969745394	0.3037736279042123
20000	-9307.137055637464	-8966.643438463896	-340.4936171735681	-8966.643438463896	11.770004483889608	7.98003799570577	0.011302983376594288	3.837646882237685	1.0	0.6212768358822064	8.571881950369127	-322.25037544366523	0.22591213094932952	0.25127204843971707	0.21190501202735681	0.31091080858359665
21000	-9252.5462393142	-8915.246743271138	-337.2994960430625	-8915.246743271138	11.775910758166868	7.37814897988875	0.010980278865650304	3.837646882237685	1.0	0.6212768358822064	9.012766439811474	-319.7077106609608	0.22591213094932952	0.25127204843971707	0.21190501202735681	0.31091080858359665
22000	-9155.482055505698	-8815.922564366887	-339.55949113881064	-8815.922564366887	11.486041006688447	5.529170861102867	0.010895891948506925	3.837646882237685	1.0	0.6212768358822064	8.787634934620444	-324.10937757090255	0.22604170059929268	0.25127204843971707	0.21177544237739365	0.31091080858359665
23000	-9073.066360459226	-8736.419062107487	-336.64729835174006	-8736.419062107487	11.802009633028081	5.978982704436534	0.010251570602937925	3.837646882237685	1.0	0.6212768358822064	7.4617080971346	-320.90183734266725	0.21557443684794542	0.2579098159881451	0.21560493858031285	0.31091080858359665
24000	-8865.13513078275	-8528.67778159052	-336.45734919222934	-8528.67778159052	11.915465735394971	7.502662211086923	0.010105880673931119	3.837646882237685	1.0	0.8292462564069382	9.687059435003526	-318.52931350864725	0.21557443684794542	0.2525060486249352	0.21560493858031285	0.31631457594680656
25000	-8763.573448273773	-8427.933546729912	-335.63990154386113	-8427.933546729912	11.915465735394971	6.634883609324775	0.010459558676514333	3.837646882237685	1.0	0.9323597380993176	9.559398883825015	-318.5658417124652	0.21557443684794542	0.2525060486249352	0.21560493858031285	0.31631457594680656
26000	-8671.896089249409	-8340.099548740389	-331.7965405090193	-8340.099548740389	12.25898795232433	5.923358422097489	0.009857321340337948	3.837646882237685	1.0	0.9323597380993176	8.029720843625487	-315.77008226362983	0.21557443684794542	0.2525060486249352	0.21560493858031285	0.31631457594680656
27000	-8503.632861266036	-8180.246312693102	-323.38654857293415	-8180.246312693102	12.25898795232433	7.522501707019293	0.009846487809472546	3.837646882237685	1.0	0.9323597380993176	8.280854919160175	-305.5161599146632	0.2172689925494828	0.2525060486249352	0.21391038287877548	0.31631457594680656
28000	-8475.592170978729	-8155.10698753862	-320.48518344010853	-8155.10698753862	12.42284148168524	6.655372068806738	0.010556630485521116	3.837646882237685	1.0	0.9323597380993176	7.989191072351872	-303.55800681368834	0.2172689925494828	0.2525060486249352	0.21391038287877548	0.31631457594680656
29000	-8380.771521619505	-8056.638635785791	-324.13288583371434	-8056.638635785791	12.783239046316407	6.423017780972628	0.008981715479640157	3.837646882237685	1.0	0.9323597380993176	8.373655489181816	-307.58537548959674	0.21071023594676985	0.25906480522764813	0.21391038287877548	0.31631457594680656
30000	-8210.01914200021	-7884.628806260874	-325.390335739337	-7884.628806260874	13.26167042183908	7.0706782026175405	0.009011146824523912	3.837646882237685	1.0	1.0215574143984087	7.848390825833834	-308.0810032773763	0.21633486633559218	0.25906480522764813	0.20828575248995315	0.31631457594680656
31000	-8012.113204002245	-7687.371030986238	-324.7421730160064	-7687.371030986238	12.966374316275662	6.801999191116969	0.00877103401495825	3.837646882237685	1.0	1.9179439875395399	8.95586763089311	-306.73511116372333	0.21633486633559218	0.25906480522764813	0.20828575248995315	0.31631457594680656
32000	-7952.54495785411	-7626.829966975635	-325.7149908784754	-7626.829966975635	13.165264275208695	7.191467538419703	0.008362743281059966	3.837646882237685	1.0	1.9179439875395399	7.602379507598141	-307.48003561977845	0.21633486633559218	0.25906480522764813	0.20828575248995315	0.31631457594680656
33000	-7884.904127886803	-7557.481869293867	-327.4222585929357	-7557.481869293867	13.165264275208695	6.487706358440929	0.008016369146606256	3.837646882237685	1.0	1.9179439875395399	7.8519772471164275	-309.99388380117796	0.21633486633559218	0.25906480522764813	0.20828575248995315	0.31631457594680656
34000	-7821.436854571586	-7495.3090980724055	-326.1277564991805	-7495.3090980724055	12.819662883745542	6.857401639438319	0.008031145177161263	3.601916698583141	1.0	1.9179439875395399	7.85753158278901	-308.3533534129519	0.21633486633559218	0.25906480522764813	0.20828575248995315	0.31631457594680656
35000	-7819.796059002446	-7487.255520743067	-332.54053825937876	-7487.255520743067	13.079015095018313	8.224817775110498	0.008311546988139004	3.601916698583141	1.0	1.6670639561178855	8.836057570619662	-313.3341585600352	0.21633486633559218	0.25906480522764813	0.20828575248995315	0.31631457594680656
36000	-7792.505667033635	-7462.1901137713785	-330.3155532622566	-7462.1901137713785	13.024737070778134	7.4337368668521915	0.008348553972423072	3.601916698583141	1.0	2.216026876219772	9.545733829153244	-311.3605953467466	0.20539320074730588	0.25906480522764813	0.21922741807823942	0.31631457594680656
37000	-7738.072980657031	-7413.3704228409415	-324.702557816089	-7413.3704228409415	13.024737070778134	5.900233371287189	0.007699979241785557	3.601916698583141	1.0	2.216026876219772	8.051310288884746	-307.7404109131484	0.20539320074730588	0.2620850730517397	0.21620715025414783	0.31631457594680656
38000	-7710.5052369811065	-7384.968925896842	-325.5363110842646	-7384.968925896842	13.3109644999468	7.035662244079964	0.008088316339862065	3.601916698583141	1.0	2.216026876219772	7.1106252800215	-307.3552347638619	0.20539320074730588	0.2620850730517397	0.21620715025414783	0.31631457594680656
39000	-7690.372774104675	-7366.659340794695	-323.71343330998053	-7366.659340794695	13.639448478303336	6.646553228875619	0.008196730558599971	3.601916698583141	1.0	2.216026876219772	7.63813575008613	-305.88775008888587	0.20539320074730588	0.2620850730517397	0.21620715025414783	0.31631457594680656
40000	-7681.500628458422	-7361.573124230008	-319.92750422841453	-7361.573124230008	13.304164857808562	6.26964834221679	0.008092066770408142	3.370678735171332	1.0	2.3551053756124642	7.516676100079667	-302.49800454996495	0.20539320074730588	0.2620850730517397	0.21620715025414783	0.31631457594680656
41000	-7644.8132286826	-7324.375348731168	-320.4378799514322	-7324.375348731168	12.831096359328026	8.281614780233038	0.008279769377512184	3.370678735171332	1.0	2.4040684855548133	6.921217335572489	-300.75649316188	0.20539320074730588	0.26220815350558035	0.21620715025414783	0.31619149549296593
42000	-7584.544111796551	-7264.5182155837365	-320.0258962128142	-7264.5182155837365	13.666184931353301	7.773572055878339	0.008043264503614807	3.370678735171332	1.0	2.4040684855548133	7.902150719765235	-300.80605790736286	0.20539320074730588	0.26220815350558035	0.2087527104931832	0.32364593525393054
43000	-7578.813197505794	-7261.015549037292	-317.7976484685022	-7261.015549037292	14.109067517287384	5.665905933157613	0.007768174607446722	3.370678735171332	1.0	2.4040684855548133	6.324858605428094	-301.2276611726818	0.20738499561941204	0.2650353686801296	0.206760915621077	0.3208187200793813
44000	-7442.4155836219115	-7127.362239004787	-315.0533446171252	-7127.362239004787	14.109067517287384	5.7973861055401805	0.008007545373281064	3.612589191133737	1.0	2.4040684855548133	6.664560341849596	-298.16808776153124	0.21455265258339057	0.26427230886736935	0.20035631846985874	0.3208187200793813
45000	-7422.58313933889	-7106.424273866219	-316.15886547267104	-7106.424273866219	13.331147946351514	5.843085130524026	0.007845551109216488	3.612589191133737	1.0	2.4040684855548133	8.326744618668195	-299.0186718323272	0.21455265258339057	0.26427230886736935	0.20035631846985874	0.3208187200793813
46000	-7361.05425648126	-7045.382759374868	-315.67149710639177	-7045.382759374868	13.166227838084854	6.537162365558368	0.008184516320093815	3.612589191133737	1.0	3.43398369011995	6.864001985746836	-296.857048168498	0.21455265258339057	0.26427230886736935	0.20035631846985874	0.3208187200793813
47000	-7325.34567061279	-7017.551669665793	-307.7940009469967	-7017.551669665793	14.499293404366457	5.732122414267831	0.007866207581513107	3.612589191133737	1.0	2.975447578831942	6.719313609225772	-290.42249632065676	0.21455265258339057	0.26427230886736935	0.20035631846985874	0.3208187200793813
48000	-7314.95146418772	-7005.223999972576	-309.72746421514444	-7005.223999972576	13.50048647480686	6.369261552226435	0.007772072930624462	3.612589191133737	1.0	2.975447578831942	6.993085478131896	-291.5960997698296	0.21455265258339057	0.26427230886736935	0.20035631846985874	0.3208187200793813
49000	-7311.463823635441	-7003.227648610123	-308.2361750253187	-7003.227648610123	13.772144587830727	6.012860428476572	0.007740106892175442	3.612589191133737	1.0	2.975447578831942	6.592575709351254	-290.5761468899197	0.21455265258339057	0.26427230886736935	0.20035631846985874	0.3208187200793813
50000	-7301.163481983184	-6991.906781092132	-309.2567008910516	-6991.906781092132	15.053346686641165	5.85383848288507	0.007297369418609511	3.612589191133737	1.0	2.975447578831942	6.749835334712986	-291.8152931976099	0.21455265258339057	0.26427230886736935	0.20035631846985874	0.3208187200793813
51000	-7267.886853462623	-6960.670144463233	-307.21670899939	-6960.670144463233	13.493547556377326	5.88259540817233	0.00736128616020225	3.612589191133737	1.0	2.975447578831942	7.591628271409895	-289.61586492538913	0.21455265258339057	0.26427230886736935	0.20035631846985874	0.3208187200793813
52000	-7247.926679610036	-6933.783843509056	-314.1428361009801	-6933.783843509056	13.493547556377326	6.758135857725463	0.006605546919984634	3.612589191133737	1.0	3.729978983051365	7.765385624046098	-294.87295506876916	0.21455265258339057	0.26427230886736935	0.20035631846985874	0.3208187200793813
53000	-7253.7179458520395	-6945.87231784812	-307.84562800392007	-6945.87231784812	13.493547556377326	6.076831966907346	0.006529746112084932	3.612589191133737	1.0	3.729978983051365	6.693998037258255	-289.5127126690492	0.21455265258339057	0.26427230886736935	0.20035631846985874	0.3208187200793813
54000	-7259.806840721198	-6947.212669069543	-312.5941716516541	-6947.212669069543	13.493547556377326	7.388803554045064	0.006787262521813052	3.612589191133737	1.0	3.729978983051365	7.136066182876732	-292.6706565293104	0.21455265258339057	0.26427230886736935	0.20035631846985874	0.3208187200793813
55000	-7268.72501033701	-6955.192219801567	-313.5327905354425	-6955.192219801567	13.493547556377326	6.708940762533699	0.006751269691090782	3.612589191133737	1.0	3.729978983051365	8.037743018943887	-294.26235033236344	0.21455265258339057	0.26427230886736935	0.20035631846985874	0.3208187200793813
56000	-7271.192872853681	-6958.424642352012	-312.7682305016693	-6958.424642352012	14.724412586549787	7.994386415102488	0.00737462077110598	3.612589191133737	1.0	3.729978983051365	8.211159003579091	-291.9447345489932	0.21455265258339057	0.26427230886736935	0.20035631846985874	0.3208187200793813
57000	-7241.348465082542	-6931.473372322928	-309.8750927596142	-6931.473372322928	14.814461742433135	6.665014855578699	0.006945864332854854	3.612589191133737	1.0	3.729978983051365	7.570892074061749	-290.6858595428767	0.20487648342767814	0.2694038874092237	0.20490090908371678	0.3208187200793813
58000	-7223.7813868633575	-6916.360021672644	-307.4213651907135	-6916.360021672644	13.611959956721721	5.29632506548055	0.007124333780394145	3.612589191133737	1.0	3.729978983051365	7.05896189169247	-289.85228634045177	0.20487648342767814	0.26975040335447054	0.20455439313847	0.3208187200793813
59000	-7124.263140373844	-6815.31444000361	-308.9487003702346	-6815.31444000361	13.611959956721721	6.074162465411666	0.0069810450217454335	4.085610488694503	1.0	7.676755637422539	7.196933419756174	-286.3823921924558	0.20487648342767814	0.26975040335447054	0.20455439313847	0.3208187200793813
60000	-7104.686671443388	-6794.354587724388	-310.3320837190002	-6794.354587724388	13.611959956721721	6.6419046128170764	0.0072098620169557355	4.085610488694503	1.0	7.198912203598035	6.508253161962967	-287.66372282510235	0.20487648342767814	0.2641198810395056	0.20455439313847	0.3264492423943462
61000	-7101.527955328525	-6784.911366560845	-316.61658876768064	-6784.911366560845	13.622582010949309	8.620793443276533	0.0074895788851248824	4.085610488694503	1.0	7.198912203598035	7.419002469124915	-291.56551283097025	0.1977722392673401	0.2712241251998436	0.20455439313847	0.3264492423943462
62000	-7102.058729865259	-6783.1266448133465	-318.9320850519127	-6783.1266448133465	13.938968484964212	6.794657569189422	0.00683117776630902	4.085610488694503	1.0	7.198912203598035	7.487720658667836	-296.0043753911092	0.19632821710916826	0.2726681473580155	0.20455439313847	0.3264492423943462
63000	-7096.206826194005	-6773.1263961296145	-323.0804300643907	-6773.1263961296145	14.180745063088391	7.09679151639879	0.006202529999691541	4.085610488694503	1.0	7.198912203598035	8.914171377001297	-299.7337388460495	0.19632821710916826	0.28026501704295503	0.1969575234535304	0.3264492423943462
64000	-7092.813775960074	-6778.1423648776645	-314.67141108240946	-6778.1423648776645	13.9800783262903	7.369606606522838	0.0066377332454713965	4.085610488694503	1.0	7.198912203598035	7.047240298830443	-291.1850522006008	0.19632821710916826	0.28026501704295503	0.1969575234535304	0.3264492423943462
65000	-7073.338223709383	-6760.225081497548	-313.113142211835	-6760.225081497548	14.322395578355309	6.142415764111047	0.006748093690746326	3.382479850650849	1.0	7.198912203598035	5.88244412461951	-291.40875181685936	0.20282803326305232	0.28026501704295503	0.19045770729964634	0.3264492423943462
66000	-7070.294640517189	-6756.270886929824	-314.0237535873648	-6756.270886929824	13.979595467230936	5.90701430907373	0.006454192764323224	3.382479850650849	1.0	7.198912203598035	7.272753645617955	-292.42237318186545	0.20282803326305232	0.28026501704295503	0.18909983747191125	0.32780711222208125
67000	-7068.756959771547	-6754.545639997322	-314.21131977422556	-6754.545639997322	14.661777797192354	7.378402552737265	0.0069400205690796175	3.382479850650849	1.0	7.198912203598035	5.886962638754624	-291.07707321452546	0.20282803326305232	0.28026501704295503	0.18909983747191125	0.32780711222208125
68000	-7066.651278857277	-6761.769388916423	-304.8818899408543	-6761.769388916423	13.325308136085662	7.887238642792135	0.007133025216451543	3.382479850650849	1.0	3.7975342577248323	5.903388319531347	-284.5498923523199	0.20282803326305232	0.28026501704295503	0.18909983747191125	0.32780711222208125
69000	-7063.919087763297	-6759.272650440456	-304.64643732284077	-6759.272650440456	13.277959836318463	7.48061511805017	0.006904054196108377	3.382479850650849	1.0	3.7975342577248323	5.070412459864406	-284.9534980031021	0.20282803326305232	0.28026501704295503	0.18909983747191125	0.32780711222208125
70000	-7058.4557680842545	-6749.459434801599	-308.99633328265577	-6749.459434801599	14.102430785906776	7.9386393361224075	0.0065204721145309735	3.382479850650849	1.0	5.213217886057063	7.611517800090542	-287.027221294092	0.20385937188330625	0.28389461990615106	0.18443889598846128	0.32780711222208125
71000	-7069.285677990464	-6751.841411732874	-317.44426625759	-6751.841411732874	13.988255793155034	7.338569147944534	0.006181644983281555	3.382479850650849	1.0	5.213217886057063	6.152872414460992	-296.41214061639624	0.21081300351144658	0.28389461990615106	0.17748526436032094	0.32780711222208125
72000	-7049.703202021038	-6737.612891476038	-312.090310545	-6737.612891476038	13.735439807240276	6.719161874080234	0.006255325625568428	3.382479850650849	1.0	5.213217886057063	7.222137352088531	-291.5848594584405	0.21081300351144658	0.2871469566362579	0.1742329276302141	0.32780711222208125
73000	-7039.895531958641	-6730.623915640825	-309.27161631781644	-6730.623915640825	13.735439807240276	7.074383414378423	0.006703539303676212	3.382479850650849	1.0	5.213217886057063	7.34903731311888	-288.27785548592715	0.20111510336314312	0.2871469566362579	0.18393082777851757	0.32780711222208125
74000	-7044.859684807723	-6725.504446339449	-319.35523846827397	-6725.504446339449	13.735439807240276	8.841241349323873	0.00621960655963245	3.382479850650849	1.0	5.213217886057063	7.88587731717579	-296.3985015273121	0.20111510336314312	0.2871469566362579	0.18393082777851757	0.32780711222208125
75000	-7055.931211332357	-6741.481802857854	-314.4494084745025	-6741.481802857854	16.050923018274684	8.061631508361987	0.00614843578256723	3.382479850650849	1.0	5.213217886057063	6.904900337372703	-292.4997262720377	0.20111510336314312	0.2871469566362579	0.18393082777851757	0.32780711222208125
76000	-7044.520527430808	-6734.649792675794	-309.8707347550142	-6734.649792675794	15.581333723118691	6.6281921165784015	0.006019800660239826	3.382479850650849	1.0	6.596620722578862	6.071159314060055	-288.29714284469986	0.20111510336314312	0.2871469566362579	0.18393082777851757	0.32780711222208125
77000	-7040.082370388744	-6725.954826159365	-314.1275442293779	-6725.954826159365	14.373175003017383	7.401489477733617	0.006192074638918165	3.382479850650849	1.0	6.596620722578862	6.990420366221832	-291.51210234627155	0.20111510336314312	0.2871469566362579	0.18393082777851757	0.32780711222208125
78000	-7058.986819149034	-6737.968386684872	-321.01843246416246	-6737.968386684872	14.957260034432851	7.591736955299171	0.00606454422786028	3.382479850650849	1.0	6.596620722578862	5.341269107595206	-298.47981354876885	0.20111510336314312	0.2871469566362579	0.18393082777851757	0.32780711222208125
79000	-7053.739651736365	-6736.850103554072	-316.8895481822925	-6736.850103554072	15.866885908473877	7.406125393609349	0.005674908348796341	3.382479850650849	1.0	6.596620722578862	8.336367776087755	-294.18011679971556	0.20111510336314312	0.2871469566362579	0.18393082777851757	0.32780711222208125
80000	-7035.582323441635	-6721.058260217719	-314.5240632239153	-6721.058260217719	14.96043201576861	7.2531281961564735	0.006092060671795829	3.5301193652900795	1.0	6.596620722578862	7.864785110260676	-291.92437012395453	0.19696990536927597	0.2871469566362579	0.18393082777851757	0.3319523102159484
81000	-7049.03011915492	-6737.182604908764	-311.8475142461553	-6737.182604908764	15.0678176957503	7.438746763863675	0.00621233318606938	3.5301193652900795	1.0	4.082490504417257	6.74050296429262	-291.68827821329177	0.19696990536927597	0.2871469566362579	0.18393082777851757	0.3319523102159484
82000	-7052.002454252857	-6739.232284280742	-312.7701699721152	-6739.232284280742	17.067602000802044	7.57813250153421	0.005849144920326379	3.5301193652900795	1.0	4.082490504417257	6.380237189498041	-292.5700725457355	0.19696990536927597	0.2871469566362579	0.18393082777851757	0.3319523102159484
83000	-7048.929011126781	-6741.1023456022485	-307.82666552453264	-6741.1023456022485	17.592656602040297	7.072465503210456	0.006515039536204144	3.5301193652900795	1.0	5.188016128709322	5.871536176620828	-287.064005730897	0.19090125454589177	0.2932156074596421	0.18393082777851757	0.3319523102159484
84000	-7050.822024685605	-6746.460139622351	-304.361885063255	-6746.460139622351	16.79097256556315	7.521022291820705	0.006128291726640004	3.5301193652900795	1.0	5.188016128709322	5.8014002140602265	-283.16861984671414	0.19090125454589177	0.2932156074596421	0.18393082777851757	0.3319523102159484
85000	-7046.825478895923	-6744.615271480653	-302.2102074152695	-6744.615271480653	15.211545392309306	6.153908821963693	0.006467844127084788	3.5301193652900795	1.0	5.188016128709322	7.054803891063494	-282.3150026115256	0.17867002476475627	0.2932156074596421	0.18393082777851757	0.3441835399970839
86000	-7024.7407852834485	-6719.801368553886	-304.9394167295623	-6719.801368553886	13.776725695511779	8.091122808524972	0.006541601950281053	3.5301193652900795	1.0	5.188016128709322	6.103027581300875	-282.99425340752094	0.17867002476475627	0.2932156074596421	0.18393082777851757	0.3441835399970839
87000	-7020.834590282415	-6717.590461216339	-303.24412906607637	-6717.590461216339	13.463095934572133	6.827935814928928	0.005830199923043287	3.5301193652900795	1.0	5.188016128709322	6.298717886320648	-282.7986287419494	0.17867002476475627	0.2932156074596421	0.18393082777851757	0.3441835399970839
88000	-7030.3963123419035	-6725.102629826186	-305.2936825157172	-6725.102629826186	14.532513526039482	6.070288144453813	0.005646228495872981	3.5301193652900795	1.0	5.188016128709322	5.655945855359025	-285.8514104528688	0.17867002476475627	0.2932156074596421	0.18393082777851757	0.3441835399970839
89000	-7015.977278644422	-6707.882258692321	-308.0950199521016	-6707.882258692321	14.532513526039482	7.24962719876359	0.0060824999262861	3.5301193652900795	1.0	5.188016128709322	6.404229266961421	-287.1148759045646	0.16696629999301732	0.30811137082778084	0.18073878918211778	0.3441835399970839
90000	-7027.400858862238	-6724.838962826505	-302.56189603573335	-6724.838962826505	14.023413823405578	6.467776024053591	0.006291255979519965	3.5301193652900795	1.0	3.6895139225467264	6.0103222949330695	-283.99450657376724	0.16603833011069744	0.30903934071010075	0.18073878918211778	0.3441835399970839
91000	-7031.109558125134	-6726.342450401994	-304.7671077231401	-6726.342450401994	13.339850158974288	7.698365920091755	0.006524333553074316	2.798385713342318	1.0	3.6895139225467264	6.30558188020156	-284.98185723017815	0.16603833011069744	0.30903934071010075	0.18073878918211778	0.3441835399970839
92000	-7009.99909459007	-6707.241548106267	-302.7575464838031	-6707.241548106267	13.339850158974288	7.896803885525741	0.00690502265839528	2.798385713342318	1.0	3.6895139225467264	6.334205231590636	-282.6896165183092	0.15001760970764338	0.30903934071010075	0.18073878918211778	0.360204260400138
93000	-6977.536688115798	-6672.939133580893	-304.59755453490476	-6672.939133580893	13.61944885445364	7.711962898587613	0.006125873060874962	2.798385713342318	1.0	3.916119678203411	7.062244331701886	-284.52028637079195	0.15001760970764338	0.30903934071010075	0.1663600450566136	0.37458300452564214
94000	-6962.240564055277	-6661.902203666667	-300.33836038860943	-6661.902203666667	12.629341623088441	7.915757178114316	0.0066939923796422735	2.798385713342318	1.0	3.916119678203411	5.69305949975377	-280.1605248422368	0.1399446193175694	0.30903934071010075	0.1663600450566136	0.3846559949157161
95000	-6956.227734826516	-6657.581438547395	-298.64629627912075	-6657.581438547395	13.126111845907262	7.579838227128346	0.0070217610100197884	2.798385713342318	1.0	4.877107223639545	5.929137824271683	-277.7938959458955	0.1399446193175694	0.30903934071010075	0.1663600450566136	0.3846559949157161
96000	-6955.148694828745	-6654.613893868389	-300.5348009603555	-6654.613893868389	12.205715526657304	8.102633256283912	0.007164070292176224	2.798385713342318	1.0	4.910530883967819	6.308529786512532	-278.9840243341752	0.13193841396025166	0.30903934071010075	0.1663600450566136	0.39266220027303383
97000	-6935.503604078944	-6632.020632287653	-303.4829717912909	-6632.020632287653	12.390141327739757	9.465143161102773	0.007154061655278311	2.798385713342318	1.0	4.910530883967819	6.114145096208506	-280.4624998858179	0.13193841396025166	0.30903934071010075	0.15792685825384	0.40109538707580744
98000	-6948.772527184104	-6644.04836933308	-304.7241578510239	-6644.04836933308	12.319341861017138	8.998968142983543	0.007258770267401917	2.798385713342318	1.0	4.910530883967819	6.243420238506092	-282.17983093367974	0.13193841396025166	0.30903934071010075	0.15792685825384	0.40109538707580744
99000	-6947.294017540399	-6646.10739302459	-301.18662451580906	-6646.10739302459	12.319341861017138	6.748014520930204	0.007316495920029319	2.889678727400872	1.0	4.910530883967819	6.800441550886247	-281.0258989667066	0.13193841396025166	0.29786302437860096	0.15792685825384	0.41227170340730723
100000	-6931.230044079006	-6630.9737789049395	-300.2562651740664	-6630.9737789049395	12.87004602488851	7.225674975430143	0.007959311530110029	2.889678727400872	1.0	4.910530883967819	6.01021534723171	-279.59542028168784	0.13193841396025166	0.29786302437860096	0.15792685825384	0.41227170340730723
