#
#model:
#
#<?xml version="1.0" encoding="UTF-8" standalone="no"?><input id="posterior" spec="beast.core.util.CompoundDistribution">
#    <distribution id="prior" spec="beast.core.util.CompoundDistribution">
#        <distribution id="CoalescentConstant.t:1" spec="beast.evolution.tree.coalescent.Coalescent">
#            <populationModel id="ConstantPopulation.t:1" spec="beast.evolution.tree.coalescent.ConstantPopulation">
#                <parameter id="popSize.t:1" name="popSize" spec="beast.core.parameter.RealParameter">0.3</parameter>
#            </populationModel>
#            <treeIntervals id="TreeIntervals.t:1" spec="beast.evolution.tree.coalescent.TreeIntervals">
#                <tree id="Tree.t:1" spec="beast.evolution.tree.Tree">
#                    <trait id="dateTrait.t:1" spec="beast.evolution.tree.TraitSet" traitname="date" value="2_2000.1=2000.1,17_2001.6=2001.6,18_2001.7=2001.7,21_2002=2002,24_2002.3=2002.3,26_2002.5=2002.5,5_2000.4=2000.4,7_2000.6=2000.6,4_2000.3=2000.3,13_2001.2=2001.2,15_2001.4=2001.4,16_2001.5=2001.5,1_2000=2000,8_2000.7=2000.7,3_2000.2=2000.2,12_2001.1=2001.1,22_2002.1=2002.1,32_2003.1=2003.1,28_2002.7=2002.7,43_2004.2=2004.2,46_2004.5=2004.5,55_2005.4=2005.4,63_2006.2=2006.2,65_2006.4=2006.4,66_2006.5=2006.5,67_2006.6=2006.6,23_2002.2=2002.2,10_2000.9=2000.9,14_2001.3=2001.3,33_2003.2=2003.2,39_2003.8=2003.8,34_2003.3=2003.3,44_2004.3=2004.3,48_2004.7=2004.7,53_2005.2=2005.2,52_2005.1=2005.1,58_2005.7=2005.7,9_2000.8=2000.8,6_2000.5=2000.5,11_2001=2001,25_2002.4=2002.4,20_2001.9=2001.9,47_2004.6=2004.6,36_2003.5=2003.5,45_2004.4=2004.4,50_2004.9=2004.9,42_2004.1=2004.1,51_2005=2005,35_2003.4=2003.4,37_2003.6=2003.6,57_2005.6=2005.6,59_2005.8=2005.8,61_2006=2006,62_2006.1=2006.1,41_2004=2004,40_2003.9=2003.9,49_2004.8=2004.8,74_2007.3=2007.3,77_2007.6=2007.6,68_2006.7=2006.7,70_2006.9=2006.9,81_2008=2008,19_2001.8=2001.8,27_2002.6=2002.6,29_2002.8=2002.8,30_2002.9=2002.9,31_2003=2003,38_2003.7=2003.7,56_2005.5=2005.5,69_2006.8=2006.8,82_2008.1=2008.1,80_2007.9=2007.9,83_2008.2=2008.2,87_2008.6=2008.6,71_2007=2007,75_2007.4=2007.4,72_2007.1=2007.1,91_2009=2009,88_2008.7=2008.7,94_2009.3=2009.3,98_2009.7=2009.7,79_2007.8=2007.8,84_2008.3=2008.3,78_2007.7=2007.7,76_2007.5=2007.5,89_2008.8=2008.8,93_2009.2=2009.2,96_2009.5=2009.5,97_2009.6=2009.6,95_2009.4=2009.4,100_2009.9=2009.9,54_2005.3=2005.3,60_2005.9=2005.9,64_2006.3=2006.3,73_2007.2=2007.2,86_2008.5=2008.5,85_2008.4=2008.4,90_2008.9=2008.9,99_2009.8=2009.8,92_2009.1=2009.1,101_2010=2010">
#                        <taxa id="TaxonSet.1" spec="beast.evolution.alignment.TaxonSet">
#                        </taxa>
#                    </trait>
#                    <taxonset idref="TaxonSet.1"/>
#                </tree>
#            </treeIntervals>
#        </distribution>
#        <prior id="rateOmega.prior" name="distribution">
#            <parameter id="rateOmega" lower="0.1" name="x" spec="beast.core.parameter.RealParameter" upper="10.0">0.5</parameter>
#            <Gamma id="Gamma.0" name="distr">
#                <parameter estimate="false" id="rateOmega.alpha" name="alpha" spec="beast.core.parameter.RealParameter">0.1</parameter>
#                <parameter estimate="false" id="rateOmega.beta" name="beta" spec="beast.core.parameter.RealParameter">1.0</parameter>
#            </Gamma>
#        </prior>
#        <prior id="rateMean.prior" name="distribution">
#            <parameter id="rateMean" lower="1.0E-4" name="x" spec="beast.core.parameter.RealParameter" upper="10.0">0.005</parameter>
#            <Gamma id="Gamma.1" name="distr">
#                <parameter estimate="false" id="rateMean.alpha" name="alpha" spec="beast.core.parameter.RealParameter">0.005</parameter>
#                <parameter estimate="false" id="rateMean.beta" name="beta" spec="beast.core.parameter.RealParameter">1.0</parameter>
#            </Gamma>
#        </prior>
#        <prior id="FrequenciesPrior.s:1" name="distribution">
#            <parameter dimension="4" id="freqParameter.s:1" lower="0.0" name="x" spec="beast.core.parameter.RealParameter" upper="1.0">0.25</parameter>
#            <Uniform id="Uniform.3" name="distr"/>
#        </prior>
#        <prior id="GammaShapePrior.s:1" name="distribution">
#            <parameter id="gammaShape.s:1" name="x" spec="beast.core.parameter.RealParameter">1.0</parameter>
#            <Exponential id="Exponential.0" name="distr">
#                <parameter estimate="false" id="RealParameter.0" name="mean" spec="beast.core.parameter.RealParameter">1.0</parameter>
#            </Exponential>
#        </prior>
#        <prior id="KappaPrior.s:1" name="distribution">
#            <parameter id="kappa.s:1" lower="0.0" name="x" spec="beast.core.parameter.RealParameter">2.0</parameter>
#            <LogNormal id="LogNormalDistributionModel.0" name="distr">
#                <parameter estimate="false" id="RealParameter.1" name="M" spec="beast.core.parameter.RealParameter">1.0</parameter>
#                <parameter estimate="false" id="RealParameter.2" name="S" spec="beast.core.parameter.RealParameter">1.25</parameter>
#            </LogNormal>
#        </prior>
#        <prior id="PopSizePrior.t:1" name="distribution" x="@popSize.t:1">
#            <OneOnX id="OneOnX.1" name="distr"/>
#        </prior>
#    </distribution>
#    <distribution id="likelihood" spec="beast.core.util.CompoundDistribution" useThreads="true">
#        <distribution data="@1" id="treeLikelihood.1" spec="beast.evolution.likelihood.ThreadedTreeLikelihood" tree="@Tree.t:1">
#            <siteModel gammaCategoryCount="4" id="SiteModel.s:1" shape="@gammaShape.s:1" spec="beast.evolution.sitemodel.SiteModel">
#                <parameter id="mutationRate.s:1" name="mutationRate" spec="beast.core.parameter.RealParameter">1.0</parameter>
#                <parameter estimate="false" id="proportionInvariant.s:1" lower="0.0" name="proportionInvariant" spec="beast.core.parameter.RealParameter" upper="1.0">0.0</parameter>
#                <substModel id="hky.s:1" kappa="@kappa.s:1" spec="beast.evolution.substitutionmodel.HKY">
#                    <frequencies frequencies="@freqParameter.s:1" id="estimatedFreqs.s:1" spec="beast.evolution.substitutionmodel.Frequencies"/>
#                </substModel>
#            </siteModel>
#            <branchRateModel id="branchRates" numSites="1000" numberOfDiscreteRates="12" rateMean="@rateMean" rateOmega="@rateOmega" spec="beast.evolution.branchratemodel.ARClockModel" tree="@Tree.t:1">
#                <rateCategories dimension="200" id="rateCategories" spec="beast.core.parameter.IntegerParameter">1</rateCategories>
#            </branchRateModel>
#        </distribution>
#    </distribution>
#</input>
#
Sample	posterior	likelihood	prior	treeLikelihood	TreeHeight	rateOmega	rateMean	kappa	mutationRate	gammaShape	popSize	CoalescentConstant	freqParameter.1	freqParameter.2	freqParameter.3	freqParameter.4
0	-24529.977765633164	-24295.944559462805	-234.03320617036022	-24295.944559462805	10.751582664363609	0.5	0.005	2.0	1.0	1.0	0.3	-230.21431273121476	0.25	0.25	0.25	0.25
1000	-15642.947746072849	-15286.600282084437	-356.347463988412	-15286.600282084437	13.592977002863181	1.158398031142244	0.028304569508519378	2.0	1.0	1.0	2.7441961570307902	-347.15232283078444	0.25	0.25	0.25	0.25
2000	-14199.711915559143	-13871.499644549474	-328.21227100966917	-13871.499644549474	13.072823922987595	4.44164639364141	0.020796656040517978	2.0	1.0	1.0	9.063179491164792	-313.6437591303298	0.25	0.25	0.25	0.25
3000	-13063.65199315826	-12719.036928152384	-344.61506500587797	-12719.036928152384	15.52222144519855	3.6352475840576157	0.017767644338986106	2.313969396828948	1.0	1.0	9.463306985856443	-331.0257333825087	0.25	0.24546909756004567	0.25	0.2545309024399543
4000	-12137.759240659096	-11801.756051233631	-336.00318942546494	-11801.756051233631	15.571161053266302	3.9482878364192375	0.01594318599917473	4.588076049489391	1.0	1.0	9.392327670689944	-321.37975067181696	0.25	0.24546909756004567	0.24745607383798335	0.25707482860197095
5000	-11896.320934059415	-11548.927228242454	-347.3937058169604	-11548.927228242454	16.094920449476607	7.518631101589963	0.016268299914349662	4.588076049489391	1.0	1.0	11.082426064048686	-328.4343534023065	0.25	0.24546909756004567	0.24745607383798335	0.25707482860197095
6000	-11619.216499110798	-11274.117658924986	-345.0988401858127	-11274.117658924986	18.362754462766425	6.848686271942868	0.01521763965399512	4.588076049489391	1.0	1.0	9.169588548138277	-327.15037532513986	0.25	0.24546909756004567	0.24745607383798335	0.25707482860197095
7000	-11275.780449157304	-10928.483329088462	-347.2971200688423	-10928.483329088462	16.995766266320242	9.301033960316742	0.015125374210918774	4.588076049489391	1.0	1.0	10.15743494730294	-326.52467551147333	0.24924471771442136	0.2462243798456243	0.24745607383798335	0.25707482860197095
8000	-11028.168785641885	-10673.303146368573	-354.8656392733118	-10673.303146368573	17.118934680686827	9.01373960446686	0.013723979462216327	4.464723171493475	1.0	1.0	9.961638064192085	-334.5624820715698	0.24903346531090279	0.2462243798456243	0.23920842207555876	0.26553373276791414
9000	-10928.557651756468	-10578.83617216984	-349.72147958662754	-10578.83617216984	18.160526036536858	8.519515234335747	0.012214587297759524	4.464723171493475	1.0	1.0	12.189857397801143	-329.87887610142286	0.24903346531090279	0.2462243798456243	0.23448593093658512	0.27025622390688775
10000	-10860.496123153649	-10504.683742856923	-355.8123802967261	-10504.683742856923	17.237986029151383	9.216260682084705	0.01263432748383671	4.464723171493475	1.0	1.0	12.944689470876074	-335.10816362900107	0.2498868813909586	0.2462243798456243	0.2336325148565293	0.27025622390688775
11000	-10765.969020423052	-10414.69856265589	-351.27045776716153	-10414.69856265589	17.5988890212397	9.624338772458902	0.011993649107544774	4.464723171493475	1.0	1.0	9.722538726362679	-330.45782937437167	0.2498868813909586	0.2462243798456243	0.2336325148565293	0.27025622390688775
12000	-10576.328322767022	-10224.164047216482	-352.1642755505403	-10224.164047216482	17.5988890212397	9.080609151763582	0.011490372422534274	4.464723171493475	1.0	0.6592604385633152	10.019812662570327	-332.30149392454445	0.2498868813909586	0.2462243798456243	0.22546193834124612	0.27842680042217094
13000	-10244.993387499178	-9885.05393679275	-359.93945070642746	-9885.05393679275	19.69290351475927	7.018622586842967	0.009057259357792877	4.464723171493475	1.0	1.1635043330232706	11.639213965972084	-341.9555994283819	0.2498868813909586	0.2462243798456243	0.22546193834124612	0.27842680042217094
14000	-10219.489579370413	-9850.555621305542	-368.9339580648701	-9850.555621305542	19.946886424146886	8.051203952850182	0.009516775540567506	4.464723171493475	1.0	1.1635043330232706	11.603330857825748	-349.7473823629873	0.24880623851113456	0.2462243798456243	0.22654258122107016	0.27842680042217094
15000	-10149.212946057152	-9780.727663221809	-368.48528283534404	-9780.727663221809	17.968132265921817	9.864508745249006	0.009758688710048985	4.464723171493475	1.0	1.1635043330232706	9.46287681334534	-347.4812902167244	0.2389173311344331	0.2462243798456243	0.22203693325300994	0.2928213557669327
16000	-10111.549945609866	-9745.391541500961	-366.1584041089037	-9745.391541500961	18.99012905120431	8.677230551101522	0.009562835247154717	4.464723171493475	1.0	1.1635043330232706	11.632078002880313	-346.27108459421015	0.2291850200515297	0.2559566909285277	0.22203693325300994	0.2928213557669327
17000	-9869.021143045986	-9494.387665149367	-374.6334778966186	-9494.387665149367	18.59564324601114	6.922917062728501	0.00845930699994339	4.464723171493475	1.0	1.1635043330232706	11.537380174813151	-356.83503240348324	0.2291850200515297	0.2559566909285277	0.22203693325300994	0.2928213557669327
18000	-9711.252905922374	-9337.002799439846	-374.25010648252777	-9337.002799439846	19.16379571768928	7.14655855104077	0.008270808155121831	3.4014143918014623	1.0	1.1635043330232706	12.16071987963141	-356.5041201841325	0.2291850200515297	0.2559566909285277	0.22203693325300994	0.2928213557669327
19000	-9687.829176571915	-9310.607080401564	-377.2220961703514	-9310.607080401564	18.628197325709117	7.9246618985360575	0.009177288513341653	3.4014143918014623	1.0	1.1635043330232706	14.212801107127959	-358.3446746426746	0.2291850200515297	0.2559566909285277	0.22203693325300994	0.2928213557669327
20000	-9513.732562345738	-9136.096264460964	-377.6362978847731	-9136.096264460964	18.924139970554418	8.16783216489318	0.008177093414338577	3.4014143918014623	1.0	1.1635043330232706	13.017931368586284	-358.6921381565376	0.23046563772162681	0.2559566909285277	0.2207563155829128	0.2928213557669327
21000	-9441.79171185361	-9058.86100193469	-382.9307099189197	-9058.86100193469	18.443385471566835	8.104563670473015	0.00821540890830862	3.4014143918014623	1.0	1.1635043330232706	13.521806281216758	-364.01415164953227	0.23046563772162681	0.2559566909285277	0.2207563155829128	0.2928213557669327
22000	-9440.884335963136	-9057.430006778322	-383.45432918481316	-9057.430006778322	17.25739952281415	9.801976981716862	0.008125924485347335	3.4014143918014623	1.0	1.1635043330232706	12.9857641167158	-362.7206532217581	0.22881857696285038	0.2559566909285277	0.22240337634168925	0.2928213557669327
23000	-9363.303359102061	-8990.397090364462	-372.90626873759874	-8990.397090364462	17.874582295436483	8.38171456058312	0.00833552568867681	3.4014143918014623	1.0	1.1635043330232706	13.391990250869199	-353.6773811966956	0.22881857696285038	0.2559566909285277	0.22240337634168925	0.2928213557669327
24000	-9329.119372511019	-8954.475315955428	-374.64405655559216	-8954.475315955428	17.24691514534099	8.05349429677546	0.008740046298311543	3.4014143918014623	1.0	1.1635043330232706	14.215668712574763	-355.67209658004316	0.22881857696285038	0.2505529235653178	0.22240337634168925	0.2982251231301426
25000	-9324.55959003756	-8945.130692450455	-379.4288975871044	-8945.130692450455	17.49531353775001	9.699012292206282	0.008422960354277658	3.4014143918014623	1.0	1.3081814802702574	15.02974065467173	-358.4808165718538	0.22881857696285038	0.2505529235653178	0.22240337634168925	0.2982251231301426
26000	-9292.452212113	-8917.937739974226	-374.51447213877304	-8917.937739974226	16.515249169016396	9.265458681277511	0.008601058592179153	3.4014143918014623	1.0	1.3081814802702574	13.70287664868771	-354.1125301043064	0.22881857696285038	0.2505529235653178	0.22240337634168925	0.2982251231301426
27000	-9182.165804766257	-8815.092694951747	-367.07310981450905	-8815.092694951747	16.515249169016396	8.414130666966479	0.008612897885304473	3.4014143918014623	1.0	1.3081814802702574	11.566773736696165	-347.77732718244016	0.22881857696285038	0.2505529235653178	0.22240337634168925	0.2982251231301426
28000	-9181.431976843407	-8809.537415566081	-371.8945612773267	-8809.537415566081	16.70343107970596	8.200779872959773	0.00853893472473388	3.4014143918014623	1.0	1.3081814802702574	11.116364395160584	-352.88361814811554	0.22881857696285038	0.2505529235653178	0.22240337634168925	0.2982251231301426
29000	-9188.119763658859	-8814.81389852907	-373.3058651297893	-8814.81389852907	16.067522436619207	9.624150721348979	0.008634437710195002	3.4014143918014623	1.0	1.3081814802702574	13.439170765404867	-352.52659184272835	0.22881857696285038	0.2505529235653178	0.22240337634168925	0.2982251231301426
30000	-9134.159493111516	-8763.16018505536	-370.9993080561567	-8763.16018505536	15.156068740365633	8.125769552484646	0.008582122823280868	3.4014143918014623	1.0	1.3627808419326923	11.558655182428947	-351.97296659137487	0.22881857696285038	0.2505529235653178	0.22240337634168925	0.2982251231301426
31000	-8936.983082387032	-8560.148251345787	-376.8348310412453	-8560.148251345787	15.71292599461496	7.927190417567893	0.007499053280692126	3.4014143918014623	1.0	1.3627808419326923	11.760726350785793	-358.1473181775372	0.22881857696285038	0.2505529235653178	0.22240337634168925	0.2982251231301426
32000	-8726.486628323779	-8346.44795743639	-380.0386708873881	-8346.44795743639	14.901935734834705	9.82270114782495	0.008429674986255072	3.4014143918014623	1.0	2.332764761019669	14.826614008560462	-357.9437203936785	0.22881857696285038	0.2505529235653178	0.22240337634168925	0.2982251231301426
33000	-8640.227300158926	-8264.08562942487	-376.14167073405525	-8264.08562942487	16.548307699179336	7.100137470584196	0.006662726136569306	3.4014143918014623	1.0	1.734389503786035	13.679967813860197	-357.97609451689823	0.22881857696285038	0.2505529235653178	0.22240337634168925	0.2982251231301426
34000	-8601.257923717114	-8227.482584779267	-373.7753389378463	-8227.482584779267	18.775900043434948	7.0875478953731745	0.006945268963387348	3.4014143918014623	1.0	2.1523900046959867	10.952909959401932	-355.3866695755265	0.22881857696285038	0.2505529235653178	0.22240337634168925	0.2982251231301426
35000	-8563.745288344775	-8190.404782978613	-373.34050536616206	-8190.404782978613	19.50833734357194	6.685382493503623	0.0070342876459264314	4.326848183402843	1.0	2.1523900046959867	13.68726320674562	-354.87724573050804	0.22881857696285038	0.2505529235653178	0.21805172896187158	0.3025767705099603
36000	-8500.901052658935	-8126.749512157196	-374.15154050174027	-8126.749512157196	20.30242479861547	8.675276452255462	0.007166226179082412	4.326848183402843	1.0	2.1523900046959867	13.107235472917376	-353.48856804111887	0.22881857696285038	0.2505529235653178	0.21805172896187158	0.3025767705099603
37000	-8452.286112854254	-8075.511598084036	-376.77451477021805	-8075.511598084036	18.196379692593734	9.994838693153667	0.007041472339459694	4.326848183402843	1.0	2.1523900046959867	13.715376375650825	-354.6367932716542	0.22881857696285038	0.2505529235653178	0.21805172896187158	0.3025767705099603
38000	-8445.981486790652	-8070.362013665808	-375.61947312484295	-8070.362013665808	19.370132043289598	8.49327122698901	0.006577853706882981	4.326848183402843	1.0	2.1523900046959867	11.71919182968689	-355.35535582770825	0.22881857696285038	0.2505529235653178	0.21805172896187158	0.3025767705099603
39000	-8396.981151100324	-8019.643794489555	-377.33735661077	-8019.643794489555	20.023400852113866	8.386622232984505	0.0068790121314254386	4.02123531081886	1.0	2.1523900046959867	12.045089532249495	-357.2123129109938	0.22881857696285038	0.24191057877431488	0.21805172896187158	0.3112191153009632
40000	-8347.45623885383	-7974.537082379019	-372.9191564748123	-7974.537082379019	20.793431649371524	6.519532454297782	0.006717931951250623	4.02123531081886	1.0	2.511288817038861	12.086886933121866	-354.54922863412764	0.22881857696285038	0.24191057877431488	0.21805172896187158	0.3112191153009632
41000	-8315.832195381226	-7942.91514179069	-372.91705359053725	-7942.91514179069	21.642643453288883	7.775994671241368	0.007055737172133906	4.02123531081886	1.0	2.511288817038861	10.431671411007235	-353.2301701116122	0.22881857696285038	0.24191057877431488	0.2064175878665005	0.3228532563963343
42000	-8310.949378863781	-7937.370837488578	-373.5785413752034	-7937.370837488578	21.4276429346793	8.75602292695523	0.007081164674129678	3.928829700747046	1.0	2.511288817038861	10.150820343600216	-352.85738732079903	0.22881857696285038	0.24191057877431488	0.2064175878665005	0.3228532563963343
43000	-8179.438152479781	-7817.79980590471	-361.6383465750702	-7817.79980590471	19.788994281683685	8.098655312006594	0.00733125375525648	3.928829700747046	1.0	2.511288817038861	12.057424980117078	-341.43788869590776	0.22881857696285038	0.24191057877431488	0.2064175878665005	0.3228532563963343
44000	-8174.7135245520185	-7816.80266647728	-357.91085807473917	-7816.80266647728	19.475346245998086	7.785568899542743	0.006937445833944332	3.928829700747046	1.0	1.892997578930021	10.200569254899463	-338.8998291293258	0.2262683977674499	0.2501809208737397	0.20069742496247617	0.3228532563963343
45000	-8159.053347923955	-7797.2713651520835	-361.7819827718712	-7797.2713651520835	26.48971180576646	8.117533075940495	0.007282702982110619	3.928829700747046	1.0	1.892997578930021	12.8455726834934	-342.12218415996864	0.2262683977674499	0.2501809208737397	0.20069742496247617	0.3228532563963343
46000	-8137.543804022799	-7777.845993586126	-359.6978104366737	-7777.845993586126	21.942264153354063	8.014838855382234	0.007270358542149613	3.3398222961469837	1.0	3.102119662140404	11.586933499050517	-339.2401354339833	0.2262683977674499	0.2501809208737397	0.20069742496247617	0.3228532563963343
47000	-8142.300791514336	-7778.702870076824	-363.5979214375121	-7778.702870076824	22.99480864997285	7.801674519495551	0.00764463300297083	3.3398222961469837	1.0	2.730746158476416	10.849165034127472	-343.7645133441561	0.210734335202753	0.2501809208737397	0.21623148752717306	0.3228532563963343
48000	-8120.611483739619	-7753.976278857681	-366.63520488193785	-7753.976278857681	22.435572348274	8.961419056498222	0.00723999617930501	3.3398222961469837	1.0	2.730746158476416	12.764414490153172	-345.4092638889373	0.210734335202753	0.2501809208737397	0.20975178542953113	0.3293329584939762
49000	-8111.5565088049125	-7750.605621870844	-360.950886934069	-7750.605621870844	22.813491230472327	7.674606021285547	0.006959898476941533	4.385328412099808	1.0	2.730746158476416	11.035118858451915	-341.00441234382635	0.210734335202753	0.2501809208737397	0.20975178542953113	0.3293329584939762
50000	-8107.370885906599	-7747.402397864778	-359.9684880418206	-7747.402397864778	22.662376512002453	8.020421405947497	0.0073197268953197215	4.385328412099808	1.0	2.730746158476416	10.038278323338284	-339.68069273681067	0.210734335202753	0.2501809208737397	0.20254648658325172	0.3365382573402556
51000	-8097.381066211941	-7738.819664780003	-358.5614014319384	-7738.819664780003	23.643371132563182	7.091565916854602	0.006711280560038056	4.385328412099808	1.0	2.730746158476416	11.364367076510252	-339.2761185477766	0.210734335202753	0.2501809208737397	0.20254648658325172	0.3365382573402556
52000	-8006.189578643683	-7637.273946259874	-368.9156323838091	-7637.273946259874	24.407872859454642	5.997531305607177	0.006002313351689444	4.385328412099808	1.0	2.730746158476416	13.025581865856852	-350.850549601345	0.210734335202753	0.2501809208737397	0.20254648658325172	0.3365382573402556
53000	-7998.751901241274	-7629.091484358734	-369.66041688253955	-7629.091484358734	23.48758701111976	7.315666070636767	0.006412201848337045	4.385328412099808	1.0	2.730746158476416	12.886350347925994	-350.0430054606359	0.210734335202753	0.2501809208737397	0.20254648658325172	0.3365382573402556
54000	-7979.707477631434	-7608.48325324954	-371.22422438189363	-7608.48325324954	20.430683002586516	8.04654932576925	0.006477989790037209	4.385328412099808	1.0	2.730746158476416	10.786838110295603	-350.9578466324168	0.210734335202753	0.2501809208737397	0.20254648658325172	0.3365382573402556
55000	-7959.177496827124	-7588.855777016979	-370.32171981014466	-7588.855777016979	19.59920023846201	6.896913059395349	0.006419906350499624	4.385328412099808	1.0	2.730746158476416	11.730564189488916	-351.2688795030298	0.210734335202753	0.25208263492089134	0.20064477253610014	0.3365382573402556
56000	-7947.771543586178	-7581.310067383507	-366.4614762026711	-7581.310067383507	18.872734603301904	8.153971951979186	0.006474401381164749	4.385328412099808	1.0	2.730746158476416	12.035726029056052	-345.9667424003687	0.19030184554290017	0.2725151245807442	0.20064477253610014	0.3365382573402556
57000	-7935.498548196016	-7565.901135687762	-369.5974125082539	-7565.901135687762	20.010105869175444	8.430804259317338	0.006855154200771753	4.385328412099808	1.0	2.730746158476416	12.33773429353223	-348.7137754085823	0.19030184554290017	0.2725151245807442	0.20064477253610014	0.3365382573402556
58000	-7934.428338241924	-7571.422065635011	-363.0062726069134	-7571.422065635011	19.49261334426839	7.833131661323126	0.006916330387804608	4.385328412099808	1.0	2.730746158476416	10.867886727920633	-342.90443375346126	0.19030184554290017	0.2725151245807442	0.20064477253610014	0.3365382573402556
59000	-7920.72467968644	-7562.8787732713345	-357.8459064151061	-7562.8787732713345	20.116532279152327	8.276487621197615	0.0074879332863209015	4.385328412099808	1.0	2.730746158476416	10.334405278864791	-337.2219125045424	0.19030184554290017	0.2725151245807442	0.199047676147835	0.33813535372852077
60000	-7927.841695126195	-7567.7183087140465	-360.1233864121483	-7567.7183087140465	19.615071175494265	6.161437087331418	0.006740314935034517	4.385328412099808	1.0	2.902644832505013	12.86716940356147	-341.5943495866389	0.19030184554290017	0.2725151245807442	0.199047676147835	0.33813535372852077
61000	-7928.622275647374	-7568.714165325648	-359.9081103217263	-7568.714165325648	20.323378672063885	6.532783485647316	0.006632180571460285	4.385328412099808	1.0	4.287995956598591	9.632569448268464	-339.8754345381174	0.17761860554938635	0.285198364574258	0.199047676147835	0.33813535372852077
62000	-7914.530741977239	-7555.849068570391	-358.6816734068483	-7555.849068570391	21.817126255639888	8.072569836625375	0.006983089229800803	4.385328412099808	1.0	4.287995956598591	10.656146593709938	-336.7660986468701	0.17761860554938635	0.285198364574258	0.199047676147835	0.33813535372852077
63000	-7897.792235692087	-7541.690028312884	-356.10220737920247	-7541.690028312884	20.851876745375243	7.7154857578937	0.007019387451852583	4.385328412099808	1.0	4.287995956598591	9.281534138847118	-334.7173499739305	0.17761860554938635	0.285198364574258	0.19033295210905646	0.3468500777672993
64000	-7892.710750949293	-7540.539188023201	-352.1715629260915	-7540.539188023201	19.833847337514477	7.036240162890076	0.006644146899741385	4.385328412099808	1.0	4.287995956598591	12.384437290731277	-331.3155174739673	0.17761860554938635	0.285198364574258	0.19033295210905646	0.3468500777672993
65000	-7907.775162332237	-7555.968899330481	-351.80626300175646	-7555.968899330481	23.622058342549032	7.919526970171371	0.0062465019347378945	4.385328412099808	1.0	4.429999902285448	11.381323889451295	-329.9647656572232	0.17761860554938635	0.285198364574258	0.19033295210905646	0.3468500777672993
66000	-7894.023093109296	-7538.724667373515	-355.29842573578065	-7538.724667373515	24.335256199763126	7.482152767680306	0.0059376020289534015	4.385328412099808	1.0	4.429999902285448	11.111393965652141	-334.02020669923405	0.17761860554938635	0.285198364574258	0.19033295210905646	0.3468500777672993
67000	-7886.539298550156	-7529.4696145633025	-357.0696839868532	-7529.4696145633025	24.77483323062036	9.121683171911078	0.006761462905190174	4.385328412099808	1.0	4.429999902285448	11.009690984332325	-333.8527012043407	0.17761860554938635	0.285198364574258	0.19033295210905646	0.3468500777672993
68000	-7892.938684757151	-7534.650763519547	-358.2879212376051	-7534.650763519547	24.28060567313478	8.237219714957885	0.007016086206350935	4.385328412099808	1.0	4.429999902285448	10.34397021199333	-336.072530296986	0.17761860554938635	0.285198364574258	0.19033295210905646	0.3468500777672993
69000	-7850.135546501768	-7494.594433683289	-355.54111281847895	-7494.594433683289	28.052586379393958	8.651367762442842	0.007008063166110753	4.385328412099808	1.0	4.429999902285448	11.396690638675759	-332.77165194917757	0.17939118171755794	0.30856996277027476	0.16518877774486812	0.3468500777672993
70000	-7847.830661000433	-7493.918673662102	-353.9119873383307	-7493.918673662102	25.835980853425493	8.289465186407785	0.007228603244268385	4.385328412099808	1.0	4.429999902285448	9.925345264049605	-331.6500691504052	0.17939118171755794	0.31483511542321774	0.15892362509192515	0.3468500777672993
71000	-7823.940506683801	-7467.937477669731	-356.0030290140693	-7467.937477669731	26.902012543040296	8.843024695724885	0.007193028030563588	3.40501136100812	1.0	4.429999902285448	8.63505554457668	-333.5835544155453	0.17939118171755794	0.31483511542321774	0.15892362509192515	0.3468500777672993
72000	-7735.912593186291	-7379.318378940492	-356.59421424579926	-7379.318378940492	23.273614018149836	7.938491324326899	0.0073662040974102104	2.850210814532279	1.0	4.429999902285448	9.21358776470619	-335.28106680882024	0.1628913078524302	0.31483511542321774	0.1754234989570529	0.3468500777672993
73000	-7741.128969198518	-7390.609212204797	-350.5197569937213	-7390.609212204797	24.320256861462852	7.102601867262593	0.006756482915067385	2.850210814532279	1.0	4.429999902285448	10.871459169370302	-330.0637510431868	0.1628913078524302	0.31483511542321774	0.1754234989570529	0.3468500777672993
74000	-7679.7667765343085	-7329.892376632375	-349.8743999019332	-7329.892376632375	24.735256155820625	6.171294310309906	0.0064450114563058426	2.850210814532279	1.0	4.429999902285448	9.180890179029529	-330.6924871501702	0.1628913078524302	0.31483511542321774	0.1754234989570529	0.3468500777672993
75000	-7667.014723225183	-7323.225667052392	-343.7890561727906	-7323.225667052392	25.253136813705854	6.112238836351373	0.006368794914872954	2.850210814532279	1.0	4.429999902285448	9.9796622002353	-324.60334061830565	0.1628913078524302	0.31483511542321774	0.1754234989570529	0.3468500777672993
76000	-7526.209399373672	-7180.144113358047	-346.065286015624	-7180.144113358047	25.19735394950613	7.561537855326405	0.006654647311046274	2.850210814532279	1.0	5.893546010712088	10.182515298580666	-323.71112768674095	0.1628913078524302	0.31483511542321774	0.1754234989570529	0.3468500777672993
77000	-7512.584925775734	-7169.1980108702155	-343.3869149055179	-7169.1980108702155	19.574051869608798	6.413611201126092	0.006546170022726917	2.850210814532279	1.0	5.893546010712088	9.931254438480085	-322.37031699801776	0.1628913078524302	0.31483511542321774	0.1754234989570529	0.3468500777672993
78000	-7517.5171099389645	-7169.189615737187	-348.32749420177765	-7169.189615737187	18.20668846544374	8.628607517276574	0.007054726531360377	2.850210814532279	1.0	5.893546010712088	10.675884582683114	-324.6816526242218	0.15881155214373233	0.3189148711319156	0.1754234989570529	0.3468500777672993
79000	-7496.2605519536655	-7150.981733278859	-345.2788186748069	-7150.981733278859	19.16154444292087	8.135831560429809	0.007084129502401772	2.850210814532279	1.0	8.645912079210753	7.413172561399702	-319.7868727914403	0.15170926633044468	0.3189148711319156	0.1754234989570529	0.35395236358058696
80000	-7505.917720539872	-7159.132709889684	-346.78501065018867	-7159.132709889684	19.691592785569732	7.169870799452722	0.006954195312985243	2.850210814532279	1.0	9.587434671383779	9.822658307438026	-321.1683701846209	0.15772240421504777	0.3189148711319156	0.1694103610724498	0.35395236358058696
81000	-7490.818280242152	-7153.003057161452	-337.81522308070015	-7153.003057161452	19.806866231282733	7.480191789117096	0.0070054131720235415	2.850210814532279	1.0	5.939204629815021	8.509177622987096	-315.63455186891105	0.15772240421504777	0.3189148711319156	0.1694103610724498	0.35395236358058696
82000	-7495.876716579591	-7160.592266209625	-335.2844503699657	-7160.592266209625	20.93305168486998	7.708121193608006	0.007342539693808726	2.850210814532279	1.0	5.939204629815021	8.75289264038842	-312.7734926364063	0.15772240421504777	0.3189148711319156	0.1694103610724498	0.35395236358058696
83000	-7491.565668902763	-7157.857007729961	-333.7086611728017	-7157.857007729961	18.738676745412107	9.26762498260361	0.006912571640780546	2.850210814532279	1.0	5.939204629815021	9.012606564643326	-309.50360346725483	0.15772240421504777	0.3189148711319156	0.1694103610724498	0.35395236358058696
84000	-7489.989621073147	-7155.060366020198	-334.92925505294926	-7155.060366020198	21.130631829162137	9.973152558328326	0.007537998175766212	2.850210814532279	1.0	5.939204629815021	7.096056426993589	-310.104914990639	0.15772240421504777	0.3189148711319156	0.1694103610724498	0.35395236358058696
85000	-7474.643260450896	-7145.454186861874	-329.1890735890222	-7145.454186861874	21.09293668812907	8.540216149574203	0.00728233248162582	2.850210814532279	1.0	5.939204629815021	8.292844579613298	-305.81600405146133	0.15772240421504777	0.3189148711319156	0.14643668079489788	0.3769260438581389
86000	-7458.791444010785	-7136.636630127869	-322.1548138829168	-7136.636630127869	19.581884042607857	8.704524457702192	0.0075337072698968225	2.850210814532279	1.0	5.939204629815021	7.340406009942259	-298.68826622093934	0.15772240421504777	0.3189148711319156	0.14643668079489788	0.3769260438581389
87000	-7463.016333502327	-7139.409887443319	-323.60644605900814	-7139.409887443319	21.560557847671774	8.656929273854862	0.0075491672061825795	2.850210814532279	1.0	5.939204629815021	7.289602727693525	-300.19731806197564	0.15772240421504777	0.3189148711319156	0.14643668079489788	0.3769260438581389
88000	-7440.571677305951	-7115.649900872267	-324.9217764336841	-7115.649900872267	21.83958913050567	9.22090329369803	0.007683161697837406	2.850210814532279	1.0	5.939204629815021	8.087885287964973	-300.77031461530777	0.15772240421504777	0.3189148711319156	0.14643668079489788	0.3769260438581389
89000	-7440.472735927246	-7116.454976860285	-324.01775906696065	-7116.454976860285	22.958212667944803	7.502336775462927	0.007236860589873036	3.120036926382377	1.0	5.939204629815021	6.797512003531937	-301.90848424061596	0.15772240421504777	0.3189148711319156	0.14643668079489788	0.3769260438581389
90000	-7442.873649160913	-7122.282552926841	-320.5910962340726	-7122.282552926841	20.990242222791633	8.62570563051784	0.007223467506190567	3.120036926382377	1.0	3.3165359604292344	5.808903172581545	-300.01456363002103	0.15772240421504777	0.3189148711319156	0.14643668079489788	0.3769260438581389
91000	-7441.793774532524	-7121.788452592539	-320.0053219399848	-7121.788452592539	21.7854606232933	9.12253787610504	0.007471517993163874	3.120036926382377	1.0	3.3165359604292344	8.326244482391571	-298.4876928822697	0.15772240421504777	0.3189148711319156	0.14643668079489788	0.3769260438581389
92000	-7422.636221681992	-7105.383671339898	-317.252550342094	-7105.383671339898	24.414800896958884	8.907294010830595	0.00768865281399286	3.120036926382377	1.0	3.3165359604292344	6.475608019263358	-296.1943036606491	0.13114355153681617	0.3189148711319156	0.14643668079489788	0.4035048965363705
93000	-7433.976051060279	-7125.004669311043	-308.97138174923646	-7125.004669311043	24.494967363765102	6.45946359842038	0.007885490592276048	3.120036926382377	1.0	3.3165359604292344	7.663960141081627	-290.4563216386786	0.13114355153681617	0.3189148711319156	0.14643668079489788	0.4035048965363705
94000	-7422.765956789133	-7111.0237434686815	-311.74221332045175	-7111.0237434686815	24.494967363765102	8.234209806973759	0.008009787750880766	3.120036926382377	1.0	7.803686235211857	7.11998375650367	-286.8047181873584	0.13114355153681617	0.3189148711319156	0.14643668079489788	0.4035048965363705
95000	-7426.9645250234	-7119.711275689618	-307.2532493337818	-7119.711275689618	22.049270932288124	7.301134281381898	0.0078186234722787	3.120036926382377	1.0	7.803686235211857	6.45637014964091	-283.47913496036375	0.13114355153681617	0.3189148711319156	0.14643668079489788	0.4035048965363705
96000	-7402.569994420359	-7095.632556593907	-306.9374378264519	-7095.632556593907	22.437785506203195	8.762757879214783	0.008192803306202246	3.120036926382377	1.0	7.995544847821426	6.575366341596493	-281.2804572914191	0.11819869135200926	0.3189148711319156	0.14643668079489788	0.4164497567211774
97000	-7404.800981380768	-7092.136198514662	-312.66478286610527	-7092.136198514662	21.062866732864094	8.268252541641747	0.007888183199430807	3.120036926382377	1.0	7.995544847821426	6.3291107422926	-287.6307624155707	0.11819869135200926	0.3189148711319156	0.14643668079489788	0.4164497567211774
98000	-7401.143737336268	-7092.199299993655	-308.94443734261347	-7092.199299993655	19.87610454335341	7.850371426931822	0.007792571672040595	3.120036926382377	1.0	7.995544847821426	7.418534477967475	-284.22838187660653	0.14658020202729377	0.3189148711319156	0.11805517011961338	0.4164497567211774
99000	-7409.495495805486	-7099.805626691216	-309.6898691142699	-7099.805626691216	20.48911855748837	7.78191397464701	0.007922798480586773	3.120036926382377	1.0	7.995544847821426	6.413215122200439	-285.17915366193404	0.14658020202729377	0.3189148711319156	0.11805517011961338	0.4164497567211774
100000	-7415.1674681743525	-7102.40358495458	-312.7638832197724	-7102.40358495458	22.232854702137658	7.073840525528614	0.007922798480586773	3.120036926382377	1.0	7.995544847821426	7.548917785688392	-288.8840566235087	0.14658020202729377	0.3189148711319156	0.11805517011961338	0.4164497567211774
