#
#model:
#
#<?xml version="1.0" encoding="UTF-8" standalone="no"?><input id="posterior" spec="beast.core.util.CompoundDistribution">
#    <distribution id="prior" spec="beast.core.util.CompoundDistribution">
#        <distribution id="CoalescentConstant.t:1" spec="beast.evolution.tree.coalescent.Coalescent">
#            <populationModel id="ConstantPopulation.t:1" spec="beast.evolution.tree.coalescent.ConstantPopulation">
#                <parameter id="popSize.t:1" name="popSize" spec="beast.core.parameter.RealParameter">0.3</parameter>
#            </populationModel>
#            <treeIntervals id="TreeIntervals.t:1" spec="beast.evolution.tree.coalescent.TreeIntervals">
#                <tree id="Tree.t:1" spec="beast.evolution.tree.Tree">
#                    <trait id="dateTrait.t:1" spec="beast.evolution.tree.TraitSet" traitname="date" value="2_2000.1=2000.1,17_2001.6=2001.6,18_2001.7=2001.7,21_2002=2002,24_2002.3=2002.3,26_2002.5=2002.5,5_2000.4=2000.4,7_2000.6=2000.6,4_2000.3=2000.3,13_2001.2=2001.2,15_2001.4=2001.4,16_2001.5=2001.5,1_2000=2000,8_2000.7=2000.7,3_2000.2=2000.2,12_2001.1=2001.1,22_2002.1=2002.1,32_2003.1=2003.1,28_2002.7=2002.7,43_2004.2=2004.2,46_2004.5=2004.5,55_2005.4=2005.4,63_2006.2=2006.2,65_2006.4=2006.4,66_2006.5=2006.5,67_2006.6=2006.6,23_2002.2=2002.2,10_2000.9=2000.9,14_2001.3=2001.3,33_2003.2=2003.2,39_2003.8=2003.8,34_2003.3=2003.3,44_2004.3=2004.3,48_2004.7=2004.7,53_2005.2=2005.2,52_2005.1=2005.1,58_2005.7=2005.7,9_2000.8=2000.8,6_2000.5=2000.5,11_2001=2001,25_2002.4=2002.4,20_2001.9=2001.9,47_2004.6=2004.6,36_2003.5=2003.5,45_2004.4=2004.4,50_2004.9=2004.9,42_2004.1=2004.1,51_2005=2005,35_2003.4=2003.4,37_2003.6=2003.6,57_2005.6=2005.6,59_2005.8=2005.8,61_2006=2006,62_2006.1=2006.1,41_2004=2004,40_2003.9=2003.9,49_2004.8=2004.8,74_2007.3=2007.3,77_2007.6=2007.6,68_2006.7=2006.7,70_2006.9=2006.9,81_2008=2008,19_2001.8=2001.8,27_2002.6=2002.6,29_2002.8=2002.8,30_2002.9=2002.9,31_2003=2003,38_2003.7=2003.7,56_2005.5=2005.5,69_2006.8=2006.8,82_2008.1=2008.1,80_2007.9=2007.9,83_2008.2=2008.2,87_2008.6=2008.6,71_2007=2007,75_2007.4=2007.4,72_2007.1=2007.1,91_2009=2009,88_2008.7=2008.7,94_2009.3=2009.3,98_2009.7=2009.7,79_2007.8=2007.8,84_2008.3=2008.3,78_2007.7=2007.7,76_2007.5=2007.5,89_2008.8=2008.8,93_2009.2=2009.2,96_2009.5=2009.5,97_2009.6=2009.6,95_2009.4=2009.4,100_2009.9=2009.9,54_2005.3=2005.3,60_2005.9=2005.9,64_2006.3=2006.3,73_2007.2=2007.2,86_2008.5=2008.5,85_2008.4=2008.4,90_2008.9=2008.9,99_2009.8=2009.8,92_2009.1=2009.1,101_2010=2010">
#                        <taxa id="TaxonSet.1" spec="beast.evolution.alignment.TaxonSet">
#                        </taxa>
#                    </trait>
#                    <taxonset idref="TaxonSet.1"/>
#                </tree>
#            </treeIntervals>
#        </distribution>
#        <prior id="rateOmega.prior" name="distribution">
#            <parameter id="rateOmega" lower="0.1" name="x" spec="beast.core.parameter.RealParameter" upper="10.0">0.5</parameter>
#            <Gamma id="Gamma.0" name="distr">
#                <parameter estimate="false" id="rateOmega.alpha" name="alpha" spec="beast.core.parameter.RealParameter">0.1</parameter>
#                <parameter estimate="false" id="rateOmega.beta" name="beta" spec="beast.core.parameter.RealParameter">1.0</parameter>
#            </Gamma>
#        </prior>
#        <prior id="rateMean.prior" name="distribution">
#            <parameter id="rateMean" lower="1.0E-4" name="x" spec="beast.core.parameter.RealParameter" upper="10.0">0.005</parameter>
#            <Gamma id="Gamma.1" name="distr">
#                <parameter estimate="false" id="rateMean.alpha" name="alpha" spec="beast.core.parameter.RealParameter">0.005</parameter>
#                <parameter estimate="false" id="rateMean.beta" name="beta" spec="beast.core.parameter.RealParameter">1.0</parameter>
#            </Gamma>
#        </prior>
#        <prior id="FrequenciesPrior.s:1" name="distribution">
#            <parameter dimension="4" id="freqParameter.s:1" lower="0.0" name="x" spec="beast.core.parameter.RealParameter" upper="1.0">0.25</parameter>
#            <Uniform id="Uniform.3" name="distr"/>
#        </prior>
#        <prior id="GammaShapePrior.s:1" name="distribution">
#            <parameter id="gammaShape.s:1" name="x" spec="beast.core.parameter.RealParameter">1.0</parameter>
#            <Exponential id="Exponential.0" name="distr">
#                <parameter estimate="false" id="RealParameter.0" name="mean" spec="beast.core.parameter.RealParameter">1.0</parameter>
#            </Exponential>
#        </prior>
#        <prior id="KappaPrior.s:1" name="distribution">
#            <parameter id="kappa.s:1" lower="0.0" name="x" spec="beast.core.parameter.RealParameter">2.0</parameter>
#            <LogNormal id="LogNormalDistributionModel.0" name="distr">
#                <parameter estimate="false" id="RealParameter.1" name="M" spec="beast.core.parameter.RealParameter">1.0</parameter>
#                <parameter estimate="false" id="RealParameter.2" name="S" spec="beast.core.parameter.RealParameter">1.25</parameter>
#            </LogNormal>
#        </prior>
#        <prior id="PopSizePrior.t:1" name="distribution" x="@popSize.t:1">
#            <OneOnX id="OneOnX.1" name="distr"/>
#        </prior>
#    </distribution>
#    <distribution id="likelihood" spec="beast.core.util.CompoundDistribution" useThreads="true">
#        <distribution data="@1" id="treeLikelihood.1" spec="beast.evolution.likelihood.ThreadedTreeLikelihood" tree="@Tree.t:1">
#            <siteModel gammaCategoryCount="4" id="SiteModel.s:1" shape="@gammaShape.s:1" spec="beast.evolution.sitemodel.SiteModel">
#                <parameter id="mutationRate.s:1" name="mutationRate" spec="beast.core.parameter.RealParameter">1.0</parameter>
#                <parameter estimate="false" id="proportionInvariant.s:1" lower="0.0" name="proportionInvariant" spec="beast.core.parameter.RealParameter" upper="1.0">0.0</parameter>
#                <substModel id="hky.s:1" kappa="@kappa.s:1" spec="beast.evolution.substitutionmodel.HKY">
#                    <frequencies frequencies="@freqParameter.s:1" id="estimatedFreqs.s:1" spec="beast.evolution.substitutionmodel.Frequencies"/>
#                </substModel>
#            </siteModel>
#            <branchRateModel id="branchRates" numSites="1000" numberOfDiscreteRates="12" rateMean="@rateMean" rateOmega="@rateOmega" spec="beast.evolution.branchratemodel.ARClockModel" tree="@Tree.t:1">
#                <rateCategories dimension="200" id="rateCategories" spec="beast.core.parameter.IntegerParameter">1</rateCategories>
#            </branchRateModel>
#        </distribution>
#    </distribution>
#</input>
#
Sample	posterior	likelihood	prior	treeLikelihood	TreeHeight	rateOmega	rateMean	kappa	mutationRate	gammaShape	popSize	CoalescentConstant	freqParameter.1	freqParameter.2	freqParameter.3	freqParameter.4
0	-23863.314825160476	-23629.281618990117	-234.03320617036022	-23629.281618990117	10.751582664363609	0.5	0.005	2.0	1.0	1.0	0.3	-230.21431273121476	0.25	0.25	0.25	0.25
1000	-13772.591623809993	-13406.919589787161	-365.67203402283076	-13406.919589787161	19.18626135384947	0.3618662470984518	0.01672266040740969	3.1940361545973053	1.0	1.0	8.206671128195309	-357.31400985617256	0.25	0.25	0.25	0.25
2000	-12074.853653763059	-11727.515058723811	-347.3385950392468	-11727.515058723811	20.323785431221097	3.118863020848178	0.015086910167607524	3.1940361545973053	1.0	0.768123607670296	10.084835454879824	-334.41486907049324	0.24781943583948512	0.25	0.2521805641605149	0.25
3000	-11061.823505007573	-10701.585203311117	-360.2383016964551	-10701.585203311117	19.321017822487164	4.580535860487434	0.013279214476501813	3.695450957051689	1.0	0.768123607670296	10.582478127423313	-345.4199475370597	0.24781943583948512	0.25	0.2521805641605149	0.25
4000	-10248.339540001738	-9884.81586937703	-363.5236706247092	-9884.81586937703	20.111551130402017	4.115496512500346	0.011010707719282812	3.695450957051689	1.0	0.768123607670296	12.45043884030357	-349.2928140351956	0.24781943583948512	0.25	0.2521805641605149	0.25
5000	-9282.572956280039	-8916.632896154588	-365.9400601254509	-8916.632896154588	21.802471796595704	1.9850788619444448	0.0076260945853528885	3.695450957051689	1.0	0.768123607670296	15.351044349675718	-354.65522482412786	0.24781943583948512	0.24862391398443925	0.24374039490394986	0.25981625527212576
6000	-8968.961327524146	-8598.087179046892	-370.87414847725375	-8598.087179046892	18.667888007641693	3.11008458495919	0.007157295025989683	3.695450957051689	1.0	0.768123607670296	10.268783228973994	-358.52588559385276	0.24781943583948512	0.24862391398443925	0.24374039490394986	0.25981625527212576
7000	-8662.835868379425	-8297.35927643218	-365.47659194724463	-8297.35927643218	19.44229848468938	3.976673242025825	0.006881835815061936	3.695450957051689	1.0	1.0030753955366247	13.684403558360742	-351.55775018592254	0.24706415355390648	0.2493791962700179	0.24374039490394986	0.25981625527212576
8000	-8484.487858945524	-8122.641884512967	-361.8459744325562	-8122.641884512967	19.305217842498582	4.574501982938523	0.006734791859538092	3.695450957051689	1.0	1.0640692300817025	12.426966964041005	-347.26028857125846	0.24208724589761432	0.25739227634384093	0.24070422248641896	0.25981625527212576
9000	-8141.491220282496	-7782.123712700226	-359.3675075822706	-7782.123712700226	19.10128517478165	4.675140276120403	0.006252302012162393	3.695450957051689	1.0	1.2546490929550849	9.912542286306653	-344.7715343714045	0.24187599349409575	0.25739227634384093	0.24091547488993753	0.25981625527212576
10000	-7909.033234704025	-7549.507732377297	-359.5255023267285	-7549.507732377297	21.91604162931622	4.270880192620391	0.005367575192121226	4.136348683374862	1.0	1.2546490929550849	11.988082459958429	-345.2388387786406	0.24187599349409575	0.25739227634384093	0.24091547488993753	0.25981625527212576
11000	-7676.92355004006	-7323.4651820880335	-353.4583679520264	-7323.4651820880335	20.055297999832376	6.310031691509718	0.006022918225106934	4.136348683374862	1.0	1.2546490929550849	10.216599189242034	-336.8258884787317	0.24187599349409575	0.25739227634384093	0.24091547488993753	0.25981625527212576
12000	-7606.081555277917	-7253.245075529957	-352.83647974795974	-7253.245075529957	18.472017851219363	6.240824544220254	0.006084152172325147	4.136348683374862	1.0	1.2546490929550849	9.991645625665173	-336.29527128714545	0.24187599349409575	0.25739227634384093	0.24091547488993753	0.25981625527212576
13000	-7431.917471324212	-7085.006312703418	-346.91115862079386	-7085.006312703418	20.12187746679626	6.919342385776024	0.0057325444077469786	4.136348683374862	1.0	1.2546490929550849	9.66166707348958	-329.6917097086099	0.24187599349409575	0.2605052419131628	0.23780250932061564	0.25981625527212576
14000	-7395.88509693931	-7053.248397323466	-342.6366996158443	-7053.248397323466	21.930454011482578	6.082832984404777	0.005782227013431422	4.136348683374862	1.0	2.265955995647565	8.226866114101135	-325.5105434742369	0.24187599349409575	0.2605052419131628	0.23780250932061564	0.25981625527212576
15000	-7346.49920716968	-7009.6218081363395	-336.87739903334057	-7009.6218081363395	24.221530977689937	5.481533494878396	0.006057205623702612	4.325824755637044	1.0	1.6441585923496602	9.174021309145864	-320.8550785822433	0.24187599349409575	0.2605052419131628	0.23329686135255542	0.264321903240186
16000	-7214.418282809257	-6878.755096636194	-335.6631861730626	-6878.755096636194	23.432691697280724	6.5926675744196395	0.005999356943192219	4.325824755637044	1.0	1.6441585923496602	10.38791188529321	-318.2489548602824	0.24187599349409575	0.26644978511596346	0.2273523181497548	0.264321903240186
17000	-7175.3091511241155	-6838.493073079617	-336.8160780444983	-6838.493073079617	22.880451437534123	5.6106674061390045	0.0060884578940117616	4.168267058847044	1.0	2.439481490126262	8.370071772940397	-319.9826001504598	0.23214368241119235	0.27618209619886686	0.2273523181497548	0.264321903240186
18000	-7177.089481614241	-6838.875179142588	-338.21430247165205	-6838.875179142588	23.84806395454557	5.421777615594877	0.00587415992045724	3.175561623475004	1.0	2.439481490126262	10.970751116945449	-321.6885941824377	0.23214368241119235	0.27618209619886686	0.2273523181497548	0.264321903240186
19000	-7154.300304272044	-6824.730231341523	-329.57007293052095	-6824.730231341523	24.128756115410674	5.66298304011718	0.00587415992045724	3.175561623475004	1.0	1.8465632627862807	8.070729807876509	-313.6638919217801	0.23214368241119235	0.27618209619886686	0.2273523181497548	0.264321903240186
20000	-7101.3055821757125	-6766.880973163531	-334.4246090121811	-6766.880973163531	24.51002581351856	5.093580632593908	0.005697741333418588	4.163447229407694	1.0	2.458504074672921	7.991307781661418	-318.2903803015763	0.2262871194019051	0.27618209619886686	0.22607170047965766	0.27145908391957035
21000	-7031.838037984218	-6703.1277426258575	-328.7102953583603	-6703.1277426258575	22.21661594477284	4.40016410976498	0.006184455487135343	4.163447229407694	1.0	2.0233917252445326	7.36757564342565	-313.83552053567433	0.2262871194019051	0.27618209619886686	0.22607170047965766	0.27145908391957035
22000	-7009.618700452044	-6681.525879765795	-328.09282068624873	-6681.525879765795	21.34045276785152	4.87632567517145	0.005595569695826656	4.163447229407694	1.0	2.0233917252445326	8.594583160039235	-312.5955180867495	0.2262871194019051	0.26914247150734794	0.22607170047965766	0.2784987086110893
23000	-6993.2616938357005	-6658.616750047839	-334.6449437878619	-6658.616750047839	21.70494308124367	5.656717234937341	0.005796188749358349	4.163447229407694	1.0	2.1339901315314265	6.486836933145254	-318.36915184683977	0.2262871194019051	0.26914247150734794	0.22607170047965766	0.2784987086110893
24000	-6992.431141490788	-6661.478638960206	-330.95250253058174	-6661.478638960206	22.681872007057375	5.506957565103608	0.005491802270771586	4.163447229407694	1.0	2.1339901315314265	7.7683324150092155	-314.7243168270475	0.2262871194019051	0.26914247150734794	0.22607170047965766	0.2784987086110893
25000	-6978.639031087109	-6649.256650391796	-329.3823806953134	-6649.256650391796	22.714850037303606	5.686643669534786	0.005491802270771586	4.163447229407694	1.0	2.3993433371193715	8.739366245563492	-312.562476415365	0.2262871194019051	0.26979545608467786	0.22607170047965766	0.27784572403375934
26000	-6994.222413189353	-6661.310802878208	-332.91161031114444	-6661.310802878208	24.07275191264187	5.067160478891069	0.0051486497751608564	4.163447229407694	1.0	2.3993433371193715	8.875242612924227	-316.86410940202467	0.2262871194019051	0.26979545608467786	0.22607170047965766	0.27784572403375934
27000	-6990.803097607869	-6661.406794931627	-329.3963026762422	-6661.406794931627	24.571368083901756	6.5274961886702405	0.005572658199081517	4.163447229407694	1.0	2.3993433371193715	9.966245502417506	-311.4654432446953	0.2262871194019051	0.26979545608467786	0.22607170047965766	0.27784572403375934
28000	-6986.9501570241755	-6664.133954218473	-322.8162028057023	-6664.133954218473	23.109874421972748	5.651443856841647	0.005700449805073186	4.163447229407694	1.0	2.3993433371193715	6.927813897703936	-306.2320691319234	0.2262871194019051	0.26979545608467786	0.22607170047965766	0.27784572403375934
29000	-6975.0199004156275	-6651.633946487459	-323.38595392816853	-6651.633946487459	23.177571688520764	5.74418472731264	0.0054835922040821486	4.163447229407694	1.0	2.3993433371193715	6.445462009597922	-306.80540575886107	0.223285605075062	0.27279697041152096	0.22607170047965766	0.27784572403375934
30000	-6974.585747235425	-6653.153212047422	-321.43253518800253	-6653.153212047422	24.235534755469644	6.503357123986891	0.005423314849302736	4.163447229407694	1.0	2.3618674854816395	7.9069195973424256	-303.82526922340327	0.223285605075062	0.27279697041152096	0.22607170047965766	0.27784572403375934
31000	-6974.535561072822	-6658.990867808665	-315.54469326415665	-6658.990867808665	24.117741232437997	6.660685584743479	0.005957592583724728	4.163447229407694	1.0	2.355605882382108	6.898310060747813	-297.8072850196143	0.223285605075062	0.27279697041152096	0.22607170047965766	0.27784572403375934
32000	-6962.155541058066	-6654.369127538069	-307.78641351999744	-6654.369127538069	22.085357853639348	5.3528164112397265	0.005967498665628146	4.163447229407694	1.0	2.355605882382108	7.924591226414424	-291.41325679840935	0.223285605075062	0.27279697041152096	0.22607170047965766	0.27784572403375934
33000	-6969.277200897143	-6661.039289402007	-308.2379114951363	-6661.039289402007	21.602173054035095	5.1508056292040125	0.0059178964812450436	4.358342854325963	1.0	2.355605882382108	7.555618742928424	-292.0985210330381	0.223285605075062	0.27279697041152096	0.22607170047965766	0.27784572403375934
34000	-6978.4680150466165	-6673.632885635825	-304.8351294107914	-6673.632885635825	18.916349191998687	5.637879784966431	0.006088536705920552	4.358342854325963	1.0	2.355605882382108	5.92345363084134	-288.3422619602955	0.223285605075062	0.27279697041152096	0.22607170047965766	0.27784572403375934
35000	-6961.420375085212	-6664.4333161810955	-296.9870589041169	-6664.4333161810955	20.140187657819794	5.357991164388798	0.0059338530014538295	4.358342854325963	1.0	2.0474767182206475	6.9607247407386215	-280.9924323946445	0.223285605075062	0.27279697041152096	0.22607170047965766	0.27784572403375934
36000	-6959.529833396703	-6658.455649318234	-301.07418407846916	-6658.455649318234	19.261095052090358	5.529957559987303	0.0065475737737694314	4.358342854325963	1.0	2.72170927777552	6.682194804405659	-284.14722136583856	0.223285605075062	0.2736582525533822	0.22607170047965766	0.2769844418918981
37000	-6953.793424686497	-6645.74632389691	-308.04710078958675	-6645.74632389691	22.00859755797258	5.6395148620387054	0.0059309810209655514	4.358342854325963	1.0	2.72170927777552	7.071523951748336	-291.0353221503917	0.223285605075062	0.2766785203774738	0.22305143265556607	0.2769844418918981
38000	-6943.734402237373	-6636.956911171028	-306.7774910663448	-6636.956911171028	20.0789506478758	6.527842345747046	0.006126299631791856	4.358342854325963	1.0	2.72170927777552	6.068419693541136	-288.86627754962586	0.223285605075062	0.26761478786446946	0.22305143265556607	0.28604817440490243
39000	-6955.657127857295	-6647.538934989496	-308.118192867799	-6647.538934989496	21.707222791451667	5.290286857452903	0.006190742016203996	4.358342854325963	1.0	2.3566341378665814	7.586331115809952	-291.765067552971	0.223285605075062	0.26761478786446946	0.22305143265556607	0.28604817440490243
40000	-6941.585308171002	-6633.454512305529	-308.1307958654737	-6633.454512305529	23.064936234184934	6.9915967044025615	0.006404686155326616	4.033764577827421	1.0	2.3566341378665814	8.417629197808923	-289.78626694988935	0.223285605075062	0.26761478786446946	0.22305143265556607	0.28604817440490243
41000	-6939.971725314962	-6638.047719675513	-301.92400563944955	-6638.047719675513	20.97575647032675	5.8697674251589005	0.006504780065155124	4.033764577827421	1.0	2.0487065661469948	6.019746100693387	-285.4863913393528	0.22822409220815185	0.26761478786446946	0.21811294552247623	0.28604817440490243
42000	-6881.892440199787	-6578.25885782884	-303.63358237094764	-6578.25885782884	20.938355034628245	7.075925032478008	0.005788715973040233	3.483343021519499	1.0	2.0487065661469948	6.238427032312529	-286.07957208256107	0.22822409220815185	0.26761478786446946	0.19269435405893373	0.31146676586844496
43000	-6852.601291201387	-6551.867341118374	-300.73395008301316	-6551.867341118374	19.683320548751382	6.0178320611916964	0.005557442483321324	3.483343021519499	1.0	2.0487065661469948	7.5689691152354355	-284.23127785369826	0.22557219498754	0.26761478786446946	0.19269435405893373	0.3141186630890568
44000	-6842.227827228396	-6542.977445659877	-299.2503815685183	-6542.977445659877	20.029994991867277	6.228826821328696	0.0056832739504799005	3.483343021519499	1.0	2.410674901449796	5.217875314758442	-282.49329465829794	0.22557219498754	0.26761478786446946	0.19269435405893373	0.3141186630890568
45000	-6820.228568200189	-6518.188122780824	-302.04044541936537	-6518.188122780824	20.621540674593874	6.921008183879478	0.005611820098495301	3.483343021519499	1.0	2.410674901449796	5.834340337191372	-284.39733068271545	0.2077341455967111	0.26761478786446946	0.19269435405893373	0.3319567124798857
46000	-6823.701545759437	-6522.005310490236	-301.6962352692005	-6522.005310490236	20.50455266609621	6.432108067822097	0.006000984167606136	3.483343021519499	1.0	3.4434283627017934	6.430065917247203	-283.4108745088057	0.2077341455967111	0.26761478786446946	0.19269435405893373	0.3319567124798857
47000	-6815.834618290043	-6515.112856836582	-300.72176145346094	-6515.112856836582	21.641262467482456	6.5284553012288775	0.0064024725651207854	3.483343021519499	1.0	3.4434283627017934	6.056899555007781	-282.3216205248874	0.2077341455967111	0.26761478786446946	0.19269435405893373	0.3319567124798857
48000	-6824.490759661161	-6524.793492222744	-299.6972674384173	-6524.793492222744	24.08066057255101	6.150110279611888	0.005965782597964245	3.483343021519499	1.0	2.7419390224294835	6.165290950136682	-282.4836813787045	0.2141152306747147	0.26761478786446946	0.18631326898093015	0.3319567124798857
49000	-6755.095915916162	-6459.458453992054	-295.6374619241079	-6459.458453992054	21.014686214087295	6.223808359924315	0.00695582647774493	3.483343021519499	1.0	2.7419390224294835	5.800846978745279	-278.24662663931724	0.2141152306747147	0.26761478786446946	0.17696976690189184	0.34130021455892395
50000	-6753.587541760112	-6455.174149444184	-298.41339231592804	-6455.174149444184	20.583346977028626	6.669585969620825	0.006442855168110538	3.483343021519499	1.0	5.5762797029140945	5.089300105820202	-277.8877819431503	0.2141152306747147	0.26761478786446946	0.17696976690189184	0.34130021455892395
51000	-6759.726288639157	-6461.757625022444	-297.9686636167137	-6461.757625022444	17.48005773819399	6.285748499344029	0.0066876534735950096	3.483343021519499	1.0	5.5762797029140945	5.062725052562254	-277.84812210389686	0.2141152306747147	0.26761478786446946	0.17696976690189184	0.34130021455892395
52000	-6730.467206771869	-6428.069060184047	-302.3981465878221	-6428.069060184047	19.460429195393512	6.897701236875695	0.006778465537210322	3.483343021519499	1.0	5.5762797029140945	5.783767452610209	-281.43537793159277	0.1882110457942294	0.29351897274495475	0.17696976690189184	0.34130021455892395
53000	-6733.941339688319	-6436.985597170696	-296.9557425176235	-6436.985597170696	20.628464601920324	5.722705454599837	0.006668587474772412	3.483343021519499	1.0	5.5762797029140945	5.202270983510093	-277.45837239317177	0.1882110457942294	0.29351897274495475	0.17696976690189184	0.34130021455892395
54000	-6724.341543665778	-6433.892270402322	-290.4492732634562	-6433.892270402322	19.125272077483856	5.608892472303126	0.00680161575370616	3.483343021519499	1.0	5.5762797029140945	6.370911265219772	-270.86136202204057	0.1882110457942294	0.29351897274495475	0.17696976690189184	0.34130021455892395
55000	-6707.105362438782	-6418.076705158949	-289.0286572798327	-6418.076705158949	18.911977400194534	5.926703048097232	0.006801498309436723	3.483343021519499	1.0	5.5762797029140945	5.619856354013324	-269.1987858521174	0.1882110457942294	0.29351897274495475	0.17696976690189184	0.34130021455892395
56000	-6665.566002028223	-6378.327360598121	-287.23864143010184	-6378.327360598121	17.893327916602093	7.089984913170097	0.007112954381507688	3.483343021519499	1.0	5.5762797029140945	5.130204636668232	-266.13049273605753	0.1882110457942294	0.29351897274495475	0.14780561125433928	0.37046437020647655
57000	-6641.393858286053	-6352.217937187563	-289.1759210984902	-6352.217937187563	16.327379895365997	7.82894778129672	0.00747852900333281	3.483343021519499	1.0	5.5762797029140945	5.752182818650149	-267.07491185120597	0.16654501279156783	0.29351897274495475	0.14780561125433928	0.3921304032091381
58000	-6643.53587748933	-6354.3533723785595	-289.1825051107712	-6354.3533723785595	16.982973060189405	6.554985086378625	0.007265326445245446	3.483343021519499	1.0	5.5762797029140945	5.32244553905434	-268.6219385981248	0.16654501279156783	0.29351897274495475	0.14780561125433928	0.3921304032091381
59000	-6635.816544621217	-6347.804687318576	-288.011857302641	-6347.804687318576	18.408753979551108	6.554985086378625	0.007307170187733366	3.483343021519499	1.0	4.996536716861012	5.9785798231478635	-267.90902762648926	0.15740843088884524	0.30265555464767735	0.14780561125433928	0.3921304032091381
60000	-6610.9859524221265	-6328.086565151381	-282.899387270745	-6328.086565151381	18.51056376372796	5.991008226893983	0.006942258555780889	3.483343021519499	1.0	4.996536716861012	5.667932106109188	-263.5462003646706	0.15740843088884524	0.30265555464767735	0.1453329203182954	0.39460309414518197
61000	-6533.533973770816	-6250.27947660643	-283.25449716438635	-6250.27947660643	17.300704939038308	6.79884570382514	0.007071376885564232	3.483343021519499	1.0	3.20700185867398	5.645783786001098	-264.75461410244867	0.13758920588803453	0.3224747796484881	0.1453329203182954	0.39460309414518197
62000	-6534.79943531693	-6251.767454243089	-283.03198107384065	-6251.767454243089	17.300704939038308	7.26986786375304	0.00761663103064389	2.2384622784014394	1.0	3.20700185867398	4.801415648223574	-264.538148241147	0.13088053948227013	0.3291834460542525	0.1453329203182954	0.39460309414518197
63000	-6513.556516510516	-6234.485367797539	-279.0711487129777	-6234.485367797539	18.02791087364721	6.578687883076077	0.00759570314305223	2.2384622784014394	1.0	3.20700185867398	4.698027948197153	-261.3829349563241	0.13088053948227013	0.3291834460542525	0.10652933145938148	0.43340668300409585
64000	-6506.791867272464	-6224.157119923512	-282.63474734895107	-6224.157119923512	16.908904630790207	7.156809186958346	0.0075754652661197625	2.2384622784014394	1.0	3.20700185867398	5.572398898171606	-264.12459828975676	0.13088053948227013	0.3291834460542525	0.10652933145938148	0.43340668300409585
65000	-6516.489547273294	-6232.497192893776	-283.9923543795181	-6232.497192893776	17.91212221217584	6.652788053325576	0.007642871673785666	2.2384622784014394	1.0	3.20700185867398	6.053199015997891	-265.9603088462437	0.13088053948227013	0.3291834460542525	0.10652933145938148	0.43340668300409585
66000	-6515.395230815773	-6233.5588968723505	-281.8363339434231	-6233.5588968723505	18.004730845608357	7.794033138152626	0.008034303566733465	2.2384622784014394	1.0	3.4930166993746137	4.474931145345087	-262.4865456109447	0.13088053948227013	0.3291834460542525	0.10652933145938148	0.43340668300409585
67000	-6516.6736222111895	-6235.69672889408	-280.9768933171102	-6235.69672889408	17.797254745245972	6.092513710821794	0.00775152977169994	2.2384622784014394	1.0	3.4930166993746137	5.278824542222543	-263.42101359018903	0.13088053948227013	0.3291834460542525	0.10652933145938148	0.43340668300409585
68000	-6518.845853577859	-6234.184582827086	-284.66127075077327	-6234.184582827086	17.854841050782937	7.798047136398662	0.00830688060673352	2.2384622784014394	1.0	3.4930166993746137	5.628841367320759	-265.04412277396943	0.13088053948227013	0.3291834460542525	0.10652933145938148	0.43340668300409585
69000	-6511.826636645708	-6238.008082692884	-273.8185539528237	-6238.008082692884	17.945879084109787	5.017544552216087	0.0078901365425275	2.2384622784014394	1.0	3.4930166993746137	4.7264049407821505	-257.6051168251662	0.13088053948227013	0.3291834460542525	0.10652933145938148	0.43340668300409585
70000	-6507.623050032899	-6231.812621865712	-275.8104281671875	-6231.812621865712	17.027597614514004	6.384197308258933	0.008414338385763014	2.2384622784014394	1.0	3.4930166993746137	5.096508859989788	-257.873624453414	0.13359681627067593	0.3291834460542525	0.10381305467097568	0.43340668300409585
71000	-6509.516008108815	-6232.249060726203	-277.26694738261193	-6232.249060726203	20.086239027083995	6.021688604117766	0.00767959365390662	2.2538377465913846	1.0	3.4930166993746137	5.65916751133407	-259.72618260043066	0.13359681627067593	0.3291834460542525	0.10381305467097568	0.43340668300409585
72000	-6453.892584259456	-6176.940224157742	-276.95236010171436	-6176.940224157742	20.087090429593704	5.283896380540716	0.008269869522303658	2.2538377465913846	1.0	3.4930166993746137	4.7338003827181305	-260.3712974355952	0.12270058612148008	0.3291834460542525	0.10381305467097568	0.44430291315329173
73000	-6449.3159959783015	-6168.619110627694	-280.69688535060806	-6168.619110627694	17.458907140837322	7.01761736660708	0.008388516015077176	2.2538377465913846	1.0	6.87133624326923	5.237885007489341	-258.63291640617365	0.12270058612148008	0.3291834460542525	0.10381305467097568	0.44430291315329173
74000	-6457.415188400535	-6174.479957803432	-282.93523059710304	-6174.479957803432	19.058881903411546	5.815848771437833	0.007984306329654729	2.2538377465913846	1.0	6.87133624326923	5.165779640986222	-262.3054883208943	0.12298823468984958	0.328895797485883	0.10381305467097568	0.44430291315329173
75000	-6464.338947046565	-6173.500538086967	-290.8384089595982	-6173.500538086967	17.811994259489946	9.119708123510122	0.008798583526566565	2.2538377465913846	1.0	6.87133624326923	4.06523540256926	-266.6420842104333	0.12298823468984958	0.328895797485883	0.10381305467097568	0.44430291315329173
76000	-6457.510542391846	-6173.481794587016	-284.0287478048292	-6173.481794587016	18.080940743930384	8.269310966976128	0.008352696823926134	2.2538377465913846	1.0	6.87133624326923	4.55085645035278	-260.71026650836706	0.12298823468984958	0.328895797485883	0.10381305467097568	0.44430291315329173
77000	-6462.897696287373	-6183.150483580025	-279.74721270734744	-6183.150483580025	17.43099568612303	6.240158698793499	0.008087998998665467	2.0450929445800297	1.0	5.400512871095132	5.613106259529329	-260.0871298794715	0.12298823468984958	0.328895797485883	0.10381305467097568	0.44430291315329173
78000	-6444.8067251819775	-6163.097517136946	-281.7092080450311	-6163.097517136946	17.297681724851515	9.06762107097137	0.00909906248726185	2.1577741233466785	1.0	5.400512871095132	5.121099754124221	-258.8140650155846	0.12298823468984958	0.328895797485883	0.10381305467097568	0.44430291315329173
79000	-6442.49715138801	-6159.088703569716	-283.40844781829423	-6159.088703569716	17.7137009579737	9.369491447032152	0.0085416544315689	2.491666486695557	1.0	4.21985064466558	5.765215250157143	-261.1783721418986	0.11229943390098336	0.328895797485883	0.10381305467097568	0.454991713942158
80000	-6443.636667201234	-6165.161789279975	-278.4748779212582	-6165.161789279975	17.021571702964	8.60951915683315	0.008908238550804292	2.491666486695557	1.0	4.21985064466558	5.348030498564856	-257.1138416916971	0.12136942490104034	0.328895797485883	0.0947430636709187	0.454991713942158
81000	-6460.398576862292	-6178.185390192948	-282.2131866693443	-6178.185390192948	16.340835296993948	8.642189095500472	0.008650742533400495	2.491666486695557	1.0	4.21985064466558	3.7869702391698703	-261.1906760776653	0.12136942490104034	0.328895797485883	0.0947430636709187	0.454991713942158
82000	-6458.093503705044	-6178.646695066942	-279.4468086381022	-6178.646695066942	16.340835296993948	8.382298940382793	0.009023813351566498	1.9576807683221757	1.0	4.21985064466558	5.272754279599832	-258.5474370111098	0.12136942490104034	0.328895797485883	0.0947430636709187	0.454991713942158
83000	-6448.045220508499	-6166.522732774925	-281.5224877335738	-6166.522732774925	16.85407654665905	7.61465485817334	0.008256792766364719	1.9576807683221757	1.0	6.290182688335776	4.888004999239562	-259.57179320753403	0.10550023062525743	0.3447649917616659	0.0947430636709187	0.454991713942158
84000	-6450.477875442937	-6168.204147254447	-282.2737281884906	-6168.204147254447	16.297989794932665	9.454775890803306	0.008371532913342179	1.9576807683221757	1.0	6.290182688335776	5.118519420720646	-258.22818432835487	0.10550023062525743	0.3447649917616659	0.0947430636709187	0.454991713942158
85000	-6434.724244207663	-6155.949570935185	-278.77467327247854	-6155.949570935185	17.273686496826222	8.084806872546084	0.007714842826571783	1.9576807683221757	1.0	6.290182688335776	4.850759816307159	-256.37564748444106	0.10550023062525743	0.3447649917616659	0.0947430636709187	0.454991713942158
86000	-6451.298439235456	-6170.454535084082	-280.84390415137364	-6170.454535084082	17.898646781538076	8.044515491393929	0.007779282668347607	1.9576807683221757	1.0	6.290182688335776	4.604685724465261	-258.5333862576315	0.10550023062525743	0.3447649917616659	0.0947430636709187	0.454991713942158
87000	-6445.2023696116075	-6160.063090831229	-285.13927878037873	-6160.063090831229	18.764488939191562	6.78527227159641	0.007174269387064164	1.9576807683221757	1.0	6.290182688335776	5.647798462219989	-264.11818863061575	0.10550023062525743	0.3447649917616659	0.0947430636709187	0.454991713942158
88000	-6436.170326638184	-6154.000434028778	-282.1698926094063	-6154.000434028778	18.817215016900008	8.471169671137103	0.007842238756509643	2.4647718904339517	1.0	6.290182688335776	4.96163519158135	-259.104537831305	0.10550023062525743	0.3447649917616659	0.0947430636709187	0.454991713942158
89000	-6449.087298156523	-6167.848531782424	-281.2387663740982	-6167.848531782424	18.358377011430612	8.59149058956034	0.007848583959519794	2.4647718904339517	1.0	6.290182688335776	5.304140821571493	-257.97283386989807	0.10550023062525743	0.3447649917616659	0.0947430636709187	0.454991713942158
90000	-6457.46542236836	-6175.044532584255	-282.42088978410544	-6175.044532584255	17.987680304510583	8.72594261819036	0.007724670844368457	2.4647718904339517	1.0	6.290182688335776	4.748187139737302	-259.1332129960023	0.10550023062525743	0.3447649917616659	0.0947430636709187	0.454991713942158
91000	-6455.035650162627	-6172.730532581795	-282.3051175808317	-6172.730532581795	18.400182854121667	8.932565874771331	0.0073640944233420704	2.4647718904339517	1.0	6.290182688335776	4.736404046042705	-258.84016403856793	0.1287163914634472	0.32154883092347614	0.0947430636709187	0.454991713942158
92000	-6450.797859630336	-6171.179126344609	-279.6187332857264	-6171.179126344609	16.805392259422955	8.00636948394532	0.007044073818558332	2.291111207505169	1.0	4.831664968430293	5.348271877335439	-258.6268218038425	0.1287163914634472	0.32154883092347614	0.0947430636709187	0.454991713942158
93000	-6437.520559043512	-6158.936026227912	-278.58453281559935	-6158.936026227912	17.94418488631856	8.554750046147012	0.007007655552964899	2.291111207505169	1.0	4.9463270506865875	4.251786464128738	-257.10458256322204	0.1287163914634472	0.32154883092347614	0.0947430636709187	0.454991713942158
94000	-6429.6712451964295	-6155.507463953025	-274.16378124340474	-6155.507463953025	18.976466203548238	9.225010854378715	0.007237747452429149	2.291111207505169	1.0	4.774963636413675	4.322736648466197	-252.0681202533288	0.1287163914634472	0.32154883092347614	0.0947430636709187	0.454991713942158
95000	-6422.8255371487085	-6152.677367829824	-270.14816931888396	-6152.677367829824	18.3355471655422	7.38504798270828	0.007039029497714251	2.291111207505169	1.0	4.774963636413675	4.681448777968259	-250.04086636030968	0.1287163914634472	0.32154883092347614	0.0947430636709187	0.454991713942158
96000	-6436.321565328225	-6161.703286583612	-274.6182787446134	-6161.703286583612	18.259204371751334	7.8081044119507865	0.0067820600683751965	2.291111207505169	1.0	4.774963636413675	3.8518061676462874	-254.270110913605	0.1287163914634472	0.32154883092347614	0.0947430636709187	0.454991713942158
97000	-6444.322993182012	-6167.933913168926	-276.3890800130869	-6167.933913168926	18.78523492182578	7.773446091038218	0.007184778554171177	2.291111207505169	1.0	4.774963636413675	4.905151468400896	-255.7800323842351	0.1287163914634472	0.32154883092347614	0.0947430636709187	0.454991713942158
98000	-6443.817342249548	-6166.884393143494	-276.9329491060541	-6166.884393143494	17.88221090418805	7.792164399885416	0.006541700843170791	2.291111207505169	1.0	4.082362954484272	4.81299694008201	-257.1085270303263	0.1287163914634472	0.32154883092347614	0.0947430636709187	0.454991713942158
99000	-6441.386448750281	-6161.763794248271	-279.6226545020103	-6161.763794248271	17.448449024993746	8.33909087875531	0.0076045106353695175	2.291111207505169	1.0	4.082362954484272	4.079546521365643	-259.20473361749845	0.09366272666376584	0.32154883092347614	0.0947430636709187	0.49004537874183934
100000	-6429.814888289399	-6151.989716030545	-277.82517225885425	-6151.989716030545	19.283789756254762	7.40083233481804	0.006894062916846679	2.291111207505169	1.0	4.082362954484272	4.58979043432672	-258.4333879704741	0.09366272666376584	0.31185732490370255	0.0947430636709187	0.49973688476161293
