#
#model:
#
#<?xml version="1.0" encoding="UTF-8" standalone="no"?><input id="posterior" spec="beast.core.util.CompoundDistribution">
#    <distribution id="prior" spec="beast.core.util.CompoundDistribution">
#        <distribution id="CoalescentConstant.t:1" spec="beast.evolution.tree.coalescent.Coalescent">
#            <populationModel id="ConstantPopulation.t:1" spec="beast.evolution.tree.coalescent.ConstantPopulation">
#                <parameter id="popSize.t:1" name="popSize" spec="beast.core.parameter.RealParameter">0.3</parameter>
#            </populationModel>
#            <treeIntervals id="TreeIntervals.t:1" spec="beast.evolution.tree.coalescent.TreeIntervals">
#                <tree id="Tree.t:1" spec="beast.evolution.tree.Tree">
#                    <trait id="dateTrait.t:1" spec="beast.evolution.tree.TraitSet" traitname="date" value="2_2000.1=2000.1,17_2001.6=2001.6,18_2001.7=2001.7,21_2002=2002,24_2002.3=2002.3,26_2002.5=2002.5,5_2000.4=2000.4,7_2000.6=2000.6,4_2000.3=2000.3,13_2001.2=2001.2,15_2001.4=2001.4,16_2001.5=2001.5,1_2000=2000,8_2000.7=2000.7,3_2000.2=2000.2,12_2001.1=2001.1,22_2002.1=2002.1,32_2003.1=2003.1,28_2002.7=2002.7,43_2004.2=2004.2,46_2004.5=2004.5,55_2005.4=2005.4,63_2006.2=2006.2,65_2006.4=2006.4,66_2006.5=2006.5,67_2006.6=2006.6,23_2002.2=2002.2,10_2000.9=2000.9,14_2001.3=2001.3,33_2003.2=2003.2,39_2003.8=2003.8,34_2003.3=2003.3,44_2004.3=2004.3,48_2004.7=2004.7,53_2005.2=2005.2,52_2005.1=2005.1,58_2005.7=2005.7,9_2000.8=2000.8,6_2000.5=2000.5,11_2001=2001,25_2002.4=2002.4,20_2001.9=2001.9,47_2004.6=2004.6,36_2003.5=2003.5,45_2004.4=2004.4,50_2004.9=2004.9,42_2004.1=2004.1,51_2005=2005,35_2003.4=2003.4,37_2003.6=2003.6,57_2005.6=2005.6,59_2005.8=2005.8,61_2006=2006,62_2006.1=2006.1,41_2004=2004,40_2003.9=2003.9,49_2004.8=2004.8,74_2007.3=2007.3,77_2007.6=2007.6,68_2006.7=2006.7,70_2006.9=2006.9,81_2008=2008,19_2001.8=2001.8,27_2002.6=2002.6,29_2002.8=2002.8,30_2002.9=2002.9,31_2003=2003,38_2003.7=2003.7,56_2005.5=2005.5,69_2006.8=2006.8,82_2008.1=2008.1,80_2007.9=2007.9,83_2008.2=2008.2,87_2008.6=2008.6,71_2007=2007,75_2007.4=2007.4,72_2007.1=2007.1,91_2009=2009,88_2008.7=2008.7,94_2009.3=2009.3,98_2009.7=2009.7,79_2007.8=2007.8,84_2008.3=2008.3,78_2007.7=2007.7,76_2007.5=2007.5,89_2008.8=2008.8,93_2009.2=2009.2,96_2009.5=2009.5,97_2009.6=2009.6,95_2009.4=2009.4,100_2009.9=2009.9,54_2005.3=2005.3,60_2005.9=2005.9,64_2006.3=2006.3,73_2007.2=2007.2,86_2008.5=2008.5,85_2008.4=2008.4,90_2008.9=2008.9,99_2009.8=2009.8,92_2009.1=2009.1,101_2010=2010">
#                        <taxa id="TaxonSet.1" spec="beast.evolution.alignment.TaxonSet">
#                        </taxa>
#                    </trait>
#                    <taxonset idref="TaxonSet.1"/>
#                </tree>
#            </treeIntervals>
#        </distribution>
#        <prior id="rateOmega.prior" name="distribution">
#            <parameter id="rateOmega" lower="0.1" name="x" spec="beast.core.parameter.RealParameter" upper="10.0">0.5</parameter>
#            <Gamma id="Gamma.0" name="distr">
#                <parameter estimate="false" id="rateOmega.alpha" name="alpha" spec="beast.core.parameter.RealParameter">0.1</parameter>
#                <parameter estimate="false" id="rateOmega.beta" name="beta" spec="beast.core.parameter.RealParameter">1.0</parameter>
#            </Gamma>
#        </prior>
#        <prior id="rateMean.prior" name="distribution">
#            <parameter id="rateMean" lower="1.0E-4" name="x" spec="beast.core.parameter.RealParameter" upper="10.0">0.005</parameter>
#            <Gamma id="Gamma.1" name="distr">
#                <parameter estimate="false" id="rateMean.alpha" name="alpha" spec="beast.core.parameter.RealParameter">0.005</parameter>
#                <parameter estimate="false" id="rateMean.beta" name="beta" spec="beast.core.parameter.RealParameter">1.0</parameter>
#            </Gamma>
#        </prior>
#        <prior id="FrequenciesPrior.s:1" name="distribution">
#            <parameter dimension="4" id="freqParameter.s:1" lower="0.0" name="x" spec="beast.core.parameter.RealParameter" upper="1.0">0.25</parameter>
#            <Uniform id="Uniform.3" name="distr"/>
#        </prior>
#        <prior id="GammaShapePrior.s:1" name="distribution">
#            <parameter id="gammaShape.s:1" name="x" spec="beast.core.parameter.RealParameter">1.0</parameter>
#            <Exponential id="Exponential.0" name="distr">
#                <parameter estimate="false" id="RealParameter.0" name="mean" spec="beast.core.parameter.RealParameter">1.0</parameter>
#            </Exponential>
#        </prior>
#        <prior id="KappaPrior.s:1" name="distribution">
#            <parameter id="kappa.s:1" lower="0.0" name="x" spec="beast.core.parameter.RealParameter">2.0</parameter>
#            <LogNormal id="LogNormalDistributionModel.0" name="distr">
#                <parameter estimate="false" id="RealParameter.1" name="M" spec="beast.core.parameter.RealParameter">1.0</parameter>
#                <parameter estimate="false" id="RealParameter.2" name="S" spec="beast.core.parameter.RealParameter">1.25</parameter>
#            </LogNormal>
#        </prior>
#        <prior id="PopSizePrior.t:1" name="distribution" x="@popSize.t:1">
#            <OneOnX id="OneOnX.1" name="distr"/>
#        </prior>
#    </distribution>
#    <distribution id="likelihood" spec="beast.core.util.CompoundDistribution" useThreads="true">
#        <distribution data="@1" id="treeLikelihood.1" spec="beast.evolution.likelihood.ThreadedTreeLikelihood" tree="@Tree.t:1">
#            <siteModel gammaCategoryCount="4" id="SiteModel.s:1" shape="@gammaShape.s:1" spec="beast.evolution.sitemodel.SiteModel">
#                <parameter id="mutationRate.s:1" name="mutationRate" spec="beast.core.parameter.RealParameter">1.0</parameter>
#                <parameter estimate="false" id="proportionInvariant.s:1" lower="0.0" name="proportionInvariant" spec="beast.core.parameter.RealParameter" upper="1.0">0.0</parameter>
#                <substModel id="hky.s:1" kappa="@kappa.s:1" spec="beast.evolution.substitutionmodel.HKY">
#                    <frequencies frequencies="@freqParameter.s:1" id="estimatedFreqs.s:1" spec="beast.evolution.substitutionmodel.Frequencies"/>
#                </substModel>
#            </siteModel>
#            <branchRateModel id="branchRates" numSites="1000" numberOfDiscreteRates="12" rateMean="@rateMean" rateOmega="@rateOmega" spec="beast.evolution.branchratemodel.ARClockModel" tree="@Tree.t:1">
#                <rateCategories dimension="200" id="rateCategories" spec="beast.core.parameter.IntegerParameter">1</rateCategories>
#            </branchRateModel>
#        </distribution>
#    </distribution>
#</input>
#
Sample	posterior	likelihood	prior	treeLikelihood	TreeHeight	rateOmega	rateMean	kappa	mutationRate	gammaShape	popSize	CoalescentConstant	freqParameter.1	freqParameter.2	freqParameter.3	freqParameter.4
0	-21065.37513181249	-20831.34192564213	-234.03320617036022	-20831.34192564213	10.751582664363609	0.5	0.005	2.0	1.0	1.0	0.3	-230.21431273121476	0.25	0.25	0.25	0.25
1000	-13238.97480009941	-12919.83976563819	-319.13503446121945	-12919.83976563819	11.395356527052357	0.3965212748599561	0.02209206504802196	3.9361561049888136	1.0	1.0	3.046750426393704	-311.1240350082623	0.25	0.25	0.25	0.25
2000	-12094.53869430806	-11785.337807337208	-309.20088697085095	-11785.337807337208	11.163557777918625	3.3984227334659254	0.019103375025850956	3.9361561049888136	1.0	1.0	8.055923541498158	-295.4297660759109	0.24781943583948512	0.25	0.2521805641605149	0.25
3000	-11449.080105374567	-11126.863271947244	-322.2168334273236	-11126.863271947244	11.561149879520464	7.9200849515252	0.01760300269493833	3.9361561049888136	1.0	1.0	8.276503684544817	-303.2184428229054	0.24781943583948512	0.25	0.2521805641605149	0.25
4000	-10925.113181674113	-10598.265147306342	-326.8480343677716	-10598.265147306342	11.185979386948981	9.847403128806773	0.017502392271879164	3.9361561049888136	1.0	1.0	8.319163209507298	-305.72696314207377	0.24781943583948512	0.25	0.2521805641605149	0.25
5000	-10644.769577307672	-10314.026418705631	-330.7431586020408	-10314.026418705631	11.185979386948981	9.99583113563476	0.014570470181950658	3.9361561049888136	1.0	0.885695865760385	9.281426714382551	-309.6504014964073	0.24781943583948512	0.25	0.2521805641605149	0.25
6000	-9951.128323671866	-9623.326890092509	-327.8014335793587	-9623.326890092509	12.375099712964927	8.125184862756067	0.012460602447107538	3.9361561049888136	1.0	0.885695865760385	8.577876837923103	-309.00238403983013	0.24781943583948512	0.25	0.2521805641605149	0.25
7000	-9841.649668204118	-9511.930820674539	-329.71884752957834	-9511.930820674539	12.172818563941073	9.080632771655534	0.013149901009988259	3.9361561049888136	1.0	0.885695865760385	9.372004628519564	-309.72148918129164	0.24781943583948512	0.25	0.2521805641605149	0.25
8000	-9663.596463711432	-9335.791259159108	-327.8052045523245	-9335.791259159108	12.115027523923638	9.795909966114182	0.0126791395789685	3.9361561049888136	1.0	0.9395522232523836	8.714950737521741	-307.0799052991338	0.24355635610622628	0.25	0.2564436438937737	0.25
9000	-9549.263106296186	-9218.846351016904	-330.416755279283	-9218.846351016904	12.33048847235392	9.862448518867462	0.013211336845131523	3.9361561049888136	1.0	0.9395522232523836	6.59760149330275	-309.8557149266259	0.24355635610622628	0.25	0.2564436438937737	0.25
10000	-9415.370145835665	-9085.941421085576	-329.42872475008863	-9085.941421085576	12.631910881842135	9.628758928248583	0.011850318692092352	3.9361561049888136	1.0	0.9395522232523836	7.4656322350321185	-309.10889011940856	0.24355635610622628	0.25	0.2564436438937737	0.25
11000	-9345.666232741662	-9023.80091253564	-321.8653202060216	-9023.80091253564	12.631910881842135	8.479746378630834	0.010746202095475069	4.500306743457169	1.0	0.9395522232523836	8.044873201039772	-302.66114058734456	0.24355635610622628	0.25	0.2564436438937737	0.25
12000	-9119.097653197134	-8794.47934867104	-324.6183045260936	-8794.47934867104	13.149231754550453	9.204618290972478	0.010336871931458422	4.500306743457169	1.0	0.9395522232523836	7.405618722327974	-304.7372769419284	0.24355635610622628	0.25	0.24827306737849053	0.2581705765152832
13000	-9029.602283821552	-8693.69287248034	-335.90941134121266	-8693.69287248034	13.296519210067515	9.409786817803997	0.010451141184377696	4.500306743457169	1.0	0.9395522232523836	8.234882530353827	-315.68618149885737	0.24355635610622628	0.25	0.24827306737849053	0.2581705765152832
14000	-8990.445229652167	-8658.17245598157	-332.27277367059656	-8658.17245598157	13.30673041338632	9.798696830752492	0.010884037257958466	4.500306743457169	1.0	0.9395522232523836	8.792954680232203	-311.51779689298064	0.23686038915250854	0.2473547338715785	0.24527117279002808	0.27051370418588483
15000	-8949.691928169144	-8613.420491128312	-336.27143704083244	-8613.420491128312	13.867687533839334	8.904192026788706	0.009783477391178465	4.500306743457169	1.0	0.9395522232523836	8.993901223882386	-316.58169346624726	0.24367587171115423	0.2473547338715785	0.23845569023138238	0.27051370418588483
16000	-8917.85789467294	-8582.758150216334	-335.09974445660606	-8582.758150216334	13.867687533839334	9.914260203397797	0.010026759418825172	4.500306743457169	1.0	0.9395522232523836	9.35704562599798	-314.2389600919075	0.23491829999147013	0.2532992770743791	0.24126871874826586	0.27051370418588483
17000	-8888.16177575057	-8549.348258820664	-338.81351692990575	-8549.348258820664	13.867687533839334	9.47181303801181	0.00964862085003183	4.500306743457169	1.0	0.9395522232523836	9.587359230133991	-318.45058067332496	0.22518598890856673	0.2630315881572825	0.24126871874826586	0.27051370418588483
18000	-8827.102525404869	-8489.37656973916	-337.7259556657091	-8489.37656973916	13.867687533839334	8.9746023236368	0.009434970551971851	4.500306743457169	1.0	0.9395522232523836	8.973071102984662	-317.99747078003645	0.22518598890856673	0.2630315881572825	0.24126871874826586	0.27051370418588483
19000	-8679.291719398954	-8342.729572483848	-336.5621469151059	-8342.729572483848	13.867411727651985	9.677191103916117	0.009364044114411628	4.500306743457169	1.0	0.9395522232523836	11.197567432959016	-315.8493479208312	0.22518598890856673	0.2630315881572825	0.24126871874826586	0.27051370418588483
20000	-8378.594870067212	-8052.676933519702	-325.91793654750944	-8052.676933519702	13.84560841590875	9.606223957843936	0.008971391131061063	4.500306743457169	1.0	0.9395522232523836	7.4481058257733945	-305.7334809119999	0.21932942589927948	0.2630315881572825	0.23998810107816873	0.2776508848652692
21000	-8296.720585826824	-7975.383896028042	-321.3366897987818	-7975.383896028042	14.646733485300274	9.736072964650864	0.008971391131061063	4.500306743457169	1.0	1.6503742525559646	7.662517473869754	-300.2710983245846	0.21932942589927948	0.2630315881572825	0.23827214006701392	0.279366845876424
22000	-8278.970840335121	-7955.714625936117	-323.2562143990049	-7955.714625936117	14.286197040812512	9.765947398502114	0.00963598444845628	4.500306743457169	1.0	1.6503742525559646	8.174205786890106	-302.02157716107433	0.21968387912624954	0.259944288799117	0.23827214006701392	0.2820996920076194
23000	-8241.366828671531	-7910.1127502438285	-331.254078427703	-7910.1127502438285	14.530230384956528	9.548200975961057	0.008681575266532997	4.500306743457169	1.0	1.7405835579674287	8.235063767671024	-310.2645890785019	0.21585438292333034	0.259944288799117	0.2421016362699331	0.2820996920076194
24000	-8236.947997173453	-7908.729431048483	-328.2185661249696	-7908.729431048483	13.83933639026402	9.444477777596598	0.008451593272895143	4.500306743457169	1.0	1.7405835579674287	7.692719120276658	-307.4377008221768	0.21585438292333034	0.259944288799117	0.2421016362699331	0.2820996920076194
25000	-8016.391431817944	-7696.45388321627	-319.9375486016741	-7696.45388321627	14.514045869290353	9.120026904696495	0.00914217338719441	4.500306743457169	1.0	1.9570182170953387	7.321965896064916	-299.2667156439772	0.21585438292333034	0.259944288799117	0.2421016362699331	0.2820996920076194
26000	-7971.141404351629	-7660.174679962097	-310.96672438953175	-7660.174679962097	14.654099765985242	8.44916274046264	0.008496801964942041	4.500306743457169	1.0	1.9570182170953387	6.650166150689962	-291.20524509750993	0.21585438292333034	0.259944288799117	0.2421016362699331	0.2820996920076194
27000	-7948.470835103587	-7632.954182720663	-315.5166523829239	-7632.954182720663	14.238166960773553	9.807418221659354	0.007960078984193764	4.500306743457169	1.0	1.9570182170953387	7.11647180217008	-294.26044424168197	0.21585438292333034	0.259944288799117	0.2421016362699331	0.2820996920076194
28000	-7947.5741997294	-7638.523833016386	-309.050366713014	-7638.523833016386	14.238166960773553	9.125917334893172	0.008197818745332172	4.500306743457169	1.0	1.9570182170953387	5.8177142804502076	-288.7124628676791	0.21585438292333034	0.259944288799117	0.2421016362699331	0.2820996920076194
29000	-7939.112328815752	-7625.183320071245	-313.92900874450686	-7625.183320071245	14.809083305215255	9.983399127789808	0.007617391449965927	4.500306743457169	1.0	1.9570182170953387	7.034253769873879	-292.53656164989366	0.21285286859648725	0.2629458031259601	0.2421016362699331	0.2820996920076194
30000	-7929.001681800491	-7615.072103383153	-313.9295784173376	-7615.072103383153	13.628911804911093	9.043088428938097	0.007237726628256358	4.500306743457169	1.0	1.9570182170953387	6.470001588129055	-293.70133871840886	0.21285286859648725	0.2629458031259601	0.2421016362699331	0.2820996920076194
31000	-7901.347800299293	-7586.91529278394	-314.4325075153542	-7586.91529278394	13.572999044678697	9.927898175313775	0.007613858649352886	4.500306743457169	1.0	1.9570182170953387	7.28204668592064	-293.066423476471	0.20541833901458983	0.27038033270785755	0.2421016362699331	0.2820996920076194
32000	-7873.293168650289	-7559.2801310401865	-314.0130376101024	-7559.2801310401865	14.566193080484316	9.716798386349188	0.007236428602905937	4.500306743457169	1.0	2.0197916600641754	7.429939296199423	-292.84548305376956	0.20541833901458983	0.27038033270785755	0.2416179014636207	0.28258342681393184
33000	-7831.4772236096205	-7514.750706368443	-316.7265172411768	-7514.750706368443	14.219569252084698	9.471343556166694	0.006894232962673845	4.500306743457169	1.0	1.9682152773049357	6.234631659476096	-296.10296147357303	0.20541833901458983	0.27038033270785755	0.2416179014636207	0.28258342681393184
34000	-7832.818700068248	-7522.367017741986	-310.4516823262619	-7522.367017741986	14.76568905684257	9.168259486436709	0.007736649003914841	4.500306743457169	1.0	1.9682152773049357	6.250217264707618	-290.04243549405976	0.20541833901458983	0.27038033270785755	0.2416179014636207	0.28258342681393184
35000	-7784.308932147174	-7470.165828348557	-314.1431037986176	-7470.165828348557	14.76568905684257	9.659822911585158	0.006957075503512241	4.500306743457169	1.0	2.223331618799073	7.016151029115154	-292.9310315515896	0.20541833901458983	0.27038033270785755	0.2416179014636207	0.28258342681393184
36000	-7775.580544616665	-7466.851794270246	-308.7287503464194	-7466.851794270246	13.221296872230214	7.616473753849674	0.007185622309050242	4.500306743457169	1.0	3.5861115141929814	7.682409928890868	-288.2880346255256	0.20541833901458983	0.27038033270785755	0.2416179014636207	0.28258342681393184
37000	-7772.227322629961	-7459.070372538049	-313.1569500919124	-7459.070372538049	15.160980864759377	8.559989403211876	0.00664321399895578	4.500306743457169	1.0	3.5861115141929814	7.390307703382034	-291.7850119568447	0.20541833901458983	0.27038033270785755	0.2416179014636207	0.28258342681393184
38000	-7765.426973202221	-7457.779122751262	-307.6478504509597	-7457.779122751262	13.73425271599324	9.415508107315224	0.007191126026462529	4.500306743457169	1.0	3.5861115141929814	6.3037168919759985	-285.41428674297134	0.20541833901458983	0.27038033270785755	0.2416179014636207	0.28258342681393184
39000	-7762.536542612474	-7453.532172213557	-309.00437039891654	-7453.532172213557	13.73425271599324	9.858655700177719	0.007082902861798782	4.500306743457169	1.0	3.5861115141929814	7.119134725780925	-286.1798161673262	0.20231829880429644	0.2734803729181509	0.2416179014636207	0.28258342681393184
40000	-7716.268134533366	-7411.323919791794	-304.9442147415722	-7411.323919791794	13.73425271599324	8.635007655917022	0.007159547203642343	4.211056076411616	1.0	3.5861115141929814	6.729553354139406	-283.5945273208714	0.20231829880429644	0.2734803729181509	0.2416179014636207	0.28258342681393184
41000	-7675.7759541544065	-7377.076200506173	-298.6997536482329	-7377.076200506173	13.567177283853955	8.983976047857663	0.007539437572251299	4.211056076411616	1.0	3.5861115141929814	6.548412122530872	-276.9409056230416	0.20231829880429644	0.2736439208164347	0.2416179014636207	0.28241987891564807
42000	-7638.850173977704	-7332.875279798132	-305.97489417957104	-7332.875279798132	13.873403831135485	8.132969084981166	0.0075484490553161965	4.211056076411616	1.0	3.5861115141929814	5.230010711062952	-285.3802296602627	0.20231829880429644	0.2736439208164347	0.2416179014636207	0.28241987891564807
43000	-7614.63885233664	-7310.9646771170765	-303.6741752195642	-7310.9646771170765	14.694070849939841	7.201234593824497	0.006683214175636567	4.211056076411616	1.0	3.5861115141929814	6.552010189552272	-284.0173924361789	0.20231829880429644	0.2736439208164347	0.2416179014636207	0.28241987891564807
44000	-7551.234769290684	-7250.053618765511	-301.18115052517345	-7250.053618765511	13.929740438393303	7.588152985549151	0.006532414811714272	4.211056076411616	1.0	3.5861115141929814	5.807560252415567	-281.2338175794059	0.20038054538349753	0.27558167423723356	0.2416179014636207	0.28241987891564807
45000	-7533.560345732363	-7234.3708031391925	-299.18954259317064	-7234.3708031391925	13.929740438393303	6.137375406268028	0.006711837828950817	4.211056076411616	1.0	3.2104119089813294	5.782050224603114	-281.2369209090516	0.20038054538349753	0.2799281394796729	0.23727143622118135	0.28241987891564807
46000	-7495.104739492453	-7194.106266694242	-300.9984727982112	-7194.106266694242	13.966223543063718	7.634754512764491	0.007007732107810971	4.211056076411616	1.0	3.2104119089813294	5.522308529140961	-281.3547306129225	0.18962159478093624	0.2799281394796729	0.23727143622118135	0.2931788295182094
47000	-7497.693759446551	-7195.006024848279	-302.68773459827213	-7195.006024848279	13.966223543063718	8.300023718365793	0.0064358963218202865	4.346742778632054	1.0	3.546273121547905	6.184330623508219	-281.89879639660194	0.18962159478093624	0.2799281394796729	0.23727143622118135	0.2931788295182094
48000	-7495.4713889444265	-7188.398957279733	-307.07243166469334	-7188.398957279733	13.966223543063718	8.775629157729504	0.005973713533335404	4.346742778632054	1.0	2.8324667280323763	6.4762455291788195	-286.50003608317076	0.18962159478093624	0.2799281394796729	0.23727143622118135	0.2931788295182094
49000	-7503.783368755373	-7199.643789627245	-304.13957912812873	-7199.643789627245	13.966223543063718	8.502336466989437	0.005847859651883038	2.712573579991564	1.0	2.8324667280323763	6.081222931170724	-284.4952407172152	0.19339216585841854	0.2799281394796729	0.23350086514369905	0.2931788295182094
50000	-7509.524181356358	-7202.830390379943	-306.69379097641433	-7202.830390379943	13.811641247064191	8.417097423015534	0.006004413054529433	2.712573579991564	1.0	2.648483265538916	7.011356262430715	-287.1589746499149	0.19339216585841854	0.2799281394796729	0.23350086514369905	0.2931788295182094
51000	-7520.851851458308	-7212.408124411282	-308.4437270470262	-7212.408124411282	13.961373716503509	8.860691333975614	0.00639009280923555	2.712573579991564	1.0	2.648483265538916	6.170939040342294	-288.48444468163825	0.19339216585841854	0.2799281394796729	0.23350086514369905	0.2931788295182094
52000	-7524.478417536933	-7207.275878692362	-317.20253884457134	-7207.275878692362	14.842023374308196	9.087760693614575	0.005861263419190865	2.712573579991564	1.0	6.369437520372328	6.380883001648986	-293.32548455382016	0.19339216585841854	0.2799281394796729	0.23350086514369905	0.2931788295182094
53000	-7496.844337361207	-7181.733619495724	-315.1107178654826	-7181.733619495724	14.386505918999292	8.862270461981705	0.006179571439700763	2.712573579991564	1.0	6.369437520372328	6.6286423933864755	-291.390735632592	0.19339216585841854	0.2799281394796729	0.23350086514369905	0.2931788295182094
54000	-7484.1759139152455	-7164.819582687978	-319.3563312272671	-7164.819582687978	14.386505918999292	9.43277448149793	0.005623209124547187	3.0969449539301968	1.0	6.369437520372328	7.589582379353515	-294.830791359488	0.19339216585841854	0.2799281394796729	0.23350086514369905	0.2931788295182094
55000	-7495.92798854988	-7173.97652205956	-321.95146649032023	-7173.97652205956	14.085253098454572	9.567924882492338	0.006357907669682808	3.0969449539301968	1.0	6.369437520372328	7.155844725097269	-297.21390231987834	0.19339216585841854	0.2799281394796729	0.23350086514369905	0.2931788295182094
56000	-7502.081605686042	-7173.85941884718	-328.2221868388621	-7173.85941884718	14.085253098454572	9.434597347716638	0.006040178512094984	3.0969449539301968	1.0	6.369437520372328	8.174189257143839	-303.54885486620947	0.19339216585841854	0.2799281394796729	0.23350086514369905	0.2931788295182094
57000	-7486.63130709861	-7162.9758434176365	-323.65546368097296	-7162.9758434176365	15.33660461353621	9.34382108940776	0.0059968372736976675	3.256420575397372	1.0	6.369437520372328	8.970046913382543	-298.9406983437462	0.19339216585841854	0.2799281394796729	0.23350086514369905	0.2931788295182094
58000	-7487.320511492276	-7170.894463235489	-316.4260482567868	-7170.894463235489	14.704185298991117	9.623307248522208	0.006377659547377822	3.256420575397372	1.0	3.1743552781207462	7.973996377917655	-294.65641671386646	0.19339216585841854	0.2799281394796729	0.23350086514369905	0.2931788295182094
59000	-7494.790847505646	-7178.270697219347	-316.5201502862981	-7178.270697219347	14.685902879094607	7.769939392596901	0.006417504339405043	3.205208011102295	1.0	3.1743552781207462	7.871457949481763	-296.8207290306897	0.19339216585841854	0.2799281394796729	0.23350086514369905	0.2931788295182094
60000	-7420.3596219309875	-7095.236361971902	-325.123259959086	-7095.236361971902	14.6607817295444	9.510980924749758	0.006077324318936303	3.205208011102295	1.0	2.9472036480857815	8.792682343632405	-303.6718387346686	0.19339216585841854	0.2799281394796729	0.23350086514369905	0.2931788295182094
61000	-7420.349523677009	-7095.186767386453	-325.16275629055554	-7095.186767386453	15.33456916203482	8.256850633643367	0.005879605265712437	3.205208011102295	1.0	2.4394607840009757	7.669985172087706	-305.77018400355297	0.19339216585841854	0.2808687735022923	0.23350086514369905	0.29223819549559
62000	-7413.363891779407	-7081.960492172061	-331.4033996073458	-7081.960492172061	15.469783131729756	8.650189070023803	0.005703890663929799	3.205208011102295	1.0	5.169002943922988	8.108726771628458	-308.8208015190321	0.19339216585841854	0.2808687735022923	0.23350086514369905	0.29223819549559
63000	-7415.534500490254	-7089.678087309788	-325.8564131804658	-7089.678087309788	15.930079505238	9.966596338916256	0.006142667790664172	3.205208011102295	1.0	5.169002943922988	7.999853052242696	-301.7692544991792	0.205210713509115	0.28870400218927644	0.21384708880601846	0.29223819549559
64000	-7413.590552043258	-7085.4138039239515	-328.1767481193067	-7085.4138039239515	15.51315031977758	9.966596338916256	0.006570797677207805	3.205208011102295	1.0	5.169002943922988	7.864038862411595	-304.039244941214	0.205210713509115	0.2859425749228858	0.21384708880601846	0.29499962276198066
65000	-7414.102401207407	-7085.697094085847	-328.4053071215593	-7085.697094085847	16.07368386702237	9.199608096896261	0.006006869001497169	3.205208011102295	1.0	5.169002943922988	7.348004614912718	-305.2645810000334	0.22019386206842667	0.2859425749228858	0.19886394024670678	0.29499962276198066
66000	-7412.06230998131	-7085.9607782836865	-326.10153169762395	-7085.9607782836865	16.006526840164323	9.011762317659825	0.005501089653030806	3.205208011102295	1.0	5.169002943922988	8.670151765611955	-303.0897845171906	0.22019386206842667	0.2859425749228858	0.19886394024670678	0.29499962276198066
67000	-7417.664258794318	-7088.942032429442	-328.7222263648754	-7088.942032429442	16.21571644357003	7.289205108550846	0.005501089653030806	3.205208011102295	1.0	5.939749359420611	8.178026727325358	-306.9116479153351	0.22019386206842667	0.2859425749228858	0.19886394024670678	0.29499962276198066
68000	-7404.762853045607	-7073.296787553465	-331.4660654921416	-7073.296787553465	15.936293425576093	8.324533711578798	0.005501089653030806	3.205208011102295	1.0	5.939749359420611	7.553712118352493	-308.5800389459856	0.22019386206842667	0.2859425749228858	0.19886394024670678	0.29499962276198066
69000	-7423.392477293228	-7089.835126925704	-333.5573503675241	-7089.835126925704	15.660310957202915	8.669109043142424	0.0052417323480791304	3.205208011102295	1.0	5.939749359420611	7.62127014558751	-310.32965349662226	0.22019386206842667	0.2859425749228858	0.19886394024670678	0.29499962276198066
70000	-7410.979832082183	-7077.758580281466	-333.2212518007168	-7077.758580281466	16.222764690905315	9.700218205406056	0.005857137605923428	3.205208011102295	1.0	5.939749359420611	9.446745266490472	-308.5355050836936	0.22019386206842667	0.28983780183511065	0.19496871333448193	0.29499962276198066
71000	-7401.6763005035655	-7073.063805962582	-328.612494540984	-7073.063805962582	15.426445410763758	7.872505632924919	0.005558993411390829	3.205208011102295	1.0	5.939749359420611	8.022158118031314	-306.15809887139307	0.22019386206842667	0.28983780183511065	0.19496871333448193	0.29499962276198066
72000	-7379.631854765108	-7043.5047827924645	-336.1270719726434	-7043.5047827924645	15.936406402811281	9.59301516034475	0.005510218499014281	3.205208011102295	1.0	5.939749359420611	7.535473290714948	-311.8456771243452	0.21027087858752122	0.3025612399123137	0.18746781693211018	0.2997000645680548
73000	-7385.122776451443	-7052.064295060878	-333.05848139056553	-7052.064295060878	15.938248237027903	9.263058209386644	0.006020951814979646	3.205208011102295	1.0	5.939749359420611	6.437266263339865	-309.20735346541255	0.21027087858752122	0.3025612399123137	0.18746781693211018	0.2997000645680548
74000	-7377.491539386519	-7046.746556651632	-330.7449827348878	-7046.746556651632	15.60268539977315	8.456617292291925	0.005676608853641537	3.205208011102295	1.0	5.939749359420611	8.000089060348502	-307.6238647368022	0.21027087858752122	0.3025612399123137	0.18746781693211018	0.2997000645680548
75000	-7379.95722723499	-7048.075813576695	-331.88141365829506	-7048.075813576695	15.232835236651892	8.23429728095619	0.005811023782655212	3.205208011102295	1.0	5.939749359420611	9.41795888910479	-308.82000691135113	0.21027087858752122	0.3025612399123137	0.18746781693211018	0.2997000645680548
76000	-7375.956183906525	-7040.3931496974965	-335.56303420902856	-7040.3931496974965	16.37512467131275	9.52544947303305	0.00550535452652538	3.205208011102295	1.0	5.939749359420611	8.0773688294371	-311.28700539152015	0.21027087858752122	0.3025612399123137	0.18746781693211018	0.2997000645680548
77000	-7370.437333005647	-7033.061650402969	-337.37568260267795	-7033.061650402969	16.23501426253118	8.632490341600251	0.005500645209364114	3.205208011102295	1.0	4.697041842540322	8.595070083996315	-315.26264469294944	0.20113888177507153	0.3025612399123137	0.19659981374455987	0.2997000645680548
78000	-7326.2029064984345	-6984.504573263918	-341.6983332345159	-6984.504573263918	16.846856694323442	9.302087651824648	0.005115934392605099	3.205208011102295	1.0	4.697041842540322	9.364916443119087	-318.83520867441985	0.20113888177507153	0.3025612399123137	0.19659981374455987	0.2997000645680548
79000	-7321.056334859567	-6981.1926187801555	-339.8637160794111	-6981.1926187801555	16.12606877380866	9.56362204521153	0.004976635081965321	3.205208011102295	1.0	4.471963156256758	9.151810591913673	-316.9898069304623	0.20113888177507153	0.3025612399123137	0.19659981374455987	0.2997000645680548
80000	-7297.920541290314	-6954.223119668321	-343.69742162199344	-6954.223119668321	16.492415092116595	7.035579265858093	0.004789471619355269	3.205208011102295	1.0	4.471963156256758	11.512924215232575	-323.43665396834945	0.19650441199555796	0.3025612399123137	0.19659981374455987	0.3043345343475684
81000	-7261.321694731459	-6915.429530391184	-345.8921643402746	-6915.429530391184	16.34212029231832	9.246681558366177	0.004847085887141215	3.037504738035889	1.0	4.471963156256758	7.398183417093267	-323.6631022966501	0.1789769300903456	0.32008872181752607	0.19659981374455987	0.3043345343475684
82000	-7251.043052776903	-6906.525106001741	-344.51794677516193	-6906.525106001741	16.682443399998757	9.746895030487998	0.00516007805808556	3.037504738035889	1.0	5.399864651992103	9.34564731440848	-320.5171037547105	0.1789769300903456	0.31758114687660804	0.19659981374455987	0.30684210928848643
83000	-7235.073356429392	-6890.023195731748	-345.0501606976443	-6890.023195731748	16.838110604681322	8.596543990187518	0.005178101426471721	3.037504738035889	1.0	5.399864651992103	9.126703630907372	-322.3329171549636	0.17188926848990327	0.3246688084770504	0.19659981374455987	0.30684210928848643
84000	-7213.323975520128	-6873.058152488848	-340.2658230312808	-6873.058152488848	16.40797366284052	9.038887153631936	0.005326899079038867	3.037504738035889	1.0	5.399864651992103	8.745392047695688	-317.07541778775857	0.17188926848990327	0.3246688084770504	0.19659981374455987	0.30684210928848643
85000	-7227.658330494121	-6889.836921944362	-337.8214085497589	-6889.836921944362	15.374444015146256	9.791110600787402	0.005418459573456419	3.037504738035889	1.0	5.399864651992103	8.72062851956037	-313.79262190902034	0.17188926848990327	0.3246688084770504	0.19659981374455987	0.30684210928848643
86000	-7224.833252770192	-6888.681688350183	-336.151564420009	-6888.681688350183	15.374444015146256	9.791110600787402	0.005497573983637909	3.1822377485059867	1.0	5.399864651992103	6.7300010278425875	-312.31684231524486	0.17188926848990327	0.3246688084770504	0.19659981374455987	0.30684210928848643
87000	-7212.883951684341	-6875.532535669516	-337.35141601482485	-6875.532535669516	15.858501301841594	8.985310153245239	0.006094408025790292	3.1822377485059867	1.0	5.399864651992103	6.699341540176168	-314.30120963546483	0.17188926848990327	0.3246688084770504	0.19659981374455987	0.30684210928848643
88000	-7181.204845713822	-6849.212375315127	-331.9924703986948	-6849.212375315127	15.316946515379207	9.398617270979512	0.005732990320330075	3.1822377485059867	1.0	5.399864651992103	8.210151626552365	-308.3463104808916	0.17188926848990327	0.3418571473749586	0.17941147484665165	0.30684210928848643
89000	-7179.953610685202	-6850.143293279741	-329.81031740546155	-6850.143293279741	15.316946515379207	9.35580059703092	0.005984348333784888	3.1822377485059867	1.0	5.399864651992103	7.1149135805863795	-306.311314916199	0.17188926848990327	0.3418571473749586	0.17941147484665165	0.30684210928848643
90000	-7174.67122714247	-6842.197697081678	-332.4735300607924	-6842.197697081678	15.31869467740157	9.63554099320577	0.005923947767999058	3.1822377485059867	1.0	2.595463590829563	7.967494070797863	-311.3696496259122	0.17188926848990327	0.3418571473749586	0.17941147484665165	0.30684210928848643
91000	-7190.798892678219	-6858.852580125888	-331.946312552331	-6858.852580125888	15.31869467740157	9.548061175489353	0.006523428319301793	3.1822377485059867	1.0	2.595463590829563	9.345795680415403	-310.6820492061479	0.17188926848990327	0.3418571473749586	0.17941147484665165	0.30684210928848643
92000	-7154.364621857001	-6822.979150945316	-331.38547091168516	-6822.979150945316	17.276063893255202	8.571284490761155	0.005779548024668024	3.1822377485059867	1.0	5.1873134532530685	8.520296835494667	-308.81695132867463	0.17188926848990327	0.3418571473749586	0.17941147484665165	0.30684210928848643
93000	-7149.417069026744	-6824.158527882691	-325.2585411440533	-6824.158527882691	17.058611884197795	8.408427200277671	0.006159934996794036	3.1822377485059867	1.0	5.1873134532530685	8.946204306016629	-302.7575631103706	0.17188926848990327	0.3418571473749586	0.17941147484665165	0.30684210928848643
94000	-7150.865392104144	-6821.418767357946	-329.4466247461974	-6821.418767357946	17.27644344132066	9.744228907507795	0.006523390351539691	2.6021122774149683	1.0	5.1873134532530685	8.62237248749081	-305.6652097668263	0.17188926848990327	0.3418571473749586	0.17941147484665165	0.30684210928848643
95000	-7151.742965958927	-6826.059751981933	-325.6832139769942	-6826.059751981933	16.459625075074833	8.301588754503383	0.005896583728561695	2.6021122774149683	1.0	5.1873134532530685	7.450095807415952	-303.7359207772045	0.17188926848990327	0.3418571473749586	0.17941147484665165	0.30684210928848643
96000	-7153.239920345135	-6827.093483990025	-326.14643635511015	-6827.093483990025	17.727756378302956	9.104885143435729	0.005666341834069401	2.6021122774149683	1.0	5.078997340934394	7.37683013129321	-303.47077849765043	0.17188926848990327	0.3418571473749586	0.17941147484665165	0.30684210928848643
97000	-7140.604602030351	-6815.324710956718	-325.2798910736328	-6815.324710956718	15.664046768883464	8.996381128431006	0.005703380020111226	2.6021122774149683	1.0	4.854578981257442	6.53745273746846	-303.06222212805005	0.17188926848990327	0.3418571473749586	0.1705095564716064	0.31574402766353166
98000	-7141.195872142926	-6813.575022167902	-327.6208499750247	-6813.575022167902	15.9327565006031	8.905707302684512	0.005892796482220378	2.6021122774149683	1.0	4.182046144407738	8.74058262224691	-305.8523777528261	0.17188926848990327	0.3418571473749586	0.1705095564716064	0.31574402766353166
99000	-7112.564802675874	-6779.584497492637	-332.98030518323714	-6779.584497492637	16.483883119398016	9.574965749996105	0.005402917772612881	2.6021122774149683	1.0	4.182046144407738	9.527340553679927	-310.4780195442156	0.17188926848990327	0.3353463048432697	0.1705095564716064	0.32225487019522053
100000	-7113.957112830003	-6778.2419282257815	-335.7151846042217	-6778.2419282257815	17.435604985049647	8.97250287517171	0.0051489256670707705	2.6021122774149683	1.0	4.182046144407738	7.704796291573449	-314.1343372806978	0.1667827197197351	0.3353463048432697	0.1705095564716064	0.3273614189653887
