#
#model:
#
#<?xml version="1.0" encoding="UTF-8" standalone="no"?><input id="posterior" spec="beast.core.util.CompoundDistribution">
#    <distribution id="prior" spec="beast.core.util.CompoundDistribution">
#        <distribution id="CoalescentConstant.t:1" spec="beast.evolution.tree.coalescent.Coalescent">
#            <populationModel id="ConstantPopulation.t:1" spec="beast.evolution.tree.coalescent.ConstantPopulation">
#                <parameter id="popSize.t:1" name="popSize" spec="beast.core.parameter.RealParameter">0.3</parameter>
#            </populationModel>
#            <treeIntervals id="TreeIntervals.t:1" spec="beast.evolution.tree.coalescent.TreeIntervals">
#                <tree id="Tree.t:1" spec="beast.evolution.tree.Tree">
#                    <trait id="dateTrait.t:1" spec="beast.evolution.tree.TraitSet" traitname="date" value="2_2000.1=2000.1,17_2001.6=2001.6,18_2001.7=2001.7,21_2002=2002,24_2002.3=2002.3,26_2002.5=2002.5,5_2000.4=2000.4,7_2000.6=2000.6,4_2000.3=2000.3,13_2001.2=2001.2,15_2001.4=2001.4,16_2001.5=2001.5,1_2000=2000,8_2000.7=2000.7,3_2000.2=2000.2,12_2001.1=2001.1,22_2002.1=2002.1,32_2003.1=2003.1,28_2002.7=2002.7,43_2004.2=2004.2,46_2004.5=2004.5,55_2005.4=2005.4,63_2006.2=2006.2,65_2006.4=2006.4,66_2006.5=2006.5,67_2006.6=2006.6,23_2002.2=2002.2,10_2000.9=2000.9,14_2001.3=2001.3,33_2003.2=2003.2,39_2003.8=2003.8,34_2003.3=2003.3,44_2004.3=2004.3,48_2004.7=2004.7,53_2005.2=2005.2,52_2005.1=2005.1,58_2005.7=2005.7,9_2000.8=2000.8,6_2000.5=2000.5,11_2001=2001,25_2002.4=2002.4,20_2001.9=2001.9,47_2004.6=2004.6,36_2003.5=2003.5,45_2004.4=2004.4,50_2004.9=2004.9,42_2004.1=2004.1,51_2005=2005,35_2003.4=2003.4,37_2003.6=2003.6,57_2005.6=2005.6,59_2005.8=2005.8,61_2006=2006,62_2006.1=2006.1,41_2004=2004,40_2003.9=2003.9,49_2004.8=2004.8,74_2007.3=2007.3,77_2007.6=2007.6,68_2006.7=2006.7,70_2006.9=2006.9,81_2008=2008,19_2001.8=2001.8,27_2002.6=2002.6,29_2002.8=2002.8,30_2002.9=2002.9,31_2003=2003,38_2003.7=2003.7,56_2005.5=2005.5,69_2006.8=2006.8,82_2008.1=2008.1,80_2007.9=2007.9,83_2008.2=2008.2,87_2008.6=2008.6,71_2007=2007,75_2007.4=2007.4,72_2007.1=2007.1,91_2009=2009,88_2008.7=2008.7,94_2009.3=2009.3,98_2009.7=2009.7,79_2007.8=2007.8,84_2008.3=2008.3,78_2007.7=2007.7,76_2007.5=2007.5,89_2008.8=2008.8,93_2009.2=2009.2,96_2009.5=2009.5,97_2009.6=2009.6,95_2009.4=2009.4,100_2009.9=2009.9,54_2005.3=2005.3,60_2005.9=2005.9,64_2006.3=2006.3,73_2007.2=2007.2,86_2008.5=2008.5,85_2008.4=2008.4,90_2008.9=2008.9,99_2009.8=2009.8,92_2009.1=2009.1,101_2010=2010">
#                        <taxa id="TaxonSet.1" spec="beast.evolution.alignment.TaxonSet">
#                        </taxa>
#                    </trait>
#                    <taxonset idref="TaxonSet.1"/>
#                </tree>
#            </treeIntervals>
#        </distribution>
#        <prior id="rateOmega.prior" name="distribution">
#            <parameter id="rateOmega" lower="0.1" name="x" spec="beast.core.parameter.RealParameter" upper="10.0">0.5</parameter>
#            <Gamma id="Gamma.0" name="distr">
#                <parameter estimate="false" id="rateOmega.alpha" name="alpha" spec="beast.core.parameter.RealParameter">0.1</parameter>
#                <parameter estimate="false" id="rateOmega.beta" name="beta" spec="beast.core.parameter.RealParameter">1.0</parameter>
#            </Gamma>
#        </prior>
#        <prior id="rateMean.prior" name="distribution">
#            <parameter id="rateMean" lower="1.0E-4" name="x" spec="beast.core.parameter.RealParameter" upper="10.0">0.005</parameter>
#            <Gamma id="Gamma.1" name="distr">
#                <parameter estimate="false" id="rateMean.alpha" name="alpha" spec="beast.core.parameter.RealParameter">0.005</parameter>
#                <parameter estimate="false" id="rateMean.beta" name="beta" spec="beast.core.parameter.RealParameter">1.0</parameter>
#            </Gamma>
#        </prior>
#        <prior id="FrequenciesPrior.s:1" name="distribution">
#            <parameter dimension="4" id="freqParameter.s:1" lower="0.0" name="x" spec="beast.core.parameter.RealParameter" upper="1.0">0.25</parameter>
#            <Uniform id="Uniform.3" name="distr"/>
#        </prior>
#        <prior id="GammaShapePrior.s:1" name="distribution">
#            <parameter id="gammaShape.s:1" name="x" spec="beast.core.parameter.RealParameter">1.0</parameter>
#            <Exponential id="Exponential.0" name="distr">
#                <parameter estimate="false" id="RealParameter.0" name="mean" spec="beast.core.parameter.RealParameter">1.0</parameter>
#            </Exponential>
#        </prior>
#        <prior id="KappaPrior.s:1" name="distribution">
#            <parameter id="kappa.s:1" lower="0.0" name="x" spec="beast.core.parameter.RealParameter">2.0</parameter>
#            <LogNormal id="LogNormalDistributionModel.0" name="distr">
#                <parameter estimate="false" id="RealParameter.1" name="M" spec="beast.core.parameter.RealParameter">1.0</parameter>
#                <parameter estimate="false" id="RealParameter.2" name="S" spec="beast.core.parameter.RealParameter">1.25</parameter>
#            </LogNormal>
#        </prior>
#        <prior id="PopSizePrior.t:1" name="distribution" x="@popSize.t:1">
#            <OneOnX id="OneOnX.1" name="distr"/>
#        </prior>
#    </distribution>
#    <distribution id="likelihood" spec="beast.core.util.CompoundDistribution" useThreads="true">
#        <distribution data="@1" id="treeLikelihood.1" spec="beast.evolution.likelihood.ThreadedTreeLikelihood" tree="@Tree.t:1">
#            <siteModel gammaCategoryCount="4" id="SiteModel.s:1" shape="@gammaShape.s:1" spec="beast.evolution.sitemodel.SiteModel">
#                <parameter id="mutationRate.s:1" name="mutationRate" spec="beast.core.parameter.RealParameter">1.0</parameter>
#                <parameter estimate="false" id="proportionInvariant.s:1" lower="0.0" name="proportionInvariant" spec="beast.core.parameter.RealParameter" upper="1.0">0.0</parameter>
#                <substModel id="hky.s:1" kappa="@kappa.s:1" spec="beast.evolution.substitutionmodel.HKY">
#                    <frequencies frequencies="@freqParameter.s:1" id="estimatedFreqs.s:1" spec="beast.evolution.substitutionmodel.Frequencies"/>
#                </substModel>
#            </siteModel>
#            <branchRateModel id="branchRates" numSites="1000" numberOfDiscreteRates="12" rateMean="@rateMean" rateOmega="@rateOmega" spec="beast.evolution.branchratemodel.ARClockModel" tree="@Tree.t:1">
#                <rateCategories dimension="200" id="rateCategories" spec="beast.core.parameter.IntegerParameter">1</rateCategories>
#            </branchRateModel>
#        </distribution>
#    </distribution>
#</input>
#
Sample	posterior	likelihood	prior	treeLikelihood	TreeHeight	rateOmega	rateMean	kappa	mutationRate	gammaShape	popSize	CoalescentConstant	freqParameter.1	freqParameter.2	freqParameter.3	freqParameter.4
0	-16699.744044615516	-16465.710838445157	-234.03320617036022	-16465.710838445157	10.751582664363609	0.5	0.005	2.0	1.0	1.0	0.3	-230.21431273121476	0.25	0.25	0.25	0.25
1000	-11461.860683382427	-11174.37530840203	-287.48537498039633	-11174.37530840203	15.935555630093802	1.8412041291460362	0.01863010326817961	2.0	1.0	1.0	2.8125630708924705	-277.59160394028436	0.25	0.25	0.25	0.25
2000	-10893.637356588622	-10607.7056418223	-285.9317147663232	-10607.7056418223	20.11652671414563	5.403352622170367	0.015628681392028065	2.0	1.0	1.0	4.781394446914848	-271.1540133571368	0.24781943583948512	0.25	0.2521805641605149	0.25
3000	-10309.966815041553	-10021.34569246987	-288.6211225716838	-10021.34569246987	19.475030466815014	7.210248253510774	0.015405015317312098	2.111823795022068	1.0	1.0	5.2228718977033095	-271.65847360098974	0.24781943583948512	0.25	0.2521805641605149	0.25
4000	-10007.018936427263	-9709.265121850107	-297.75381457715633	-9709.265121850107	20.743286828742534	9.368500747020663	0.013508772640308956	2.111823795022068	1.0	1.0	6.132391444510911	-278.36930431476736	0.24781943583948512	0.24435613048170932	0.2521805641605149	0.25564386951829066
5000	-9569.625326245925	-9276.710431003086	-292.9148952428383	-9276.710431003086	17.25827268317879	8.504256672018823	0.015182594563224332	4.2221536567079045	1.0	0.8557518595265975	5.589241945153086	-273.8663767147805	0.24781943583948512	0.24435613048170932	0.2521805641605149	0.25564386951829066
6000	-8904.215681987818	-8617.205980632054	-287.00970135576506	-8617.205980632054	22.08770772496196	9.778771390391425	0.014247918345478451	4.2221536567079045	1.0	0.8557518595265975	5.09097267764351	-266.71851638866156	0.24781943583948512	0.24435613048170932	0.2521805641605149	0.25564386951829066
7000	-8740.873884881748	-8447.41933177772	-293.45455310402707	-8447.41933177772	20.18375337615881	9.217210711888509	0.012879027314210064	4.2221536567079045	1.0	0.8557518595265975	5.576648692063626	-273.7889114215552	0.24375513020796005	0.24435613048170932	0.2521805641605149	0.2597081751498157
8000	-8528.62007004201	-8234.99955850074	-293.6205115412703	-8234.99955850074	19.434210812842846	9.121324005319451	0.012090747010113574	4.2221536567079045	1.0	0.9077874169371991	5.744645280825127	-274.04208482259827	0.230554266247297	0.24435613048170932	0.26538142812117793	0.2597081751498157
9000	-8341.765495044756	-8044.21761359455	-297.54788145020603	-8044.21761359455	20.13903371338914	7.965106027878139	0.01032802395451069	4.2221536567079045	1.0	0.9077874169371991	5.739702029648932	-279.4070781226389	0.2304247367947078	0.24435613048170932	0.26538142812117793	0.2598377046024049
10000	-8230.33698120202	-7927.774851004538	-302.5621301974814	-7927.774851004538	21.94832942415592	8.768127704118207	0.00967448880122279	4.2221536567079045	1.0	0.9077874169371991	4.988012537944217	-283.73792247887474	0.2304247367947078	0.24435613048170932	0.26538142812117793	0.2598377046024049
11000	-8064.377338922733	-7766.503738506517	-297.873600416216	-7766.503738506517	21.004583388765447	9.574277732749739	0.009968896251626506	4.2221536567079045	1.0	0.9077874169371991	5.216846755198908	-278.0891039461355	0.2304247367947078	0.24435613048170932	0.26538142812117793	0.2598377046024049
12000	-7940.761932507021	-7645.750738345994	-295.01119416102637	-7645.750738345994	20.544244289553834	9.551314402105756	0.01058365676449225	4.2221536567079045	1.0	0.9077874169371991	5.328460781569068	-275.1704962666984	0.2328928428507142	0.24435613048170932	0.2547427455498883	0.2680082811176881
13000	-7746.338786077465	-7455.82925621644	-290.509529861025	-7455.82925621644	21.67200183748276	9.989758549484332	0.009330506955673185	4.2221536567079045	1.0	0.9077874169371991	6.533209522419123	-270.11280311388117	0.2328928428507142	0.24435613048170932	0.2547427455498883	0.2680082811176881
14000	-7706.970384654229	-7420.236848552342	-286.7335361018872	-7420.236848552342	23.106435139513238	7.710593378082988	0.009097568043556225	4.2221536567079045	1.0	0.9077874169371991	6.1374482208809145	-268.93692129250826	0.2328928428507142	0.2482333842333854	0.2508654917982122	0.2680082811176881
15000	-7674.328522203108	-7391.934661923121	-282.3938602799873	-7391.934661923121	22.202264896234954	8.541921385764454	0.009523690023566076	4.2221536567079045	1.0	0.9077874169371991	4.630538967513517	-263.90952901327347	0.2328928428507142	0.2482333842333854	0.2508654917982122	0.2680082811176881
16000	-7655.239000604476	-7372.047455432662	-283.1915451718144	-7372.047455432662	24.004321442144768	7.9652620020280045	0.008835921251288532	4.2221536567079045	1.0	0.9077874169371991	4.341399565133845	-265.4865262918696	0.2328928428507142	0.2482333842333854	0.2508654917982122	0.2680082811176881
17000	-7647.096778006619	-7364.29473725357	-282.8020407530492	-7364.29473725357	22.414267465236485	8.755065059004668	0.009165887316442798	4.068371928777872	1.0	0.9077874169371991	4.532886931174236	-264.18927647190526	0.2328928428507142	0.2482333842333854	0.2508654917982122	0.2680082811176881
18000	-7626.369504511547	-7340.601058018158	-285.7684464933894	-7340.601058018158	26.11303398614475	8.920898651220734	0.009020113743983644	4.068371928777872	1.0	1.2870860865720308	4.712425989912571	-266.57091563261514	0.2328928428507142	0.2482333842333854	0.2508654917982122	0.2680082811176881
19000	-7602.056868199792	-7322.750814454007	-279.30605374578477	-7322.750814454007	22.11518612395856	8.427221361294206	0.008793474248996496	4.068371928777872	1.0	0.9742586255017096	4.764589822439424	-260.9808021205035	0.2328928428507142	0.2482333842333854	0.2508654917982122	0.2680082811176881
20000	-7569.997874863579	-7293.941737766864	-276.0561370967151	-7293.941737766864	22.736314365196108	9.45290926346133	0.008978905958488048	4.068371928777872	1.0	1.297122524232961	5.216766099540556	-256.1673482793972	0.22379426405584907	0.2482333842333854	0.252826889913693	0.27514546179707244
21000	-7489.633392628325	-7209.111463891244	-280.5219287370813	-7209.111463891244	23.51455170424877	7.531437418333501	0.008984569938558744	4.068371928777872	1.0	1.2384723405597675	4.847294916364962	-262.89059868872215	0.22379426405584907	0.2482333842333854	0.252826889913693	0.27514546179707244
22000	-7394.141393706387	-7117.31472419011	-276.82666951627726	-7117.31472419011	23.905371679164105	8.693324348094196	0.009460731601432877	4.068371928777872	1.0	1.2384723405597675	5.340343395717989	-257.75560181395707	0.22379426405584907	0.2482333842333854	0.252826889913693	0.27514546179707244
23000	-7354.480605875733	-7079.70685067599	-274.77375519974385	-7079.70685067599	22.166140354161826	8.216326469112124	0.009301215187636007	4.068371928777872	1.0	1.2384723405597675	3.8285517022363704	-256.58035688659214	0.217156496507421	0.25487115178181347	0.252826889913693	0.27514546179707244
24000	-7323.976379591021	-7052.579974524293	-271.39640506672845	-7052.579974524293	21.118707549988773	7.867815244406266	0.008896426682072547	4.068371928777872	1.0	1.5585810147413022	4.952515421959426	-253.05768645588083	0.217156496507421	0.25487115178181347	0.252826889913693	0.27514546179707244
25000	-7310.651601051954	-7035.252001680512	-275.39959937144164	-7035.252001680512	20.356301656947522	9.413015942601914	0.009476648590478363	4.068371928777872	1.0	1.7523843797706058	4.352569801772831	-255.22617884553688	0.217156496507421	0.25487115178181347	0.252826889913693	0.27514546179707244
26000	-7189.421309373503	-6920.446806350692	-268.97450302281163	-6920.446806350692	19.43146204023941	9.472056686442864	0.009036128848357179	4.068371928777872	1.0	1.7523843797706058	3.818738112362204	-248.91506315292068	0.217156496507421	0.25487115178181347	0.252826889913693	0.27514546179707244
27000	-7178.1166933624045	-6917.002735995269	-261.11395736713536	-6917.002735995269	19.807368942341274	7.631395884078998	0.008897133944654976	4.068371928777872	1.0	1.7523843797706058	4.0084479566616364	-243.05672511441844	0.217156496507421	0.25487115178181347	0.252826889913693	0.27514546179707244
28000	-7102.78594861663	-6833.190886443125	-269.5950621735046	-6833.190886443125	20.698797692052246	9.279590210617378	0.008780530047611083	4.068371928777872	1.0	1.7523843797706058	3.982987087059805	-249.73325876659845	0.217156496507421	0.25487115178181347	0.252826889913693	0.27514546179707244
29000	-7001.502031277757	-6736.036262590432	-265.4657686873248	-6736.036262590432	19.80974082764875	9.474655188589272	0.009888869102307985	4.068371928777872	1.0	1.7523843797706058	3.938499799810342	-245.28202281152323	0.217156496507421	0.25487115178181347	0.252826889913693	0.27514546179707244
30000	-6973.893063998113	-6707.125409141684	-266.7676548564283	-6707.125409141684	20.75426901891215	9.13798523102563	0.008900219382649198	4.068371928777872	1.0	2.31791005038668	4.424010587431177	-246.37716473374383	0.217156496507421	0.25487115178181347	0.252826889913693	0.27514546179707244
31000	-6975.954405275767	-6703.581548316744	-272.37285695902324	-6703.581548316744	19.764800633096307	9.763044039970541	0.008306606108560412	4.068371928777872	1.0	2.31791005038668	4.737976973864955	-251.29846985662414	0.217156496507421	0.25487115178181347	0.252826889913693	0.27514546179707244
32000	-6971.885380576652	-6698.840337639805	-273.04504293684795	-6698.840337639805	22.207385290051416	9.811823208383716	0.00882316265912186	4.068371928777872	1.0	2.31791005038668	4.344359819359063	-251.94357884169324	0.217156496507421	0.25487115178181347	0.2523431551073806	0.27562919660338486
33000	-6971.393346868918	-6702.804978403109	-268.58836846580897	-6702.804978403109	23.47761655420891	8.43057653442649	0.0073742764094576405	4.068371928777872	1.0	2.31791005038668	4.11414618764001	-249.23908335713182	0.217156496507421	0.25487115178181347	0.2523431551073806	0.27562919660338486
34000	-6967.3170581626355	-6699.966529716515	-267.35052844612034	-6699.966529716515	21.597915529413978	9.84949716462068	0.00872772285358935	4.068371928777872	1.0	2.31791005038668	4.416688742921721	-246.20234642640506	0.217156496507421	0.25487115178181347	0.2523431551073806	0.27562919660338486
35000	-6957.704116683531	-6681.768788579077	-275.9353281044529	-6681.768788579077	23.12187138802691	8.15745514116642	0.007192363488937699	4.068371928777872	1.0	1.8854415268057212	4.068894382657863	-257.3573675143918	0.217156496507421	0.25487115178181347	0.24799150772756293	0.27998084398320255
36000	-6937.998661174845	-6658.989392290302	-279.00926888454364	-6658.989392290302	23.539220176219327	9.181399108893045	0.0074567207752407275	4.068371928777872	1.0	2.5063160184160695	4.502356844616459	-258.5426577440703	0.217156496507421	0.25487115178181347	0.24799150772756293	0.27998084398320255
37000	-6947.1770126420415	-6673.318960592242	-273.8580520497998	-6673.318960592242	25.12030230422158	9.35573328380872	0.007764040918393581	4.068371928777872	1.0	2.5063160184160695	4.566237039650849	-253.1455969344855	0.217156496507421	0.25487115178181347	0.24799150772756293	0.27998084398320255
38000	-6939.060077316386	-6669.312204396567	-269.74787291981903	-6669.312204396567	22.158968196198934	8.342402248501003	0.007848863488850116	4.068371928777872	1.0	2.5063160184160695	4.222741706049454	-250.2192317032638	0.217156496507421	0.25487115178181347	0.24799150772756293	0.27998084398320255
39000	-6933.951042210359	-6660.522270965213	-273.4287712451471	-6660.522270965213	23.336607686938272	9.446364326227219	0.007889941810656565	4.068371928777872	1.0	2.5063160184160695	5.076133880447987	-252.49501678823916	0.217156496507421	0.2550650627211223	0.24799150772756293	0.27978693304389374
40000	-6922.738405432053	-6655.746548089185	-266.9918573428675	-6655.746548089185	24.30137800613456	9.206978642065557	0.007684085200582286	4.068371928777872	1.0	2.2186125358252173	4.512936011440217	-246.7524065077015	0.217156496507421	0.2550650627211223	0.24799150772756293	0.27978693304389374
41000	-6858.751995039659	-6588.65262281989	-270.099372219769	-6588.65262281989	27.67367658487213	7.91636807778654	0.007388674137151618	4.068371928777872	1.0	2.2186125358252173	4.305167416620306	-251.37289258591863	0.217156496507421	0.2550650627211223	0.24799150772756293	0.27978693304389374
42000	-6701.472278165864	-6427.593050271381	-273.879227894483	-6427.593050271381	24.910601720968923	7.375084158406836	0.006825916279728959	4.068371928777872	1.0	2.2186125358252173	5.674688655913637	-255.56096356608688	0.217156496507421	0.2550650627211223	0.24799150772756293	0.27978693304389374
43000	-6618.160301488955	-6342.961591664067	-275.1987098248885	-6342.961591664067	24.265438402654326	7.860865891297524	0.006870231593937894	4.068371928777872	1.0	2.2186125358252173	5.315407889013797	-256.39617601492233	0.217156496507421	0.2550650627211223	0.24799150772756293	0.27978693304389374
44000	-6588.624153872365	-6311.539949235118	-277.08420463724696	-6311.539949235118	26.01967713214731	7.479168341718519	0.006300559206443347	4.068371928777872	1.0	2.2186125358252173	5.194875364275827	-258.81779944217806	0.217156496507421	0.2550650627211223	0.24799150772756293	0.27978693304389374
45000	-6541.521746674365	-6266.850205158382	-274.6715415159832	-6266.850205158382	27.14152785733088	7.961081500054975	0.006913827573097192	4.068371928777872	1.0	2.2186125358252173	5.0653227343487535	-255.7992451575178	0.217156496507421	0.2550650627211223	0.24799150772756293	0.27978693304389374
46000	-6546.362618898716	-6271.902748819138	-274.4598700795784	-6271.902748819138	27.36441336888105	7.785145090965607	0.007040800361699834	4.068371928777872	1.0	4.10999567292269	4.554792636276689	-253.9802430860351	0.217156496507421	0.2550650627211223	0.24799150772756293	0.27978693304389374
47000	-6519.993440484921	-6244.99403620545	-274.9994042794704	-6244.99403620545	28.337851777867336	8.159757987472844	0.007238049901339141	4.0374060375306335	1.0	3.4601426675628075	5.422339621994572	-254.5602772118065	0.217156496507421	0.2550650627211223	0.24799150772756293	0.27978693304389374
48000	-6528.306726771491	-6249.941067726428	-278.36565904506364	-6249.941067726428	27.3924189823855	7.67232493374661	0.0065307923541573	4.0374060375306335	1.0	2.820093961178969	4.269872539850717	-259.45140916875357	0.217156496507421	0.2550650627211223	0.24799150772756293	0.27978693304389374
49000	-6519.369070835479	-6244.703937036985	-274.6651337984939	-6244.703937036985	24.999530784454336	7.7197005187974925	0.0068820929722723575	4.0374060375306335	1.0	2.820093961178969	4.847268236326473	-255.51865285715246	0.217156496507421	0.2550650627211223	0.24034011945231587	0.2874383213191408
50000	-6452.376452352087	-6173.628144554673	-278.7483077974139	-6173.628144554673	25.663125509188177	7.725409594564342	0.0075283495430512925	4.0374060375306335	1.0	3.7390415841934033	4.847268236326473	-258.586554303324	0.217156496507421	0.2550650627211223	0.24034011945231587	0.2874383213191408
51000	-6429.58392068449	-6153.961874913778	-275.6220457707119	-6153.961874913778	24.32470688268225	7.725409594564342	0.007725601991114443	4.0374060375306335	1.0	3.7390415841934033	5.616265200881734	-255.2871088379753	0.21711087874552992	0.2551106804830134	0.24034011945231587	0.2874383213191408
52000	-6425.03927371234	-6151.63496697534	-273.40430673700047	-6151.63496697534	27.484553719359905	9.079663048225724	0.0077773092345203975	3.6712956699652834	1.0	3.7390415841934033	4.4821041087262525	-251.90486510466653	0.21711087874552992	0.2551106804830134	0.24034011945231587	0.2874383213191408
53000	-6374.516410271249	-6102.838592398182	-271.6778178730662	-6102.838592398182	24.896703313062694	8.060615615363869	0.007197867328552742	3.6712956699652834	1.0	3.7390415841934033	4.02442915390492	-251.48989359374218	0.21711087874552992	0.2551106804830134	0.22612031877437674	0.3016581219970799
54000	-6369.235786188554	-6092.303614641568	-276.9321715469855	-6092.303614641568	24.972608926341014	7.777817716727943	0.007210485219533621	3.6712956699652834	1.0	3.7390415841934033	4.302931936209175	-256.9905189957572	0.21711087874552992	0.2551106804830134	0.22612031877437674	0.3016581219970799
55000	-6384.804145397359	-6106.515970668974	-278.28817472838574	-6106.515970668974	24.854545916224414	8.429208474950592	0.007298358098794032	3.6712956699652834	1.0	3.7390415841934033	4.823059931213936	-257.4964946563127	0.21711087874552992	0.2551106804830134	0.22612031877437674	0.3016581219970799
56000	-6383.047565160789	-6104.0451134266405	-279.0024517341489	-6104.0451134266405	27.59992572136305	7.439214972884096	0.00694577785360122	3.6712956699652834	1.0	3.7390415841934033	5.017207292180628	-259.323364495145	0.21711087874552992	0.2551106804830134	0.22612031877437674	0.3016581219970799
57000	-6365.072109884213	-6084.029588180104	-281.04252170410945	-6084.029588180104	29.00824284590509	7.171428023144673	0.0071066068920798975	3.678555376259741	1.0	3.7390415841934033	4.795003930597878	-261.68422082349036	0.20407423336274993	0.2681473258657934	0.22612031877437674	0.3016581219970799
58000	-6359.4018638566995	-6077.180215200474	-282.2216486562254	-6077.180215200474	28.767489427146266	7.1947638008558386	0.007462561488897095	3.678555376259741	1.0	3.7390415841934033	5.305001070308897	-262.68702730842836	0.20407423336274993	0.2681473258657934	0.22612031877437674	0.3016581219970799
59000	-6362.564325309957	-6076.798312411854	-285.76601289810355	-6076.798312411854	28.37973318701596	7.2195255157386535	0.007036096426354601	3.3113991647918715	1.0	3.7390415841934033	6.157185777322818	-266.2355147920022	0.20407423336274993	0.2685590350782013	0.2257086095619688	0.3016581219970799
60000	-6368.630976965231	-6081.895172458146	-286.73580450708516	-6081.895172458146	27.130388358739165	8.538706928328512	0.006887247616351217	3.3113991647918715	1.0	3.512571782349844	5.611945425426954	-266.07570279662406	0.20407423336274993	0.2685590350782013	0.2257086095619688	0.3016581219970799
61000	-6361.945193347212	-6071.625774681298	-290.31941866591393	-6071.625774681298	27.202220426314856	8.40463649213008	0.006957907167149434	3.3113991647918715	1.0	3.512571782349844	5.854922462098487	-269.75501870636947	0.20407423336274993	0.2685590350782013	0.2257086095619688	0.3016581219970799
62000	-6365.849049827094	-6079.106011453947	-286.74303837314733	-6079.106011453947	23.198407447328066	8.112144332128477	0.006504346227446745	3.6597548576270866	1.0	3.512571782349844	5.077186243131068	-266.5971979938822	0.20143524630612344	0.27119802213482774	0.2257086095619688	0.3016581219970799
63000	-6354.550252456404	-6068.267857516673	-286.28239493973194	-6068.267857516673	23.719621605339178	7.173352691213284	0.006267596173374919	3.6597548576270866	1.0	3.512571782349844	6.347251790019161	-266.9999007442694	0.20143524630612344	0.279672738478626	0.21723389321817052	0.3016581219970799
64000	-6347.084761737581	-6059.3963968848675	-287.6883648527134	-6059.3963968848675	27.47549484373828	7.48723609685102	0.00617327631148095	3.6597548576270866	1.0	3.512571782349844	6.1502019327769775	-268.10016204728805	0.20143524630612344	0.279672738478626	0.21141354489406994	0.30747847032118053
65000	-6341.400449670342	-6055.582444308539	-285.81800536180236	-6055.582444308539	25.92952952961144	7.75439521789504	0.006946789176918908	3.6597548576270866	1.0	3.512571782349844	5.434796248849898	-265.93651911484056	0.20143524630612344	0.279672738478626	0.21141354489406994	0.30747847032118053
66000	-6331.968236022858	-6048.736904742133	-283.23133128072465	-6048.736904742133	27.041248584429855	8.960149832904657	0.0070522619561724075	3.6597548576270866	1.0	3.512571782349844	5.181327819805989	-262.0466776881617	0.20143524630612344	0.279672738478626	0.21141354489406994	0.30747847032118053
67000	-6338.996975732387	-6057.172488888421	-281.8244868439665	-6057.172488888421	26.631155235383726	8.913391688143504	0.007341970934043379	3.6597548576270866	1.0	4.013522558054149	5.122469042838866	-260.1614269990538	0.20143524630612344	0.279672738478626	0.21141354489406994	0.30747847032118053
68000	-6336.272297514419	-6052.855293858981	-283.41700365543755	-6052.855293858981	25.34104762149218	9.1253711685417	0.007050228698503796	3.6597548576270866	1.0	4.013522558054149	5.493854675976635	-261.4914536579649	0.2056432945518962	0.279672738478626	0.20720549664829718	0.30747847032118053
69000	-6325.457945706756	-6042.4019666121785	-283.055979094577	-6042.4019666121785	23.786096486035483	9.643336075663463	0.00690395516824999	3.6597548576270866	1.0	4.013522558054149	4.93933662302003	-260.69018264569564	0.2056432945518962	0.279672738478626	0.20720549664829718	0.30747847032118053
70000	-6330.943350116397	-6044.543322526349	-286.40002759004796	-6044.543322526349	27.176794048298866	9.803592400320913	0.006941958754338711	3.6597548576270866	1.0	4.013522558054149	5.278632907291803	-263.7872050371971	0.2068157335951515	0.2838351348011197	0.20187066128254816	0.30747847032118053
71000	-6332.204465936823	-6045.442679034699	-286.7617869021243	-6045.442679034699	26.037112239495748	9.404630470178036	0.006615304294828771	3.6597548576270866	1.0	4.013522558054149	5.442491730682338	-264.6030323189822	0.2068157335951515	0.2838351348011197	0.20187066128254816	0.30747847032118053
72000	-6307.968924453451	-6024.94892741017	-283.01999704328153	-6024.94892741017	25.49312566977737	9.507333744919201	0.006787119340274668	3.064235818334834	1.0	4.013522558054149	4.080459775766545	-261.2124145914298	0.20192849514943426	0.2838351348011197	0.20187066128254816	0.3123657087668978
73000	-6303.573378796469	-6028.561989496613	-275.01138929985575	-6028.561989496613	26.657675221178792	8.346683204037015	0.006512171135416061	3.064235818334834	1.0	4.013522558054149	5.081988347546082	-254.30356565323999	0.20192849514943426	0.2876854184343641	0.19802037764930377	0.3123657087668978
74000	-6321.201592563525	-6041.951708270608	-279.2498842929172	-6041.951708270608	27.949947814349127	9.878663789689005	0.006840662245986737	3.064235818334834	1.0	4.013522558054149	4.665375617750535	-256.8946585144315	0.20192849514943426	0.2876854184343641	0.19802037764930377	0.3123657087668978
75000	-6323.519373168532	-6043.325412161506	-280.19396100702585	-6043.325412161506	26.86363056546996	8.68586747695572	0.006644418954729958	3.064235818334834	1.0	4.013522558054149	3.892035813770563	-259.35773751396385	0.20192849514943426	0.2876854184343641	0.19802037764930377	0.3123657087668978
76000	-6301.775468871772	-6023.315212218275	-278.4602566534975	-6023.315212218275	29.806117450937183	9.02278770310515	0.006279808584379678	3.064235818334834	1.0	4.013522558054149	4.811809037105014	-257.0972418963724	0.20192849514943426	0.2876854184343641	0.19802037764930377	0.3123657087668978
77000	-6308.890348186041	-6029.228878967557	-279.6614692184843	-6029.228878967557	26.25814392480281	8.400914283420795	0.00613168911426718	3.064235818334834	1.0	5.533154736480539	5.014084619234435	-257.4476874723324	0.20192849514943426	0.2876854184343641	0.19802037764930377	0.3123657087668978
78000	-6288.694334778908	-6011.044884305219	-277.64945047368906	-6011.044884305219	25.71305879637692	9.644394517308791	0.006018792621014933	2.961255569511656	1.0	5.533154736480539	4.437589075556992	-254.24513089604756	0.1838459203864444	0.2876854184343641	0.19802037764930377	0.33044828352988764
79000	-6265.779699860062	-5992.3212500179425	-273.4584498421194	-5992.3212500179425	26.893482695709153	9.685287051379923	0.006521287812332078	3.384979407167596	1.0	4.417054164599799	4.35571429840829	-250.91708090151693	0.1838459203864444	0.2876854184343641	0.18169154529910528	0.34677711588008614
80000	-6255.249938990207	-5983.2339043535085	-272.0160346366986	-5983.2339043535085	19.471530017651855	9.783143536175666	0.006846218120633771	3.384979407167596	1.0	5.1838731045376	4.488841059388542	-248.52213036912053	0.17881463898991773	0.2888724769524073	0.18169154529910528	0.35062133875856966
81000	-6233.468580718274	-5960.298091099853	-273.1704896184213	-5960.298091099853	19.672472627627876	9.889950059156599	0.006628381444871178	3.384979407167596	1.0	3.2084521014015577	3.8117948532782804	-251.7313137105308	0.15963678762761957	0.30805032831470547	0.18169154529910528	0.35062133875856966
82000	-6243.677917445233	-5968.012934689425	-275.6649827558084	-5968.012934689425	19.57498654526235	9.348501552303318	0.006549206729584357	2.8493539331274813	1.0	3.2084521014015577	4.068183904654694	-254.9518095655466	0.15963678762761957	0.305213952082432	0.18169154529910528	0.3534577149908431
83000	-6233.134663583247	-5958.257917341536	-274.87674624171103	-5958.257917341536	21.08552023347682	8.67663541929299	0.006973881936779285	2.8493539331274813	1.0	3.2084521014015577	4.522335323683481	-254.7337927384884	0.15186757570049422	0.31298316400955734	0.18169154529910528	0.3534577149908431
84000	-6230.28482217482	-5952.745646041282	-277.5391761335379	-5952.745646041282	22.989778502536954	9.30388442867109	0.006556703549408814	2.8493539331274813	1.0	3.2084521014015577	4.951053489458395	-256.6773762260543	0.15186757570049422	0.31298316400955734	0.18169154529910528	0.3534577149908431
85000	-6202.64663162731	-5931.705855139433	-270.9407764878772	-5931.705855139433	23.172817686857385	8.63896228479108	0.006398831188510902	2.390705755164901	1.0	3.2084521014015577	4.83599077202047	-251.02949296739735	0.15186757570049422	0.31298316400955734	0.16466689916182115	0.3704823611281272
86000	-6205.804175726717	-5938.258456434836	-267.54571929188074	-5938.258456434836	22.864561335554285	9.858212497513984	0.007123425660929438	2.390705755164901	1.0	3.2084521014015577	3.8639292855407597	-246.4133051906322	0.15186757570049422	0.31298316400955734	0.16466689916182115	0.3704823611281272
87000	-6209.705889334506	-5943.503855035302	-266.2020342992039	-5943.503855035302	22.080888719317183	8.173547078063757	0.006849034288560836	2.390705755164901	1.0	3.2084521014015577	4.716294323063229	-246.76296760915412	0.15186757570049422	0.31298316400955734	0.16466689916182115	0.3704823611281272
88000	-6211.757065583877	-5937.320108325799	-274.4369572580779	-5937.320108325799	22.519648230045917	9.895180669663938	0.007045843341984431	2.390705755164901	1.0	3.2084521014015577	5.346116410224448	-252.95049425467832	0.15186757570049422	0.31298316400955734	0.16466689916182115	0.3704823611281272
89000	-6193.720490381386	-5928.4187251751055	-265.30176520628066	-5928.4187251751055	27.215730467166093	9.275778510731955	0.006568852356886005	2.390705755164901	1.0	3.2084521014015577	4.561296580306132	-244.7218702057016	0.15186757570049422	0.31298316400955734	0.16466689916182115	0.3704823611281272
90000	-6195.670159681608	-5925.466733964915	-270.2034257166932	-5925.466733964915	24.461356900635696	9.0007610541079	0.007118026618347243	2.390705755164901	1.0	3.2084521014015577	4.5327896002431665	-249.85146609731555	0.15186757570049422	0.31298316400955734	0.16466689916182115	0.3704823611281272
91000	-6194.323356258709	-5928.573392881976	-265.7499633767333	-5928.573392881976	24.043078558149332	9.158231543579026	0.007087982832409671	2.390705755164901	1.0	3.2084521014015577	4.104414910222395	-245.3284366868269	0.15186757570049422	0.31298316400955734	0.16466689916182115	0.3704823611281272
92000	-6194.380604262842	-5922.98312066739	-271.39748359545194	-5922.98312066739	25.511908546297104	9.587083386714353	0.007051073254579372	2.390705755164901	1.0	7.891870852046519	3.433053088546205	-246.00634403774285	0.15186757570049422	0.31298316400955734	0.16466689916182115	0.3704823611281272
93000	-6197.350859810966	-5925.825235833203	-271.5256239777624	-5925.825235833203	25.254748627526205	9.580752095955665	0.007695342536239692	2.390705755164901	1.0	8.450251948603585	4.854855924180423	-245.14885718922196	0.15186757570049422	0.31298316400955734	0.16466689916182115	0.3704823611281272
94000	-6189.033804861072	-5918.597668103905	-270.43613675716733	-5918.597668103905	22.594240783036607	9.580752095955665	0.007812378850793506	2.390705755164901	1.0	8.07470534138058	3.7833872439655445	-244.66914050413766	0.15186757570049422	0.31298316400955734	0.16466689916182115	0.3704823611281272
95000	-6190.352284264353	-5922.097504796251	-268.2547794681024	-5922.097504796251	21.82750032584106	9.98296666349442	0.007785158755938666	2.390705755164901	1.0	8.07470534138058	3.888744072752024	-242.02459039582936	0.15186757570049422	0.31298316400955734	0.16466689916182115	0.3704823611281272
96000	-6173.727748205795	-5907.970722977554	-265.75702522824133	-5907.970722977554	23.63955159568024	9.98296666349442	0.007739533888890303	2.390705755164901	1.0	5.093311252938619	3.8625530828283727	-242.52088207328612	0.15186757570049422	0.31298316400955734	0.16466689916182115	0.3704823611281272
97000	-6187.741111319453	-5919.388186697281	-268.35292462217245	-5919.388186697281	22.12824782308063	9.786940706673045	0.00790734326256401	2.390705755164901	1.0	5.0539252160980865	3.3726983049346178	-245.48414604271923	0.15186757570049422	0.31298316400955734	0.16466689916182115	0.3704823611281272
98000	-6195.653392604057	-5929.06902584346	-266.584366760598	-5929.06902584346	21.160884670793948	9.287193305598546	0.008197216882925596	2.390705755164901	1.0	5.0539252160980865	4.497296635664583	-243.9386308005504	0.15186757570049422	0.31298316400955734	0.16466689916182115	0.3704823611281272
99000	-6209.81288465845	-5943.014655902139	-266.7982287563111	-5943.014655902139	18.555658406880706	8.63891268312542	0.007571040276368738	2.390705755164901	1.0	5.0539252160980865	4.35901708450471	-244.97682005676654	0.15186757570049422	0.31298316400955734	0.16466689916182115	0.3704823611281272
100000	-6197.876283363858	-5926.961446192356	-270.9148371715025	-5926.961446192356	18.552253109216156	9.301294536449896	0.007330866083282281	2.390705755164901	1.0	5.0539252160980865	3.593644871809878	-248.58995286941757	0.14645346294287964	0.31298316400955734	0.16466689916182115	0.3758964738857418
