#
#model:
#
#<?xml version="1.0" encoding="UTF-8" standalone="no"?><input id="posterior" spec="beast.core.util.CompoundDistribution">
#    <distribution id="prior" spec="beast.core.util.CompoundDistribution">
#        <distribution id="CoalescentConstant.t:1" spec="beast.evolution.tree.coalescent.Coalescent">
#            <populationModel id="ConstantPopulation.t:1" spec="beast.evolution.tree.coalescent.ConstantPopulation">
#                <parameter id="popSize.t:1" name="popSize" spec="beast.core.parameter.RealParameter">0.3</parameter>
#            </populationModel>
#            <treeIntervals id="TreeIntervals.t:1" spec="beast.evolution.tree.coalescent.TreeIntervals">
#                <tree id="Tree.t:1" spec="beast.evolution.tree.Tree">
#                    <trait id="dateTrait.t:1" spec="beast.evolution.tree.TraitSet" traitname="date" value="2_2000.1=2000.1,17_2001.6=2001.6,18_2001.7=2001.7,21_2002=2002,24_2002.3=2002.3,26_2002.5=2002.5,5_2000.4=2000.4,7_2000.6=2000.6,4_2000.3=2000.3,13_2001.2=2001.2,15_2001.4=2001.4,16_2001.5=2001.5,1_2000=2000,8_2000.7=2000.7,3_2000.2=2000.2,12_2001.1=2001.1,22_2002.1=2002.1,32_2003.1=2003.1,28_2002.7=2002.7,43_2004.2=2004.2,46_2004.5=2004.5,55_2005.4=2005.4,63_2006.2=2006.2,65_2006.4=2006.4,66_2006.5=2006.5,67_2006.6=2006.6,23_2002.2=2002.2,10_2000.9=2000.9,14_2001.3=2001.3,33_2003.2=2003.2,39_2003.8=2003.8,34_2003.3=2003.3,44_2004.3=2004.3,48_2004.7=2004.7,53_2005.2=2005.2,52_2005.1=2005.1,58_2005.7=2005.7,9_2000.8=2000.8,6_2000.5=2000.5,11_2001=2001,25_2002.4=2002.4,20_2001.9=2001.9,47_2004.6=2004.6,36_2003.5=2003.5,45_2004.4=2004.4,50_2004.9=2004.9,42_2004.1=2004.1,51_2005=2005,35_2003.4=2003.4,37_2003.6=2003.6,57_2005.6=2005.6,59_2005.8=2005.8,61_2006=2006,62_2006.1=2006.1,41_2004=2004,40_2003.9=2003.9,49_2004.8=2004.8,74_2007.3=2007.3,77_2007.6=2007.6,68_2006.7=2006.7,70_2006.9=2006.9,81_2008=2008,19_2001.8=2001.8,27_2002.6=2002.6,29_2002.8=2002.8,30_2002.9=2002.9,31_2003=2003,38_2003.7=2003.7,56_2005.5=2005.5,69_2006.8=2006.8,82_2008.1=2008.1,80_2007.9=2007.9,83_2008.2=2008.2,87_2008.6=2008.6,71_2007=2007,75_2007.4=2007.4,72_2007.1=2007.1,91_2009=2009,88_2008.7=2008.7,94_2009.3=2009.3,98_2009.7=2009.7,79_2007.8=2007.8,84_2008.3=2008.3,78_2007.7=2007.7,76_2007.5=2007.5,89_2008.8=2008.8,93_2009.2=2009.2,96_2009.5=2009.5,97_2009.6=2009.6,95_2009.4=2009.4,100_2009.9=2009.9,54_2005.3=2005.3,60_2005.9=2005.9,64_2006.3=2006.3,73_2007.2=2007.2,86_2008.5=2008.5,85_2008.4=2008.4,90_2008.9=2008.9,99_2009.8=2009.8,92_2009.1=2009.1,101_2010=2010">
#                        <taxa id="TaxonSet.1" spec="beast.evolution.alignment.TaxonSet">
#                        </taxa>
#                    </trait>
#                    <taxonset idref="TaxonSet.1"/>
#                </tree>
#            </treeIntervals>
#        </distribution>
#        <prior id="rateOmega.prior" name="distribution">
#            <parameter id="rateOmega" lower="0.1" name="x" spec="beast.core.parameter.RealParameter" upper="10.0">0.5</parameter>
#            <Gamma id="Gamma.0" name="distr">
#                <parameter estimate="false" id="rateOmega.alpha" name="alpha" spec="beast.core.parameter.RealParameter">0.1</parameter>
#                <parameter estimate="false" id="rateOmega.beta" name="beta" spec="beast.core.parameter.RealParameter">1.0</parameter>
#            </Gamma>
#        </prior>
#        <prior id="rateMean.prior" name="distribution">
#            <parameter id="rateMean" lower="1.0E-4" name="x" spec="beast.core.parameter.RealParameter" upper="10.0">0.005</parameter>
#            <Gamma id="Gamma.1" name="distr">
#                <parameter estimate="false" id="rateMean.alpha" name="alpha" spec="beast.core.parameter.RealParameter">0.005</parameter>
#                <parameter estimate="false" id="rateMean.beta" name="beta" spec="beast.core.parameter.RealParameter">1.0</parameter>
#            </Gamma>
#        </prior>
#        <prior id="FrequenciesPrior.s:1" name="distribution">
#            <parameter dimension="4" id="freqParameter.s:1" lower="0.0" name="x" spec="beast.core.parameter.RealParameter" upper="1.0">0.25</parameter>
#            <Uniform id="Uniform.3" name="distr"/>
#        </prior>
#        <prior id="GammaShapePrior.s:1" name="distribution">
#            <parameter id="gammaShape.s:1" name="x" spec="beast.core.parameter.RealParameter">1.0</parameter>
#            <Exponential id="Exponential.0" name="distr">
#                <parameter estimate="false" id="RealParameter.0" name="mean" spec="beast.core.parameter.RealParameter">1.0</parameter>
#            </Exponential>
#        </prior>
#        <prior id="KappaPrior.s:1" name="distribution">
#            <parameter id="kappa.s:1" lower="0.0" name="x" spec="beast.core.parameter.RealParameter">2.0</parameter>
#            <LogNormal id="LogNormalDistributionModel.0" name="distr">
#                <parameter estimate="false" id="RealParameter.1" name="M" spec="beast.core.parameter.RealParameter">1.0</parameter>
#                <parameter estimate="false" id="RealParameter.2" name="S" spec="beast.core.parameter.RealParameter">1.25</parameter>
#            </LogNormal>
#        </prior>
#        <prior id="PopSizePrior.t:1" name="distribution" x="@popSize.t:1">
#            <OneOnX id="OneOnX.1" name="distr"/>
#        </prior>
#    </distribution>
#    <distribution id="likelihood" spec="beast.core.util.CompoundDistribution" useThreads="true">
#        <distribution data="@1" id="treeLikelihood.1" spec="beast.evolution.likelihood.ThreadedTreeLikelihood" tree="@Tree.t:1">
#            <siteModel gammaCategoryCount="4" id="SiteModel.s:1" shape="@gammaShape.s:1" spec="beast.evolution.sitemodel.SiteModel">
#                <parameter id="mutationRate.s:1" name="mutationRate" spec="beast.core.parameter.RealParameter">1.0</parameter>
#                <parameter estimate="false" id="proportionInvariant.s:1" lower="0.0" name="proportionInvariant" spec="beast.core.parameter.RealParameter" upper="1.0">0.0</parameter>
#                <substModel id="hky.s:1" kappa="@kappa.s:1" spec="beast.evolution.substitutionmodel.HKY">
#                    <frequencies frequencies="@freqParameter.s:1" id="estimatedFreqs.s:1" spec="beast.evolution.substitutionmodel.Frequencies"/>
#                </substModel>
#            </siteModel>
#            <branchRateModel id="branchRates" numSites="1000" numberOfDiscreteRates="12" rateMean="@rateMean" rateOmega="@rateOmega" spec="beast.evolution.branchratemodel.ARClockModel" tree="@Tree.t:1">
#                <rateCategories dimension="200" id="rateCategories" spec="beast.core.parameter.IntegerParameter">1</rateCategories>
#            </branchRateModel>
#        </distribution>
#    </distribution>
#</input>
#
Sample	posterior	likelihood	prior	treeLikelihood	TreeHeight	rateOmega	rateMean	kappa	mutationRate	gammaShape	popSize	CoalescentConstant	freqParameter.1	freqParameter.2	freqParameter.3	freqParameter.4
0	-19620.21183955964	-19386.17863338928	-234.03320617036022	-19386.17863338928	10.751582664363609	0.5	0.005	2.0	1.0	1.0	0.3	-230.21431273121476	0.25	0.25	0.25	0.25
1000	-13082.071381630143	-12792.443832569124	-289.627549061018	-12792.443832569124	11.557241296686378	0.2762081363538864	0.025904263217733335	3.1940361545973053	1.0	1.0	5.188427087784224	-281.61217152456834	0.25	0.25	0.25	0.25
2000	-12063.33525928374	-11762.101436526784	-301.23382275695616	-11762.101436526784	11.557241296686378	1.6298315865590476	0.021252748081913797	3.1940361545973053	1.0	1.0	8.681632512964608	-289.95405648339135	0.25	0.25	0.25	0.25
3000	-11095.979307632653	-10788.418628022666	-307.56067960998814	-10788.418628022666	11.497102110045569	3.181934907948244	0.019718101096028905	3.4997720603039926	1.0	1.0	5.8030526196275325	-294.5021107581191	0.25	0.24546909756004567	0.25	0.2545309024399543
4000	-10522.875666076838	-10207.24320257942	-315.6324634974165	-10207.24320257942	11.497102110045569	7.631080360207109	0.018935866047650695	3.4997720603039926	1.0	1.0	7.399645082723305	-297.135494380559	0.24479804294479682	0.24502718509695817	0.25	0.26017477195824495
5000	-10181.338646298524	-9856.346188286727	-324.9924580117967	-9856.346188286727	11.497102110045569	9.27872043418647	0.017768014137572685	3.738279786608059	1.0	1.0	6.972187776293415	-304.71793362522465	0.24479804294479682	0.24502718509695817	0.24745607383798335	0.2627186981202616
6000	-10018.547350665218	-9687.58019114842	-330.9671595167984	-9687.58019114842	11.160902850234542	9.607750501065242	0.0185436760018569	4.499383854349299	1.0	1.0	9.31868943607257	-309.7647656462199	0.24479804294479682	0.24502718509695817	0.24745607383798335	0.2627186981202616
7000	-9698.63824738391	-9365.577752352438	-333.06049503147204	-9365.577752352438	11.160902850234542	8.948513176895124	0.017026070550889304	4.499383854349299	1.0	1.0	9.175634237259715	-312.68325719189744	0.24479804294479682	0.24502718509695817	0.24745607383798335	0.2627186981202616
8000	-9507.660083810133	-9167.875869846897	-339.7842139632359	-9167.875869846897	11.160902850234542	9.948033857085365	0.015555269844041828	4.499383854349299	1.0	1.0	8.493435815554017	-318.4807798935063	0.23982113528850466	0.24502718509695817	0.2524329814942755	0.2627186981202616
9000	-9394.39205899435	-9054.433203553308	-339.95885544104283	-9054.433203553308	11.160902850234542	9.321732896034998	0.014199778099721855	4.499383854349299	1.0	1.0	7.969091885990751	-319.49604190840654	0.23982113528850466	0.24502718509695817	0.2524329814942755	0.2627186981202616
10000	-9281.80976925478	-8949.391232041486	-332.41853721329437	-8949.391232041486	11.2737240913552	9.53278577856015	0.013626422045835434	4.499383854349299	1.0	1.0	7.91819356063725	-311.77251155653147	0.23982113528850466	0.24502718509695817	0.2524329814942755	0.2627186981202616
11000	-9103.059229945507	-8765.759923554766	-337.299306390741	-8765.759923554766	11.2737240913552	9.792358954576308	0.013366292221592099	4.499383854349299	1.0	1.0	8.81725427739887	-316.28141971463737	0.23982113528850466	0.24502718509695817	0.24664399551182978	0.2685076841027073
12000	-8792.523599570584	-8469.654906664318	-322.8686929062664	-8469.654906664318	11.59040954388853	9.115432715373657	0.011782699462780674	4.499383854349299	1.0	1.0	8.948464034823989	-302.7044880336389	0.23982113528850466	0.24502718509695817	0.24664399551182978	0.2685076841027073
13000	-8719.345643164042	-8393.306142244897	-326.03950091914544	-8393.306142244897	11.59040954388853	9.8707532753394	0.011579222910713241	4.499383854349299	1.0	0.7540452282930411	7.0469090066274065	-305.5507128378893	0.23982113528850466	0.24502718509695817	0.24664399551182978	0.2685076841027073
14000	-8686.321679436482	-8359.3447566179	-326.9769228185807	-8359.3447566179	11.59040954388853	9.8707532753394	0.011163831926101746	4.499383854349299	1.0	0.7540452282930411	7.792609930337003	-306.424313808107	0.23982113528850466	0.24502718509695817	0.24664399551182978	0.2685076841027073
15000	-8621.431369552109	-8292.08094090959	-329.35042864251864	-8292.08094090959	11.59040954388853	9.51622206479502	0.010149099240654345	4.499383854349299	1.0	0.7540452282930411	7.49053554119578	-309.32063936940216	0.23982113528850466	0.24502718509695817	0.24664399551182978	0.2685076841027073
16000	-8533.384938552708	-8204.034299301815	-329.3506392508939	-8204.034299301815	11.491542633076387	9.939527644995023	0.010474822305427891	4.499383854349299	1.0	0.7540452282930411	8.296748603287428	-308.7243942556057	0.23982113528850466	0.24502718509695817	0.24664399551182978	0.2685076841027073
17000	-8496.22231345537	-8169.172759170363	-327.0495542850073	-8169.172759170363	11.491542633076387	9.430416221876461	0.010910749359821547	4.499383854349299	1.0	0.7540452282930411	7.618621006730695	-307.0240043336942	0.24802087839052683	0.24502718509695817	0.2384442524098076	0.2685076841027073
18000	-8468.51720685443	-8141.894522062893	-326.6226847915376	-8141.894522062893	11.491542633076387	9.693215737108902	0.010626625047955932	4.499383854349299	1.0	0.40555727900509886	8.649260287447195	-306.5577454867037	0.24802087839052683	0.24502718509695817	0.2384442524098076	0.2685076841027073
19000	-8308.408720057252	-7988.895471431194	-319.51324862605804	-7988.895471431194	11.473834120137576	7.783379559860747	0.009915027095733596	4.499383854349299	1.0	0.40555727900509886	6.860611506530111	-301.8569909553155	0.24802087839052683	0.24502718509695817	0.2384442524098076	0.2685076841027073
20000	-8259.933102284182	-7941.484296104554	-318.4488061796276	-7941.484296104554	11.218608996728054	8.474936830479605	0.010200404380546252	4.499383854349299	1.0	0.40555727900509886	7.639083057388084	-299.88838056328507	0.24477886260494894	0.24502718509695817	0.2416862681953855	0.2685076841027073
21000	-8054.170319819237	-7735.049419874409	-319.12089994482835	-7735.049419874409	11.218608996728054	7.086456861716295	0.009076125134466916	4.499383854349299	1.0	0.40555727900509886	7.042942563665703	-302.3085611527998	0.24477886260494894	0.24502718509695817	0.2416862681953855	0.2685076841027073
22000	-7985.373750244516	-7660.244104143616	-325.12964610090006	-7660.244104143616	11.218608996728054	7.953611615610695	0.010344642374636557	4.499383854349299	1.0	0.40555727900509886	7.4519800840443535	-307.158366463929	0.24477886260494894	0.24502718509695817	0.2416862681953855	0.2685076841027073
23000	-7891.374231635512	-7567.527085441942	-323.8471461935697	-7567.527085441942	11.218608996728054	9.628041651920924	0.00960485227278696	4.499383854349299	1.0	0.42772500271198133	6.367134660379257	-304.239219783213	0.23814109505652087	0.25166495264538624	0.2416862681953855	0.2685076841027073
24000	-7719.075187251322	-7400.098752403208	-318.97643484811425	-7400.098752403208	11.424682439871942	9.295923251461177	0.009792216055197372	4.499383854349299	1.0	0.5382793356981673	6.451531408003571	-299.58908789635666	0.23814109505652087	0.25166495264538624	0.2416862681953855	0.2685076841027073
25000	-7657.467993162006	-7342.565205897451	-314.90278726455466	-7342.565205897451	12.050834154228285	9.581554921054575	0.009472965721575594	4.499383854349299	1.0	0.5382793356981673	6.685600783506613	-295.20023183017895	0.23814109505652087	0.25166495264538624	0.2416862681953855	0.2685076841027073
26000	-7405.691492907111	-7096.2690193460085	-309.422473561102	-7096.2690193460085	11.950512406534479	9.800652073014906	0.009137828318221427	4.499383854349299	1.0	0.5382793356981673	5.840254280362865	-289.6518288984464	0.23049523242660372	0.25166495264538624	0.2416862681953855	0.2761535467326245
27000	-7385.083870121825	-7076.112298002498	-308.97157211932716	-7076.112298002498	12.029409919063971	9.878426354884484	0.009712228268773795	4.499383854349299	1.0	0.5382793356981673	6.2788028144467125	-288.98240174505713	0.23049523242660372	0.25166495264538624	0.2416862681953855	0.2761535467326245
28000	-7368.721623430445	-7055.483354847436	-313.2382685830089	-7055.483354847436	12.190194910372655	9.505113005665253	0.008805333227786146	4.499383854349299	1.0	0.5382793356981673	7.346045589846724	-293.5985446602323	0.23049523242660372	0.25166495264538624	0.2416862681953855	0.2761535467326245
29000	-7317.854628397487	-7012.940295386906	-304.91433301058197	-7012.940295386906	12.677703181002775	8.108709944449146	0.008219458847233173	4.499383854349299	1.0	0.5382793356981673	6.40413629017582	-287.02032701842217	0.23049523242660372	0.25166495264538624	0.23514665425708678	0.2826931606709232
30000	-7280.802925189922	-6979.113082249975	-301.6898429399458	-6979.113082249975	12.49787581064061	8.871373271186563	0.008638240029127083	4.499383854349299	1.0	0.6769454397628926	6.0282461304003725	-282.82422894702665	0.23315355179106173	0.25166495264538624	0.22952202386826445	0.28565947169528755
31000	-7239.144237133156	-6931.083748479598	-308.06048865355734	-6931.083748479598	12.35258652525529	9.155801175851684	0.008542226148623103	4.499383854349299	1.0	0.7417079533514881	5.97730437972639	-288.8369857300562	0.23315355179106173	0.25166495264538624	0.22952202386826445	0.28565947169528755
32000	-7178.728649708456	-6867.134799969011	-311.5938497394452	-6867.134799969011	12.71261118050888	9.158141327725609	0.00866057837220486	4.499383854349299	1.0	0.7417079533514881	6.775206102637682	-292.22866715386436	0.23315355179106173	0.25166495264538624	0.22952202386826445	0.28565947169528755
33000	-7185.95671906909	-6879.005368331903	-306.95135073718643	-6879.005368331903	12.425535904879382	9.431455934756118	0.007971248722073204	4.222163868408318	1.0	0.7227680725439729	6.892935074452598	-287.4541233493452	0.23315355179106173	0.25166495264538624	0.22952202386826445	0.28565947169528755
34000	-7169.550310362096	-6867.501073062203	-302.0492372998923	-6867.501073062203	13.467594735761672	8.882317738600408	0.008014711541401754	4.222163868408318	1.0	0.7227680725439729	6.385797850460832	-283.22610389665687	0.23315355179106173	0.25166495264538624	0.22952202386826445	0.28565947169528755
35000	-7172.739601521952	-6863.601875437752	-309.13772608419987	-6863.601875437752	13.467594735761672	9.723834868659827	0.008459945476012028	4.222163868408318	1.0	0.8813827783515177	6.303082971698311	-289.1917937716737	0.23315355179106173	0.25166495264538624	0.22952202386826445	0.28565947169528755
36000	-7163.279896200225	-6849.342942804582	-313.936953395643	-6849.342942804582	13.705603440474503	9.501944483160742	0.008459945476012028	4.222163868408318	1.0	0.8813827783515177	6.778679221580904	-294.1609433179433	0.23315355179106173	0.25166495264538624	0.22952202386826445	0.28565947169528755
37000	-7119.58044101265	-6806.722039550573	-312.85840146207715	-6806.722039550573	14.08808672682497	9.296934612187865	0.008391665597980966	4.222163868408318	1.0	0.8813827783515177	7.603887805066728	-293.20028588418126	0.23315355179106173	0.25166495264538624	0.22952202386826445	0.28565947169528755
38000	-7116.884004982366	-6801.617420224113	-315.26658475825303	-6801.617420224113	13.972290969171006	9.833217628007032	0.008423192570180309	4.222163868408318	1.0	0.8813827783515177	7.833647224579488	-294.9881816286826	0.23315355179106173	0.2426012201323819	0.22952202386826445	0.2947232042082919
39000	-7124.131743832785	-6808.399507782404	-315.7322360503817	-6808.399507782404	14.669044171576358	9.65474418820511	0.009045167891725697	4.222163868408318	1.0	0.8813827783515177	6.383228578333987	-295.7820381307931	0.23315355179106173	0.24288562504685607	0.22952202386826445	0.2944387992938177
40000	-7116.577906877717	-6800.022593421532	-316.55531345618556	-6800.022593421532	14.600119565789875	8.692692103018713	0.008466266550538682	4.222163868408318	1.0	0.8813827783515177	7.310533332208172	-297.59238471985765	0.23315355179106173	0.24288562504685607	0.22952202386826445	0.2944387992938177
41000	-7109.482243822704	-6798.223526791214	-311.25871703148994	-6798.223526791214	14.245426928050305	9.304738302934723	0.008844803890834226	4.222163868408318	1.0	0.8813827783515177	7.219493413824552	-291.59113620282665	0.23315355179106173	0.24288562504685607	0.22952202386826445	0.2944387992938177
42000	-7073.018073738284	-6763.353011251766	-309.6650624865188	-6763.353011251766	13.989772443404876	9.521255193790797	0.008795417733709208	4.222163868408318	1.0	0.8813827783515177	5.207954745783335	-290.09248037865683	0.23315355179106173	0.24288562504685607	0.21573569952496233	0.30822512363711985
43000	-7066.301475282648	-6761.559421447272	-304.74205383537617	-6761.559421447272	14.4215706011276	9.543708132664374	0.009628855620452091	4.222163868408318	1.0	0.8813827783515177	6.1537186907068655	-284.8871152860514	0.23315355179106173	0.24288562504685607	0.21573569952496233	0.30822512363711985
44000	-7001.423221679844	-6701.951264602299	-299.471957077545	-6701.951264602299	12.682373243985015	9.657966949716458	0.009297547646240469	4.222163868408318	1.0	0.8813827783515177	5.663866799386224	-279.61016843216845	0.21258934681376496	0.24631753439188636	0.21573569952496233	0.3253574192693863
45000	-6983.273084831303	-6682.3611723596605	-300.9119124716428	-6682.3611723596605	13.039968102559111	9.612676274499611	0.009076262346926975	4.222163868408318	1.0	0.8813827783515177	5.251822011440669	-281.1993657614178	0.21258934681376496	0.25391087669433693	0.20814235722251176	0.3253574192693863
46000	-6898.723010043704	-6602.273690892289	-296.44931915141444	-6602.273690892289	13.242529947777022	9.202429599558835	0.009760651165424706	3.599332106225039	1.0	1.088705922384409	6.34652262883953	-276.91302721923677	0.21258934681376496	0.25391087669433693	0.20814235722251176	0.3253574192693863
47000	-6889.424141500418	-6594.244623122922	-295.179518377496	-6594.244623122922	13.242529947777022	9.222551953614666	0.009767834008088784	3.599332106225039	1.0	1.088705922384409	4.548757942702229	-275.95345196567393	0.21258934681376496	0.25391087669433693	0.20814235722251176	0.3253574192693863
48000	-6889.380026506588	-6599.172197091816	-290.20782941477233	-6599.172197091816	13.454364268249964	8.336647354361633	0.009485608358337587	3.599332106225039	1.0	1.088705922384409	5.61589414720865	-271.7772672134416	0.21258934681376496	0.25391087669433693	0.20814235722251176	0.3253574192693863
49000	-6895.131755140271	-6605.18502642413	-289.9467287161409	-6605.18502642413	12.88408259277571	9.522079758917322	0.010369287298034534	3.599332106225039	1.0	1.088705922384409	5.7263206448816915	-270.1020939241417	0.21839943387540606	0.25391087669433693	0.20233227016087066	0.3253574192693863
50000	-6896.702868887294	-6604.780413995963	-291.92245489133165	-6604.780413995963	13.594620891460131	9.325799666136144	0.009828974899489435	3.599332106225039	1.0	1.088705922384409	5.436133967223629	-272.3986373588142	0.21839943387540606	0.25391087669433693	0.19412191087899613	0.33356777855126085
51000	-6886.980038521894	-6595.2745048325005	-291.7055336893936	-6595.2745048325005	13.31678975747266	9.325799666136144	0.01073080809684858	3.599332106225039	1.0	1.088705922384409	4.484142738255117	-272.28598982785303	0.21839943387540606	0.25391087669433693	0.19412191087899613	0.33356777855126085
52000	-6837.366351737655	-6550.705656085706	-286.6606956519494	-6550.705656085706	14.220415006344767	9.953604811754172	0.00964860356076616	3.599332106225039	1.0	1.088705922384409	5.626071342140478	-266.43470388213296	0.19393149356395126	0.25391087669433693	0.19412191087899613	0.3580357188627157
53000	-6843.36053170692	-6546.8548983360515	-296.5056333708677	-6546.8548983360515	14.062118637883566	9.17062846079005	0.009221095784184313	3.599332106225039	1.0	1.088705922384409	6.090665990080321	-277.10252820115693	0.19393149356395126	0.25391087669433693	0.19412191087899613	0.3580357188627157
54000	-6810.568169844684	-6519.3478747517365	-291.2202950929475	-6519.3478747517365	14.495182273742458	8.708192973800795	0.009351984133455586	3.599332106225039	1.0	1.088705922384409	6.099607394174652	-272.3105707361237	0.19393149356395126	0.25391087669433693	0.16763113811936484	0.384526491622347
55000	-6633.240683962267	-6347.02523829546	-286.21544566680694	-6347.02523829546	14.080278684147173	9.212656113593068	0.008359204521246048	3.599332106225039	1.0	1.088705922384409	5.067533305061765	-267.0486028077545	0.2003177852636446	0.25391087669433693	0.1612448464196715	0.384526491622347
56000	-6589.166396095127	-6302.776144533204	-286.39025156192264	-6302.776144533204	14.241768940396067	8.807806062977209	0.008853892128032297	3.599332106225039	1.0	1.088705922384409	6.07982588264457	-267.42888160792586	0.2003177852636446	0.25391087669433693	0.1612448464196715	0.384526491622347
57000	-6475.223952991434	-6188.382248062821	-286.8417049286125	-6188.382248062821	13.98039402222795	9.631497164122635	0.007953464219648241	3.2457578534726443	1.0	1.088705922384409	5.570905995315791	-267.28977257973884	0.1559963478583914	0.25391087669433693	0.1595845072018562	0.4305082682454155
58000	-6413.10717069899	-6125.331656954508	-287.7755137444818	-6125.331656954508	13.954347955041163	8.48096078943601	0.007809829195775033	3.2457578534726443	1.0	1.386888474082086	5.514665475482927	-269.2188523700639	0.1559963478583914	0.25391087669433693	0.1595845072018562	0.4305082682454155
59000	-6371.666161210845	-6082.032378705221	-289.6337825056233	-6082.032378705221	13.954347955041163	9.228775914752921	0.007514143182748787	3.2339550159176484	1.0	1.386888474082086	5.7092431094488285	-270.26132919281366	0.1559963478583914	0.25391087669433693	0.1595845072018562	0.4305082682454155
60000	-6221.710443206207	-5929.8657333247465	-291.8447098814603	-5929.8657333247465	14.362728614479158	9.231935870419518	0.007025680868726992	3.2339550159176484	1.0	1.386888474082086	5.432179278879315	-272.58590182825526	0.1559963478583914	0.25391087669433693	0.15745945816959214	0.43263331727767956
61000	-6181.565580640265	-5891.557267891006	-290.0083127492594	-5891.557267891006	13.628604498236221	9.257834554876894	0.00725561450823728	3.2339550159176484	1.0	1.386888474082086	4.814200509722264	-270.80958277873884	0.13916530885646142	0.27074191569626693	0.15745945816959214	0.43263331727767956
62000	-6120.113533261637	-5825.4529733880845	-294.66055987355213	-5825.4529733880845	14.677242577631434	9.685407825412652	0.007230933183751192	3.2339550159176484	1.0	2.8214166019107663	5.5442761350574425	-273.4213123453675	0.13916530885646142	0.27074191569626693	0.15745945816959214	0.43263331727767956
63000	-6101.258519446048	-5803.58849925571	-297.67002019033765	-5803.58849925571	14.75982210820907	9.903331608425113	0.007052287816406816	3.2339550159176484	1.0	2.8214166019107663	6.014951730105258	-276.13641047071917	0.13916530885646142	0.2882472548754783	0.1399541189903808	0.43263331727767956
64000	-6089.3259435086	-5798.616370513988	-290.70957299461185	-5798.616370513988	13.630495191620119	9.62173108100219	0.007468572366057662	3.2339550159176484	1.0	2.8214166019107663	5.687586029036566	-269.4820072319393	0.13916530885646142	0.2882472548754783	0.12797419125502418	0.4446132450130362
65000	-6068.157998545839	-5783.417155627243	-284.7408429185962	-5783.417155627243	13.748368679567603	9.46719721279909	0.007378060810768691	3.2339550159176484	1.0	2.8214166019107663	5.867890117872602	-263.66339653657025	0.13916530885646142	0.2882472548754783	0.12295613698141326	0.4496312992866471
66000	-6066.731478051474	-5783.307900519969	-283.42357753150577	-5783.307900519969	13.748368679567603	9.003759124411646	0.007206550637842817	2.942116728161478	1.0	2.8214166019107663	4.729633313504143	-263.1961911598134	0.13916530885646142	0.2882472548754783	0.12295613698141326	0.4496312992866471
67000	-6075.502525208965	-5792.4074911159905	-283.0950340929747	-5792.4074911159905	13.788568117805895	9.185563618583062	0.007483414319308531	2.942116728161478	1.0	2.8214166019107663	5.312185440863873	-262.5139086689878	0.13916530885646142	0.2882472548754783	0.12295613698141326	0.4496312992866471
68000	-6075.716782781884	-5789.28078265187	-286.43600013001355	-5789.28078265187	13.675770207418866	8.739994357360425	0.007916190224392878	2.942116728161478	1.0	2.8214166019107663	4.001482958704721	-266.5721608570926	0.13916530885646142	0.2882472548754783	0.12295613698141326	0.4496312992866471
69000	-6068.575393905377	-5780.95198585431	-287.623408051067	-5780.95198585431	13.675770207418866	9.699425523635867	0.0072397125779086625	2.0618706507052202	1.0	2.8214166019107663	4.3927345682523855	-267.0357423797048	0.13916530885646142	0.2882472548754783	0.12295613698141326	0.4496312992866471
70000	-6053.46869316589	-5765.399413241065	-288.0692799248241	-5765.399413241065	15.041383516735683	9.316830587485613	0.007332090299164748	2.0618706507052202	1.0	2.8214166019107663	5.15400588898036	-267.7278984939838	0.14154798161172294	0.2882472548754783	0.12057346422615176	0.4496312992866471
71000	-6042.896809046541	-5760.6524976822275	-282.24431136431434	-5760.6524976822275	15.148496085551358	8.891871067922164	0.006769293945200159	2.0618706507052202	1.0	2.4274912598817795	5.519045194397806	-262.7754280175885	0.14154798161172294	0.296643072803211	0.11217764629841906	0.4496312992866471
72000	-6054.0774745823455	-5769.905298459015	-284.17217612333025	-5769.905298459015	14.194158855692377	9.285995753246493	0.007040247109164364	2.0618706507052202	1.0	2.4274912598817795	5.52145086778241	-264.23037815674627	0.14154798161172294	0.296643072803211	0.11217764629841906	0.4496312992866471
73000	-6046.0946786234745	-5762.107951307014	-283.98672731645996	-5762.107951307014	14.000843062013722	9.477732900165881	0.007451895845575983	2.0618706507052202	1.0	2.4274912598817795	5.100508981127857	-263.8571458648881	0.11425568891212973	0.3316679604408408	0.10444505136038248	0.4496312992866471
74000	-6050.8791287366585	-5760.769100626364	-290.11002811029414	-5760.769100626364	14.000843062013722	9.221639777744794	0.006921827120153063	2.0618706507052202	1.0	3.8825339478267704	5.253094656632211	-268.85062294171865	0.11425568891212973	0.3316679604408408	0.10444505136038248	0.4496312992866471
75000	-6053.993240059441	-5758.427669161456	-295.5655708979845	-5758.427669161456	14.03935775879011	9.23122302174733	0.007196295315608504	2.0618706507052202	1.0	3.8825339478267704	4.788503018030192	-274.34928058094715	0.11425568891212973	0.3316679604408408	0.10444505136038248	0.4496312992866471
76000	-6050.252939118269	-5760.036508230635	-290.21643088763346	-5760.036508230635	14.381964884385646	8.74526661583586	0.0073381587860943676	2.0618706507052202	1.0	3.8825339478267704	6.006557955149261	-269.28856814008145	0.11425568891212973	0.3316679604408408	0.10444505136038248	0.4496312992866471
77000	-6053.11802502877	-5770.807315808062	-282.3107092207077	-5770.807315808062	14.102222915555117	7.739855553219007	0.006684560261766248	1.8594688524950593	1.0	2.9884957825968885	5.137201083649006	-263.7236605792162	0.11425568891212973	0.3316679604408408	0.10444505136038248	0.4496312992866471
78000	-6059.998794676738	-5771.820729967866	-288.17806470887194	-5771.820729967866	13.727096216946965	8.308518472742264	0.006711198243019009	2.2091385072361955	1.0	3.4349466718655792	4.9878193003610924	-268.39768073069496	0.11425568891212973	0.3316679604408408	0.10444505136038248	0.4496312992866471
79000	-6042.002579166972	-5751.377952407993	-290.62462675897984	-5751.377952407993	13.910114967437755	9.135193649811299	0.006602384398120189	2.2091385072361955	1.0	2.3236059860452243	5.582751873098894	-270.9472312329038	0.11425568891212973	0.3316679604408408	0.10444505136038248	0.4496312992866471
80000	-6047.512392552059	-5754.215842760934	-293.2965497911255	-5754.215842760934	13.688154641613036	9.73241012888473	0.006746586389828877	2.2091385072361955	1.0	2.749153754931192	6.626229830158245	-272.346399415799	0.10460266921037979	0.3316679604408408	0.10444505136038248	0.459284318988397
81000	-6052.581210203335	-5764.258004632685	-288.32320557065054	-5764.258004632685	13.961109669382223	9.915379287607056	0.006482819731703162	2.2091385072361955	1.0	2.6936005689244187	5.123774650413399	-267.52596636282993	0.1127753814885616	0.3316679604408408	0.09627233908220068	0.459284318988397
82000	-6047.086413807614	-5756.701415971109	-290.3849978365055	-5756.701415971109	13.82834489653392	8.875719032997761	0.006529575635824325	2.0360892608660426	1.0	2.6936005689244187	5.140712612270073	-270.78522731863774	0.1127753814885616	0.32628961926204514	0.09627233908220068	0.46466266016719265
83000	-6052.213604530269	-5755.232530249544	-296.98107428072456	-5755.232530249544	13.815157081997004	9.422989918076379	0.006221636138335337	2.0360892608660426	1.0	3.796668884721467	4.715480658175206	-275.8118310703671	0.1127753814885616	0.32628961926204514	0.09627233908220068	0.46466266016719265
84000	-6037.072287418005	-5743.369395605835	-293.7028918121699	-5743.369395605835	14.368204768197918	9.894214198952538	0.006309291240739404	2.0360892608660426	1.0	3.796668884721467	5.256186748031464	-271.89594327968115	0.1127753814885616	0.32628961926204514	0.09627233908220068	0.46466266016719265
85000	-6033.426297247904	-5741.1150708484965	-292.3112263994072	-5741.1150708484965	14.368204768197918	7.9114936919825185	0.005885629000669105	2.0360892608660426	1.0	3.796668884721467	6.070751441300048	-272.61377784107054	0.1127753814885616	0.32628961926204514	0.09627233908220068	0.46466266016719265
86000	-6018.620098855454	-5724.034258610803	-294.58584024465154	-5724.034258610803	14.539933791972405	9.068189240236492	0.005557150494769771	2.0360892608660426	1.0	4.28844088661161	5.616732568086213	-273.25231550569833	0.1127753814885616	0.32628961926204514	0.09627233908220068	0.46466266016719265
87000	-6008.011985971226	-5720.75519904097	-287.25678693025577	-5720.75519904097	13.579864309503243	8.531194046698538	0.00590013431183407	1.9019434331613532	1.0	4.28844088661161	5.172229568359928	-266.5917731536933	0.1127753814885616	0.32628961926204514	0.09627233908220068	0.46466266016719265
88000	-6017.858420976678	-5728.8761644147025	-288.9822565619751	-5728.8761644147025	13.794819966602823	7.820012040851658	0.005923020642948979	1.9019434331613532	1.0	4.28844088661161	4.559301907016429	-269.22902305596386	0.1127753814885616	0.32628961926204514	0.09627233908220068	0.46466266016719265
89000	-6011.632513729179	-5721.190150431138	-290.4423632980403	-5721.190150431138	14.588220499954197	8.80067806235208	0.005590393239965804	1.9019434331613532	1.0	4.28844088661161	5.142729139588179	-269.5395615566497	0.1127753814885616	0.32628961926204514	0.09627233908220068	0.46466266016719265
90000	-6015.781349410177	-5725.629572677983	-290.15177673219495	-5725.629572677983	13.553433079485485	8.626987850114961	0.005805090579463821	1.9019434331613532	1.0	3.0213217912660872	5.5335142569108156	-270.5967732617528	0.1127753814885616	0.32628961926204514	0.09627233908220068	0.46466266016719265
91000	-6015.8403535843445	-5726.41211300436	-289.4282405799842	-5726.41211300436	13.486088680361448	9.436174169518013	0.005588364938223267	1.9019434331613532	1.0	3.0213217912660872	5.552025822548703	-269.0180962875046	0.11068560626343815	0.3283793944871686	0.09627233908220068	0.46466266016719265
92000	-6027.294807145268	-5736.558172644014	-290.7366345012544	-5736.558172644014	13.486088680361448	8.941173369148263	0.005212001959560265	1.9019434331613532	1.0	2.7776224074692295	5.339784430019104	-271.22241385535267	0.11068560626343815	0.3283793944871686	0.09627233908220068	0.46466266016719265
93000	-6023.3939174107045	-5732.683746071511	-290.71017133919327	-5732.683746071511	13.16324448134564	7.933218744651463	0.005307003895437581	1.9019434331613532	1.0	5.397941272229123	6.396456282584916	-269.4926067013224	0.11068560626343815	0.3283793944871686	0.09627233908220068	0.46466266016719265
94000	-5977.80668333318	-5689.354869074523	-288.45181425865746	-5689.354869074523	13.340507223135415	8.745756130293156	0.005924641109657033	1.9019434331613532	1.0	5.397941272229123	5.530517545554361	-266.3692563685284	0.11068560626343815	0.3283793944871686	0.09627233908220068	0.46466266016719265
95000	-5960.84888589629	-5669.19830068613	-291.6505852101596	-5669.19830068613	12.77457247821601	9.34804491483046	0.005671133974593178	1.9019434331613532	1.0	5.397941272229123	5.218748488926025	-269.0075893998895	0.11068560626343815	0.3283793944871686	0.09627233908220068	0.46466266016719265
96000	-5970.514302030305	-5679.5244365982935	-290.9898654320112	-5679.5244365982935	13.230301066452038	8.7996870815088	0.005377126108528627	1.9019434331613532	1.0	5.397941272229123	5.56203694168542	-268.9391895061199	0.11068560626343815	0.3283793944871686	0.09627233908220068	0.46466266016719265
97000	-5975.263039769632	-5680.7038938024325	-294.5591459671994	-5680.7038938024325	13.088276143320984	9.92511447558007	0.005473146982021135	1.9019434331613532	1.0	5.397941272229123	5.02960097929654	-271.3576421742033	0.11068560626343815	0.3283793944871686	0.09627233908220068	0.46466266016719265
98000	-5972.741961540129	-5679.131854747538	-293.61010679259084	-5679.131854747538	13.201070676021237	7.651919752106618	0.005734936696087654	1.9019434331613532	1.0	5.397941272229123	4.972108978160225	-272.8806437809849	0.11068560626343815	0.3283793944871686	0.09627233908220068	0.46466266016719265
99000	-5970.794901724282	-5677.11081846836	-293.6840832559217	-5677.11081846836	13.201070676021237	9.05915019114336	0.005231287535507754	2.1064623319800773	1.0	5.397941272229123	5.535041298588183	-271.298033213081	0.11068560626343815	0.3283793944871686	0.09627233908220068	0.46466266016719265
100000	-5967.27023355982	-5680.51731062108	-286.75292293874026	-5680.51731062108	12.992361122802993	8.242697108780899	0.005692232230650948	2.1064623319800773	1.0	5.397941272229123	5.668686548007928	-265.15998673390993	0.11068560626343815	0.3048559703998685	0.09627233908220068	0.4881860842544927
