#
#model:
#
#<?xml version="1.0" encoding="UTF-8" standalone="no"?><input id="posterior" spec="beast.core.util.CompoundDistribution">
#    <distribution id="prior" spec="beast.core.util.CompoundDistribution">
#        <distribution id="CoalescentConstant.t:1" spec="beast.evolution.tree.coalescent.Coalescent">
#            <populationModel id="ConstantPopulation.t:1" spec="beast.evolution.tree.coalescent.ConstantPopulation">
#                <parameter id="popSize.t:1" name="popSize" spec="beast.core.parameter.RealParameter">0.3</parameter>
#            </populationModel>
#            <treeIntervals id="TreeIntervals.t:1" spec="beast.evolution.tree.coalescent.TreeIntervals">
#                <tree id="Tree.t:1" spec="beast.evolution.tree.Tree">
#                    <trait id="dateTrait.t:1" spec="beast.evolution.tree.TraitSet" traitname="date" value="2_2000.1=2000.1,17_2001.6=2001.6,18_2001.7=2001.7,21_2002=2002,24_2002.3=2002.3,26_2002.5=2002.5,5_2000.4=2000.4,7_2000.6=2000.6,4_2000.3=2000.3,13_2001.2=2001.2,15_2001.4=2001.4,16_2001.5=2001.5,1_2000=2000,8_2000.7=2000.7,3_2000.2=2000.2,12_2001.1=2001.1,22_2002.1=2002.1,32_2003.1=2003.1,28_2002.7=2002.7,43_2004.2=2004.2,46_2004.5=2004.5,55_2005.4=2005.4,63_2006.2=2006.2,65_2006.4=2006.4,66_2006.5=2006.5,67_2006.6=2006.6,23_2002.2=2002.2,10_2000.9=2000.9,14_2001.3=2001.3,33_2003.2=2003.2,39_2003.8=2003.8,34_2003.3=2003.3,44_2004.3=2004.3,48_2004.7=2004.7,53_2005.2=2005.2,52_2005.1=2005.1,58_2005.7=2005.7,9_2000.8=2000.8,6_2000.5=2000.5,11_2001=2001,25_2002.4=2002.4,20_2001.9=2001.9,47_2004.6=2004.6,36_2003.5=2003.5,45_2004.4=2004.4,50_2004.9=2004.9,42_2004.1=2004.1,51_2005=2005,35_2003.4=2003.4,37_2003.6=2003.6,57_2005.6=2005.6,59_2005.8=2005.8,61_2006=2006,62_2006.1=2006.1,41_2004=2004,40_2003.9=2003.9,49_2004.8=2004.8,74_2007.3=2007.3,77_2007.6=2007.6,68_2006.7=2006.7,70_2006.9=2006.9,81_2008=2008,19_2001.8=2001.8,27_2002.6=2002.6,29_2002.8=2002.8,30_2002.9=2002.9,31_2003=2003,38_2003.7=2003.7,56_2005.5=2005.5,69_2006.8=2006.8,82_2008.1=2008.1,80_2007.9=2007.9,83_2008.2=2008.2,87_2008.6=2008.6,71_2007=2007,75_2007.4=2007.4,72_2007.1=2007.1,91_2009=2009,88_2008.7=2008.7,94_2009.3=2009.3,98_2009.7=2009.7,79_2007.8=2007.8,84_2008.3=2008.3,78_2007.7=2007.7,76_2007.5=2007.5,89_2008.8=2008.8,93_2009.2=2009.2,96_2009.5=2009.5,97_2009.6=2009.6,95_2009.4=2009.4,100_2009.9=2009.9,54_2005.3=2005.3,60_2005.9=2005.9,64_2006.3=2006.3,73_2007.2=2007.2,86_2008.5=2008.5,85_2008.4=2008.4,90_2008.9=2008.9,99_2009.8=2009.8,92_2009.1=2009.1,101_2010=2010">
#                        <taxa id="TaxonSet.1" spec="beast.evolution.alignment.TaxonSet">
#                        </taxa>
#                    </trait>
#                    <taxonset idref="TaxonSet.1"/>
#                </tree>
#            </treeIntervals>
#        </distribution>
#        <prior id="rateOmega.prior" name="distribution">
#            <parameter id="rateOmega" lower="0.1" name="x" spec="beast.core.parameter.RealParameter" upper="10.0">0.5</parameter>
#            <Gamma id="Gamma.0" name="distr">
#                <parameter estimate="false" id="rateOmega.alpha" name="alpha" spec="beast.core.parameter.RealParameter">0.1</parameter>
#                <parameter estimate="false" id="rateOmega.beta" name="beta" spec="beast.core.parameter.RealParameter">1.0</parameter>
#            </Gamma>
#        </prior>
#        <prior id="rateMean.prior" name="distribution">
#            <parameter id="rateMean" lower="1.0E-4" name="x" spec="beast.core.parameter.RealParameter" upper="10.0">0.005</parameter>
#            <Gamma id="Gamma.1" name="distr">
#                <parameter estimate="false" id="rateMean.alpha" name="alpha" spec="beast.core.parameter.RealParameter">0.005</parameter>
#                <parameter estimate="false" id="rateMean.beta" name="beta" spec="beast.core.parameter.RealParameter">1.0</parameter>
#            </Gamma>
#        </prior>
#        <prior id="FrequenciesPrior.s:1" name="distribution">
#            <parameter dimension="4" id="freqParameter.s:1" lower="0.0" name="x" spec="beast.core.parameter.RealParameter" upper="1.0">0.25</parameter>
#            <Uniform id="Uniform.3" name="distr"/>
#        </prior>
#        <prior id="GammaShapePrior.s:1" name="distribution">
#            <parameter id="gammaShape.s:1" name="x" spec="beast.core.parameter.RealParameter">1.0</parameter>
#            <Exponential id="Exponential.0" name="distr">
#                <parameter estimate="false" id="RealParameter.0" name="mean" spec="beast.core.parameter.RealParameter">1.0</parameter>
#            </Exponential>
#        </prior>
#        <prior id="KappaPrior.s:1" name="distribution">
#            <parameter id="kappa.s:1" lower="0.0" name="x" spec="beast.core.parameter.RealParameter">2.0</parameter>
#            <LogNormal id="LogNormalDistributionModel.0" name="distr">
#                <parameter estimate="false" id="RealParameter.1" name="M" spec="beast.core.parameter.RealParameter">1.0</parameter>
#                <parameter estimate="false" id="RealParameter.2" name="S" spec="beast.core.parameter.RealParameter">1.25</parameter>
#            </LogNormal>
#        </prior>
#        <prior id="PopSizePrior.t:1" name="distribution" x="@popSize.t:1">
#            <OneOnX id="OneOnX.1" name="distr"/>
#        </prior>
#    </distribution>
#    <distribution id="likelihood" spec="beast.core.util.CompoundDistribution" useThreads="true">
#        <distribution data="@1" id="treeLikelihood.1" spec="beast.evolution.likelihood.ThreadedTreeLikelihood" tree="@Tree.t:1">
#            <siteModel gammaCategoryCount="4" id="SiteModel.s:1" shape="@gammaShape.s:1" spec="beast.evolution.sitemodel.SiteModel">
#                <parameter id="mutationRate.s:1" name="mutationRate" spec="beast.core.parameter.RealParameter">1.0</parameter>
#                <parameter estimate="false" id="proportionInvariant.s:1" lower="0.0" name="proportionInvariant" spec="beast.core.parameter.RealParameter" upper="1.0">0.0</parameter>
#                <substModel id="hky.s:1" kappa="@kappa.s:1" spec="beast.evolution.substitutionmodel.HKY">
#                    <frequencies frequencies="@freqParameter.s:1" id="estimatedFreqs.s:1" spec="beast.evolution.substitutionmodel.Frequencies"/>
#                </substModel>
#            </siteModel>
#            <branchRateModel id="branchRates" numSites="1000" numberOfDiscreteRates="12" rateMean="@rateMean" rateOmega="@rateOmega" spec="beast.evolution.branchratemodel.ARClockModel" tree="@Tree.t:1">
#                <rateCategories dimension="200" id="rateCategories" spec="beast.core.parameter.IntegerParameter">1</rateCategories>
#            </branchRateModel>
#        </distribution>
#    </distribution>
#</input>
#
Sample	posterior	likelihood	prior	treeLikelihood	TreeHeight	rateOmega	rateMean	kappa	mutationRate	gammaShape	popSize	CoalescentConstant	freqParameter.1	freqParameter.2	freqParameter.3	freqParameter.4
0	-38145.86620854019	-37911.83300236983	-234.03320617036022	-37911.83300236983	10.751582664363609	0.5	0.005	2.0	1.0	1.0	0.3	-230.21431273121476	0.25	0.25	0.25	0.25
1000	-19092.56605922513	-18697.59531851904	-394.9707407060886	-18697.59531851904	11.982515306080321	0.9547234184828465	0.03534499950891493	3.9361561049888136	1.0	1.0	3.6482745874881357	-384.94969589722496	0.25	0.2549333024824592	0.2450666975175408	0.25
2000	-16120.859829818499	-15781.60807675062	-339.25175306787895	-15781.60807675062	14.751923574474638	7.699468027749966	0.028333514951417647	3.9361561049888136	1.0	1.0	8.911122655572512	-319.9411988810748	0.25	0.2549333024824592	0.2450666975175408	0.25
3000	-12794.40566585107	-12448.005604279802	-346.40006157126896	-12448.005604279802	17.618102956759312	5.440249559464616	0.01616309089401041	4.312928374779663	1.0	0.9356141288791247	10.46044530294084	-330.0203386110285	0.25	0.2549333024824592	0.2450666975175408	0.25
4000	-12189.74273389233	-11831.332884430693	-358.4098494616382	-11831.332884430693	17.433656096555477	7.85603338201909	0.016277283038807915	4.312928374779663	1.0	0.9356141288791247	11.235099326359133	-339.20507061963735	0.24479804294479682	0.2601352595376624	0.2450666975175408	0.25
5000	-11733.37971253371	-11380.04232527233	-353.33738726137886	-11380.04232527233	17.953849959424076	8.725348083288187	0.016088141702562116	4.312928374779663	1.0	0.9356141288791247	10.704303246625338	-333.2290538416487	0.24479804294479682	0.25031900426553666	0.2450666975175408	0.25981625527212576
6000	-10748.766633827965	-10393.459677774432	-355.30695605353344	-10393.459677774432	16.645837907579587	9.188856152525807	0.015929854415281487	4.312928374779663	1.0	0.9356141288791247	9.606616348199044	-334.80672146932835	0.24479804294479682	0.25031900426553666	0.2450666975175408	0.25981625527212576
7000	-10185.05701033257	-9840.376667715578	-344.6803426169925	-9840.376667715578	16.738367469266723	5.960751631133055	0.013753607761454442	4.312928374779663	1.0	0.9356141288791247	10.878985445391791	-327.82168260943746	0.24404276065921818	0.2510742865511153	0.2450666975175408	0.25981625527212576
8000	-9987.09307886443	-9640.243383897383	-346.84969496704684	-9640.243383897383	17.19887301281962	6.7241024778188345	0.013434192380693025	4.367346270514919	1.0	0.9356141288791247	9.3439537971384	-329.27874284742614	0.23084189669855512	0.2510742865511153	0.24980865731226068	0.26827515943806896
9000	-9769.654677672657	-9425.021781508205	-344.6328961644524	-9425.021781508205	17.89559237214056	6.442301401997401	0.013419169233450667	4.367346270514919	1.0	0.9356141288791247	8.544750421946222	-327.4728171819931	0.23071236724596592	0.2510742865511153	0.24980865731226068	0.26840468889065816
10000	-9556.097840112834	-9215.411471419797	-340.6863686930376	-9215.411471419797	19.2573631176156	6.588638686306386	0.012376771686898786	4.367346270514919	1.0	0.9356141288791247	9.24128989857277	-323.3628740771038	0.23156578332602173	0.2510742865511153	0.24895524123220486	0.26840468889065816
11000	-9259.370667566225	-8931.678300448199	-327.6923671180264	-8931.678300448199	22.056391722108856	2.5230710358635338	0.009110137800302343	4.367346270514919	1.0	0.9356141288791247	7.910129279764018	-315.76202853248463	0.23156578332602173	0.2510742865511153	0.24895524123220486	0.26840468889065816
12000	-8953.399420067986	-8625.04768312365	-328.3517369443366	-8625.04768312365	22.426592156293612	2.071794132087398	0.008584882780537444	4.367346270514919	1.0	0.9356141288791247	9.718954305888824	-316.9037103602547	0.23156578332602173	0.2510742865511153	0.24895524123220486	0.26840468889065816
13000	-8821.699412482994	-8502.367352800422	-319.33205968257306	-8502.367352800422	24.69089466931214	3.1699333191722823	0.009029846998135348	4.367346270514919	1.0	1.651230726601694	8.607193831184839	-305.75826608317783	0.23156578332602173	0.2510742865511153	0.24895524123220486	0.26840468889065816
14000	-8618.284003357456	-8296.142938310097	-322.14106504735855	-8296.142938310097	22.687162913343137	1.9662578406057005	0.008333559487320908	4.367346270514919	1.0	1.0601206189319958	7.7104007129738985	-310.9824455841889	0.224869816372304	0.2510742865511153	0.24895524123220486	0.2751006558443759
15000	-8346.175909217782	-8023.613603846141	-322.56230537164055	-8023.613603846141	22.44038234877794	1.0691406480599943	0.007566023838349171	4.567403780383959	1.0	1.9970032817958792	8.684421878610923	-311.83119336385147	0.224869816372304	0.2510742865511153	0.24444959326414464	0.2796063038124361
16000	-8102.456411463899	-7779.929952761955	-322.5264587019435	-7779.929952761955	24.82937955440227	1.2924220144224576	0.006609970266940432	3.6374738390018724	1.0	1.9970032817958792	9.269359732889324	-311.7582353511045	0.21611224465261988	0.2510742865511153	0.2532071649838287	0.2796063038124361
17000	-7948.492439313415	-7629.9020002515	-318.5904390619155	-7629.9020002515	24.82937955440227	1.1676847124551826	0.006159365946902856	3.6374738390018724	1.0	1.9970032817958792	8.576174972305179	-308.1867277774114	0.21611224465261988	0.2510742865511153	0.2532071649838287	0.2796063038124361
18000	-7922.021421525165	-7605.821768980468	-316.19965254469764	-7605.821768980468	24.176057894932377	1.0285568602368764	0.0064021181789638325	3.6374738390018724	1.0	1.9970032817958792	7.646858831577133	-306.12523720647954	0.21611224465261988	0.2510742865511153	0.2532071649838287	0.2796063038124361
19000	-7874.338375973135	-7555.493746940623	-318.84462903251233	-7555.493746940623	22.551022095295856	0.9386873657953415	0.006350963725805261	3.6374738390018724	1.0	1.9970032817958792	8.379737523335935	-308.8588814854021	0.21611224465261988	0.2510742865511153	0.2532071649838287	0.2796063038124361
20000	-7823.11556627817	-7506.459506582757	-316.6560596954128	-7506.459506582757	20.760227621517856	1.006432881272158	0.006500254496526874	3.6374738390018724	1.0	1.9970032817958792	7.646442316163	-306.6081582950633	0.21025568164333264	0.2510742865511153	0.2519265473137316	0.28674348449182047
21000	-7792.750021174804	-7483.081792409087	-309.66822876571706	-7483.081792409087	21.825174901038356	0.8529359364520979	0.0063689758229799175	3.6374738390018724	1.0	3.669681839153829	6.566323281342303	-298.42279890681937	0.21025568164333264	0.2510742865511153	0.2519265473137316	0.28674348449182047
22000	-7744.030033294954	-7430.14813966607	-313.8818936288836	-7430.14813966607	25.47425287354056	0.8747515802926104	0.006317732162597354	3.6374738390018724	1.0	4.14264406636671	7.384769498732578	-302.0095795202313	0.21025568164333264	0.2510742865511153	0.2519265473137316	0.28674348449182047
23000	-7641.821331743198	-7332.4382865960515	-309.3830451471466	-7332.4382865960515	24.813730537143105	0.8491667726088933	0.00600677330638281	3.689869441057034	1.0	4.369080611420112	7.798194948682131	-297.3156205324138	0.21025568164333264	0.2510742865511153	0.2519265473137316	0.28674348449182047
24000	-7526.444102903408	-7218.127637042798	-308.3164658606106	-7218.127637042798	23.862693405352218	0.9853278877607766	0.006182931647241974	3.689869441057034	1.0	5.498359446409522	7.5046916382389535	-294.85918177717633	0.21025568164333264	0.2510742865511153	0.2519265473137316	0.28674348449182047
25000	-7459.188371970553	-7151.969390653375	-307.21898131717853	-7151.969390653375	23.47606682427631	0.7076330260158823	0.005882963524435583	3.689869441057034	1.0	5.498359446409522	7.024809019845032	-294.4531996006937	0.21025568164333264	0.2510742865511153	0.2519265473137316	0.28674348449182047
26000	-7431.952311698409	-7128.152438549829	-303.7998731485804	-7128.152438549829	26.092494995323783	1.143382342201264	0.006156146769223809	3.689869441057034	1.0	5.498359446409522	6.573088123544555	-290.1875313032065	0.2026098190134155	0.2510742865511153	0.2519265473137316	0.29438934712173764
27000	-7423.448971631793	-7117.867575029248	-305.581396602545	-7117.867575029248	22.39859833687192	1.3064833482358593	0.0063260724616590255	3.689869441057034	1.0	5.498359446409522	6.846025322831116	-291.6179935613949	0.20430437471495286	0.2510742865511153	0.2502319916121942	0.29438934712173764
28000	-7421.653945670242	-7116.662260092713	-304.99168557752915	-7116.662260092713	23.997420065504375	1.381892513311164	0.006538179157478805	3.689869441057034	1.0	5.498359446409522	7.216426881801191	-290.81665193257453	0.20430437471495286	0.2510742865511153	0.2502319916121942	0.29438934712173764
29000	-7435.403270411935	-7135.605611747543	-299.7976586643928	-7135.605611747543	22.01370604146569	1.3670219354969744	0.006347961578919112	3.689869441057034	1.0	3.9873621330381126	6.545782865054935	-287.2853368052962	0.20430437471495286	0.2510742865511153	0.2502319916121942	0.29438934712173764
30000	-7433.20007687834	-7130.284236068774	-302.91584080956653	-7130.284236068774	23.355874110001057	1.1815854054888644	0.006720193182187574	3.689869441057034	1.0	5.494281520450706	7.48079318683785	-289.0226475564838	0.20992900510377518	0.2510742865511153	0.2446073612233719	0.29438934712173764
31000	-7379.612290474741	-7080.834602322956	-298.777688151785	-7080.834602322956	21.4639351161613	1.2877112000667872	0.00645410557309189	4.348753891736876	1.0	5.494281520450706	5.66587747293546	-284.81423284522884	0.20992900510377518	0.2510742865511153	0.2446073612233719	0.29438934712173764
32000	-7365.723308219054	-7064.995081897004	-300.72822632205	-7064.995081897004	24.052917384657977	1.5051025051212523	0.006127875492047638	4.348753891736876	1.0	5.494281520450706	7.619363826991435	-286.1626886690733	0.20992900510377518	0.2510742865511153	0.24412362641705948	0.29487308192805006
33000	-7344.004036231238	-7045.039787780499	-298.9642484507391	-7045.039787780499	20.887124558333948	2.2867434497177537	0.007129620061222977	4.552323928930884	1.0	5.353982314206444	6.003122831776711	-283.4075104896142	0.20992900510377518	0.2510742865511153	0.24412362641705948	0.29487308192805006
34000	-7341.327371229756	-7045.646756984888	-295.68061424486757	-7045.646756984888	24.289071218702677	1.693909565687999	0.006394626873154988	4.552323928930884	1.0	5.353982314206444	6.0035392985364755	-281.09571221726793	0.20992900510377518	0.2510742865511153	0.24412362641705948	0.29487308192805006
35000	-7346.9969123815845	-7055.637952561326	-291.35895982025863	-7055.637952561326	22.439945578818474	1.46066559990137	0.006300216921038966	4.164719116173691	1.0	4.954693127894639	6.41935303338511	-277.6036711713978	0.20992900510377518	0.2510742865511153	0.23977197903724182	0.29922472930786775
36000	-7331.681408949351	-7049.831952174849	-281.84945677450213	-7049.831952174849	22.439945578818474	1.8025380609485324	0.0072109269223942654	4.1969041696357055	1.0	4.954693127894639	4.840896524397889	-267.7001715037193	0.20992900510377518	0.2510742865511153	0.23977197903724182	0.29922472930786775
37000	-7321.745388015803	-7039.724246237615	-282.0211417781873	-7039.724246237615	22.439945578818474	1.4865756324734407	0.006793517052929074	4.1969041696357055	1.0	4.954693127894639	6.51811941787337	-268.123529374862	0.20992900510377518	0.2510742865511153	0.23977197903724182	0.29922472930786775
38000	-7308.239180062692	-7028.517125142432	-279.7220549202598	-7028.517125142432	23.179210516595262	1.5521381261340361	0.006705717733173048	3.9137922738267665	1.0	4.954693127894639	4.822511863414793	-266.1220535013009	0.20457298439238095	0.25643030726250954	0.23977197903724182	0.29922472930786775
39000	-7308.230338920312	-7031.7237071260415	-276.50663179427	-7031.7237071260415	19.886122684513197	1.1948636205738408	0.007195504654592253	3.9137922738267665	1.0	4.275770133308437	5.120148856195864	-264.0477472863152	0.19946197161353652	0.261541320041354	0.23977197903724182	0.29922472930786775
40000	-7306.110857567607	-7021.391202610522	-284.71965495708554	-7021.391202610522	19.69520492555837	1.4624308827370167	0.006826423365579447	3.9137922738267665	1.0	3.9967789901136563	6.117276330053013	-271.96516111165187	0.19946197161353652	0.25650540823082263	0.23977197903724182	0.3042606411183991
41000	-7303.537825873894	-7020.855125473249	-282.6827004006446	-7020.855125473249	18.935589639818748	2.0210606728554366	0.006814688270779673	3.9137922738267665	1.0	4.274928573338977	5.200077944137351	-268.9644240235782	0.20675807248667244	0.25650540823082263	0.2324758781641059	0.3042606411183991
42000	-7297.484273435613	-7016.005703515189	-281.4785699204235	-7016.005703515189	21.98109551317074	1.989148184694422	0.006677653917170082	3.9137922738267665	1.0	4.274928573338977	5.43817389434077	-267.78210975983245	0.20675807248667244	0.25650540823082263	0.2324758781641059	0.3042606411183991
43000	-7266.896588252843	-6981.5108731997625	-285.38571505308016	-6981.5108731997625	21.690649163487763	2.1649263785923463	0.006439228296180793	3.9137922738267665	1.0	4.274928573338977	5.999856043255754	-271.3753873232695	0.20675807248667244	0.25650540823082263	0.2324758781641059	0.3042606411183991
44000	-7233.428151494629	-6953.865768660973	-279.562382833656	-6953.865768660973	23.926550332242982	2.167006561733726	0.006244996147605306	3.9137922738267665	1.0	5.389337324501798	4.960006961344279	-264.6556994137019	0.18698682430005908	0.25650540823082263	0.2324758781641059	0.3240318893050125
45000	-7223.355826194294	-6945.115052945332	-278.2407732489631	-6945.115052945332	22.877785987928462	1.4458084303885423	0.0069937270215516285	3.0828166149029927	1.0	6.26762556396441	4.967217144574413	-263.7024540472093	0.18698682430005908	0.2643600662490503	0.2246212201458782	0.3240318893050125
46000	-7218.772987154751	-6935.474182335696	-283.29880481905434	-6935.474182335696	23.16712543687131	1.455615612016641	0.006500895562659632	3.0828166149029927	1.0	6.26762556396441	5.312132024998168	-268.7506617949987	0.18698682430005908	0.2643600662490503	0.2246212201458782	0.3240318893050125
47000	-7224.150965728623	-6944.285050600636	-279.86591512798725	-6944.285050600636	23.264732351726497	1.1345841144407027	0.006507264784031639	3.3439577393819073	1.0	6.26762556396441	6.0996604236719305	-265.6338535985555	0.18698682430005908	0.2643600662490503	0.2246212201458782	0.3240318893050125
48000	-7227.859917123913	-6948.995186717185	-278.8647304067279	-6948.995186717185	25.259149412002174	1.161520618821761	0.006229129714021586	3.3439577393819073	1.0	5.703718749224919	4.918033156795302	-265.407588432943	0.18698682430005908	0.2643600662490503	0.216637485187807	0.3320156242630837
49000	-7232.325095580725	-6946.94081899485	-285.38427658587517	-6946.94081899485	24.661862327360335	1.3826885944349203	0.006090950823434971	3.3439577393819073	1.0	5.703718749224919	5.142603808218349	-271.5269043902333	0.18698682430005908	0.2643600662490503	0.216637485187807	0.3320156242630837
50000	-7233.846092468179	-6953.766758958682	-280.07933350949787	-6953.766758958682	24.65654264721326	1.26772690265433	0.0064793466740568776	3.3439577393819073	1.0	5.703718749224919	6.157506705071295	-266.1730397545754	0.18689537341148674	0.26445151713762266	0.216637485187807	0.3320156242630837
51000	-7213.951980049147	-6937.436434811179	-276.51554523796796	-6937.436434811179	24.27908314346592	1.6958217195675542	0.006442907423470811	3.3439577393819073	1.0	5.703718749224919	5.129249446571595	-262.10766952494055	0.18689537341148674	0.26445151713762266	0.216637485187807	0.3320156242630837
52000	-7215.487228218153	-6943.079326119362	-272.4079020987906	-6943.079326119362	24.088367206211316	1.6172480893236036	0.006216330098283629	3.3439577393819073	1.0	3.010032100596841	5.562854965564107	-260.76967958579405	0.18689537341148674	0.26445151713762266	0.216637485187807	0.3320156242630837
53000	-7176.375455258738	-6902.132392141277	-274.2430631174611	-6902.132392141277	20.647713049423075	1.678926576544832	0.006693447431893362	3.3439577393819073	1.0	3.010032100596841	5.7056851506662705	-262.41006801016823	0.18689537341148674	0.26445151713762266	0.18936555667904542	0.35928755277184526
54000	-7180.513029147511	-6907.2421356912555	-273.27089345625484	-6907.2421356912555	19.530843672361385	1.5943057300874883	0.006793457194107315	3.3439577393819073	1.0	3.010032100596841	5.7410104346310655	-261.54803492080856	0.18689537341148674	0.26445151713762266	0.18936555667904542	0.35928755277184526
55000	-7157.801181559623	-6883.16543067077	-274.6357508888532	-6883.16543067077	21.78448709982068	1.8921693731179883	0.007174151460683782	3.3439577393819073	1.0	6.755871523220492	4.337169193559922	-258.9408129871156	0.18689537341148674	0.26445151713762266	0.18936555667904542	0.35928755277184526
56000	-7178.283214550601	-6905.65203644571	-272.6311781048904	-6905.65203644571	19.00817217826296	1.7010526166001472	0.007288213120009362	3.3439577393819073	1.0	6.755871523220492	4.217858141031863	-257.2352713502994	0.18689537341148674	0.26445151713762266	0.18936555667904542	0.35928755277184526
57000	-7160.32139506006	-6892.5031777053255	-267.81821735473505	-6892.5031777053255	19.496474369473887	1.3312819793537045	0.007187527723126843	3.3439577393819073	1.0	6.755871523220492	5.02218166123975	-252.8520809085829	0.18689537341148674	0.27671061088910154	0.17710646292756657	0.35928755277184526
58000	-7148.530403554802	-6880.955080843399	-267.5753227114039	-6880.955080843399	21.25391054131497	1.1251020518979704	0.006318560646978756	3.3439577393819073	1.0	4.525805682175179	5.2047883533155	-255.29023970767358	0.18689537341148674	0.27671061088910154	0.17710646292756657	0.35928755277184526
59000	-7130.943796274104	-6865.810702818666	-265.1330934554378	-6865.810702818666	19.921821308490525	1.620975253157278	0.006847485525167018	3.3344339408434687	1.0	4.7739412497671685	5.161396618535894	-251.70644531636884	0.18689537341148674	0.27671061088910154	0.17710646292756657	0.35928755277184526
60000	-7149.481741304449	-6884.798806879564	-264.6829344248858	-6884.798806879564	20.33605942709752	1.9676601106089517	0.006764227721027954	3.3344339408434687	1.0	4.7739412497671685	4.4689742151851926	-250.89146984592563	0.18689537341148674	0.27671061088910154	0.17710646292756657	0.35928755277184526
61000	-7147.110879844402	-6881.684884021424	-265.42599582297805	-6881.684884021424	19.019487145659202	1.373312876247308	0.006928174705646754	3.3344339408434687	1.0	5.0901233858197905	4.8318118973779045	-252.13429840183642	0.18689537341148674	0.27671061088910154	0.17710646292756657	0.35928755277184526
62000	-7132.156987668717	-6871.346832914278	-260.81015475443957	-6871.346832914278	21.225197306617744	1.5772681491553413	0.007193031745048986	3.3344339408434687	1.0	5.0901233858197905	4.874677717604701	-247.14345445034368	0.18889818273432604	0.29054401409902253	0.1612702503948063	0.35928755277184526
63000	-7131.599841172606	-6868.979015270189	-262.6208259024169	-6868.979015270189	19.94492440083846	1.3652374572747694	0.0065697085892417965	3.3344339408434687	1.0	5.0901233858197905	4.247743669032943	-249.5245650775078	0.18889818273432604	0.29054401409902253	0.1612702503948063	0.35928755277184526
64000	-7132.9934086887315	-6867.904132194036	-265.08927649469524	-6867.904132194036	19.11322433992238	1.481106206430065	0.007156230724928319	3.3344339408434687	1.0	5.0901233858197905	5.148531658004888	-251.5258356356615	0.18889818273432604	0.29054401409902253	0.1612702503948063	0.35928755277184526
65000	-7134.856592961605	-6866.8887825993315	-267.96781036227407	-6866.8887825993315	20.749559365645368	1.4210924449381837	0.006702666677441765	3.3344339408434687	1.0	5.0901233858197905	4.326515735111932	-254.7411634165545	0.18889818273432604	0.29054401409902253	0.1612702503948063	0.35928755277184526
66000	-7119.366068609594	-6846.667154146665	-272.6989144629283	-6846.667154146665	19.146854000653857	1.7616405097056669	0.007052976689989688	3.3344339408434687	1.0	7.3202576763974765	4.8999368962491605	-256.53274786860953	0.18889818273432604	0.31659719821859744	0.1352170662752314	0.35928755277184526
67000	-7130.683025566451	-6855.14927099272	-275.53375457373096	-6855.14927099272	20.578939460344287	1.4394996399876667	0.006856239613324578	3.3344339408434687	1.0	7.3202576763974765	4.405272121236654	-260.00624996146314	0.16522225366210064	0.31659719821859744	0.15889299534745682	0.35928755277184526
68000	-7140.140217488813	-6859.272787867482	-280.86742962133036	-6859.272787867482	21.530983904280124	1.6270215513963566	0.007748767147300689	3.3344339408434687	1.0	7.3202576763974765	5.042957336650895	-264.7843472263397	0.16522225366210064	0.31659719821859744	0.15889299534745682	0.35928755277184526
69000	-7126.696046372737	-6847.169512548641	-279.52653382409625	-6847.169512548641	20.750748388535374	1.5986483766208168	0.007571406966216694	3.3344339408434687	1.0	7.3202576763974765	5.194083079108989	-263.48134691660795	0.16522225366210064	0.31659719821859744	0.15889299534745682	0.35928755277184526
70000	-7138.049440032633	-6858.911207050214	-279.1382329824189	-6858.911207050214	19.61959447273069	2.240946557371218	0.0076651237168020615	3.3344339408434687	1.0	7.3202576763974765	5.129241408005488	-262.1470104228703	0.16738582558372303	0.31659719821859744	0.15672942342583443	0.35928755277184526
71000	-7128.990568546407	-6850.594396738435	-278.39617180797245	-6850.594396738435	20.0017501114654	2.193938783086287	0.007199806515559792	3.3344339408434687	1.0	7.3202576763974765	4.454951260445774	-261.6747572600137	0.16738582558372303	0.31659719821859744	0.15672942342583443	0.35928755277184526
72000	-7133.969636645771	-6857.694401891888	-276.27523475388244	-6857.694401891888	19.896695139449815	1.1437042174985925	0.007267168187337844	3.3344339408434687	1.0	7.3202576763974765	5.018886079901478	-261.06181307381934	0.15841257741290668	0.3228888950521713	0.14966008335722975	0.3690384441776925
73000	-7135.170450446588	-6862.466827202019	-272.70362324456914	-6862.466827202019	20.994789283041253	1.360141346516943	0.007559833558729707	3.3344339408434687	1.0	7.3202576763974765	5.117173338227166	-257.0588078268812	0.15841257741290668	0.3228888950521713	0.14966008335722975	0.3690384441776925
74000	-7128.874767074621	-6856.78972312731	-272.0850439473108	-6856.78972312731	21.459074578243932	1.9885713195510812	0.007630209453733152	3.3344339408434687	1.0	7.3202576763974765	5.042076695808511	-255.47544751026118	0.15841257741290668	0.3228888950521713	0.14966008335722975	0.3690384441776925
75000	-7120.313967295303	-6846.722763202341	-273.5912040929615	-6846.722763202341	20.272005962941336	1.7803735133182679	0.007691320058260386	3.3344339408434687	1.0	7.3202576763974765	5.132724568812722	-257.263522465224	0.15841257741290668	0.3228888950521713	0.14966008335722975	0.3690384441776925
76000	-7121.426284479825	-6846.20525822977	-275.22102625005465	-6846.20525822977	20.973469041022614	2.420856827933945	0.007780092834460579	3.3344339408434687	1.0	7.3202576763974765	4.976218568509698	-257.99575189398354	0.15841257741290668	0.3228888950521713	0.14966008335722975	0.3690384441776925
77000	-7111.192770602627	-6835.873548936729	-275.3192216658982	-6835.873548936729	20.725154567997695	1.9850586896935924	0.007514594232317983	3.3344339408434687	1.0	7.3202576763974765	5.049600922919654	-258.72854540015766	0.15841257741290668	0.3228888950521713	0.14966008335722975	0.3690384441776925
78000	-7107.341323004126	-6829.047240955289	-278.2940820488362	-6829.047240955289	20.91768931097339	1.7924870961896562	0.007850057523164821	3.3344339408434687	1.0	7.3202576763974765	5.143263753657131	-261.9256477628524	0.12494331944449535	0.3228888950521713	0.14966008335722975	0.4025077021461038
79000	-7106.94346065897	-6833.350020037424	-273.59344062154673	-6833.350020037424	21.476179234707168	0.9941095170253795	0.006980952227382174	3.3344339408434687	1.0	7.3202576763974765	4.627891342752254	-258.77714918635223	0.12494331944449535	0.3228888950521713	0.14966008335722975	0.4025077021461038
80000	-7086.685079962383	-6818.3045485442535	-268.38053141812907	-6818.3045485442535	22.473068128550036	1.4539873862352493	0.007312267665357686	3.3344339408434687	1.0	7.3202576763974765	4.9717190466818355	-252.64403435090853	0.13253392314295112	0.3228888950521713	0.14206947965877398	0.4025077021461038
81000	-7072.597504328989	-6807.280509630933	-265.31699469805625	-6807.280509630933	20.95480642918531	1.5114990748033803	0.0070346066410726694	3.1802375318501337	1.0	4.679589389673926	4.634386548187673	-252.2906193207465	0.13253392314295112	0.3020821268102357	0.14206947965877398	0.4233144703880394
82000	-7066.203163051969	-6799.076075089673	-267.1270879622955	-6799.076075089673	21.81598315164671	1.4923311539915063	0.006383881481897275	2.6878395352178583	1.0	4.679589389673926	5.064112673100644	-254.3159833556478	0.13253392314295112	0.3020821268102357	0.14206947965877398	0.4233144703880394
83000	-7079.749213717074	-6809.64834769476	-270.1008660223138	-6809.64834769476	21.15378309534135	1.649970809884752	0.007388963540665089	2.6878395352178583	1.0	4.679589389673926	5.856076337560619	-256.7499593273589	0.13253392314295112	0.3020821268102357	0.14206947965877398	0.4233144703880394
84000	-7081.501773159936	-6808.5637730088765	-272.93800015106035	-6808.5637730088765	22.647477129268754	1.2173584651471954	0.006717565326058062	2.6878395352178583	1.0	4.679589389673926	4.920724106357209	-260.56285354467906	0.13253392314295112	0.3020821268102357	0.14206947965877398	0.4233144703880394
85000	-7075.789450178445	-6801.8310802350525	-273.9583699433922	-6801.8310802350525	24.506271721974425	1.8744289906065958	0.006587674539721255	2.6878395352178583	1.0	4.679589389673926	4.7386251523387815	-260.59496042665324	0.13253392314295112	0.3020821268102357	0.14206947965877398	0.4233144703880394
86000	-7071.1406245418275	-6801.800440515076	-269.3401840267517	-6801.800440515076	22.53108186963211	1.923783608500349	0.007251168042260076	2.6878395352178583	1.0	4.679589389673926	4.690900906282291	-255.81800561835774	0.13253392314295112	0.3020821268102357	0.14206947965877398	0.4233144703880394
87000	-7065.749166423388	-6799.097659448588	-266.6515069747994	-6799.097659448588	21.358311722086363	1.7209717407209066	0.006486418175455434	2.6878395352178583	1.0	4.679589389673926	4.856350399220236	-253.50940175673261	0.13253392314295112	0.3020821268102357	0.14206947965877398	0.4233144703880394
88000	-7074.7456985467325	-6804.908403588022	-269.83729495871023	-6804.908403588022	22.22064332019612	1.9013498854125455	0.0070815803503315195	2.605872874833533	1.0	4.679589389673926	4.772881362385255	-256.384938149932	0.13253392314295112	0.3020821268102357	0.14206947965877398	0.4233144703880394
89000	-7084.629715481701	-6811.651646102019	-272.9780693796824	-6811.651646102019	23.97982300483498	1.8813106128677608	0.0068769949190084344	2.605872874833533	1.0	4.679589389673926	4.395265457537588	-259.66708331771247	0.13253392314295112	0.3020821268102357	0.14206947965877398	0.4233144703880394
90000	-7078.335609221976	-6805.16585295116	-273.1697562708162	-6805.16585295116	20.81254300895199	1.5804358454722027	0.007186497918209621	2.605872874833533	1.0	4.679589389673926	3.67818648671502	-260.45048268756204	0.13253392314295112	0.3020821268102357	0.14206947965877398	0.4233144703880394
91000	-7077.005231542102	-6803.424377128038	-273.58085441406337	-6803.424377128038	22.06276690514265	1.5301269011764387	0.006487224414446527	2.605872874833533	1.0	5.45710224232764	4.351529353724441	-260.0979410154188	0.13253392314295112	0.3020821268102357	0.14206947965877398	0.4233144703880394
92000	-7080.9757298604545	-6809.024999679684	-271.95073018077034	-6809.024999679684	22.35298889661621	1.7933604283925138	0.0068499593013120665	2.605872874833533	1.0	5.45710224232764	3.986143889718132	-258.09492118775694	0.13253392314295112	0.3020821268102357	0.14206947965877398	0.4233144703880394
93000	-7067.848357556156	-6801.298221753673	-266.55013580248345	-6801.298221753673	21.154293561725773	1.541376112770925	0.0072360031188849405	2.605872874833533	1.0	6.780194271225088	4.171050779309024	-251.65921126381835	0.13253392314295112	0.3020821268102357	0.14206947965877398	0.4233144703880394
94000	-7073.504716148861	-6805.803915808634	-267.700800340227	-6805.803915808634	20.746566787271778	1.6530989965066027	0.007064007404112354	2.605872874833533	1.0	6.780194271225088	4.308298482626485	-252.62690756716472	0.13253392314295112	0.3020821268102357	0.14206947965877398	0.4233144703880394
95000	-7087.4983972763175	-6823.251583867495	-264.2468134088225	-6823.251583867495	21.63608623899432	1.1789749746718428	0.007611795508849306	2.451396112382877	1.0	6.780194271225088	5.332075711484381	-249.7214551011808	0.13253392314295112	0.3020821268102357	0.14206947965877398	0.4233144703880394
96000	-7081.829156426943	-6819.612124142127	-262.217032284816	-6819.612124142127	21.485526211327294	1.1620239659216864	0.007458995440337139	2.451396112382877	1.0	6.780194271225088	4.249398908267899	-247.96895169671743	0.13253392314295112	0.3020821268102357	0.14206947965877398	0.4233144703880394
97000	-7062.648624207333	-6800.930412492572	-261.71821171476165	-6800.930412492572	19.882250584936383	1.5874308353949516	0.008063192583447358	2.451396112382877	1.0	7.092400254687432	4.392238811773737	-246.34059490908695	0.13253392314295112	0.3020821268102357	0.14206947965877398	0.4233144703880394
98000	-7064.2390629811	-6802.677615280479	-261.56144770062093	-6802.677615280479	19.20530295818317	2.3943726690309792	0.007750781869615357	2.451396112382877	1.0	6.991993739936942	4.387850933822385	-245.14802182722204	0.13253392314295112	0.29008791043129073	0.14206947965877398	0.43530868676698437
99000	-7063.27179550022	-6798.542069896039	-264.72972560418106	-6798.542069896039	20.94759206283479	2.202054790056037	0.007740927593441022	2.451396112382877	1.0	6.991993739936942	4.146186220897577	-248.64190125359434	0.13253392314295112	0.29008791043129073	0.14206947965877398	0.43530868676698437
100000	-7048.70789955675	-6785.101966265061	-263.60593329168915	-6785.101966265061	20.260504996239632	1.647704096682205	0.00773903944232255	2.451396112382877	1.0	7.329743014276114	4.450164961612387	-247.92520999133396	0.13253392314295112	0.29008791043129073	0.14206947965877398	0.43530868676698437
