#
#model:
#
#<?xml version="1.0" encoding="UTF-8" standalone="no"?><input id="posterior" spec="beast.core.util.CompoundDistribution">
#    <distribution id="prior" spec="beast.core.util.CompoundDistribution">
#        <distribution id="CoalescentConstant.t:1" spec="beast.evolution.tree.coalescent.Coalescent">
#            <populationModel id="ConstantPopulation.t:1" spec="beast.evolution.tree.coalescent.ConstantPopulation">
#                <parameter id="popSize.t:1" name="popSize" spec="beast.core.parameter.RealParameter">0.3</parameter>
#            </populationModel>
#            <treeIntervals id="TreeIntervals.t:1" spec="beast.evolution.tree.coalescent.TreeIntervals">
#                <tree id="Tree.t:1" spec="beast.evolution.tree.Tree">
#                    <trait id="dateTrait.t:1" spec="beast.evolution.tree.TraitSet" traitname="date" value="2_2000.1=2000.1,17_2001.6=2001.6,18_2001.7=2001.7,21_2002=2002,24_2002.3=2002.3,26_2002.5=2002.5,5_2000.4=2000.4,7_2000.6=2000.6,4_2000.3=2000.3,13_2001.2=2001.2,15_2001.4=2001.4,16_2001.5=2001.5,1_2000=2000,8_2000.7=2000.7,3_2000.2=2000.2,12_2001.1=2001.1,22_2002.1=2002.1,32_2003.1=2003.1,28_2002.7=2002.7,43_2004.2=2004.2,46_2004.5=2004.5,55_2005.4=2005.4,63_2006.2=2006.2,65_2006.4=2006.4,66_2006.5=2006.5,67_2006.6=2006.6,23_2002.2=2002.2,10_2000.9=2000.9,14_2001.3=2001.3,33_2003.2=2003.2,39_2003.8=2003.8,34_2003.3=2003.3,44_2004.3=2004.3,48_2004.7=2004.7,53_2005.2=2005.2,52_2005.1=2005.1,58_2005.7=2005.7,9_2000.8=2000.8,6_2000.5=2000.5,11_2001=2001,25_2002.4=2002.4,20_2001.9=2001.9,47_2004.6=2004.6,36_2003.5=2003.5,45_2004.4=2004.4,50_2004.9=2004.9,42_2004.1=2004.1,51_2005=2005,35_2003.4=2003.4,37_2003.6=2003.6,57_2005.6=2005.6,59_2005.8=2005.8,61_2006=2006,62_2006.1=2006.1,41_2004=2004,40_2003.9=2003.9,49_2004.8=2004.8,74_2007.3=2007.3,77_2007.6=2007.6,68_2006.7=2006.7,70_2006.9=2006.9,81_2008=2008,19_2001.8=2001.8,27_2002.6=2002.6,29_2002.8=2002.8,30_2002.9=2002.9,31_2003=2003,38_2003.7=2003.7,56_2005.5=2005.5,69_2006.8=2006.8,82_2008.1=2008.1,80_2007.9=2007.9,83_2008.2=2008.2,87_2008.6=2008.6,71_2007=2007,75_2007.4=2007.4,72_2007.1=2007.1,91_2009=2009,88_2008.7=2008.7,94_2009.3=2009.3,98_2009.7=2009.7,79_2007.8=2007.8,84_2008.3=2008.3,78_2007.7=2007.7,76_2007.5=2007.5,89_2008.8=2008.8,93_2009.2=2009.2,96_2009.5=2009.5,97_2009.6=2009.6,95_2009.4=2009.4,100_2009.9=2009.9,54_2005.3=2005.3,60_2005.9=2005.9,64_2006.3=2006.3,73_2007.2=2007.2,86_2008.5=2008.5,85_2008.4=2008.4,90_2008.9=2008.9,99_2009.8=2009.8,92_2009.1=2009.1,101_2010=2010">
#                        <taxa id="TaxonSet.1" spec="beast.evolution.alignment.TaxonSet">
#                        </taxa>
#                    </trait>
#                    <taxonset idref="TaxonSet.1"/>
#                </tree>
#            </treeIntervals>
#        </distribution>
#        <prior id="rateOmega.prior" name="distribution">
#            <parameter id="rateOmega" lower="0.1" name="x" spec="beast.core.parameter.RealParameter" upper="10.0">0.5</parameter>
#            <Gamma id="Gamma.0" name="distr">
#                <parameter estimate="false" id="rateOmega.alpha" name="alpha" spec="beast.core.parameter.RealParameter">0.1</parameter>
#                <parameter estimate="false" id="rateOmega.beta" name="beta" spec="beast.core.parameter.RealParameter">1.0</parameter>
#            </Gamma>
#        </prior>
#        <prior id="rateMean.prior" name="distribution">
#            <parameter id="rateMean" lower="1.0E-4" name="x" spec="beast.core.parameter.RealParameter" upper="10.0">0.005</parameter>
#            <Gamma id="Gamma.1" name="distr">
#                <parameter estimate="false" id="rateMean.alpha" name="alpha" spec="beast.core.parameter.RealParameter">0.005</parameter>
#                <parameter estimate="false" id="rateMean.beta" name="beta" spec="beast.core.parameter.RealParameter">1.0</parameter>
#            </Gamma>
#        </prior>
#        <prior id="FrequenciesPrior.s:1" name="distribution">
#            <parameter dimension="4" id="freqParameter.s:1" lower="0.0" name="x" spec="beast.core.parameter.RealParameter" upper="1.0">0.25</parameter>
#            <Uniform id="Uniform.3" name="distr"/>
#        </prior>
#        <prior id="GammaShapePrior.s:1" name="distribution">
#            <parameter id="gammaShape.s:1" name="x" spec="beast.core.parameter.RealParameter">1.0</parameter>
#            <Exponential id="Exponential.0" name="distr">
#                <parameter estimate="false" id="RealParameter.0" name="mean" spec="beast.core.parameter.RealParameter">1.0</parameter>
#            </Exponential>
#        </prior>
#        <prior id="KappaPrior.s:1" name="distribution">
#            <parameter id="kappa.s:1" lower="0.0" name="x" spec="beast.core.parameter.RealParameter">2.0</parameter>
#            <LogNormal id="LogNormalDistributionModel.0" name="distr">
#                <parameter estimate="false" id="RealParameter.1" name="M" spec="beast.core.parameter.RealParameter">1.0</parameter>
#                <parameter estimate="false" id="RealParameter.2" name="S" spec="beast.core.parameter.RealParameter">1.25</parameter>
#            </LogNormal>
#        </prior>
#        <prior id="PopSizePrior.t:1" name="distribution" x="@popSize.t:1">
#            <OneOnX id="OneOnX.1" name="distr"/>
#        </prior>
#    </distribution>
#    <distribution id="likelihood" spec="beast.core.util.CompoundDistribution" useThreads="true">
#        <distribution data="@1" id="treeLikelihood.1" spec="beast.evolution.likelihood.ThreadedTreeLikelihood" tree="@Tree.t:1">
#            <siteModel gammaCategoryCount="4" id="SiteModel.s:1" shape="@gammaShape.s:1" spec="beast.evolution.sitemodel.SiteModel">
#                <parameter id="mutationRate.s:1" name="mutationRate" spec="beast.core.parameter.RealParameter">1.0</parameter>
#                <parameter estimate="false" id="proportionInvariant.s:1" lower="0.0" name="proportionInvariant" spec="beast.core.parameter.RealParameter" upper="1.0">0.0</parameter>
#                <substModel id="hky.s:1" kappa="@kappa.s:1" spec="beast.evolution.substitutionmodel.HKY">
#                    <frequencies frequencies="@freqParameter.s:1" id="estimatedFreqs.s:1" spec="beast.evolution.substitutionmodel.Frequencies"/>
#                </substModel>
#            </siteModel>
#            <branchRateModel id="branchRates" numSites="1000" numberOfDiscreteRates="12" rateMean="@rateMean" rateOmega="@rateOmega" spec="beast.evolution.branchratemodel.ARClockModel" tree="@Tree.t:1">
#                <rateCategories dimension="200" id="rateCategories" spec="beast.core.parameter.IntegerParameter">1</rateCategories>
#            </branchRateModel>
#        </distribution>
#    </distribution>
#</input>
#
Sample	posterior	likelihood	prior	treeLikelihood	TreeHeight	rateOmega	rateMean	kappa	mutationRate	gammaShape	popSize	CoalescentConstant	freqParameter.1	freqParameter.2	freqParameter.3	freqParameter.4
0	-31576.305625968107	-31342.272419797748	-234.03320617036022	-31342.272419797748	10.751582664363609	0.5	0.005	2.0	1.0	1.0	0.3	-230.21431273121476	0.25	0.25	0.25	0.25
1000	-18186.04388923268	-17681.113173553957	-504.93071567872295	-17681.113173553957	13.747091413901526	0.7236130722418289	0.02719950595136415	3.1940361545973053	1.0	1.0	2.660903581401791	-496.2190635882594	0.24521919259014663	0.25	0.25	0.25478080740985337
2000	-15892.168016423575	-15537.72101092828	-354.44700549529426	-15537.72101092828	13.315135278019488	3.121524099326847	0.019369580150264822	3.1940361545973053	1.0	1.0	10.013567292947823	-341.04215683838675	0.24521919259014663	0.25	0.25	0.25478080740985337
3000	-14387.503774880668	-14032.946507697889	-354.5572671827804	-14032.946507697889	13.64647905162207	9.685381195113406	0.018708397573256288	3.1940361545973053	1.0	1.0	9.934265034175825	-333.61266462227553	0.24521919259014663	0.25	0.25	0.25478080740985337
4000	-13463.667166602268	-13112.727198494165	-350.9399681081031	-13112.727198494165	17.77960773648047	9.641073614960941	0.017934586201518943	3.1940361545973053	1.0	1.0	10.461530455999657	-330.03488898113517	0.23460577889497547	0.2552019570552032	0.25	0.2601922640498213
5000	-12608.376168439243	-12252.45493982512	-355.92122861412207	-12252.45493982512	14.060615182083033	9.476401171993608	0.01569584955123713	3.1940361545973053	1.0	1.0	10.38121815114534	-335.33894031779334	0.23460577889497547	0.2552019570552032	0.24745607383798335	0.26273619021183797
6000	-11887.697055789353	-11531.447468628643	-356.24958716070967	-11531.447468628643	20.967039342652534	9.85291272666711	0.014052510719054162	3.1940361545973053	1.0	1.0	10.474513503264156	-335.3584598677029	0.23460577889497547	0.2552019570552032	0.24745607383798335	0.26273619021183797
7000	-11190.087039546803	-10837.756013519762	-352.3310260270409	-10837.756013519762	18.96691979296625	9.935291925558428	0.012605761872691582	3.1940361545973053	1.0	1.0	11.52149781585821	-331.36430695651575	0.23460577889497547	0.26317729519772415	0.23743586417761903	0.2647810617296814
8000	-10935.563659320527	-10591.052328823647	-344.5113304968809	-10591.052328823647	19.360905750458667	9.78079097878995	0.013158744320755034	3.1940361545973053	1.0	1.0	9.284133168729179	-323.8858549935223	0.22638182259060458	0.2711903752715472	0.23764674040816686	0.2647810617296814
9000	-10742.388381972838	-10399.80774123971	-342.5806407331275	-10399.80774123971	20.460478176152552	9.87262819440163	0.011406065840317246	3.1940361545973053	1.0	1.0	7.594550096168789	-322.1997719542113	0.22638182259060458	0.2711903752715472	0.23764674040816686	0.2647810617296814
10000	-10574.016885533783	-10237.148580211191	-336.86830532259245	-10237.148580211191	18.93381686014833	9.87262819440163	0.011882725980671485	3.850232044515276	1.0	1.0	9.18478820390974	-316.03879948306684	0.2272352386706604	0.2711903752715472	0.23679332432811104	0.2647810617296814
11000	-10364.862892717236	-10032.833772058448	-332.02912065878894	-10032.833772058448	17.875204730113854	8.229525144992028	0.011524939231043798	3.850232044515276	1.0	1.0	8.708310071283721	-313.09060013928837	0.2232738780937451	0.2711903752715472	0.24075468490502633	0.2647810617296814
12000	-9961.390116590113	-9621.190001789582	-340.2001148005308	-9621.190001789582	19.8031941195162	9.29040226804744	0.010314217409752252	3.850232044515276	1.0	1.0	8.873654336358634	-320.18442583744536	0.2232738780937451	0.2711903752715472	0.24075468490502633	0.2647810617296814
13000	-9543.985699180914	-9205.242025921734	-338.7436732591801	-9205.242025921734	20.309078117276847	9.369119537817218	0.011052035441064522	3.850232044515276	1.0	1.0	10.072335676689967	-318.4454838561649	0.2232738780937451	0.2711903752715472	0.24075468490502633	0.2647810617296814
14000	-9288.072406541236	-8952.221367228478	-335.85103931275864	-8952.221367228478	24.908341830162502	8.378138866984548	0.010046812355253917	3.850232044515276	1.0	1.0	9.566830224868548	-316.79182290444396	0.22219323521392106	0.27511505139260506	0.2322634909469086	0.27042822244656534
15000	-8972.202483216035	-8632.530835082704	-339.67164813333113	-8632.530835082704	19.83972156096538	9.724064914357845	0.00949827835778234	4.026601809478495	1.0	1.0	8.723594761029934	-319.2256980874029	0.22219323521392106	0.27511505139260506	0.2322634909469086	0.27042822244656534
16000	-8671.279756910157	-8326.17505908811	-345.1046978220475	-8326.17505908811	22.43694966580981	9.806357306690598	0.009082968867878774	4.026601809478495	1.0	1.0	8.21978158369542	-324.6732599213305	0.21343566349423695	0.2810595945954057	0.23507651946379207	0.27042822244656534
17000	-8572.210578084436	-8224.041412534401	-348.16916555003536	-8224.041412534401	21.533480542796397	9.603641765081155	0.008451355254666565	3.87994258428331	1.0	1.0	9.420171806280472	-327.9412707943805	0.21343566349423695	0.2810595945954057	0.23507651946379207	0.27042822244656534
18000	-8313.079077263277	-7966.244507307068	-346.8345699562103	-7966.244507307068	19.786365143012006	9.863412018329935	0.009055074557861408	3.87994258428331	1.0	1.0	9.585121734398946	-326.2362681586468	0.21343566349423695	0.2810595945954057	0.23507651946379207	0.27042822244656534
19000	-8108.4144112105205	-7771.741648144381	-336.67276306613996	-7771.741648144381	19.82507381180104	9.268791163647398	0.008304932939714234	3.87994258428331	1.0	1.0	8.342657778460307	-316.95066704479046	0.21343566349423695	0.2810595945954057	0.23507651946379207	0.27042822244656534
20000	-8016.227516084345	-7680.513545757706	-335.7139703266383	-7680.513545757706	19.824679522702112	9.231249322243741	0.008216443116231997	3.87994258428331	1.0	1.0253784162520914	8.425916435163085	-316.0085072375786	0.20629848281485258	0.2810595945954057	0.23507651946379207	0.2775654031259497
21000	-7988.851540764244	-7655.689869621751	-333.16167114249316	-7655.689869621751	20.02347652900748	9.919805236031882	0.008638177218209423	3.5693048475292866	1.0	1.0253784162520914	8.849514730039136	-312.70385572430496	0.20629848281485258	0.2810595945954057	0.23336055845263726	0.2792813641371045
22000	-7941.521207364573	-7612.889529741975	-328.63167762259786	-7612.889529741975	18.99865519402106	9.828410267259708	0.008837263866708524	3.5693048475292866	1.0	1.0253784162520914	8.752379708885705	-308.26175376901784	0.20665293604182264	0.2807051413684356	0.23336055845263726	0.2792813641371045
23000	-7910.346377580873	-7582.609957399407	-327.7364201814666	-7582.609957399407	18.480544143423504	9.993179439413256	0.00798142177251854	3.6685306835126656	1.0	1.0814255065231337	7.891117410439588	-307.3040713760967	0.20665293604182264	0.2807051413684356	0.23336055845263726	0.2792813641371045
24000	-7889.65381166382	-7563.942382143037	-325.71142952078253	-7563.942382143037	19.06380717528439	9.93401961982333	0.007835065380698954	3.721373640555959	1.0	1.0814255065231337	8.01350801296174	-305.32964358721415	0.20665293604182264	0.2807051413684356	0.23336055845263726	0.2792813641371045
25000	-7887.898563108444	-7571.413976406859	-316.484586701586	-7571.413976406859	18.539120885024644	9.93401961982333	0.008728128921785828	3.721373640555959	1.0	1.2158964773680403	6.034533716455517	-296.1436646746591	0.20665293604182264	0.2807051413684356	0.23336055845263726	0.2792813641371045
26000	-7707.394387598942	-7392.759672241906	-314.634715357036	-7392.759672241906	20.035069171086132	8.506496557697698	0.00844333333323318	3.721373640555959	1.0	1.2158964773680403	6.1301148748338	-295.8785157788458	0.20665293604182264	0.2807051413684356	0.23336055845263726	0.2792813641371045
27000	-7689.064294957716	-7368.387877611279	-320.67641734643706	-7368.387877611279	20.29091062527975	8.284132448642135	0.008885685649795527	3.721373640555959	1.0	1.2158964773680403	7.571180126000596	-301.90403435024865	0.20665293604182264	0.2807051413684356	0.23336055845263726	0.2792813641371045
28000	-7583.04725059469	-7263.145641497397	-319.9016090972927	-7263.145641497397	21.144509788473815	9.9408167644929	0.008703194546400195	3.721373640555959	1.0	1.2158964773680403	6.376513320846906	-299.5010229739405	0.20665293604182264	0.2807051413684356	0.23336055845263726	0.2792813641371045
29000	-7563.253369161368	-7243.497682018746	-319.75568714262187	-7243.497682018746	21.99011754750393	9.269435940218168	0.0076653985730195445	3.8836327922828136	1.0	1.2158964773680403	6.322717758984022	-300.1734245699145	0.20665293604182264	0.2807051413684356	0.22682094451433854	0.28582097807540324
30000	-7482.291681015921	-7150.056490653565	-332.2351903623564	-7150.056490653565	23.142688204936995	9.893156108084048	0.007385237457432694	3.8836327922828136	1.0	1.4678596639467114	9.525940403008473	-311.34609374704655	0.20665293604182264	0.2807051413684356	0.22682094451433854	0.28582097807540324
31000	-7349.378050049894	-7023.602366212637	-325.7756838372575	-7023.602366212637	21.62838371185818	9.834274854718613	0.007706815339819513	3.8836327922828136	1.0	1.4678596639467114	7.65356016834021	-305.12695830345376	0.2095765081107803	0.2807051413684356	0.22389737244538088	0.28582097807540324
32000	-7314.689321414314	-6988.33487533641	-326.3544460779038	-6988.33487533641	21.304888986227038	9.834274854718613	0.007550219157349503	3.8836327922828136	1.0	1.5149428255116433	7.793770919228528	-305.66106589910146	0.2095765081107803	0.2807051413684356	0.22341363763906846	0.28630471288171566
33000	-7294.362201239007	-6971.718939385604	-322.643261853403	-6971.718939385604	21.5527837311139	9.942662029567561	0.007549156203315401	3.8836327922828136	1.0	2.5932307892597124	6.922662755952598	-300.8720070480923	0.2095765081107803	0.2807051413684356	0.22341363763906846	0.28630471288171566
34000	-7294.696062490126	-6978.426460882928	-316.2696016071977	-6978.426460882928	20.80247358723945	9.967355653571676	0.006960259297967521	3.8836327922828136	1.0	2.5932307892597124	6.47975777759808	-294.6189399320382	0.2095765081107803	0.2807051413684356	0.22341363763906846	0.28630471288171566
35000	-7273.679440293257	-6956.7823262902275	-316.8971140030294	-6956.7823262902275	20.80247358723945	9.715140413554902	0.007044278192376392	3.8836327922828136	1.0	2.426840963607526	6.339831968844329	-295.6979320842655	0.2095765081107803	0.2807051413684356	0.22341363763906846	0.28630471288171566
36000	-7268.602475732384	-6952.366545409522	-316.23593032286254	-6952.366545409522	22.95403086232493	9.93661521313719	0.007056583832435701	3.8836327922828136	1.0	2.9446799641373556	6.484380879732768	-294.2528547573837	0.2095765081107803	0.2860189468528241	0.21809983215467998	0.28630471288171566
37000	-7276.284770362608	-6957.744199228533	-318.5405711340749	-6957.744199228533	20.233061140122565	9.340913122254562	0.006962196784872198	3.8836327922828136	1.0	2.9446799641373556	6.602813261714493	-297.2042314393965	0.2077510074002284	0.287844447563376	0.21809983215467998	0.28630471288171566
38000	-7153.085470281104	-6847.088717034189	-305.9967532469142	-6847.088717034189	19.58235007241669	9.714601647185418	0.007486375766912943	3.8836327922828136	1.0	2.1960004496386394	6.961338927847887	-284.8744740820564	0.2077510074002284	0.27878071505037166	0.21809983215467998	0.29536844539472
39000	-7130.791012725892	-6821.844120070008	-308.94689265588346	-6821.844120070008	20.224935872267768	9.593165704149577	0.00772581726650465	3.8836327922828136	1.0	1.9856146017655856	6.091823569824092	-288.26961602839924	0.2077510074002284	0.27878071505037166	0.21809983215467998	0.29536844539472
40000	-7110.924135941794	-6805.838420466643	-305.08571547515123	-6805.838420466643	19.63415507758749	9.273009493703169	0.006859558303785043	3.8836327922828136	1.0	1.8997627693113164	7.748845558810647	-284.72359535517234	0.2077510074002284	0.27878071505037166	0.21809983215467998	0.29536844539472
41000	-7025.023627642514	-6722.258123885336	-302.7655037571772	-6722.258123885336	20.888254818177096	9.80393587036337	0.0067112019372932595	3.8836327922828136	1.0	4.9340829162966715	5.467679047059563	-279.1586224338035	0.2077510074002284	0.27878071505037166	0.21809983215467998	0.29536844539472
42000	-7025.0217491163685	-6718.963005039911	-306.0587440764578	-6718.963005039911	18.778644253928615	9.617400046259391	0.006707155606569969	3.8836327922828136	1.0	4.9340829162966715	6.1916307729867155	-282.53194739308054	0.2077510074002284	0.27878071505037166	0.21809983215467998	0.29536844539472
43000	-7035.256304740935	-6732.543684899684	-302.71261984125033	-6732.543684899684	17.898733451749727	9.993877081879111	0.0070704165242928725	3.8836327922828136	1.0	2.4335897176234216	6.467892771311502	-281.1787847028679	0.2077510074002284	0.27878071505037166	0.21809983215467998	0.29536844539472
44000	-7004.714244967124	-6700.468827849037	-304.24541711808683	-6700.468827849037	18.507019482009916	9.977361147081863	0.006371225051056231	3.8836327922828136	1.0	2.4335897176234216	6.637433930048789	-282.8080175994818	0.19735024158907238	0.27878071505037166	0.21809983215467998	0.305769211205876
45000	-6965.732316401567	-6661.3462213333005	-304.38609506826623	-6661.3462213333005	19.264916542736543	9.680092369229355	0.006455611332062939	3.8836327922828136	1.0	2.4335897176234216	4.797293403630864	-283.58468379706216	0.19735024158907238	0.28296960585270925	0.21391094135234237	0.305769211205876
46000	-6963.356113420808	-6658.749815826953	-304.60629759385455	-6658.749815826953	19.477021727178208	9.976416203320634	0.006310703893042271	3.8836327922828136	1.0	2.4335897176234216	6.906768540646615	-283.13970915764105	0.19735024158907238	0.28296960585270925	0.21391094135234237	0.305769211205876
47000	-6968.359901739206	-6662.82150658087	-305.53839515833585	-6662.82150658087	21.873491201716142	9.766875995611006	0.006541460080283816	3.84521642602162	1.0	2.4335897176234216	7.689445946927291	-284.1693196323687	0.19735024158907238	0.28296960585270925	0.21391094135234237	0.305769211205876
48000	-6970.413019006281	-6666.638530864906	-303.77448814137426	-6666.638530864906	20.54991717146082	8.857530194573604	0.005847173282263402	3.84521642602162	1.0	2.4335897176234216	6.862630955717199	-283.62880740961384	0.20070696675440874	0.28296960585270925	0.210554216187006	0.305769211205876
49000	-6947.598549099677	-6645.704510107696	-301.894038991982	-6645.704510107696	19.63046511822183	9.397812275230647	0.005841711662825491	3.84521642602162	1.0	2.4335897176234216	6.539423816201062	-281.2039652331151	0.20070696675440874	0.28296960585270925	0.2056047859765519	0.3107186414163301
50000	-6948.415369473917	-6647.310477610084	-301.10489186383313	-6647.310477610084	19.350891412984012	9.87290400606085	0.006350718270868225	3.84521642602162	1.0	2.4335897176234216	6.0146960732674914	-279.8953488556077	0.20070696675440874	0.28296960585270925	0.2056047859765519	0.3107186414163301
51000	-6946.460671919682	-6642.985533211296	-303.47513870838605	-6642.985533211296	19.350891412984012	9.87290400606085	0.005644910713668958	3.84521642602162	1.0	2.4335897176234216	6.757809877205284	-282.2670329445778	0.20070696675440874	0.28296960585270925	0.2056047859765519	0.3107186414163301
52000	-6923.111264253524	-6621.374096931777	-301.73716732174665	-6621.374096931777	19.08612041291082	9.87290400606085	0.006490666775628738	3.79263478769552	1.0	2.4335897176234216	6.2391699707567225	-280.48591922364614	0.18567846732795798	0.28296960585270925	0.2056047859765519	0.3257471408427809
53000	-6941.281168281787	-6637.071062598664	-304.2101056831234	-6637.071062598664	19.08612041291082	9.98395148132884	0.006073070722540566	3.79263478769552	1.0	2.4335897176234216	5.725645205526294	-282.99022159205276	0.18567846732795798	0.28296960585270925	0.2056047859765519	0.3257471408427809
54000	-6928.111872404039	-6628.234647103956	-299.87722530008256	-6628.234647103956	18.697790827610003	9.577390950014047	0.0060279262373880245	3.79263478769552	1.0	2.4335897176234216	6.129660163097601	-279.04060319555583	0.18948689796424698	0.28296960585270925	0.2017963553402629	0.3257471408427809
55000	-6939.581443023826	-6638.970043195786	-300.61139982803974	-6638.970043195786	23.687559833085253	8.752522621770098	0.006145079964342571	3.79263478769552	1.0	2.4335897176234216	5.163986547723032	-280.83286379960686	0.18948689796424698	0.28296960585270925	0.2017963553402629	0.3257471408427809
56000	-6921.895817494017	-6621.14665881026	-300.74915868375666	-6621.14665881026	23.694720756314357	9.938695426982775	0.006097590466466903	3.79263478769552	1.0	2.4335897176234216	6.679533040326861	-279.42049297652244	0.18948689796424698	0.28296960585270925	0.2017963553402629	0.3257471408427809
57000	-6906.068795261405	-6610.630794614809	-295.438000646596	-6610.630794614809	22.45222840554834	9.521515655339114	0.006192242026099966	3.79263478769552	1.0	2.4335897176234216	5.931520113375725	-274.6684546515412	0.17810375022413913	0.28296960585270925	0.2017963553402629	0.33713028858288874
58000	-6897.069894252627	-6599.191093532181	-297.8788007204458	-6599.191093532181	23.585355238799462	9.318130739659344	0.0066420165147464474	3.79263478769552	1.0	2.4335897176234216	6.540335115129527	-277.16414698914514	0.17810375022413913	0.28296960585270925	0.2017963553402629	0.33713028858288874
59000	-6893.5998036451765	-6601.021857516871	-292.5779461283057	-6601.021857516871	21.620341316351375	9.702428655993707	0.006776353150265317	3.79263478769552	1.0	2.4335897176234216	5.933033491335278	-271.5200168015198	0.17810375022413913	0.28296960585270925	0.2017963553402629	0.33713028858288874
60000	-6890.524482974709	-6595.206377556856	-295.31810541785296	-6595.206377556856	21.435332973937246	9.886398459604559	0.007407787078935283	3.79263478769552	1.0	2.0833913038157896	4.787077694692738	-274.5348362216137	0.17810375022413913	0.2872947448868652	0.19747121630610695	0.33713028858288874
61000	-6875.8746852359045	-6580.580726884881	-295.29395835102304	-6580.580726884881	22.42930456821122	9.886398459604559	0.007008420265351394	3.79263478769552	1.0	3.1083181893396015	5.342259006638636	-273.43157551474576	0.17810375022413913	0.2884347869052449	0.19747121630610695	0.33599024656450904
62000	-6863.392205479837	-6570.741774735443	-292.65043074439336	-6570.741774735443	23.211407407891148	9.886398459604559	0.007190921540028045	3.79263478769552	1.0	3.1083181893396015	5.9485968940283	-270.65478015275465	0.17810375022413913	0.3035159305855077	0.18239007262584417	0.33599024656450904
63000	-6861.713107224273	-6567.3820744078575	-294.3310328164151	-6567.3820744078575	24.317445016599212	9.905402486535767	0.006379329489642018	3.79263478769552	1.0	3.1083181893396015	5.233383279221035	-272.56271639838224	0.17810375022413913	0.3035159305855077	0.18239007262584417	0.33599024656450904
64000	-6859.834399700733	-6567.785749685859	-292.04865001487485	-6567.785749685859	25.77651683444429	9.905402486535767	0.006782461425559818	3.79263478769552	1.0	3.1083181893396015	5.023670054894874	-270.2598569825145	0.17810375022413913	0.3001352174353208	0.18239007262584417	0.33937095971469594
65000	-6868.6500602764045	-6577.922419843137	-290.7276404332682	-6577.922419843137	25.09544718177293	9.579372944994924	0.006736967664938235	3.4561302248901646	1.0	3.1083181893396015	6.305293217533664	-269.1844655231057	0.17810375022413913	0.3001352174353208	0.18239007262584417	0.33937095971469594
66000	-6869.358050820481	-6577.351731661837	-292.0063191586437	-6577.351731661837	23.11318416877879	8.813005929270782	0.006320232955058356	3.4561302248901646	1.0	3.7670425609620413	6.13540726407186	-270.73709642963433	0.17810375022413913	0.3001352174353208	0.18239007262584417	0.33937095971469594
67000	-6876.191489167069	-6590.465963022626	-285.72552614444385	-6590.465963022626	22.533337295732103	8.144404841553946	0.0066687276242710135	3.4561302248901646	1.0	3.7670425609620413	4.9927895019244435	-265.34824071506506	0.17810375022413913	0.3001352174353208	0.18239007262584417	0.33937095971469594
68000	-6855.251807343274	-6569.553110595417	-285.69869674785696	-6569.553110595417	23.153830971466572	8.831092523805598	0.006521366326859079	3.4561302248901646	1.0	3.7670425609620413	5.350530082290621	-264.5150507643592	0.17810375022413913	0.3001352174353208	0.18239007262584417	0.33937095971469594
69000	-6858.7261144067725	-6580.067068031858	-278.659046374914	-6580.067068031858	24.500999229268427	8.360158541910744	0.007014944447556546	3.4561302248901646	1.0	3.7670425609620413	4.78350757599765	-258.03458947527395	0.17810375022413913	0.3001352174353208	0.18239007262584417	0.33937095971469594
70000	-6861.903968383762	-6574.435745658589	-287.46822272517267	-6574.435745658589	21.753099984102718	9.883773778041206	0.0075814998788846745	3.4561302248901646	1.0	3.7670425609620413	5.338708216702503	-264.9818191715791	0.17810375022413913	0.3047738583068661	0.1777514317542989	0.33937095971469594
71000	-6854.536534304822	-6558.58115640456	-295.9553779002629	-6558.58115640456	29.16949982038034	9.883773778041206	0.0059995237867497275	2.6958990425436244	1.0	3.7670425609620413	6.445023003804917	-273.7819435196075	0.17810375022413913	0.3047738583068661	0.1777514317542989	0.33937095971469594
72000	-6860.0784959001085	-6562.764968651004	-297.31352724910425	-6562.764968651004	26.734941282914786	8.535230809356847	0.006059542454369506	2.6958990425436244	1.0	3.7670425609620413	6.153282875797996	-276.65701665873814	0.17810375022413913	0.3086305815677148	0.17340458295169406	0.3398610852564521
73000	-6848.641777163802	-6554.705159705	-293.93661745880104	-6554.705159705	27.482356357282125	8.98476723928586	0.005854601251380703	2.6958990425436244	1.0	3.7670425609620413	5.893829612783408	-272.86189412232255	0.17810375022413913	0.3086305815677148	0.17340458295169406	0.3398610852564521
74000	-6847.816019941549	-6555.429186114275	-292.38683382727436	-6555.429186114275	26.79165104222801	8.449112971874696	0.006125465821280977	2.6958990425436244	1.0	3.7670425609620413	5.699369309031565	-271.8913658042073	0.17810375022413913	0.29889005303371574	0.17340458295169406	0.3496016137904511
75000	-6850.60091320001	-6552.9394466167405	-297.66146658326943	-6552.9394466167405	27.602601720318656	9.535582640237187	0.006364072023575963	2.6958990425436244	1.0	3.7670425609620413	6.292889707870732	-275.83333088248816	0.17810375022413913	0.29889005303371574	0.17340458295169406	0.3496016137904511
76000	-6841.8989703945845	-6545.048959679795	-296.8500107147893	-6545.048959679795	27.41527639616663	9.27338977208563	0.005977056546997382	2.6958990425436244	1.0	3.7670425609620413	6.910942672231362	-275.27828894494775	0.17810375022413913	0.29889005303371574	0.17340458295169406	0.3496016137904511
77000	-6839.869319218103	-6543.295231151857	-296.57408806624585	-6543.295231151857	25.759150788834248	9.736119169316897	0.006268757693252626	2.6958990425436244	1.0	3.7670425609620413	7.114582976807999	-274.4190686598435	0.17810375022413913	0.29889005303371574	0.17340458295169406	0.3496016137904511
78000	-6853.154287013711	-6560.681193900507	-292.4730931132031	-6560.681193900507	23.806584746406003	9.07883549124969	0.006191965264061897	2.5848435503965552	1.0	3.7670425609620413	5.488527705052318	-271.35136967474153	0.17810375022413913	0.29889005303371574	0.17340458295169406	0.3496016137904511
79000	-6847.363390712195	-6553.289663748783	-294.07372696341207	-6553.289663748783	22.83795098494935	9.915111366176534	0.006428669505385372	2.5848435503965552	1.0	3.7670425609620413	6.608799851323282	-271.81311876727983	0.17255341429317295	0.29889005303371574	0.17340458295169406	0.35515194972141734
80000	-6833.214426797818	-6545.135882002419	-288.0785447953998	-6545.135882002419	23.298582315011036	9.811889606685607	0.006661371966310221	3.3348073267350125	1.0	4.539909987603441	5.523001863209996	-265.034266792685	0.17726029421375283	0.29889005303371574	0.16869770303111417	0.35515194972141734
81000	-6799.097316335362	-6510.715745952518	-288.38157038284436	-6510.715745952518	21.17808285401123	9.923150291599699	0.006849279021794521	3.3348073267350125	1.0	2.814054500187608	4.999807310798705	-267.01339458088864	0.15552470345312283	0.3078160655762365	0.16869770303111417	0.3679615279395265
82000	-6789.9468349689905	-6506.143354894605	-283.8034800743857	-6506.143354894605	20.545500543077335	9.93776683888042	0.007567522043854615	2.7745250521775127	1.0	2.814054500187608	4.6816987843430296	-262.5823319103488	0.15552470345312283	0.3078160655762365	0.16869770303111417	0.3679615279395265
83000	-6806.61806411447	-6521.228135455479	-285.38992865899115	-6521.228135455479	20.441142394121254	8.671621576323997	0.007024955717305375	2.7745250521775127	1.0	2.814054500187608	4.701212512927845	-265.6279915510374	0.14687016600679065	0.31647060302256863	0.16869770303111417	0.3679615279395265
84000	-6798.399251328248	-6507.514971472889	-290.8842798553595	-6507.514971472889	20.324054288398724	9.734124243234612	0.007431696475568336	2.7745250521775127	1.0	2.814054500187608	6.188790212800766	-269.6244866666877	0.14687016600679065	0.31647060302256863	0.16869770303111417	0.3679615279395265
85000	-6784.695359183738	-6488.8900168971495	-295.8053422865885	-6488.8900168971495	20.358213233218034	9.658851520662019	0.006860581675717786	2.7745250521775127	1.0	3.8344065090339843	5.8003464182728255	-273.75241166087505	0.14687016600679065	0.31647060302256863	0.1497076916723637	0.38695153929827697
86000	-6796.6794317646645	-6498.787984841621	-297.8914469230429	-6498.787984841621	21.29925845645275	9.55621455319148	0.006703031013379711	2.7775468828684544	1.0	3.8344065090339843	5.92237132925539	-275.95211935598473	0.14687016600679065	0.31647060302256863	0.1497076916723637	0.38695153929827697
87000	-6795.748162935204	-6498.8019845398485	-296.94617839535533	-6498.8019845398485	22.850634952861654	9.518243343830859	0.006159568337861875	2.7775468828684544	1.0	3.8344065090339843	5.335879355704075	-275.23736231616505	0.14687016600679065	0.31647060302256863	0.1497076916723637	0.38695153929827697
88000	-6792.153993144328	-6497.9476222955855	-294.2063708487422	-6497.9476222955855	21.18309108153703	9.346784376332351	0.006480490713900749	2.7775468828684544	1.0	3.8344065090339843	5.135784065867576	-272.6727385517719	0.14687016600679065	0.31647060302256863	0.1497076916723637	0.38695153929827697
89000	-6789.272511074599	-6489.474856950907	-299.7976541236911	-6489.474856950907	21.516984626434773	9.863530578989693	0.006364432748976791	2.7775468828684544	1.0	4.386522713610113	5.796112213680729	-277.0438707591099	0.14687016600679065	0.31647060302256863	0.1497076916723637	0.38695153929827697
90000	-6790.422927754365	-6490.948339437916	-299.4745883164499	-6490.948339437916	20.01575555086957	9.741761744028087	0.006805517292447366	2.7775468828684544	1.0	4.386522713610113	5.707292015614462	-276.8020819067544	0.14687016600679065	0.31647060302256863	0.1497076916723637	0.38695153929827697
91000	-6796.89098158057	-6494.423639094932	-302.4673424856385	-6494.423639094932	21.128412856378414	9.627505791268733	0.006558272788049154	2.7775468828684544	1.0	4.144475009636347	5.820376290842291	-280.179206076277	0.14687016600679065	0.31647060302256863	0.1497076916723637	0.38695153929827697
92000	-6782.431062308234	-6483.935428627884	-298.4956336803496	-6483.935428627884	21.45525462047743	9.452511533320134	0.006617839389863743	2.7775468828684544	1.0	4.144475009636347	5.423611580524017	-276.4605478217441	0.12496714101569141	0.31647060302256863	0.1497076916723637	0.4088545642893762
93000	-6784.691234777384	-6484.270598663132	-300.42063611425215	-6484.270598663132	21.1057919331385	9.697605899028575	0.006609938260940817	2.7775468828684544	1.0	4.07616305500794	5.431573046717604	-278.1854588415718	0.12496714101569141	0.31647060302256863	0.1497076916723637	0.4088545642893762
94000	-6772.713783150076	-6473.54481301815	-299.16897013192545	-6473.54481301815	20.77473253910455	9.870239942322696	0.007107246182757161	2.7775468828684544	1.0	4.07616305500794	5.772203994162873	-276.6117778661692	0.12496714101569141	0.31647060302256863	0.1497076916723637	0.4088545642893762
95000	-6764.716824522393	-6467.224210355061	-297.49261416733196	-6467.224210355061	19.70451673331528	9.76450542488213	0.006922470578400564	2.7775468828684544	1.0	4.07616305500794	6.228524304702491	-275.0011593808861	0.12496714101569141	0.31647060302256863	0.1497076916723637	0.4088545642893762
96000	-6756.04138970592	-6465.26957491818	-290.77181478773923	-6465.26957491818	19.7749003152542	9.802555791194054	0.007315251368137767	2.7775468828684544	1.0	4.07616305500794	5.735161386732269	-268.2660273626124	0.12496714101569141	0.31647060302256863	0.1497076916723637	0.4088545642893762
97000	-6762.431377413024	-6467.45580786148	-294.9755695515443	-6467.45580786148	19.57693958358886	9.909302066937995	0.0075335526388257065	2.7775468828684544	1.0	4.152399743548476	5.785089647074664	-272.23890689529156	0.12496714101569141	0.31647060302256863	0.1497076916723637	0.4088545642893762
98000	-6764.8901414441425	-6467.877817979796	-297.01232346434574	-6467.877817979796	19.673695098816705	9.825456535016889	0.007198597486869121	2.7775468828684544	1.0	4.152399743548476	4.650573394932192	-274.6310353076592	0.12496714101569141	0.3084563476898616	0.1497076916723637	0.4168688196220833
99000	-6764.4429694807195	-6467.5880270316275	-296.8549424490924	-6467.5880270316275	21.49548282384696	9.825456535016889	0.007266285856617884	2.7775468828684544	1.0	4.152399743548476	5.680936398294889	-274.26414878293275	0.12496714101569141	0.3084563476898616	0.1497076916723637	0.4168688196220833
100000	-6763.144285107116	-6465.515323331192	-297.62896177592376	-6465.515323331192	20.925167508221307	9.6931617024003	0.007273349810061141	2.7775468828684544	1.0	4.152399743548476	5.189763071704656	-275.2721174562582	0.12496714101569141	0.3084563476898616	0.1497076916723637	0.4168688196220833
