#
#model:
#
#<?xml version="1.0" encoding="UTF-8" standalone="no"?><input id="posterior" spec="beast.core.util.CompoundDistribution">
#    <distribution id="prior" spec="beast.core.util.CompoundDistribution">
#        <distribution id="CoalescentConstant.t:1" spec="beast.evolution.tree.coalescent.Coalescent">
#            <populationModel id="ConstantPopulation.t:1" spec="beast.evolution.tree.coalescent.ConstantPopulation">
#                <parameter id="popSize.t:1" name="popSize" spec="beast.core.parameter.RealParameter">0.3</parameter>
#            </populationModel>
#            <treeIntervals id="TreeIntervals.t:1" spec="beast.evolution.tree.coalescent.TreeIntervals">
#                <tree id="Tree.t:1" spec="beast.evolution.tree.Tree">
#                    <trait id="dateTrait.t:1" spec="beast.evolution.tree.TraitSet" traitname="date" value="2_2000.1=2000.1,17_2001.6=2001.6,18_2001.7=2001.7,21_2002=2002,24_2002.3=2002.3,26_2002.5=2002.5,5_2000.4=2000.4,7_2000.6=2000.6,4_2000.3=2000.3,13_2001.2=2001.2,15_2001.4=2001.4,16_2001.5=2001.5,1_2000=2000,8_2000.7=2000.7,3_2000.2=2000.2,12_2001.1=2001.1,22_2002.1=2002.1,32_2003.1=2003.1,28_2002.7=2002.7,43_2004.2=2004.2,46_2004.5=2004.5,55_2005.4=2005.4,63_2006.2=2006.2,65_2006.4=2006.4,66_2006.5=2006.5,67_2006.6=2006.6,23_2002.2=2002.2,10_2000.9=2000.9,14_2001.3=2001.3,33_2003.2=2003.2,39_2003.8=2003.8,34_2003.3=2003.3,44_2004.3=2004.3,48_2004.7=2004.7,53_2005.2=2005.2,52_2005.1=2005.1,58_2005.7=2005.7,9_2000.8=2000.8,6_2000.5=2000.5,11_2001=2001,25_2002.4=2002.4,20_2001.9=2001.9,47_2004.6=2004.6,36_2003.5=2003.5,45_2004.4=2004.4,50_2004.9=2004.9,42_2004.1=2004.1,51_2005=2005,35_2003.4=2003.4,37_2003.6=2003.6,57_2005.6=2005.6,59_2005.8=2005.8,61_2006=2006,62_2006.1=2006.1,41_2004=2004,40_2003.9=2003.9,49_2004.8=2004.8,74_2007.3=2007.3,77_2007.6=2007.6,68_2006.7=2006.7,70_2006.9=2006.9,81_2008=2008,19_2001.8=2001.8,27_2002.6=2002.6,29_2002.8=2002.8,30_2002.9=2002.9,31_2003=2003,38_2003.7=2003.7,56_2005.5=2005.5,69_2006.8=2006.8,82_2008.1=2008.1,80_2007.9=2007.9,83_2008.2=2008.2,87_2008.6=2008.6,71_2007=2007,75_2007.4=2007.4,72_2007.1=2007.1,91_2009=2009,88_2008.7=2008.7,94_2009.3=2009.3,98_2009.7=2009.7,79_2007.8=2007.8,84_2008.3=2008.3,78_2007.7=2007.7,76_2007.5=2007.5,89_2008.8=2008.8,93_2009.2=2009.2,96_2009.5=2009.5,97_2009.6=2009.6,95_2009.4=2009.4,100_2009.9=2009.9,54_2005.3=2005.3,60_2005.9=2005.9,64_2006.3=2006.3,73_2007.2=2007.2,86_2008.5=2008.5,85_2008.4=2008.4,90_2008.9=2008.9,99_2009.8=2009.8,92_2009.1=2009.1,101_2010=2010">
#                        <taxa id="TaxonSet.1" spec="beast.evolution.alignment.TaxonSet">
#                        </taxa>
#                    </trait>
#                    <taxonset idref="TaxonSet.1"/>
#                </tree>
#            </treeIntervals>
#        </distribution>
#        <prior id="rateOmega.prior" name="distribution">
#            <parameter id="rateOmega" lower="0.1" name="x" spec="beast.core.parameter.RealParameter" upper="10.0">0.5</parameter>
#            <Gamma id="Gamma.0" name="distr">
#                <parameter estimate="false" id="rateOmega.alpha" name="alpha" spec="beast.core.parameter.RealParameter">0.1</parameter>
#                <parameter estimate="false" id="rateOmega.beta" name="beta" spec="beast.core.parameter.RealParameter">1.0</parameter>
#            </Gamma>
#        </prior>
#        <prior id="rateMean.prior" name="distribution">
#            <parameter id="rateMean" lower="1.0E-4" name="x" spec="beast.core.parameter.RealParameter" upper="10.0">0.005</parameter>
#            <Gamma id="Gamma.1" name="distr">
#                <parameter estimate="false" id="rateMean.alpha" name="alpha" spec="beast.core.parameter.RealParameter">0.005</parameter>
#                <parameter estimate="false" id="rateMean.beta" name="beta" spec="beast.core.parameter.RealParameter">1.0</parameter>
#            </Gamma>
#        </prior>
#        <prior id="FrequenciesPrior.s:1" name="distribution">
#            <parameter dimension="4" id="freqParameter.s:1" lower="0.0" name="x" spec="beast.core.parameter.RealParameter" upper="1.0">0.25</parameter>
#            <Uniform id="Uniform.3" name="distr"/>
#        </prior>
#        <prior id="GammaShapePrior.s:1" name="distribution">
#            <parameter id="gammaShape.s:1" name="x" spec="beast.core.parameter.RealParameter">1.0</parameter>
#            <Exponential id="Exponential.0" name="distr">
#                <parameter estimate="false" id="RealParameter.0" name="mean" spec="beast.core.parameter.RealParameter">1.0</parameter>
#            </Exponential>
#        </prior>
#        <prior id="KappaPrior.s:1" name="distribution">
#            <parameter id="kappa.s:1" lower="0.0" name="x" spec="beast.core.parameter.RealParameter">2.0</parameter>
#            <LogNormal id="LogNormalDistributionModel.0" name="distr">
#                <parameter estimate="false" id="RealParameter.1" name="M" spec="beast.core.parameter.RealParameter">1.0</parameter>
#                <parameter estimate="false" id="RealParameter.2" name="S" spec="beast.core.parameter.RealParameter">1.25</parameter>
#            </LogNormal>
#        </prior>
#        <prior id="PopSizePrior.t:1" name="distribution" x="@popSize.t:1">
#            <OneOnX id="OneOnX.1" name="distr"/>
#        </prior>
#    </distribution>
#    <distribution id="likelihood" spec="beast.core.util.CompoundDistribution" useThreads="true">
#        <distribution data="@1" id="treeLikelihood.1" spec="beast.evolution.likelihood.ThreadedTreeLikelihood" tree="@Tree.t:1">
#            <siteModel gammaCategoryCount="4" id="SiteModel.s:1" shape="@gammaShape.s:1" spec="beast.evolution.sitemodel.SiteModel">
#                <parameter id="mutationRate.s:1" name="mutationRate" spec="beast.core.parameter.RealParameter">1.0</parameter>
#                <parameter estimate="false" id="proportionInvariant.s:1" lower="0.0" name="proportionInvariant" spec="beast.core.parameter.RealParameter" upper="1.0">0.0</parameter>
#                <substModel id="hky.s:1" kappa="@kappa.s:1" spec="beast.evolution.substitutionmodel.HKY">
#                    <frequencies frequencies="@freqParameter.s:1" id="estimatedFreqs.s:1" spec="beast.evolution.substitutionmodel.Frequencies"/>
#                </substModel>
#            </siteModel>
#            <branchRateModel id="branchRates" numSites="1000" numberOfDiscreteRates="12" rateMean="@rateMean" rateOmega="@rateOmega" spec="beast.evolution.branchratemodel.ARClockModel" tree="@Tree.t:1">
#                <rateCategories dimension="200" id="rateCategories" spec="beast.core.parameter.IntegerParameter">1</rateCategories>
#            </branchRateModel>
#        </distribution>
#    </distribution>
#</input>
#
Sample	posterior	likelihood	prior	treeLikelihood	TreeHeight	rateOmega	rateMean	kappa	mutationRate	gammaShape	popSize	CoalescentConstant	freqParameter.1	freqParameter.2	freqParameter.3	freqParameter.4
0	-29647.040830044276	-29413.007623873917	-234.03320617036022	-29413.007623873917	10.751582664363609	0.5	0.005	2.0	1.0	1.0	0.3	-230.21431273121476	0.25	0.25	0.25	0.25
1000	-15043.630242096398	-14472.216072080782	-571.4141700156151	-14472.216072080782	16.11833483603099	0.501642804554911	0.013210361515879314	2.0	1.0	1.0	3.9498860566285936	-564.038105918341	0.25	0.25	0.25	0.25
2000	-12779.280367689576	-12386.937081794913	-392.3432858946634	-12386.937081794913	21.43746259918379	3.181884603158965	0.009919449063877482	2.0	1.0	0.768123607670296	12.988114728458857	-379.954264371739	0.24781943583948512	0.25	0.2521805641605149	0.25
3000	-11816.413723990287	-11421.855794213243	-394.557929777043	-11421.855794213243	21.77634792432446	5.771909502253981	0.009717223006978897	2.111823795022068	1.0	0.7186673000619345	16.31017408622706	-378.8406380420529	0.24781943583948512	0.25	0.2521805641605149	0.25
4000	-10401.57011322235	-10010.13380797873	-391.4363052436194	-10010.13380797873	17.952756425288673	9.213865074517967	0.010072751781398574	2.111823795022068	1.0	0.7186673000619345	14.952766977264558	-371.9069049325769	0.24781943583948512	0.25	0.2521805641605149	0.25
5000	-9906.30627107205	-9516.9511695755	-389.3551014965483	-9516.9511695755	22.790673148687258	8.515011257672764	0.008507316586070816	2.7413708542466506	1.0	0.7186673000619345	15.539402528246953	-370.48615618418125	0.24781943583948512	0.25	0.2521805641605149	0.25
6000	-9577.640459976466	-9181.315787654295	-396.32467232217164	-9181.315787654295	20.20142023713358	9.728888253455834	0.008803296172500807	5.40206095778937	1.0	0.7186673000619345	14.312325577478372	-375.34060794931514	0.24647966298870347	0.25	0.2535203370112965	0.25
7000	-9311.039985409572	-8917.04389581659	-393.99608959298155	-8917.04389581659	15.821418970027135	8.822053735714096	0.008335052065897049	5.40206095778937	1.0	0.7186673000619345	14.14555885503568	-374.07349197831064	0.24572438070312483	0.25075528228557864	0.2535203370112965	0.25
8000	-9015.437049587095	-8624.315808850948	-391.12124073614757	-8624.315808850948	16.323279264668063	9.910438671882469	0.009140692124341914	5.40206095778937	1.0	0.7623671800390373	13.357974462667125	-369.9265342927692	0.23750042439875393	0.25075528228557864	0.2617442933156674	0.25
9000	-8640.4990674592	-8251.80995140229	-388.68911605691085	-8251.80995140229	16.33732426520614	9.546214400647363	0.007954048483762608	4.988450087025603	1.0	0.7623671800390373	15.471896400885951	-367.9976047011265	0.23737089494616473	0.25075528228557864	0.2617442933156674	0.2501295294525892
10000	-8404.337061348928	-8010.237542026046	-394.09951932288243	-8010.237542026046	16.33732426520614	9.740006938284063	0.006938467464117303	4.988450087025603	1.0	0.7623671800390373	18.373775335199138	-373.1611615401211	0.23589570429585266	0.25223047293589074	0.2617442933156674	0.2501295294525892
11000	-8248.517226198053	-7858.537292570876	-389.97993362717665	-7858.537292570876	16.49846658298897	9.909530590617887	0.006714884641015377	4.988450087025603	1.0	1.083108570767446	13.953440956324917	-368.8437935040086	0.23589570429585266	0.25223047293589074	0.2559553073332217	0.2559185154350349
12000	-8075.192037687207	-7686.874516894645	-388.3175207925614	-7686.874516894645	23.54227201546858	9.495749277828065	0.006478571763677356	4.988450087025603	1.0	1.083108570767446	15.291653620736845	-367.5778521636713	0.23589570429585266	0.25223047293589074	0.2559553073332217	0.2559185154350349
13000	-7897.769860248301	-7504.226454228392	-393.5434060199084	-7504.226454228392	27.098886169323382	8.595513957583954	0.0062814091035950205	4.988450087025603	1.0	0.8167128495104883	18.995669874153542	-373.8740563612987	0.23589570429585266	0.2553434385052126	0.2528423417638998	0.2559185154350349
14000	-7697.044759714908	-7310.326245139553	-386.7185145753548	-7310.326245139553	28.78855819224775	9.481679246190483	0.00609027883506029	4.988450087025603	1.0	1.475022289867426	14.380909126162223	-365.72562786240474	0.23589570429585266	0.25657542612846723	0.24896508801222372	0.2585637815634564
15000	-7565.2904369089365	-7179.377312869634	-385.9131240393028	-7179.377312869634	28.864035431131672	6.511805918134672	0.005504759761620133	4.988450087025603	1.0	1.6327036724279802	13.092372326438182	-368.2656320513916	0.23589570429585266	0.25657542612846723	0.2444594400441635	0.26306942953151663
16000	-7497.096801511951	-7117.537905234721	-379.55889627722956	-7117.537905234721	31.28856901698058	6.162030129066488	0.00538324853903861	4.988450087025603	1.0	1.6327036724279802	13.845757888580424	-362.2772514843556	0.23589570429585266	0.25657542612846723	0.2444594400441635	0.26306942953151663
17000	-7454.447962059118	-7067.402910335531	-387.0450517235873	-7067.402910335531	30.557425755362445	6.999381658490117	0.005391176174592899	4.988450087025603	1.0	1.6327036724279802	14.127994590143688	-368.78972993201546	0.23589570429585266	0.25657542612846723	0.2444594400441635	0.26306942953151663
18000	-7373.307017971922	-6989.026874685601	-384.28014328632065	-6989.026874685601	32.36914307139238	7.3583257468682595	0.005273447964297319	4.988450087025603	1.0	1.6327036724279802	12.332256438148262	-365.77889430485163	0.23589570429585266	0.25657542612846723	0.2444594400441635	0.26306942953151663
19000	-7334.143262933787	-6943.906975900961	-390.236287032826	-6943.906975900961	31.951825657454282	9.598803448184507	0.005945466515161718	4.988450087025603	1.0	1.6327036724279802	18.26073023874027	-368.7427834848398	0.23589570429585266	0.25657542612846723	0.2444594400441635	0.26306942953151663
20000	-7232.232982563647	-6848.043674446006	-384.18930811764113	-6848.043674446006	28.838204072196117	8.892458163885088	0.005710931123610664	4.476933080328404	1.0	1.6741391058431756	13.402668243842827	-363.9255639096501	0.2371763219659498	0.25657542612846723	0.24317882237406638	0.26306942953151663
21000	-7215.969124523606	-6836.531829489192	-379.4372950344138	-6836.531829489192	26.747118280351106	8.696217781490354	0.0056869082055947	4.476933080328404	1.0	1.6741391058431756	13.403316059985608	-359.3940449676089	0.2371763219659498	0.25657542612846723	0.24317882237406638	0.26306942953151663
22000	-7197.275837818137	-6814.899498560309	-382.37633925782785	-6814.899498560309	31.69926672500016	8.842445561074578	0.005747036226285894	4.476933080328404	1.0	1.6741391058431756	14.243416783597198	-362.10053587593796	0.237660344842883	0.25622097290149715	0.24304925272410322	0.26306942953151663
23000	-7174.2118195212815	-6799.489609800921	-374.7222097203606	-6799.489609800921	32.4668385515018	5.129246138290678	0.00505216485118632	4.476933080328404	1.0	1.8426897915769649	9.874792716248894	-358.976426867812	0.237660344842883	0.25622097290149715	0.24304925272410322	0.26306942953151663
24000	-7134.622531909586	-6758.912889266664	-375.709642642922	-6758.912889266664	32.4082861954801	5.487636534216795	0.004844437057553393	4.476933080328404	1.0	2.127691445117834	14.045510266101598	-358.94934878947555	0.237660344842883	0.25622097290149715	0.24304925272410322	0.26306942953151663
25000	-7054.0786650017535	-6677.162802254486	-376.9158627472667	-6677.162802254486	27.341347921851987	7.477081349843984	0.005488721977013255	4.476933080328404	1.0	2.127691445117834	12.642403945940377	-357.86807558390126	0.237660344842883	0.25622097290149715	0.24304925272410322	0.26306942953151663
26000	-6996.8541759411055	-6618.785850670476	-378.0683252706297	-6618.785850670476	25.844325618989245	9.409001483842513	0.005269807615026135	4.476933080328404	1.0	2.127691445117834	12.666210991906585	-356.9206117386326	0.23617615460298963	0.2577051631413905	0.24304925272410322	0.26306942953151663
27000	-6990.117532242696	-6616.061142185503	-374.0563900571932	-6616.061142185503	28.448301298307438	8.463446203582478	0.005034884545051295	4.476933080328404	1.0	2.127691445117834	14.09551821860702	-353.88824233220646	0.23617615460298963	0.2577051631413905	0.24304925272410322	0.26306942953151663
28000	-6919.469520526935	-6550.468762696624	-369.0007578303114	-6550.468762696624	28.791338457264803	8.387081641578394	0.005194368411824207	4.476933080328404	1.0	1.8467844210173918	14.25574249483922	-349.1555482055911	0.23617615460298963	0.2577051631413905	0.24304925272410322	0.26306942953151663
29000	-6896.70267597423	-6531.841962059705	-364.8607139145249	-6531.841962059705	27.320683236888886	9.545775069531967	0.005430510382981173	4.476933080328404	1.0	1.8467844210173918	10.49539825541941	-344.00209640656806	0.23617615460298963	0.2577051631413905	0.2365096387858045	0.26960904346981535
30000	-6850.807754460102	-6490.990162980883	-359.8175914792195	-6490.990162980883	27.29188402689499	9.623920223961948	0.00540124779089897	4.476933080328404	1.0	2.442774667355867	12.46505355295903	-338.1109140969281	0.24180078499181196	0.2577051631413905	0.23088500839698217	0.26960904346981535
31000	-6861.1403676906775	-6501.857603946942	-359.2827637437361	-6501.857603946942	26.74112571928944	9.90281319202324	0.0057437405414015996	4.476933080328404	1.0	3.0981479849855735	8.903107905016169	-336.8911224504534	0.24180078499181196	0.2577051631413905	0.23040127359066975	0.27009277827612777
32000	-6844.9379735793755	-6488.9348119834385	-356.00316159593683	-6488.9348119834385	25.46821526579639	9.920882420979718	0.005723039904048998	4.476933080328404	1.0	3.0981479849855735	10.777104242430202	-333.4044000842046	0.24180078499181196	0.2577051631413905	0.23040127359066975	0.27009277827612777
33000	-6846.944138242239	-6498.450570733953	-348.4935675082862	-6498.450570733953	27.02523289918946	8.891914629011595	0.005640236412768182	4.476933080328404	1.0	2.303445009168469	10.298961828718443	-327.87699116906504	0.24180078499181196	0.2577051631413905	0.23040127359066975	0.27009277827612777
34000	-6844.097402425484	-6491.285201893298	-352.8122005321857	-6491.285201893298	26.878345237358968	9.89698788639128	0.0054994101116332085	4.476933080328404	1.0	2.002138839628247	10.197026558186398	-331.4307243307697	0.24180078499181196	0.2577051631413905	0.23040127359066975	0.27009277827612777
35000	-6826.393264373563	-6473.627039456566	-352.76622491699743	-6473.627039456566	26.290104285138963	9.385046739936364	0.005603081480935707	4.476933080328404	1.0	2.002138839628247	9.786432350136362	-331.96690441075	0.24180078499181196	0.2577051631413905	0.2260496262108521	0.27444442565594546
36000	-6828.358800863596	-6477.78983600241	-350.5689648611863	-6477.78983600241	26.290104285138963	9.895973698034286	0.005533958321474716	4.476933080328404	1.0	2.002138839628247	10.538630360106268	-329.14937790437887	0.24180078499181196	0.2577051631413905	0.2260496262108521	0.27444442565594546
37000	-6808.050059312993	-6460.194471870477	-347.8555874425158	-6460.194471870477	26.19121677457772	9.980493473142818	0.005613846664298129	4.476933080328404	1.0	2.002138839628247	9.72562712075281	-326.4097687845429	0.23997528428126005	0.25953066385194246	0.2260496262108521	0.27444442565594546
38000	-6801.726731010502	-6455.153584606781	-346.5731464037205	-6455.153584606781	26.85891535927023	9.232204992589756	0.0052244560781018684	4.476933080328404	1.0	2.002138839628247	10.006406375383552	-325.9892116679887	0.23997528428126005	0.2504669313389381	0.2260496262108521	0.2835081581689498
39000	-6793.7496671650415	-6449.143355746195	-344.60631141884636	-6449.143355746195	27.638606945424797	8.449792372425327	0.004989397685017386	4.143522660323537	1.0	2.4941876875336724	9.11795968131796	-324.63164883929124	0.22893617290616491	0.26150604271403327	0.2260496262108521	0.2835081581689498
40000	-6792.6214582957555	-6446.97033347051	-345.6511248252451	-6446.97033347051	24.852664779422142	8.367342637046841	0.004938625379006251	4.143522660323537	1.0	2.331443608083139	8.647877854665575	-325.993640934765	0.22893617290616491	0.26150604271403327	0.2260496262108521	0.2835081581689498
41000	-6757.175685168505	-6411.3815512449255	-345.7941339235793	-6411.3815512449255	24.723841615475326	8.913975948228035	0.004906976166442233	4.143522660323537	1.0	2.331443608083139	9.318928748946432	-325.46475600373645	0.22893617290616491	0.2492673906221175	0.2089653561207051	0.3128310803510126
42000	-6737.521846382732	-6391.545416320117	-345.9764300626155	-6391.545416320117	27.472247416527637	8.488805516321474	0.005056154047411672	3.653369468803781	1.0	2.331443608083139	10.647011817372713	-326.1078181994616	0.21954837004937908	0.25865519347890337	0.2089653561207051	0.3128310803510126
43000	-6745.714860865596	-6400.377338494303	-345.3375223712926	-6400.377338494303	33.1446336575987	7.70277663183926	0.004450361310345579	3.653369468803781	1.0	2.331443608083139	10.58609923148945	-326.47571613340403	0.21954837004937908	0.25865519347890337	0.2089653561207051	0.3128310803510126
44000	-6759.00929539765	-6408.723912708331	-350.2853826893192	-6408.723912708331	29.82944366325922	8.759854404506095	0.004688057978557679	3.653369468803781	1.0	1.7459333292297585	9.012385828544376	-330.9452016289902	0.21954837004937908	0.25865519347890337	0.2089653561207051	0.3128310803510126
45000	-6713.217968333173	-6366.4239261724115	-346.7940421607618	-6366.4239261724115	26.646854120832213	8.48014385610885	0.004639825268567442	3.653369468803781	1.0	1.7459333292297585	7.533401580723463	-327.95236972562424	0.20139078113655065	0.25865519347890337	0.2089653561207051	0.330988669263841
46000	-6727.851946171208	-6382.6796533679135	-345.1722928032944	-6382.6796533679135	22.70309043807715	9.123869729063168	0.005192608767463729	3.653369468803781	1.0	3.5905179697032157	8.372186191771977	-323.55834203452315	0.20139078113655065	0.25865519347890337	0.2089653561207051	0.330988669263841
47000	-6713.7361590278615	-6371.047810430953	-342.6883485969087	-6371.047810430953	22.739191196437343	8.957187503351584	0.004945572838429888	3.653369468803781	1.0	3.5905179697032157	7.970737312521415	-321.3555588097242	0.20139078113655065	0.25865519347890337	0.2089653561207051	0.330988669263841
48000	-6705.774215666367	-6362.029517102726	-343.7446985636413	-6362.029517102726	21.699609546172944	8.443454125862385	0.005018150067279127	3.653369468803781	1.0	3.5905179697032157	10.45394620762609	-322.6930296526992	0.20774244063176353	0.25865519347890337	0.19406642895615067	0.33953593693318257
49000	-6703.617617199654	-6369.510497612406	-334.1071195872484	-6369.510497612406	22.363610943919017	7.0916951565335085	0.004611990013263655	3.653369468803781	1.0	3.5905179697032157	9.107392492639256	-314.78650917197706	0.20774244063176353	0.25865519347890337	0.19406642895615067	0.33953593693318257
50000	-6555.520417973709	-6216.8011704356895	-338.7192475380195	-6216.8011704356895	21.648531584024347	7.98478048826311	0.004760012285074458	3.339598149028311	1.0	3.6138989380720568	7.40227577324801	-318.65534771610805	0.20774244063176353	0.25865519347890337	0.19406642895615067	0.33953593693318257
51000	-6500.6119914010615	-6157.081378362481	-343.53061303858067	-6157.081378362481	21.462639162823805	9.745297636239503	0.005178334055568324	3.339598149028311	1.0	6.988831338413949	9.354882072432295	-317.83359967807866	0.20774244063176353	0.25865519347890337	0.19406642895615067	0.33953593693318257
52000	-6482.503063227936	-6136.540324678023	-345.9627385499129	-6136.540324678023	21.182557931451324	9.48658670322629	0.005602051553168951	3.339598149028311	1.0	6.988831338413949	8.68317393693883	-320.5444827976377	0.1822988017206864	0.28409883238998046	0.19406642895615067	0.33953593693318257
53000	-6473.236957910748	-6129.53455885075	-343.70239905999864	-6129.53455885075	21.94911641126313	9.366428789964052	0.005073834939169268	3.339598149028311	1.0	6.988831338413949	9.097333482494962	-318.46824826873615	0.1822988017206864	0.28409883238998046	0.19406642895615067	0.33953593693318257
54000	-6463.48407696191	-6122.787896379669	-340.69618058224154	-6122.787896379669	21.456945384741637	9.472432379091687	0.005451595153148625	3.339598149028311	1.0	6.988831338413949	9.42088307965374	-315.23912024042255	0.1822988017206864	0.28409883238998046	0.19406642895615067	0.33953593693318257
55000	-6463.673191790257	-6118.686448764106	-344.98674302615086	-6118.686448764106	22.53168900941125	9.5120993626081	0.005012701652433302	3.339598149028311	1.0	3.225043392269827	8.94464040325715	-323.3858694290385	0.1822988017206864	0.28409883238998046	0.19406642895615067	0.33953593693318257
56000	-6459.4650527495605	-6113.601305392152	-345.8637473574081	-6113.601305392152	24.662781879635496	9.928758507357257	0.0051791851036054595	3.339598149028311	1.0	3.225043392269827	9.396259832442265	-323.72569782832824	0.1822988017206864	0.28409883238998046	0.19406642895615067	0.33953593693318257
57000	-6445.723168133268	-6106.481991479115	-339.24117665415247	-6106.481991479115	22.58530416360169	9.674205181272956	0.004941018564864234	3.339598149028311	1.0	3.225043392269827	9.006206599261386	-317.47053235136383	0.16208288544616453	0.28409883238998046	0.19406642895615067	0.3597518532077045
58000	-6420.335791856143	-6081.387974397027	-338.9478174591163	-6081.387974397027	19.617938204088944	9.674205181272956	0.005625374821221763	3.339598149028311	1.0	3.389985315638623	8.357607052941827	-316.9572211868917	0.16208288544616453	0.28409883238998046	0.19406642895615067	0.3597518532077045
59000	-6387.934867507013	-6049.428891960536	-338.50597554647743	-6049.428891960536	24.424216791162184	9.10340344972052	0.004725455263909292	3.339598149028311	1.0	3.389985315638623	9.314556808040667	-317.2068599643298	0.16208288544616453	0.28409883238998046	0.19406642895615067	0.3597518532077045
60000	-6396.684900880153	-6059.26971715973	-337.41518372042265	-6059.26971715973	23.73878775979124	8.39153349286375	0.005070606711651497	3.339598149028311	1.0	3.389985315638623	10.145754000968182	-316.7452545513402	0.16208288544616453	0.28409883238998046	0.19406642895615067	0.3597518532077045
61000	-6373.147159365264	-6037.678501990806	-335.4686573744586	-6037.678501990806	23.709916038666293	7.954673733649862	0.005213639053115221	3.339598149028311	1.0	3.389985315638623	9.52814951842686	-315.318688449359	0.14611985333708086	0.30199426671058743	0.19406642895615067	0.3578194509961812
62000	-6364.4482058985295	-6031.056581287681	-333.39162461084857	-6031.056581287681	25.43632516989232	7.234224856195945	0.0050319540130658496	3.339598149028311	1.0	3.389985315638623	8.949438782994758	-314.14568109342827	0.14822818410682886	0.3165631715437321	0.17738919335325803	0.3578194509961812
63000	-6320.9100762977505	-5994.219595533466	-326.69048076428385	-5994.219595533466	31.219614769909747	6.039697685375888	0.004659942104823767	3.339598149028311	1.0	3.389985315638623	7.007929455859868	-309.1228286281422	0.14822818410682886	0.3165631715437321	0.17738919335325803	0.3578194509961812
64000	-6248.2310162080585	-5920.181198568733	-328.04981763932534	-5920.181198568733	28.909010614728878	7.619130040523942	0.005646488385104782	3.339598149028311	1.0	4.494778583963965	7.659180746329375	-307.30794253297313	0.1778988967433401	0.3165631715437321	0.1477184807167468	0.3578194509961812
65000	-6231.714182841117	-5907.714765311925	-323.9994175291926	-5907.714765311925	28.860678722804785	9.433409323923296	0.005543435265738885	2.5395334089874377	1.0	4.494778583963965	7.749127181647856	-301.54373190059795	0.1778988967433401	0.3165631715437321	0.1477184807167468	0.3578194509961812
66000	-6221.487058422101	-5906.001387965092	-315.4856704570087	-5906.001387965092	25.826696015449205	7.810727487399145	0.005245444623219108	2.5395334089874377	1.0	4.629829326898346	7.3685144619780365	-294.79313963661406	0.1778988967433401	0.3165631715437321	0.1477184807167468	0.3578194509961812
67000	-6197.871896899479	-5883.13187268689	-314.740024212589	-5883.13187268689	26.399542145512836	6.652147658496302	0.005165898543271422	2.5395334089874377	1.0	4.629829326898346	7.8968958344257825	-295.296606200928	0.15304537371845156	0.3165631715437321	0.17257200374163534	0.3578194509961812
68000	-6188.582566931937	-5871.440969159474	-317.1415977724639	-5871.440969159474	25.22992968270235	7.254224535445703	0.005325142711839935	2.5395334089874377	1.0	4.629829326898346	7.449098116925231	-297.04613195700176	0.12021171721256585	0.3493968280496178	0.17257200374163534	0.3578194509961812
69000	-6180.817917565544	-5865.42385701739	-315.3940605481535	-5865.42385701739	29.664309086223803	7.806321001275189	0.005212311714974363	2.5395334089874377	1.0	4.629829326898346	7.611122076739006	-294.68038760590133	0.12021171721256585	0.3493968280496178	0.17257200374163534	0.3578194509961812
70000	-6170.707793735528	-5853.656470050808	-317.0513236847196	-5853.656470050808	27.844572663833976	7.848519320779847	0.005479732855232909	2.5395334089874377	1.0	4.629829326898346	8.350583995994215	-296.1478294208439	0.1324296126914446	0.3493968280496178	0.15851909098774178	0.35965446827119596
71000	-6181.589472861191	-5858.246497924533	-323.34297493665815	-5858.246497924533	26.173004594469074	8.870235713611745	0.005067774710404959	2.556146691926431	1.0	4.629829326898346	7.733431595704717	-301.4563296496243	0.1324296126914446	0.3493968280496178	0.15851909098774178	0.35965446827119596
72000	-6185.201623174243	-5862.7236702814635	-322.47795289277906	-5862.7236702814635	22.551075654549592	9.977949266501577	0.005550611002589028	2.556146691926431	1.0	4.629829326898346	6.9005292245222805	-299.4006060386393	0.1324296126914446	0.35678796956918507	0.15112794946817454	0.35965446827119596
73000	-6186.368416363797	-5867.95963256348	-318.4087838003168	-5867.95963256348	23.181734336317444	9.669015256454328	0.005567562515220929	2.556146691926431	1.0	4.629829326898346	7.2679908727464015	-295.61374413207847	0.1324296126914446	0.35678796956918507	0.15112794946817454	0.35965446827119596
74000	-6180.35808169504	-5866.37818278673	-313.97989890831053	-5866.37818278673	23.393636550814918	9.26746553464463	0.005446529067008768	2.556146691926431	1.0	4.629829326898346	8.207855357859396	-291.5249620202053	0.1324296126914446	0.35678796956918507	0.15112794946817454	0.35965446827119596
75000	-6181.766226356894	-5867.8989045494	-313.8673218074937	-5867.8989045494	21.865753364584435	8.728091139904521	0.005516230275828464	2.553783506548113	1.0	4.629829326898346	5.6368793796358725	-292.36965326186714	0.1324296126914446	0.35678796956918507	0.15112794946817454	0.35965446827119596
76000	-6158.668755926811	-5847.297674611569	-311.3710813152423	-5847.297674611569	23.209969527554545	9.522024605870406	0.005525351124531468	2.553783506548113	1.0	4.629829326898346	6.1037222900593795	-288.9199034424664	0.1324296126914446	0.35678796956918507	0.15112794946817454	0.35965446827119596
77000	-6164.500297431586	-5856.222675138693	-308.27762229289243	-5856.222675138693	24.66787757714718	8.636981519678567	0.005121854952549526	2.553783506548113	1.0	4.629829326898346	6.8084391855279325	-286.7658767782984	0.1324296126914446	0.35678796956918507	0.15112794946817454	0.35965446827119596
78000	-6127.048003538118	-5818.945259188446	-308.10274434967215	-5818.945259188446	24.719288185725883	9.637274945383838	0.005692840960259843	2.553783506548113	1.0	4.629829326898346	4.883745108976091	-285.7185939724726	0.09755408689065623	0.35678796956918507	0.15112794946817454	0.39452999407198436
79000	-6132.856452196455	-5826.962530917992	-305.89392127846367	-5826.962530917992	28.866500353848934	8.381149042220507	0.004995259068508703	2.553783506548113	1.0	4.629829326898346	6.146446557196753	-284.79238719742506	0.09755408689065623	0.35678796956918507	0.15112794946817454	0.39452999407198436
80000	-6126.6646970476195	-5819.649847452734	-307.0148495948853	-5819.649847452734	25.427427335216784	7.9155200998307595	0.0054602649796766335	2.553783506548113	1.0	5.462415368018341	7.176554304031874	-285.35382881784494	0.0960964922681935	0.35678796956918507	0.14308063356746853	0.4040349045951531
81000	-6129.31913369933	-5827.719690646749	-301.5994430525817	-5827.719690646749	25.808072493660312	7.935530766163581	0.005398382326507696	2.553783506548113	1.0	3.3817167980995575	5.824080501630612	-282.2170589294984	0.0960964922681935	0.35678796956918507	0.14308063356746853	0.4040349045951531
82000	-6126.791423267681	-5824.048194959018	-302.7432283086632	-5824.048194959018	23.131757020813186	8.88975131557127	0.005655162525089867	2.148554872548305	1.0	3.3817167980995575	6.302046981534517	-282.3353870879783	0.12645406122505579	0.3264304006123228	0.14308063356746853	0.4040349045951531
83000	-6123.452267676555	-5816.266895238496	-307.1853724380592	-5816.266895238496	22.50465735937432	8.542878482035698	0.005368114193673344	2.148554872548305	1.0	3.3817167980995575	5.831909617393378	-287.2898737757976	0.12645406122505579	0.3264304006123228	0.14308063356746853	0.4040349045951531
84000	-6129.537586556793	-5813.574801345463	-315.96278521133036	-5813.574801345463	24.970970263801245	9.669146188577942	0.004903932101883594	2.148554872548305	1.0	7.910265678950033	6.8114189671917496	-290.2362074989621	0.12645406122505579	0.3264304006123228	0.14308063356746853	0.4040349045951531
85000	-6125.823880327342	-5806.782018996828	-319.04186133051326	-5806.782018996828	29.41373821461132	9.669146188577942	0.004481977782431229	2.148554872548305	1.0	9.51302477203636	7.773624612006653	-291.6703334695288	0.12645406122505579	0.3264304006123228	0.14308063356746853	0.4040349045951531
86000	-6107.623712249475	-5801.406402882685	-306.2173093667893	-5801.406402882685	26.721955304596275	8.869098594047868	0.004740674518610545	2.148554872548305	1.0	9.51302477203636	5.8539018992633745	-279.95109424056653	0.12645406122505579	0.3264304006123228	0.14308063356746853	0.4040349045951531
87000	-6114.077253274045	-5809.491980661079	-304.5852726129662	-5809.491980661079	26.681838677714616	8.586279850728818	0.004627072747568118	2.148554872548305	1.0	9.51302477203636	5.618266892413604	-278.6963755932785	0.12645406122505579	0.3264304006123228	0.14308063356746853	0.4040349045951531
88000	-6092.775575714239	-5790.120506041749	-302.6550696724894	-5790.120506041749	27.95112444243273	9.728665249912934	0.004910022305309705	2.148554872548305	1.0	9.51302477203636	5.627255789374196	-275.450428328837	0.12645406122505579	0.3264304006123228	0.1305575365351475	0.41655800162747414
89000	-6094.979527044612	-5796.7238087900805	-298.25571825453113	-5796.7238087900805	25.835203254618683	9.728665249912934	0.005562119467428095	2.148554872548305	1.0	9.51302477203636	5.7930788988929525	-270.8973055524994	0.12645406122505579	0.3264304006123228	0.1305575365351475	0.41655800162747414
90000	-6091.449144519016	-5790.817272455493	-300.63187206352234	-5790.817272455493	25.73004531983039	9.73493894738093	0.0053369072314877015	2.148554872548305	1.0	9.51302477203636	5.7100935815655545	-273.3223854370661	0.12435109029447049	0.3285333715429081	0.1305575365351475	0.41655800162747414
91000	-6106.024131685652	-5805.395345445808	-300.6287862398441	-5805.395345445808	26.64684779524575	9.693892545455377	0.0053929368197262045	2.148554872548305	1.0	9.51302477203636	4.931869207131812	-273.5002185487135	0.12435109029447049	0.3285333715429081	0.1305575365351475	0.41655800162747414
92000	-6084.8927815700745	-5788.685290070998	-296.2074914990765	-5788.685290070998	26.286944709162245	9.298879653154364	0.005584962564960555	2.148554872548305	1.0	9.768409509435106	5.434328346381779	-269.1239712931762	0.12435109029447049	0.3285333715429081	0.1305575365351475	0.41655800162747414
93000	-6079.87154974847	-5786.840285975011	-293.03126377345836	-5786.840285975011	24.997319337198885	9.97704225904867	0.005725220981721463	2.148554872548305	1.0	9.768409509435106	5.245044220248119	-265.2168600841375	0.12435109029447049	0.3285333715429081	0.1305575365351475	0.41655800162747414
94000	-6088.843628050122	-5787.57377328108	-301.2698547690413	-5787.57377328108	25.464358615551777	9.97704225904867	0.005607589967695166	2.148554872548305	1.0	9.768409509435106	5.1300492409927845	-273.49839344179406	0.12435109029447049	0.3285333715429081	0.1305575365351475	0.41655800162747414
95000	-6099.984303545867	-5804.997355392025	-294.98694815384204	-5804.997355392025	25.928343634510583	9.37295611868726	0.005933618184857013	2.148554872548305	1.0	9.768409509435106	4.783178783591662	-267.88923860550176	0.12435109029447049	0.3285333715429081	0.1305575365351475	0.41655800162747414
96000	-6094.595979033076	-5802.227762745136	-292.3682162879407	-5802.227762745136	24.33568463608468	9.37295611868726	0.005776139274836255	2.148554872548305	1.0	9.768409509435106	4.731083975259461	-265.30837938385315	0.12435109029447049	0.3285333715429081	0.1305575365351475	0.41655800162747414
97000	-6110.1542784646435	-5807.847898387992	-302.30638007665107	-5807.847898387992	27.477237523576598	9.37295611868726	0.006142991467843794	2.148554872548305	1.0	9.597340717206995	5.712807355032751	-275.16742046269286	0.12435109029447049	0.3285333715429081	0.1305575365351475	0.41655800162747414
98000	-6095.250399155006	-5795.76199681028	-299.4884023447258	-5795.76199681028	26.340290389164164	9.404609370435459	0.0060386469017350035	2.148554872548305	1.0	8.443031294757441	6.792839406032161	-273.3130567316632	0.12435109029447049	0.3285333715429081	0.1305575365351475	0.41655800162747414
99000	-6083.126008474607	-5787.154010133024	-295.9719983415831	-5787.154010133024	23.08603427294559	9.18907860770627	0.0058750303777313825	2.148554872548305	1.0	8.443031294757441	6.154564287801322	-270.15921938999105	0.12435109029447049	0.29178025648138034	0.1305575365351475	0.4533111166890019
100000	-6088.824908468553	-5791.482253240242	-297.3426552283109	-5791.482253240242	26.253123662359368	9.376520137198169	0.005972387343912409	2.148554872548305	1.0	8.443031294757441	5.243956097854894	-271.4679281020156	0.11411793598115083	0.29178025648138034	0.1305575365351475	0.4635442710023216
