#
#model:
#
#<?xml version="1.0" encoding="UTF-8" standalone="no"?><input id="posterior" spec="beast.core.util.CompoundDistribution">
#    <distribution id="prior" spec="beast.core.util.CompoundDistribution">
#        <distribution id="CoalescentConstant.t:1" spec="beast.evolution.tree.coalescent.Coalescent">
#            <populationModel id="ConstantPopulation.t:1" spec="beast.evolution.tree.coalescent.ConstantPopulation">
#                <parameter id="popSize.t:1" name="popSize" spec="beast.core.parameter.RealParameter">0.3</parameter>
#            </populationModel>
#            <treeIntervals id="TreeIntervals.t:1" spec="beast.evolution.tree.coalescent.TreeIntervals">
#                <tree id="Tree.t:1" spec="beast.evolution.tree.Tree">
#                    <trait id="dateTrait.t:1" spec="beast.evolution.tree.TraitSet" traitname="date" value="2_2000.1=2000.1,17_2001.6=2001.6,18_2001.7=2001.7,21_2002=2002,24_2002.3=2002.3,26_2002.5=2002.5,5_2000.4=2000.4,7_2000.6=2000.6,4_2000.3=2000.3,13_2001.2=2001.2,15_2001.4=2001.4,16_2001.5=2001.5,1_2000=2000,8_2000.7=2000.7,3_2000.2=2000.2,12_2001.1=2001.1,22_2002.1=2002.1,32_2003.1=2003.1,28_2002.7=2002.7,43_2004.2=2004.2,46_2004.5=2004.5,55_2005.4=2005.4,63_2006.2=2006.2,65_2006.4=2006.4,66_2006.5=2006.5,67_2006.6=2006.6,23_2002.2=2002.2,10_2000.9=2000.9,14_2001.3=2001.3,33_2003.2=2003.2,39_2003.8=2003.8,34_2003.3=2003.3,44_2004.3=2004.3,48_2004.7=2004.7,53_2005.2=2005.2,52_2005.1=2005.1,58_2005.7=2005.7,9_2000.8=2000.8,6_2000.5=2000.5,11_2001=2001,25_2002.4=2002.4,20_2001.9=2001.9,47_2004.6=2004.6,36_2003.5=2003.5,45_2004.4=2004.4,50_2004.9=2004.9,42_2004.1=2004.1,51_2005=2005,35_2003.4=2003.4,37_2003.6=2003.6,57_2005.6=2005.6,59_2005.8=2005.8,61_2006=2006,62_2006.1=2006.1,41_2004=2004,40_2003.9=2003.9,49_2004.8=2004.8,74_2007.3=2007.3,77_2007.6=2007.6,68_2006.7=2006.7,70_2006.9=2006.9,81_2008=2008,19_2001.8=2001.8,27_2002.6=2002.6,29_2002.8=2002.8,30_2002.9=2002.9,31_2003=2003,38_2003.7=2003.7,56_2005.5=2005.5,69_2006.8=2006.8,82_2008.1=2008.1,80_2007.9=2007.9,83_2008.2=2008.2,87_2008.6=2008.6,71_2007=2007,75_2007.4=2007.4,72_2007.1=2007.1,91_2009=2009,88_2008.7=2008.7,94_2009.3=2009.3,98_2009.7=2009.7,79_2007.8=2007.8,84_2008.3=2008.3,78_2007.7=2007.7,76_2007.5=2007.5,89_2008.8=2008.8,93_2009.2=2009.2,96_2009.5=2009.5,97_2009.6=2009.6,95_2009.4=2009.4,100_2009.9=2009.9,54_2005.3=2005.3,60_2005.9=2005.9,64_2006.3=2006.3,73_2007.2=2007.2,86_2008.5=2008.5,85_2008.4=2008.4,90_2008.9=2008.9,99_2009.8=2009.8,92_2009.1=2009.1,101_2010=2010">
#                        <taxa id="TaxonSet.1" spec="beast.evolution.alignment.TaxonSet">
#                        </taxa>
#                    </trait>
#                    <taxonset idref="TaxonSet.1"/>
#                </tree>
#            </treeIntervals>
#        </distribution>
#        <prior id="rateOmega.prior" name="distribution">
#            <parameter id="rateOmega" lower="0.1" name="x" spec="beast.core.parameter.RealParameter" upper="10.0">0.5</parameter>
#            <Gamma id="Gamma.0" name="distr">
#                <parameter estimate="false" id="rateOmega.alpha" name="alpha" spec="beast.core.parameter.RealParameter">0.1</parameter>
#                <parameter estimate="false" id="rateOmega.beta" name="beta" spec="beast.core.parameter.RealParameter">1.0</parameter>
#            </Gamma>
#        </prior>
#        <prior id="rateMean.prior" name="distribution">
#            <parameter id="rateMean" lower="1.0E-4" name="x" spec="beast.core.parameter.RealParameter" upper="10.0">0.005</parameter>
#            <Gamma id="Gamma.1" name="distr">
#                <parameter estimate="false" id="rateMean.alpha" name="alpha" spec="beast.core.parameter.RealParameter">0.005</parameter>
#                <parameter estimate="false" id="rateMean.beta" name="beta" spec="beast.core.parameter.RealParameter">1.0</parameter>
#            </Gamma>
#        </prior>
#        <prior id="FrequenciesPrior.s:1" name="distribution">
#            <parameter dimension="4" id="freqParameter.s:1" lower="0.0" name="x" spec="beast.core.parameter.RealParameter" upper="1.0">0.25</parameter>
#            <Uniform id="Uniform.3" name="distr"/>
#        </prior>
#        <prior id="GammaShapePrior.s:1" name="distribution">
#            <parameter id="gammaShape.s:1" name="x" spec="beast.core.parameter.RealParameter">1.0</parameter>
#            <Exponential id="Exponential.0" name="distr">
#                <parameter estimate="false" id="RealParameter.0" name="mean" spec="beast.core.parameter.RealParameter">1.0</parameter>
#            </Exponential>
#        </prior>
#        <prior id="KappaPrior.s:1" name="distribution">
#            <parameter id="kappa.s:1" lower="0.0" name="x" spec="beast.core.parameter.RealParameter">2.0</parameter>
#            <LogNormal id="LogNormalDistributionModel.0" name="distr">
#                <parameter estimate="false" id="RealParameter.1" name="M" spec="beast.core.parameter.RealParameter">1.0</parameter>
#                <parameter estimate="false" id="RealParameter.2" name="S" spec="beast.core.parameter.RealParameter">1.25</parameter>
#            </LogNormal>
#        </prior>
#        <prior id="PopSizePrior.t:1" name="distribution" x="@popSize.t:1">
#            <OneOnX id="OneOnX.1" name="distr"/>
#        </prior>
#    </distribution>
#    <distribution id="likelihood" spec="beast.core.util.CompoundDistribution" useThreads="true">
#        <distribution data="@1" id="treeLikelihood.1" spec="beast.evolution.likelihood.ThreadedTreeLikelihood" tree="@Tree.t:1">
#            <siteModel gammaCategoryCount="4" id="SiteModel.s:1" shape="@gammaShape.s:1" spec="beast.evolution.sitemodel.SiteModel">
#                <parameter id="mutationRate.s:1" name="mutationRate" spec="beast.core.parameter.RealParameter">1.0</parameter>
#                <parameter estimate="false" id="proportionInvariant.s:1" lower="0.0" name="proportionInvariant" spec="beast.core.parameter.RealParameter" upper="1.0">0.0</parameter>
#                <substModel id="hky.s:1" kappa="@kappa.s:1" spec="beast.evolution.substitutionmodel.HKY">
#                    <frequencies frequencies="@freqParameter.s:1" id="estimatedFreqs.s:1" spec="beast.evolution.substitutionmodel.Frequencies"/>
#                </substModel>
#            </siteModel>
#            <branchRateModel id="branchRates" numSites="1000" numberOfDiscreteRates="12" rateMean="@rateMean" rateOmega="@rateOmega" spec="beast.evolution.branchratemodel.ARClockModel" tree="@Tree.t:1">
#                <rateCategories dimension="200" id="rateCategories" spec="beast.core.parameter.IntegerParameter">1</rateCategories>
#            </branchRateModel>
#        </distribution>
#    </distribution>
#</input>
#
Sample	posterior	likelihood	prior	treeLikelihood	TreeHeight	rateOmega	rateMean	kappa	mutationRate	gammaShape	popSize	CoalescentConstant	freqParameter.1	freqParameter.2	freqParameter.3	freqParameter.4
0	-22961.045134129785	-22727.011927959426	-234.03320617036022	-22727.011927959426	10.751582664363609	0.5	0.005	2.0	1.0	1.0	0.3	-230.21431273121476	0.25	0.25	0.25	0.25
1000	-13966.670152462484	-13669.006474638767	-297.6636778237176	-13669.006474638767	12.226798674120678	0.3972212782100782	0.0269684645029073	3.795522657010134	1.0	1.0	4.090048853573207	-289.197159840464	0.25	0.2549333024824592	0.2450666975175408	0.25
2000	-13035.211792174576	-12733.997967251704	-301.21382492287125	-12733.997967251704	14.251416039076828	2.7940324049486116	0.022003722346923795	3.795522657010134	1.0	1.0	6.7992993645024065	-288.293964307075	0.24781943583948512	0.2549333024824592	0.24724726167805566	0.25
3000	-11841.374157438473	-11528.296535878893	-313.0776215595793	-11528.296535878893	17.945585533808725	3.2306640741641868	0.01946636025735452	3.795522657010134	1.0	0.9356141288791247	7.876401866273324	-299.63223038559994	0.24781943583948512	0.2504024000425049	0.24724726167805566	0.2545309024399543
4000	-10998.34148334899	-10675.867189513421	-322.47429383556806	-10675.867189513421	14.62879457739001	1.4244973216370354	0.014798642961981606	4.158833371417983	1.0	0.9356141288791247	9.279402889079632	-311.5719581819776	0.24781943583948512	0.2504024000425049	0.24724726167805566	0.2545309024399543
5000	-10571.097760155319	-10243.34237429192	-327.7553858633981	-10243.34237429192	14.273255129119073	2.5509341946954796	0.013099447444731266	4.158833371417983	1.0	0.9356141288791247	8.86876628323136	-315.37055305992334	0.2519422860905073	0.2504024000425049	0.2431244114270335	0.2545309024399543
6000	-9866.478168343076	-9513.085912306748	-353.3922560363288	-9513.085912306748	17.72213689429725	3.068779437620207	0.010604832216943031	4.158833371417983	1.0	0.9356141288791247	10.087466075669875	-340.40718037781676	0.2519422860905073	0.2504024000425049	0.2431244114270335	0.2545309024399543
7000	-9290.023523897562	-8948.875460505262	-341.1480633923003	-8948.875460505262	17.086402190001802	2.3589465367681335	0.009805568285941813	4.158833371417983	1.0	0.9356141288791247	8.208677694870403	-329.3944475639364	0.25118700380492864	0.25115768232808355	0.2431244114270335	0.2545309024399543
8000	-8771.884304350297	-8437.452733278567	-334.4315710717289	-8437.452733278567	20.487715499309584	2.35106136209068	0.008795519292073036	4.158833371417983	1.0	0.9356141288791247	8.250951125605182	-322.79289173220167	0.24296304750055775	0.25115768232808355	0.2513483677314044	0.2545309024399543
9000	-8557.66230739873	-8224.044018922565	-333.6182884761662	-8224.044018922565	21.873608747341237	2.4503825842479796	0.008732098288582209	4.158833371417983	1.0	0.9356141288791247	8.443838870188289	-321.82720374196253	0.24262226564444997	0.25115768232808355	0.24683712899594937	0.2593829230315171
10000	-8514.16805307803	-8184.747638606968	-329.42041447106266	-8184.747638606968	19.037233195046493	1.8523318705179523	0.008246803412361035	3.840410698006034	1.0	0.9356141288791247	9.405543063683295	-318.5280197820867	0.24262226564444997	0.25115768232808355	0.24683712899594937	0.2593829230315171
11000	-8355.743281921752	-8029.873883221235	-325.8693987005172	-8029.873883221235	18.683559804854916	2.0979912456475094	0.0076229340848140165	3.840410698006034	1.0	1.249840920737268	8.089425333697735	-314.53467269582575	0.24262226564444997	0.25115768232808355	0.24683712899594937	0.2593829230315171
12000	-8324.862137610102	-7996.552622003321	-328.30951560678153	-7996.552622003321	19.769742210506415	1.4257519843851232	0.007790939278317668	3.840410698006034	1.0	1.249840920737268	9.045216109795424	-317.86114431919606	0.24262226564444997	0.25115768232808355	0.23866655248066618	0.2675534995468003
13000	-8279.545321287993	-7948.287761636443	-331.2575596515506	-7948.287761636443	17.599926453448138	2.0839190955267335	0.007547323536599857	3.840410698006034	1.0	1.2102336400682927	8.655380779003075	-319.92494073433977	0.24262226564444997	0.25427064789740544	0.2355535869113443	0.2675534995468003
14000	-8210.897445113202	-7877.74084750072	-333.15659761248196	-7877.74084750072	20.876308612762497	2.4557747970973938	0.007943274460273306	3.840410698006034	1.0	1.2102336400682927	9.070047246912926	-321.20628101784706	0.24262226564444997	0.25550263552066005	0.2316763331596682	0.2701987656752218
15000	-8110.349207086872	-7777.563707909485	-332.78549917738775	-7777.563707909485	20.876308612762497	2.444691749204887	0.007541406304692535	3.840410698006034	1.0	1.2102336400682927	9.394515050035253	-320.8672472304774	0.24262226564444997	0.25550263552066005	0.2316763331596682	0.2701987656752218
16000	-8091.688575648896	-7758.912950901934	-332.7756247469625	-7758.912950901934	21.666934691439664	2.549477293748197	0.006926527751061968	3.840410698006034	1.0	1.2102336400682927	10.143546956833058	-320.72334281475884	0.23386469392476586	0.25550263552066005	0.24043390487935232	0.2701987656752218
17000	-7930.827542849625	-7604.166261547056	-326.6612813025694	-7604.166261547056	22.166587617842957	2.0868288481733717	0.0066360068454959995	3.840410698006034	1.0	1.2102336400682927	8.841670895537174	-315.43215265996696	0.23233212594388464	0.26523494660356345	0.23223416177733014	0.2701987656752218
18000	-7869.4136169452495	-7544.900007698926	-324.5136092463232	-7544.900007698926	23.289633560096938	2.344200759178451	0.006783454667765308	3.840410698006034	1.0	1.2053731106547851	7.495750130033577	-313.0704262020757	0.23233212594388464	0.26523494660356345	0.23223416177733014	0.2701987656752218
19000	-7758.263021294375	-7435.642429296862	-322.6205919975125	-7435.642429296862	21.768388497524633	2.3639658476293155	0.0068512188624533935	3.840410698006034	1.0	1.2053731106547851	8.049020236435572	-311.0689150521258	0.23233212594388464	0.26523494660356345	0.23223416177733014	0.2701987656752218
20000	-7762.047531278874	-7439.568083364092	-322.47944791478227	-7439.568083364092	21.559404869974497	2.1003483929762	0.006715360985072739	3.840410698006034	1.0	1.2053731106547851	8.783102550824777	-311.23058746453444	0.22909011015830674	0.26523494660356345	0.23547617756290803	0.2701987656752218
21000	-7741.121732698257	-7414.546203344235	-326.5755293540215	-7414.546203344235	21.29004881081176	3.0530205879739682	0.0068110796404254785	3.840410698006034	1.0	1.2053731106547851	8.568224437059367	-314.04796247779825	0.22909011015830674	0.26523494660356345	0.23547617756290803	0.2701987656752218
22000	-7743.740266841214	-7414.738868356912	-329.0013984843022	-7414.738868356912	23.01698684022723	2.829377522049434	0.0071416891934686965	3.840410698006034	1.0	1.3607260747605947	10.115678367870995	-316.3970706564812	0.22909011015830674	0.26523494660356345	0.23547617756290803	0.2701987656752218
23000	-7728.607345980538	-7395.822250657275	-332.78509532326365	-7395.822250657275	22.55401229367401	3.41209617883429	0.007098302781017469	3.840410698006034	1.0	1.3607260747605947	8.18950134132151	-319.6468458223524	0.22909011015830674	0.26523494660356345	0.23547617756290803	0.2701987656752218
24000	-7606.248830029045	-7282.94628834666	-323.3025416823847	-7282.94628834666	22.46626541738676	2.5387400522158203	0.006995467830366493	3.840410698006034	1.0	1.7124337435156218	8.732078489948075	-310.9025063263561	0.22909011015830674	0.25983117924035354	0.23547617756290803	0.2756025330384317
25000	-7598.574429274993	-7272.895954106015	-325.67847516897865	-7272.895954106015	23.238531414366506	2.7106328661779266	0.0070903886552156885	3.840410698006034	1.0	1.7124337435156218	8.77018003971163	-313.0297250890048	0.22909011015830674	0.25983117924035354	0.23547617756290803	0.2756025330384317
26000	-7572.472106538758	-7247.262356471128	-325.2097500676298	-7247.262356471128	22.32522391267288	2.4737567379355245	0.006888433485960968	3.840410698006034	1.0	1.7124337435156218	7.67281285100064	-313.0428038757513	0.22909011015830674	0.26048416381768347	0.23547617756290803	0.27494954846110176
27000	-7524.051942509069	-7202.363834157397	-321.68810835167153	-7202.363834157397	22.199448144929537	2.4696150487754984	0.00652721511579661	3.840410698006034	1.0	1.7124337435156218	8.022173459425577	-309.5362410531625	0.22909011015830674	0.26048416381768347	0.23547617756290803	0.27494954846110176
28000	-7505.752819366443	-7179.5786797856135	-326.17413958082983	-7179.5786797856135	21.058670528494908	3.8233168306721335	0.006954085903383741	3.840410698006034	1.0	1.7124337435156218	7.870550378849136	-312.23084232681765	0.22909011015830674	0.26048416381768347	0.23547617756290803	0.27494954846110176
29000	-7470.9911659993795	-7142.945291512608	-328.04587448677194	-7142.945291512608	20.579572834594366	2.3733023466110854	0.006954085903383741	3.840410698006034	1.0	1.7124337435156218	11.707709872546117	-315.58462447346193	0.22909011015830674	0.26048416381768347	0.22893656362460932	0.28148916239940047
30000	-7452.540271675414	-7130.361120846739	-322.17915082867506	-7130.361120846739	20.727750310621097	3.5582019735007466	0.007080134868718582	3.840410698006034	1.0	1.783905317372371	8.634650468241043	-308.38351849341615	0.2211997386803676	0.26048416381768347	0.23682693510254846	0.28148916239940047
31000	-7472.21561987411	-7150.8814372179195	-321.3341826561906	-7150.8814372179195	20.836468603720913	3.1732888311321004	0.0070060755404428	3.840410698006034	1.0	1.783905317372371	8.285062743291222	-308.07836734018855	0.2211997386803676	0.26048416381768347	0.23682693510254846	0.28148916239940047
32000	-7450.444320424796	-7127.740726457378	-322.7035939674192	-7127.740726457378	19.469969269210537	3.6038011633169824	0.006972671084091317	3.840410698006034	1.0	1.783905317372371	7.441092528927395	-309.0149931296358	0.2211997386803676	0.26048416381768347	0.23634320029623604	0.2819728972057129
33000	-7425.784213495781	-7101.369715194103	-324.4144983016772	-7101.369715194103	23.498519326270216	3.100309918204629	0.006093056910902765	3.840410698006034	1.0	1.783905317372371	7.151021994706927	-311.5396433252926	0.2211997386803676	0.26048416381768347	0.23634320029623604	0.2819728972057129
34000	-7343.288692310274	-7022.382506020322	-320.9061862899529	-7022.382506020322	20.95388908685591	3.6111225367113007	0.006734636629029306	3.840410698006034	1.0	1.783905317372371	8.87629097579933	-307.066870300547	0.2211997386803676	0.26048416381768347	0.23634320029623604	0.2819728972057129
35000	-7324.074729837427	-7006.635774631839	-317.4389552055878	-7006.635774631839	21.86039463003005	3.985238707355353	0.006913328048224186	3.5134212981412185	1.0	1.783905317372371	6.472269903797542	-303.5325609159177	0.2211997386803676	0.26048416381768347	0.23199155291641838	0.2863245445855306
36000	-7292.148440286277	-6974.8817360351595	-317.2667042511177	-6974.8817360351595	21.787468909606215	3.2223060290814125	0.006889631241044008	3.5134212981412185	1.0	1.783905317372371	7.402508715541989	-304.1836406348904	0.21496058737889964	0.26048416381768347	0.23823070421788634	0.2863245445855306
37000	-7290.973554880518	-6973.232837956814	-317.74071692370427	-6973.232837956814	23.45972259405789	4.163150747973557	0.006495068985395831	3.5134212981412185	1.0	1.783905317372371	8.27610019553743	-303.4337722366719	0.21496058737889964	0.26048416381768347	0.23823070421788634	0.2863245445855306
38000	-7271.938538806231	-6951.519978769714	-320.418560036517	-6951.519978769714	22.66522616070249	3.690448773340876	0.006992778202872672	4.318315050079996	1.0	2.143997786271425	7.3361131670376345	-306.1255312394696	0.2096045666675054	0.25677645201607335	0.23823070421788634	0.29538827709853493
39000	-7236.810933913512	-6913.796594615333	-323.0143392981789	-6913.796594615333	23.19721567663754	3.975749401796666	0.006741445524583629	3.4796022564251623	1.0	2.143997786271425	8.286895834415986	-308.5487923345034	0.2096045666675054	0.25677645201607335	0.23823070421788634	0.29538827709853493
40000	-7031.935256892386	-6713.342519921348	-318.59273697103816	-6713.342519921348	24.099550446517423	2.2568875595815276	0.006120183071959187	3.405340112409434	1.0	2.6042334526213478	8.784030033018071	-305.9588138652639	0.2096045666675054	0.25677645201607335	0.23823070421788634	0.29538827709853493
41000	-6989.705468803433	-6669.169835661008	-320.53563314242524	-6669.169835661008	21.86354375906413	2.461566958240148	0.005772422272083218	3.405340112409434	1.0	2.2868222897634034	7.847179501780459	-308.10764810956925	0.21260264248994162	0.25677645201607335	0.23523262839545012	0.29538827709853493
42000	-6953.371059246517	-6635.927039139146	-317.44402010737144	-6635.927039139146	22.26153931114716	2.516935196882814	0.005987162010873162	3.405340112409434	1.0	2.2868222897634034	6.841410535749682	-305.0412497858465	0.20193432024817984	0.25677645201607335	0.23799113803184463	0.3032980897039022
43000	-6928.374682370782	-6610.157555567532	-318.2171268032497	-6610.157555567532	20.39107852056958	2.6734232432893794	0.005885355313477064	3.405340112409434	1.0	2.2868222897634034	9.883415174588157	-305.2528846829809	0.19737044276714152	0.2637573615172822	0.23557410601167408	0.3032980897039022
44000	-6902.664516891722	-6585.891568475173	-316.7729484165494	-6585.891568475173	22.323854221327018	2.8185673950326633	0.005860797915125709	3.405340112409434	1.0	2.728015172741801	6.331246473452105	-303.62433317772707	0.18545823347434007	0.2637573615172822	0.23557410601167408	0.31521029899670366
45000	-6886.94725415744	-6572.807997278783	-314.13925687865674	-6572.807997278783	20.909772450221055	3.8847100731287774	0.006127516973348742	3.405340112409434	1.0	2.728015172741801	7.794229775459101	-299.38332670477075	0.18545823347434007	0.2637573615172822	0.23557410601167408	0.31521029899670366
46000	-6880.78602299579	-6567.252355319208	-313.5336676765823	-6567.252355319208	20.237745096191983	3.7122856381203566	0.0062884074016290896	3.405340112409434	1.0	2.728015172741801	7.657595307823475	-298.9827586158159	0.18545823347434007	0.2637573615172822	0.23557410601167408	0.31521029899670366
47000	-6885.120523413921	-6568.044116577853	-317.0764068360676	-6568.044116577853	19.710374322782666	3.4878623186288333	0.006131194413787447	3.405340112409434	1.0	2.728015172741801	7.752522669169961	-302.8190725480034	0.18545823347434007	0.2637573615172822	0.23557410601167408	0.31521029899670366
48000	-6896.695889195444	-6579.918754769983	-316.7771344254611	-6579.918754769983	20.010980753392122	3.3096074681043977	0.006371603679513378	3.405340112409434	1.0	4.184817225975261	7.122628561542847	-301.3346981733894	0.18545823347434007	0.2637573615172822	0.23126713226902215	0.3195172727393556
49000	-6889.182899287588	-6573.42252855266	-315.76037073492773	-6573.42252855266	19.65880617349697	3.054476368267753	0.005753526175697353	3.405340112409434	1.0	4.184817225975261	7.689671936051782	-300.67080973737234	0.18545823347434007	0.2637573615172822	0.23126713226902215	0.3195172727393556
50000	-6890.469582742306	-6570.827572463809	-319.64201027849657	-6570.827572463809	20.812570767133476	2.803064821111899	0.005855654060697125	3.405340112409434	1.0	4.67522737100024	7.470485828522568	-304.40206513147774	0.18545823347434007	0.2637573615172822	0.226394681988151	0.3243897230202268
51000	-6890.201708670491	-6570.318625319384	-319.88308335110617	-6570.318625319384	20.98751015182878	3.084685026037031	0.006221757430067173	3.405340112409434	1.0	4.67522737100024	8.610378475995049	-304.0726396267054	0.18545823347434007	0.2637573615172822	0.226394681988151	0.3243897230202268
52000	-6885.794859626214	-6566.645056216206	-319.14980341000785	-6566.645056216206	24.46239992571719	2.58420135684043	0.005327347140371845	3.405340112409434	1.0	4.67522737100024	8.65630752525552	-304.1491705577933	0.18545823347434007	0.2637573615172822	0.226394681988151	0.3243897230202268
53000	-6839.9454212877445	-6527.392601670433	-312.5528196173119	-6527.392601670433	19.180343951649615	3.4344229926149303	0.005861701350616807	3.405340112409434	1.0	4.67522737100024	6.018726153520829	-296.71374563686675	0.18545823347434007	0.2637573615172822	0.21107204630001855	0.33971235870835925
54000	-6851.215106325229	-6538.704944032312	-312.5101622929167	-6538.704944032312	21.657249773947388	2.7151725144353063	0.005487192441206282	3.405340112409434	1.0	4.67522737100024	7.307155358783615	-297.47392202478926	0.18545823347434007	0.2637573615172822	0.21107204630001855	0.33971235870835925
55000	-6844.436707022925	-6529.748486820187	-314.6882202027369	-6529.748486820187	19.25120714608285	3.174192388183921	0.005787117637942658	3.405340112409434	1.0	4.67522737100024	7.539728218793112	-298.96779855386933	0.18545823347434007	0.2637573615172822	0.21107204630001855	0.33971235870835925
56000	-6821.394013694979	-6509.158465769316	-312.23554792566256	-6509.158465769316	20.047304442595966	3.0054407417806086	0.005522037844360021	3.405340112409434	1.0	4.67522737100024	8.624043478135505	-296.6455941366147	0.18545823347434007	0.2637573615172822	0.19611433730542088	0.3546700677029569
57000	-6829.571660397592	-6520.487261610447	-309.0843987871446	-6520.487261610447	22.440252923358052	2.8485432012615854	0.005807666408561949	3.405340112409434	1.0	4.67522737100024	7.252235111094292	-293.822376408599	0.18545823347434007	0.2637573615172822	0.19611433730542088	0.3546700677029569
58000	-6817.309920185732	-6508.2562102558295	-309.0537099299029	-6508.2562102558295	18.463614308192973	2.9078165071257254	0.0059607002635958025	3.405340112409434	1.0	4.67522737100024	7.8169495682304415	-293.61286216643845	0.18545823347434007	0.2637573615172822	0.19611433730542088	0.3546700677029569
59000	-6810.957310308031	-6504.91951007701	-306.0378002310204	-6504.91951007701	18.850611717409	2.9042194366606564	0.0058206173860740895	3.3467932598300623	1.0	4.67522737100024	7.619001994469413	-290.6708624021192	0.18545823347434007	0.2637573615172822	0.19611433730542088	0.3546700677029569
60000	-6811.7509724233905	-6508.814655503198	-302.9363169201927	-6508.814655503198	18.50023427180915	3.6467704342368568	0.005960184206319622	2.740132295232066	1.0	4.67522737100024	6.618917060286666	-286.95273676485755	0.18545823347434007	0.2637573615172822	0.19497556545153089	0.3558088395568469
61000	-6803.567911651415	-6497.49250072134	-306.07541093007546	-6497.49250072134	21.007008519751256	3.615401859999769	0.0061080854659304965	2.740132295232066	1.0	4.67522737100024	6.524928342854053	-290.1207388693786	0.17636945765462173	0.2728461373370005	0.19497556545153089	0.3558088395568469
62000	-6802.494885061574	-6494.120568671295	-308.3743163902793	-6494.120568671295	23.548914445000086	4.088857337230361	0.005967272910431112	2.740132295232066	1.0	4.67522737100024	6.384503457447727	-291.88053637190654	0.17756893719192798	0.27164665779969427	0.19497556545153089	0.3558088395568469
63000	-6802.969069088307	-6491.443395508577	-311.5256735797301	-6491.443395508577	29.982704487430393	3.593465381737048	0.005453746075099474	2.740132295232066	1.0	4.67522737100024	8.201315363827913	-295.48314924767965	0.17756893719192798	0.27164665779969427	0.19497556545153089	0.3558088395568469
64000	-6779.743035903481	-6471.121358189192	-308.6216777142893	-6471.121358189192	22.750899861722043	3.044913467933576	0.0057823596118721406	2.740132295232066	1.0	4.67522737100024	6.608888777727065	-293.4341192284821	0.17756893719192798	0.2685869637259972	0.19497556545153089	0.35886853363054394
65000	-6802.151492958736	-6495.485020783496	-306.6664721752395	-6495.485020783496	24.679616423742054	2.859324291252695	0.00578844894529721	3.0580017891084137	1.0	4.67522737100024	7.089369728141131	-291.5356943455752	0.18545634108355852	0.2685869637259972	0.18708816155990035	0.35886853363054394
66000	-6803.18652747664	-6495.271650568303	-307.9148769083366	-6495.271650568303	22.935019084058215	3.0165319341276944	0.005905563077535013	3.0580017891084137	1.0	4.67522737100024	5.741773996321354	-292.7695020395963	0.18545634108355852	0.2685869637259972	0.18708816155990035	0.35886853363054394
67000	-6780.319426306995	-6469.810075840025	-310.50935046697043	-6469.810075840025	27.28811725542867	3.2828516969179344	0.005714733934844191	3.0580017891084137	1.0	4.958042253635339	7.082657680534225	-294.5616894193058	0.18545634108355852	0.2685869637259972	0.18708816155990035	0.35886853363054394
68000	-6788.420849279011	-6478.372986618201	-310.0478626608105	-6478.372986618201	24.870057077859894	3.6261227872120414	0.005928920647847926	3.0580017891084137	1.0	4.958042253635339	7.385912444411256	-293.58867426253477	0.18545634108355852	0.2685869637259972	0.18708816155990035	0.35886853363054394
69000	-6757.89964501332	-6453.621578261614	-304.27806675170643	-6453.621578261614	24.577884419837442	3.8633483679304783	0.005665662245158338	3.0580017891084137	1.0	4.958042253635339	6.669498296844909	-287.6721038971142	0.18545634108355852	0.28538040572771856	0.17029471955817904	0.35886853363054394
70000	-6761.348779610525	-6455.5634786294395	-305.78530098108473	-6455.5634786294395	25.188947215214487	4.06383168393169	0.005683856085107748	3.0580017891084137	1.0	4.958042253635339	6.624370832924485	-288.9369029563572	0.18545634108355852	0.28538040572771856	0.17029471955817904	0.35886853363054394
71000	-6757.873301781048	-6445.465723898744	-312.40757788230394	-6445.465723898744	27.947794684883455	3.825203363420966	0.00552045496996723	3.0580017891084137	1.0	4.958042253635339	7.255594650815843	-295.79044108852844	0.18545634108355852	0.28538040572771856	0.17029471955817904	0.35886853363054394
72000	-6753.49001330596	-6448.279951862518	-305.2100614434418	-6448.279951862518	23.698497855295493	3.9369435782681905	0.005750928341619329	3.0580017891084137	1.0	4.958042253635339	6.839133029010605	-288.4734555836611	0.18045025857474992	0.28538040572771856	0.17029471955817904	0.3638746161393525
73000	-6758.52800579052	-6451.868730582669	-306.6592752078517	-6451.868730582669	25.02930414394345	4.261255853821498	0.006009684250447831	3.0580017891084137	1.0	4.958042253635339	6.590848650050798	-289.52004299491585	0.18045025857474992	0.28538040572771856	0.17029471955817904	0.3638746161393525
74000	-6759.253766793375	-6453.164273629464	-306.08949316391084	-6453.164273629464	25.66003516176845	3.7613410017707154	0.005631567996783004	3.0580017891084137	1.0	4.958042253635339	6.42286003067067	-289.6533414468092	0.18045025857474992	0.28538040572771856	0.17029471955817904	0.3638746161393525
75000	-6752.418757746157	-6447.925013238371	-304.4937445077861	-6447.925013238371	24.24229005055587	3.853103571450423	0.00608198353945015	3.0580017891084137	1.0	4.958042253635339	6.4190034468704935	-287.8677291126322	0.18045025857474992	0.28538040572771856	0.17029471955817904	0.3638746161393525
76000	-6759.4728143691245	-6455.529523262537	-303.94329110658754	-6455.529523262537	23.571032119586455	3.590480054992023	0.005909604375368112	3.0580017891084137	1.0	4.958042253635339	6.014213341762539	-287.7373508926222	0.18045025857474992	0.28538040572771856	0.17029471955817904	0.3638746161393525
77000	-6748.96998690673	-6453.010046320216	-295.9599405865138	-6453.010046320216	20.553258506771144	3.410040295941449	0.005862852121932527	3.0580017891084137	1.0	4.958042253635339	6.412222906757025	-279.9247150474356	0.18045025857474992	0.28538040572771856	0.17029471955817904	0.3638746161393525
78000	-6731.306599935358	-6435.979129535601	-295.3274703997566	-6435.979129535601	21.135507737232896	4.1713896790546725	0.006729117567716245	3.0580017891084137	1.0	4.958042253635339	5.393630194808654	-278.3845251495767	0.18045025857474992	0.28538040572771856	0.17029471955817904	0.3638746161393525
79000	-6745.042785668267	-6453.352957822869	-291.6898278453981	-6453.352957822869	20.60105876871188	3.5368791935957975	0.006084474449615319	3.0580017891084137	1.0	3.813364456069387	5.925361120100363	-276.68139672828244	0.18045025857474992	0.28538040572771856	0.17029471955817904	0.3638746161393525
80000	-6752.572345016628	-6462.73496923017	-289.83737578645815	-6462.73496923017	20.216787517589644	3.4120791504942716	0.006388255824676076	3.0580017891084137	1.0	3.813364456069387	5.569780756952323	-274.99918018970703	0.18450405228668063	0.28538040572771856	0.16624092584624833	0.3638746161393525
81000	-6750.594038675805	-6459.4069689324315	-291.18706974337357	-6459.4069689324315	19.70358856942984	2.804849113715106	0.006161565525043172	3.0580017891084137	1.0	3.3343119794408373	6.1739863724794715	-277.54471893289906	0.18450405228668063	0.28538040572771856	0.16624092584624833	0.3638746161393525
82000	-6742.066750823539	-6445.381077643195	-296.68567318034445	-6445.381077643195	21.726462274309473	3.3237445296137444	0.005745224598539162	3.0580017891084137	1.0	7.356760623748966	5.677753031096603	-278.503027837551	0.18450405228668063	0.28538040572771856	0.16624092584624833	0.3638746161393525
83000	-6742.484896354182	-6444.84272366991	-297.6421726842718	-6444.84272366991	19.646559761146808	2.6390149097132944	0.006350863795434984	3.0580017891084137	1.0	7.356760623748966	6.149555696681285	-280.1717240080432	0.17743313750645778	0.2924513205079414	0.16624092584624833	0.3638746161393525
84000	-6741.797734134527	-6446.779572195822	-295.01816193870513	-6446.779572195822	20.116834329585384	3.338976034822034	0.005938016672404402	3.0580017891084137	1.0	4.390992027724025	6.537978521514366	-279.6078323355682	0.17743313750645778	0.2924513205079414	0.16624092584624833	0.3638746161393525
85000	-6748.4218884331885	-6446.551045963456	-301.8708424697327	-6446.551045963456	21.230263513101672	3.34021961495138	0.005617117409019505	3.0580017891084137	1.0	5.182014745918636	6.140974275566542	-285.7861557329503	0.17743313750645778	0.2924513205079414	0.16624092584624833	0.3638746161393525
86000	-6755.326441365329	-6461.377856860799	-293.9485845045306	-6461.377856860799	20.006210677725058	3.059953810429123	0.006160103882981239	3.0580017891084137	1.0	5.182014745918636	6.015328086837479	-278.15135251176116	0.17743313750645778	0.2924513205079414	0.16624092584624833	0.3638746161393525
87000	-6757.646781264062	-6464.08379067531	-293.5629905887515	-6464.08379067531	22.378103828760164	2.1322017590013913	0.006020979310756312	3.0580017891084137	1.0	5.182014745918636	5.372518152216923	-279.15451365421734	0.17743313750645778	0.2924513205079414	0.16624092584624833	0.3638746161393525
88000	-6748.7750056197	-6451.280258382458	-297.4947472372426	-6451.280258382458	23.481103775564186	2.9167341215769484	0.005758654324073737	3.0580017891084137	1.0	5.182014745918636	6.18216753029234	-281.92397295602666	0.17743313750645778	0.2924513205079414	0.15994884499148626	0.3701666969941146
89000	-6753.223824713755	-6448.683147756881	-304.54067695687394	-6448.683147756881	24.207061505116997	2.6484669520511233	0.005150182351187202	3.0580017891084137	1.0	5.182014745918636	6.760829664605421	-289.34725020619015	0.17743313750645778	0.2924513205079414	0.15994884499148626	0.3701666969941146
90000	-6736.868060712875	-6432.758807401638	-304.1092533112378	-6432.758807401638	24.762357696862416	2.946597242257433	0.005351486694535495	3.0580017891084137	1.0	5.182014745918636	6.669204503855749	-288.49698635919947	0.16754578612079626	0.29352916909708127	0.1687583477880079	0.3701666969941146
91000	-6743.01599105806	-6445.085680144952	-297.93031091310814	-6445.085680144952	23.061004835962468	2.688638566210115	0.00567448840152396	3.0580017891084137	1.0	5.182014745918636	6.287521569463132	-282.65875475082146	0.16754578612079626	0.29352916909708127	0.1687583477880079	0.3701666969941146
92000	-6725.536815536157	-6430.970522182647	-294.5662933535093	-6430.970522182647	21.62130053390032	3.34649014778191	0.006065354421421968	3.0580017891084137	1.0	6.961015086435855	6.033620269687549	-276.6354452459441	0.16754578612079626	0.29352916909708127	0.152354380027715	0.3865706647544075
93000	-6708.642043084949	-6416.397313102732	-292.2447299822168	-6416.397313102732	20.95759391029757	4.278756958747218	0.006345176521897925	3.0580017891084137	1.0	6.961015086435855	5.1281415974653575	-273.2778872709633	0.16754578612079626	0.29352916909708127	0.152354380027715	0.3865706647544075
94000	-6709.498495587376	-6415.045299275292	-294.4531963120848	-6415.045299275292	21.813740524977867	4.019830311731573	0.006109159992887397	3.0580017891084137	1.0	6.961015086435855	6.135888434382785	-275.660001386491	0.16754578612079626	0.29352916909708127	0.152354380027715	0.3865706647544075
95000	-6715.500389476964	-6428.7355267449575	-286.7648627320069	-6428.7355267449575	20.815219472290035	3.5563193344556003	0.006426487281704098	3.0580017891084137	1.0	6.961015086435855	5.459102405703285	-268.61160856396424	0.16754578612079626	0.29352916909708127	0.152354380027715	0.3865706647544075
96000	-6710.961704358831	-6423.259738388454	-287.7019659703774	-6423.259738388454	21.588789241271712	3.057564340176783	0.006313035272471699	2.440695838572386	1.0	7.1815776780408305	5.860779153540853	-270.1359419440828	0.16754578612079626	0.273622246720626	0.152354380027715	0.40647758713086274
97000	-6700.344940146568	-6410.236724599062	-290.1082155475057	-6410.236724599062	21.268328313871724	3.282533842813422	0.006456507882595536	3.0996637976177777	1.0	7.1815776780408305	5.398573506615474	-272.0721556844875	0.16754578612079626	0.273622246720626	0.152354380027715	0.40647758713086274
98000	-6719.948647009865	-6429.587518388419	-290.3611286214462	-6429.587518388419	20.989978526880524	2.999267810268113	0.0059384154480292845	3.0996637976177777	1.0	7.1815776780408305	5.4096984985611805	-272.77124499984376	0.16754578612079626	0.273622246720626	0.152354380027715	0.40647758713086274
99000	-6683.925923269579	-6400.7379685273245	-283.1879547422536	-6400.7379685273245	22.842049376471117	3.6945262387120943	0.006941101931436273	3.0996637976177777	1.0	7.1815776780408305	5.959838290835098	-264.46208618557085	0.1448400708464817	0.273622246720626	0.152354380027715	0.4291833024051773
100000	-6681.4871889369315	-6393.0613550908565	-288.42583384607474	-6393.0613550908565	21.95777818522287	3.1411864028987364	0.006698432785406737	3.0996637976177777	1.0	7.1815776780408305	6.600576311845392	-270.33286978682975	0.1448400708464817	0.273622246720626	0.152354380027715	0.4291833024051773
