#
#model:
#
#<?xml version="1.0" encoding="UTF-8" standalone="no"?><input id="posterior" spec="beast.core.util.CompoundDistribution">
#    <distribution id="prior" spec="beast.core.util.CompoundDistribution">
#        <distribution id="CoalescentConstant.t:1" spec="beast.evolution.tree.coalescent.Coalescent">
#            <populationModel id="ConstantPopulation.t:1" spec="beast.evolution.tree.coalescent.ConstantPopulation">
#                <parameter id="popSize.t:1" name="popSize" spec="beast.core.parameter.RealParameter">0.3</parameter>
#            </populationModel>
#            <treeIntervals id="TreeIntervals.t:1" spec="beast.evolution.tree.coalescent.TreeIntervals">
#                <tree id="Tree.t:1" spec="beast.evolution.tree.Tree">
#                    <trait id="dateTrait.t:1" spec="beast.evolution.tree.TraitSet" traitname="date" value="2_2000.1=2000.1,17_2001.6=2001.6,18_2001.7=2001.7,21_2002=2002,24_2002.3=2002.3,26_2002.5=2002.5,5_2000.4=2000.4,7_2000.6=2000.6,4_2000.3=2000.3,13_2001.2=2001.2,15_2001.4=2001.4,16_2001.5=2001.5,1_2000=2000,8_2000.7=2000.7,3_2000.2=2000.2,12_2001.1=2001.1,22_2002.1=2002.1,32_2003.1=2003.1,28_2002.7=2002.7,43_2004.2=2004.2,46_2004.5=2004.5,55_2005.4=2005.4,63_2006.2=2006.2,65_2006.4=2006.4,66_2006.5=2006.5,67_2006.6=2006.6,23_2002.2=2002.2,10_2000.9=2000.9,14_2001.3=2001.3,33_2003.2=2003.2,39_2003.8=2003.8,34_2003.3=2003.3,44_2004.3=2004.3,48_2004.7=2004.7,53_2005.2=2005.2,52_2005.1=2005.1,58_2005.7=2005.7,9_2000.8=2000.8,6_2000.5=2000.5,11_2001=2001,25_2002.4=2002.4,20_2001.9=2001.9,47_2004.6=2004.6,36_2003.5=2003.5,45_2004.4=2004.4,50_2004.9=2004.9,42_2004.1=2004.1,51_2005=2005,35_2003.4=2003.4,37_2003.6=2003.6,57_2005.6=2005.6,59_2005.8=2005.8,61_2006=2006,62_2006.1=2006.1,41_2004=2004,40_2003.9=2003.9,49_2004.8=2004.8,74_2007.3=2007.3,77_2007.6=2007.6,68_2006.7=2006.7,70_2006.9=2006.9,81_2008=2008,19_2001.8=2001.8,27_2002.6=2002.6,29_2002.8=2002.8,30_2002.9=2002.9,31_2003=2003,38_2003.7=2003.7,56_2005.5=2005.5,69_2006.8=2006.8,82_2008.1=2008.1,80_2007.9=2007.9,83_2008.2=2008.2,87_2008.6=2008.6,71_2007=2007,75_2007.4=2007.4,72_2007.1=2007.1,91_2009=2009,88_2008.7=2008.7,94_2009.3=2009.3,98_2009.7=2009.7,79_2007.8=2007.8,84_2008.3=2008.3,78_2007.7=2007.7,76_2007.5=2007.5,89_2008.8=2008.8,93_2009.2=2009.2,96_2009.5=2009.5,97_2009.6=2009.6,95_2009.4=2009.4,100_2009.9=2009.9,54_2005.3=2005.3,60_2005.9=2005.9,64_2006.3=2006.3,73_2007.2=2007.2,86_2008.5=2008.5,85_2008.4=2008.4,90_2008.9=2008.9,99_2009.8=2009.8,92_2009.1=2009.1,101_2010=2010">
#                        <taxa id="TaxonSet.1" spec="beast.evolution.alignment.TaxonSet">
#                        </taxa>
#                    </trait>
#                    <taxonset idref="TaxonSet.1"/>
#                </tree>
#            </treeIntervals>
#        </distribution>
#        <prior id="rateOmega.prior" name="distribution">
#            <parameter id="rateOmega" lower="0.1" name="x" spec="beast.core.parameter.RealParameter" upper="10.0">0.5</parameter>
#            <Gamma id="Gamma.0" name="distr">
#                <parameter estimate="false" id="rateOmega.alpha" name="alpha" spec="beast.core.parameter.RealParameter">0.1</parameter>
#                <parameter estimate="false" id="rateOmega.beta" name="beta" spec="beast.core.parameter.RealParameter">1.0</parameter>
#            </Gamma>
#        </prior>
#        <prior id="rateMean.prior" name="distribution">
#            <parameter id="rateMean" lower="1.0E-4" name="x" spec="beast.core.parameter.RealParameter" upper="10.0">0.005</parameter>
#            <Gamma id="Gamma.1" name="distr">
#                <parameter estimate="false" id="rateMean.alpha" name="alpha" spec="beast.core.parameter.RealParameter">0.005</parameter>
#                <parameter estimate="false" id="rateMean.beta" name="beta" spec="beast.core.parameter.RealParameter">1.0</parameter>
#            </Gamma>
#        </prior>
#        <prior id="FrequenciesPrior.s:1" name="distribution">
#            <parameter dimension="4" id="freqParameter.s:1" lower="0.0" name="x" spec="beast.core.parameter.RealParameter" upper="1.0">0.25</parameter>
#            <Uniform id="Uniform.3" name="distr"/>
#        </prior>
#        <prior id="GammaShapePrior.s:1" name="distribution">
#            <parameter id="gammaShape.s:1" name="x" spec="beast.core.parameter.RealParameter">1.0</parameter>
#            <Exponential id="Exponential.0" name="distr">
#                <parameter estimate="false" id="RealParameter.0" name="mean" spec="beast.core.parameter.RealParameter">1.0</parameter>
#            </Exponential>
#        </prior>
#        <prior id="KappaPrior.s:1" name="distribution">
#            <parameter id="kappa.s:1" lower="0.0" name="x" spec="beast.core.parameter.RealParameter">2.0</parameter>
#            <LogNormal id="LogNormalDistributionModel.0" name="distr">
#                <parameter estimate="false" id="RealParameter.1" name="M" spec="beast.core.parameter.RealParameter">1.0</parameter>
#                <parameter estimate="false" id="RealParameter.2" name="S" spec="beast.core.parameter.RealParameter">1.25</parameter>
#            </LogNormal>
#        </prior>
#        <prior id="PopSizePrior.t:1" name="distribution" x="@popSize.t:1">
#            <OneOnX id="OneOnX.1" name="distr"/>
#        </prior>
#    </distribution>
#    <distribution id="likelihood" spec="beast.core.util.CompoundDistribution" useThreads="true">
#        <distribution data="@1" id="treeLikelihood.1" spec="beast.evolution.likelihood.ThreadedTreeLikelihood" tree="@Tree.t:1">
#            <siteModel gammaCategoryCount="4" id="SiteModel.s:1" shape="@gammaShape.s:1" spec="beast.evolution.sitemodel.SiteModel">
#                <parameter id="mutationRate.s:1" name="mutationRate" spec="beast.core.parameter.RealParameter">1.0</parameter>
#                <parameter estimate="false" id="proportionInvariant.s:1" lower="0.0" name="proportionInvariant" spec="beast.core.parameter.RealParameter" upper="1.0">0.0</parameter>
#                <substModel id="hky.s:1" kappa="@kappa.s:1" spec="beast.evolution.substitutionmodel.HKY">
#                    <frequencies frequencies="@freqParameter.s:1" id="estimatedFreqs.s:1" spec="beast.evolution.substitutionmodel.Frequencies"/>
#                </substModel>
#            </siteModel>
#            <branchRateModel id="branchRates" numSites="1000" numberOfDiscreteRates="12" rateMean="@rateMean" rateOmega="@rateOmega" spec="beast.evolution.branchratemodel.ARClockModel" tree="@Tree.t:1">
#                <rateCategories dimension="200" id="rateCategories" spec="beast.core.parameter.IntegerParameter">1</rateCategories>
#            </branchRateModel>
#        </distribution>
#    </distribution>
#</input>
#
Sample	posterior	likelihood	prior	treeLikelihood	TreeHeight	rateOmega	rateMean	kappa	mutationRate	gammaShape	popSize	CoalescentConstant	freqParameter.1	freqParameter.2	freqParameter.3	freqParameter.4
0	-38052.701217710965	-37818.668011540605	-234.03320617036022	-37818.668011540605	10.751582664363609	0.5	0.005	2.0	1.0	1.0	0.3	-230.21431273121476	0.25	0.25	0.25	0.25
1000	-20040.925419542506	-19242.36876788836	-798.5566516541422	-19242.36876788836	12.268766138882318	0.4408828502135663	0.04472217236415517	3.9361561049888136	1.0	1.0	0.893594943862087	-790.9080695946137	0.24521919259014663	0.25	0.25	0.25478080740985337
2000	-17015.587624185326	-16688.568572448796	-327.01905173653	-16688.568572448796	12.48663258716567	4.078324231896145	0.03228353390172854	3.9361561049888136	1.0	1.0	6.675031900144732	-312.05667675630775	0.24521919259014663	0.2425357085385297	0.25	0.2622450988713237
3000	-15208.287030963187	-14864.689852988597	-343.59717797459064	-14864.689852988597	12.047683635102647	8.924816413156035	0.026629035870825213	3.9361561049888136	1.0	1.0	10.217790522557591	-322.85496664552875	0.24521919259014663	0.2425357085385297	0.25	0.2622450988713237
4000	-13487.494135474126	-13133.268105613806	-354.2260298603201	-13133.268105613806	12.202809161489595	9.796967169753962	0.02115731998198487	4.312928374779663	1.0	1.0	10.395401334179326	-332.62911418996316	0.24521919259014663	0.2425357085385297	0.2449129029901963	0.2673321958811274
5000	-12668.571564455942	-12301.865923537967	-366.70564091797553	-12301.865923537967	14.763237028898486	9.45199399858202	0.018577974019024612	4.606852299725689	1.0	1.0	11.895744314042972	-345.396286282045	0.24521919259014663	0.2425357085385297	0.2449129029901963	0.2673321958811274
6000	-11382.116120140563	-11022.659107486643	-359.4570126539198	-11022.659107486643	14.232212576137455	9.604072005705609	0.015849597835669048	4.606852299725689	1.0	1.0	12.140781942118236	-338.1215919991468	0.24521919259014663	0.2425357085385297	0.2449129029901963	0.2673321958811274
7000	-10879.098894698105	-10516.950277611539	-362.14861708656645	-10516.950277611539	14.631610613883307	9.880328707245907	0.01391397651911722	4.606852299725689	1.0	1.0	10.895202011583992	-340.7511993262756	0.24521919259014663	0.2425357085385297	0.2449129029901963	0.2673321958811274
8000	-9898.333032310702	-9531.010878339031	-367.3221539716703	-9531.010878339031	14.907856904747911	7.894790933335506	0.012057509292818274	4.482994612201849	1.0	1.0	12.560106186733844	-348.1505433300042	0.24521919259014663	0.2425357085385297	0.2449129029901963	0.2673321958811274
9000	-9565.546173707486	-9196.295900265948	-369.25027344153716	-9196.295900265948	15.335252649924126	6.948537757429757	0.011057603588581167	4.482994612201849	1.0	1.0	10.44164768953493	-351.41168033150103	0.24521919259014663	0.2425357085385297	0.24019041185122267	0.272054687020101
10000	-9376.747492050934	-9015.854553181725	-360.8929388692091	-9015.854553181725	15.804464122720686	5.503002157209127	0.010156143516337243	4.1397524089630195	1.0	0.8238538695162771	12.011609501339121	-344.93451515004676	0.24607260867020245	0.2425357085385297	0.23933699577116685	0.272054687020101
11000	-9264.490195387536	-8899.526743848184	-364.96345153935135	-8899.526743848184	16.18495580308559	7.194265015385013	0.010387686001904145	4.1397524089630195	1.0	0.8238538695162771	12.440660440167273	-347.0148159704598	0.24211124809328716	0.2425357085385297	0.24329835634808214	0.272054687020101
12000	-9068.866155545336	-8698.44465090289	-370.4215046424467	-8698.44465090289	17.21652461979047	7.088091782191899	0.009467345302482453	4.1397524089630195	1.0	0.8238538695162771	12.922875470393205	-352.64762367180873	0.24211124809328716	0.2425357085385297	0.23512777983279895	0.2802252635353842
13000	-8997.918520715783	-8628.87791247728	-369.04060823850307	-8628.87791247728	16.710092207823507	6.5624170225180185	0.008498137556925293	4.1397524089630195	1.0	0.7973075254188327	12.98953843558387	-351.99158528022167	0.24211124809328716	0.2425357085385297	0.23512777983279895	0.2802252635353842
14000	-8829.065645309576	-8461.603759378215	-367.46188593136105	-8461.603759378215	17.784514636501463	6.042279069509182	0.007838162811380136	4.1397524089630195	1.0	0.7973075254188327	13.354071651961036	-351.0607421538677	0.24103060521346312	0.2425357085385297	0.236208422712623	0.2802252635353842
15000	-8762.692190334268	-8393.826255558379	-368.86593477588906	-8393.826255558379	18.3917494472291	4.694855229418929	0.007314940387948995	4.1397524089630195	1.0	0.7973075254188327	13.839324370379838	-354.0728680123497	0.24103060521346312	0.2425357085385297	0.236208422712623	0.2802252635353842
16000	-8546.980603010588	-8180.219778241307	-366.7608247692823	-8180.219778241307	21.44094580039155	5.112593250797654	0.007341187792366223	4.1397524089630195	1.0	0.7973075254188327	11.60606738331279	-351.64570046156757	0.24103060521346312	0.2425357085385297	0.236208422712623	0.2802252635353842
17000	-8398.209016136509	-8025.766122133086	-372.4428940034214	-8025.766122133086	21.746253878956338	5.152370988380859	0.006788111509535504	4.395261004460126	1.0	0.7973075254188327	12.673826122226858	-357.19433333324	0.24103060521346312	0.2425357085385297	0.236208422712623	0.2802252635353842
18000	-8119.78126640963	-7746.6863661024445	-373.0949003071857	-7746.6863661024445	20.91673562955774	6.250074571300384	0.00725551047445986	4.395261004460126	1.0	0.7973075254188327	13.150355384429314	-356.47118051418806	0.24103060521346312	0.2425357085385297	0.236208422712623	0.2802252635353842
19000	-8037.2992127037505	-7664.192118833419	-373.1070938703319	-7664.192118833419	20.182612427396208	4.5316785840478495	0.006568883453167664	4.395261004460126	1.0	0.7973075254188327	15.702628339842901	-358.4133485319873	0.24103060521346312	0.2425357085385297	0.236208422712623	0.2802252635353842
20000	-7876.774486672451	-7508.900868346575	-367.8736183258754	-7508.900868346575	20.182612427396208	3.7300716522297446	0.006397943947065509	4.395261004460126	1.0	0.7973075254188327	13.85870541472264	-354.3079992161991	0.24103060521346312	0.2425357085385297	0.236208422712623	0.2802252635353842
21000	-7662.0014437563805	-7297.697838869023	-364.303604887357	-7297.697838869023	20.92207399766647	3.726032292925863	0.005868255274585737	4.395261004460126	1.0	1.4651277606409228	12.312451407773352	-350.2799994909415	0.24103060521346312	0.2425357085385297	0.23449246170146817	0.281941224546539
22000	-7546.224851234735	-7181.7225273315735	-364.5023239031619	-7181.7225273315735	21.013630824495603	3.780161092343377	0.00540674288431086	4.395261004460126	1.0	1.1409675305826923	12.066528732283942	-350.83790764533927	0.24103060521346312	0.2425357085385297	0.23449246170146817	0.281941224546539
23000	-7486.354808178988	-7121.4853068809025	-364.8695012980854	-7121.4853068809025	21.52793195774921	4.368250965742736	0.00552442659926195	4.395261004460126	1.0	1.2033327112509529	10.987646059887304	-350.4966147462621	0.24103060521346312	0.2425357085385297	0.23449246170146817	0.281941224546539
24000	-7381.361023913676	-7017.1700315397975	-364.19099237387854	-7017.1700315397975	19.413004800234212	5.68342218183864	0.006412021240898158	4.395261004460126	1.0	1.2033327112509529	11.485941445014442	-348.0725728799237	0.24103060521346312	0.2371319411753198	0.23449246170146817	0.28734499190974894
25000	-7365.146634508928	-6999.1274827116795	-366.0191517972491	-6999.1274827116795	19.776537645213594	6.7528708300619416	0.006470517537240686	4.395261004460126	1.0	1.3529623592991031	12.737232693429183	-348.41398100516165	0.24103060521346312	0.2371319411753198	0.23449246170146817	0.28734499190974894
26000	-7311.47769011788	-6954.293157326934	-357.18453279094615	-6954.293157326934	20.57500490119035	5.2188741967572	0.005490091617176921	4.395261004460126	1.0	1.3529623592991031	11.6909302440602	-341.5954621323037	0.23403487001718712	0.24365277471696906	0.22732150072617777	0.2949908545396661
27000	-7317.71651615423	-6956.955798550462	-360.76071760376846	-6956.955798550462	19.642988343154634	6.899380978502465	0.005814994758311958	4.395261004460126	1.0	1.3529623592991031	13.063840318544083	-343.0713380214445	0.23403487001718712	0.24365277471696906	0.22732150072617777	0.2949908545396661
28000	-7308.386152660732	-6950.403769016059	-357.98238364467255	-6950.403769016059	19.905536359331677	6.481421854147283	0.005989990691231634	4.395261004460126	1.0	1.3529623592991031	9.821895989448743	-341.02276302917187	0.23403487001718712	0.24365277471696906	0.22732150072617777	0.2949908545396661
29000	-7221.959327071636	-6871.275677395002	-350.68364967663325	-6871.275677395002	19.61074931216786	4.777645233421819	0.005434193123864841	4.395261004460126	1.0	1.3529623592991031	9.845779742733708	-335.79731756122425	0.23103335569034403	0.24665428904381215	0.22732150072617777	0.2949908545396661
30000	-7126.389295370312	-6769.185582280405	-357.20371308990667	-6769.185582280405	21.02012071220021	7.229905322891121	0.005944128775148756	4.395261004460126	1.0	1.6333289149354124	10.02890946312135	-339.1037206485944	0.23103335569034403	0.24665428904381215	0.22732150072617777	0.2949908545396661
31000	-7065.274998408743	-6707.389758059699	-357.8852403490443	-6707.389758059699	21.268276322396925	6.130382861692029	0.005473113590610332	4.395261004460126	1.0	1.6333289149354124	11.344473747291236	-340.99259790794576	0.23103335569034403	0.24665428904381215	0.22732150072617777	0.2949908545396661
32000	-7043.080661013829	-6687.095016438006	-355.98564457582313	-6687.095016438006	20.57322711771274	6.459398798419447	0.005600629458018004	4.395261004460126	1.0	1.6333289149354124	11.100327827732814	-338.71564746088734	0.23103335569034403	0.24665428904381215	0.22683776591986535	0.29547458934597853
33000	-7017.458301336412	-6658.7108781017705	-358.7474232346415	-6658.7108781017705	22.0229205642955	6.458915199156508	0.005208615364059095	4.395261004460126	1.0	1.6333289149354124	9.074539629990104	-341.75207322344977	0.23103335569034403	0.24665428904381215	0.22683776591986535	0.29547458934597853
34000	-7013.29213690513	-6657.470324857905	-355.8218120472249	-6657.470324857905	21.64123109910719	5.205144675196972	0.004833435799119989	4.395261004460126	1.0	1.6333289149354124	11.281574573836588	-340.1315247679805	0.23103335569034403	0.24665428904381215	0.22683776591986535	0.29547458934597853
35000	-7005.9363816059495	-6652.908306157859	-353.02807544808996	-6652.908306157859	21.64123109910719	5.10837039203026	0.005303960947100301	4.395261004460126	1.0	1.419678457902738	11.437849342417756	-337.5584437329076	0.23103335569034403	0.24665428904381215	0.22683776591986535	0.29547458934597853
36000	-7001.9934011052865	-6649.614686086022	-352.3787150192644	-6649.614686086022	22.28621219504746	6.102723656399262	0.00521702406996442	4.395261004460126	1.0	1.419678457902738	11.073914300423622	-335.8035275367568	0.23103335569034403	0.2519680945282006	0.22152396043547687	0.29547458934597853
37000	-6997.642627466757	-6646.6240714037285	-351.01855606302917	-6646.6240714037285	20.882686199186573	4.936000490947306	0.005361176943140934	4.395261004460126	1.0	1.419678457902738	10.721425082175074	-335.8061374867671	0.23103335569034403	0.2519680945282006	0.22152396043547687	0.29547458934597853
38000	-7004.232413581088	-6655.2819385681205	-348.95047501296705	-6655.2819385681205	22.834781018559255	4.492871826889296	0.005138084670985672	4.395261004460126	1.0	1.419678457902738	9.099966567981935	-334.4723291284956	0.23103335569034403	0.2519680945282006	0.22152396043547687	0.29547458934597853
39000	-6987.490227562216	-6639.826557879608	-347.66366968260843	-6639.826557879608	22.834781018559255	5.321059261875172	0.0050558870673333865	4.395261004460126	1.0	1.7321723843061343	9.834048679343418	-331.83112881587124	0.22615202442606247	0.25704333673179103	0.22152396043547687	0.2952806784066697
40000	-6975.979072213836	-6624.119292396916	-351.85977981692054	-6624.119292396916	21.57215670572961	6.017100825685358	0.005508450897589227	4.395261004460126	1.0	1.7321723843061343	10.987341423768115	-335.02391039815177	0.22615202442606247	0.25704333673179103	0.22152396043547687	0.2952806784066697
41000	-6973.571461630118	-6625.021303299056	-348.5501583310622	-6625.021303299056	21.550172145635642	6.546580219068966	0.005432828898251557	4.395261004460126	1.0	1.7321723843061343	10.175759611574861	-331.19947140582565	0.22615202442606247	0.25704333673179103	0.22152396043547687	0.2952806784066697
42000	-6946.53340971262	-6602.233069947419	-344.3003397652014	-6602.233069947419	21.10756777390659	5.310245589994504	0.00516261257678933	4.395261004460126	1.0	1.7321723843061343	9.952273898254964	-328.4476013865596	0.22615202442606247	0.25704333673179103	0.20827839734377573	0.3085262414983709
43000	-6970.864358791554	-6621.254397313802	-349.609961477752	-6621.254397313802	21.525954042193497	6.450197822499806	0.005609271503196108	4.395261004460126	1.0	1.7321723843061343	10.367479049128304	-332.3183627295231	0.22615202442606247	0.25704333673179103	0.20827839734377573	0.3085262414983709
44000	-6949.6090262698535	-6602.042397873508	-347.56662839634544	-6602.042397873508	22.460010376103344	5.075809820665071	0.004827522560596921	4.395261004460126	1.0	1.7748794633168885	11.112914082729052	-331.9030576035991	0.21030158051071568	0.25704333673179103	0.20827839734377573	0.32437668541371767
45000	-6925.878512488778	-6579.039835602211	-346.8386768865679	-6579.039835602211	23.696079377842846	5.159688408772338	0.005320580079671588	4.395261004460126	1.0	1.7748794633168885	10.298035493629307	-331.05537538310637	0.19580421571598572	0.25704333673179103	0.20827839734377573	0.33887405020844763
46000	-6924.175013801523	-6580.6203939997695	-343.5546198017538	-6580.6203939997695	23.696079377842846	3.963278251138971	0.004914300362772703	4.395261004460126	1.0	2.2852441750805044	11.114903632691759	-328.69789626992906	0.19580421571598572	0.25704333673179103	0.20827839734377573	0.33887405020844763
47000	-6930.137476001604	-6585.251816206493	-344.8856597951112	-6585.251816206493	22.540713633476116	4.984276186144219	0.005330131543401755	4.36099859919369	1.0	1.895634037480953	10.310624557847584	-329.19534223563534	0.19580421571598572	0.25704333673179103	0.20827839734377573	0.33887405020844763
48000	-6922.084724286256	-6578.44756116504	-343.63716312121613	-6578.44756116504	22.99348864545735	4.554060748556959	0.0051169157847037955	4.36099859919369	1.0	1.895634037480953	9.251950707235927	-328.60747659691737	0.19580421571598572	0.25704333673179103	0.20827839734377573	0.33887405020844763
49000	-6926.678163263769	-6582.665081663543	-344.01308160022694	-6582.665081663543	22.782781581754737	5.124176574928813	0.00499606268773455	4.36099859919369	1.0	2.3417040082642355	10.976519605330692	-327.71403287875785	0.19580421571598572	0.25704333673179103	0.20827839734377573	0.33887405020844763
50000	-6912.695262855029	-6573.675651852176	-339.01961100285297	-6573.675651852176	22.941416079578726	4.939029627341136	0.00499606268773455	4.36099859919369	1.0	2.3417040082642355	10.195007163748032	-323.01269039952695	0.19580421571598572	0.25704333673179103	0.20827839734377573	0.33887405020844763
51000	-6909.21322113134	-6564.630973472204	-344.58224765913656	-6564.630973472204	24.188240167991502	4.664565211190015	0.005199198191171375	4.36099859919369	1.0	2.040724323407192	10.198525290218823	-329.1620248163417	0.19580421571598572	0.25704333673179103	0.20827839734377573	0.33887405020844763
52000	-6911.194470581402	-6566.97192162985	-344.2225489515521	-6566.97192162985	25.151671846627853	4.086335587497811	0.004856061793550122	3.963826874369635	1.0	2.040724323407192	9.185453936199865	-329.7940295149274	0.19580421571598572	0.25704333673179103	0.20827839734377573	0.33887405020844763
53000	-6887.240859711554	-6534.980497317309	-352.2603623942451	-6534.980497317309	24.405187038416532	4.575103164990484	0.004802464213984535	3.963826874369635	1.0	2.040724323407192	10.791086676772386	-337.09139019095045	0.19580421571598572	0.25704333673179103	0.20827839734377573	0.33887405020844763
54000	-6869.419320697923	-6514.692122301485	-354.7271983964373	-6514.692122301485	25.351181497977965	7.0345719809587095	0.005198593683456652	3.963826874369635	1.0	2.040724323407192	11.293733839161746	-336.58678416520917	0.19580421571598572	0.25704333673179103	0.20827839734377573	0.33887405020844763
55000	-6860.2833800416565	-6511.51723410618	-348.7661459354771	-6511.51723410618	24.206384033048387	6.1941583843466175	0.005041757680663381	3.963826874369635	1.0	2.040724323407192	11.514204860737257	-331.59195608800843	0.19580421571598572	0.25704333673179103	0.20827839734377573	0.33887405020844763
56000	-6866.107138488993	-6521.327704890101	-344.7794335988918	-6521.327704890101	24.204974169176577	6.540557133035307	0.0051034793063319765	3.963826874369635	1.0	2.040724323407192	10.404198466754458	-327.2990742895982	0.19580421571598572	0.25704333673179103	0.20827839734377573	0.33887405020844763
57000	-6846.754321849551	-6506.563819275677	-340.19050257387426	-6506.563819275677	27.066158586852936	5.569475979674908	0.004595922520901588	3.963826874369635	1.0	2.040724323407192	9.409115233539364	-324.03114097199114	0.1823831286956872	0.25704333673179103	0.20827839734377573	0.3522951372287461
58000	-6853.29994460533	-6517.0588230962585	-336.24112150907155	-6517.0588230962585	25.37671160402976	5.544189691021718	0.0045092729928223295	3.963826874369635	1.0	2.040724323407192	9.051844981973572	-320.16887700489195	0.1823831286956872	0.25704333673179103	0.20827839734377573	0.3522951372287461
59000	-6751.556626845734	-6421.549589521838	-330.0070373238957	-6421.549589521838	25.70372054593857	5.1097092095918795	0.004528142519659156	3.7560755376076123	1.0	2.297119625095604	9.332223497126002	-314.2175510567909	0.1823831286956872	0.25704333673179103	0.20827839734377573	0.3522951372287461
60000	-6741.009256462438	-6404.973690841213	-336.03556562122515	-6404.973690841213	23.781176492810374	4.969186475876625	0.0044687725547267005	3.7560755376076123	1.0	1.8673298265924998	11.975466991985382	-320.60529419168745	0.1823831286956872	0.262467030144395	0.20140324550641667	0.3537465956535012
61000	-6748.045383828862	-6413.645291773183	-334.400092055679	-6413.645291773183	23.870808327301194	5.026493476273025	0.004849615241723332	3.7560755376076123	1.0	2.481926151830259	9.182993965270972	-318.4713468072608	0.18393997765002265	0.26091018119005954	0.20140324550641667	0.3537465956535012
62000	-6748.029944866392	-6414.913683896909	-333.1162609694825	-6414.913683896909	23.289601868434673	4.0664843756879065	0.004647048370491564	4.120086994187461	1.0	2.481926151830259	8.730235127448669	-318.3171102755602	0.17996929291836977	0.26488086592171245	0.20140324550641667	0.3537465956535012
63000	-6728.66776059278	-6399.782939299195	-328.8848212935849	-6399.782939299195	24.6256608237445	4.5185723581115536	0.004506655812022247	4.120086994187461	1.0	2.481926151830259	8.104497314909015	-313.64374415031267	0.17996929291836977	0.26064097042527756	0.20140324550641667	0.3579864911499361
64000	-6728.848974983584	-6401.447191879336	-327.401783104248	-6401.447191879336	22.950550539711323	4.863152844209997	0.00476268815604258	4.120086994187461	1.0	2.481926151830259	9.059586675435098	-311.5833427059528	0.17996929291836977	0.26064097042527756	0.20140324550641667	0.3579864911499361
65000	-6720.183701002796	-6390.544915512981	-329.6387854898146	-6390.544915512981	23.263455141606368	4.130276224319797	0.004695216914906485	3.7635626925891623	1.0	2.481926151830259	9.91305056857845	-314.7364420738829	0.17996929291836977	0.26064097042527756	0.20140324550641667	0.3579864911499361
66000	-6722.573602974705	-6401.011130963554	-321.5624720111509	-6401.011130963554	26.024150914739625	3.061103234533689	0.004479205492882926	3.7635626925891623	1.0	2.481926151830259	7.316801082176572	-308.3496716490224	0.17996929291836977	0.26064097042527756	0.20140324550641667	0.3579864911499361
67000	-6710.87704863813	-6390.635045344349	-320.2420032937805	-6390.635045344349	25.55826598493401	3.936466223514609	0.004850808509451043	3.7635626925891623	1.0	2.481926151830259	9.310505431133572	-305.60683973816356	0.17996929291836977	0.26064097042527756	0.20140324550641667	0.3579864911499361
68000	-6699.615859889379	-6383.385179222694	-316.23068066668475	-6383.385179222694	24.873823999072304	4.212790779428978	0.0050025399491283535	3.7635626925891623	1.0	2.481926151830259	6.643350824431992	-301.5648636388056	0.17996929291836977	0.26064097042527756	0.20140324550641667	0.3579864911499361
69000	-6702.82925655392	-6383.793329182216	-319.0359273717027	-6383.793329182216	23.88133072252702	5.157571481568993	0.0054916440435847915	3.7635626925891623	1.0	2.481926151830259	8.023381859276594	-302.9611750613083	0.178642124936278	0.26064097042527756	0.20140324550641667	0.35931365913202784
70000	-6697.174615045041	-6374.643409454267	-322.531205590773	-6374.643409454267	23.107328235809458	5.522954695396509	0.005261949619564415	3.7635626925891623	1.0	2.481926151830259	7.004151330110128	-306.20806673928536	0.178642124936278	0.26064097042527756	0.20140324550641667	0.35931365913202784
71000	-6691.572471086164	-6368.178353224163	-323.3941178620003	-6368.178353224163	23.359077377697428	4.575987981909155	0.004987886916884796	3.7635626925891623	1.0	2.481926151830259	8.563879435619977	-308.0396726441685	0.1898937983707833	0.26064097042527756	0.19015157207191138	0.35931365913202784
72000	-6693.095931635061	-6370.5946851075205	-322.5012465275403	-6370.5946851075205	22.822646551619417	5.018484914135518	0.005159013210071122	3.7635626925891623	1.0	2.481926151830259	6.9160383653097695	-306.80120422172564	0.1898937983707833	0.26001200374143646	0.19015157207191138	0.35994262581586894
73000	-6700.270799174223	-6377.91195433847	-322.3588448357522	-6377.91195433847	22.822646551619417	4.319882287673562	0.005000702679586325	3.7635626925891623	1.0	2.481926151830259	8.707904936130246	-307.29309633764035	0.1898937983707833	0.26001200374143646	0.19015157207191138	0.35994262581586894
74000	-6695.186133202832	-6374.560545274721	-320.6255879281111	-6374.560545274721	22.822646551619417	4.581061050611448	0.004811893719843308	3.7635626925891623	1.0	2.481926151830259	7.891443220597211	-305.3827647158582	0.1898937983707833	0.24776929407404302	0.19015157207191138	0.3721853354832624
75000	-6710.2557610551075	-6382.5110389807505	-327.744722074357	-6382.5110389807505	23.84026377647151	4.089772124579572	0.005299102414035851	3.7635626925891623	1.0	2.481926151830259	8.652604348546953	-312.9067520032307	0.1898937983707833	0.24776929407404302	0.19015157207191138	0.3721853354832624
76000	-6710.0728703185705	-6382.462093023516	-327.61077729505405	-6382.462093023516	24.821886712738642	4.6796879263083735	0.005145788402868585	3.7635626925891623	1.0	2.481926151830259	8.336549519551253	-312.12819979549533	0.1898937983707833	0.24776929407404302	0.19015157207191138	0.3721853354832624
77000	-6716.52567531008	-6389.046813825348	-327.4788614847322	-6389.046813825348	21.717404467057598	4.633354781477169	0.00509229167968037	3.7635626925891623	1.0	2.481926151830259	7.697732811629405	-312.1417477857143	0.1898937983707833	0.24776929407404302	0.19015157207191138	0.3721853354832624
78000	-6708.065400015308	-6375.285546698458	-332.77985331684937	-6375.285546698458	24.14185040901641	5.633858289901547	0.005207973524428753	3.7635626925891623	1.0	2.481926151830259	8.215775074841579	-316.1786776289621	0.1898937983707833	0.24776929407404302	0.19015157207191138	0.3721853354832624
79000	-6712.155635957345	-6380.555548449128	-331.6000875082176	-6380.555548449128	22.879488321685066	5.0103909990485045	0.005028623477849624	3.7635626925891623	1.0	2.481926151830259	8.188518350414256	-315.766303404099	0.1898937983707833	0.24776929407404302	0.19015157207191138	0.3721853354832624
80000	-6716.032005283937	-6388.904589995107	-327.12741528883	-6388.904589995107	23.559000009922062	4.406418727077543	0.005026492282496436	3.7635626925891623	1.0	2.481926151830259	7.654475524201547	-312.0810763389903	0.1898937983707833	0.24776929407404302	0.19015157207191138	0.3721853354832624
81000	-6701.771585050734	-6377.758361171336	-324.0132238793974	-6377.758361171336	23.162205126966015	4.074451152104051	0.004946557995964204	3.7635626925891623	1.0	2.481926151830259	8.425771737779291	-309.2893717332447	0.1898937983707833	0.24776929407404302	0.19015157207191138	0.3721853354832624
82000	-6698.373972824597	-6370.475733244164	-327.89823958043326	-6370.475733244164	24.084892932297507	4.1601274052801624	0.004716344449132373	3.7635626925891623	1.0	2.481926151830259	7.630499330493612	-313.2167741693965	0.1898937983707833	0.24776929407404302	0.19015157207191138	0.3721853354832624
83000	-6712.841732692781	-6382.785563695606	-330.05616899717523	-6382.785563695606	24.65316837354502	3.405806218840518	0.004934253868526184	3.7635626925891623	1.0	2.481926151830259	9.603687929782993	-316.0339289634743	0.1898937983707833	0.24776929407404302	0.19015157207191138	0.3721853354832624
84000	-6722.142250778745	-6386.629170001395	-335.51308077734956	-6386.629170001395	24.65316837354502	3.9625449712634615	0.004823972933102734	3.7635626925891623	1.0	2.481926151830259	8.908179849559907	-320.8956157987822	0.1898937983707833	0.24776929407404302	0.19015157207191138	0.3721853354832624
85000	-6702.919992830159	-6369.997053324869	-332.92293950528995	-6369.997053324869	25.263569665905024	4.011506745361047	0.00463730412545387	3.7635626925891623	1.0	3.0345813600314333	8.61171449417778	-317.7661056740955	0.1821665577343523	0.24776929407404302	0.17819024877371178	0.39187389941789297
86000	-6655.35575388871	-6326.468251194166	-328.88750269454306	-6326.468251194166	22.161776929818917	4.301152426151225	0.0049165325940033885	3.7635626925891623	1.0	3.0345813600314333	7.8662584468372145	-313.4103624005288	0.1821665577343523	0.24776929407404302	0.17819024877371178	0.39187389941789297
87000	-6628.026258459106	-6304.352282626606	-323.6739758325004	-6304.352282626606	25.934420570826138	4.087542039126048	0.005281154122014419	3.7635626925891623	1.0	3.0345813600314333	7.562493366713598	-308.4241247149798	0.1821665577343523	0.24776929407404302	0.17819024877371178	0.39187389941789297
88000	-6623.8020824818295	-6299.52431893705	-324.27776354477936	-6299.52431893705	24.468292172606716	4.936189120044977	0.00561022588460706	3.5112082000425455	1.0	3.0345813600314333	8.828850977026018	-307.87650046387745	0.1821665577343523	0.24776929407404302	0.17819024877371178	0.39187389941789297
89000	-6605.118912481645	-6279.833192112366	-325.2857203692786	-6279.833192112366	26.172652922536802	4.648016834773521	0.0050856813013429635	3.5112082000425455	1.0	3.167182487607778	7.671372864710873	-309.33289111208313	0.15810477287383998	0.2718310789345554	0.17819024877371178	0.39187389941789297
90000	-6592.003053921915	-6273.509944640918	-318.4931092809972	-6273.509944640918	24.529940788753024	4.687819569723402	0.005345394317627247	3.5112082000425455	1.0	1.552396126810023	7.163768076963798	-304.1262319067978	0.15810477287383998	0.2718310789345554	0.17819024877371178	0.39187389941789297
91000	-6603.977770245825	-6284.852281099835	-319.12548914599006	-6284.852281099835	25.729479593545324	4.290240442067353	0.0053751540039651555	3.5112082000425455	1.0	1.5016318760844556	7.088334537750308	-305.2917492466272	0.15810477287383998	0.2763039416898624	0.17819024877371178	0.38740103666258596
92000	-6551.90799764319	-6236.226813381945	-315.6811842612451	-6236.226813381945	23.824961051679217	4.313946064979681	0.005762380888067273	3.5112082000425455	1.0	3.3139203660834955	7.8369491651108545	-299.836488875269	0.13167037522132172	0.2694183990784825	0.1543581836230758	0.44455304207712015
93000	-6556.84487174229	-6242.028136407739	-314.8167353345507	-6242.028136407739	25.075339442993133	3.941526356956726	0.0054640769637592825	3.5112082000425455	1.0	3.3139203660834955	8.463486674164205	-299.4019926067364	0.13167037522132172	0.2694183990784825	0.1543581836230758	0.44455304207712015
94000	-6557.283085541143	-6246.789325981255	-310.4937595598873	-6246.789325981255	22.203882840216327	4.524904135527811	0.005543550795238212	3.5112082000425455	1.0	3.3139203660834955	7.154807727991557	-294.524942930661	0.11490275966048286	0.2694183990784825	0.1543581836230758	0.46132065763795904
95000	-6554.297316993584	-6246.582923956406	-307.7143930371777	-6246.582923956406	23.58611777632171	4.323026896524552	0.005421346857314187	3.561236758411934	1.0	3.3139203660834955	7.016503068896011	-292.0138220975366	0.11490275966048286	0.2694183990784825	0.1543581836230758	0.46132065763795904
96000	-6563.011135330866	-6251.108647515417	-311.9024878154491	-6251.108647515417	22.38110408541854	4.547064620763866	0.005458945355209244	3.561236758411934	1.0	4.357616350032069	7.98656034116891	-294.75230012610234	0.11490275966048286	0.2694183990784825	0.1543581836230758	0.46132065763795904
97000	-6538.49696009299	-6227.179931143019	-311.31702894997096	-6227.179931143019	23.49205788976491	5.380842829232713	0.005291302749848326	3.561236758411934	1.0	4.357616350032069	7.015558597944508	-293.34236888029386	0.11490275966048286	0.2694183990784825	0.14038980466634815	0.4752890365946867
98000	-6540.303739224665	-6226.633316794885	-313.67042242978044	-6226.633316794885	23.21406236080555	6.879183115497764	0.005463116199710242	2.298420175083487	1.0	3.71742809429348	7.901638429153884	-294.91783892070424	0.11490275966048286	0.2694183990784825	0.14038980466634815	0.4752890365946867
99000	-6545.733204895786	-6233.154211919462	-312.5789929763242	-6233.154211919462	23.964174822885703	5.1454196920917035	0.004939171841628876	3.3691909302022633	1.0	3.71742809429348	8.257891349648249	-295.4900791593638	0.11490275966048286	0.2694183990784825	0.14038980466634815	0.4752890365946867
100000	-6546.87593178541	-6233.730629680417	-313.14530210499254	-6233.730629680417	24.688810726699533	4.404400059458003	0.005105625937915794	3.3691909302022633	1.0	3.71742809429348	8.315609131742528	-296.8972493094877	0.11490275966048286	0.2694183990784825	0.14038980466634815	0.4752890365946867
