#
#model:
#
#<?xml version="1.0" encoding="UTF-8" standalone="no"?><input id="posterior" spec="beast.core.util.CompoundDistribution">
#    <distribution id="prior" spec="beast.core.util.CompoundDistribution">
#        <distribution id="CoalescentConstant.t:1" spec="beast.evolution.tree.coalescent.Coalescent">
#            <populationModel id="ConstantPopulation.t:1" spec="beast.evolution.tree.coalescent.ConstantPopulation">
#                <parameter id="popSize.t:1" name="popSize" spec="beast.core.parameter.RealParameter">0.3</parameter>
#            </populationModel>
#            <treeIntervals id="TreeIntervals.t:1" spec="beast.evolution.tree.coalescent.TreeIntervals">
#                <tree id="Tree.t:1" spec="beast.evolution.tree.Tree">
#                    <trait id="dateTrait.t:1" spec="beast.evolution.tree.TraitSet" traitname="date" value="2_2000.1=2000.1,17_2001.6=2001.6,18_2001.7=2001.7,21_2002=2002,24_2002.3=2002.3,26_2002.5=2002.5,5_2000.4=2000.4,7_2000.6=2000.6,4_2000.3=2000.3,13_2001.2=2001.2,15_2001.4=2001.4,16_2001.5=2001.5,1_2000=2000,8_2000.7=2000.7,3_2000.2=2000.2,12_2001.1=2001.1,22_2002.1=2002.1,32_2003.1=2003.1,28_2002.7=2002.7,43_2004.2=2004.2,46_2004.5=2004.5,55_2005.4=2005.4,63_2006.2=2006.2,65_2006.4=2006.4,66_2006.5=2006.5,67_2006.6=2006.6,23_2002.2=2002.2,10_2000.9=2000.9,14_2001.3=2001.3,33_2003.2=2003.2,39_2003.8=2003.8,34_2003.3=2003.3,44_2004.3=2004.3,48_2004.7=2004.7,53_2005.2=2005.2,52_2005.1=2005.1,58_2005.7=2005.7,9_2000.8=2000.8,6_2000.5=2000.5,11_2001=2001,25_2002.4=2002.4,20_2001.9=2001.9,47_2004.6=2004.6,36_2003.5=2003.5,45_2004.4=2004.4,50_2004.9=2004.9,42_2004.1=2004.1,51_2005=2005,35_2003.4=2003.4,37_2003.6=2003.6,57_2005.6=2005.6,59_2005.8=2005.8,61_2006=2006,62_2006.1=2006.1,41_2004=2004,40_2003.9=2003.9,49_2004.8=2004.8,74_2007.3=2007.3,77_2007.6=2007.6,68_2006.7=2006.7,70_2006.9=2006.9,81_2008=2008,19_2001.8=2001.8,27_2002.6=2002.6,29_2002.8=2002.8,30_2002.9=2002.9,31_2003=2003,38_2003.7=2003.7,56_2005.5=2005.5,69_2006.8=2006.8,82_2008.1=2008.1,80_2007.9=2007.9,83_2008.2=2008.2,87_2008.6=2008.6,71_2007=2007,75_2007.4=2007.4,72_2007.1=2007.1,91_2009=2009,88_2008.7=2008.7,94_2009.3=2009.3,98_2009.7=2009.7,79_2007.8=2007.8,84_2008.3=2008.3,78_2007.7=2007.7,76_2007.5=2007.5,89_2008.8=2008.8,93_2009.2=2009.2,96_2009.5=2009.5,97_2009.6=2009.6,95_2009.4=2009.4,100_2009.9=2009.9,54_2005.3=2005.3,60_2005.9=2005.9,64_2006.3=2006.3,73_2007.2=2007.2,86_2008.5=2008.5,85_2008.4=2008.4,90_2008.9=2008.9,99_2009.8=2009.8,92_2009.1=2009.1,101_2010=2010">
#                        <taxa id="TaxonSet.1" spec="beast.evolution.alignment.TaxonSet">
#                        </taxa>
#                    </trait>
#                    <taxonset idref="TaxonSet.1"/>
#                </tree>
#            </treeIntervals>
#        </distribution>
#        <prior id="rateOmega.prior" name="distribution">
#            <parameter id="rateOmega" lower="0.1" name="x" spec="beast.core.parameter.RealParameter" upper="10.0">0.5</parameter>
#            <Gamma id="Gamma.0" name="distr">
#                <parameter estimate="false" id="rateOmega.alpha" name="alpha" spec="beast.core.parameter.RealParameter">0.1</parameter>
#                <parameter estimate="false" id="rateOmega.beta" name="beta" spec="beast.core.parameter.RealParameter">1.0</parameter>
#            </Gamma>
#        </prior>
#        <prior id="rateMean.prior" name="distribution">
#            <parameter id="rateMean" lower="1.0E-4" name="x" spec="beast.core.parameter.RealParameter" upper="10.0">0.005</parameter>
#            <Gamma id="Gamma.1" name="distr">
#                <parameter estimate="false" id="rateMean.alpha" name="alpha" spec="beast.core.parameter.RealParameter">0.005</parameter>
#                <parameter estimate="false" id="rateMean.beta" name="beta" spec="beast.core.parameter.RealParameter">1.0</parameter>
#            </Gamma>
#        </prior>
#        <prior id="FrequenciesPrior.s:1" name="distribution">
#            <parameter dimension="4" id="freqParameter.s:1" lower="0.0" name="x" spec="beast.core.parameter.RealParameter" upper="1.0">0.25</parameter>
#            <Uniform id="Uniform.3" name="distr"/>
#        </prior>
#        <prior id="GammaShapePrior.s:1" name="distribution">
#            <parameter id="gammaShape.s:1" name="x" spec="beast.core.parameter.RealParameter">1.0</parameter>
#            <Exponential id="Exponential.0" name="distr">
#                <parameter estimate="false" id="RealParameter.0" name="mean" spec="beast.core.parameter.RealParameter">1.0</parameter>
#            </Exponential>
#        </prior>
#        <prior id="KappaPrior.s:1" name="distribution">
#            <parameter id="kappa.s:1" lower="0.0" name="x" spec="beast.core.parameter.RealParameter">2.0</parameter>
#            <LogNormal id="LogNormalDistributionModel.0" name="distr">
#                <parameter estimate="false" id="RealParameter.1" name="M" spec="beast.core.parameter.RealParameter">1.0</parameter>
#                <parameter estimate="false" id="RealParameter.2" name="S" spec="beast.core.parameter.RealParameter">1.25</parameter>
#            </LogNormal>
#        </prior>
#        <prior id="PopSizePrior.t:1" name="distribution" x="@popSize.t:1">
#            <OneOnX id="OneOnX.1" name="distr"/>
#        </prior>
#    </distribution>
#    <distribution id="likelihood" spec="beast.core.util.CompoundDistribution" useThreads="true">
#        <distribution data="@1" id="treeLikelihood.1" spec="beast.evolution.likelihood.ThreadedTreeLikelihood" tree="@Tree.t:1">
#            <siteModel gammaCategoryCount="4" id="SiteModel.s:1" shape="@gammaShape.s:1" spec="beast.evolution.sitemodel.SiteModel">
#                <parameter id="mutationRate.s:1" name="mutationRate" spec="beast.core.parameter.RealParameter">1.0</parameter>
#                <parameter estimate="false" id="proportionInvariant.s:1" lower="0.0" name="proportionInvariant" spec="beast.core.parameter.RealParameter" upper="1.0">0.0</parameter>
#                <substModel id="hky.s:1" kappa="@kappa.s:1" spec="beast.evolution.substitutionmodel.HKY">
#                    <frequencies frequencies="@freqParameter.s:1" id="estimatedFreqs.s:1" spec="beast.evolution.substitutionmodel.Frequencies"/>
#                </substModel>
#            </siteModel>
#            <branchRateModel id="branchRates" numSites="1000" numberOfDiscreteRates="12" rateMean="@rateMean" rateOmega="@rateOmega" spec="beast.evolution.branchratemodel.ARClockModel" tree="@Tree.t:1">
#                <rateCategories dimension="200" id="rateCategories" spec="beast.core.parameter.IntegerParameter">1</rateCategories>
#            </branchRateModel>
#        </distribution>
#    </distribution>
#</input>
#
Sample	posterior	likelihood	prior	treeLikelihood	TreeHeight	rateOmega	rateMean	kappa	mutationRate	gammaShape	popSize	CoalescentConstant	freqParameter.1	freqParameter.2	freqParameter.3	freqParameter.4
0	-26586.1459481626	-26352.11274199224	-234.03320617036022	-26352.11274199224	10.751582664363609	0.5	0.005	2.0	1.0	1.0	0.3	-230.21431273121476	0.25	0.25	0.25	0.25
1000	-16539.107812268638	-15390.901510510503	-1148.206301758135	-15390.901510510503	13.342292911156784	0.8739623483802043	0.024549293367740414	3.9361561049888136	1.0	1.0	0.9619381245387254	-1140.0520706519746	0.25	0.2549333024824592	0.24506669751754082	0.25
2000	-13611.992158043322	-13249.591295181344	-362.40086286197857	-13249.591295181344	13.823186657990863	4.976589447567203	0.020412538940596723	3.9361561049888136	1.0	1.0	9.384694996143875	-346.48835061516957	0.25	0.24746901102098892	0.24506669751754082	0.2574642914614703
3000	-11865.437290480539	-11505.063036229712	-360.37425425082665	-11505.063036229712	14.453626053981022	4.439605342098188	0.01387435506697339	3.9361561049888136	1.0	1.0	13.585825320530587	-345.12225551241943	0.25	0.24746901102098892	0.24506669751754082	0.2574642914614703
4000	-11234.67967389299	-10866.30052832753	-368.37914556545894	-10866.30052832753	13.85440597343109	8.352396207135815	0.014109152136626142	3.9361561049888136	1.0	1.0	10.334793167676452	-348.90214970331846	0.25	0.24746901102098892	0.24506669751754082	0.2574642914614703
5000	-10469.888839193316	-10096.668528881346	-373.22031031197025	-10096.668528881346	13.182158851287815	7.1059375874140445	0.014069767566919434	4.204403187027982	1.0	1.0	13.484475795405151	-354.78908797651667	0.24040836811541208	0.25706064290557684	0.24506669751754082	0.2574642914614703
6000	-9738.130524618717	-9367.676205963917	-370.4543186548003	-9367.676205963917	13.679404199947085	5.691708697015109	0.010080831473991785	4.204403187027982	1.0	1.0	13.873341504664516	-353.9443379405395	0.24040836811541208	0.25706064290557684	0.24506669751754082	0.2574642914614703
7000	-9480.657127068982	-9100.54361598048	-380.1135110885018	-9100.54361598048	15.718040615873104	8.504317341088665	0.009674693102184762	4.204403187027982	1.0	1.0	15.159662529536249	-360.3821683781844	0.24040836811541208	0.25706064290557684	0.24506669751754082	0.2574642914614703
8000	-9085.481922485948	-8715.108093187342	-370.3738292986057	-8715.108093187342	16.07194800482578	7.859053467728212	0.009029422473211993	4.0913655591026945	1.0	1.0	12.691862913817541	-351.64039278836816	0.24040836811541208	0.25706064290557684	0.23660779335159765	0.2659231956274135
9000	-8935.199527757126	-8569.127510331335	-366.07201742579196	-8569.127510331335	16.07194800482578	8.024532001094073	0.009881541971500044	4.0913655591026945	1.0	1.179104758868696	10.986183569798683	-347.0289854154292	0.24027883866282287	0.25706064290557684	0.23660779335159765	0.2660527250800027
10000	-8827.438571948953	-8461.699709726385	-365.73886222256755	-8461.699709726385	16.01504045053001	9.634734006852495	0.009758246128342031	4.0913655591026945	1.0	1.179104758868696	11.439859577216938	-344.8931951308374	0.24027883866282287	0.25706064290557684	0.23660779335159765	0.2660527250800027
11000	-8766.866272364008	-8403.077879066139	-363.78839329786956	-8403.077879066139	17.23210015714272	8.124769248173132	0.009052338294064542	4.0913655591026945	1.0	1.179104758868696	12.474302937560529	-344.59495558773233	0.24027883866282287	0.25706064290557684	0.23660779335159765	0.2660527250800027
12000	-8707.559605956772	-8344.69912520735	-362.8604807494238	-8344.69912520735	16.54378695951978	7.991337768903535	0.00854238000407921	4.0913655591026945	1.0	1.179104758868696	13.636613699805304	-343.7844936415299	0.24027883866282287	0.25706064290557684	0.23660779335159765	0.2660527250800027
13000	-8568.226436572997	-8207.08338130915	-361.14305526384595	-8207.08338130915	16.54378695951978	9.739939469978463	0.009106307208261971	4.0913655591026945	1.0	1.141111466837136	10.54776868530239	-340.37104280889315	0.24027883866282287	0.25706064290557684	0.23660779335159765	0.2660527250800027
14000	-8336.700389536589	-7977.241812427639	-359.4585771089503	-7977.241812427639	14.819315708184574	9.766317079448996	0.009255898359226359	4.0913655591026945	1.0	1.141111466837136	10.089255670845292	-338.6858343856474	0.23919819578299883	0.25829263052883145	0.23080928789128316	0.27169988579688664
15000	-8168.023222266853	-7812.244722428651	-355.7784998382022	-7812.244722428651	16.32317416236964	7.743285925883066	0.008078307382629922	4.0913655591026945	1.0	1.1404512401199685	10.80709277009864	-337.30619470694	0.22930928840629733	0.25829263052883145	0.23080928789128316	0.28158879317358815
16000	-7985.578730585249	-7624.825452139348	-360.7532784459012	-7624.825452139348	16.32317416236964	7.599447118409156	0.007195517823209926	4.0913655591026945	1.0	1.1404512401199685	13.514661524550558	-342.334143448352	0.22930928840629733	0.25829263052883145	0.23080928789128316	0.28158879317358815
17000	-7944.093287030535	-7580.536920083573	-363.55636694696176	-7580.536920083573	16.079418679121115	7.038388806429506	0.007174255782827179	4.0913655591026945	1.0	1.1404512401199685	11.93927718915149	-345.8942241620678	0.22930928840629733	0.25829263052883145	0.23080928789128316	0.28158879317358815
18000	-7922.112822444405	-7555.469178295177	-366.6436441492278	-7555.469178295177	15.745756825356088	6.831859906698622	0.007139766972652175	4.0913655591026945	1.0	1.1404512401199685	11.34569640848649	-349.2706587177277	0.22930928840629733	0.25829263052883145	0.23080928789128316	0.28158879317358815
19000	-7782.32906092519	-7415.772005101731	-366.55705582345814	-7415.772005101731	16.07011979810478	8.733191713665704	0.007952957684397806	4.0913655591026945	1.0	1.2708884324554286	14.339937316838467	-346.5889732417807	0.22930928840629733	0.25829263052883145	0.23080928789128316	0.28158879317358815
20000	-7548.619065155792	-7185.05305339179	-363.566011764002	-7185.05305339179	16.07011979810478	6.716082520670205	0.006281974205025479	4.352028446623628	1.0	1.6920538021165958	11.087295566367793	-345.8446898216367	0.22930928840629733	0.25829263052883145	0.23080928789128316	0.28158879317358815
21000	-7441.275952614443	-7075.715313246535	-365.56063936790827	-7075.715313246535	16.007187129296238	4.7849998406128265	0.006207836483412228	4.003594355762458	1.0	3.109308414813678	11.842866644669247	-348.710580425472	0.22930928840629733	0.25829263052883145	0.23080928789128316	0.28158879317358815
22000	-7301.920422917768	-6939.136228952451	-362.78419396531626	-6939.136228952451	16.336662370450775	4.934564474363316	0.005971283188067135	4.003594355762458	1.0	3.109308414813678	10.310463783917942	-345.9343291406365	0.2294388580562605	0.25829263052883145	0.23067971824132	0.28158879317358815
23000	-7274.647153923767	-6913.168406989846	-361.4787469339219	-6913.168406989846	17.112572125858634	6.196919248889707	0.006154020705015147	4.061263701561075	1.0	3.109308414813678	9.510158800291933	-343.1942300754683	0.2294388580562605	0.25829263052883145	0.23067971824132	0.28158879317358815
24000	-7242.122572127563	-6880.995043832359	-361.1275282952035	-6880.995043832359	17.145420941953596	6.450563375831651	0.005461239108208233	4.061263701561075	1.0	3.109308414813678	10.869000114089006	-342.5392350608066	0.2294388580562605	0.25829263052883145	0.23067971824132	0.28158879317358815
25000	-7223.391024196556	-6867.119953274004	-356.27107092255227	-6867.119953274004	17.708035854935325	5.357186685975322	0.005257023586575645	4.061263701561075	1.0	3.109308414813678	10.801251323954599	-338.9876871148824	0.2294388580562605	0.2589456151061614	0.23067971824132	0.2809358085962582
26000	-7222.168915789932	-6863.610960636256	-358.5579551536758	-6863.610960636256	18.21855754745147	6.319739038328918	0.005322704285721581	4.061263701561075	1.0	3.109308414813678	10.925632049905339	-340.13943424767683	0.22795466781636714	0.26042980534605475	0.23067971824132	0.2809358085962582
27000	-7156.658338447257	-6793.638368149345	-363.01997029791136	-6793.638368149345	19.697784083090053	6.235778249891499	0.0052427292336552226	4.284509607920944	1.0	3.109308414813678	12.425582086939283	-344.51576652337167	0.22795466781636714	0.26042980534605475	0.23067971824132	0.2809358085962582
28000	-7134.99550948539	-6776.0298651040375	-358.9656443813526	-6776.0298651040375	19.889101659138642	6.015132233486042	0.0052427292336552226	4.284509607920944	1.0	3.109308414813678	11.087662432886574	-340.8284335965051	0.22795466781636714	0.26042980534605475	0.23067971824132	0.2809358085962582
29000	-7085.461750582697	-6731.859105047253	-353.6026455354439	-6731.859105047253	19.436612375650725	6.678844784199266	0.005566103691147834	4.284509607920944	1.0	3.109308414813678	10.062849941072152	-334.74462755345246	0.2213959112136542	0.2669885619487677	0.22414010430302128	0.28747542253455693
30000	-7082.369631034289	-6723.936934461631	-358.43269657265876	-6723.936934461631	19.416123902631114	7.983539732887814	0.005631108786994126	4.284509607920944	1.0	4.048499934553622	11.187314329925144	-337.052650863762	0.22702054160247653	0.2669885619487677	0.21851547391419895	0.28747542253455693
31000	-7083.3807155012	-6714.76046646685	-368.62024903435025	-6714.76046646685	18.81823119207181	9.916786585924209	0.005631108786994126	4.284509607920944	1.0	7.359316519446391	11.149396531808248	-341.8043726584872	0.22702054160247653	0.2669885619487677	0.21803173910788654	0.28795915734086935
32000	-7083.494996127105	-6716.571623608128	-366.9233725189768	-6716.571623608128	19.292336313106194	9.214529294910589	0.0056134209161657934	4.284509607920944	1.0	7.359316519446391	12.988022573542432	-340.72636189977095	0.22702054160247653	0.2669885619487677	0.21803173910788654	0.28795915734086935
33000	-7064.2426831712455	-6703.792984723588	-360.44969844765734	-6703.792984723588	16.942857401833418	7.376913527043302	0.005458542296389804	4.284509607920944	1.0	5.471585279257987	10.68669816012235	-338.4012397180782	0.22702054160247653	0.2669885619487677	0.21803173910788654	0.28795915734086935
34000	-7054.7886100317255	-6692.941966517214	-361.8466435145116	-6692.941966517214	16.813466153943697	8.829715585020514	0.0058112344792664245	4.284509607920944	1.0	3.1575742537077	11.0783691842525	-340.39895746258526	0.22702054160247653	0.2669885619487677	0.21803173910788654	0.28795915734086935
35000	-7035.399058418035	-6678.204641883132	-357.19441653490264	-6678.204641883132	16.813466153943697	7.152603987853094	0.005241940644811806	3.919707680320724	1.0	3.1575742537077	12.49243945132467	-337.7088185421337	0.22702054160247653	0.2669885619487677	0.21368009172806887	0.29231080472068705
36000	-7037.520240029123	-6683.177088450827	-354.3431515782962	-6683.177088450827	16.701599008794624	8.059214848966533	0.005957758470112134	3.919707680320724	1.0	4.197361105551396	10.439774498421878	-332.8551724809077	0.22702054160247653	0.26784984409062895	0.21368009172806887	0.2914495225788258
37000	-7050.204804954946	-6695.14950383691	-355.0553011180356	-6695.14950383691	16.729082098607396	8.11505017195316	0.005829241529453742	3.919707680320724	1.0	3.2220458872686653	8.635694760690772	-334.69213381130936	0.22519504089192463	0.2696753448011809	0.21368009172806887	0.2914495225788258
38000	-7021.357613665094	-6675.027475134273	-346.3301385308204	-6675.027475134273	19.132402527919552	7.242775093499112	0.0056100310361753055	3.919707680320724	1.0	3.2220458872686653	9.626562323209198	-326.8713268381582	0.22519504089192463	0.2696753448011809	0.21368009172806887	0.2914495225788258
39000	-7006.603380416224	-6660.154999173486	-346.44838124273804	-6660.154999173486	17.789986357980382	7.912908508428158	0.005897275649151486	3.919707680320724	1.0	3.946229092303752	9.050032531122076	-325.5273970695158	0.22519504089192463	0.2696753448011809	0.21368009172806887	0.2914495225788258
40000	-7002.83357731667	-6657.515384714745	-345.3181926019249	-6657.515384714745	17.944922970709015	8.00448862482564	0.005566392293309641	3.919707680320724	1.0	4.900533598949246	9.060564344944844	-323.3975899224511	0.22519504089192463	0.2696753448011809	0.21368009172806887	0.2914495225788258
41000	-6984.2932292902215	-6636.633406606989	-347.65982268323177	-6636.633406606989	16.609843500108173	6.98868004043001	0.005592323659942788	3.919707680320724	1.0	4.710417644859115	8.350708947026446	-327.14421876038483	0.22519504089192463	0.26338802747250895	0.2047000652818001	0.3067168663537665
42000	-6982.126368794308	-6636.55141861924	-345.57495017506824	-6636.55141861924	16.609843500108173	7.567709683297782	0.006021016917003875	3.7591007410215838	1.0	4.710417644859115	9.380460514946778	-324.2695522584685	0.22519504089192463	0.26338802747250895	0.2047000652818001	0.3067168663537665
43000	-6976.569681491315	-6635.6865096790525	-340.8831718122632	-6635.6865096790525	16.84058761627456	7.745963106229859	0.006210588877883216	3.7591007410215838	1.0	4.710417644859115	8.300640121563518	-319.4698293567892	0.22594254935540872	0.26338802747250895	0.20227199500198006	0.3083974281701024
44000	-6984.4257889165165	-6639.367147839784	-345.0586410767328	-6639.367147839784	17.10731110322332	7.769048957879179	0.00616005539834719	3.7591007410215838	1.0	4.710417644859115	7.749932604996765	-323.6963625435647	0.22594254935540872	0.26338802747250895	0.20227199500198006	0.3083974281701024
45000	-6982.748949565648	-6636.451015189854	-346.2979343757946	-6636.451015189854	18.906253289682663	6.9127988892732875	0.006076915981089992	3.7591007410215838	1.0	4.710417644859115	10.863728602508035	-325.57285994739203	0.22594254935540872	0.24965931346041337	0.20227199500198006	0.322126142182198
46000	-6966.626501718441	-6624.679048474017	-341.9474532444242	-6624.679048474017	18.908109488978806	6.255529257762932	0.005731163439109072	3.7591007410215838	1.0	4.710417644859115	9.664873873652319	-322.1451295722031	0.22594254935540872	0.24965931346041337	0.20227199500198006	0.322126142182198
47000	-6959.410259727735	-6620.427785543473	-338.98247418426206	-6620.427785543473	18.908109488978806	7.1403351060428	0.005850473500137019	3.7591007410215838	1.0	4.710417644859115	8.689115299789162	-318.2620867052458	0.22594254935540872	0.24965931346041337	0.20227199500198006	0.322126142182198
48000	-6959.241960237848	-6620.684731780227	-338.5572284576207	-6620.684731780227	17.83767653134393	7.315961891939262	0.005830366805783963	3.7591007410215838	1.0	4.710417644859115	8.05364333122997	-317.7187373879437	0.22973572001599912	0.24965931346041337	0.19847882434138966	0.322126142182198
49000	-6939.758701795037	-6605.713434427693	-334.04526736734454	-6605.713434427693	17.110716017562062	9.142042896290963	0.006401955307275626	3.7591007410215838	1.0	4.710417644859115	9.019498647760857	-310.9732607885092	0.22973572001599912	0.24965931346041337	0.19847882434138966	0.322126142182198
50000	-6903.909819254344	-6572.167021030104	-331.74279822424114	-6572.167021030104	17.05076437798355	7.056642704421147	0.005876655083550079	3.7591007410215838	1.0	4.332499719455887	9.041047151123799	-311.45045947949325	0.2296801506144522	0.24971488286196028	0.19847882434138966	0.322126142182198
51000	-6896.962634888297	-6563.361148894568	-333.6014859937283	-6563.361148894568	16.30509772995763	8.45327986041137	0.006467389506441548	3.7591007410215838	1.0	4.332499719455887	9.736252615569965	-311.5800055669502	0.2296801506144522	0.26224025271032825	0.18595345449302167	0.322126142182198
52000	-6883.3202856037915	-6557.541411726711	-325.7788738770804	-6557.541411726711	15.909324119890783	5.9183251831635655	0.006137995264311049	3.4216739097056625	1.0	4.332499719455887	8.239058729299018	-306.9432439935904	0.21392749099496614	0.2779929123298143	0.18595345449302167	0.322126142182198
53000	-6875.825987805519	-6554.093196193925	-321.73279161159405	-6554.093196193925	15.909324119890783	5.144113275996015	0.006152647792272309	3.4216739097056625	1.0	4.332499719455887	8.272516863964398	-303.79111431439657	0.21392749099496614	0.2779929123298143	0.16725554910835808	0.3408240475668616
54000	-6876.780997141755	-6559.627519223657	-317.1534779180976	-6559.627519223657	16.180127218923563	5.036160499302207	0.006055222949617003	3.4216739097056625	1.0	4.332499719455887	8.25850607976402	-299.35651555288484	0.21392749099496614	0.2779929123298143	0.16725554910835808	0.3408240475668616
55000	-6866.015487426559	-6548.113926121654	-317.9015613049054	-6548.113926121654	15.090997807619294	5.729603231849595	0.006556235362787434	3.4216739097056625	1.0	4.332499719455887	6.930995252366315	-299.3906955308022	0.21392749099496614	0.2779929123298143	0.16725554910835808	0.3408240475668616
56000	-6859.078793164603	-6537.128440797815	-321.95035236678837	-6537.128440797815	15.114880565376852	5.729603231849595	0.006148472551996791	3.4216739097056625	1.0	4.332499719455887	9.526564774953048	-303.185705395875	0.19653552840128088	0.2779929123298143	0.1662214763659451	0.3592500829029598
57000	-6835.083465990684	-6519.865395551803	-315.21807043888117	-6519.865395551803	15.32347671700513	6.019090126840578	0.006321220998077978	3.4216739097056625	1.0	4.332499719455887	7.645186446083494	-296.3118407897018	0.19653552840128088	0.2779929123298143	0.1662214763659451	0.3592500829029598
58000	-6837.019838315181	-6522.153066281014	-314.86677203416747	-6522.153066281014	15.931030236797833	6.215271334796857	0.0060767660597245135	3.4216739097056625	1.0	4.092458840939596	6.638860055604669	-296.15615904922674	0.19653552840128088	0.2779929123298143	0.1662214763659451	0.3592500829029598
59000	-6822.128012677218	-6506.461261692784	-315.6667509844337	-6506.461261692784	15.70653335880947	7.942752353014287	0.006496695804157085	3.722923451684364	1.0	4.092458840939596	7.317781361629797	-294.7445723847992	0.19653552840128088	0.25882123464408585	0.1662214763659451	0.37842176058868826
60000	-6821.309344384014	-6507.364276747262	-313.9450676367523	-6507.364276747262	15.584057745354587	6.071140268637445	0.006355489078620752	3.722923451684364	1.0	4.092458840939596	7.459290073136462	-295.1391963233118	0.19653552840128088	0.24890671417119345	0.16469448086521374	0.389863276562312
61000	-6826.518662737998	-6507.582109927888	-318.9365528101097	-6507.582109927888	16.509669308284025	5.893180834269667	0.006158529987453975	3.722923451684364	1.0	4.092458840939596	8.778964774405345	-300.2040384828437	0.19653552840128088	0.24890671417119345	0.16469448086521374	0.389863276562312
62000	-6825.753391354159	-6508.716813384123	-317.0365779700361	-6508.716813384123	16.012094590680157	6.353762157748054	0.006145836161198326	3.722923451684364	1.0	4.092458840939596	6.1103476175694915	-298.14019673994176	0.19653552840128088	0.2613311436514303	0.1522700513849769	0.389863276562312
63000	-6810.645769700587	-6497.442745681372	-313.2030240192152	-6497.442745681372	16.4416215622381	6.424397444315863	0.006113511079304597	3.722923451684364	1.0	4.092458840939596	6.406200376199451	-294.1840541810613	0.19653552840128088	0.2613311436514303	0.1522700513849769	0.389863276562312
64000	-6805.713146024238	-6491.066534595416	-314.6466114288228	-6491.066534595416	16.048620947252033	7.17553783317516	0.006251898077064841	3.722923451684364	1.0	4.092458840939596	6.336242521140265	-294.765553889383	0.19653552840128088	0.2613311436514303	0.1522700513849769	0.389863276562312
65000	-6806.693458346467	-6491.989913929365	-314.7035444171027	-6491.989913929365	16.321116841587536	7.426308936448588	0.005959212790499624	3.4003722672993386	1.0	4.092458840939596	6.330326396949571	-294.6959710936704	0.19653552840128088	0.2613311436514303	0.1522700513849769	0.389863276562312
66000	-6813.253118560808	-6496.057889861684	-317.19522869912356	-6496.057889861684	17.069922472040652	6.363798701622046	0.0060562674403529	3.4003722672993386	1.0	4.092458840939596	6.902610506372933	-298.2864093000943	0.1785356110528326	0.2613311436514303	0.17026996873342518	0.389863276562312
67000	-6816.212797708321	-6500.231160830792	-315.98163687752924	-6500.231160830792	18.506242184449654	5.31237274884881	0.005980062396844287	3.4003722672993386	1.0	4.2765467648016555	7.540726784260009	-298.02694038828844	0.1785356110528326	0.2613311436514303	0.17026996873342518	0.389863276562312
68000	-6809.599641151886	-6492.089767039191	-317.50987411269443	-6492.089767039191	17.62727705970639	6.897907205232855	0.006160076441382251	3.4003722672993386	1.0	4.2765467648016555	7.145264852727741	-297.7587604151493	0.1785356110528326	0.2613311436514303	0.17026996873342518	0.389863276562312
69000	-6820.06233119665	-6498.933728210456	-321.12860298619444	-6498.933728210456	19.14946294495764	8.480220398137616	0.006420130957401717	3.4003722672993386	1.0	4.2765467648016555	8.294691002469778	-299.4187411258566	0.18019471663031716	0.2613311436514303	0.16861086315594062	0.389863276562312
70000	-6812.738183140467	-6493.216524255905	-319.52165888456267	-6493.216524255905	19.059015989408685	8.655399737330745	0.005829600111680894	3.4003722672993386	1.0	4.2765467648016555	7.849292857356717	-297.7700058605468	0.18019471663031716	0.26721575098286854	0.16272625582450234	0.389863276562312
71000	-6806.590464829204	-6487.746414654317	-318.84405017488706	-6487.746414654317	19.98925234746762	7.609893295710793	0.005581630040480347	3.4003722672993386	1.0	3.777310240433828	5.675638323894409	-299.12073950964896	0.19159746816380765	0.26721575098286854	0.15132350429101185	0.389863276562312
72000	-6799.765451332144	-6479.231813239872	-320.53363809227204	-6479.231813239872	19.092871619732776	9.021125854450785	0.005845171061945678	3.4003722672993386	1.0	3.777310240433828	5.739495165571493	-299.18863078362403	0.18473577693604906	0.26721575098286854	0.15132350429101185	0.3967249677900706
73000	-6808.853754291768	-6490.054344323129	-318.79940996863974	-6490.054344323129	17.989987861356173	7.474223432011751	0.006378986653625425	3.4003722672993386	1.0	5.70314522167212	8.443506870544372	-296.7712514151247	0.18473577693604906	0.26721575098286854	0.15132350429101185	0.3967249677900706
74000	-6809.894077104952	-6492.396035249363	-317.4980418555891	-6492.396035249363	18.110857693654363	7.5099234829708434	0.006218694271012103	3.4003722672993386	1.0	5.70314522167212	7.049839690020612	-295.63576989368585	0.18473577693604906	0.25541562354694286	0.15132350429101185	0.4085250952259963
75000	-6819.185684363618	-6503.080658863214	-316.1050255004035	-6503.080658863214	18.983785661323214	9.068858215755299	0.006493956609082417	3.4003722672993386	1.0	5.70314522167212	6.673803055115852	-292.52550409492585	0.18473577693604906	0.25541562354694286	0.15132350429101185	0.4085250952259963
76000	-6800.335263100358	-6486.3578260323775	-313.9774370679811	-6486.3578260323775	20.446508153851575	8.050138599795366	0.00634480800438441	3.4003722672993386	1.0	5.70314522167212	7.097312167590273	-291.485618483697	0.1712088690943604	0.25541562354694286	0.16485041213270052	0.4085250952259963
77000	-6798.208935660858	-6480.5433041306405	-317.6656315302171	-6480.5433041306405	20.533999089538312	8.586619783348988	0.005872770429933684	3.4003722672993386	1.0	4.409535740891893	6.608388412344331	-296.0216491549258	0.1712088690943604	0.25541562354694286	0.16485041213270052	0.4085250952259963
78000	-6790.941942441956	-6471.408645041132	-319.5332974008231	-6471.408645041132	19.521082241965697	9.166774235718606	0.0058140844914614746	3.064337460408531	1.0	3.389140925614122	7.968237957303993	-298.20913947161694	0.14584690333413125	0.25541562354694286	0.1419837148523263	0.45675375826659964
79000	-6774.00344559799	-6454.878585528085	-319.1248600699055	-6454.878585528085	19.32360969482915	7.635489325001228	0.00588939299160943	3.064337460408531	1.0	5.675685253562496	7.585843491320258	-297.2462423166351	0.13455845134192085	0.25953922634430954	0.1419837148523263	0.46391860746144337
80000	-6770.613986757872	-6446.805129540326	-323.8088572175469	-6446.805129540326	19.692268164158442	9.66190043595915	0.006226683351330869	3.064337460408531	1.0	5.675685253562496	6.892091870968499	-299.7321427902248	0.14061348530775966	0.25953922634430954	0.1359286808864875	0.46391860746144337
81000	-6767.495417936876	-6450.74928243947	-316.7461354974057	-6450.74928243947	17.590308742648048	8.51244625485089	0.005944035619961039	3.064337460408531	1.0	3.5659933199971796	7.045287312038009	-296.0670837035372	0.14061348530775966	0.25953922634430954	0.1359286808864875	0.46391860746144337
82000	-6773.990222820679	-6453.525828493432	-320.46439432724725	-6453.525828493432	19.950577508468943	8.82302284981197	0.006093025782191577	2.4245888298653075	1.0	4.848523952549359	6.6578717436829296	-298.4263420514301	0.14061348530775966	0.25953922634430954	0.1359286808864875	0.46391860746144337
83000	-6774.774523715232	-6451.974267814896	-322.80025590033614	-6451.974267814896	19.145693827802827	9.294354090486243	0.006010825689624048	2.4245888298653075	1.0	4.848523952549359	7.614417770403719	-300.1233873668331	0.14061348530775966	0.25953922634430954	0.1359286808864875	0.46391860746144337
84000	-6767.055430556634	-6442.38938817667	-324.66604237996364	-6442.38938817667	22.85759916587956	8.646724202391939	0.005728930011973468	2.4245888298653075	1.0	4.848523952549359	7.338469686721295	-302.786795929522	0.14061348530775966	0.25953922634430954	0.1359286808864875	0.46391860746144337
85000	-6769.550840511181	-6446.813896543229	-322.7369439679523	-6446.813896543229	19.414787684684235	7.36012811277011	0.005348775955405287	2.4245888298653075	1.0	5.759844632927736	7.199079506344284	-301.46584085758093	0.14061348530775966	0.25953922634430954	0.113071240893793	0.4867760474541379
86000	-6774.374191285318	-6448.542558803452	-325.8316324818659	-6448.542558803452	19.208705073496816	8.114952175636592	0.00562100798917773	2.4245888298653075	1.0	5.759844632927736	7.419378723882777	-303.63802800513963	0.14061348530775966	0.25953922634430954	0.113071240893793	0.4867760474541379
87000	-6777.267230495227	-6454.004932377389	-323.26229811783725	-6454.004932377389	18.745329892419022	7.298417271799806	0.005240111822499815	2.4245888298653075	1.0	5.759844632927736	7.419378723882777	-302.05087248288	0.14061348530775966	0.25953922634430954	0.113071240893793	0.4867760474541379
88000	-6767.655784225839	-6448.527563107249	-319.12822111859015	-6448.527563107249	19.74663078238163	6.864057083460479	0.00567170600775133	2.4245888298653075	1.0	5.759844632927736	6.63493276816732	-298.4389424355315	0.14061348530775966	0.25953922634430954	0.11129799577233654	0.4885492925755944
89000	-6749.4602062918475	-6437.666817220107	-311.79338907174025	-6437.666817220107	19.032184320032993	6.435022513904422	0.0058216495766488996	2.4245888298653075	1.0	5.759844632927736	7.912208927507542	-291.3890623242129	0.11479398524693761	0.2853587264051316	0.11129799577233654	0.4885492925755944
90000	-6742.43167654083	-6437.054718852858	-305.3769576879721	-6437.054718852858	18.225757223851776	7.6713969383616005	0.006163715900618171	2.4245888298653075	1.0	2.9079840280075495	6.130986692685588	-286.62784661491906	0.11319449558226859	0.2869582160698006	0.11129799577233654	0.4885492925755944
91000	-6741.593762062803	-6437.900672113548	-303.69308994925467	-6437.900672113548	18.228195414557756	6.361385928334887	0.005951332871583869	2.4245888298653075	1.0	2.9079840280075495	6.816242205468736	-286.35166615637644	0.11319449558226859	0.2869582160698006	0.11129799577233654	0.4885492925755944
92000	-6746.70278531151	-6437.039584089079	-309.66320122243053	-6437.039584089079	17.86140802138793	7.942296900102231	0.006107998004000095	2.4245888298653075	1.0	2.9079840280075495	6.614212846707256	-290.5451827624954	0.11319449558226859	0.2869582160698006	0.11129799577233654	0.4885492925755944
93000	-6749.430598447703	-6440.138157159517	-309.2924412881867	-6440.138157159517	16.65363161239162	6.7672684501747655	0.006190316365731389	2.4245888298653075	1.0	2.599275595476692	7.7941209012565995	-291.62470276016893	0.11319449558226859	0.2869582160698006	0.11129799577233654	0.4885492925755944
94000	-6732.995860501478	-6417.313708404764	-315.68215209671376	-6417.313708404764	18.13040018091511	7.4828111110764315	0.006111907782803368	2.4245888298653075	1.0	5.831674466617522	6.871568972207809	-294.11475128799384	0.11319449558226859	0.2869582160698006	0.11129799577233654	0.4885492925755944
95000	-6733.030900359059	-6415.673234426439	-317.35766593262036	-6415.673234426439	17.47160182179104	9.294487522764426	0.005835546621592726	2.201726979295354	1.0	5.831674466617522	6.987268934694342	-293.89946505926906	0.11319449558226859	0.2869582160698006	0.11129799577233654	0.4885492925755944
96000	-6738.323278023146	-6416.051556060527	-322.2717219626186	-6416.051556060527	16.639282617501564	8.690163116584392	0.006148474046280308	2.201726979295354	1.0	8.218004919396563	6.947578999731599	-297.04543062157626	0.11319449558226859	0.2869582160698006	0.11129799577233654	0.4885492925755944
97000	-6735.4191921366855	-6417.76398053116	-317.65521160552544	-6417.76398053116	16.639282617501564	8.461288885773875	0.005985501449644758	2.201726979295354	1.0	8.218004919396563	5.95934677212367	-292.8621405152883	0.11319449558226859	0.2869582160698006	0.11129799577233654	0.4885492925755944
98000	-6741.5729549971165	-6435.273901893414	-306.2990531037018	-6435.273901893414	16.573262527373004	7.642940370236112	0.00596757194980773	2.201726979295354	1.0	8.218004919396563	6.57438024730304	-282.32066120721055	0.11319449558226859	0.2869582160698006	0.11129799577233654	0.4885492925755944
99000	-6748.323536827351	-6442.062869929437	-306.26066689791423	-6442.062869929437	16.573262527373004	8.092581973224448	0.005777973496220357	2.201726979295354	1.0	3.3477312877341605	6.3644716659491944	-286.71622250850436	0.11319449558226859	0.2869582160698006	0.11129799577233654	0.4885492925755944
100000	-6741.374842274156	-6434.673465368828	-306.7013769053286	-6434.673465368828	16.545656961990616	8.05370276741001	0.005999382086678791	2.201726979295354	1.0	5.509654375164552	6.9687527109214855	-284.9098810359956	0.11319449558226859	0.28017595875024576	0.11129799577233654	0.4953315498951492
