#
#model:
#
#<?xml version="1.0" encoding="UTF-8" standalone="no"?><input id="posterior" spec="beast.core.util.CompoundDistribution">
#    <distribution id="prior" spec="beast.core.util.CompoundDistribution">
#        <distribution id="CoalescentConstant.t:1" spec="beast.evolution.tree.coalescent.Coalescent">
#            <populationModel id="ConstantPopulation.t:1" spec="beast.evolution.tree.coalescent.ConstantPopulation">
#                <parameter id="popSize.t:1" name="popSize" spec="beast.core.parameter.RealParameter">0.3</parameter>
#            </populationModel>
#            <treeIntervals id="TreeIntervals.t:1" spec="beast.evolution.tree.coalescent.TreeIntervals">
#                <tree id="Tree.t:1" spec="beast.evolution.tree.Tree">
#                    <trait id="dateTrait.t:1" spec="beast.evolution.tree.TraitSet" traitname="date" value="2_2000.1=2000.1,17_2001.6=2001.6,18_2001.7=2001.7,21_2002=2002,24_2002.3=2002.3,26_2002.5=2002.5,5_2000.4=2000.4,7_2000.6=2000.6,4_2000.3=2000.3,13_2001.2=2001.2,15_2001.4=2001.4,16_2001.5=2001.5,1_2000=2000,8_2000.7=2000.7,3_2000.2=2000.2,12_2001.1=2001.1,22_2002.1=2002.1,32_2003.1=2003.1,28_2002.7=2002.7,43_2004.2=2004.2,46_2004.5=2004.5,55_2005.4=2005.4,63_2006.2=2006.2,65_2006.4=2006.4,66_2006.5=2006.5,67_2006.6=2006.6,23_2002.2=2002.2,10_2000.9=2000.9,14_2001.3=2001.3,33_2003.2=2003.2,39_2003.8=2003.8,34_2003.3=2003.3,44_2004.3=2004.3,48_2004.7=2004.7,53_2005.2=2005.2,52_2005.1=2005.1,58_2005.7=2005.7,9_2000.8=2000.8,6_2000.5=2000.5,11_2001=2001,25_2002.4=2002.4,20_2001.9=2001.9,47_2004.6=2004.6,36_2003.5=2003.5,45_2004.4=2004.4,50_2004.9=2004.9,42_2004.1=2004.1,51_2005=2005,35_2003.4=2003.4,37_2003.6=2003.6,57_2005.6=2005.6,59_2005.8=2005.8,61_2006=2006,62_2006.1=2006.1,41_2004=2004,40_2003.9=2003.9,49_2004.8=2004.8,74_2007.3=2007.3,77_2007.6=2007.6,68_2006.7=2006.7,70_2006.9=2006.9,81_2008=2008,19_2001.8=2001.8,27_2002.6=2002.6,29_2002.8=2002.8,30_2002.9=2002.9,31_2003=2003,38_2003.7=2003.7,56_2005.5=2005.5,69_2006.8=2006.8,82_2008.1=2008.1,80_2007.9=2007.9,83_2008.2=2008.2,87_2008.6=2008.6,71_2007=2007,75_2007.4=2007.4,72_2007.1=2007.1,91_2009=2009,88_2008.7=2008.7,94_2009.3=2009.3,98_2009.7=2009.7,79_2007.8=2007.8,84_2008.3=2008.3,78_2007.7=2007.7,76_2007.5=2007.5,89_2008.8=2008.8,93_2009.2=2009.2,96_2009.5=2009.5,97_2009.6=2009.6,95_2009.4=2009.4,100_2009.9=2009.9,54_2005.3=2005.3,60_2005.9=2005.9,64_2006.3=2006.3,73_2007.2=2007.2,86_2008.5=2008.5,85_2008.4=2008.4,90_2008.9=2008.9,99_2009.8=2009.8,92_2009.1=2009.1,101_2010=2010">
#                        <taxa id="TaxonSet.1" spec="beast.evolution.alignment.TaxonSet">
#                        </taxa>
#                    </trait>
#                    <taxonset idref="TaxonSet.1"/>
#                </tree>
#            </treeIntervals>
#        </distribution>
#        <prior id="rateOmega.prior" name="distribution">
#            <parameter id="rateOmega" lower="0.1" name="x" spec="beast.core.parameter.RealParameter" upper="10.0">0.5</parameter>
#            <Gamma id="Gamma.0" name="distr">
#                <parameter estimate="false" id="rateOmega.alpha" name="alpha" spec="beast.core.parameter.RealParameter">0.1</parameter>
#                <parameter estimate="false" id="rateOmega.beta" name="beta" spec="beast.core.parameter.RealParameter">1.0</parameter>
#            </Gamma>
#        </prior>
#        <prior id="rateMean.prior" name="distribution">
#            <parameter id="rateMean" lower="1.0E-4" name="x" spec="beast.core.parameter.RealParameter" upper="10.0">0.005</parameter>
#            <Gamma id="Gamma.1" name="distr">
#                <parameter estimate="false" id="rateMean.alpha" name="alpha" spec="beast.core.parameter.RealParameter">0.005</parameter>
#                <parameter estimate="false" id="rateMean.beta" name="beta" spec="beast.core.parameter.RealParameter">1.0</parameter>
#            </Gamma>
#        </prior>
#        <prior id="FrequenciesPrior.s:1" name="distribution">
#            <parameter dimension="4" id="freqParameter.s:1" lower="0.0" name="x" spec="beast.core.parameter.RealParameter" upper="1.0">0.25</parameter>
#            <Uniform id="Uniform.3" name="distr"/>
#        </prior>
#        <prior id="GammaShapePrior.s:1" name="distribution">
#            <parameter id="gammaShape.s:1" name="x" spec="beast.core.parameter.RealParameter">1.0</parameter>
#            <Exponential id="Exponential.0" name="distr">
#                <parameter estimate="false" id="RealParameter.0" name="mean" spec="beast.core.parameter.RealParameter">1.0</parameter>
#            </Exponential>
#        </prior>
#        <prior id="KappaPrior.s:1" name="distribution">
#            <parameter id="kappa.s:1" lower="0.0" name="x" spec="beast.core.parameter.RealParameter">2.0</parameter>
#            <LogNormal id="LogNormalDistributionModel.0" name="distr">
#                <parameter estimate="false" id="RealParameter.1" name="M" spec="beast.core.parameter.RealParameter">1.0</parameter>
#                <parameter estimate="false" id="RealParameter.2" name="S" spec="beast.core.parameter.RealParameter">1.25</parameter>
#            </LogNormal>
#        </prior>
#        <prior id="PopSizePrior.t:1" name="distribution" x="@popSize.t:1">
#            <OneOnX id="OneOnX.1" name="distr"/>
#        </prior>
#    </distribution>
#    <distribution id="likelihood" spec="beast.core.util.CompoundDistribution" useThreads="true">
#        <distribution data="@1" id="treeLikelihood.1" spec="beast.evolution.likelihood.ThreadedTreeLikelihood" tree="@Tree.t:1">
#            <siteModel gammaCategoryCount="4" id="SiteModel.s:1" shape="@gammaShape.s:1" spec="beast.evolution.sitemodel.SiteModel">
#                <parameter id="mutationRate.s:1" name="mutationRate" spec="beast.core.parameter.RealParameter">1.0</parameter>
#                <parameter estimate="false" id="proportionInvariant.s:1" lower="0.0" name="proportionInvariant" spec="beast.core.parameter.RealParameter" upper="1.0">0.0</parameter>
#                <substModel id="hky.s:1" kappa="@kappa.s:1" spec="beast.evolution.substitutionmodel.HKY">
#                    <frequencies frequencies="@freqParameter.s:1" id="estimatedFreqs.s:1" spec="beast.evolution.substitutionmodel.Frequencies"/>
#                </substModel>
#            </siteModel>
#            <branchRateModel id="branchRates" numSites="1000" numberOfDiscreteRates="12" rateMean="@rateMean" rateOmega="@rateOmega" spec="beast.evolution.branchratemodel.ARClockModel" tree="@Tree.t:1">
#                <rateCategories dimension="200" id="rateCategories" spec="beast.core.parameter.IntegerParameter">1</rateCategories>
#            </branchRateModel>
#        </distribution>
#    </distribution>
#</input>
#
Sample	posterior	likelihood	prior	treeLikelihood	TreeHeight	rateOmega	rateMean	kappa	mutationRate	gammaShape	popSize	CoalescentConstant	freqParameter.1	freqParameter.2	freqParameter.3	freqParameter.4
0	-26803.990936741404	-26569.957730571045	-234.03320617036022	-26569.957730571045	10.751582664363609	0.5	0.005	2.0	1.0	1.0	0.3	-230.21431273121476	0.25	0.25	0.25	0.25
1000	-16450.543175665895	-15920.52052322938	-530.022652436515	-15920.52052322938	14.21584475870836	0.4819348594569517	0.03690396575106852	3.9361561049888136	1.0	1.0	1.1405036148235865	-522.2079267994894	0.25	0.25	0.25	0.25
2000	-14143.532209321496	-13844.161284286294	-299.3709250352017	-13844.161284286294	13.144940337794491	3.3362555184099536	0.027322481808283377	3.9361561049888136	1.0	1.0	5.628137380316013	-285.6729418494199	0.24781943583948512	0.25	0.2521805641605149	0.25
3000	-13010.941246044265	-12703.437302427192	-307.5039436170746	-12703.437302427192	13.953845380484212	6.2603514184007185	0.021841608961615886	3.9361561049888136	1.0	1.0	6.514222778349635	-290.39746111560237	0.24781943583948512	0.25	0.2521805641605149	0.25
4000	-12161.958524402284	-11826.369550853045	-335.58897354923823	-11826.369550853045	13.953845380484212	9.875363612496638	0.01603402265449659	3.9361561049888136	1.0	1.0	9.53391974611372	-314.3897506955644	0.24240797919951715	0.24435613048170932	0.2521805641605149	0.2610553261582586
5000	-11363.97586849918	-11025.833452562332	-338.1424159368479	-11025.833452562332	13.867466793312023	8.689507714009038	0.01656342669485175	3.9361561049888136	1.0	0.8557518595265975	8.217196146259496	-318.5042070148592	0.24240797919951715	0.24435613048170932	0.24963663799849822	0.26359925232027526
6000	-10902.332468597393	-10553.54740240611	-348.78506619128314	-10553.54740240611	16.55744123937456	7.813543849582134	0.013247567264440067	3.9361561049888136	1.0	0.8557518595265975	10.065875796718652	-330.1411130804603	0.24240797919951715	0.24435613048170932	0.24963663799849822	0.26359925232027526
7000	-10832.962063527375	-10486.443767088973	-346.5182964384029	-10486.443767088973	17.631293714925437	8.109453994056077	0.012948078906283448	3.9361561049888136	1.0	0.8557518595265975	9.901194562826893	-327.58452576856143	0.2416526969139385	0.24511141276728796	0.24963663799849822	0.26359925232027526
8000	-10660.737233961429	-10309.031422692098	-351.7058112693309	-10309.031422692098	17.96417432666555	9.928722766946615	0.012073963684335864	3.830330443305285	1.0	0.8557518595265975	8.726797029230344	-331.0007614398514	0.2416526969139385	0.24511141276728796	0.24963663799849822	0.26359925232027526
9000	-10381.036576554905	-10025.645449369775	-355.39112718513087	-10025.645449369775	18.278361862623864	8.772154329331954	0.011445461743193783	3.830330443305285	1.0	0.8557518595265975	10.177930487714782	-335.8541062720292	0.2416526969139385	0.24511141276728796	0.2449141468595246	0.26832174345924886
10000	-10154.290093214422	-9793.575604198728	-360.71448901569437	-9793.575604198728	17.752507875041935	8.568143198191446	0.010875940400031796	3.830330443305285	1.0	0.8557518595265975	11.205594152141593	-341.3578206110484	0.2416526969139385	0.24511141276728796	0.2449141468595246	0.26832174345924886
11000	-10031.08998425446	-9679.850934086482	-351.23905016797795	-9679.850934086482	17.60672436179418	6.845489483592708	0.010420829856431694	3.830330443305285	1.0	0.8557518595265975	10.271482538949064	-333.93707996347786	0.2416526969139385	0.24511141276728796	0.23912516087707886	0.27411072944169457
12000	-9723.127655939048	-9372.209001181085	-350.9186547579621	-9372.209001181085	18.34074899858545	7.788904014186989	0.010403099921915633	3.830330443305285	1.0	0.8557518595265975	10.687229850848006	-332.51910472080124	0.2416526969139385	0.24511141276728796	0.23912516087707886	0.27411072944169457
13000	-9547.718236686705	-9194.159229288505	-353.55900739820055	-9194.159229288505	22.038008689458685	7.891953248497315	0.00922201559901871	3.830330443305285	1.0	0.8562225372568412	12.087191523920968	-335.04210024972775	0.2416526969139385	0.24822437833660985	0.23601219530775697	0.27411072944169457
14000	-9460.10123822062	-9105.778302900477	-354.32293532014415	-9105.778302900477	23.496667368599347	8.524289618781577	0.00900901874969045	3.830330443305285	1.0	0.8562225372568412	10.173456816567272	-335.3001512882342	0.2416526969139385	0.24557911220818834	0.23601219530775697	0.27675599557011604
15000	-9430.480895995197	-9077.08631725847	-353.3945787367259	-9077.08631725847	22.322909153106544	5.087457316992685	0.008392434181984995	3.830330443305285	1.0	0.8562225372568412	11.617446317413107	-338.2115861360297	0.2416526969139385	0.24557911220818834	0.23601219530775697	0.27675599557011604
16000	-9385.66024637864	-9024.712600403174	-360.9476459754663	-9024.712600403174	21.18478169087665	5.895290054714568	0.007526899370514303	3.830330443305285	1.0	0.8562225372568412	12.50546032789754	-344.85969392345424	0.2416526969139385	0.24557911220818834	0.23601219530775697	0.27675599557011604
17000	-9197.179157948744	-8843.841640037259	-353.3375179114847	-8843.841640037259	21.18478169087665	3.6640914407241922	0.007233923015675419	3.830330443305285	1.0	1.6443598667336143	10.682422512652424	-339.31800504748924	0.2416526969139385	0.24557911220818834	0.23601219530775697	0.27675599557011604
18000	-9088.238758349966	-8737.967156767765	-350.2716015822001	-8737.967156767765	19.85058443979407	4.874354550821565	0.008324950357599128	3.830330443305285	1.0	1.112657006074898	12.677911797499718	-335.00453605858337	0.2416526969139385	0.24557911220818834	0.23601219530775697	0.27675599557011604
19000	-8972.519926264085	-8622.795470692192	-349.7244555718938	-8622.795470692192	19.85058443979407	4.220145731221425	0.008343408025082898	3.830330443305285	1.0	1.112657006074898	13.565206647511674	-335.1714360897659	0.2416526969139385	0.24557911220818834	0.23601219530775697	0.27675599557011604
20000	-8758.34166609254	-8409.167627348397	-349.1740387441424	-8409.167627348397	19.0190244261325	4.529564931203923	0.007909077673086656	3.830330443305285	1.0	1.112657006074898	10.997070856827902	-334.5114263052805	0.24745570862056984	0.24557911220818834	0.23020918360112563	0.27675599557011604
21000	-8521.74572975563	-8165.629488198175	-356.11624155745585	-8165.629488198175	19.245466001575704	3.8529806454269724	0.007083307591686632	3.830330443305285	1.0	2.0446121674514464	8.642650039493569	-341.69532352584633	0.24745570862056984	0.24557911220818834	0.22849322258997082	0.2784719565812709
22000	-8445.612105053084	-8090.646066161383	-354.96603889170007	-8090.646066161383	20.97281822437344	4.956378333410927	0.007019107732832945	3.830330443305285	1.0	2.0446121674514464	11.106511059205936	-338.9733790176688	0.2458086478617934	0.24557911220818834	0.23014028334874725	0.2784719565812709
23000	-8402.412448723246	-8045.672599711739	-356.7398490115066	-8045.672599711739	21.014982447892887	5.542878902679103	0.007153963170333412	3.830330443305285	1.0	2.0446121674514464	10.395038471272454	-340.1071665227938	0.2458086478617934	0.24557911220818834	0.23014028334874725	0.2784719565812709
24000	-8384.738857532506	-8025.909532409725	-358.8293251227809	-8025.909532409725	19.54970563396007	5.628491833573727	0.0067384714537752615	3.830330443305285	1.0	2.0446121674514464	13.320895008227316	-341.90917942299734	0.2458086478617934	0.24557911220818834	0.23014028334874725	0.2784719565812709
25000	-8365.98024701164	-8011.7059780047775	-354.2742690068609	-8011.7059780047775	19.965843582156946	5.2465775866348405	0.006797208507196049	3.830330443305285	1.0	2.0446121674514464	12.145075416291734	-337.8829923878465	0.2458086478617934	0.24623209678551827	0.23014028334874725	0.27781897200394096
26000	-8352.928229192617	-7996.907877724172	-356.0203514684451	-7996.907877724172	19.935337139920943	4.372982581413855	0.006196769431884029	3.2139761161082703	1.0	1.6328905958675242	8.95985905167155	-341.67920049204054	0.2529796088370838	0.24623209678551827	0.22296932237345685	0.27781897200394096
27000	-8263.044515335076	-7907.669486210505	-355.3750291245711	-7907.669486210505	21.01277474616411	5.492076090184746	0.006326147264113683	3.2139761161082703	1.0	1.9084565446816568	11.383424714778627	-339.1740505454235	0.2529796088370838	0.24623209678551827	0.22296932237345685	0.27781897200394096
28000	-8220.928305602636	-7865.539513789713	-355.38879181292214	-7865.539513789713	19.950944375233664	4.799159839527014	0.006123304693021581	3.2139761161082703	1.0	1.9084565446816568	11.24557562071395	-340.04692132801364	0.2529796088370838	0.24623209678551827	0.22296932237345685	0.27781897200394096
29000	-8225.833541116099	-7869.605518392643	-356.22802272345575	-7869.605518392643	19.950944375233664	4.334212228589732	0.005877737431038312	3.589254193643903	1.0	1.9084565446816568	10.081797397248396	-341.46684726786407	0.2529796088370838	0.24623209678551827	0.22296932237345685	0.27781897200394096
30000	-8226.139120123393	-7873.861770715253	-352.27734940813855	-7873.861770715253	20.810280106532993	3.996082892484402	0.006085986513981342	3.589254193643903	1.0	2.3039349438672465	9.739786168420759	-337.5315889224417	0.2529796088370838	0.24623209678551827	0.22296932237345685	0.27781897200394096
31000	-8216.71370474305	-7858.042938728175	-358.6707660148754	-7858.042938728175	19.371628654599423	5.566425432041616	0.006198975105980545	3.589254193643903	1.0	2.3039349438672465	10.890215626419893	-341.92630662484197	0.2529796088370838	0.24623209678551827	0.22296932237345685	0.27781897200394096
32000	-8200.3546853709	-7840.106429833272	-360.2482555376265	-7840.106429833272	18.34853380928497	5.7603000879234285	0.0059510918506285905	3.589254193643903	1.0	2.3039349438672465	10.674043637053256	-343.3400115356701	0.2529796088370838	0.24623209678551827	0.22296932237345685	0.27781897200394096
33000	-8118.09300893813	-7758.440728727831	-359.65228021029895	-7758.440728727831	19.25776611598751	4.849189140246288	0.005454857014082657	3.589254193643903	1.0	2.245102821294016	12.913147475633382	-343.76563772317456	0.2529796088370838	0.24623209678551827	0.22296932237345685	0.27781897200394096
34000	-7925.304298409221	-7569.527617199326	-355.77668120989415	-7569.527617199326	18.628183069454316	5.725035941083396	0.0056022364993127145	3.3687817071922126	1.0	2.245102821294016	10.353677170624719	-339.132372957604	0.2529796088370838	0.24623209678551827	0.22296932237345685	0.27781897200394096
35000	-7905.204778178009	-7548.948367160398	-356.25641101761124	-7548.948367160398	19.75084731050928	5.30756246522046	0.005614804582562203	3.3687817071922126	1.0	1.9514282040943436	9.504445632075022	-340.47473522041537	0.2529796088370838	0.24623209678551827	0.21861767499363918	0.28217061938375865
36000	-7900.929196180206	-7544.062096397144	-356.8670997830625	-7544.062096397144	20.252136698761557	5.054971393411775	0.005896264601981261	3.3687817071922126	1.0	3.147546273642989	12.069879776348099	-339.89787885930826	0.2529796088370838	0.24709337892737954	0.21861767499363918	0.2813093372418974
37000	-7891.138529538309	-7537.364959840523	-353.7735696977861	-7537.364959840523	20.252136698761557	4.59427475503375	0.005821602382035635	3.3687817071922126	1.0	3.147546273642989	9.385966273669068	-337.61530244769165	0.2529796088370838	0.24709337892737954	0.21861767499363918	0.2813093372418974
38000	-7832.167753404337	-7484.513868086008	-347.6538853183296	-7484.513868086008	18.915161230198247	5.6190604340513595	0.006244649838814656	3.3687817071922126	1.0	3.147546273642989	9.700731081970362	-330.18640673562743	0.2529796088370838	0.24709337892737954	0.21861767499363918	0.2813093372418974
39000	-7811.16270537918	-7464.519489261348	-346.64321611783225	-7464.519489261348	19.18718562748622	3.5265254551644496	0.006021040576788513	3.3687817071922126	1.0	3.147546273642989	9.925397992233844	-331.7011493326373	0.24949485439605215	0.2505781333684112	0.21861767499363918	0.2813093372418974
40000	-7801.088999048281	-7454.6297732398425	-346.4592258084389	-7454.6297732398425	20.26277364185587	4.4538786642551385	0.006070855121567701	3.3687817071922126	1.0	2.786235083079223	9.158943963222196	-330.81311904688494	0.24949485439605215	0.2505781333684112	0.21861767499363918	0.2813093372418974
41000	-7782.308644560055	-7439.3979740303585	-342.9106705296963	-7439.3979740303585	20.302154614572647	4.577184138261558	0.006022639774862643	3.3687817071922126	1.0	2.769799492484614	9.689704349896747	-327.08476520943833	0.2544330947826505	0.2505781333684112	0.20042072644884118	0.29456804540009696
42000	-7763.635650670605	-7419.24745934118	-344.38819132942496	-7419.24745934118	19.477524943928426	2.958200410788277	0.00575533926229075	3.3687817071922126	1.0	2.769799492484614	10.318710922898944	-330.5566653845634	0.2544330947826505	0.2505781333684112	0.20042072644884118	0.29456804540009696
43000	-7719.961202059318	-7378.343241264875	-341.6179607944427	-7378.343241264875	20.2711485355466	3.9109783193369165	0.00603875524518997	3.3687817071922126	1.0	2.769799492484614	10.075203163941248	-326.5581397350358	0.24802664258886156	0.2505781333684112	0.20042072644884118	0.30097449759388595
44000	-7672.743523863675	-7331.031347026588	-341.7121768370869	-7331.031347026588	20.14688483156169	3.171105250505413	0.005899950842429248	3.3687817071922126	1.0	2.769799492484614	9.124778687534741	-327.70332552399896	0.23044971022953853	0.2505781333684112	0.20042072644884118	0.318551429953209
45000	-7525.0632005292	-7186.398784853579	-338.664415675621	-7186.398784853579	22.024382730218715	3.6505914200719793	0.005919869208394972	3.3687817071922126	1.0	2.9071116835268076	8.378882226881377	-323.99394362412016	0.21491125584571785	0.2505781333684112	0.20042072644884118	0.3340898843370297
46000	-7476.987461909793	-7133.832595780572	-343.15486612922075	-7133.832595780572	22.024382730218715	2.9353152522163684	0.006139930717293749	3.3687817071922126	1.0	5.41674263392518	11.16291379937216	-326.56288702584834	0.21491125584571785	0.2505781333684112	0.20042072644884118	0.3340898843370297
47000	-7463.080865020651	-7118.274094129452	-344.80677089119894	-7118.274094129452	24.835026732600667	3.8339188510254236	0.0057176203757843625	3.3687817071922126	1.0	4.767499706416028	8.680523408899605	-328.0479077113654	0.21491125584571785	0.2505781333684112	0.20042072644884118	0.3340898843370297
48000	-7442.578269220115	-7096.63670184883	-345.94156737128446	-7096.63670184883	23.9720062947217	4.150152978544925	0.00567766178146033	3.3687817071922126	1.0	4.767499706416028	10.449380278201719	-328.6166953762146	0.22015374732547782	0.2505781333684112	0.1880979102571665	0.3411702090489444
49000	-7448.779550815128	-7101.07458061549	-347.7049701996379	-7101.07458061549	22.14330345009269	4.55895429404945	0.006028840351875325	3.3687817071922126	1.0	4.767499706416028	11.012451972844016	-329.77419336823334	0.2049249706279878	0.2505781333684112	0.2033266869546565	0.3411702090489444
50000	-7423.499711047368	-7074.762014743797	-348.7376963035704	-7074.762014743797	22.28903328164248	4.988024174121688	0.006348024758222905	3.3687817071922126	1.0	4.767499706416028	10.695963409991117	-330.2744076016636	0.20483687181781968	0.25066623217857936	0.19519429199771005	0.34930260400589086
51000	-7400.434120628686	-7058.774976618348	-341.6591440103385	-7058.774976618348	19.77178258974656	5.5016521370110985	0.006139245253653513	3.3687817071922126	1.0	4.767499706416028	9.641951526980723	-322.7312459915844	0.20483687181781968	0.25066623217857936	0.19519429199771005	0.34930260400589086
52000	-7327.874827343111	-6988.9172189589735	-338.9576083841378	-6988.9172189589735	19.79293635418293	5.3455649729835155	0.0062972192142324605	3.3687817071922126	1.0	4.767499706416028	7.387123714882693	-320.45264841611055	0.17987740914256795	0.25066623217857936	0.19519429199771005	0.3742620666811426
53000	-7318.215900622518	-6985.488376210971	-332.727524411547	-6985.488376210971	19.398603406549512	4.6499082828319045	0.006520770850683043	3.3687817071922126	1.0	4.767499706416028	7.7229118888732	-314.9643122839187	0.17987740914256795	0.25066623217857936	0.19519429199771005	0.3742620666811426
54000	-7311.752234946993	-6980.7477203093395	-331.00451463765285	-6980.7477203093395	19.038878945050495	4.426587903680752	0.0061901325464526705	3.3687817071922126	1.0	4.767499706416028	7.20195418129452	-313.6308651120535	0.17987740914256795	0.25066623217857936	0.19519429199771005	0.3742620666811426
55000	-7310.69997626893	-6987.24093335322	-323.4590429157103	-6987.24093335322	18.752174430360938	3.9840664567333977	0.006403502338487883	3.381270777710375	1.0	4.767499706416028	7.132591418074107	-306.59424060806805	0.17987740914256795	0.25066623217857936	0.19519429199771005	0.3742620666811426
56000	-7298.162010670711	-6979.588293156039	-318.57371751467264	-6979.588293156039	18.920848844554058	3.610333276969436	0.006878558532245076	3.381270777710375	1.0	4.767499706416028	6.837309594067031	-302.141900057314	0.17987740914256795	0.25066623217857936	0.19519429199771005	0.3742620666811426
57000	-7300.47875861219	-6982.306779523137	-318.1719790890526	-6982.306779523137	17.642626443817214	3.810452155852133	0.006097124448542716	3.381270777710375	1.0	4.767499706416028	8.559266562230313	-301.3876399067067	0.17987740914256795	0.26199862191923107	0.1838619022570583	0.3742620666811426
58000	-7297.835465585389	-6979.99756092148	-317.8379046639097	-6979.99756092148	18.980464328966583	3.198410923266263	0.006046246920637491	3.381270777710375	1.0	4.767499706416028	6.926464044055786	-302.04324465920484	0.17987740914256795	0.26199862191923107	0.1838619022570583	0.3742620666811426
59000	-7301.674826611862	-6987.482774689364	-314.1920519224979	-6987.482774689364	18.86468424482464	3.5947775084023577	0.005990926701012399	3.18490154936122	1.0	4.767499706416028	7.205966987080732	-297.93256302424544	0.17987740914256795	0.26199862191923107	0.1838619022570583	0.3742620666811426
60000	-7288.747362524146	-6964.764138925969	-323.983223598178	-6964.764138925969	20.30930317339169	3.4959713182098637	0.00642446165235603	3.18490154936122	1.0	4.767499706416028	9.552759673686543	-307.49575306827086	0.17987740914256795	0.26199862191923107	0.17039341256527396	0.3877305563729269
61000	-7275.133408154751	-6956.169907060541	-318.96350109421013	-6956.169907060541	18.055443868515415	3.898042955651791	0.006636503867215674	3.18490154936122	1.0	4.767499706416028	8.411629316014306	-302.0706746483192	0.17987740914256795	0.2637164170312441	0.17039341256527396	0.3860127612609139
62000	-7262.828787042721	-6942.276317464964	-320.5524695777571	-6942.276317464964	21.167641924778547	4.123338163840368	0.006270212346626813	3.18490154936122	1.0	4.767499706416028	8.540443251195338	-303.4254380953616	0.17987740914256795	0.27866327401130103	0.15544655558521703	0.3860127612609139
63000	-7253.670071169943	-6931.703389755549	-321.9666814143938	-6931.703389755549	21.67651993107936	4.203343476271316	0.006145327865691192	3.18490154936122	1.0	4.767499706416028	8.102310494438086	-304.8151551956667	0.15300866164162774	0.30553202151224124	0.15544655558521703	0.3860127612609139
64000	-7237.18748639871	-6918.397473472816	-318.7900129258931	-6918.397473472816	20.412896042038845	3.5488011446802896	0.006507808130504037	3.18490154936122	1.0	4.767499706416028	7.292481137873797	-302.4932913224546	0.15300866164162774	0.30553202151224124	0.15544655558521703	0.3860127612609139
65000	-7223.876924820647	-6900.975472541991	-322.90145227865673	-6900.975472541991	21.087368818223325	4.135999149512134	0.006101401926400024	2.4218488940217817	1.0	4.767499706416028	7.792390187496186	-306.15564450806585	0.15300866164162774	0.2935534498268425	0.15544655558521703	0.3979913329463126
66000	-7201.623010261402	-6880.517086341852	-321.1059239195502	-6880.517086341852	21.11461400303226	3.946550828973438	0.005564504574152572	2.4218488940217817	1.0	4.767499706416028	6.985954786935	-304.79319564096267	0.15300866164162774	0.3193253318596464	0.12967467355241313	0.3979913329463126
67000	-7211.251571081268	-6887.929003017836	-323.32256806343156	-6887.929003017836	26.38432522596127	4.401871879939639	0.0058343811740055465	2.4218488940217817	1.0	4.767499706416028	5.38971030954021	-306.6682663455589	0.15300866164162774	0.3193253318596464	0.12967467355241313	0.3979913329463126
68000	-7204.980075386643	-6892.864365682817	-312.11570970382564	-6892.864365682817	23.464031146441346	4.097800798892894	0.00606438858266451	2.4218488940217817	1.0	4.767499706416028	7.749858401233067	-295.42801542637204	0.15300866164162774	0.3193253318596464	0.12967467355241313	0.3979913329463126
69000	-7207.118332796921	-6889.61224117522	-317.5060916217003	-6889.61224117522	23.18272578908016	3.5740596777503857	0.0059810763674273916	2.4218488940217817	1.0	4.767499706416028	7.034080991887509	-301.5759668084356	0.15300866164162774	0.3193253318596464	0.12967467355241313	0.3979913329463126
70000	-7200.833773622487	-6889.620779377466	-311.21299424502115	-6889.620779377466	21.256419394583325	3.6107555028057887	0.005870160074723769	2.4218488940217817	1.0	4.767499706416028	7.05196828431215	-295.25317642887296	0.15300866164162774	0.3193253318596464	0.12967467355241313	0.3979913329463126
71000	-7205.328122953064	-6892.999731629201	-312.3283913238631	-6892.999731629201	22.497637948808695	3.6203352268630042	0.006207345154575481	2.4218488940217817	1.0	4.767499706416028	6.419071642351793	-296.39473309445395	0.15300866164162774	0.3193253318596464	0.12967467355241313	0.3979913329463126
72000	-7202.267741830711	-6891.275955016117	-310.99178681459415	-6891.275955016117	21.974873305889346	4.0548304828169766	0.006147932327076795	2.0326700569146587	1.0	4.767499706416028	7.591664387004267	-294.5158916113793	0.14481556661981015	0.3193253318596464	0.12967467355241313	0.4061844279681302
73000	-7216.111210003181	-6903.781322114431	-312.329887888751	-6903.781322114431	20.31299739114721	3.1961590259443264	0.006410076517204316	2.0326700569146587	1.0	4.767499706416028	7.1359955931553944	-296.9469176498845	0.14481556661981015	0.3193253318596464	0.12967467355241313	0.4061844279681302
74000	-7211.0873306026915	-6901.2074807606095	-309.87984984208236	-6901.2074807606095	20.867612568362155	3.750333191304175	0.0063702463298100885	2.0326700569146587	1.0	4.767499706416028	6.38772577886697	-293.91581523510087	0.14481556661981015	0.3193253318596464	0.12967467355241313	0.4061844279681302
75000	-7200.872347469243	-6895.070373077508	-305.801974391736	-6895.070373077508	21.996913410056116	4.514835507145522	0.006313862329648857	2.0326700569146587	1.0	4.767499706416028	6.68027459973116	-288.8705875008444	0.14481556661981015	0.3193253318596464	0.12967467355241313	0.4061844279681302
76000	-7195.644027375966	-6892.292484150044	-303.3515432259221	-6892.292484150044	22.12370129982394	4.130042167395072	0.006235961322241123	2.0326700569146587	1.0	4.767499706416028	5.961282747995282	-287.0114267720927	0.14481556661981015	0.3193253318596464	0.12967467355241313	0.4061844279681302
77000	-7196.047430886255	-6894.154092734595	-301.89333815166015	-6894.154092734595	21.829448628126407	4.764515449840004	0.006176278971825274	2.0326700569146587	1.0	4.767499706416028	5.373867423174178	-284.9034972219823	0.14481556661981015	0.3193253318596464	0.12967467355241313	0.4061844279681302
78000	-7197.945367658437	-6896.817216863697	-301.1281507947408	-6896.817216863697	21.119432067677188	4.153664461508234	0.00635071309939756	1.9521209839481943	1.0	4.767499706416028	6.1419058284497305	-284.74356098399056	0.14481556661981015	0.3193253318596464	0.12967467355241313	0.4061844279681302
79000	-7179.855384399067	-6882.7023028641215	-297.1530815349453	-6882.7023028641215	19.539455861250662	4.9580609697776765	0.006208471462380137	1.9521209839481943	1.0	4.767499706416028	5.853535648486448	-279.8755443984719	0.13687621075580161	0.3193253318596464	0.12967467355241313	0.41412378383213877
80000	-7188.229612121394	-6885.562728021978	-302.6668840994159	-6885.562728021978	19.605311550752962	4.230222340868335	0.006705130620494553	1.9521209839481943	1.0	6.233232981228406	7.153327928713239	-284.51673450464205	0.13687621075580161	0.3193253318596464	0.12967467355241313	0.41412378383213877
81000	-7184.571307158304	-6873.809616038485	-310.76169111981966	-6873.809616038485	20.934905598369888	5.282599640188903	0.005956772583557881	1.9521209839481943	1.0	3.920607336616592	8.11656563942004	-293.66401386231115	0.13687621075580161	0.3193253318596464	0.12967467355241313	0.41412378383213877
82000	-7192.501638369641	-6880.541286546988	-311.96035182265337	-6880.541286546988	20.526264171342405	4.5835028588955895	0.005817301824604512	2.0540829140465053	1.0	5.747660896142385	5.907633095810279	-294.16289789024495	0.13687621075580161	0.3193253318596464	0.12967467355241313	0.41412378383213877
83000	-7178.686374543866	-6866.601885910625	-312.08448863324065	-6866.601885910625	21.061829282614056	4.083124605544891	0.00590632869721936	2.0540829140465053	1.0	5.747660896142385	7.47979379538975	-294.6402929089863	0.13687621075580161	0.3193253318596464	0.12967467355241313	0.41412378383213877
84000	-7189.404305322311	-6876.858796224251	-312.54550909806034	-6876.858796224251	18.747572101262595	4.73894924577614	0.00644913582113406	2.0540829140465053	1.0	5.747660896142385	7.846139024981836	-294.1755898755065	0.13687621075580161	0.3193253318596464	0.12967467355241313	0.41412378383213877
85000	-7192.608313956653	-6884.395070523499	-308.21324343315354	-6884.395070523499	19.498958704811972	3.970676723069442	0.005738290714066258	2.0540829140465053	1.0	5.747660896142385	6.858426602260034	-291.0222429282145	0.13687621075580161	0.3193253318596464	0.12967467355241313	0.41412378383213877
86000	-7206.93628735504	-6896.775778167885	-310.1605091871556	-6896.775778167885	21.824224882240745	3.6823627501118583	0.0059524285814079965	2.0540829140465053	1.0	5.747660896142385	6.512233760198012	-293.3407930663436	0.13687621075580161	0.3193253318596464	0.12967467355241313	0.41412378383213877
87000	-7210.719323765252	-6905.935864369201	-304.7834593960502	-6905.935864369201	19.975658543973765	3.9838379338660697	0.006088219936695417	2.0540829140465053	1.0	5.747660896142385	6.475933432805666	-287.5744564499492	0.13687621075580161	0.3193253318596464	0.12967467355241313	0.41412378383213877
88000	-7193.789611592332	-6886.990251034806	-306.7993605575262	-6886.990251034806	19.222159736161682	3.6647453391142792	0.00656541605012299	2.0540829140465053	1.0	5.747660896142385	8.140046863407283	-289.68032512685846	0.13687621075580161	0.3193253318596464	0.11950546558530181	0.42429299179925006
89000	-7179.950647494115	-6872.992114006616	-306.9585334874992	-6872.992114006616	19.346754477994722	3.066853810867094	0.006205809218675566	2.0540829140465053	1.0	4.3062098586994075	6.1044798382942185	-292.3833176370921	0.13687621075580161	0.3193253318596464	0.11950546558530181	0.42429299179925006
90000	-7179.106731467927	-6875.810671267601	-303.2960602003261	-6875.810671267601	20.71371076906391	2.797561506813478	0.005579571314454881	2.0540829140465053	1.0	4.3062098586994075	6.19421870245741	-289.16472507456206	0.13687621075580161	0.3193253318596464	0.11950546558530181	0.42429299179925006
91000	-7191.530589418758	-6881.080480224299	-310.4501091944586	-6881.080480224299	21.039403106870058	3.839922082480879	0.006029685009079984	2.0540829140465053	1.0	4.3062098586994075	6.894300264359813	-294.80665630229225	0.13687621075580161	0.3193253318596464	0.11950546558530181	0.42429299179925006
92000	-7195.328581086532	-6886.969984168764	-308.3585969177675	-6886.969984168764	21.80227723414696	3.4785804132632574	0.006022251370588091	1.8563131086770202	1.0	4.3062098586994075	6.568329759599057	-293.2949057599323	0.10743442053188049	0.31164009870608445	0.11950546558530181	0.46142001517673314
93000	-7177.2999179848475	-6873.808343057333	-303.49157492751436	-6873.808343057333	21.06600156133748	2.9755503867138833	0.006101591417017334	1.8563131086770202	1.0	4.3062098586994075	6.649899267425057	-289.04604504735335	0.10743442053188049	0.31164009870608445	0.11950546558530181	0.46142001517673314
94000	-7187.125349054204	-6881.676255808583	-305.44909324562065	-6881.676255808583	19.18439771082076	2.953615392834227	0.0062037313717069106	1.8563131086770202	1.0	6.151097374545021	8.380847147777255	-288.9393022400182	0.10743442053188049	0.31164009870608445	0.11950546558530181	0.46142001517673314
95000	-7189.282996583377	-6892.5477175316555	-296.7352790517214	-6892.5477175316555	19.662797385307236	4.317486391031385	0.0066522829314428	1.8563131086770202	1.0	3.3472224672416053	6.413091147061418	-281.52151184703047	0.10743442053188049	0.31164009870608445	0.11950546558530181	0.46142001517673314
96000	-7161.489417702566	-6866.452209767051	-295.03720793551565	-6866.452209767051	18.171066241682365	5.230609624897385	0.006956428894602095	1.8563131086770202	1.0	5.161122959068251	5.384412417043104	-277.0537944240513	0.10743442053188049	0.31164009870608445	0.11950546558530181	0.46142001517673314
97000	-7167.1204487867435	-6869.338903162819	-297.78154562392376	-6869.338903162819	18.490652695494195	5.936406023496523	0.007827371539556555	1.8563131086770202	1.0	5.161122959068251	5.885625912168165	-278.7711706991435	0.10743442053188049	0.31164009870608445	0.11950546558530181	0.46142001517673314
98000	-7171.875961885081	-6876.158234366943	-295.7177275181378	-6876.158234366943	19.17451067615842	4.769421217577439	0.0069633791759786574	1.8563131086770202	1.0	4.984528612479221	5.674773501626497	-278.40164631219886	0.10743442053188049	0.31164009870608445	0.11950546558530181	0.46142001517673314
99000	-7165.15008956462	-6868.7293110877645	-296.4207784768559	-6868.7293110877645	18.003310524283766	4.52825700990189	0.007142406029807632	1.8563131086770202	1.0	4.984528612479221	6.579850664389815	-279.21914222297517	0.10743442053188049	0.31164009870608445	0.11950546558530181	0.46142001517673314
100000	-7186.251013250568	-6890.856866812175	-295.3941464383924	-6890.856866812175	17.209764542021716	4.2858274665571	0.007292787721112593	1.8563131086770202	1.0	4.984528612479221	6.722018771281095	-278.4422019895982	0.10743442053188049	0.31164009870608445	0.11950546558530181	0.46142001517673314
