#
#model:
#
#<?xml version="1.0" encoding="UTF-8" standalone="no"?><input id="posterior" spec="beast.core.util.CompoundDistribution">
#    <distribution id="prior" spec="beast.core.util.CompoundDistribution">
#        <distribution id="CoalescentConstant.t:1" spec="beast.evolution.tree.coalescent.Coalescent">
#            <populationModel id="ConstantPopulation.t:1" spec="beast.evolution.tree.coalescent.ConstantPopulation">
#                <parameter id="popSize.t:1" name="popSize" spec="beast.core.parameter.RealParameter">0.3</parameter>
#            </populationModel>
#            <treeIntervals id="TreeIntervals.t:1" spec="beast.evolution.tree.coalescent.TreeIntervals">
#                <tree id="Tree.t:1" spec="beast.evolution.tree.Tree">
#                    <trait id="dateTrait.t:1" spec="beast.evolution.tree.TraitSet" traitname="date" value="2_2000.1=2000.1,17_2001.6=2001.6,18_2001.7=2001.7,21_2002=2002,24_2002.3=2002.3,26_2002.5=2002.5,5_2000.4=2000.4,7_2000.6=2000.6,4_2000.3=2000.3,13_2001.2=2001.2,15_2001.4=2001.4,16_2001.5=2001.5,1_2000=2000,8_2000.7=2000.7,3_2000.2=2000.2,12_2001.1=2001.1,22_2002.1=2002.1,32_2003.1=2003.1,28_2002.7=2002.7,43_2004.2=2004.2,46_2004.5=2004.5,55_2005.4=2005.4,63_2006.2=2006.2,65_2006.4=2006.4,66_2006.5=2006.5,67_2006.6=2006.6,23_2002.2=2002.2,10_2000.9=2000.9,14_2001.3=2001.3,33_2003.2=2003.2,39_2003.8=2003.8,34_2003.3=2003.3,44_2004.3=2004.3,48_2004.7=2004.7,53_2005.2=2005.2,52_2005.1=2005.1,58_2005.7=2005.7,9_2000.8=2000.8,6_2000.5=2000.5,11_2001=2001,25_2002.4=2002.4,20_2001.9=2001.9,47_2004.6=2004.6,36_2003.5=2003.5,45_2004.4=2004.4,50_2004.9=2004.9,42_2004.1=2004.1,51_2005=2005,35_2003.4=2003.4,37_2003.6=2003.6,57_2005.6=2005.6,59_2005.8=2005.8,61_2006=2006,62_2006.1=2006.1,41_2004=2004,40_2003.9=2003.9,49_2004.8=2004.8,74_2007.3=2007.3,77_2007.6=2007.6,68_2006.7=2006.7,70_2006.9=2006.9,81_2008=2008,19_2001.8=2001.8,27_2002.6=2002.6,29_2002.8=2002.8,30_2002.9=2002.9,31_2003=2003,38_2003.7=2003.7,56_2005.5=2005.5,69_2006.8=2006.8,82_2008.1=2008.1,80_2007.9=2007.9,83_2008.2=2008.2,87_2008.6=2008.6,71_2007=2007,75_2007.4=2007.4,72_2007.1=2007.1,91_2009=2009,88_2008.7=2008.7,94_2009.3=2009.3,98_2009.7=2009.7,79_2007.8=2007.8,84_2008.3=2008.3,78_2007.7=2007.7,76_2007.5=2007.5,89_2008.8=2008.8,93_2009.2=2009.2,96_2009.5=2009.5,97_2009.6=2009.6,95_2009.4=2009.4,100_2009.9=2009.9,54_2005.3=2005.3,60_2005.9=2005.9,64_2006.3=2006.3,73_2007.2=2007.2,86_2008.5=2008.5,85_2008.4=2008.4,90_2008.9=2008.9,99_2009.8=2009.8,92_2009.1=2009.1,101_2010=2010">
#                        <taxa id="TaxonSet.1" spec="beast.evolution.alignment.TaxonSet">
#                        </taxa>
#                    </trait>
#                    <taxonset idref="TaxonSet.1"/>
#                </tree>
#            </treeIntervals>
#        </distribution>
#        <prior id="rateOmega.prior" name="distribution">
#            <parameter id="rateOmega" lower="0.1" name="x" spec="beast.core.parameter.RealParameter" upper="10.0">0.5</parameter>
#            <Gamma id="Gamma.0" name="distr">
#                <parameter estimate="false" id="rateOmega.alpha" name="alpha" spec="beast.core.parameter.RealParameter">0.1</parameter>
#                <parameter estimate="false" id="rateOmega.beta" name="beta" spec="beast.core.parameter.RealParameter">1.0</parameter>
#            </Gamma>
#        </prior>
#        <prior id="rateMean.prior" name="distribution">
#            <parameter id="rateMean" lower="1.0E-4" name="x" spec="beast.core.parameter.RealParameter" upper="10.0">0.005</parameter>
#            <Gamma id="Gamma.1" name="distr">
#                <parameter estimate="false" id="rateMean.alpha" name="alpha" spec="beast.core.parameter.RealParameter">0.005</parameter>
#                <parameter estimate="false" id="rateMean.beta" name="beta" spec="beast.core.parameter.RealParameter">1.0</parameter>
#            </Gamma>
#        </prior>
#        <prior id="FrequenciesPrior.s:1" name="distribution">
#            <parameter dimension="4" id="freqParameter.s:1" lower="0.0" name="x" spec="beast.core.parameter.RealParameter" upper="1.0">0.25</parameter>
#            <Uniform id="Uniform.3" name="distr"/>
#        </prior>
#        <prior id="GammaShapePrior.s:1" name="distribution">
#            <parameter id="gammaShape.s:1" name="x" spec="beast.core.parameter.RealParameter">1.0</parameter>
#            <Exponential id="Exponential.0" name="distr">
#                <parameter estimate="false" id="RealParameter.0" name="mean" spec="beast.core.parameter.RealParameter">1.0</parameter>
#            </Exponential>
#        </prior>
#        <prior id="KappaPrior.s:1" name="distribution">
#            <parameter id="kappa.s:1" lower="0.0" name="x" spec="beast.core.parameter.RealParameter">2.0</parameter>
#            <LogNormal id="LogNormalDistributionModel.0" name="distr">
#                <parameter estimate="false" id="RealParameter.1" name="M" spec="beast.core.parameter.RealParameter">1.0</parameter>
#                <parameter estimate="false" id="RealParameter.2" name="S" spec="beast.core.parameter.RealParameter">1.25</parameter>
#            </LogNormal>
#        </prior>
#        <prior id="PopSizePrior.t:1" name="distribution" x="@popSize.t:1">
#            <OneOnX id="OneOnX.1" name="distr"/>
#        </prior>
#    </distribution>
#    <distribution id="likelihood" spec="beast.core.util.CompoundDistribution" useThreads="true">
#        <distribution data="@1" id="treeLikelihood.1" spec="beast.evolution.likelihood.ThreadedTreeLikelihood" tree="@Tree.t:1">
#            <siteModel gammaCategoryCount="4" id="SiteModel.s:1" shape="@gammaShape.s:1" spec="beast.evolution.sitemodel.SiteModel">
#                <parameter id="mutationRate.s:1" name="mutationRate" spec="beast.core.parameter.RealParameter">1.0</parameter>
#                <parameter estimate="false" id="proportionInvariant.s:1" lower="0.0" name="proportionInvariant" spec="beast.core.parameter.RealParameter" upper="1.0">0.0</parameter>
#                <substModel id="hky.s:1" kappa="@kappa.s:1" spec="beast.evolution.substitutionmodel.HKY">
#                    <frequencies frequencies="@freqParameter.s:1" id="estimatedFreqs.s:1" spec="beast.evolution.substitutionmodel.Frequencies"/>
#                </substModel>
#            </siteModel>
#            <branchRateModel id="branchRates" numSites="1000" numberOfDiscreteRates="12" rateMean="@rateMean" rateOmega="@rateOmega" spec="beast.evolution.branchratemodel.ARClockModel" tree="@Tree.t:1">
#                <rateCategories dimension="200" id="rateCategories" spec="beast.core.parameter.IntegerParameter">1</rateCategories>
#            </branchRateModel>
#        </distribution>
#    </distribution>
#</input>
#
Sample	posterior	likelihood	prior	treeLikelihood	TreeHeight	rateOmega	rateMean	kappa	mutationRate	gammaShape	popSize	CoalescentConstant	freqParameter.1	freqParameter.2	freqParameter.3	freqParameter.4
0	-25721.654662642322	-25487.621456471963	-234.03320617036022	-25487.621456471963	10.751582664363609	0.5	0.005	2.0	1.0	1.0	0.3	-230.21431273121476	0.25	0.25	0.25	0.25
1000	-15675.356524792041	-15386.33710718763	-289.0194176044118	-15386.33710718763	12.179802380216877	0.7301390260375709	0.03468309559727599	3.9361561049888136	1.0	1.0	5.372820571644001	-279.09669845827943	0.24521919259014663	0.25	0.25	0.25478080740985337
2000	-13864.464384935338	-13534.32723215468	-330.1371527806589	-13534.32723215468	12.179802380216877	9.502633067906787	0.02732446339757803	3.9361561049888136	1.0	1.0	6.707106186574594	-309.15528099849223	0.24303862842963175	0.25	0.2521805641605149	0.25478080740985337
3000	-12730.117364132047	-12395.182581873882	-334.9347822581657	-12395.182581873882	12.179802380216877	9.909311760432038	0.025299673002334076	3.9361561049888136	1.0	1.0	8.37597089043462	-313.3649477609564	0.24303862842963175	0.25	0.2521805641605149	0.25478080740985337
4000	-12024.812965872632	-11677.740857194625	-347.0721086780064	-11677.740857194625	13.522326813618893	9.844922562163035	0.017334843863853238	3.9361561049888136	1.0	1.0	8.999154292312172	-325.884914280769	0.24303862842963175	0.25	0.2521805641605149	0.25478080740985337
5000	-11715.553500109163	-11364.852727855454	-350.70077225370835	-11364.852727855454	13.559824584811448	9.901777748571229	0.017893522704925745	3.9361561049888136	1.0	1.0	10.399046664092277	-329.27483622877276	0.24303862842963175	0.25	0.2521805641605149	0.25478080740985337
6000	-11365.064459976957	-11010.09696816234	-354.9674918146173	-11010.09696816234	13.021899069569699	9.979794300707836	0.016927174771308458	3.9361561049888136	1.0	1.0	9.002791462793134	-333.65686256782567	0.24303862842963175	0.25	0.2521805641605149	0.25478080740985337
7000	-10794.400701733475	-10438.372829737491	-356.02787199598447	-10438.372829737491	12.889710378372062	9.979794300707836	0.017574300486598873	3.9361561049888136	1.0	0.6274409745445836	11.073166473910147	-334.84483485040676	0.24101342337005413	0.25075528228557864	0.2521805641605149	0.2560507301838524
8000	-10424.783586546097	-10068.143915324192	-356.63967122190496	-10068.143915324192	13.020748286032669	9.416766839645492	0.016638054562384652	3.9361561049888136	1.0	0.6274409745445836	11.307398755435823	-336.1064002610358	0.24101342337005413	0.25075528228557864	0.2521805641605149	0.2560507301838524
9000	-10067.700273373875	-9709.122385141922	-358.5778882319538	-9709.122385141922	13.020748286032669	8.93646933842165	0.014695542453480205	3.9361561049888136	1.0	0.6274409745445836	10.983597256903051	-338.7265552136324	0.24101342337005413	0.25075528228557864	0.2521805641605149	0.2560507301838524
10000	-9728.228315374603	-9361.953907409787	-366.2744079648159	-9361.953907409787	13.240822545348964	9.821423073893705	0.013769108320772565	3.9422376665466734	1.0	0.6274409745445836	12.248459138471452	-345.4079482669619	0.24101342337005413	0.25075528228557864	0.2521805641605149	0.2560507301838524
11000	-9349.499313508675	-8980.98629887739	-368.5130146312855	-8980.98629887739	12.61976710329192	9.604023230806431	0.011830337602294393	3.9422376665466734	1.0	0.6274409745445836	11.702322647721935	-348.0826534285086	0.24101342337005413	0.25075528228557864	0.2521805641605149	0.2560507301838524
12000	-9245.794092278904	-8885.326405162292	-360.4676871166118	-8885.326405162292	12.652909671894532	8.852378353750542	0.011173504098276627	3.9422376665466734	1.0	0.6274409745445836	10.717710055823858	-341.0077001207411	0.24101342337005413	0.25075528228557864	0.2521805641605149	0.2560507301838524
13000	-8989.407604728254	-8632.81967101733	-356.58793371092304	-8632.81967101733	12.684894547178498	6.988185592196243	0.009922627303283261	3.9422376665466734	1.0	0.6274409745445836	10.678039487285483	-339.32805121256695	0.24101342337005413	0.25386824785490053	0.24906759859119298	0.2560507301838524
14000	-8910.115468077634	-8553.184871838048	-356.93059623958675	-8553.184871838048	13.440133800626704	8.756977385095201	0.010373023222729977	3.9422376665466734	1.0	0.6274409745445836	10.315848691195617	-337.6887436913229	0.24101342337005413	0.25386824785490053	0.24906759859119298	0.2560507301838524
15000	-8870.00385473497	-8513.917466374405	-356.08638836056576	-8513.917466374405	13.771226909480514	8.675356176747865	0.009845074586987948	4.122821985268045	1.0	0.6274409745445836	11.036830298623439	-336.86344494208583	0.24101342337005413	0.25386824785490053	0.24906759859119298	0.2560507301838524
16000	-8801.517267084893	-8439.699012685256	-361.8182543996372	-8439.699012685256	14.739794477048386	8.67894366751585	0.009419755334902006	4.122821985268045	1.0	0.6274409745445836	13.163657497279731	-342.45949615100955	0.24101342337005413	0.25386824785490053	0.24906759859119298	0.2560507301838524
17000	-8745.748483398042	-8389.995016194327	-355.7534672037154	-8389.995016194327	15.441946560386821	8.410773706765807	0.009228957657401726	4.122821985268045	1.0	0.6274409745445836	10.09317462878814	-336.97727851827926	0.24101342337005413	0.25386824785490053	0.24906759859119298	0.2560507301838524
18000	-8610.779910799942	-8265.83635543863	-344.94355536131155	-8265.83635543863	14.831291690604282	9.546200887842806	0.010185973404197881	4.122821985268045	1.0	0.6274409745445836	9.810288323815607	-324.8472712386019	0.24101342337005413	0.25386824785490053	0.24906759859119298	0.2560507301838524
19000	-8555.725006772798	-8212.400492092003	-343.3245146807951	-8212.400492092003	14.956289951681802	8.689843536048068	0.009797038048493634	4.122821985268045	1.0	0.6274409745445836	8.421422900698724	-324.3609560600887	0.24101342337005413	0.25386824785490053	0.24906759859119298	0.2560507301838524
20000	-8444.791291416885	-8108.958154793432	-335.8331366234525	-8108.958154793432	15.153476130495514	9.641236111880037	0.010589197204470201	4.122821985268045	1.0	0.6274409745445836	9.342643514332236	-315.64271239575817	0.231914844575189	0.25386824785490053	0.2510289967066738	0.26318791086323673
21000	-8441.222661810625	-8102.801996257962	-338.4206655526639	-8102.801996257962	16.820598939191708	9.873729426891826	0.009826809074002806	4.122821985268045	1.0	0.6274409745445836	7.387577705092413	-318.2862007413962	0.231914844575189	0.25386824785490053	0.24931303569551896	0.26490387187439157
22000	-8420.071525204332	-8087.648981449869	-332.4225437544627	-8087.648981449869	14.500662593581664	9.25787639553816	0.010869275456516827	4.122821985268045	1.0	0.6274409745445836	6.922474605526606	-312.9255571083122	0.231914844575189	0.25386824785490053	0.24931303569551896	0.26490387187439157
23000	-8192.87100300665	-7858.504040279908	-334.366962726742	-7858.504040279908	14.438277558782666	7.430036723275361	0.010333031984941681	4.122821985268045	1.0	0.6274409745445836	8.114280376669774	-316.78779060572117	0.231914844575189	0.25386824785490053	0.24931303569551896	0.26490387187439157
24000	-8090.821445657951	-7755.510517567334	-335.3109280906162	-7755.510517567334	14.265332233144724	8.804376342974978	0.01056372556996528	4.122821985268045	1.0	0.7896160122187043	7.569412348140104	-316.08980454237394	0.231914844575189	0.25386824785490053	0.24931303569551896	0.26490387187439157
25000	-8052.567215069367	-7713.633279006897	-338.9339360624701	-7713.633279006897	14.265332233144724	7.846208571335661	0.009613097902787502	4.122821985268045	1.0	0.7896160122187043	10.433798925877005	-320.5485205320364	0.231914844575189	0.25386824785490053	0.24931303569551896	0.26490387187439157
26000	-7990.192244466621	-7646.034878709385	-344.157365757235	-7646.034878709385	14.96101640360956	8.396744522883692	0.009078195499158892	4.122821985268045	1.0	0.7896160122187043	8.388681117224811	-325.4360488595618	0.231914844575189	0.25386824785490053	0.24931303569551896	0.26490387187439157
27000	-7774.791580080115	-7445.956883737157	-328.8346963429579	-7445.956883737157	15.070859046863724	8.618510774654823	0.009656116371088907	4.122821985268045	1.0	0.7896160122187043	7.763794593102969	-309.8835784508258	0.231914844575189	0.25386824785490053	0.24931303569551896	0.26490387187439157
28000	-7772.4222589238625	-7445.556768213316	-326.8654907105461	-7445.556768213316	14.503765480373575	9.347092841740183	0.009793480604703036	4.122821985268045	1.0	0.7896160122187043	8.443208661558744	-307.0146696718117	0.231914844575189	0.25386824785490053	0.24931303569551896	0.26490387187439157
29000	-7760.730892503125	-7433.003175336138	-327.72771716698634	-7433.003175336138	14.976746401631033	7.65514750997361	0.008428646764922734	4.122821985268045	1.0	0.7896160122187043	7.27372458824573	-310.04834886669204	0.2289133302483459	0.2568697621817436	0.24931303569551896	0.26490387187439157
30000	-7753.273187546706	-7427.290673693154	-325.9825138535521	-7427.290673693154	13.886989136836522	7.170414444306591	0.009140923591572323	4.122821985268045	1.0	0.9532435663035954	6.746840351592798	-308.67688676024255	0.2289133302483459	0.2568697621817436	0.24931303569551896	0.26490387187439157
31000	-7665.288199637141	-7348.429457736096	-316.85874190104465	-7348.429457736096	14.975982854798106	7.188615127367173	0.00930171834045044	4.122821985268045	1.0	0.9532435663035954	7.354096797635825	-299.42893797319823	0.2289133302483459	0.2568697621817436	0.24931303569551896	0.26490387187439157
32000	-7603.940111494492	-7287.859502605147	-316.0806088893447	-7287.859502605147	13.966719920237866	6.000510446362533	0.008754005793386622	3.784363844512664	1.0	0.9532435663035954	7.437286254498638	-300.15732943819626	0.2289133302483459	0.2568697621817436	0.24882930088920654	0.265387606680704
33000	-7471.171930792382	-7156.928045694613	-314.2438850977699	-7156.928045694613	15.22671235533718	7.002988948236658	0.008831121948381456	3.784363844512664	1.0	1.7475920838645744	6.344134850336081	-296.5349067290505	0.2289133302483459	0.2568697621817436	0.24882930088920654	0.265387606680704
34000	-7430.715703131547	-7111.318514741193	-319.39718839035453	-7111.318514741193	14.331845905522144	7.940988788338514	0.008199993446112339	3.784363844512664	1.0	1.2722095785665994	8.07540660131537	-300.9455786292265	0.2289133302483459	0.2568697621817436	0.24882930088920654	0.265387606680704
35000	-7375.237183942157	-7053.881604873607	-321.3555790685497	-7053.881604873607	14.331845905522144	9.945753018057049	0.008518882622886926	3.784363844512664	1.0	1.2722095785665994	7.704685667662719	-300.70532262200527	0.2264389594260181	0.2568697621817436	0.24447765350938888	0.27221362488284945
36000	-7389.855987239295	-7067.863153457712	-321.9928337815833	-7067.863153457712	14.73954910501284	8.591748212991192	0.008195143003775635	3.784363844512664	1.0	1.6911472459959132	7.4084724051590385	-302.4874314800092	0.2264389594260181	0.2568697621817436	0.24447765350938888	0.27221362488284945
37000	-7384.414811444689	-7064.144563423427	-320.2702480212619	-7064.144563423427	14.73954910501284	7.934364253897865	0.00752867035368938	3.784363844512664	1.0	1.5751923518135766	6.950224264296876	-301.7587395838267	0.2246134587154662	0.25869526289229555	0.24447765350938888	0.27221362488284945
38000	-7369.4567662760655	-7050.355990576564	-319.1007756995012	-7050.355990576564	14.715372117291999	9.770683654551483	0.008232218658417082	3.784363844512664	1.0	1.5751923518135766	6.979943083634698	-298.47172216337225	0.2246134587154662	0.25869526289229555	0.24447765350938888	0.27221362488284945
39000	-7340.014594912128	-7020.236219335041	-319.7783755770872	-7020.236219335041	13.91370310881331	8.763663403932624	0.00848197448286122	3.784363844512664	1.0	1.7154354249069819	9.075489546128964	-299.8214698197985	0.23627910672071878	0.25888917383160437	0.2328120055041363	0.27201971394354063
40000	-7285.2206869829415	-6967.342159693111	-317.8785272898307	-6967.342159693111	15.76937924421675	7.504379169401515	0.007530813752812331	3.5025567016842993	1.0	1.7154354249069819	8.449022691822607	-299.6031989143455	0.23627910672071878	0.25888917383160437	0.2328120055041363	0.27201971394354063
41000	-7257.621185063329	-6946.893781251509	-310.7274038118201	-6946.893781251509	15.193285450825393	7.974271576514542	0.008353159393753624	3.5025567016842993	1.0	1.7976931782322538	6.020393204801568	-292.0802223734403	0.23627910672071878	0.25888917383160437	0.2328120055041363	0.27201971394354063
42000	-7201.042688817059	-6892.910461054087	-308.132227762972	-6892.910461054087	14.212189875630964	7.017868976710632	0.007520275644808615	3.5025567016842993	1.0	1.7976931782322538	6.304756132107032	-290.6156265808382	0.23627910672071878	0.2591258106000827	0.21882561408743795	0.2857694685917606
43000	-7155.10494073005	-6845.844269466197	-309.26067126385226	-6845.844269466197	15.967939290721192	7.792904114230156	0.007638659639236085	3.5025567016842993	1.0	1.7976931782322538	5.075740786584573	-291.0759285243893	0.23987510407454862	0.2591258106000827	0.2152296167336081	0.2857694685917606
44000	-7089.457691330871	-6785.045495859133	-304.41219547173864	-6785.045495859133	15.350097141873011	8.266249479682875	0.008190284666355489	3.5025567016842993	1.0	1.7976931782322538	6.615554608000071	-285.3661561384968	0.22189560028651747	0.2591258106000827	0.2152296167336081	0.30374897237979176
45000	-7080.767126740504	-6776.004066677674	-304.7630600628297	-6776.004066677674	17.27932263602559	8.556745323414923	0.007914243925988705	3.5025567016842993	1.0	1.7976931782322538	6.563782858620433	-285.43768543620894	0.22189560028651747	0.2591258106000827	0.2152296167336081	0.30374897237979176
46000	-7089.711143630937	-6788.971336333278	-300.7398072976589	-6788.971336333278	17.22002920861772	7.548420082294166	0.008701003307126969	3.5025567016842993	1.0	1.7976931782322538	6.857900624237647	-282.39668003124785	0.22189560028651747	0.2591258106000827	0.2152296167336081	0.30374897237979176
47000	-7089.5449385313195	-6790.7430293529105	-298.8019091784091	-6790.7430293529105	16.604713850744297	7.417185514250153	0.007879124122943561	3.4945138211179834	1.0	1.7976931782322538	5.99024794333624	-280.84328735804786	0.22189560028651747	0.2591258106000827	0.2152296167336081	0.30374897237979176
48000	-7083.822668476529	-6777.24896147666	-306.5737069998689	-6777.24896147666	17.808518453100785	8.919413034165073	0.00789461136249234	3.4945138211179834	1.0	1.7976931782322538	6.100646547885805	-286.92663894297226	0.22189560028651747	0.2591258106000827	0.2152296167336081	0.30374897237979176
49000	-7037.868351003633	-6734.998142507209	-302.87020849642374	-6734.998142507209	17.32762653981491	9.05931314797532	0.008291953963254706	3.4945138211179834	1.0	1.7976931782322538	6.868141469868166	-282.90147765496613	0.22189560028651747	0.2591258106000827	0.2152296167336081	0.30374897237979176
50000	-7002.759768969208	-6698.594583794387	-304.1651851748212	-6698.594583794387	17.73806996495818	9.22537481821117	0.008080456404123875	3.4945138211179834	1.0	1.7976931782322538	6.092099490415859	-284.1598649725886	0.22189560028651747	0.2591258106000827	0.2152296167336081	0.30374897237979176
51000	-6984.466963477729	-6679.654664865745	-304.8122986119843	-6679.654664865745	16.176565671132494	9.886734708957114	0.008199324803957549	3.4945138211179834	1.0	3.19529513105948	6.292913524442541	-282.63862336566194	0.22182206426908063	0.25919934661751953	0.2152296167336081	0.30374897237979176
52000	-6977.920303894011	-6676.991083703481	-300.9292201905301	-6676.991083703481	17.104012101813	9.340624716965666	0.007931772695830622	3.4945138211179834	1.0	1.7463578771043964	6.387675683167389	-280.82006154042415	0.22182206426908063	0.25919934661751953	0.2152296167336081	0.30374897237979176
53000	-6936.603450822242	-6633.430618879449	-303.17283194279327	-6633.430618879449	17.32351654201042	9.162455550568245	0.007516872161120527	3.4945138211179834	1.0	1.7463578771043964	6.7134423446418054	-283.26330681670254	0.22182206426908063	0.25919934661751953	0.1920866111972074	0.32689197791619246
54000	-6936.179482434683	-6636.78881160841	-299.39067082627435	-6636.78881160841	16.55504588896993	9.154511166776478	0.008157969509747367	3.4945138211179834	1.0	1.7463578771043964	6.891970776792797	-279.38154847362347	0.22182206426908063	0.25919934661751953	0.1920866111972074	0.32689197791619246
55000	-6934.175283373034	-6635.554751287578	-298.62053208545615	-6635.554751287578	14.269350984516105	8.63360323596847	0.008299116267059349	3.4945138211179834	1.0	1.7463578771043964	4.932468648803002	-279.5023523844687	0.22182206426908063	0.25919934661751953	0.1920866111972074	0.32689197791619246
56000	-6930.854639661181	-6635.573562803331	-295.28107685785005	-6635.573562803331	14.74713585225673	7.579836163350787	0.007665975773292031	3.4945138211179834	1.0	1.7463578771043964	5.858644104854075	-277.24133254148353	0.22182206426908063	0.25919934661751953	0.1920866111972074	0.32689197791619246
57000	-6919.774506999619	-6626.341422088878	-293.4330849107411	-6626.341422088878	13.665296865037103	7.015006655567521	0.00765011078474232	3.496718345369561	1.0	1.7463578771043964	5.546287734072512	-276.0840004167461	0.22182206426908063	0.2694938073892954	0.18179215042543156	0.32689197791619246
58000	-6920.70412122188	-6625.1314724967915	-295.57264872508875	-6625.1314724967915	14.732295104150772	7.800894504964056	0.008060540221335424	3.496718345369561	1.0	2.3532717055224324	6.00386957008602	-276.6035095433222	0.20265525473167403	0.2694938073892954	0.20095895996283816	0.32689197791619246
59000	-6916.068464553854	-6623.139113317362	-292.9293512364917	-6623.139113317362	13.177585234824031	8.340564402674474	0.007861176352031894	3.496718345369561	1.0	2.78412516805766	4.939430331681673	-273.1497581073504	0.19583741975599425	0.2763116423649752	0.20095895996283816	0.32689197791619246
60000	-6913.2635153375795	-6619.106715368146	-294.1567999694337	-6619.106715368146	14.315239585414513	8.395196210918915	0.007762371251635609	3.496718345369561	1.0	2.78412516805766	6.0152849909795725	-274.13232937414455	0.19583741975599425	0.2763116423649752	0.20095895996283816	0.32689197791619246
61000	-6922.7884559741515	-6626.181384147997	-296.60707182615437	-6626.181384147997	14.421661298778643	8.626549550995376	0.007922510906340554	3.496718345369561	1.0	2.78412516805766	6.049572165822966	-276.30061925191586	0.19583741975599425	0.2763116423649752	0.20095895996283816	0.32689197791619246
62000	-6924.53954971018	-6634.6587237227905	-289.88082598738913	-6634.6587237227905	15.556149802173143	8.45960281892928	0.00757519624563996	3.496718345369561	1.0	2.78412516805766	5.141041442653655	-269.9665922676826	0.19583741975599425	0.2763116423649752	0.20095895996283816	0.32689197791619246
63000	-6909.7951491628955	-6619.780498873106	-290.0146502897895	-6619.780498873106	15.249145200174798	8.839962127393605	0.007498313170218058	3.496718345369561	1.0	2.78412516805766	5.166572990698712	-269.6857480510697	0.215748197760421	0.2763116423649752	0.1810481819584114	0.32689197791619246
64000	-6897.4292737209935	-6605.790162987663	-291.63911073333	-6605.790162987663	15.71350397287815	9.212378098061448	0.007760095859502307	3.496718345369561	1.0	2.78412516805766	5.354543902822475	-270.8305109084152	0.215748197760421	0.2763116423649752	0.1772108694545997	0.33072929042000415
65000	-6913.460632776543	-6620.273457170655	-293.18717560588834	-6620.273457170655	15.391051370167009	8.242059725116931	0.008088032760341642	3.496718345369561	1.0	2.78412516805766	4.489829780415687	-273.5836810353247	0.215748197760421	0.2763116423649752	0.1772108694545997	0.33072929042000415
66000	-6914.69454681274	-6619.3774451366235	-295.3171016761161	-6619.3774451366235	15.636799912120441	9.147755012174427	0.008739169090737764	3.496718345369561	1.0	2.78412516805766	6.025527227036084	-274.3421956605469	0.215748197760421	0.2763116423649752	0.17477080787792665	0.33316935199667724
67000	-6917.096795404955	-6614.026984876087	-303.0698105288672	-6614.026984876087	17.275171389172538	8.899013621621611	0.008016990387101889	3.496718345369561	1.0	3.197579688490071	6.618031825279944	-281.9477525415347	0.215748197760421	0.2763116423649752	0.17477080787792665	0.33316935199667724
68000	-6804.9665986526425	-6509.036654756903	-295.9299438957397	-6509.036654756903	17.48613762366136	7.75387013815892	0.008052774347102743	3.496718345369561	1.0	3.197579688490071	5.887131566221389	-276.1895649475226	0.215748197760421	0.2763116423649752	0.17477080787792665	0.33316935199667724
69000	-6800.4141770855595	-6504.641697633939	-295.7724794516203	-6504.641697633939	14.560945795528074	8.924105774767149	0.00857318181620784	3.496718345369561	1.0	3.197579688490071	6.449386780736112	-274.58131149533284	0.215748197760421	0.2763116423649752	0.17477080787792665	0.33316935199667724
70000	-6790.564771710137	-6490.851112931879	-299.713658778259	-6490.851112931879	14.560945795528074	7.846108440338535	0.008175580760573892	3.496718345369561	1.0	3.197579688490071	7.027802248186703	-279.67811113952087	0.21761032776392317	0.2828043016886846	0.16641601855071508	0.33316935199667724
71000	-6742.935792071709	-6450.948893995233	-291.98689807647577	-6450.948893995233	15.351804486452682	6.997754179006391	0.008526093626586392	3.496718345369561	1.0	3.197579688490071	5.540131933525395	-273.0984258191826	0.21761032776392317	0.2828043016886846	0.16641601855071508	0.33316935199667724
72000	-6716.143785927242	-6428.744520224611	-287.399265702631	-6428.744520224611	13.791584823383495	8.001394572334311	0.00850118440131386	2.9099147561596204	1.0	3.197579688490071	5.2251069106717525	-267.6505173744053	0.20990384031947187	0.2626446903867426	0.16641601855071508	0.36103545074307053
73000	-6658.958133561982	-6376.159491608817	-282.79864195316566	-6376.159491608817	14.266953440411157	5.801449987960985	0.0076884163808246244	2.9099147561596204	1.0	3.197579688490071	4.770271708130588	-265.73106835037163	0.1629394656956982	0.29770735854120234	0.17831772502002902	0.36103545074307053
74000	-6633.324158895094	-6348.623314226308	-284.7008446687863	-6348.623314226308	13.97003477533646	6.373425973694532	0.008019712042966008	2.9099147561596204	1.0	3.197579688490071	4.510339750758775	-266.9903914751954	0.1629394656956982	0.29770735854120234	0.17831772502002902	0.36103545074307053
75000	-6532.838884709134	-6248.687832373525	-284.1510523356086	-6248.687832373525	14.089322591005589	6.59641011815982	0.008169264271209158	2.9099147561596204	1.0	3.197579688490071	4.904475435773295	-266.0843562493929	0.1629394656956982	0.29770735854120234	0.17831772502002902	0.36103545074307053
76000	-6539.497803173583	-6246.032036897936	-293.4657662756465	-6246.032036897936	14.017514014301307	8.713942611381407	0.008185062382306466	2.9099147561596204	1.0	3.197579688490071	6.450337415375906	-272.7550563925139	0.1629394656956982	0.29770735854120234	0.17831772502002902	0.36103545074307053
77000	-6540.560653634365	-6239.12271640049	-301.43793723387466	-6239.12271640049	14.842248938341038	7.211537569038064	0.00795938483611325	2.9099147561596204	1.0	3.197579688490071	7.412132457205353	-282.2890095978235	0.1629394656956982	0.29770735854120234	0.17831772502002902	0.36103545074307053
78000	-6530.354002068037	-6231.546822095434	-298.80717997260194	-6231.546822095434	14.808834688964753	8.082128560748979	0.007783876816480497	2.9099147561596204	1.0	4.249382874706706	5.602946188157664	-277.93546920963195	0.1629394656956982	0.29770735854120234	0.17831772502002902	0.36103545074307053
79000	-6501.268571149747	-6207.006258069474	-294.2623130802735	-6207.006258069474	14.179981746333901	8.403276802271561	0.007390818157803766	2.9099147561596204	1.0	3.3404418744062085	5.931902335805013	-273.938222931273	0.1629394656956982	0.29770735854120234	0.15240713735638906	0.3869460384067105
80000	-6507.531941666044	-6214.909871359123	-292.6220703069211	-6214.909871359123	14.49392214080822	8.971550854689859	0.007890566505244683	2.9099147561596204	1.0	3.3404418744062085	6.342224151918192	-271.5383263064796	0.15498658707104987	0.29770735854120234	0.15240713735638906	0.3948989170313588
81000	-6485.931367085283	-6193.391512936905	-292.5398541483771	-6193.391512936905	14.065322304261144	7.929822689898257	0.007866858049755558	2.9099147561596204	1.0	3.3404418744062085	5.916380896140673	-272.6814458400055	0.12483325119247189	0.32973016442873243	0.15240713735638906	0.3930294470224067
82000	-6472.536144442796	-6179.071278362874	-293.46486607992165	-6179.071278362874	14.385511342855372	9.719329870524263	0.007916840569011626	2.4541686714622166	1.0	3.3404418744062085	5.5893294644118106	-271.85280467500263	0.12483325119247189	0.3252855022865844	0.15240713735638906	0.3974741091645547
83000	-6486.3505536648945	-6190.262823072174	-296.0877305927205	-6190.262823072174	13.61270748161663	8.796196268652746	0.0076545828259265624	2.4541686714622166	1.0	4.957922636175674	5.825040133831438	-273.86361452087704	0.12483325119247189	0.3252855022865844	0.15240713735638906	0.3974741091645547
84000	-6473.729751028378	-6183.671885938785	-290.0578650895931	-6183.671885938785	14.216071957401011	8.687921517320909	0.007793266337105125	2.4541686714622166	1.0	4.957922636175674	5.633840400480696	-267.9685409619845	0.12483325119247189	0.3252855022865844	0.15240713735638906	0.3974741091645547
85000	-6483.874199945666	-6193.148722457163	-290.7254774885031	-6193.148722457163	14.53830747568273	9.09415670938112	0.00852985343676657	2.4541686714622166	1.0	4.957922636175674	5.489781350421481	-268.1240954250654	0.12483325119247189	0.3252855022865844	0.15240713735638906	0.3974741091645547
86000	-6453.195997143669	-6167.852374200425	-285.3436229432436	-6167.852374200425	13.185167790929365	9.183113568087592	0.009504181278578187	2.4541686714622166	1.0	4.957922636175674	5.0565566775786035	-262.6181327036359	0.12483325119247189	0.3252855022865844	0.15240713735638906	0.3974741091645547
87000	-6466.830612733604	-6183.995546472874	-282.83506626072983	-6183.995546472874	13.49621664840693	8.25808923977267	0.008225016565272058	2.4541686714622166	1.0	4.957922636175674	5.534609507307169	-261.1849287951267	0.12483325119247189	0.3252855022865844	0.15240713735638906	0.3974741091645547
88000	-6454.953543873621	-6169.319196942631	-285.63434693099043	-6169.319196942631	14.650819001796776	9.50002645233099	0.008332817429486999	2.4541686714622166	1.0	4.957922636175674	5.555271499665413	-262.5993907463405	0.12483325119247189	0.3252855022865844	0.15240713735638906	0.3974741091645547
89000	-6453.858500970731	-6171.413111965879	-282.4453890048524	-6171.413111965879	13.764322494081938	9.356161171966686	0.008466574752878016	2.255556769662355	1.0	4.957922636175674	4.634946302799067	-259.8097675249432	0.09653157410310549	0.35358717937595086	0.15240713735638906	0.3974741091645547
90000	-6442.791191352008	-6163.477135419556	-279.31405593245177	-6163.477135419556	14.779784953544757	8.12145834558295	0.007902785480640957	2.255556769662355	1.0	3.5043874918888975	4.297843188149894	-259.6386865035087	0.09653157410310549	0.35358717937595086	0.1433814641378027	0.40649978238314105
91000	-6443.047201006803	-6166.7012128991	-276.34598810770325	-6166.7012128991	14.497276198242833	7.693026097619596	0.00803605960702288	2.255556769662355	1.0	3.155187286531455	4.763594092136681	-257.37736473758906	0.13610821960379785	0.33575930334706966	0.12163269466599154	0.40649978238314105
92000	-6433.157355673782	-6157.741046551266	-275.4163091225164	-6157.741046551266	13.902679573383308	9.44288813127862	0.00847876066554298	2.255556769662355	1.0	3.1392297513588496	4.493741968257914	-254.53384504639573	0.13610821960379785	0.33575930334706966	0.12163269466599154	0.40649978238314105
93000	-6418.534559155094	-6149.53516374661	-268.9993954084837	-6149.53516374661	15.087248029695855	8.69825584518843	0.008775892055794656	2.255556769662355	1.0	3.1392297513588496	4.079645510465678	-248.99759564749877	0.13610821960379785	0.3276095579356333	0.09411732288545267	0.4421648995751163
94000	-6430.18893642232	-6160.737690185775	-269.4512462365449	-6160.737690185775	13.982546716966477	9.812061320191777	0.00907561733401906	2.255556769662355	1.0	3.1392297513588496	4.5304275837511785	-248.08867912198414	0.13610821960379785	0.3276095579356333	0.09411732288545267	0.4421648995751163
95000	-6404.219843180758	-6134.803205974285	-269.4166372064726	-6134.803205974285	14.088868017368702	9.898819909806027	0.008338208452903758	2.255556769662355	1.0	3.837763975694375	5.1383197962989895	-247.22000132628705	0.11685475882022593	0.3276095579356333	0.09411732288545267	0.4614183603586882
96000	-6406.990923007478	-6138.009835190396	-268.98108781708214	-6138.009835190396	14.38469174797365	9.898819909806027	0.00914391395214003	2.061883508091964	1.0	3.837763975694375	4.387761250443893	-246.92625038668393	0.11685475882022593	0.3276095579356333	0.09411732288545267	0.4614183603586882
97000	-6402.763541796387	-6134.413946472167	-268.3495953242203	-6134.413946472167	13.82362570129475	8.459699983843686	0.009058022422717976	2.061883508091964	1.0	3.837763975694375	4.832889096988316	-247.7881205591257	0.11685475882022593	0.3276095579356333	0.09411732288545267	0.4614183603586882
98000	-6412.788121406866	-6145.769363299849	-267.018758107017	-6145.769363299849	14.146507886543848	9.070553347280237	0.009433643822516201	2.061883508091964	1.0	3.837763975694375	3.5905277821258306	-246.04002354095678	0.11685475882022593	0.3276095579356333	0.09411732288545267	0.4614183603586882
99000	-6408.974840895943	-6142.5622762143075	-266.41256468163584	-6142.5622762143075	14.348377661775062	9.070553347280237	0.009243172451917988	2.061883508091964	1.0	3.837763975694375	4.2399396673577385	-245.28806603090428	0.11685475882022593	0.3067345525835533	0.09411732288545267	0.4822933657107682
100000	-6413.712578422537	-6147.819934493987	-265.892643928551	-6147.819934493987	14.348377661775062	9.959108121954095	0.00970936257347604	2.061883508091964	1.0	3.837763975694375	3.7580627666034205	-243.86670148332598	0.11685475882022593	0.3067345525835533	0.09411732288545267	0.4822933657107682
