#
#model:
#
#<?xml version="1.0" encoding="UTF-8" standalone="no"?><input id="posterior" spec="beast.core.util.CompoundDistribution">
#    <distribution id="prior" spec="beast.core.util.CompoundDistribution">
#        <distribution id="CoalescentConstant.t:1" spec="beast.evolution.tree.coalescent.Coalescent">
#            <populationModel id="ConstantPopulation.t:1" spec="beast.evolution.tree.coalescent.ConstantPopulation">
#                <parameter id="popSize.t:1" name="popSize" spec="beast.core.parameter.RealParameter">0.3</parameter>
#            </populationModel>
#            <treeIntervals id="TreeIntervals.t:1" spec="beast.evolution.tree.coalescent.TreeIntervals">
#                <tree id="Tree.t:1" spec="beast.evolution.tree.Tree">
#                    <trait id="dateTrait.t:1" spec="beast.evolution.tree.TraitSet" traitname="date" value="2_2000.1=2000.1,17_2001.6=2001.6,18_2001.7=2001.7,21_2002=2002,24_2002.3=2002.3,26_2002.5=2002.5,5_2000.4=2000.4,7_2000.6=2000.6,4_2000.3=2000.3,13_2001.2=2001.2,15_2001.4=2001.4,16_2001.5=2001.5,1_2000=2000,8_2000.7=2000.7,3_2000.2=2000.2,12_2001.1=2001.1,22_2002.1=2002.1,32_2003.1=2003.1,28_2002.7=2002.7,43_2004.2=2004.2,46_2004.5=2004.5,55_2005.4=2005.4,63_2006.2=2006.2,65_2006.4=2006.4,66_2006.5=2006.5,67_2006.6=2006.6,23_2002.2=2002.2,10_2000.9=2000.9,14_2001.3=2001.3,33_2003.2=2003.2,39_2003.8=2003.8,34_2003.3=2003.3,44_2004.3=2004.3,48_2004.7=2004.7,53_2005.2=2005.2,52_2005.1=2005.1,58_2005.7=2005.7,9_2000.8=2000.8,6_2000.5=2000.5,11_2001=2001,25_2002.4=2002.4,20_2001.9=2001.9,47_2004.6=2004.6,36_2003.5=2003.5,45_2004.4=2004.4,50_2004.9=2004.9,42_2004.1=2004.1,51_2005=2005,35_2003.4=2003.4,37_2003.6=2003.6,57_2005.6=2005.6,59_2005.8=2005.8,61_2006=2006,62_2006.1=2006.1,41_2004=2004,40_2003.9=2003.9,49_2004.8=2004.8,74_2007.3=2007.3,77_2007.6=2007.6,68_2006.7=2006.7,70_2006.9=2006.9,81_2008=2008,19_2001.8=2001.8,27_2002.6=2002.6,29_2002.8=2002.8,30_2002.9=2002.9,31_2003=2003,38_2003.7=2003.7,56_2005.5=2005.5,69_2006.8=2006.8,82_2008.1=2008.1,80_2007.9=2007.9,83_2008.2=2008.2,87_2008.6=2008.6,71_2007=2007,75_2007.4=2007.4,72_2007.1=2007.1,91_2009=2009,88_2008.7=2008.7,94_2009.3=2009.3,98_2009.7=2009.7,79_2007.8=2007.8,84_2008.3=2008.3,78_2007.7=2007.7,76_2007.5=2007.5,89_2008.8=2008.8,93_2009.2=2009.2,96_2009.5=2009.5,97_2009.6=2009.6,95_2009.4=2009.4,100_2009.9=2009.9,54_2005.3=2005.3,60_2005.9=2005.9,64_2006.3=2006.3,73_2007.2=2007.2,86_2008.5=2008.5,85_2008.4=2008.4,90_2008.9=2008.9,99_2009.8=2009.8,92_2009.1=2009.1,101_2010=2010">
#                        <taxa id="TaxonSet.1" spec="beast.evolution.alignment.TaxonSet">
#                        </taxa>
#                    </trait>
#                    <taxonset idref="TaxonSet.1"/>
#                </tree>
#            </treeIntervals>
#        </distribution>
#        <prior id="rateOmega.prior" name="distribution">
#            <parameter id="rateOmega" lower="0.1" name="x" spec="beast.core.parameter.RealParameter" upper="10.0">0.5</parameter>
#            <Gamma id="Gamma.0" name="distr">
#                <parameter estimate="false" id="rateOmega.alpha" name="alpha" spec="beast.core.parameter.RealParameter">0.1</parameter>
#                <parameter estimate="false" id="rateOmega.beta" name="beta" spec="beast.core.parameter.RealParameter">1.0</parameter>
#            </Gamma>
#        </prior>
#        <prior id="rateMean.prior" name="distribution">
#            <parameter id="rateMean" lower="1.0E-4" name="x" spec="beast.core.parameter.RealParameter" upper="10.0">0.005</parameter>
#            <Gamma id="Gamma.1" name="distr">
#                <parameter estimate="false" id="rateMean.alpha" name="alpha" spec="beast.core.parameter.RealParameter">0.005</parameter>
#                <parameter estimate="false" id="rateMean.beta" name="beta" spec="beast.core.parameter.RealParameter">1.0</parameter>
#            </Gamma>
#        </prior>
#        <prior id="FrequenciesPrior.s:1" name="distribution">
#            <parameter dimension="4" id="freqParameter.s:1" lower="0.0" name="x" spec="beast.core.parameter.RealParameter" upper="1.0">0.25</parameter>
#            <Uniform id="Uniform.3" name="distr"/>
#        </prior>
#        <prior id="GammaShapePrior.s:1" name="distribution">
#            <parameter id="gammaShape.s:1" name="x" spec="beast.core.parameter.RealParameter">1.0</parameter>
#            <Exponential id="Exponential.0" name="distr">
#                <parameter estimate="false" id="RealParameter.0" name="mean" spec="beast.core.parameter.RealParameter">1.0</parameter>
#            </Exponential>
#        </prior>
#        <prior id="KappaPrior.s:1" name="distribution">
#            <parameter id="kappa.s:1" lower="0.0" name="x" spec="beast.core.parameter.RealParameter">2.0</parameter>
#            <LogNormal id="LogNormalDistributionModel.0" name="distr">
#                <parameter estimate="false" id="RealParameter.1" name="M" spec="beast.core.parameter.RealParameter">1.0</parameter>
#                <parameter estimate="false" id="RealParameter.2" name="S" spec="beast.core.parameter.RealParameter">1.25</parameter>
#            </LogNormal>
#        </prior>
#        <prior id="PopSizePrior.t:1" name="distribution" x="@popSize.t:1">
#            <OneOnX id="OneOnX.1" name="distr"/>
#        </prior>
#    </distribution>
#    <distribution id="likelihood" spec="beast.core.util.CompoundDistribution" useThreads="true">
#        <distribution data="@1" id="treeLikelihood.1" spec="beast.evolution.likelihood.ThreadedTreeLikelihood" tree="@Tree.t:1">
#            <siteModel gammaCategoryCount="4" id="SiteModel.s:1" shape="@gammaShape.s:1" spec="beast.evolution.sitemodel.SiteModel">
#                <parameter id="mutationRate.s:1" name="mutationRate" spec="beast.core.parameter.RealParameter">1.0</parameter>
#                <parameter estimate="false" id="proportionInvariant.s:1" lower="0.0" name="proportionInvariant" spec="beast.core.parameter.RealParameter" upper="1.0">0.0</parameter>
#                <substModel id="hky.s:1" kappa="@kappa.s:1" spec="beast.evolution.substitutionmodel.HKY">
#                    <frequencies frequencies="@freqParameter.s:1" id="estimatedFreqs.s:1" spec="beast.evolution.substitutionmodel.Frequencies"/>
#                </substModel>
#            </siteModel>
#            <branchRateModel id="branchRates" numSites="1000" numberOfDiscreteRates="12" rateMean="@rateMean" rateOmega="@rateOmega" spec="beast.evolution.branchratemodel.ARClockModel" tree="@Tree.t:1">
#                <rateCategories dimension="200" id="rateCategories" spec="beast.core.parameter.IntegerParameter">1</rateCategories>
#            </branchRateModel>
#        </distribution>
#    </distribution>
#</input>
#
Sample	posterior	likelihood	prior	treeLikelihood	TreeHeight	rateOmega	rateMean	kappa	mutationRate	gammaShape	popSize	CoalescentConstant	freqParameter.1	freqParameter.2	freqParameter.3	freqParameter.4
0	-36033.86072271364	-35799.82751654328	-234.03320617036022	-35799.82751654328	10.751582664363609	0.5	0.005	2.0	1.0	1.0	0.3	-230.21431273121476	0.25	0.25	0.25	0.25
1000	-19623.243274600474	-19313.201256681867	-310.0420179186077	-19313.201256681867	11.635588430324866	0.8227588126447448	0.03744793853130139	2.0	1.0	1.0	3.8766307537873943	-300.8572828281309	0.25	0.2549333024824592	0.24506669751754082	0.25
2000	-15350.028945232087	-15036.671406278792	-313.35753895329464	-15036.671406278792	12.0797075500436	9.63612142377497	0.02789240593726303	2.0	1.0	1.0	7.838160923893543	-292.74353340167875	0.25	0.24746901102098892	0.24506669751754082	0.2574642914614703
3000	-13811.391888026756	-13472.675756207313	-338.7161318194438	-13472.675756207313	13.787704516879534	9.895517116984824	0.020791637399427583	2.1914417313446055	1.0	1.0	7.543539203037133	-318.0804375054452	0.25	0.24746901102098892	0.24506669751754082	0.2574642914614703
4000	-12550.67036698559	-12215.789442228808	-334.88092475678263	-12215.789442228808	15.055960878807056	9.480351222883158	0.01802291591920148	2.1914417313446055	1.0	1.0	7.929455039041822	-314.79403890400914	0.23938658630482884	0.24702709855790142	0.24506669751754082	0.2685196176197289
5000	-11626.854286971935	-11293.58940796149	-333.2648790104457	-11293.58940796149	15.055960878807056	9.665301022334859	0.015512832393596113	2.663225846687331	1.0	0.8557518595265975	8.340752420938536	-313.0408104672285	0.23938658630482884	0.23721084328577566	0.24506669751754082	0.2783358728918547
6000	-11107.331100286021	-10770.598407464575	-336.7326928214455	-10770.598407464575	16.77173552264959	9.744865658115174	0.013659868433444116	2.663225846687331	1.0	0.8557518595265975	8.57706971869919	-316.52216457450567	0.23938658630482884	0.23721084328577566	0.24506669751754082	0.2783358728918547
7000	-10482.446845519173	-10140.104100640478	-342.3427448786951	-10140.104100640478	16.77173552264959	9.817797968821075	0.014893637476171201	4.875838648884478	1.0	0.8557518595265975	8.812907336166825	-321.2243081310509	0.23938658630482884	0.23721084328577566	0.24506669751754082	0.2783358728918547
8000	-9923.767807815933	-9587.200189749352	-336.567618066581	-9587.200189749352	16.559047453655857	9.042867637026605	0.014104140193167213	4.937359002611772	1.0	0.8557518595265975	9.16628175567257	-316.29650119369524	0.23938658630482884	0.23721084328577566	0.24506669751754082	0.2783358728918547
9000	-9550.184146545029	-9219.145698893182	-331.038447651846	-9219.145698893182	18.049304421127516	6.930564994969068	0.012001868344707223	4.937359002611772	1.0	1.0646278723160492	9.045936492243932	-313.08610627776375	0.23938658630482884	0.23721084328577566	0.24506669751754082	0.2783358728918547
10000	-9283.456145489294	-8942.066939610319	-341.38920587897553	-8942.066939610319	18.450774424166635	7.764922247944122	0.011204031789672483	4.937359002611772	1.0	1.2981175289264775	10.015421201844214	-322.2341421579464	0.23938658630482884	0.23721084328577566	0.24506669751754082	0.2783358728918547
11000	-9107.029922831889	-8776.425937026388	-330.603985805501	-8776.425937026388	18.450774424166635	7.4783366386841115	0.010600948111028014	3.688271003169702	1.0	1.2981175289264775	7.959352193458212	-312.43064837140037	0.23542522572791355	0.23888580408690752	0.2490280580944561	0.2766609120907228
12000	-9059.60833328578	-8731.11836728485	-328.48996600092966	-8731.11836728485	18.828143522282062	7.272656550904466	0.010777188924204527	3.688271003169702	1.0	1.2981175289264775	6.947996774252615	-310.6667206425448	0.23542522572791355	0.23888580408690752	0.2490280580944561	0.2766609120907228
13000	-8907.167345769209	-8582.514294673148	-324.6530510960593	-8582.514294673148	19.46954212730703	6.8883356493671695	0.01014760832145699	3.688271003169702	1.0	1.2562893894021225	8.133743645220994	-307.20777213156805	0.23542522572791355	0.23888580408690752	0.2490280580944561	0.2766609120907228
14000	-8845.93111316357	-8516.929623905517	-329.0014892580522	-8516.929623905517	21.13157773412113	6.734012816426083	0.009407223978890608	3.688271003169702	1.0	1.2562893894021225	7.68137507794541	-311.864270009176	0.23542522572791355	0.23888580408690752	0.2490280580944561	0.2766609120907228
15000	-8701.245355972518	-8375.194224269202	-326.05113170331526	-8375.194224269202	21.218599729288005	6.8467614863155015	0.009388717881612252	3.688271003169702	1.0	1.2562893894021225	7.653367728562234	-308.7918503184118	0.23542522572791355	0.23888580408690752	0.2490280580944561	0.2766609120907228
16000	-8636.04841864267	-8311.292971878429	-324.75544676424073	-8311.292971878429	19.805685450296338	6.457261802483812	0.008691142216444374	3.688271003169702	1.0	1.800928778815602	9.407927547976534	-307.2648480523333	0.22666765400822944	0.23888580408690752	0.2577856298141402	0.2766609120907228
17000	-8592.205663170089	-8266.666680517676	-325.53898265241355	-8266.666680517676	21.209793137893502	7.873295700888397	0.009496509135520253	3.688271003169702	1.0	1.800928778815602	6.918731633110923	-306.67224385559416	0.22666765400822944	0.23888580408690752	0.2577856298141402	0.2766609120907228
18000	-8565.037060720617	-8236.909341110486	-328.1277196101307	-8236.909341110486	21.56120452009937	7.680630698052819	0.00906639971154078	3.688271003169702	1.0	1.800928778815602	9.18911729231117	-309.2387033621892	0.22666765400822944	0.23888580408690752	0.2577856298141402	0.2766609120907228
19000	-8576.493613855182	-8246.714009010142	-329.7796048450391	-8246.714009010142	21.66371279384528	7.4653803857551	0.009396076425411121	3.688271003169702	1.0	1.800928778815602	10.663320663658892	-310.94676361354595	0.22666765400822944	0.23888580408690752	0.2577856298141402	0.2766609120907228
20000	-8523.762081786448	-8194.303488421205	-329.4585933652433	-8194.303488421205	20.527246896737097	8.492029488624846	0.009183279534985777	3.688271003169702	1.0	1.800928778815602	8.07695668532728	-309.78393735636706	0.2208110909989422	0.23888580408690752	0.2565050121440431	0.28379809277010715
21000	-8499.334589990509	-8173.331544245918	-326.0030457445913	-8173.331544245918	22.3115754596268	7.298795914767633	0.008967386458789363	3.688271003169702	1.0	1.800928778815602	7.925292451555216	-307.7007430665003	0.2208110909989422	0.23888580408690752	0.25478905113288824	0.285514053781262
22000	-8493.957609384886	-8170.166025494343	-323.7915838905432	-8170.166025494343	21.43712326947135	7.980672325400227	0.009088332157547499	3.688271003169702	1.0	1.800928778815602	8.308672453032196	-304.66633113768523	0.22094066064890536	0.23615295795571212	0.25465948148292505	0.2882468999124574
23000	-8456.452748270483	-8124.797220306179	-331.6555279643037	-8124.797220306179	20.503476924539047	7.56288262252462	0.008522468145237444	3.688271003169702	1.0	1.800928778815602	6.8372419183105775	-313.2559034136021	0.22094066064890536	0.23615295795571212	0.25465948148292505	0.2882468999124574
24000	-8452.026078101	-8123.1876696937015	-328.83840840729937	-8123.1876696937015	22.845041271527254	7.438719094895909	0.008440727921006032	3.688271003169702	1.0	2.266415899360796	9.422609951968695	-309.8013019320812	0.22094066064890536	0.23615295795571212	0.25465948148292505	0.2882468999124574
25000	-8450.090350474455	-8125.75286140862	-324.33748906583435	-8125.75286140862	22.326041821249373	6.09395492658462	0.008576457108449597	3.688271003169702	1.0	2.266415899360796	9.471914324764054	-306.803380768001	0.22094066064890536	0.23680594253304205	0.25465948148292505	0.28759391533512746
26000	-8395.337043255584	-8074.227116672853	-321.1099265827302	-8074.227116672853	24.320476360257388	5.788540662704208	0.00854144247484012	3.688271003169702	1.0	2.266415899360796	7.452874817650037	-304.17134466599373	0.20564623798070555	0.25210036520124185	0.25465948148292505	0.28759391533512746
27000	-8369.541384804164	-8046.6905466366	-322.8508381675651	-8046.6905466366	24.21181304036276	5.73084046732495	0.008070733000423595	3.688271003169702	1.0	2.266415899360796	8.232963168047018	-305.9362993810756	0.20564623798070555	0.25210036520124185	0.25465948148292505	0.28759391533512746
28000	-8364.653205305676	-8038.460924853685	-326.1922804519904	-8038.460924853685	24.4806909858619	6.853232645578825	0.007527867188749122	3.688271003169702	1.0	2.266415899360796	8.503698249753995	-308.0318491409966	0.20564623798070555	0.25210036520124185	0.25465948148292505	0.28759391533512746
29000	-8381.220440819103	-8054.866928433988	-326.35351238511595	-8054.866928433988	23.88680583985833	6.839572601363534	0.00777772683658966	3.688271003169702	1.0	2.266415899360796	8.800942273969358	-308.1414402238857	0.20564623798070555	0.25210036520124185	0.25465948148292505	0.28759391533512746
30000	-8356.9942587802	-8037.828518606501	-319.1657401736992	-8037.828518606501	25.624751714202702	7.421250942149718	0.00826389290790741	3.688271003169702	1.0	2.7360721429183292	7.653069149225127	-299.907810641421	0.20564623798070555	0.25210036520124185	0.25465948148292505	0.28759391533512746
31000	-8313.475586030834	-7997.132922709969	-316.34266332086594	-7997.132922709969	24.159233314571704	5.828047396890836	0.007580321860806523	3.688271003169702	1.0	2.997828702497474	7.334009454080469	-298.76285621302634	0.20564623798070555	0.25210036520124185	0.25465948148292505	0.28759391533512746
32000	-8298.84620904388	-7983.6938873545105	-315.1523216893711	-7983.6938873545105	23.460056919843886	6.972369924634744	0.007762355530495977	3.688271003169702	1.0	2.1210514826803974	7.387221964476104	-297.11260048062616	0.20564623798070555	0.2564398818851581	0.2498362299926964	0.2880776501414399
33000	-8280.477663631875	-7961.1116387704105	-319.3660248614651	-7961.1116387704105	21.797478280769077	7.025385999938941	0.007672251016230981	3.688271003169702	1.0	2.1210514826803974	9.274235952467494	-301.0506891235339	0.20564623798070555	0.2564398818851581	0.2498362299926964	0.2880776501414399
34000	-8248.43911499883	-7935.516009011039	-312.92310598779073	-7935.516009011039	22.113267793174465	7.814498111117415	0.007797642877630491	3.688271003169702	1.0	2.1210514826803974	7.166001493852188	-293.96448924511276	0.20564623798070555	0.2564398818851581	0.2498362299926964	0.2880776501414399
35000	-8222.878173182515	-7910.269065714622	-312.60910746789324	-7910.269065714622	21.715532376735585	7.5444315171170615	0.007426823380259964	3.688271003169702	1.0	3.3042272619531814	6.9623971612096645	-292.8467098980723	0.20317186715837776	0.2564398818851581	0.2498362299926964	0.29055202096376764
36000	-8227.158138553208	-7919.872920749617	-307.2852178035904	-7919.872920749617	22.191105751961718	6.455707515940179	0.007780697075244046	3.688271003169702	1.0	3.3042272619531814	6.276692689413176	-288.808816635914	0.20317186715837776	0.2564398818851581	0.2498362299926964	0.29055202096376764
37000	-8228.3485712378	-7920.174623546515	-308.17394769128555	-7920.174623546515	21.99763626913706	6.952336235272961	0.007689314924064347	3.688271003169702	1.0	3.3042272619531814	6.2809944087629	-289.1453774277691	0.20317186715837776	0.2564398818851581	0.2498362299926964	0.29055202096376764
38000	-8183.798478121117	-7880.33626714894	-303.46221097217705	-7880.33626714894	21.926580072212023	7.288755589749123	0.007463464211884666	3.688271003169702	1.0	2.9624208231947238	5.937852608181974	-284.4825677870245	0.20317186715837776	0.2564398818851581	0.2498362299926964	0.29055202096376764
39000	-8180.041865707655	-7877.89651892741	-302.14534678024495	-7877.89651892741	22.248950531985855	7.160160501177702	0.007489922537936367	3.688271003169702	1.0	2.9624208231947238	6.397934875971308	-283.23214382341325	0.20317186715837776	0.2564398818851581	0.2498362299926964	0.29055202096376764
40000	-8150.71996387397	-7852.882627667075	-297.8373362068951	-7852.882627667075	22.416773485904205	7.782527605718351	0.0076337165916280664	3.688271003169702	1.0	2.9624208231947238	6.198296353443598	-278.239387953629	0.20317186715837776	0.2564398818851581	0.2498362299926964	0.29055202096376764
41000	-8102.286874262684	-7798.876820968305	-303.4100532943791	-7798.876820968305	22.895067984179214	8.11335560361885	0.007919804160250656	3.688271003169702	1.0	2.9624208231947238	6.136371056672624	-283.41695686704986	0.20317186715837776	0.2564398818851581	0.2498362299926964	0.29055202096376764
42000	-8007.712136258188	-7702.892039312169	-304.82009694601925	-7702.892039312169	24.776563251964625	6.662446665169441	0.007028058504089195	3.688271003169702	1.0	2.9624208231947238	5.726460964002975	-286.64411801724856	0.20317186715837776	0.2564398818851581	0.2498362299926964	0.29055202096376764
43000	-7992.467758261641	-7694.0278949710055	-298.43986329063557	-7694.0278949710055	24.21129838907684	6.502682609660876	0.007137220497844417	3.572589348141407	1.0	2.9624208231947238	6.237272707622812	-280.3823687363413	0.20317186715837776	0.2564398818851581	0.2498362299926964	0.29055202096376764
44000	-7969.905578199523	-7674.928508526511	-294.9770696730118	-7674.928508526511	22.27097298391093	7.441356513113358	0.007777801028379337	3.572589348141407	1.0	2.9624208231947238	5.592738136579083	-275.882459649779	0.19582163379372008	0.2564398818851581	0.2498362299926964	0.2979022543284253
45000	-7959.5997155038685	-7665.525854531445	-294.07386097242414	-7665.525854531445	22.09002166321791	8.753212051859885	0.00799328477463687	3.572589348141407	1.0	2.9624208231947238	5.671592978687285	-273.47985659455395	0.19582163379372008	0.2564398818851581	0.2498362299926964	0.2979022543284253
46000	-7960.390072166706	-7665.062842372482	-295.32722979422437	-7665.062842372482	22.530233395301526	8.15164364879371	0.007471643377586833	3.572589348141407	1.0	2.9624208231947238	5.837275288509867	-275.43775176866274	0.19582163379372008	0.2564398818851581	0.2498362299926964	0.2979022543284253
47000	-7949.153661030668	-7653.390877501959	-295.76278352870906	-7653.390877501959	22.880498984784126	9.12755716812584	0.008595892436499398	3.572589348141407	1.0	3.1932663952304705	7.272895593356209	-274.2042924741501	0.19582163379372008	0.2564398818851581	0.2498362299926964	0.2979022543284253
48000	-7909.929976606364	-7615.754566653049	-294.1754099533155	-7615.754566653049	23.22418257682599	8.573982121024146	0.007820804722076795	3.572589348141407	1.0	3.1932663952304705	4.9823092224308025	-273.69986381537234	0.1905302596440222	0.261731256034856	0.2498362299926964	0.2979022543284253
49000	-7898.830975925929	-7598.125183336971	-300.7057925889585	-7598.125183336971	24.486394820394754	9.542421108478493	0.007318687996850702	3.572589348141407	1.0	3.1932663952304705	6.231327815613757	-279.00832475725065	0.1905302596440222	0.261731256034856	0.2498362299926964	0.2979022543284253
50000	-7903.692810386249	-7603.314885435796	-300.37792495045335	-7603.314885435796	23.931657710879712	9.310174438733629	0.006745654164772989	3.572589348141407	1.0	3.1932663952304705	5.643715603816856	-279.1156240340666	0.1905302596440222	0.261731256034856	0.2498362299926964	0.2979022543284253
51000	-7915.936687915362	-7617.332692211377	-298.603995703985	-7617.332692211377	24.737606300564067	8.58380439449218	0.007406034649654218	3.572589348141407	1.0	3.1932663952304705	5.632468309545707	-278.0495771694605	0.1905302596440222	0.261731256034856	0.2498362299926964	0.2979022543284253
52000	-7876.581755689538	-7577.541765988918	-299.03998970061974	-7577.541765988918	24.505137870023223	8.022065683974349	0.007180123925907224	3.572589348141407	1.0	3.1932663952304705	6.57022364136375	-278.98527244458234	0.1817886155970979	0.27047290008178027	0.2498362299926964	0.2979022543284253
53000	-7875.936387233682	-7574.929336213416	-301.00705102026615	-7574.929336213416	20.55094821350277	8.684495905108658	0.007208906396140696	3.572589348141407	1.0	4.088075617021308	6.022656397055922	-279.4066953107844	0.1817886155970979	0.27047290008178027	0.2498362299926964	0.2979022543284253
54000	-7880.4233362997375	-7578.282559668101	-302.1407766316358	-7578.282559668101	21.279754616327136	8.597171680653785	0.007893383139731954	3.572589348141407	1.0	4.088075617021308	5.842058285338766	-280.57634735363825	0.1817886155970979	0.27047290008178027	0.2498362299926964	0.2979022543284253
55000	-7881.12322230658	-7581.43574495838	-299.6874773481993	-7581.43574495838	21.113798064010954	8.391428570533913	0.00877038166448789	3.572589348141407	1.0	4.088075617021308	4.9306889655522195	-278.4144901671268	0.1817886155970979	0.27047290008178027	0.2498362299926964	0.2979022543284253
56000	-7871.080533187212	-7582.302417078631	-288.7781161085804	-7582.302417078631	21.113798064010954	8.100342378580871	0.008907847787214434	3.572589348141407	1.0	4.088075617021308	5.150424012422009	-267.7687767640158	0.1817886155970979	0.27047290008178027	0.2498362299926964	0.2979022543284253
57000	-7875.931267348844	-7586.3544191118635	-289.5768482369808	-7586.3544191118635	22.40899657428085	6.40290772842669	0.008160062546849475	3.572589348141407	1.0	4.088075617021308	5.589954068678223	-270.48268042406596	0.1817886155970979	0.27047290008178027	0.2498362299926964	0.2979022543284253
58000	-7871.015259419727	-7576.889560433099	-294.125698986628	-7576.889560433099	23.075382289383093	8.094892053811128	0.00846391139725068	3.572589348141407	1.0	4.088075617021308	5.3082429438237595	-273.1435434809884	0.1817886155970979	0.27047290008178027	0.2498362299926964	0.2979022543284253
59000	-7846.107773218791	-7552.809207661552	-293.2985655572388	-7552.809207661552	20.85084858757312	8.716133759093287	0.00878790195633141	3.572589348141407	1.0	4.088075617021308	5.501516702059746	-271.55515639411817	0.1817886155970979	0.27047290008178027	0.2498362299926964	0.2979022543284253
60000	-7853.906855364874	-7557.502866757357	-296.40398860751736	-7557.502866757357	21.493080105732542	8.948093360263606	0.00858688497456462	3.572589348141407	1.0	4.088075617021308	6.416437722374959	-274.27436760597095	0.1817886155970979	0.27047290008178027	0.24912123003937886	0.29861725428174285
61000	-7841.499513440353	-7542.415341580048	-299.0841718603051	-7542.415341580048	21.493080105732542	8.818121591912217	0.008789122901213389	3.572589348141407	1.0	4.088075617021308	5.68713838405619	-277.19498222846477	0.1761058819846737	0.2761556336942045	0.24912123003937886	0.29861725428174285
62000	-7831.096701178028	-7533.108827782694	-297.98787339533334	-7533.108827782694	20.637230867430056	8.1822653122648	0.0084431080042007	2.5818735695721378	1.0	4.088075617021308	6.175193833383607	-277.1076996361416	0.1761058819846737	0.2761556336942045	0.24912123003937886	0.29861725428174285
63000	-7821.7850017558185	-7520.590720921163	-301.19428083465584	-7520.590720921163	22.56572704719123	8.959883140296581	0.008493137134592613	2.5818735695721378	1.0	4.088075617021308	6.546295776147338	-279.3904923918287	0.18462626030161408	0.2761556336942045	0.24060085172243847	0.29861725428174285
64000	-7812.4439242196195	-7507.676261587952	-304.7676626316676	-7507.676261587952	21.197398076534935	9.154743249841497	0.008465189113202647	2.5818735695721378	1.0	4.088075617021308	6.3248376370234904	-282.7873731738977	0.18462626030161408	0.2761556336942045	0.24060085172243847	0.29861725428174285
65000	-7795.798991924664	-7492.167591255394	-303.63140066926974	-7492.167591255394	21.954269904904617	8.676681512999362	0.008203303941648895	3.1780080336836503	1.0	4.088075617021308	5.84203289856144	-282.0736742755678	0.2062782264082928	0.2761556336942045	0.21894888561575976	0.29861725428174285
66000	-7788.9160057609615	-7483.032313336877	-305.88369242408424	-7483.032313336877	21.38097522341716	8.188187301144014	0.008293245296055645	3.1780080336836503	1.0	4.088075617021308	6.017080242695577	-284.826149093948	0.2062782264082928	0.2761556336942045	0.21894888561575976	0.29861725428174285
67000	-7791.304290569137	-7481.546826135351	-309.7574644337861	-7481.546826135351	22.391084296605403	8.491299286998553	0.007655173930314923	3.1780080336836503	1.0	4.088075617021308	5.151214024172649	-288.5997616822216	0.2062782264082928	0.2761556336942045	0.21894888561575976	0.29861725428174285
68000	-7789.137025827459	-7486.221728174004	-302.9152976534551	-7486.221728174004	22.35573847551302	8.22765751551776	0.00819178143681715	3.1780080336836503	1.0	4.088075617021308	6.408619803800618	-281.76326427876165	0.20928816112971985	0.2761556336942045	0.2159389508943327	0.29861725428174285
69000	-7765.316903427595	-7463.81992513361	-301.4969782939852	-7463.81992513361	21.938790545201424	7.945465954856119	0.008133324354021932	3.1780080336836503	1.0	4.088075617021308	5.37069254245321	-280.84241775103607	0.22086636667526693	0.2761556336942045	0.20436074534878562	0.29861725428174285
70000	-7758.067579054331	-7456.432655485223	-301.6349235691079	-7456.432655485223	22.098665392369178	7.815378565576381	0.00744013864319907	3.1780080336836503	1.0	4.088075617021308	7.0843995142386404	-280.9376974442351	0.22086636667526693	0.2791391864602075	0.2013771925827826	0.29861725428174285
71000	-7765.691637896331	-7460.376807442982	-305.31483045334835	-7460.376807442982	22.787408640452988	7.683718166095673	0.0077859593913623855	3.1780080336836503	1.0	4.088075617021308	6.156832649652158	-284.85933702350627	0.22086636667526693	0.2791391864602075	0.2013771925827826	0.29861725428174285
72000	-7793.556943386031	-7485.432111387754	-308.1248319982769	-7485.432111387754	22.594750267167566	6.575355132275784	0.006991533041193275	3.1780080336836503	1.0	4.088075617021308	6.721122838776926	-288.9380848146379	0.22673363560605314	0.2791391864602075	0.1955099236519964	0.29861725428174285
73000	-7791.694693360511	-7483.166063386995	-308.52862997351656	-7483.166063386995	23.02107205986087	6.804181254376922	0.007473785251851543	3.1780080336836503	1.0	4.088075617021308	7.305569828151918	-288.9320365080349	0.22673363560605314	0.2791391864602075	0.1955099236519964	0.29861725428174285
74000	-7778.712280854128	-7476.061635168118	-302.6506456860093	-7476.061635168118	24.973086870977053	6.713486237633909	0.007350184034987287	3.1780080336836503	1.0	4.088075617021308	4.9996943730182934	-283.5528010108325	0.22673363560605314	0.2791391864602075	0.1955099236519964	0.29861725428174285
75000	-7767.483187272877	-7462.669060503623	-304.81412676925487	-7462.669060503623	25.655448520881468	7.274706561584261	0.0066136131152799635	3.1780080336836503	1.0	4.088075617021308	6.001746428450976	-285.0059352931758	0.22673363560605314	0.2700035677335528	0.1955099236519964	0.30775287300839765
76000	-7752.137491215375	-7449.995210040926	-302.14228117444867	-7449.995210040926	24.393609632493067	6.783276241576149	0.006779526822215432	3.1780080336836503	1.0	4.088075617021308	7.115482303919813	-282.693427224818	0.22673363560605314	0.2700035677335528	0.1955099236519964	0.30775287300839765
77000	-7749.241619862827	-7446.3586351459935	-302.88298471683333	-7446.3586351459935	23.195345893504843	5.546076454791668	0.006513483863217697	2.8686443190096913	1.0	4.088075617021308	5.436680988503762	-285.2710664707326	0.21972948888987884	0.2700035677335528	0.2025140703681707	0.30775287300839765
78000	-7759.265681961686	-7457.512133085388	-301.7535488762976	-7457.512133085388	24.74950827118588	5.683718726303038	0.006923750614341329	3.44476938087662	1.0	4.673238414714835	5.639994057110018	-283.09881760757054	0.21972948888987884	0.2700035677335528	0.2025140703681707	0.30775287300839765
79000	-7752.584463595448	-7454.984727408255	-297.59973618719295	-7454.984727408255	23.975216780012207	7.141335486597463	0.007229430480419671	3.44476938087662	1.0	5.450938774616001	5.070080212525478	-276.5674571925211	0.21972948888987884	0.2700035677335528	0.2025140703681707	0.30775287300839765
80000	-7704.770362098088	-7400.028955833058	-304.74140626503015	-7400.028955833058	24.18177452715773	7.140719550461816	0.00667018361326107	3.44476938087662	1.0	5.450938774616001	5.602061494418638	-283.6907123748842	0.21972948888987884	0.2700035677335528	0.2025140703681707	0.30775287300839765
81000	-7702.905761514851	-7406.413906018393	-296.49185549645813	-7406.413906018393	23.10833489850311	5.422181432863591	0.007083404252264263	3.44476938087662	1.0	3.5365735187636202	6.056663232084606	-279.18360449385807	0.20893267413585837	0.2700035677335528	0.21331088512219118	0.30775287300839765
82000	-7712.338408654949	-7410.662986474639	-301.67542218030985	-7410.662986474639	21.92874271586609	8.073317027521194	0.0067309051112458785	2.9065828762269375	1.0	3.5365735187636202	5.881433340997424	-281.6246724714116	0.20893267413585837	0.2700035677335528	0.21331088512219118	0.30775287300839765
83000	-7704.453360521509	-7399.970135649485	-304.4832248720236	-7399.970135649485	21.969002183690773	6.765433120696501	0.0068668429677721755	2.9065828762269375	1.0	6.916195093055118	6.975483216665487	-282.32916991970194	0.20893267413585837	0.2700035677335528	0.21331088512219118	0.30775287300839765
84000	-7714.2424811271085	-7409.572062760361	-304.67041836674673	-7409.572062760361	21.96904369380844	6.951418952885748	0.0066344611182356465	2.9065828762269375	1.0	6.916195093055118	5.098356711654084	-282.65394060440144	0.20893267413585837	0.2700035677335528	0.21331088512219118	0.30775287300839765
85000	-7720.126055836088	-7415.603078333152	-304.52297750293656	-7415.603078333152	21.61232251139738	6.886734082954974	0.0066997507204372385	2.9065828762269375	1.0	6.916195093055118	7.258241663602291	-282.21657003814937	0.20893267413585837	0.2700035677335528	0.21331088512219118	0.30775287300839765
86000	-7703.794347140276	-7404.146478143428	-299.6478689968484	-7404.146478143428	20.835366637241567	6.9304075537820395	0.006775583459657047	2.9065828762269375	1.0	7.593494944364086	6.203132800392005	-276.76060714836535	0.20893267413585837	0.2700035677335528	0.21331088512219118	0.30775287300839765
87000	-7693.388520172016	-7392.539470307164	-300.8490498648512	-7392.539470307164	24.69904250546622	5.989874153899072	0.006667601380241815	2.9065828762269375	1.0	7.593494944364086	6.306287459847441	-279.0331850790035	0.20893267413585837	0.2700035677335528	0.21331088512219118	0.30775287300839765
88000	-7701.414906362053	-7399.781831454614	-301.63307490743983	-7399.781831454614	23.04132076835601	8.611753878467063	0.007117607982545652	2.9065828762269375	1.0	7.593494944364086	6.1709709195134534	-276.82483453914216	0.20893267413585837	0.2700035677335528	0.21331088512219118	0.30775287300839765
89000	-7698.669079669738	-7395.935132123757	-302.73394754598064	-7395.935132123757	23.336383969239314	7.790992333801141	0.007325856318754524	2.9065828762269375	1.0	7.593494944364086	5.719154794056285	-278.883745267756	0.20893267413585837	0.2700035677335528	0.21245771140689537	0.30860604672369346
90000	-7702.956425498439	-7401.461496134265	-301.4949293641736	-7401.461496134265	24.15620246259615	7.197708447576634	0.006867799562940127	2.9065828762269375	1.0	7.593494944364086	5.969942598884095	-278.3310811893268	0.20817282343330423	0.2707634184361069	0.21245771140689537	0.30860604672369346
91000	-7701.999665810743	-7403.9080271744715	-298.09163863627117	-7403.9080271744715	23.56490056397388	6.667366708503018	0.006197662537976341	2.9065828762269375	1.0	4.638782532880338	5.686337683617467	-278.63322779777053	0.20817282343330423	0.2707634184361069	0.21245771140689537	0.30860604672369346
92000	-7688.305318630345	-7386.695829581104	-301.60948904924163	-7386.695829581104	24.787092229324355	8.110527243864512	0.006840993129431183	2.9065828762269375	1.0	4.638782532880338	6.863159750386487	-280.24456180043757	0.20817282343330423	0.2707634184361069	0.21245771140689537	0.30860604672369346
93000	-7690.88456399193	-7389.415422223911	-301.4691417680187	-7389.415422223911	24.2835298505437	9.304398510155176	0.006824201356642865	2.9065828762269375	1.0	4.638782532880338	6.3873359795159805	-278.86106408717706	0.20817282343330423	0.2707634184361069	0.21245771140689537	0.30860604672369346
94000	-7703.1126609260145	-7403.862274614425	-299.2503863115895	-7403.862274614425	23.082507979580356	8.302643316664268	0.0073671073396553	2.9065828762269375	1.0	3.8826527912320117	5.934601410088728	-278.49952297761087	0.20817282343330423	0.2707634184361069	0.21245771140689537	0.30860604672369346
95000	-7705.95705171459	-7403.767307880242	-302.1897438343481	-7403.767307880242	23.697844743150586	8.560231336953045	0.007376449342691994	2.9065828762269375	1.0	3.8826527912320117	6.536747234894901	-281.05588444669434	0.20817282343330423	0.2707634184361069	0.21245771140689537	0.30860604672369346
96000	-7719.493237372992	-7416.52316129562	-302.9700760773709	-7416.52316129562	23.10792357964823	6.80250931213412	0.006434892597041701	2.9065828762269375	1.0	6.64594971260609	5.210363584757726	-281.40109994398176	0.20817282343330423	0.2707634184361069	0.21245771140689537	0.30860604672369346
97000	-7697.827890172787	-7394.1565969439835	-303.67129322880356	-7394.1565969439835	22.879379233894102	8.764730569964415	0.007409495750440547	2.9065828762269375	1.0	6.64594971260609	6.2923357163678455	-279.58201663720945	0.20817282343330423	0.2707634184361069	0.21245771140689537	0.30860604672369346
98000	-7718.376689400062	-7413.062372167797	-305.31431723226547	-7413.062372167797	23.561897283865157	7.2731219821224355	0.006901939877443129	2.9065828762269375	1.0	6.64594971260609	6.080045244749009	-282.9899771917911	0.20817282343330423	0.2707634184361069	0.21245771140689537	0.30860604672369346
99000	-7686.99520978546	-7382.080656943493	-304.9145528419677	-7382.080656943493	24.24403904330987	7.565382719083025	0.006424068900986126	2.9065828762269375	1.0	6.64594971260609	6.203075080740805	-282.31433140732133	0.19625177268538885	0.26223163975266	0.21245771140689537	0.32905887615505575
100000	-7672.368969031197	-7363.206151243125	-309.1628177880718	-7363.206151243125	23.277460942008798	8.141313299539226	0.007144698079134985	2.9065828762269375	1.0	6.64594971260609	6.70510235903881	-285.7363025407541	0.19253038169051503	0.26223163975266	0.21245771140689537	0.33278026714992953
