#
#model:
#
#<?xml version="1.0" encoding="UTF-8" standalone="no"?><input id="posterior" spec="beast.core.util.CompoundDistribution">
#    <distribution id="prior" spec="beast.core.util.CompoundDistribution">
#        <distribution id="CoalescentConstant.t:1" spec="beast.evolution.tree.coalescent.Coalescent">
#            <populationModel id="ConstantPopulation.t:1" spec="beast.evolution.tree.coalescent.ConstantPopulation">
#                <parameter id="popSize.t:1" name="popSize" spec="beast.core.parameter.RealParameter">0.3</parameter>
#            </populationModel>
#            <treeIntervals id="TreeIntervals.t:1" spec="beast.evolution.tree.coalescent.TreeIntervals">
#                <tree id="Tree.t:1" spec="beast.evolution.tree.Tree">
#                    <trait id="dateTrait.t:1" spec="beast.evolution.tree.TraitSet" traitname="date" value="2_2000.1=2000.1,17_2001.6=2001.6,18_2001.7=2001.7,21_2002=2002,24_2002.3=2002.3,26_2002.5=2002.5,5_2000.4=2000.4,7_2000.6=2000.6,4_2000.3=2000.3,13_2001.2=2001.2,15_2001.4=2001.4,16_2001.5=2001.5,1_2000=2000,8_2000.7=2000.7,3_2000.2=2000.2,12_2001.1=2001.1,22_2002.1=2002.1,32_2003.1=2003.1,28_2002.7=2002.7,43_2004.2=2004.2,46_2004.5=2004.5,55_2005.4=2005.4,63_2006.2=2006.2,65_2006.4=2006.4,66_2006.5=2006.5,67_2006.6=2006.6,23_2002.2=2002.2,10_2000.9=2000.9,14_2001.3=2001.3,33_2003.2=2003.2,39_2003.8=2003.8,34_2003.3=2003.3,44_2004.3=2004.3,48_2004.7=2004.7,53_2005.2=2005.2,52_2005.1=2005.1,58_2005.7=2005.7,9_2000.8=2000.8,6_2000.5=2000.5,11_2001=2001,25_2002.4=2002.4,20_2001.9=2001.9,47_2004.6=2004.6,36_2003.5=2003.5,45_2004.4=2004.4,50_2004.9=2004.9,42_2004.1=2004.1,51_2005=2005,35_2003.4=2003.4,37_2003.6=2003.6,57_2005.6=2005.6,59_2005.8=2005.8,61_2006=2006,62_2006.1=2006.1,41_2004=2004,40_2003.9=2003.9,49_2004.8=2004.8,74_2007.3=2007.3,77_2007.6=2007.6,68_2006.7=2006.7,70_2006.9=2006.9,81_2008=2008,19_2001.8=2001.8,27_2002.6=2002.6,29_2002.8=2002.8,30_2002.9=2002.9,31_2003=2003,38_2003.7=2003.7,56_2005.5=2005.5,69_2006.8=2006.8,82_2008.1=2008.1,80_2007.9=2007.9,83_2008.2=2008.2,87_2008.6=2008.6,71_2007=2007,75_2007.4=2007.4,72_2007.1=2007.1,91_2009=2009,88_2008.7=2008.7,94_2009.3=2009.3,98_2009.7=2009.7,79_2007.8=2007.8,84_2008.3=2008.3,78_2007.7=2007.7,76_2007.5=2007.5,89_2008.8=2008.8,93_2009.2=2009.2,96_2009.5=2009.5,97_2009.6=2009.6,95_2009.4=2009.4,100_2009.9=2009.9,54_2005.3=2005.3,60_2005.9=2005.9,64_2006.3=2006.3,73_2007.2=2007.2,86_2008.5=2008.5,85_2008.4=2008.4,90_2008.9=2008.9,99_2009.8=2009.8,92_2009.1=2009.1,101_2010=2010">
#                        <taxa id="TaxonSet.1" spec="beast.evolution.alignment.TaxonSet">
#                        </taxa>
#                    </trait>
#                    <taxonset idref="TaxonSet.1"/>
#                </tree>
#            </treeIntervals>
#        </distribution>
#        <prior id="rateOmega.prior" name="distribution">
#            <parameter id="rateOmega" lower="0.1" name="x" spec="beast.core.parameter.RealParameter" upper="10.0">0.5</parameter>
#            <Gamma id="Gamma.0" name="distr">
#                <parameter estimate="false" id="rateOmega.alpha" name="alpha" spec="beast.core.parameter.RealParameter">0.1</parameter>
#                <parameter estimate="false" id="rateOmega.beta" name="beta" spec="beast.core.parameter.RealParameter">1.0</parameter>
#            </Gamma>
#        </prior>
#        <prior id="rateMean.prior" name="distribution">
#            <parameter id="rateMean" lower="1.0E-4" name="x" spec="beast.core.parameter.RealParameter" upper="10.0">0.005</parameter>
#            <Gamma id="Gamma.1" name="distr">
#                <parameter estimate="false" id="rateMean.alpha" name="alpha" spec="beast.core.parameter.RealParameter">0.005</parameter>
#                <parameter estimate="false" id="rateMean.beta" name="beta" spec="beast.core.parameter.RealParameter">1.0</parameter>
#            </Gamma>
#        </prior>
#        <prior id="FrequenciesPrior.s:1" name="distribution">
#            <parameter dimension="4" id="freqParameter.s:1" lower="0.0" name="x" spec="beast.core.parameter.RealParameter" upper="1.0">0.25</parameter>
#            <Uniform id="Uniform.3" name="distr"/>
#        </prior>
#        <prior id="GammaShapePrior.s:1" name="distribution">
#            <parameter id="gammaShape.s:1" name="x" spec="beast.core.parameter.RealParameter">1.0</parameter>
#            <Exponential id="Exponential.0" name="distr">
#                <parameter estimate="false" id="RealParameter.0" name="mean" spec="beast.core.parameter.RealParameter">1.0</parameter>
#            </Exponential>
#        </prior>
#        <prior id="KappaPrior.s:1" name="distribution">
#            <parameter id="kappa.s:1" lower="0.0" name="x" spec="beast.core.parameter.RealParameter">2.0</parameter>
#            <LogNormal id="LogNormalDistributionModel.0" name="distr">
#                <parameter estimate="false" id="RealParameter.1" name="M" spec="beast.core.parameter.RealParameter">1.0</parameter>
#                <parameter estimate="false" id="RealParameter.2" name="S" spec="beast.core.parameter.RealParameter">1.25</parameter>
#            </LogNormal>
#        </prior>
#        <prior id="PopSizePrior.t:1" name="distribution" x="@popSize.t:1">
#            <OneOnX id="OneOnX.1" name="distr"/>
#        </prior>
#    </distribution>
#    <distribution id="likelihood" spec="beast.core.util.CompoundDistribution" useThreads="true">
#        <distribution data="@1" id="treeLikelihood.1" spec="beast.evolution.likelihood.ThreadedTreeLikelihood" tree="@Tree.t:1">
#            <siteModel gammaCategoryCount="4" id="SiteModel.s:1" shape="@gammaShape.s:1" spec="beast.evolution.sitemodel.SiteModel">
#                <parameter id="mutationRate.s:1" name="mutationRate" spec="beast.core.parameter.RealParameter">1.0</parameter>
#                <parameter estimate="false" id="proportionInvariant.s:1" lower="0.0" name="proportionInvariant" spec="beast.core.parameter.RealParameter" upper="1.0">0.0</parameter>
#                <substModel id="hky.s:1" kappa="@kappa.s:1" spec="beast.evolution.substitutionmodel.HKY">
#                    <frequencies frequencies="@freqParameter.s:1" id="estimatedFreqs.s:1" spec="beast.evolution.substitutionmodel.Frequencies"/>
#                </substModel>
#            </siteModel>
#            <branchRateModel id="branchRates" numSites="1000" numberOfDiscreteRates="12" rateMean="@rateMean" rateOmega="@rateOmega" spec="beast.evolution.branchratemodel.ARClockModel" tree="@Tree.t:1">
#                <rateCategories dimension="200" id="rateCategories" spec="beast.core.parameter.IntegerParameter">1</rateCategories>
#            </branchRateModel>
#        </distribution>
#    </distribution>
#</input>
#
Sample	posterior	likelihood	prior	treeLikelihood	TreeHeight	rateOmega	rateMean	kappa	mutationRate	gammaShape	popSize	CoalescentConstant	freqParameter.1	freqParameter.2	freqParameter.3	freqParameter.4
0	-35635.25534492083	-35401.22213875047	-234.03320617036022	-35401.22213875047	10.751582664363609	0.5	0.005	2.0	1.0	1.0	0.3	-230.21431273121476	0.25	0.25	0.25	0.25
1000	-18973.267936538283	-18658.639337547156	-314.62859899112766	-18658.639337547156	11.48843169327499	0.9138991980872636	0.05511822946034803	3.9361561049888136	1.0	1.0	3.8733142230321587	-304.16597828783875	0.25	0.25	0.25	0.25
2000	-17005.00915430256	-16676.509363281755	-328.49979102080357	-16676.509363281755	11.48843169327499	8.909680645584826	0.039922565324443195	3.9361561049888136	1.0	1.0	6.944309711773845	-307.7442425261477	0.25	0.25	0.25	0.25
3000	-15813.141669330806	-15477.201436385234	-335.9402329455717	-15477.201436385234	13.7787573397367	9.596217671645258	0.03516713311286447	3.9361561049888136	1.0	1.0	9.331706000295354	-314.2667956529148	0.25	0.25	0.25	0.25
4000	-13960.303269188997	-13615.575502189587	-344.7277669994083	-13615.575502189587	13.630867636490203	9.055705113502212	0.02412032815226445	3.9361561049888136	1.0	1.0	8.679038677361198	-324.10574447742334	0.25	0.25	0.25	0.25
5000	-13308.528809787766	-12941.953400102295	-366.5754096854716	-12941.953400102295	14.072675639305233	9.733683342416663	0.020130549217766625	5.109547325594272	1.0	1.0	12.148437729663014	-344.71353761908324	0.24040836811541208	0.25959163188458795	0.25	0.25
6000	-12424.595059772424	-12057.962101812871	-366.63295795955287	-12057.962101812871	13.661161234352598	9.69021438290717	0.018014258917282346	5.109547325594272	1.0	1.0	12.130230190458706	-344.93271881171233	0.24040836811541208	0.25959163188458795	0.25	0.25
7000	-11588.93300201974	-11212.098627062645	-376.8343749570932	-11212.098627062645	13.678374745808364	9.492030863720712	0.01542511810770043	5.109547325594272	1.0	0.6274409745445836	12.446763600400999	-355.85469566861303	0.23965308582983344	0.2683222523126875	0.2420246618574791	0.25
8000	-11091.705835142973	-10710.098543022064	-381.60729212090826	-10710.098543022064	13.957911255418226	9.521426137821955	0.013256145553210546	5.109547325594272	1.0	0.6274409745445836	14.145716101804885	-360.62043077888075	0.2300821730292993	0.2683222523126875	0.25159557465801324	0.25
9000	-10803.96268798681	-10425.021571143121	-378.94111684368835	-10425.021571143121	14.399924388707344	9.872236260852153	0.01167366102488357	5.109547325594272	1.0	0.6274409745445836	11.504928968725896	-357.9055910811981	0.22995264357671008	0.2683222523126875	0.2468730835190396	0.2548520205915628
10000	-10505.13864223535	-10132.638652275034	-372.4999899603147	-10132.638652275034	15.513268521557173	9.799096018040483	0.011563572729440199	4.718332873358147	1.0	0.6274409745445836	12.683505403433054	-351.56610674112517	0.22995264357671008	0.2683222523126875	0.2468730835190396	0.2548520205915628
11000	-10293.025487179886	-9915.448549611201	-377.57693756868423	-9915.448549611201	16.101727754176142	9.952328042917467	0.01151481525793544	4.718332873358147	1.0	0.6274409745445836	12.1518321731606	-356.5229330247284	0.228477452926398	0.2697974429629996	0.2468730835190396	0.2548520205915628
12000	-9729.597749909586	-9359.022823973904	-370.5749259356816	-9359.022823973904	15.565973818178342	5.994653470414674	0.009986370332517501	4.718332873358147	1.0	0.9580899479589777	13.502936272098873	-353.64199411621865	0.228477452926398	0.2697974429629996	0.2468730835190396	0.2548520205915628
13000	-9558.275446920383	-9182.121981379594	-376.15346554078917	-9182.121981379594	15.997975334181792	9.144338711577403	0.009815038616393322	4.718332873358147	1.0	0.9580899479589777	12.99877872107141	-355.74625018839646	0.228477452926398	0.2697974429629996	0.2468730835190396	0.2548520205915628
14000	-9389.655058184424	-9015.438987913578	-374.21607027084633	-9015.438987913578	26.199758750461957	6.742652821775906	0.008816512909546142	4.718332873358147	1.0	0.9580899479589777	11.411946221294823	-356.7227002808605	0.228477452926398	0.2697974429629996	0.2468730835190396	0.2548520205915628
15000	-9240.105173786413	-8865.075458495457	-375.0297152909547	-8865.075458495457	18.34818171403043	6.651674188958323	0.008842930326989266	4.718332873358147	1.0	1.060510737562855	14.13765804301096	-357.31994488453626	0.2352929354850437	0.2697974429629996	0.2400576009603939	0.2548520205915628
16000	-9182.303125953378	-8806.406785922816	-375.89634003056256	-8806.406785922816	18.05604106985069	6.831783488200769	0.009014878716948116	4.718332873358147	1.0	1.060510737562855	13.113898563001406	-358.0382504981682	0.2352929354850437	0.2697974429629996	0.2400576009603939	0.2548520205915628
17000	-9139.301494972373	-8767.568790100926	-371.73270487144646	-8767.568790100926	18.05604106985069	9.030179158324078	0.008824798126742577	4.718332873358147	1.0	1.2781250978178085	10.786064554443213	-351.424329358266	0.2352929354850437	0.2697974429629996	0.2400576009603939	0.2548520205915628
18000	-9112.785143014782	-8740.454129595333	-372.3310134194493	-8740.454129595333	15.6498535136307	8.114525228940174	0.008757875204236484	4.718332873358147	1.0	1.2729919033449337	13.753748907364942	-352.8042347089554	0.2352929354850437	0.2697974429629996	0.2400576009603939	0.2548520205915628
19000	-9019.270136162151	-8649.312056279909	-369.95807988224203	-8649.312056279909	16.608134684786666	7.930670866025637	0.008903338848092511	4.718332873358147	1.0	0.9635900465141359	16.065888786671604	-350.77326063042557	0.2352929354850437	0.2697974429629996	0.2400576009603939	0.2548520205915628
20000	-8591.305470067637	-8228.36323666143	-362.94223340620823	-8228.36323666143	16.765323773479043	7.720416806524005	0.00838248631042239	4.718332873358147	1.0	1.2829184374082598	12.584841892318265	-343.97722865806605	0.22491373902008144	0.2697974429629996	0.2432996167459718	0.26198920127094716
21000	-8502.093130304806	-8139.383735478729	-362.7093948260765	-8139.383735478729	21.045307884539074	9.160107845768207	0.008005399041668257	4.718332873358147	1.0	1.2829184374082598	10.311333160049422	-342.3962331850641	0.22491373902008144	0.2697974429629996	0.2432996167459718	0.26198920127094716
22000	-8477.861899426589	-8120.258230856171	-357.60366857041674	-8120.258230856171	17.604256446445742	8.794167855023186	0.008991718171703016	4.718332873358147	1.0	1.2829184374082598	10.511218125679116	-337.5573465756299	0.2252681922470515	0.26944298973602954	0.2432996167459718	0.26198920127094716
23000	-8413.050604190716	-8060.138410874979	-352.9121933157367	-8060.138410874979	18.05819607067181	8.21188783565227	0.008517492765179054	4.718332873358147	1.0	1.4120814093566252	10.7531931882972	-333.4122692678506	0.2252681922470515	0.26944298973602954	0.2432996167459718	0.26198920127094716
24000	-8329.023600079796	-7977.1324262842045	-351.8911737955907	-7977.1324262842045	19.23014880308262	7.948528594436726	0.008349098018206927	4.718332873358147	1.0	1.7770629216455773	9.564991626370967	-332.4560939727662	0.2252681922470515	0.26944298973602954	0.2432996167459718	0.26198920127094716
25000	-8277.134380439707	-7929.5899615233575	-347.54441891635037	-7929.5899615233575	19.368816265437008	7.598730169109416	0.007534108780554345	4.718332873358147	1.0	1.7770629216455773	9.561500211780361	-328.60302210440193	0.2252681922470515	0.26944298973602954	0.2432996167459718	0.26198920127094716
26000	-8187.313124626271	-7834.426040162102	-352.8870844641684	-7834.426040162102	17.4733842021846	8.124097302053178	0.00796155194167435	4.239468556624187	1.0	1.7770629216455773	8.931123979769463	-333.5141424730169	0.21762232961713435	0.26944298973602954	0.2432996167459718	0.26963506390086434
27000	-8126.884798510822	-7774.93382579269	-351.95097271813216	-7774.93382579269	17.668847519503533	7.2010458213889414	0.007476740288097003	4.239468556624187	1.0	1.7770629216455773	11.932152806732828	-333.3829330224592	0.21762232961713435	0.26944298973602954	0.2432996167459718	0.26963506390086434
28000	-8111.198698768813	-7757.919840440791	-353.27885832802247	-7757.919840440791	18.348735049295634	7.098525571390923	0.00755537817456059	4.239468556624187	1.0	3.3067599900357325	9.962624467951242	-333.46645413588186	0.21762232961713435	0.26944298973602954	0.2432996167459718	0.26963506390086434
29000	-8078.169199004413	-7724.5679199053675	-353.6012790990453	-7724.5679199053675	17.585095484052413	7.829907992295301	0.007654863067844026	4.239468556624187	1.0	3.3067599900357325	10.102624934284092	-332.94216487482464	0.20806205868757832	0.27900326066558556	0.2432996167459718	0.26963506390086434
30000	-8014.843553851893	-7665.14013078268	-349.7034230692135	-7665.14013078268	17.475468205765164	8.293819776612029	0.007028263417484128	4.239468556624187	1.0	3.3067599900357325	9.725196491297163	-328.65226944796916	0.21368668907640065	0.27900326066558556	0.23767498635714948	0.26963506390086434
31000	-7901.741561574287	-7554.297577542307	-347.44398403197937	-7554.297577542307	17.177885079355413	7.836449528939913	0.007256021408750227	4.239468556624187	1.0	3.3067599900357325	11.135274881645659	-326.73389474530586	0.21368668907640065	0.27900326066558556	0.23767498635714948	0.26963506390086434
32000	-7784.769633374843	-7444.118049373534	-340.6515840013092	-7444.118049373534	17.51931799301341	6.596334346606123	0.00717485300129771	4.239468556624187	1.0	3.3067599900357325	9.921742823948994	-321.46331819641273	0.21368668907640065	0.2833427773495018	0.23285173486692082	0.27011879870717675
33000	-7730.334701906565	-7387.953039436557	-342.3816624700076	-7387.953039436557	17.4425385172678	8.353625793287923	0.006627592813786255	4.43792282495946	1.0	3.3067599900357325	8.624415766877632	-321.3837333656206	0.21368668907640065	0.2833427773495018	0.23285173486692082	0.27011879870717675
34000	-7718.465464831514	-7376.44378788878	-342.0216769427336	-7376.44378788878	16.984654387013844	8.860909647366551	0.00714238451394704	4.43792282495946	1.0	3.3067599900357325	8.81523333964731	-320.3665757508776	0.21368668907640065	0.2833427773495018	0.23285173486692082	0.27011879870717675
35000	-7707.974095865014	-7364.9253905201385	-343.04870534487543	-7364.9253905201385	16.984654387013844	8.762823636175806	0.006919090541412672	4.43792282495946	1.0	3.063153210012219	9.199971801910058	-321.73442276165815	0.21368668907640065	0.2833427773495018	0.22850008748710315	0.27447044608699445
36000	-7701.629960379819	-7359.1127623193015	-342.517198060517	-7359.1127623193015	17.411616110989865	7.716894457476515	0.007362909469364155	4.43792282495946	1.0	3.063153210012219	9.792370893679681	-322.2385332389908	0.2089841747895823	0.2833427773495018	0.2332026017739215	0.27447044608699445
37000	-7683.13573347078	-7343.549503745239	-339.5862297255407	-7343.549503745239	17.474844206444747	8.90367035268374	0.007346703704791872	4.43792282495946	1.0	3.063153210012219	8.867693975354484	-318.09344002116023	0.2089841747895823	0.2833427773495018	0.2332026017739215	0.27447044608699445
38000	-7672.248954285607	-7333.282616271544	-338.96633801406415	-7333.282616271544	16.11821133565175	8.496162724474358	0.00745028453766955	4.43792282495946	1.0	3.063153210012219	10.046589043082687	-317.78436755220895	0.2089841747895823	0.27427904483649745	0.2332026017739215	0.2835341785999988
39000	-7653.076914948175	-7317.659573304375	-335.41734164380006	-7317.659573304375	16.479847712600183	9.856533116897257	0.007387160992879308	4.43792282495946	1.0	3.063153210012219	9.736544044996558	-312.78120915531895	0.2089841747895823	0.27427904483649745	0.2332026017739215	0.2835341785999988
40000	-7643.969278839525	-7310.929372310748	-333.03990652877724	-7310.929372310748	17.160038317902757	8.083128686137966	0.007166465654389967	4.152681793493663	1.0	5.011804392292754	8.609132475307222	-310.6463707324567	0.2089841747895823	0.27427904483649745	0.2332026017739215	0.2835341785999988
41000	-7658.8183350453755	-7326.1480360375135	-332.67029900786173	-7326.1480360375135	16.1011353084499	9.425195926518555	0.007862138139339284	4.152681793493663	1.0	5.011804392292754	7.708311824358184	-308.8140951214776	0.2089841747895823	0.27427904483649745	0.2332026017739215	0.2835341785999988
42000	-7560.402130479532	-7234.1816609306925	-326.22046954884	-7234.1816609306925	16.198242852870035	8.084633200785786	0.007752532615282606	4.152681793493663	1.0	5.011804392292754	7.542824855786066	-303.87868851738443	0.2089841747895823	0.27427904483649745	0.22785194741678286	0.2888848329571374
43000	-7512.237062183955	-7186.748657992905	-325.4884041910503	-7186.748657992905	16.35276488561551	7.989118059654026	0.007261459546580884	4.152681793493663	1.0	5.011804392292754	8.357660084741871	-303.21585545436943	0.21080446424889235	0.27427904483649745	0.22603165795747282	0.2888848329571374
44000	-7495.611364249857	-7164.638573581189	-330.97279066866764	-7164.638573581189	17.992051632654228	9.576922255733725	0.007310678421196478	4.152681793493663	1.0	5.011804392292754	6.379755219264176	-307.2125675189865	0.19979558758995802	0.2760793688830894	0.22603165795747282	0.2980933855694798
45000	-7472.081251917028	-7139.417727015954	-332.6635249010734	-7139.417727015954	17.535417113620646	9.576922255733725	0.007738108378661033	4.152681793493663	1.0	5.011804392292754	8.124987090557383	-308.6045228322585	0.19015000983919683	0.27998715795166057	0.22212386888890168	0.307738963320241
46000	-7460.404858650501	-7128.0632942323455	-332.3415644181563	-7128.0632942323455	16.143735396910166	9.727861210977137	0.007805960332034907	4.152681793493663	1.0	5.011804392292754	8.9929022905131	-308.00730336959236	0.19015000983919683	0.27998715795166057	0.22212386888890168	0.307738963320241
47000	-7474.282782018592	-7140.941685427995	-333.34109659059686	-7140.941685427995	17.39837512337805	9.876503187075878	0.0074001124401204006	4.152681793493663	1.0	5.376616461284997	10.344026238854706	-308.39329121263756	0.19015000983919683	0.27998715795166057	0.22212386888890168	0.307738963320241
48000	-7482.04270888534	-7151.6844304200995	-330.35827846524063	-7151.6844304200995	18.01125523426388	9.621870241769562	0.006780216315134292	4.152681793493663	1.0	5.376616461284997	8.65586683191299	-305.95445440349846	0.19349516131802566	0.27998715795166057	0.2142916668128138	0.31222601391750004
49000	-7467.201834081472	-7145.712924033966	-321.48891004750567	-7145.712924033966	16.488895374519675	8.375236235846849	0.00659117361728776	4.152681793493663	1.0	5.376616461284997	7.748722588145213	-298.59563800029144	0.19349516131802566	0.27998715795166057	0.2142916668128138	0.31222601391750004
50000	-7456.592104435365	-7134.8000557356245	-321.7920486997405	-7134.8000557356245	17.569255496604224	8.8572961421466	0.007529133430306834	4.152681793493663	1.0	5.376616461284997	7.588896229307324	-298.2538713135378	0.19344276846771435	0.2800395508019719	0.2142916668128138	0.31222601391750004
51000	-7466.32564021158	-7142.566031578399	-323.7596086331814	-7142.566031578399	18.08321460718309	9.580669823375404	0.0068907360967820925	4.152681793493663	1.0	7.844545427279668	8.01407424666715	-296.9937575350185	0.19344276846771435	0.2800395508019719	0.2142916668128138	0.31222601391750004
52000	-7460.589717525086	-7140.04706153685	-320.54265598823525	-7140.04706153685	16.217102742176753	9.387385500493174	0.007462830210061801	4.152681793493663	1.0	7.844545427279668	6.077804365075621	-294.1850574805796	0.19344276846771435	0.2800395508019719	0.2142916668128138	0.31222601391750004
53000	-7428.506313920769	-7108.522102810958	-319.98421110981076	-7108.522102810958	16.31607701612062	9.66846722018194	0.007783922196349698	4.152681793493663	1.0	7.844545427279668	6.331652616278114	-293.23582435245345	0.19344276846771435	0.2800395508019719	0.19873352018646553	0.32778416054384835
54000	-7423.044544929535	-7103.220651306354	-319.8238936231808	-7103.220651306354	16.31607701612062	8.345200501923907	0.007736590432683821	4.152681793493663	1.0	7.844545427279668	5.978525219402806	-294.5947419354415	0.19344276846771435	0.2800395508019719	0.19873352018646553	0.32778416054384835
55000	-7423.101195359766	-7105.233590311833	-317.86760504793364	-7105.233590311833	15.637158544782846	8.809320946078167	0.007804834187063645	4.152681793493663	1.0	7.844545427279668	7.459183009877195	-291.8955429803918	0.19344276846771435	0.2800395508019719	0.19873352018646553	0.32778416054384835
56000	-7412.661348687529	-7092.4557291256215	-320.20561956190755	-7092.4557291256215	15.087478808360876	9.391219737371292	0.007657855264427805	4.152681793493663	1.0	7.844545427279668	6.947911114104859	-293.6841584777557	0.19344276846771435	0.2800395508019719	0.18353261634210366	0.3429850643882102
57000	-7397.101854839728	-7073.036875927243	-324.0649789124845	-7073.036875927243	16.046989248351323	7.724282615569339	0.007439904081620819	4.152681793493663	1.0	7.844545427279668	8.994808658733666	-299.15706159403265	0.16664832667929172	0.29572325789632625	0.18353261634210366	0.3540957990822785
58000	-7382.399401180817	-7059.493972480529	-322.905428700288	-7059.493972480529	15.283025219613736	8.2861866194641	0.007326913908455451	4.152681793493663	1.0	7.844545427279668	6.900353428443679	-297.6528235438308	0.16664832667929172	0.29572325789632625	0.18353261634210366	0.3540957990822785
59000	-7379.333037743463	-7052.076570722168	-327.25646702129495	-7052.076570722168	15.864820730384958	9.60789776772327	0.007370394809350373	3.576985186800925	1.0	7.844545427279668	6.709047507979367	-300.7537196210985	0.16664832667929172	0.2796333508829228	0.18353261634210366	0.37018570609568197
60000	-7363.311159755705	-7037.192233503934	-326.11892625177137	-7037.192233503934	15.864820730384958	9.432870918054842	0.00749771015836407	3.576985186800925	1.0	3.998182658193314	7.729552390834498	-303.495352888095	0.16664832667929172	0.2717047695574856	0.18353261634210366	0.37811428742111913
61000	-7357.112782274738	-7031.226649272465	-325.8861330022725	-7031.226649272465	15.864820730384958	9.10840610893845	0.007694859064519085	3.576985186800925	1.0	3.998182658193314	8.480566390995333	-303.4997784831615	0.1566400518990656	0.2817130443377117	0.18353261634210366	0.37811428742111913
62000	-7350.522326967719	-7030.968910796225	-319.55341617149423	-7030.968910796225	15.541298417603114	8.368221793071678	0.007865274860127407	3.576985186800925	1.0	3.998182658193314	7.643228657637271	-298.06551786340657	0.1579488911798024	0.28040420505697494	0.18353261634210366	0.37811428742111913
63000	-7358.54376457271	-7039.412629061757	-319.13113551095245	-7039.412629061757	16.211962963305968	8.521844164932464	0.007333386844914948	3.576985186800925	1.0	3.998182658193314	7.156141571127989	-297.60929358329327	0.1579488911798024	0.28040420505697494	0.18353261634210366	0.37811428742111913
64000	-7354.624014947072	-7041.777654866725	-312.8463600803471	-7041.777654866725	15.029689355594803	8.230965208731691	0.007760046620520223	3.576985186800925	1.0	3.998182658193314	5.867452204984763	-291.78850930267424	0.1579488911798024	0.27695855364856525	0.1806066461234702	0.3844859090481623
65000	-7357.480858103972	-7041.765839560112	-315.71501854385997	-7041.765839560112	15.816093301502876	9.350503239306159	0.008387113929295288	2.965011108166926	1.0	3.998182658193314	7.419334609287377	-293.3195797583352	0.16701775106787614	0.27695855364856525	0.17153778623539645	0.3844859090481623
66000	-7341.394303419915	-7023.25911833226	-318.135185087654	-7023.25911833226	15.23521167972537	9.480369192435704	0.008328885820696203	2.965011108166926	1.0	3.998182658193314	7.383321738966936	-295.6093224772625	0.16701775106787614	0.2950489500059207	0.153447389878041	0.3844859090481623
67000	-7347.441956442523	-7028.689404511265	-318.7525519312582	-7028.689404511265	15.144940591844849	9.669345196280549	0.008262804865117237	2.965011108166926	1.0	3.998182658193314	6.38054422070165	-296.173911803897	0.16701775106787614	0.2950489500059207	0.153447389878041	0.3844859090481623
68000	-7339.728169307243	-7027.16598578822	-312.56218351902316	-7027.16598578822	14.907106466101903	9.018249145505045	0.008151984198338262	2.965011108166926	1.0	3.998182658193314	6.1360568504712285	-290.74999590596815	0.16701775106787614	0.2950489500059207	0.153447389878041	0.3844859090481623
69000	-7324.580935016897	-7011.239488988182	-313.3414460287148	-7011.239488988182	15.255124621807976	8.074881012772478	0.007863315039842616	2.965011108166926	1.0	3.998182658193314	6.144769457600872	-292.60681200133484	0.1658690439331644	0.2950489500059207	0.153447389878041	0.3856346161828741
70000	-7330.491763853357	-7013.777886795861	-316.71387705749606	-7013.777886795861	15.255124621807976	8.966664894355173	0.007917901024715191	2.965011108166926	1.0	4.610069299842627	7.391683064135006	-294.18960030745615	0.16735746985836733	0.2950489500059207	0.15195896395283806	0.3856346161828741
71000	-7347.774899765355	-7033.799919172766	-313.97498059258965	-7033.799919172766	15.320969301309184	9.084580828266965	0.007508930366770813	2.965011108166926	1.0	4.610069299842627	7.353837205857952	-291.3793397611116	0.16735746985836733	0.2950489500059207	0.15195896395283806	0.3856346161828741
72000	-7352.236657852507	-7035.563111458606	-316.6735463939011	-7035.563111458606	15.309722066388208	9.03530451134086	0.007334474849708139	2.965011108166926	1.0	3.8645435751538018	7.084225263776609	-294.9385185062214	0.1611816632166532	0.278683564994351	0.15195896395283806	0.4081758078361579
73000	-7334.822250789783	-7015.0396069862445	-319.7826438035386	-7015.0396069862445	16.22634196575638	9.089977302720866	0.007411884417675104	2.965011108166926	1.0	6.58082378470904	7.166760365876656	-295.2491263912688	0.1611816632166532	0.278683564994351	0.15195896395283806	0.4081758078361579
74000	-7338.674924107137	-7015.773480622836	-322.9014434843006	-7015.773480622836	15.537117770934977	9.221392125907382	0.007254218613413818	2.965011108166926	1.0	6.58082378470904	8.620162557442688	-298.0604944777279	0.1611816632166532	0.278683564994351	0.15195896395283806	0.4081758078361579
75000	-7328.207134961214	-7007.574326567191	-320.6328083940231	-7007.574326567191	15.563025557920511	9.161146552116747	0.006974014576357283	2.965011108166926	1.0	6.58082378470904	6.135982991823268	-296.23741320216186	0.1611816632166532	0.278683564994351	0.15195896395283806	0.4081758078361579
76000	-7339.472089653312	-7022.637801263457	-316.8342883898549	-7022.637801263457	15.438304410932934	8.133302904383017	0.006933461464720982	2.965011108166926	1.0	6.58082378470904	5.882467922659347	-293.62187781727897	0.1611816632166532	0.278683564994351	0.15195896395283806	0.4081758078361579
77000	-7338.61942012203	-7019.4480390861645	-319.17138103586467	-7019.4480390861645	15.91113287755661	8.350853669366796	0.006941222322904636	2.965011108166926	1.0	6.58082378470904	6.099044890588736	-295.68038602768274	0.1611816632166532	0.278683564994351	0.15195896395283806	0.4081758078361579
78000	-7317.070376865568	-6998.260091056832	-318.8102858087357	-6998.260091056832	15.91113287755661	9.10311170206139	0.0074896763051321555	2.965011108166926	1.0	6.58082378470904	8.365401820804845	-294.09721739550025	0.13868990576689239	0.278683564994351	0.15195896395283806	0.4306675652859187
79000	-7307.089057296294	-6993.235823547083	-313.85323374921177	-6993.235823547083	15.631534664461313	8.53190537502775	0.006725808087310261	2.965011108166926	1.0	5.035052730868456	5.832782464527912	-291.78387566473424	0.13256907897506584	0.278683564994351	0.15195896395283806	0.4367883920777453
80000	-7303.591575354582	-6996.257639005942	-307.3339363486404	-6996.257639005942	15.467574662319155	8.283788823624988	0.007179856825721292	2.965011108166926	1.0	3.908597181497602	6.828550705739066	-286.4426383211811	0.13256907897506584	0.278683564994351	0.15195896395283806	0.4367883920777453
81000	-7309.520700575281	-6998.225208459263	-311.29549211601795	-6998.225208459263	15.857143134617752	9.020983825107091	0.00686896726495043	2.965011108166926	1.0	3.908597181497602	6.884644103868398	-289.6264456835556	0.13256907897506584	0.278683564994351	0.15195896395283806	0.4367883920777453
82000	-7306.497224912907	-6994.730849328097	-311.76637558481013	-6994.730849328097	15.631323270606517	7.75919735462224	0.006857462304429585	2.965011108166926	1.0	3.908597181497602	7.716500229577614	-291.3823346391958	0.13256907897506584	0.278683564994351	0.15195896395283806	0.4367883920777453
83000	-7295.231432024304	-6982.555412778754	-312.6760192455502	-6982.555412778754	15.615015177796025	9.210505229790192	0.006789580413731426	2.965011108166926	1.0	3.908597181497602	6.404052836603294	-290.88274751527365	0.13256907897506584	0.278683564994351	0.15195896395283806	0.4367883920777453
84000	-7311.495980807392	-6992.122924762222	-319.3730560451696	-6992.122924762222	16.197314464600307	9.807099660616098	0.006939318409969062	2.965011108166926	1.0	3.908597181497602	9.289989645274705	-296.5328427268116	0.13256907897506584	0.278683564994351	0.15195896395283806	0.4367883920777453
85000	-7307.460708984251	-6990.301078990259	-317.1596299939919	-6990.301078990259	16.464038203970556	8.906425376748704	0.0067284293363796144	2.9892137450849576	1.0	3.908597181497602	7.268095632856069	-295.5745499439369	0.1147122122033556	0.278683564994351	0.15195896395283806	0.4546452588494555
86000	-7311.614234773431	-6997.405967824642	-314.2082669487892	-6997.405967824642	16.464038203970556	8.65856450883326	0.006850125032862879	2.818322159679709	1.0	3.908597181497602	6.529993914777491	-293.04691974395706	0.1147122122033556	0.278683564994351	0.15195896395283806	0.4546452588494555
87000	-7316.390037812577	-6999.953984988931	-316.43605282364683	-6999.953984988931	16.662159732933002	9.34219883102114	0.007164198358696593	2.818322159679709	1.0	3.908597181497602	6.731590339717606	-294.4473532643351	0.1147122122033556	0.278683564994351	0.15195896395283806	0.4546452588494555
88000	-7301.484229649706	-6987.3792084692595	-314.1050211804468	-6987.3792084692595	16.908049508288407	9.08887912691663	0.006866932365891681	2.818322159679709	1.0	3.908597181497602	7.075290050641575	-292.3870494198315	0.1147122122033556	0.278683564994351	0.15195896395283806	0.4546452588494555
89000	-7300.393209240568	-6987.352791798297	-313.0404174422703	-6987.352791798297	18.182490888404725	9.410191351663975	0.007129971962135989	2.818322159679709	1.0	3.908597181497602	6.301405686756538	-291.04803672418495	0.1147122122033556	0.278683564994351	0.15195896395283806	0.4546452588494555
90000	-7299.71843471517	-6995.311612027215	-304.40682268795405	-6995.311612027215	17.668796510298748	9.791961718472255	0.007565817440272324	2.818322159679709	1.0	3.908597181497602	5.929211668353938	-281.99828912174877	0.1147122122033556	0.278683564994351	0.15195896395283806	0.4546452588494555
91000	-7289.007569196404	-6984.687422147017	-304.3201470493867	-6984.687422147017	17.668796510298748	9.56054678832189	0.007271638343399982	2.818322159679709	1.0	3.908597181497602	5.467822768747802	-282.2853190372357	0.1147122122033556	0.278683564994351	0.15195896395283806	0.4546452588494555
92000	-7300.553013904829	-6997.528707798167	-303.02430610666227	-6997.528707798167	18.135455442834402	9.512423213928995	0.008033390192620019	2.818322159679709	1.0	3.908597181497602	5.865233084059113	-280.87209296114054	0.1147122122033556	0.278683564994351	0.15195896395283806	0.4546452588494555
93000	-7283.475016501855	-6984.387117435668	-299.08789906618665	-6984.387117435668	17.32075970046779	8.425320911011111	0.007980192866947561	2.818322159679709	1.0	3.908597181497602	5.132447721484724	-278.272133165859	0.1147122122033556	0.278683564994351	0.15195896395283806	0.4546452588494555
94000	-7268.955066213315	-6964.796291598198	-304.1587746151172	-6964.796291598198	16.192807020523897	9.39273755199373	0.008036070159460139	2.818322159679709	1.0	3.908597181497602	5.704423675793664	-282.16510851209006	0.1147122122033556	0.278683564994351	0.15195896395283806	0.4546452588494555
95000	-7278.039615266849	-6977.584712782088	-300.4549024847607	-6977.584712782088	16.214392663549503	9.06907861350743	0.007759649319506278	2.818322159679709	1.0	7.107313931932663	5.723188839319892	-275.6495583338006	0.1147122122033556	0.278683564994351	0.15195896395283806	0.4546452588494555
96000	-7288.57565836598	-6984.276882936352	-304.2987754296282	-6984.276882936352	17.74645998947279	9.608334393599003	0.007936047947487609	2.818322159679709	1.0	8.56681518600039	5.996284373588856	-277.3735339074657	0.1147122122033556	0.278683564994351	0.15195896395283806	0.4546452588494555
97000	-7289.138397792771	-6980.860046103733	-308.27835168903766	-6980.860046103733	15.667686967985633	8.575233887436319	0.007724280464146673	2.818322159679709	1.0	8.56681518600039	7.899695615604437	-282.2400270788833	0.1147122122033556	0.278683564994351	0.15195896395283806	0.4546452588494555
98000	-7261.5456794955235	-6963.590502477743	-297.95517701778044	-6963.590502477743	15.299260667370802	8.119799605844479	0.007840451235230406	2.818322159679709	1.0	7.000719133736473	5.9543259614395705	-274.2552352310962	0.1147122122033556	0.278683564994351	0.15195896395283806	0.4546452588494555
99000	-7252.4730313374075	-6952.773493372402	-299.6995379650057	-6952.773493372402	17.1082162224595	9.279954362548017	0.007603763734595988	2.818322159679709	1.0	6.824391030387775	6.162045706566135	-274.89201913390326	0.1147122122033556	0.278683564994351	0.15195896395283806	0.4546452588494555
100000	-7265.79293208436	-6961.395985014769	-304.39694706958994	-6961.395985014769	17.1082162224595	8.307073848778884	0.007164032747136039	2.818322159679709	1.0	6.824391030387775	7.588504769710791	-280.5134694606906	0.1147122122033556	0.278683564994351	0.15195896395283806	0.4546452588494555
