#
#model:
#
#<?xml version="1.0" encoding="UTF-8" standalone="no"?><input id="posterior" spec="beast.core.util.CompoundDistribution">
#    <distribution id="prior" spec="beast.core.util.CompoundDistribution">
#        <distribution id="CoalescentConstant.t:1" spec="beast.evolution.tree.coalescent.Coalescent">
#            <populationModel id="ConstantPopulation.t:1" spec="beast.evolution.tree.coalescent.ConstantPopulation">
#                <parameter id="popSize.t:1" name="popSize" spec="beast.core.parameter.RealParameter">0.3</parameter>
#            </populationModel>
#            <treeIntervals id="TreeIntervals.t:1" spec="beast.evolution.tree.coalescent.TreeIntervals">
#                <tree id="Tree.t:1" spec="beast.evolution.tree.Tree">
#                    <trait id="dateTrait.t:1" spec="beast.evolution.tree.TraitSet" traitname="date" value="2_2000.1=2000.1,17_2001.6=2001.6,18_2001.7=2001.7,21_2002=2002,24_2002.3=2002.3,26_2002.5=2002.5,5_2000.4=2000.4,7_2000.6=2000.6,4_2000.3=2000.3,13_2001.2=2001.2,15_2001.4=2001.4,16_2001.5=2001.5,1_2000=2000,8_2000.7=2000.7,3_2000.2=2000.2,12_2001.1=2001.1,22_2002.1=2002.1,32_2003.1=2003.1,28_2002.7=2002.7,43_2004.2=2004.2,46_2004.5=2004.5,55_2005.4=2005.4,63_2006.2=2006.2,65_2006.4=2006.4,66_2006.5=2006.5,67_2006.6=2006.6,23_2002.2=2002.2,10_2000.9=2000.9,14_2001.3=2001.3,33_2003.2=2003.2,39_2003.8=2003.8,34_2003.3=2003.3,44_2004.3=2004.3,48_2004.7=2004.7,53_2005.2=2005.2,52_2005.1=2005.1,58_2005.7=2005.7,9_2000.8=2000.8,6_2000.5=2000.5,11_2001=2001,25_2002.4=2002.4,20_2001.9=2001.9,47_2004.6=2004.6,36_2003.5=2003.5,45_2004.4=2004.4,50_2004.9=2004.9,42_2004.1=2004.1,51_2005=2005,35_2003.4=2003.4,37_2003.6=2003.6,57_2005.6=2005.6,59_2005.8=2005.8,61_2006=2006,62_2006.1=2006.1,41_2004=2004,40_2003.9=2003.9,49_2004.8=2004.8,74_2007.3=2007.3,77_2007.6=2007.6,68_2006.7=2006.7,70_2006.9=2006.9,81_2008=2008,19_2001.8=2001.8,27_2002.6=2002.6,29_2002.8=2002.8,30_2002.9=2002.9,31_2003=2003,38_2003.7=2003.7,56_2005.5=2005.5,69_2006.8=2006.8,82_2008.1=2008.1,80_2007.9=2007.9,83_2008.2=2008.2,87_2008.6=2008.6,71_2007=2007,75_2007.4=2007.4,72_2007.1=2007.1,91_2009=2009,88_2008.7=2008.7,94_2009.3=2009.3,98_2009.7=2009.7,79_2007.8=2007.8,84_2008.3=2008.3,78_2007.7=2007.7,76_2007.5=2007.5,89_2008.8=2008.8,93_2009.2=2009.2,96_2009.5=2009.5,97_2009.6=2009.6,95_2009.4=2009.4,100_2009.9=2009.9,54_2005.3=2005.3,60_2005.9=2005.9,64_2006.3=2006.3,73_2007.2=2007.2,86_2008.5=2008.5,85_2008.4=2008.4,90_2008.9=2008.9,99_2009.8=2009.8,92_2009.1=2009.1,101_2010=2010">
#                        <taxa id="TaxonSet.1" spec="beast.evolution.alignment.TaxonSet">
#                        </taxa>
#                    </trait>
#                    <taxonset idref="TaxonSet.1"/>
#                </tree>
#            </treeIntervals>
#        </distribution>
#        <prior id="rateOmega.prior" name="distribution">
#            <parameter id="rateOmega" lower="0.1" name="x" spec="beast.core.parameter.RealParameter" upper="10.0">0.5</parameter>
#            <Gamma id="Gamma.0" name="distr">
#                <parameter estimate="false" id="rateOmega.alpha" name="alpha" spec="beast.core.parameter.RealParameter">0.1</parameter>
#                <parameter estimate="false" id="rateOmega.beta" name="beta" spec="beast.core.parameter.RealParameter">1.0</parameter>
#            </Gamma>
#        </prior>
#        <prior id="rateMean.prior" name="distribution">
#            <parameter id="rateMean" lower="1.0E-4" name="x" spec="beast.core.parameter.RealParameter" upper="10.0">0.005</parameter>
#            <Gamma id="Gamma.1" name="distr">
#                <parameter estimate="false" id="rateMean.alpha" name="alpha" spec="beast.core.parameter.RealParameter">0.005</parameter>
#                <parameter estimate="false" id="rateMean.beta" name="beta" spec="beast.core.parameter.RealParameter">1.0</parameter>
#            </Gamma>
#        </prior>
#        <prior id="FrequenciesPrior.s:1" name="distribution">
#            <parameter dimension="4" id="freqParameter.s:1" lower="0.0" name="x" spec="beast.core.parameter.RealParameter" upper="1.0">0.25</parameter>
#            <Uniform id="Uniform.3" name="distr"/>
#        </prior>
#        <prior id="GammaShapePrior.s:1" name="distribution">
#            <parameter id="gammaShape.s:1" name="x" spec="beast.core.parameter.RealParameter">1.0</parameter>
#            <Exponential id="Exponential.0" name="distr">
#                <parameter estimate="false" id="RealParameter.0" name="mean" spec="beast.core.parameter.RealParameter">1.0</parameter>
#            </Exponential>
#        </prior>
#        <prior id="KappaPrior.s:1" name="distribution">
#            <parameter id="kappa.s:1" lower="0.0" name="x" spec="beast.core.parameter.RealParameter">2.0</parameter>
#            <LogNormal id="LogNormalDistributionModel.0" name="distr">
#                <parameter estimate="false" id="RealParameter.1" name="M" spec="beast.core.parameter.RealParameter">1.0</parameter>
#                <parameter estimate="false" id="RealParameter.2" name="S" spec="beast.core.parameter.RealParameter">1.25</parameter>
#            </LogNormal>
#        </prior>
#        <prior id="PopSizePrior.t:1" name="distribution" x="@popSize.t:1">
#            <OneOnX id="OneOnX.1" name="distr"/>
#        </prior>
#    </distribution>
#    <distribution id="likelihood" spec="beast.core.util.CompoundDistribution" useThreads="true">
#        <distribution data="@1" id="treeLikelihood.1" spec="beast.evolution.likelihood.ThreadedTreeLikelihood" tree="@Tree.t:1">
#            <siteModel gammaCategoryCount="4" id="SiteModel.s:1" shape="@gammaShape.s:1" spec="beast.evolution.sitemodel.SiteModel">
#                <parameter id="mutationRate.s:1" name="mutationRate" spec="beast.core.parameter.RealParameter">1.0</parameter>
#                <parameter estimate="false" id="proportionInvariant.s:1" lower="0.0" name="proportionInvariant" spec="beast.core.parameter.RealParameter" upper="1.0">0.0</parameter>
#                <substModel id="hky.s:1" kappa="@kappa.s:1" spec="beast.evolution.substitutionmodel.HKY">
#                    <frequencies frequencies="@freqParameter.s:1" id="estimatedFreqs.s:1" spec="beast.evolution.substitutionmodel.Frequencies"/>
#                </substModel>
#            </siteModel>
#            <branchRateModel id="branchRates" numSites="1000" numberOfDiscreteRates="12" rateMean="@rateMean" rateOmega="@rateOmega" spec="beast.evolution.branchratemodel.ARClockModel" tree="@Tree.t:1">
#                <rateCategories dimension="200" id="rateCategories" spec="beast.core.parameter.IntegerParameter">1</rateCategories>
#            </branchRateModel>
#        </distribution>
#    </distribution>
#</input>
#
Sample	posterior	likelihood	prior	treeLikelihood	TreeHeight	rateOmega	rateMean	kappa	mutationRate	gammaShape	popSize	CoalescentConstant	freqParameter.1	freqParameter.2	freqParameter.3	freqParameter.4
0	-26910.88585238106	-26676.8526462107	-234.03320617036022	-26676.8526462107	10.751582664363609	0.5	0.005	2.0	1.0	1.0	0.3	-230.21431273121476	0.25	0.25	0.25	0.25
1000	-17503.517757107762	-16908.05088991722	-595.4668671905414	-16908.05088991722	12.21116297690074	0.16740323794870698	0.024809263578970616	2.0	1.0	1.0	2.6702933768787958	-589.1656121319684	0.25	0.25	0.25	0.25
2000	-14852.34326546378	-14450.225282857904	-402.11798260587653	-14450.225282857904	15.592009170171643	2.939339248060404	0.014634506728041454	2.0	1.0	1.0	18.052631161453103	-389.09007779007953	0.24781943583948512	0.25	0.2521805641605149	0.25
3000	-13830.41111934456	-13422.032247725801	-408.3788716187591	-13422.032247725801	15.87266257290424	7.9657257694900085	0.014178474461797092	2.0	1.0	1.0	18.80591243983118	-389.4183885198234	0.24781943583948512	0.25	0.2521805641605149	0.25
4000	-12921.16977040539	-12517.905893699775	-403.26387670561337	-12517.905893699775	15.886804207440056	6.840098341106419	0.013158568945061339	2.0	1.0	1.0	17.18805206611181	-385.7313876080184	0.24261747878428194	0.24955808753691253	0.24709346715071118	0.26073096652809435
5000	-12122.637885000227	-11719.32728887422	-403.3105961260082	-11719.32728887422	16.562263518818646	9.558838139562466	0.012874583431023046	2.136299005874885	1.0	1.0	15.868193751893317	-382.8056890080548	0.24261747878428194	0.24955808753691253	0.24709346715071118	0.26073096652809435
6000	-11452.9142491089	-11043.825794370276	-409.0884547386249	-11043.825794370276	16.562263518818646	5.81354235473845	0.011705710227561384	5.06681410540156	1.0	1.0	16.011184497615073	-391.89414285341525	0.24261747878428194	0.24955808753691253	0.24709346715071118	0.26073096652809435
7000	-11067.214829917588	-10664.952136038002	-402.2626938795859	-10664.952136038002	16.64201380310129	5.385401028153307	0.011257210211698324	5.06681410540156	1.0	1.0	16.65821620326045	-385.5650768502872	0.2418621964987033	0.2503133698224912	0.24709346715071118	0.26073096652809435
8000	-10563.721644957819	-10160.018072597482	-403.703572360337	-10160.018072597482	17.04505871337834	2.8761410846620654	0.00743168793336691	5.06681410540156	1.0	1.0	16.575001469001826	-390.5017463295943	0.2418621964987033	0.2503133698224912	0.24709346715071118	0.26073096652809435
9000	-10229.423531286708	-9830.218601635266	-399.2049296514409	-9830.218601635266	19.58903147415335	2.4919894688637716	0.0072637373454321474	5.06681410540156	1.0	1.0	15.163042298240644	-386.62823331616545	0.2418621964987033	0.2503133698224912	0.24237097601173754	0.26545345766706796
10000	-9932.67539957629	-9535.535503989551	-397.1398955867391	-9535.535503989551	19.727863185193186	3.110109395938692	0.00763079651848818	4.678871538572238	1.0	0.8238538695162771	17.428335586266357	-383.842522313573	0.2418621964987033	0.2503133698224912	0.24237097601173754	0.26545345766706796
11000	-9620.69661815072	-9221.412393852086	-399.28422429863355	-9221.412393852086	18.870714812040458	2.875998438572132	0.007038690078577952	4.678871538572238	1.0	0.8238538695162771	15.673402202251616	-386.4784848058474	0.2418621964987033	0.2503133698224912	0.2365819900292918	0.27124244364951366
12000	-9248.158340070544	-8856.466248410228	-391.6920916603155	-8856.466248410228	19.33899423266727	3.0041890651511474	0.006851383973512799	4.678871538572238	1.0	0.8238538695162771	19.980875876163047	-378.5031279457156	0.2418621964987033	0.2503133698224912	0.2365819900292918	0.27124244364951366
13000	-9093.239343533438	-8706.719152487105	-386.520191046332	-8706.719152487105	18.555919859485847	2.8642679434366216	0.00645190629877606	4.678871538572238	1.0	0.7973075254188327	15.25435044785128	-373.87070518916624	0.2418621964987033	0.2503133698224912	0.2365819900292918	0.27124244364951366
14000	-8754.626396954225	-8372.382284900068	-382.2441120541569	-8372.382284900068	19.466891534071785	1.69950034440381	0.006204868192797299	4.678871538572238	1.0	1.0670775473327427	14.582383841396137	-371.04354824638517	0.2418621964987033	0.2503133698224912	0.2365819900292918	0.27124244364951366
15000	-8608.736857674206	-8224.763116215141	-383.97374145906474	-8224.763116215141	20.475059509557543	2.306269237304822	0.005742010873585554	4.678871538572238	1.0	1.5197827677117397	16.20029791925705	-371.41132086501136	0.248677679057349	0.2503133698224912	0.2252608595025859	0.2757480916175739
16000	-8573.72503878923	-8187.162060068091	-386.5629787211393	-8187.162060068091	18.572650320504344	2.721201645384221	0.0060533842312820284	4.678871538572238	1.0	1.5197827677117397	16.640170539662805	-373.3570821618404	0.248677679057349	0.2503133698224912	0.2252608595025859	0.2757480916175739
17000	-8371.087526005678	-8002.603447150345	-368.48407885533237	-8002.603447150345	18.39747088822774	2.2938064242054246	0.005665765313177682	4.678871538572238	1.0	1.5197827677117397	13.223777132786854	-356.15538778717706	0.248677679057349	0.2503133698224912	0.2252608595025859	0.2757480916175739
18000	-8318.24413150262	-7949.13018784758	-369.11394365504134	-7949.13018784758	18.626487302873308	2.9121141266347603	0.005813147379873493	4.678871538572238	1.0	1.5136790298878697	15.48786789621512	-355.7745089647523	0.248677679057349	0.2503133698224912	0.2252608595025859	0.2757480916175739
19000	-8163.6694970276285	-7793.289170946848	-370.3803260807812	-7793.289170946848	17.78640769547696	1.8381181218769607	0.005715102447211974	4.678871538572238	1.0	1.5136790298878697	17.073354217988182	-358.4485716248186	0.248677679057349	0.2503133698224912	0.2252608595025859	0.2757480916175739
20000	-7976.4310239054075	-7607.4603696362365	-368.9706542691708	-7607.4603696362365	18.19737946053206	1.9183999725763339	0.005144732146402711	4.678871538572238	1.0	2.015303855396257	14.063820883010921	-356.71761585683157	0.2454356632717711	0.2503133698224912	0.2285028752881638	0.2757480916175739
21000	-7952.632745712761	-7593.464838585692	-359.1679071270693	-7593.464838585692	17.19375234425103	2.0436146628842984	0.0056231918699650415	4.678871538572238	1.0	2.015303855396257	11.909202800324735	-346.8100824322967	0.2454356632717711	0.2503133698224912	0.2285028752881638	0.2757480916175739
22000	-7925.5634624314625	-7567.020268185641	-358.5431942458222	-7567.020268185641	17.19375234425103	1.86686017736003	0.005692541668005405	4.678871538572238	1.0	2.015303855396257	10.81952909759051	-346.52723322786704	0.24579011649874116	0.24995891659552114	0.2285028752881638	0.2757480916175739
23000	-7716.222145081688	-7364.872620220747	-351.34952486094085	-7364.872620220747	17.19375234425103	1.96984227344239	0.005413609666344518	4.678871538572238	1.0	4.049907431970028	9.216323321742742	-337.35829725618646	0.24579011649874116	0.24995891659552114	0.2285028752881638	0.2757480916175739
24000	-7659.181036700196	-7312.9295837644695	-346.25145293572683	-7312.9295837644695	18.31130007710567	2.5899034321922594	0.005310251471226167	4.678871538572238	1.0	5.09668938756858	10.109561004203085	-330.27386026212434	0.24579011649874116	0.24995891659552114	0.2285028752881638	0.2757480916175739
25000	-7652.808391104201	-7302.244471929061	-350.56391917514026	-7302.244471929061	19.25086459895167	3.5720865668683466	0.005969223187676143	4.678871538572238	1.0	5.730442490216172	9.97051210331398	-332.5778118594887	0.24579011649874116	0.24995891659552114	0.2285028752881638	0.2757480916175739
26000	-7642.578807876518	-7296.844553270446	-345.7342546060719	-7296.844553270446	17.560786540410266	2.439382121040493	0.005595777847157811	4.009209654678888	1.0	2.897755579510557	11.226122653683941	-332.20335920045443	0.23778509271719853	0.2579639403770637	0.2285028752881638	0.2757480916175739
27000	-7642.243760352644	-7302.782893885776	-339.4608664668684	-7302.782893885776	18.52443875293041	2.4315516785206817	0.005134236297446785	4.009209654678888	1.0	2.897755579510557	9.918979416284477	-326.1506009533158	0.23778509271719853	0.2579639403770637	0.2285028752881638	0.2757480916175739
28000	-7646.246428604149	-7304.178057497783	-342.0683711063657	-7304.178057497783	16.8708394022741	3.009122260063374	0.005394664132646438	4.009209654678888	1.0	2.897755579510557	9.257438683572039	-328.0082584282512	0.23778509271719853	0.2579639403770637	0.2285028752881638	0.2757480916175739
29000	-7605.579904084135	-7272.052306952778	-333.52759713135697	-7272.052306952778	17.967794308114073	2.4394856919129855	0.005476244959732749	4.009209654678888	1.0	2.897755579510557	9.930295684742136	-320.14081741847144	0.22826002509012128	0.26452269697977665	0.22196326134986508	0.28525401658023697
30000	-7537.3406555242245	-7203.8104157650605	-333.5302397591638	-7203.8104157650605	19.120644920867328	3.126369496097928	0.005682731861173242	4.009209654678888	1.0	3.6442462026762663	8.108716737915756	-318.6524257146146	0.2338846554789436	0.26452269697977665	0.21633863096104275	0.28525401658023697
31000	-7514.172005042962	-7188.240328671751	-325.93167637121167	-7188.240328671751	20.007389327814007	3.269444602190447	0.005876634691271387	4.009209654678888	1.0	3.6442462026762663	8.267252807886951	-310.81757331967543	0.2338846554789436	0.26452269697977665	0.21633863096104275	0.28525401658023697
32000	-7505.597893319043	-7178.652913301048	-326.94498001799496	-7178.652913301048	17.823503109487046	3.1518414117325446	0.005518217460321571	4.009209654678888	1.0	3.7611392796899454	9.174646653612994	-311.8233885576057	0.2338846554789436	0.26452269697977665	0.21633863096104275	0.28525401658023697
33000	-7497.771934615355	-7176.266483105362	-321.50545150999386	-7176.266483105362	18.818391726189397	3.2787684093237046	0.005730578888014948	4.009209654678888	1.0	3.7611392796899454	7.152753123386349	-306.4325614677744	0.2338846554789436	0.26452269697977665	0.21633863096104275	0.28525401658023697
34000	-7500.3051464470145	-7179.656906742726	-320.648239704288	-7179.656906742726	17.89841493645993	2.7800463948323553	0.005728480193303026	4.009209654678888	1.0	3.7611392796899454	7.551890809839498	-306.1686378282398	0.2338846554789436	0.26452269697977665	0.21633863096104275	0.28525401658023697
35000	-7484.498326491685	-7170.11744248604	-314.380884005644	-7170.11744248604	17.68815907031808	3.214207610257561	0.006177730224593632	4.009209654678888	1.0	3.7611392796899454	8.315049242788875	-299.1646775152949	0.2338846554789436	0.26452269697977665	0.21198698358122509	0.28960566396005466
36000	-7439.641995092057	-7129.693392342055	-309.9486027500026	-7129.693392342055	19.882437100931742	3.3954675479792966	0.006166336823019985	4.009209654678888	1.0	3.7611392796899454	7.015243736902231	-294.67359148821043	0.2338846554789436	0.26452269697977665	0.21198698358122509	0.28960566396005466
37000	-7443.895961295795	-7136.663360460928	-307.23260083486764	-7136.663360460928	19.996088041461157	3.0574205913384844	0.006464612372135113	4.009209654678888	1.0	3.7611392796899454	7.226524709789961	-292.31304642630687	0.2338846554789436	0.26452269697977665	0.21198698358122509	0.28960566396005466
38000	-7422.952406463694	-7111.737258511936	-311.2151479517586	-7111.737258511936	19.996088041461157	3.5398628248648913	0.006520219159407032	4.009209654678888	1.0	3.7611392796899454	7.428455104189938	-295.6451492012958	0.22852863476754937	0.2698787176911709	0.21198698358122509	0.28960566396005466
39000	-7439.792932143893	-7130.940126311354	-308.8528058325396	-7130.940126311354	19.486698118629537	3.058600968896033	0.005974995842105825	4.009209654678888	1.0	4.777228316544219	8.01828164890367	-292.89052418627296	0.22852863476754937	0.2698787176911709	0.21198698358122509	0.28960566396005466
40000	-7435.19185724097	-7126.92750321918	-308.26435402179015	-7126.92750321918	20.657847965739396	2.917407650024595	0.006061098688129791	4.009209654678888	1.0	4.777228316544219	7.972485925549776	-292.4772071954892	0.22852863476754937	0.2698787176911709	0.21198698358122509	0.28960566396005466
41000	-7417.125328513606	-7111.15633902805	-305.96898948555634	-7111.15633902805	22.085531205010827	2.93284932027798	0.006366244879562568	4.437353521123967	1.0	4.7230642385747315	6.805049256591549	-290.1949746743319	0.23379737311276172	0.270126116039772	0.20671824523601273	0.28935826561145356
42000	-7422.186303031122	-7118.0414439621745	-304.1448590689475	-7118.0414439621745	17.989390194658966	3.2370035070515186	0.006215678218118301	4.437353521123967	1.0	4.7230642385747315	6.433300529935589	-288.0580267996125	0.23379737311276172	0.270126116039772	0.20671824523601273	0.28935826561145356
43000	-7424.934294483779	-7120.8640558648885	-304.0702386188905	-7120.8640558648885	18.25321209399074	2.9185130082751054	0.005758201220018024	4.437353521123967	1.0	4.7230642385747315	7.054608574249302	-288.37944482457317	0.23728400730113836	0.270126116039772	0.2032316110476361	0.28935826561145356
44000	-7418.419965742813	-7115.945584783378	-302.4743809594349	-7115.945584783378	18.777095832884534	2.549158268288868	0.0056517994083169635	4.437353521123967	1.0	4.7230642385747315	7.4895129921800745	-287.2335634685415	0.23418391948126155	0.2732262038596488	0.2032316110476361	0.28935826561145356
45000	-7412.58458734708	-7108.450336809031	-304.134250538049	-7108.450336809031	19.008081229846848	2.7055525775953435	0.005737054543457903	4.437353521123967	1.0	4.7230642385747315	7.48515973558246	-288.66904913743804	0.23418391948126155	0.2732262038596488	0.2032316110476361	0.28935826561145356
46000	-7408.139498019911	-7107.816710413289	-300.3227876066221	-7107.816710413289	19.008081229846848	3.165667258817391	0.00627360861447765	4.437353521123967	1.0	3.8864574065812083	6.14549055148871	-285.20043491055225	0.23418391948126155	0.2732262038596488	0.2032316110476361	0.28935826561145356
47000	-7411.646373343645	-7111.121243808182	-300.5251295354627	-7111.121243808182	20.768160797649674	2.516089462911748	0.006323694662868341	4.425985415765604	1.0	4.823636468650312	5.843792026742613	-285.3676118000551	0.22661741760504633	0.2732262038596488	0.2107981129238513	0.28935826561145356
48000	-7408.143017157693	-7106.42162852359	-301.72138863410305	-7106.42162852359	21.357297273163763	2.982920980062364	0.005909156888853497	4.425985415765604	1.0	4.823636468650312	6.620438662819408	-285.886956257406	0.22661741760504633	0.2732262038596488	0.20366116565282186	0.296495212882483
49000	-7413.048881305397	-7113.294862540678	-299.754018764719	-7113.294862540678	19.00657150804419	2.075987540028703	0.00606105928716109	4.425985415765604	1.0	4.823636468650312	5.94259716575741	-285.2353482173986	0.22661741760504633	0.2732262038596488	0.20366116565282186	0.296495212882483
50000	-7409.376027163209	-7112.604628675355	-296.7713984878537	-7112.604628675355	18.65558844542901	1.9801610041120121	0.006521830156222937	4.425985415765604	1.0	4.823636468650312	7.256559711790833	-282.11796295671434	0.22661741760504633	0.2732262038596488	0.20366116565282186	0.296495212882483
51000	-7399.498614094489	-7102.62868781053	-296.8699262839593	-7102.62868781053	20.04328338949092	2.7435366053581602	0.006254442820456417	4.425985415765604	1.0	4.823636468650312	6.185223426381964	-281.3613162183844	0.22661741760504633	0.2732262038596488	0.20366116565282186	0.296495212882483
52000	-7382.0028408095695	-7090.897529410928	-291.1053113986419	-7090.897529410928	19.354219948300628	1.8135222704741942	0.00649746901170039	3.1089940512729926	1.0	4.823636468650312	4.892922556827846	-277.51896502606195	0.20420111364068133	0.2732262038596488	0.20366116565282186	0.318911516846848
53000	-7332.450771198646	-7043.277682900848	-289.17308829779773	-7043.277682900848	19.911702102472887	1.902697477653489	0.006213585160604432	3.6451649169852116	1.0	4.823636468650312	5.249678851969901	-275.2478454748779	0.20420111364068133	0.2732262038596488	0.1790947559037562	0.34347792659591364
54000	-7336.65498968251	-7049.0139804845485	-287.6410091979613	-7049.0139804845485	20.099686498022702	1.9326349737492234	0.006634665508947959	3.6451649169852116	1.0	4.823636468650312	6.426161839044771	-273.40390433951416	0.20420111364068133	0.2732262038596488	0.1790947559037562	0.34347792659591364
55000	-7327.14427497319	-7041.3045736158965	-285.839701357293	-7041.3045736158965	18.902068781689284	2.0061508937854806	0.006420191625679941	3.6451649169852116	1.0	4.823636468650312	5.709878865848646	-271.64657046720356	0.20420111364068133	0.2732262038596488	0.1790947559037562	0.34347792659591364
56000	-7305.116995626771	-7024.448232020204	-280.6687636065674	-7024.448232020204	18.583656500650495	2.4925564883719664	0.007183663153463386	3.6451649169852116	1.0	4.823636468650312	5.631151936074059	-265.6951658826478	0.20420111364068133	0.2732262038596488	0.1790947559037562	0.34347792659591364
57000	-7296.260827894505	-7015.735920345369	-280.52490754913634	-7015.735920345369	17.141521283689702	2.2945634712391665	0.0067852974215265255	3.6451649169852116	1.0	4.823636468650312	5.761094047220684	-265.8581435402664	0.18748949427886252	0.2732262038596488	0.1790947559037562	0.36018954595773245
58000	-7295.36845138466	-7014.430923979728	-280.93752740493215	-7014.430923979728	16.983079387356074	2.5000755675472637	0.006749167685794252	3.6451649169852116	1.0	4.823636468650312	5.75277210964948	-265.9948447141199	0.18748949427886252	0.2732262038596488	0.1790947559037562	0.36018954595773245
59000	-7285.255764353436	-7009.4534646950815	-275.80229965835434	-7009.4534646950815	17.798927063775963	2.190847024873868	0.006761809974063423	3.689063910878023	1.0	4.276099053475267	6.076739224803956	-261.76428638546076	0.18748949427886252	0.2732262038596488	0.1790947559037562	0.36018954595773245
60000	-7282.0044306577465	-7008.385141190434	-273.6192894673119	-7008.385141190434	19.007570602254205	2.208657312809535	0.006637072577209058	3.689063910878023	1.0	4.407861845545846	4.90185274523154	-259.65792247418125	0.18748949427886252	0.26140582378630034	0.17728120409025927	0.3738234778445778
61000	-7269.4887574332015	-7002.691344499444	-266.79741293375696	-7002.691344499444	16.474408916772674	2.6077392892313496	0.007192327040781662	3.689063910878023	1.0	4.407861845545846	4.811791383884484	-252.22552144621582	0.18748949427886252	0.26140582378630034	0.17728120409025927	0.3738234778445778
62000	-7270.923139831604	-7005.984845772435	-264.93829405916983	-7005.984845772435	17.14935910793724	2.4189154752444475	0.006577440774250906	3.689063910878023	1.0	4.407861845545846	4.646600913494921	-250.74734488985126	0.18748949427886252	0.26140582378630034	0.17728120409025927	0.3738234778445778
63000	-7269.873377418151	-7001.440841868677	-268.43253554947415	-7001.440841868677	16.923622577319712	2.55090727850695	0.007288221627224679	3.689063910878023	1.0	4.407861845545846	4.096321381833843	-254.0850128222399	0.18748949427886252	0.26140582378630034	0.17728120409025927	0.3738234778445778
64000	-7276.767309555984	-7011.90881907232	-264.8584904836647	-7011.90881907232	16.205671286358374	1.9342161220864247	0.006912029675410045	3.689063910878023	1.0	4.407861845545846	4.736739372633338	-251.2845789688989	0.18748949427886252	0.26140582378630034	0.17728120409025927	0.3738234778445778
65000	-7297.836584864333	-7028.8748025721	-268.96178229223347	-7028.8748025721	15.382827541522769	2.323243879206535	0.007227093553280533	3.065815316599105	1.0	5.952860644673941	4.922138983603895	-253.4161160361487	0.18748949427886252	0.26140582378630034	0.17728120409025927	0.3738234778445778
66000	-7282.916534441646	-7014.000170706111	-268.9163637355346	-7014.000170706111	15.169102583874443	2.8920812535504883	0.0072652478143285714	3.065815316599105	1.0	5.952979724524035	4.8940221790453196	-252.60508166986853	0.18748949427886252	0.26140582378630034	0.17728120409025927	0.3738234778445778
67000	-7297.6964463193035	-7023.285968544467	-274.41047777483664	-7023.285968544467	15.427792862508621	2.1353675030152806	0.007294251583012579	3.065815316599105	1.0	5.952979724524035	4.2748592031954855	-259.26018340228063	0.18748949427886252	0.26140582378630034	0.17728120409025927	0.3738234778445778
68000	-7295.256571044716	-7020.832017772335	-274.4245532723808	-7020.832017772335	14.55090329175891	3.569692390501819	0.008045050027498956	3.065815316599105	1.0	5.952979724524035	4.623394653071822	-257.20086801263	0.18748949427886252	0.26140582378630034	0.17728120409025927	0.3738234778445778
69000	-7283.215563062015	-7010.952030104787	-272.2635329572274	-7010.952030104787	14.88372092698043	2.8194859489777038	0.006829842987974756	3.065815316599105	1.0	5.952979724524035	4.6970021693192106	-256.1507429849881	0.18748949427886252	0.26140582378630034	0.17728120409025927	0.3738234778445778
70000	-7285.743802627119	-7004.720638450502	-281.0231641766181	-7004.720638450502	14.201040807207674	3.0824578796943083	0.008212793429101473	3.065815316599105	1.0	8.336805752876534	7.182859716135798	-261.57369526017357	0.189374572860816	0.2680641121919303	0.16873783710267581	0.3738234778445778
71000	-7273.890566741959	-7003.407618347287	-270.48294839467235	-7003.407618347287	14.578737848057768	3.099378228629607	0.007680055559252615	3.065815316599105	1.0	8.336805752876534	4.878529173056247	-251.4657498787856	0.189374572860816	0.2680641121919303	0.16873783710267581	0.3738234778445778
72000	-7252.651623799448	-6980.92773590002	-271.72388789942835	-6980.92773590002	15.734014622852385	2.698433356005901	0.007937069481677037	3.065815316599105	1.0	8.336805752876534	4.668963014067345	-253.24320840574555	0.16759478232624742	0.28912594739961317	0.16873783710267581	0.37454143317146354
73000	-7249.032576358552	-6977.763244837117	-271.26933152143516	-6977.763244837117	15.487497682212183	2.8644791401947796	0.007689519002550062	3.065815316599105	1.0	8.336805752876534	4.520459663823266	-252.6329609159171	0.16759478232624742	0.28912594739961317	0.16873783710267581	0.37454143317146354
74000	-7248.578739332329	-6981.298753703741	-267.2799856285886	-6981.298753703741	15.405980985056864	2.338469187845372	0.007834751691329871	3.065815316599105	1.0	8.336805752876534	4.0342174290651585	-249.4472647040826	0.16759478232624742	0.28912594739961317	0.16873783710267581	0.37454143317146354
75000	-7248.498220511532	-6984.466422894811	-264.0317976167203	-6984.466422894811	14.983761004837852	2.9855692737662505	0.007906410499200872	3.065815316599105	1.0	8.336805752876534	4.635348341700691	-245.1840822281657	0.16759478232624742	0.28912594739961317	0.16873783710267581	0.37454143317146354
76000	-7244.048234602904	-6984.105804030537	-259.9424305723668	-6984.105804030537	16.42444584905341	3.039749365874184	0.007641161001606709	3.065815316599105	1.0	8.336805752876534	3.591060462207981	-241.31383168514034	0.16759478232624742	0.28912594739961317	0.16873783710267581	0.37454143317146354
77000	-7241.485201137721	-6981.111498585392	-260.3737025523285	-6981.111498585392	15.399789329963538	2.3173378494721235	0.008041335559044769	3.065815316599105	1.0	6.720398758540393	4.626766526402353	-244.02354132006863	0.16759478232624742	0.28912594739961317	0.16873783710267581	0.37454143317146354
78000	-7213.83757353711	-6948.255393686442	-265.58217985066807	-6948.255393686442	15.206491319863035	2.5577887015704928	0.007548134091025611	3.065815316599105	1.0	6.720398758540393	4.429901486315931	-249.00966854505117	0.13903511738871924	0.28912594739961317	0.16873783710267581	0.4031010981089917
79000	-7207.8438470301435	-6942.2093293912385	-265.63451763890527	-6942.2093293912385	16.936849489448104	2.9552928810276464	0.0077246176686741825	3.065815316599105	1.0	6.790067470650758	4.550439763481276	-248.41480485119104	0.1315954572287543	0.28912594739961317	0.16873783710267581	0.41054075826895664
80000	-7219.860983093167	-6949.527617608274	-270.3333654848925	-6949.527617608274	17.28098938404926	3.6473959261428597	0.007541290064454483	3.065815316599105	1.0	7.276119972010723	5.042408953128216	-251.66754525559233	0.13820763633600638	0.2910071093345936	0.16212565799542372	0.4086595963339762
81000	-7218.520436561542	-6947.4950072062165	-271.02542935532557	-6947.4950072062165	16.69523288052976	3.818518461342378	0.008111984039913667	2.8354109737401125	1.0	4.5052552722228265	4.579838559887781	-255.0233414237145	0.13820763633600638	0.2910071093345936	0.16212565799542372	0.4086595963339762
82000	-7219.918743588367	-6951.781659806786	-268.1370837815814	-6951.781659806786	16.605605363786974	3.6752299743198735	0.008194312371973251	2.8354109737401125	1.0	4.5052552722228265	4.546721346297954	-252.30983415645952	0.13820763633600638	0.2910071093345936	0.16212565799542372	0.4086595963339762
83000	-7212.568695251184	-6947.012968468594	-265.5557267825894	-6947.012968468594	15.127124366395549	3.3067774945879482	0.008409664697226371	2.8354109737401125	1.0	4.5052552722228265	4.87033786245509	-250.0972231713531	0.13820763633600638	0.2910071093345936	0.16212565799542372	0.4086595963339762
84000	-7211.708818478115	-6944.135919875173	-267.57289860294156	-6944.135919875173	14.64210217438389	3.243360274485867	0.00874493496283423	2.8354109737401125	1.0	4.5052552722228265	3.979141386551629	-252.35810439713458	0.13820763633600638	0.2910071093345936	0.16212565799542372	0.4086595963339762
85000	-7201.725637732278	-6939.446261165043	-262.2793765672348	-6939.446261165043	15.313354364619368	3.4934892247633433	0.008067491115780928	2.8354109737401125	1.0	4.5052552722228265	4.46456568391563	-246.7133919572018	0.1523891290928927	0.2910071093345936	0.1479441652385374	0.4086595963339762
86000	-7204.562654600724	-6945.0197589941035	-259.5428956066206	-6945.0197589941035	15.682934676112733	3.951043241841174	0.008502967599889949	2.8354109737401125	1.0	4.5052552722228265	4.075146055618012	-243.44710625151328	0.1523891290928927	0.2910071093345936	0.1479441652385374	0.4086595963339762
87000	-7216.002978155181	-6956.877687531951	-259.12529062323006	-6956.877687531951	15.650406659398651	2.508766011036136	0.007783906741051216	2.8354109737401125	1.0	4.5052552722228265	3.8562670028053736	-245.02438940099609	0.1523891290928927	0.2910071093345936	0.1479441652385374	0.4086595963339762
88000	-7201.520137967294	-6939.1501757484175	-262.3699622188774	-6939.1501757484175	15.492135000005977	3.1564678639362156	0.008384758665420593	3.251852777670812	1.0	4.5052552722228265	4.462380740131461	-247.04734623710328	0.1523891290928927	0.2910071093345936	0.137312619467024	0.4192911421054896
89000	-7187.836008147868	-6921.230237353934	-266.60577079393306	-6921.230237353934	15.96766550581789	2.8180583713899967	0.007590059898605357	2.758772302656831	1.0	5.0453952383595535	5.202620172916215	-251.30453039158164	0.12253670118572625	0.3208595372417601	0.1280219003907503	0.42858186118176334
90000	-7187.89724960473	-6924.8984107288925	-262.9988388758372	-6924.8984107288925	16.153905095563672	3.1645316346416927	0.008771939639280328	2.758772302656831	1.0	5.0453952383595535	4.5033848707523445	-247.24592028568975	0.12068275818453865	0.3227134802429477	0.1280219003907503	0.42858186118176334
91000	-7185.626882145607	-6919.33640850063	-266.290473644977	-6919.33640850063	15.599538649642765	2.8844602378183333	0.008073509410880675	2.758772302656831	1.0	5.1916095790205175	3.5004301305185845	-251.09000938024425	0.12068275818453865	0.3227134802429477	0.1280219003907503	0.42858186118176334
92000	-7183.417644407259	-6916.92419047451	-266.4934539327486	-6916.92419047451	16.825432730425195	2.386685436331594	0.00862283662199683	2.758772302656831	1.0	5.1916095790205175	3.9969647297586453	-251.76255803522608	0.12068275818453865	0.31420409339114935	0.09919690677697891	0.4659162416473331
93000	-7183.3606084507155	-6913.565910367762	-269.7946980829535	-6913.565910367762	16.173531580691723	3.078291018091189	0.008460364242474766	2.758772302656831	1.0	5.1916095790205175	3.7193417368322814	-254.23425227980513	0.12068275818453865	0.31420409339114935	0.09919690677697891	0.4659162416473331
94000	-7189.48736175466	-6920.581139884713	-268.9062218699473	-6920.581139884713	16.903037063623533	2.9475315352996754	0.008142168960726946	2.2718566528916884	1.0	6.616375396755776	4.211684755210174	-252.188940723524	0.12068275818453865	0.31420409339114935	0.09919690677697891	0.4659162416473331
95000	-7189.175836958188	-6918.657318182453	-270.51851877573455	-6918.657318182453	16.219470631291244	3.4007614799100945	0.008440503874542248	2.2718566528916884	1.0	6.616375396755776	5.247240319808924	-252.9633361458593	0.12068275818453865	0.31420409339114935	0.09919690677697891	0.4659162416473331
96000	-7179.919036202304	-6912.522316064868	-267.39672013743547	-6912.522316064868	16.219470631291244	2.8930703511613105	0.008270921138823837	2.2718566528916884	1.0	6.616375396755776	4.297805628323865	-250.71470349664247	0.12068275818453865	0.31420409339114935	0.09919690677697891	0.4659162416473331
97000	-7177.770042993657	-6906.58811484939	-271.18192814426646	-6906.58811484939	17.2884719622954	2.556640098686558	0.00823691204668284	2.2718566528916884	1.0	6.616375396755776	4.935444933037378	-254.8133992406803	0.12068275818453865	0.31420409339114935	0.09919690677697891	0.4659162416473331
98000	-7177.805069623591	-6909.047351967574	-268.7577176560168	-6909.047351967574	16.60549093430726	3.216633739091642	0.00883901361681651	2.2718566528916884	1.0	6.616375396755776	4.78511048883595	-251.4826523953655	0.12068275818453865	0.31420409339114935	0.09919690677697891	0.4659162416473331
99000	-7174.412316466399	-6905.2470091723935	-269.16530729400534	-6905.2470091723935	15.521182620334983	3.42835136412171	0.009056842456404531	2.2718566528916884	1.0	6.616375396755776	4.710332627808962	-251.61246394464928	0.12068275818453865	0.31420409339114935	0.09919690677697891	0.4659162416473331
100000	-7172.494835037594	-6902.911210213237	-269.58362482435797	-6902.911210213237	16.37068512916384	2.852930369041236	0.008171737031954654	2.2718566528916884	1.0	6.616375396755776	4.941090980302055	-252.82694434692226	0.12068275818453865	0.3061089253251952	0.09919690677697891	0.47401140971328726
