#
#model:
#
#<?xml version="1.0" encoding="UTF-8" standalone="no"?><input id="posterior" spec="beast.core.util.CompoundDistribution">
#    <distribution id="prior" spec="beast.core.util.CompoundDistribution">
#        <distribution id="CoalescentConstant.t:1" spec="beast.evolution.tree.coalescent.Coalescent">
#            <populationModel id="ConstantPopulation.t:1" spec="beast.evolution.tree.coalescent.ConstantPopulation">
#                <parameter id="popSize.t:1" name="popSize" spec="beast.core.parameter.RealParameter">0.3</parameter>
#            </populationModel>
#            <treeIntervals id="TreeIntervals.t:1" spec="beast.evolution.tree.coalescent.TreeIntervals">
#                <tree id="Tree.t:1" spec="beast.evolution.tree.Tree">
#                    <trait id="dateTrait.t:1" spec="beast.evolution.tree.TraitSet" traitname="date" value="2_2000.1=2000.1,17_2001.6=2001.6,18_2001.7=2001.7,21_2002=2002,24_2002.3=2002.3,26_2002.5=2002.5,5_2000.4=2000.4,7_2000.6=2000.6,4_2000.3=2000.3,13_2001.2=2001.2,15_2001.4=2001.4,16_2001.5=2001.5,1_2000=2000,8_2000.7=2000.7,3_2000.2=2000.2,12_2001.1=2001.1,22_2002.1=2002.1,32_2003.1=2003.1,28_2002.7=2002.7,43_2004.2=2004.2,46_2004.5=2004.5,55_2005.4=2005.4,63_2006.2=2006.2,65_2006.4=2006.4,66_2006.5=2006.5,67_2006.6=2006.6,23_2002.2=2002.2,10_2000.9=2000.9,14_2001.3=2001.3,33_2003.2=2003.2,39_2003.8=2003.8,34_2003.3=2003.3,44_2004.3=2004.3,48_2004.7=2004.7,53_2005.2=2005.2,52_2005.1=2005.1,58_2005.7=2005.7,9_2000.8=2000.8,6_2000.5=2000.5,11_2001=2001,25_2002.4=2002.4,20_2001.9=2001.9,47_2004.6=2004.6,36_2003.5=2003.5,45_2004.4=2004.4,50_2004.9=2004.9,42_2004.1=2004.1,51_2005=2005,35_2003.4=2003.4,37_2003.6=2003.6,57_2005.6=2005.6,59_2005.8=2005.8,61_2006=2006,62_2006.1=2006.1,41_2004=2004,40_2003.9=2003.9,49_2004.8=2004.8,74_2007.3=2007.3,77_2007.6=2007.6,68_2006.7=2006.7,70_2006.9=2006.9,81_2008=2008,19_2001.8=2001.8,27_2002.6=2002.6,29_2002.8=2002.8,30_2002.9=2002.9,31_2003=2003,38_2003.7=2003.7,56_2005.5=2005.5,69_2006.8=2006.8,82_2008.1=2008.1,80_2007.9=2007.9,83_2008.2=2008.2,87_2008.6=2008.6,71_2007=2007,75_2007.4=2007.4,72_2007.1=2007.1,91_2009=2009,88_2008.7=2008.7,94_2009.3=2009.3,98_2009.7=2009.7,79_2007.8=2007.8,84_2008.3=2008.3,78_2007.7=2007.7,76_2007.5=2007.5,89_2008.8=2008.8,93_2009.2=2009.2,96_2009.5=2009.5,97_2009.6=2009.6,95_2009.4=2009.4,100_2009.9=2009.9,54_2005.3=2005.3,60_2005.9=2005.9,64_2006.3=2006.3,73_2007.2=2007.2,86_2008.5=2008.5,85_2008.4=2008.4,90_2008.9=2008.9,99_2009.8=2009.8,92_2009.1=2009.1,101_2010=2010">
#                        <taxa id="TaxonSet.1" spec="beast.evolution.alignment.TaxonSet">
#                        </taxa>
#                    </trait>
#                    <taxonset idref="TaxonSet.1"/>
#                </tree>
#            </treeIntervals>
#        </distribution>
#        <prior id="rateOmega.prior" name="distribution">
#            <parameter id="rateOmega" lower="0.1" name="x" spec="beast.core.parameter.RealParameter" upper="10.0">0.5</parameter>
#            <Gamma id="Gamma.0" name="distr">
#                <parameter estimate="false" id="rateOmega.alpha" name="alpha" spec="beast.core.parameter.RealParameter">0.1</parameter>
#                <parameter estimate="false" id="rateOmega.beta" name="beta" spec="beast.core.parameter.RealParameter">1.0</parameter>
#            </Gamma>
#        </prior>
#        <prior id="rateMean.prior" name="distribution">
#            <parameter id="rateMean" lower="1.0E-4" name="x" spec="beast.core.parameter.RealParameter" upper="10.0">0.005</parameter>
#            <Gamma id="Gamma.1" name="distr">
#                <parameter estimate="false" id="rateMean.alpha" name="alpha" spec="beast.core.parameter.RealParameter">0.005</parameter>
#                <parameter estimate="false" id="rateMean.beta" name="beta" spec="beast.core.parameter.RealParameter">1.0</parameter>
#            </Gamma>
#        </prior>
#        <prior id="FrequenciesPrior.s:1" name="distribution">
#            <parameter dimension="4" id="freqParameter.s:1" lower="0.0" name="x" spec="beast.core.parameter.RealParameter" upper="1.0">0.25</parameter>
#            <Uniform id="Uniform.3" name="distr"/>
#        </prior>
#        <prior id="GammaShapePrior.s:1" name="distribution">
#            <parameter id="gammaShape.s:1" name="x" spec="beast.core.parameter.RealParameter">1.0</parameter>
#            <Exponential id="Exponential.0" name="distr">
#                <parameter estimate="false" id="RealParameter.0" name="mean" spec="beast.core.parameter.RealParameter">1.0</parameter>
#            </Exponential>
#        </prior>
#        <prior id="KappaPrior.s:1" name="distribution">
#            <parameter id="kappa.s:1" lower="0.0" name="x" spec="beast.core.parameter.RealParameter">2.0</parameter>
#            <LogNormal id="LogNormalDistributionModel.0" name="distr">
#                <parameter estimate="false" id="RealParameter.1" name="M" spec="beast.core.parameter.RealParameter">1.0</parameter>
#                <parameter estimate="false" id="RealParameter.2" name="S" spec="beast.core.parameter.RealParameter">1.25</parameter>
#            </LogNormal>
#        </prior>
#        <prior id="PopSizePrior.t:1" name="distribution" x="@popSize.t:1">
#            <OneOnX id="OneOnX.1" name="distr"/>
#        </prior>
#    </distribution>
#    <distribution id="likelihood" spec="beast.core.util.CompoundDistribution" useThreads="true">
#        <distribution data="@1" id="treeLikelihood.1" spec="beast.evolution.likelihood.ThreadedTreeLikelihood" tree="@Tree.t:1">
#            <siteModel gammaCategoryCount="4" id="SiteModel.s:1" shape="@gammaShape.s:1" spec="beast.evolution.sitemodel.SiteModel">
#                <parameter id="mutationRate.s:1" name="mutationRate" spec="beast.core.parameter.RealParameter">1.0</parameter>
#                <parameter estimate="false" id="proportionInvariant.s:1" lower="0.0" name="proportionInvariant" spec="beast.core.parameter.RealParameter" upper="1.0">0.0</parameter>
#                <substModel id="hky.s:1" kappa="@kappa.s:1" spec="beast.evolution.substitutionmodel.HKY">
#                    <frequencies frequencies="@freqParameter.s:1" id="estimatedFreqs.s:1" spec="beast.evolution.substitutionmodel.Frequencies"/>
#                </substModel>
#            </siteModel>
#            <branchRateModel id="branchRates" numSites="1000" numberOfDiscreteRates="12" rateMean="@rateMean" rateOmega="@rateOmega" spec="beast.evolution.branchratemodel.ARClockModel" tree="@Tree.t:1">
#                <rateCategories dimension="200" id="rateCategories" spec="beast.core.parameter.IntegerParameter">1</rateCategories>
#            </branchRateModel>
#        </distribution>
#    </distribution>
#</input>
#
Sample	posterior	likelihood	prior	treeLikelihood	TreeHeight	rateOmega	rateMean	kappa	mutationRate	gammaShape	popSize	CoalescentConstant	freqParameter.1	freqParameter.2	freqParameter.3	freqParameter.4
0	-35260.79679769178	-35026.76359152142	-234.03320617036022	-35026.76359152142	10.751582664363609	0.5	0.005	2.0	1.0	1.0	0.3	-230.21431273121476	0.25	0.25	0.25	0.25
1000	-18747.127101096718	-18364.61902656937	-382.5080745273484	-18364.61902656937	11.305168473905512	2.862295389268382	0.03588666391380286	3.869950813460657	1.0	1.0	2.1429717903119987	-370.1285721479993	0.24521919259014663	0.25	0.25	0.25478080740985337
2000	-16520.327427961693	-16200.80675828669	-319.5206696750044	-16200.80675828669	15.107445204883437	9.651354257040982	0.03254670963097475	3.869950813460657	1.0	1.0	5.348430052010754	-298.4441129679823	0.24303862842963175	0.25	0.2521805641605149	0.25478080740985337
3000	-14300.210104077207	-13981.590638513753	-318.6194655634544	-13981.590638513753	15.107445204883437	9.686621040061787	0.023533533416467654	4.240385855434343	1.0	0.9356141288791247	7.074356851819347	-297.50596113024227	0.24303862842963175	0.25	0.2521805641605149	0.25478080740985337
4000	-13263.560009427765	-12941.169763334776	-322.39024609298957	-12941.169763334776	17.436339601306358	9.945034902951122	0.0197017595704775	4.240385855434343	1.0	0.9356141288791247	8.9584276539604	-300.9391762086599	0.23762717178966378	0.25	0.2521805641605149	0.2601922640498213
5000	-12679.456170771484	-12360.813358928679	-318.64281184280463	-12360.813358928679	16.75454769679729	9.926348260450125	0.020144692713019344	5.153276515908542	1.0	0.9356141288791247	6.5482141442014825	-297.2403284698907	0.22803553990507586	0.24977537661246216	0.2521805641605149	0.2700085193219471
6000	-12198.344027997173	-11869.892774774311	-328.45125322286106	-11869.892774774311	20.832033752574176	9.973927437966458	0.018275677869706616	5.153276515908542	1.0	0.9356141288791247	6.91597859368633	-307.0409969028518	0.22803553990507586	0.24977537661246216	0.2521805641605149	0.2700085193219471
7000	-11242.619708467288	-10909.197108872226	-333.42259959506146	-10909.197108872226	22.93512919154903	9.964990009747172	0.015801012974442006	5.153276515908542	1.0	0.9356141288791247	9.210137406500474	-311.88286146629156	0.22728025761949722	0.2585059970405617	0.24420522601799396	0.2700085193219471
8000	-10797.40503578354	-10450.394302076367	-347.0107337071738	-10450.394302076367	26.087833554773606	9.883417768036448	0.012185409635245368	5.153276515908542	1.0	0.9356141288791247	8.455415593892308	-325.90761424429144	0.21407939365883416	0.2585059970405617	0.257406089978657	0.2700085193219471
9000	-10524.74571442396	-10174.29947249579	-350.4462419281699	-10174.29947249579	25.96520501424543	9.883417768036448	0.011020315559711412	5.153276515908542	1.0	0.9356141288791247	8.386238450770838	-329.4524989830761	0.21394986420624496	0.2585059970405617	0.257406089978657	0.2701380487745363
10000	-9983.719029387583	-9636.077238156679	-347.6417912309035	-9636.077238156679	20.240613734290758	9.895865227331521	0.011953492839252755	4.758713921430964	1.0	0.7708093204511677	9.542675533281972	-326.6985141715405	0.21084191970938548	0.2585059970405617	0.2605140344755164	0.2701380487745363
11000	-9680.586985173484	-9336.424438664957	-344.16254650852744	-9336.424438664957	26.830692752214045	9.857741488320983	0.011942900746362813	4.758713921430964	1.0	0.7708093204511677	8.939993175348237	-323.3269988622827	0.21084191970938548	0.2585059970405617	0.2605140344755164	0.2701380487745363
12000	-9285.509592848313	-8935.87591362854	-349.63367921977186	-8935.87591362854	25.39230911988649	9.448025042301703	0.009676749680662507	4.758713921430964	1.0	0.7708093204511677	8.450243691723596	-329.5140188348305	0.2133100257653919	0.2585059970405617	0.2498753519042268	0.2783086252898195
13000	-9147.586988832052	-8801.36208722481	-346.22490160724186	-8801.36208722481	26.66345146061483	9.61288087265594	0.009783141742189414	4.758713921430964	1.0	0.7708093204511677	11.177116392094824	-325.63415743382603	0.2133100257653919	0.2585059970405617	0.2498753519042268	0.2783086252898195
14000	-8935.736388694995	-8591.45132759434	-344.2850611006558	-8591.45132759434	25.177124172826804	9.18793381484818	0.010355259593799114	4.104581635727494	1.0	0.7708093204511677	8.655862835452957	-324.5523374508103	0.2133100257653919	0.2585059970405617	0.24687345731576435	0.28131051987828193
15000	-8893.763477021208	-8553.470485679507	-340.2929913417007	-8553.470485679507	25.177124172826804	8.399286707643265	0.009284602582623666	4.104581635727494	1.0	0.7708093204511677	9.695328629742656	-321.425939498599	0.2133100257653919	0.2585059970405617	0.24687345731576435	0.28131051987828193
16000	-8796.317639961213	-8444.021020521906	-352.2966194393059	-8444.021020521906	27.527641635498718	8.209625626864854	0.008330362771496012	4.104581635727494	1.0	0.7708093204511677	11.933298442158653	-333.54095807282954	0.197694468879815	0.26536398220645446	0.25563102903544843	0.28131051987828193
17000	-8647.810340685523	-8292.8636344311	-354.9467062544236	-8292.8636344311	28.253659455677447	7.2890946643117775	0.007956719658044793	4.104581635727494	1.0	1.0016629479241967	10.569523786881827	-337.15514971990257	0.197694468879815	0.26536398220645446	0.25563102903544843	0.28131051987828193
18000	-8538.664008398935	-8184.302791236838	-354.36121716209766	-8184.302791236838	27.007615981439006	6.552897694856654	0.007067453273439286	4.104581635727494	1.0	1.4201854086694696	10.75939299598921	-337.0841688390911	0.197694468879815	0.26536398220645446	0.25563102903544843	0.28131051987828193
19000	-8414.022819069938	-8057.703859747414	-356.3189593225251	-8057.703859747414	27.13032372448263	4.549369615516432	0.007081521756610095	4.104581635727494	1.0	1.2373644726884707	9.967080191185829	-341.63118552867945	0.197694468879815	0.26536398220645446	0.25563102903544843	0.28131051987828193
20000	-8168.014952971963	-7803.9284182659085	-364.0865347060543	-7803.9284182659085	28.66603176397212	4.733466425629406	0.006731597601129755	4.104581635727494	1.0	1.647420188231158	12.111803745949869	-348.62478623424084	0.19573307076433424	0.26536398220645446	0.2575924271509292	0.28131051987828193
21000	-8035.177342946562	-7677.475877637764	-357.70146530879845	-7677.475877637764	27.55207935733399	5.481023464904843	0.006758002140576576	4.104581635727494	1.0	1.647420188231158	11.378635308907755	-341.4187105063645	0.19573307076433424	0.26536398220645446	0.2575924271509292	0.28131051987828193
22000	-7925.045897340179	-7573.5190943160815	-351.526803024098	-7573.5190943160815	25.156600520326872	5.832002897048607	0.006744446071098087	4.104581635727494	1.0	1.647420188231158	10.792508008184077	-334.89210378007533	0.19573307076433424	0.25832435751493554	0.2575924271509292	0.28835014456980085
23000	-7880.377229736176	-7525.578424953233	-354.7988047829433	-7525.578424953233	26.177833509974313	6.83265162816849	0.00638032970654832	4.104581635727494	1.0	1.737468024757326	11.922426035468776	-336.88690909513656	0.19573307076433424	0.25832435751493554	0.2575924271509292	0.28835014456980085
24000	-7806.639175106594	-7457.246554968714	-349.39262013787976	-7457.246554968714	25.321795144802117	5.906633416803285	0.0066259442228136555	4.104581635727494	1.0	1.737468024757326	9.31541588570413	-332.74673644132105	0.19573307076433424	0.25832435751493554	0.2575924271509292	0.28835014456980085
25000	-7791.037632339016	-7438.7985665514625	-352.23906578755356	-7438.7985665514625	26.22126858971265	5.32346200882238	0.0066259442228136555	4.104581635727494	1.0	1.737468024757326	11.791064700367686	-336.03423909690406	0.19573307076433424	0.2589773420922655	0.2575924271509292	0.2876971599924709
26000	-7570.222373348949	-7225.690519886185	-344.53185346276365	-7225.690519886185	26.937628394413363	4.44509548571923	0.005639064410469689	4.104581635727494	1.0	2.7006782412239327	10.496121114743634	-328.68226479379683	0.18156637459276784	0.2654981756339147	0.2575924271509292	0.2953430226223881
27000	-7487.373262671185	-7149.451699126915	-337.92156354427044	-7149.451699126915	24.586492066307688	6.5730430426219675	0.006354294197661989	4.104581635727494	1.0	2.7006782412239327	9.199381763356154	-319.60430797960663	0.18156637459276784	0.2654981756339147	0.2575924271509292	0.2953430226223881
28000	-7455.567497814736	-7116.821564988475	-338.7459328262612	-7116.821564988475	27.394155254643145	6.888082966931053	0.006306245793158976	4.104581635727494	1.0	2.344123022874114	8.59178264825899	-320.5039886690976	0.18156637459276784	0.2654981756339147	0.2575924271509292	0.2953430226223881
29000	-7452.309778616236	-7116.541887132268	-335.7678914839683	-7116.541887132268	25.39260358227719	6.519577507925947	0.006570550418191754	4.104581635727494	1.0	2.344123022874114	8.740938302652395	-317.88561031131167	0.18156637459276784	0.2654981756339147	0.2575924271509292	0.2953430226223881
30000	-7463.922468022666	-7125.9051388174485	-338.0173292052175	-7125.9051388174485	26.38843248134835	8.719853904087898	0.006937060637082545	4.104581635727494	1.0	2.344123022874114	9.223566916781564	-317.5649380826941	0.18156637459276784	0.2654981756339147	0.2575924271509292	0.2953430226223881
31000	-7436.6248319757615	-7103.964504302985	-332.660327672776	-7103.964504302985	24.069101433873694	8.148824518944554	0.006973654422522795	4.104581635727494	1.0	2.344123022874114	9.488525653062478	-312.8063289039044	0.18156637459276784	0.2654981756339147	0.2575924271509292	0.2953430226223881
32000	-7431.445416840269	-7097.246320939922	-334.1990959003471	-7097.246320939922	26.53567557384327	8.467347182886689	0.007017792468886362	4.104581635727494	1.0	2.344123022874114	10.951118695247535	-313.84238497814084	0.18156637459276784	0.2654981756339147	0.2575924271509292	0.2953430226223881
33000	-7368.427574145282	-7040.755703674022	-327.67187047126004	-7040.755703674022	27.00611584779387	9.782183541964907	0.006943534356802556	4.104581635727494	1.0	2.344123022874114	8.347055611524508	-306.1526038857003	0.18156637459276784	0.2654981756339147	0.2575924271509292	0.2953430226223881
34000	-7351.78468872799	-7028.346608700666	-323.43808002732374	-7028.346608700666	26.464845597386407	8.327629568285301	0.006912612008368352	4.104581635727494	1.0	2.344123022874114	7.707274454277308	-303.60246909450694	0.18156637459276784	0.2654981756339147	0.2575924271509292	0.2953430226223881
35000	-7330.431863717034	-7013.045762459731	-317.3861012573022	-7013.045762459731	22.125071851757774	7.028281380315793	0.0068095880637341	4.104581635727494	1.0	2.344123022874114	7.255604965510303	-299.0779457261921	0.18156637459276784	0.2654981756339147	0.2575924271509292	0.2953430226223881
36000	-7135.436732841907	-6818.923786939766	-316.5129459021413	-6818.923786939766	21.534192645896745	7.647710341668472	0.007020782717108701	4.104581635727494	1.0	2.344123022874114	7.374623631754237	-297.4624715645421	0.18156637459276784	0.2654981756339147	0.2575924271509292	0.2953430226223881
37000	-7125.93960845123	-6811.671791525773	-314.2678169254568	-6811.671791525773	23.388290905074758	8.14679890697945	0.006912276652989678	4.104581635727494	1.0	2.344123022874114	7.372361892183651	-294.6772701448536	0.18156637459276784	0.2654981756339147	0.2575924271509292	0.2953430226223881
38000	-7117.764425102554	-6807.08837384089	-310.6760512616639	-6807.08837384089	21.777495914251993	9.352469952974264	0.00718217957985751	4.104581635727494	1.0	2.344123022874114	6.812197283596718	-289.7962607556651	0.18156637459276784	0.2654981756339147	0.2575924271509292	0.2953430226223881
39000	-7007.130248299327	-6704.518505347524	-302.6117429518029	-6704.518505347524	22.218695835751245	7.58853365072281	0.007241096363802024	3.7988859712199097	1.0	2.344123022874114	6.361944655033659	-283.84007550047323	0.19207192507359397	0.27046128848078543	0.24231767476254118	0.2951491116830793
40000	-6993.330338103785	-6695.533208344731	-297.79712975905375	-6695.533208344731	24.004777077504873	6.488414750742961	0.006729429856146765	3.7988859712199097	1.0	3.7278095558971174	6.301680288535183	-278.96579804048145	0.19207192507359397	0.27046128848078543	0.24231767476254118	0.2951491116830793
41000	-6979.054982837355	-6671.610163867132	-307.44481897022325	-6671.610163867132	21.67799674229381	7.581714043825691	0.006822153983571812	3.7988859712199097	1.0	3.3176461841447717	7.768084673038777	-287.567285922843	0.19207192507359397	0.2568840666187745	0.24231767476254118	0.3087263335450902
42000	-6975.533464472999	-6668.51838358729	-307.015080885709	-6668.51838358729	21.974546572135754	7.3193915552188455	0.0067948729306510774	3.684464067940022	1.0	3.3176461841447717	7.048034454136729	-287.5696849347665	0.19207192507359397	0.2568840666187745	0.24231767476254118	0.3087263335450902
43000	-6957.814561374114	-6653.177266920168	-304.6372944539465	-6653.177266920168	23.170922443768564	7.698230661001574	0.0067321552705924565	3.684464067940022	1.0	3.3176461841447717	7.223247003540291	-284.7523759749978	0.18329072698808668	0.2704763445051825	0.23750659496164048	0.3087263335450902
44000	-6942.258838847669	-6629.18324354571	-313.075595301959	-6629.18324354571	24.963680680762124	6.931915041604832	0.006477580482208659	3.684464067940022	1.0	3.3176461841447717	4.831550914068983	-294.4921085792121	0.15920980729759523	0.2704763445051825	0.23750659496164048	0.33280725323558163
45000	-6929.764296548287	-6621.611696774662	-308.1525997736255	-6621.611696774662	25.3649735868149	7.370022363745462	0.006700826853045602	3.684464067940022	1.0	3.2973289953016143	7.232965540721981	-288.6587474494729	0.15920980729759523	0.2798616739822365	0.22812126548458647	0.33280725323558163
46000	-6912.252091188462	-6608.546956854026	-303.7051343344366	-6608.546956854026	26.68775775525857	7.229241903497783	0.006196556179618702	3.684464067940022	1.0	3.2973289953016143	7.263138069513185	-284.44360785689736	0.15920980729759523	0.2798616739822365	0.22812126548458647	0.33280725323558163
47000	-6923.326398358647	-6613.091202257346	-310.2351961013012	-6613.091202257346	28.88062665931977	8.106174011562691	0.006173489368361501	3.684464067940022	1.0	3.2973289953016143	5.371654139834529	-290.29910484723126	0.15920980729759523	0.2798616739822365	0.22812126548458647	0.33280725323558163
48000	-6902.1514341551565	-6596.900316826056	-305.25111732910045	-6596.900316826056	26.98079776515435	8.765522011106926	0.006472344940300229	3.684464067940022	1.0	3.2973289953016143	6.411832747551639	-284.3609520057512	0.15920980729759523	0.2798616739822365	0.22812126548458647	0.33280725323558163
49000	-6912.150641749139	-6611.026613497797	-301.1240282513421	-6611.026613497797	30.211568389724793	7.594673374669595	0.005752942891782252	3.684464067940022	1.0	3.2973289953016143	4.895060140583096	-281.92162841315206	0.15920980729759523	0.2798616739822365	0.22812126548458647	0.33280725323558163
50000	-6896.142507097936	-6594.3320568394165	-301.8104502585196	-6594.3320568394165	29.14651728576918	8.43860599040277	0.0062068135053191635	3.684464067940022	1.0	3.2973289953016143	7.15029369835475	-281.21434763571557	0.15920980729759523	0.2798616739822365	0.22812126548458647	0.33280725323558163
51000	-6899.286434269589	-6595.082861546191	-304.2035727233983	-6595.082861546191	33.472003119463096	7.70482509733152	0.005612184312438277	3.684464067940022	1.0	3.2973289953016143	6.1016781809174025	-284.6825126325138	0.15920980729759523	0.2798616739822365	0.22812126548458647	0.33280725323558163
52000	-6895.234057869365	-6595.829015309739	-299.4050425596258	-6595.829015309739	24.228436988322578	6.790297207760668	0.0059915495321404095	3.684464067940022	1.0	3.2973289953016143	6.749287452882546	-280.745891741629	0.15920980729759523	0.2798616739822365	0.22812126548458647	0.33280725323558163
53000	-6862.311841988213	-6557.469766833747	-304.84207515446616	-6557.469766833747	25.237915662744452	8.188216160144854	0.005652904007043049	3.684464067940022	1.0	3.2973289953016143	6.872007547771553	-284.6567332289746	0.15920980729759523	0.2798616739822365	0.1998557703477056	0.3610727483724625
54000	-6863.419768898731	-6565.561381471908	-297.85838742682205	-6565.561381471908	23.316167006372286	8.091108726781032	0.006756712387979751	3.684464067940022	1.0	3.2973289953016143	6.08938148562229	-277.72322095503307	0.15920980729759523	0.2798616739822365	0.1998557703477056	0.3610727483724625
55000	-6847.450045940889	-6546.585045105356	-300.86500083553335	-6546.585045105356	25.96370475498981	9.493583041263147	0.006907091085701167	3.684464067940022	1.0	3.2973289953016143	6.627705187981831	-279.076730190611	0.15920980729759523	0.2798616739822365	0.1998557703477056	0.3610727483724625
56000	-6862.044725708566	-6560.115437671265	-301.9292880373017	-6560.115437671265	25.46741436092374	8.254879795245786	0.006298731967757371	3.684464067940022	1.0	3.2973289953016143	5.647118051030518	-281.75801194552974	0.15920980729759523	0.2798616739822365	0.1998557703477056	0.3610727483724625
57000	-6862.792940652139	-6563.868368426343	-298.9245722257956	-6563.868368426343	24.46043641225876	8.141664488247326	0.00604354298540351	3.684464067940022	1.0	3.2973289953016143	7.1182078354566904	-278.68883598870156	0.15920980729759523	0.2798616739822365	0.1998557703477056	0.3610727483724625
58000	-6841.359804573554	-6545.498476152904	-295.86132842065024	-6545.498476152904	25.521477045964566	9.763365091763248	0.006769263380267578	3.684464067940022	1.0	3.3122789845379366	5.521809728146566	-273.9658531264715	0.15920980729759523	0.2798616739822365	0.1998557703477056	0.3610727483724625
59000	-6844.402331514895	-6545.932016525236	-298.4703149896599	-6545.932016525236	27.08105409421481	9.72737514060651	0.005923845094462183	3.684464067940022	1.0	3.3122789845379366	5.726807897837463	-276.7112856572517	0.15920980729759523	0.2798616739822365	0.1998557703477056	0.3610727483724625
60000	-6837.258141972611	-6540.729922626668	-296.528219345943	-6540.729922626668	25.935596538095776	9.696664529393178	0.006086084169105241	3.684464067940022	1.0	2.724237977703499	6.05874467144984	-275.3073969289979	0.15920980729759523	0.2798616739822365	0.1998557703477056	0.3610727483724625
61000	-6835.340323416507	-6541.593967609818	-293.7463558066894	-6541.593967609818	24.30200021969572	9.552761689196332	0.006817592116652881	3.684464067940022	1.0	4.179020789114302	6.096760194049829	-271.1081895679076	0.14590562984518385	0.29316585143464785	0.1998557703477056	0.3610727483724625
62000	-6828.0035683072765	-6537.150649382128	-290.8529189251485	-6537.150649382128	25.86214843925385	8.805549504084574	0.006453991403490752	2.423321476557944	1.0	4.179020789114302	5.753906803178321	-269.5924054597531	0.14590562984518385	0.3093399512303268	0.1836816705520266	0.3610727483724625
63000	-6834.435857105903	-6538.3884973290105	-296.0473597768925	-6538.3884973290105	20.349205031064102	9.732517992479536	0.00657001370092338	2.423321476557944	1.0	4.179020789114302	5.435966762376285	-273.8087939656708	0.14590562984518385	0.3093399512303268	0.1836816705520266	0.3610727483724625
64000	-6717.177470786358	-6420.367760966413	-296.8097098199451	-6420.367760966413	23.695141559165204	7.705329350546121	0.006221871587856828	3.0237878925930817	1.0	6.029004886248787	5.414692421548958	-274.7962156650049	0.14590562984518385	0.3093399512303268	0.1836816705520266	0.3610727483724625
65000	-6689.5161570036	-6386.469717448288	-303.046439555312	-6386.469717448288	26.00243266633286	8.070173862976267	0.0058663570338574585	3.0237878925930817	1.0	6.029004886248787	6.604071189504516	-280.48679238379634	0.17093325403637658	0.3093399512303268	0.15865404636083388	0.3610727483724625
66000	-6692.613581476761	-6385.7388158094545	-306.8747656673069	-6385.7388158094545	27.256459836728876	6.934921475111721	0.005858142165338122	3.0237878925930817	1.0	6.029004886248787	5.715029766993437	-285.7328049749818	0.17093325403637658	0.3093399512303268	0.15865404636083388	0.3610727483724625
67000	-6698.041663877421	-6393.583664246119	-304.45799963130213	-6393.583664246119	27.986864311161703	6.930299028591388	0.005799499999869742	3.0237878925930817	1.0	6.029004886248787	6.610263550987829	-283.1858066062897	0.17093325403637658	0.3093399512303268	0.15865404636083388	0.3610727483724625
68000	-6644.463294902751	-6346.534231774433	-297.9290631283186	-6346.534231774433	28.033509106400533	6.44497290809772	0.006010205447965112	3.0237878925930817	1.0	6.029004886248787	5.973826236225673	-277.273054897385	0.17093325403637658	0.3093399512303268	0.15865404636083388	0.3610727483724625
69000	-6616.851864298619	-6314.100364718172	-302.7514995804464	-6314.100364718172	30.43353589059423	6.546986577152012	0.005513123884090439	3.0237878925930817	1.0	6.029004886248787	5.073450114986635	-282.2291031948262	0.16920608097655507	0.3093399512303268	0.15865404636083388	0.362799921432284
70000	-6613.213003480665	-6313.481508006334	-299.73149547433115	-6313.481508006334	27.765645654820975	7.8127871085048515	0.005556593232963525	3.0237878925930817	1.0	6.029004886248787	6.578006210052143	-277.5166487688064	0.17145632684993878	0.3093399512303268	0.15640380048745017	0.362799921432284
71000	-6608.767170142503	-6302.575490594864	-306.1916795476393	-6302.575490594864	26.589179597607856	9.537591044200889	0.005586431142329305	3.0237878925930817	1.0	6.029004886248787	5.054182006715652	-282.3306548018796	0.17145632684993878	0.3093399512303268	0.15640380048745017	0.362799921432284
72000	-6572.520925684781	-6274.2097066994775	-298.31121898530404	-6274.2097066994775	25.268220099433833	8.828170049133872	0.005982374305779812	3.0237878925930817	1.0	6.029004886248787	6.332222634623622	-274.9352133845112	0.1624993124672291	0.3093399512303268	0.15640380048745017	0.3717569358149937
73000	-6549.37608412527	-6255.566993903517	-293.80909022175297	-6255.566993903517	28.183155646840888	9.208175509977567	0.006009385350521413	3.0237878925930817	1.0	6.029004886248787	5.8525193034735326	-270.08941923175064	0.12949071567179488	0.34234854802576103	0.15640380048745017	0.3717569358149937
74000	-6553.741602253825	-6262.476924846391	-291.26467740743374	-6262.476924846391	26.068226921930112	8.709488542761067	0.006227132056726183	2.407428126407242	1.0	6.029004886248787	5.039188436947795	-268.4346603603561	0.12949071567179488	0.34234854802576103	0.15640380048745017	0.3717569358149937
75000	-6549.998046603722	-6257.938532676513	-292.05951392720897	-6257.938532676513	26.109995571011698	8.709488542761067	0.006408158505366173	2.407428126407242	1.0	6.029004886248787	5.725519973650333	-269.07311474606803	0.12949071567179488	0.33400197752706356	0.15640380048745017	0.38010350631369116
76000	-6536.534810828182	-6247.84523390681	-288.68957692137263	-6247.84523390681	28.131204342176943	8.264365261663293	0.005797173677872745	2.407428126407242	1.0	6.029004886248787	6.13361916154052	-266.2269749598239	0.12949071567179488	0.33400197752706356	0.15640380048745017	0.38010350631369116
77000	-6538.210774346645	-6252.00629950017	-286.2044748464752	-6252.00629950017	27.693025161948214	7.396166427390399	0.005913787104016038	2.407428126407242	1.0	6.029004886248787	5.5960619730966	-264.7817526140309	0.12949071567179488	0.33400197752706356	0.15640380048745017	0.38010350631369116
78000	-6536.6328722848275	-6251.909928747223	-284.7229435376047	-6251.909928747223	26.561725351258257	8.96742736538809	0.0064261424950447215	2.5151293390932725	1.0	6.029004886248787	4.835562322277227	-261.5774912172246	0.12949071567179488	0.33400197752706356	0.15640380048745017	0.38010350631369116
79000	-6535.282726095003	-6249.289693337238	-285.99303275776583	-6249.289693337238	27.277855714235837	7.797321318637336	0.006242719947948698	2.5151293390932725	1.0	5.829892158435207	5.26407519700777	-264.28672496536905	0.12423580648228741	0.339256886716571	0.15640380048745017	0.38010350631369116
80000	-6541.599708811939	-6249.522468278847	-292.0772405330927	-6249.522468278847	27.733967678285502	8.546281201922609	0.006134235839668561	2.5151293390932725	1.0	5.829892158435207	5.978619552280352	-269.4296955462177	0.11510122547570398	0.339256886716571	0.15640380048745017	0.3892380873202746
81000	-6535.900168045554	-6245.885526813732	-290.0146412318214	-6245.885526813732	27.432022450944075	6.895590147035148	0.006107856988254691	2.5151293390932725	1.0	5.829892158435207	5.536200360968923	-269.2921356865466	0.11510122547570398	0.339256886716571	0.15640380048745017	0.3892380873202746
82000	-6539.0121697468885	-6243.776637084318	-295.23553266257	-6243.776637084318	26.036719280341295	8.2065489016589	0.005830826857785252	2.5151293390932725	1.0	5.829892158435207	5.049023569531797	-273.1839986543623	0.11510122547570398	0.339256886716571	0.15640380048745017	0.3892380873202746
83000	-6526.07135414724	-6233.762820336107	-292.3085338111324	-6233.762820336107	24.461971843840015	7.291576682545924	0.006096244178538783	2.5151293390932725	1.0	5.829892158435207	5.470349388525854	-271.15365891563636	0.11510122547570398	0.339256886716571	0.15640380048745017	0.3892380873202746
84000	-6531.465573100582	-6242.90799668771	-288.5575764128721	-6242.90799668771	23.696927942857638	8.797652654212648	0.006400184931688661	2.5151293390932725	1.0	5.829892158435207	5.340531851159157	-265.70293947966644	0.11510122547570398	0.339256886716571	0.15640380048745017	0.3892380873202746
85000	-6535.84369220287	-6243.547138978226	-292.29655322464424	-6243.547138978226	24.086003913469295	8.459467383014996	0.0063116418264420274	2.5151293390932725	1.0	7.4801491384680805	5.08400038135562	-268.22830019095215	0.11510122547570398	0.339256886716571	0.15640380048745017	0.3892380873202746
86000	-6534.11502643576	-6235.039260619377	-299.0757658163829	-6235.039260619377	26.72581511030864	8.168795259999484	0.005856786563096317	2.5151293390932725	1.0	7.4801491384680805	7.183614034094465	-275.05882466171226	0.11510122547570398	0.339256886716571	0.15640380048745017	0.3892380873202746
87000	-6545.0770649451315	-6245.547992351859	-299.5290725932724	-6245.547992351859	29.36278423732534	5.939788106886355	0.0051564885998270065	2.5151293390932725	1.0	7.4801491384680805	6.632809656269778	-278.23510469543425	0.11510122547570398	0.339256886716571	0.15640380048745017	0.3892380873202746
88000	-6540.711661946719	-6237.310699838818	-303.4009621079006	-6237.310699838818	23.365345115726534	8.70580079610517	0.006078257117396918	2.5151293390932725	1.0	7.412774783870896	6.129219313272817	-278.9786708809361	0.11510122547570398	0.339256886716571	0.15640380048745017	0.3892380873202746
89000	-6529.432089340267	-6233.37121040942	-296.0608789308467	-6233.37121040942	21.793538232284583	8.293974848986181	0.006019310012600032	2.745027350374947	1.0	8.098477288469201	5.0496537671626935	-271.52626188434675	0.11510122547570398	0.339256886716571	0.15640380048745017	0.3892380873202746
90000	-6544.451575056855	-6250.758533530363	-293.69304152649244	-6250.758533530363	21.861885199859877	6.622932812998332	0.00606951901289476	2.745027350374947	1.0	8.098477288469201	5.357606554116549	-270.9644453896507	0.11510122547570398	0.339256886716571	0.15640380048745017	0.3892380873202746
91000	-6539.112931497164	-6237.370332528856	-301.742598968308	-6237.370332528856	23.454548743198707	9.078714022898366	0.005994613575990201	2.745027350374947	1.0	8.148086770450279	4.499593873268151	-276.411718348502	0.11510122547570398	0.339256886716571	0.15640380048745017	0.3892380873202746
92000	-6540.797734509941	-6255.897058418872	-284.9006760910688	-6255.897058418872	23.55222042334757	8.778151493176898	0.006191203071570857	2.745027350374947	1.0	3.080494893301702	5.547947421290796	-264.7265056848567	0.11510122547570398	0.339256886716571	0.15640380048745017	0.3892380873202746
93000	-6516.889056685061	-6234.089643989645	-282.7994126954164	-6234.089643989645	22.511137861749678	9.203138272229197	0.0063275813375226276	2.745027350374947	1.0	3.264436938486788	4.532114759308088	-262.154185923818	0.11510122547570398	0.339256886716571	0.1268052749735612	0.41883661283416357
94000	-6515.186472632899	-6233.276149539312	-281.910323093586	-6233.276149539312	22.231521050942852	7.1399725406398336	0.005972200326936417	2.745027350374947	1.0	7.517116950915572	4.735183922971609	-259.31807119983904	0.11510122547570398	0.339256886716571	0.1268052749735612	0.41883661283416357
95000	-6519.163659925185	-6234.673465137954	-284.49019478723085	-6234.673465137954	21.727195606708026	7.6964268585982225	0.006704341709593513	2.745027350374947	1.0	7.517116950915572	4.894705590655506	-261.12501864250373	0.11510122547570398	0.339256886716571	0.1268052749735612	0.41883661283416357
96000	-6510.009823177852	-6223.471223306951	-286.5385998709009	-6223.471223306951	20.30491529095387	8.912912927500095	0.006633173727248722	2.745027350374947	1.0	7.517116950915572	5.212134766485943	-261.7727215849858	0.11510122547570398	0.3036977126245101	0.1268052749735612	0.45439578692622445
97000	-6510.616399591035	-6222.344133703072	-288.2722658879628	-6222.344133703072	24.232791390588538	7.573451034033168	0.006390600199704915	2.745027350374947	1.0	7.517116950915572	6.319599166052889	-264.8370617580115	0.11510122547570398	0.3036977126245101	0.1268052749735612	0.45439578692622445
98000	-6514.382973865978	-6233.671903787525	-280.71107007845313	-6233.671903787525	27.289281601647552	6.260158507120369	0.005942750419584437	2.745027350374947	1.0	6.583383868281977	4.723480141798181	-260.0581412032707	0.11510122547570398	0.29140240548877555	0.1268052749735612	0.466691094061959
99000	-6506.075919934207	-6227.938701542111	-278.13721839209643	-6227.938701542111	23.694864675828594	8.179298407867579	0.0074876157232830745	2.745027350374947	1.0	6.583383868281977	4.6281384884095536	-255.11341211171123	0.11510122547570398	0.29140240548877555	0.1268052749735612	0.466691094061959
100000	-6507.520364064983	-6225.672778299984	-281.84758576499877	-6225.672778299984	24.88808590553036	8.804157682731027	0.007357555316625656	2.745027350374947	1.0	6.583383868281977	6.111777499621123	-257.87216651507003	0.1055269003961305	0.29140240548877555	0.1268052749735612	0.47626541914153253
