#
#model:
#
#<?xml version="1.0" encoding="UTF-8" standalone="no"?><input id="posterior" spec="beast.core.util.CompoundDistribution">
#    <distribution id="prior" spec="beast.core.util.CompoundDistribution">
#        <distribution id="CoalescentConstant.t:1" spec="beast.evolution.tree.coalescent.Coalescent">
#            <populationModel id="ConstantPopulation.t:1" spec="beast.evolution.tree.coalescent.ConstantPopulation">
#                <parameter id="popSize.t:1" name="popSize" spec="beast.core.parameter.RealParameter">0.3</parameter>
#            </populationModel>
#            <treeIntervals id="TreeIntervals.t:1" spec="beast.evolution.tree.coalescent.TreeIntervals">
#                <tree id="Tree.t:1" spec="beast.evolution.tree.Tree">
#                    <trait id="dateTrait.t:1" spec="beast.evolution.tree.TraitSet" traitname="date" value="2_2000.1=2000.1,17_2001.6=2001.6,18_2001.7=2001.7,21_2002=2002,24_2002.3=2002.3,26_2002.5=2002.5,5_2000.4=2000.4,7_2000.6=2000.6,4_2000.3=2000.3,13_2001.2=2001.2,15_2001.4=2001.4,16_2001.5=2001.5,1_2000=2000,8_2000.7=2000.7,3_2000.2=2000.2,12_2001.1=2001.1,22_2002.1=2002.1,32_2003.1=2003.1,28_2002.7=2002.7,43_2004.2=2004.2,46_2004.5=2004.5,55_2005.4=2005.4,63_2006.2=2006.2,65_2006.4=2006.4,66_2006.5=2006.5,67_2006.6=2006.6,23_2002.2=2002.2,10_2000.9=2000.9,14_2001.3=2001.3,33_2003.2=2003.2,39_2003.8=2003.8,34_2003.3=2003.3,44_2004.3=2004.3,48_2004.7=2004.7,53_2005.2=2005.2,52_2005.1=2005.1,58_2005.7=2005.7,9_2000.8=2000.8,6_2000.5=2000.5,11_2001=2001,25_2002.4=2002.4,20_2001.9=2001.9,47_2004.6=2004.6,36_2003.5=2003.5,45_2004.4=2004.4,50_2004.9=2004.9,42_2004.1=2004.1,51_2005=2005,35_2003.4=2003.4,37_2003.6=2003.6,57_2005.6=2005.6,59_2005.8=2005.8,61_2006=2006,62_2006.1=2006.1,41_2004=2004,40_2003.9=2003.9,49_2004.8=2004.8,74_2007.3=2007.3,77_2007.6=2007.6,68_2006.7=2006.7,70_2006.9=2006.9,81_2008=2008,19_2001.8=2001.8,27_2002.6=2002.6,29_2002.8=2002.8,30_2002.9=2002.9,31_2003=2003,38_2003.7=2003.7,56_2005.5=2005.5,69_2006.8=2006.8,82_2008.1=2008.1,80_2007.9=2007.9,83_2008.2=2008.2,87_2008.6=2008.6,71_2007=2007,75_2007.4=2007.4,72_2007.1=2007.1,91_2009=2009,88_2008.7=2008.7,94_2009.3=2009.3,98_2009.7=2009.7,79_2007.8=2007.8,84_2008.3=2008.3,78_2007.7=2007.7,76_2007.5=2007.5,89_2008.8=2008.8,93_2009.2=2009.2,96_2009.5=2009.5,97_2009.6=2009.6,95_2009.4=2009.4,100_2009.9=2009.9,54_2005.3=2005.3,60_2005.9=2005.9,64_2006.3=2006.3,73_2007.2=2007.2,86_2008.5=2008.5,85_2008.4=2008.4,90_2008.9=2008.9,99_2009.8=2009.8,92_2009.1=2009.1,101_2010=2010">
#                        <taxa id="TaxonSet.1" spec="beast.evolution.alignment.TaxonSet">
#                        </taxa>
#                    </trait>
#                    <taxonset idref="TaxonSet.1"/>
#                </tree>
#            </treeIntervals>
#        </distribution>
#        <prior id="rateOmega.prior" name="distribution">
#            <parameter id="rateOmega" lower="0.1" name="x" spec="beast.core.parameter.RealParameter" upper="10.0">0.5</parameter>
#            <Gamma id="Gamma.0" name="distr">
#                <parameter estimate="false" id="rateOmega.alpha" name="alpha" spec="beast.core.parameter.RealParameter">0.1</parameter>
#                <parameter estimate="false" id="rateOmega.beta" name="beta" spec="beast.core.parameter.RealParameter">1.0</parameter>
#            </Gamma>
#        </prior>
#        <prior id="rateMean.prior" name="distribution">
#            <parameter id="rateMean" lower="1.0E-4" name="x" spec="beast.core.parameter.RealParameter" upper="10.0">0.005</parameter>
#            <Gamma id="Gamma.1" name="distr">
#                <parameter estimate="false" id="rateMean.alpha" name="alpha" spec="beast.core.parameter.RealParameter">0.005</parameter>
#                <parameter estimate="false" id="rateMean.beta" name="beta" spec="beast.core.parameter.RealParameter">1.0</parameter>
#            </Gamma>
#        </prior>
#        <prior id="FrequenciesPrior.s:1" name="distribution">
#            <parameter dimension="4" id="freqParameter.s:1" lower="0.0" name="x" spec="beast.core.parameter.RealParameter" upper="1.0">0.25</parameter>
#            <Uniform id="Uniform.3" name="distr"/>
#        </prior>
#        <prior id="GammaShapePrior.s:1" name="distribution">
#            <parameter id="gammaShape.s:1" name="x" spec="beast.core.parameter.RealParameter">1.0</parameter>
#            <Exponential id="Exponential.0" name="distr">
#                <parameter estimate="false" id="RealParameter.0" name="mean" spec="beast.core.parameter.RealParameter">1.0</parameter>
#            </Exponential>
#        </prior>
#        <prior id="KappaPrior.s:1" name="distribution">
#            <parameter id="kappa.s:1" lower="0.0" name="x" spec="beast.core.parameter.RealParameter">2.0</parameter>
#            <LogNormal id="LogNormalDistributionModel.0" name="distr">
#                <parameter estimate="false" id="RealParameter.1" name="M" spec="beast.core.parameter.RealParameter">1.0</parameter>
#                <parameter estimate="false" id="RealParameter.2" name="S" spec="beast.core.parameter.RealParameter">1.25</parameter>
#            </LogNormal>
#        </prior>
#        <prior id="PopSizePrior.t:1" name="distribution" x="@popSize.t:1">
#            <OneOnX id="OneOnX.1" name="distr"/>
#        </prior>
#    </distribution>
#    <distribution id="likelihood" spec="beast.core.util.CompoundDistribution" useThreads="true">
#        <distribution data="@1" id="treeLikelihood.1" spec="beast.evolution.likelihood.ThreadedTreeLikelihood" tree="@Tree.t:1">
#            <siteModel gammaCategoryCount="4" id="SiteModel.s:1" shape="@gammaShape.s:1" spec="beast.evolution.sitemodel.SiteModel">
#                <parameter id="mutationRate.s:1" name="mutationRate" spec="beast.core.parameter.RealParameter">1.0</parameter>
#                <parameter estimate="false" id="proportionInvariant.s:1" lower="0.0" name="proportionInvariant" spec="beast.core.parameter.RealParameter" upper="1.0">0.0</parameter>
#                <substModel id="hky.s:1" kappa="@kappa.s:1" spec="beast.evolution.substitutionmodel.HKY">
#                    <frequencies frequencies="@freqParameter.s:1" id="estimatedFreqs.s:1" spec="beast.evolution.substitutionmodel.Frequencies"/>
#                </substModel>
#            </siteModel>
#            <branchRateModel id="branchRates" numSites="1000" numberOfDiscreteRates="12" rateMean="@rateMean" rateOmega="@rateOmega" spec="beast.evolution.branchratemodel.ARClockModel" tree="@Tree.t:1">
#                <rateCategories dimension="200" id="rateCategories" spec="beast.core.parameter.IntegerParameter">1</rateCategories>
#            </branchRateModel>
#        </distribution>
#    </distribution>
#</input>
#
Sample	posterior	likelihood	prior	treeLikelihood	TreeHeight	rateOmega	rateMean	kappa	mutationRate	gammaShape	popSize	CoalescentConstant	freqParameter.1	freqParameter.2	freqParameter.3	freqParameter.4
0	-31151.632649166742	-30917.599442996383	-234.03320617036022	-30917.599442996383	10.751582664363609	0.5	0.005	2.0	1.0	1.0	0.3	-230.21431273121476	0.25	0.25	0.25	0.25
1000	-17439.542143191553	-17113.494743730727	-326.04739946082634	-17113.494743730727	11.211793269574857	0.979743007501491	0.03876616254689345	3.869950813460657	1.0	1.0	2.5762262899103905	-316.25152173754446	0.25	0.25	0.25	0.25
2000	-15172.778174948699	-14881.421337825004	-291.3568371236943	-14881.421337825004	12.254985603177513	4.711635978244848	0.029586637049577848	3.869950813460657	1.0	1.0	5.84817768809297	-275.8738651809571	0.25	0.24973170933313912	0.25026829066686085	0.25
3000	-13805.77650207307	-13496.902213953346	-308.8742881197236	-13496.902213953346	12.393670434772998	9.020038582052521	0.027864161677372386	4.240385855434343	1.0	1.0	7.638763713604459	-288.177987348067	0.25	0.24973170933313912	0.25026829066686085	0.25
4000	-13088.06170277397	-12776.810337134973	-311.25136563899724	-12776.810337134973	12.41720413463805	9.733253305289537	0.023862519886663484	4.240385855434343	1.0	1.0	6.113104639230247	-290.15442031306276	0.24479804294479682	0.2549336663883423	0.25026829066686085	0.25
5000	-12519.166496744157	-12203.715784982658	-315.4507117614988	-12203.715784982658	11.916769255226313	9.733253305289537	0.02367731816050032	4.240385855434343	1.0	1.0	7.898809035293723	-294.1054269274319	0.24479804294479682	0.2549336663883423	0.25026829066686085	0.25
6000	-12029.901283954516	-11716.305476664833	-313.5958072896834	-11716.305476664833	11.916769255226313	9.81477731993066	0.022116730581361172	4.240385855434343	1.0	1.0	7.522064179982558	-292.2797658545263	0.24479804294479682	0.2549336663883423	0.25026829066686085	0.25
7000	-11870.01888434833	-11556.371878393724	-313.64700595460596	-11556.371878393724	11.916769255226313	9.81477731993066	0.0220740613471131	4.240385855434343	1.0	1.0	6.091572947573349	-292.5438629307545	0.24352812017079783	0.26290900453086324	0.24229295252433994	0.251269922773999
8000	-11553.83536565756	-11232.345132316485	-321.4902333410761	-11232.345132316485	11.814850583401464	9.81477731993066	0.02034246960529918	4.240385855434343	1.0	1.0	7.760833076275115	-300.22792252032826	0.24352812017079783	0.26290900453086324	0.24229295252433994	0.251269922773999
9000	-11205.638209204459	-10885.596639134812	-320.0415700696468	-10885.596639134812	11.814850583401464	9.81477731993066	0.019842274679101844	4.240385855434343	1.0	1.0	8.45820938491446	-298.7184832055877	0.24339859071820863	0.26290900453086324	0.24229295252433994	0.2513994522265882
10000	-11055.866993223046	-10734.81200402341	-321.0549891996369	-10734.81200402341	11.776096399257838	9.939236768898946	0.02045303972472451	4.240385855434343	1.0	1.0	6.744995379313457	-299.79166264383906	0.24339859071820863	0.26290900453086324	0.24229295252433994	0.2513994522265882
11000	-10685.957603228253	-10364.970155717592	-320.9874475106601	-10364.970155717592	11.873440682366182	9.994675954014824	0.02020836472512019	4.240385855434343	1.0	1.0	7.504964520341656	-299.5691311550537	0.24339859071820863	0.26290900453086324	0.24229295252433994	0.2513994522265882
12000	-10485.421424923907	-10158.210216752877	-327.21120817102866	-10158.210216752877	11.341242814418587	9.530947182395773	0.01809406420047256	4.240385855434343	1.0	1.0	6.774942525106468	-306.5137864525924	0.24339859071820863	0.26290900453086324	0.24229295252433994	0.2513994522265882
13000	-10101.020823218994	-9779.505057385331	-321.515765833663	-9779.505057385331	11.341242814418587	9.851081026557198	0.01764496205346514	4.240385855434343	1.0	0.72974826880063	7.155800677537731	-300.709493255224	0.24339859071820863	0.26290900453086324	0.24229295252433994	0.2513994522265882
14000	-9732.838427021527	-9409.272063350614	-323.566363670912	-9409.272063350614	11.349952442437496	9.858633621922678	0.017922254599819085	4.240385855434343	1.0	0.72974826880063	7.6036692865346165	-302.67534889628325	0.2423179478383846	0.26290900453086324	0.24337359540416398	0.2513994522265882
15000	-9185.923337322885	-8858.113343562769	-327.80999376011596	-8858.113343562769	11.245786799836985	8.62923053780739	0.015207084660612035	4.240385855434343	1.0	0.72974826880063	8.41240929196342	-308.33335366598635	0.2423179478383846	0.26290900453086324	0.24337359540416398	0.2513994522265882
16000	-8960.314589016372	-8629.814532738414	-330.50005627795906	-8629.814532738414	12.295760573098299	8.373431560377398	0.013405515863143478	4.240385855434343	1.0	0.72974826880063	9.523663261831182	-311.3094921573513	0.2354599626724918	0.27571153289955663	0.23742905220136334	0.2513994522265882
17000	-8887.014719810146	-8554.762970035836	-332.2517497743094	-8554.762970035836	12.336499984347165	8.422052076776483	0.012795572501665119	4.240385855434343	1.0	0.72974826880063	9.198996650320494	-313.0889836829461	0.2354599626724918	0.27571153289955663	0.23742905220136334	0.2513994522265882
18000	-8683.65535311724	-8353.383679819923	-330.2716732973164	-8353.383679819923	11.769445653064086	9.347997504324209	0.012595069066217076	4.240385855434343	1.0	0.4937845664920901	8.439573322861031	-310.4271257267117	0.2354599626724918	0.27571153289955663	0.23742905220136334	0.2513994522265882
19000	-8622.25524182175	-8291.409633691677	-330.84560813007135	-8291.409633691677	12.011896519159288	9.296360302751058	0.013156368588447315	4.240385855434343	1.0	0.4937845664920901	8.140893255019348	-311.0497710279763	0.2354599626724918	0.27571153289955663	0.23742905220136334	0.2513994522265882
20000	-8580.604990064643	-8247.46415625591	-333.1408338087336	-8247.46415625591	11.96638076039613	9.386505796489727	0.01321717386665965	4.240385855434343	1.0	0.6574220299929737	7.945356020941725	-313.10219207915225	0.2354599626724918	0.27571153289955663	0.23742905220136334	0.2513994522265882
21000	-8452.647600302655	-8118.698064814299	-333.94953548835537	-8118.698064814299	12.036604423242833	9.931480806212619	0.013002389352893867	4.240385855434343	1.0	0.6276962931488831	8.450107787820333	-313.29977682246556	0.2354599626724918	0.27571153289955663	0.23571309119020853	0.25311541323774306
22000	-8238.138489691944	-7911.831239849197	-326.30724984274696	-7911.831239849197	12.00513644011642	6.6212325578542774	0.01020969986608638	4.240385855434343	1.0	0.6276962931488831	8.434797071422674	-309.57781682757553	0.23600308514576157	0.27529798007625	0.23558352154024537	0.25311541323774306
23000	-8091.541746244648	-7763.217838224284	-328.3239080203643	-7763.217838224284	11.988679926558996	6.862340872183548	0.009921321723856735	4.240385855434343	1.0	0.6276962931488831	7.827029842810335	-311.4247560726621	0.23600308514576157	0.27529798007625	0.23558352154024537	0.25311541323774306
24000	-8020.454222763239	-7689.453549900415	-331.00067286282416	-7689.453549900415	11.695439896206958	8.813829414843273	0.010611235567272665	4.240385855434343	1.0	0.6276962931488831	8.299137276979748	-311.79863683296674	0.23600308514576157	0.27529798007625	0.23558352154024537	0.25311541323774306
25000	-7995.097217365921	-7662.2222886615	-332.87492870442065	-7662.2222886615	11.695439896206958	9.34703076973903	0.010419472127570061	4.240385855434343	1.0	0.7057478366221401	9.177128119986792	-312.92655158588383	0.23600308514576157	0.27529798007625	0.23558352154024537	0.25311541323774306
26000	-7803.92488137837	-7470.986848834192	-332.9380325441784	-7470.986848834192	11.951873448211263	8.982495307730327	0.009851115268891509	4.240385855434343	1.0	0.7057478366221401	8.095747170645488	-313.5717488285064	0.23600308514576157	0.27595096465357993	0.23558352154024537	0.25246242866041313
27000	-7680.2676167537775	-7353.955477069271	-326.31213968450623	-7353.955477069271	12.183137369270467	9.621170519785965	0.010318368601784762	4.240385855434343	1.0	0.7057478366221401	7.659508539984802	-306.2541758830544	0.23769764084729894	0.27595096465357993	0.233888965838708	0.25246242866041313
28000	-7630.353992515685	-7313.463284910458	-316.8907076052265	-7313.463284910458	12.183137369270467	9.953242869443857	0.009390918578915499	4.240385855434343	1.0	1.0605613991872276	8.136578561139633	-296.1495358029318	0.23769764084729894	0.27595096465357993	0.233888965838708	0.25246242866041313
29000	-7598.248236375456	-7281.37838630862	-316.869850066836	-7281.37838630862	12.313148131864585	9.03378057302472	0.009867758962960257	4.240385855434343	1.0	1.0605613991872276	7.486082838605035	-297.16894052254986	0.231138884244586	0.28250972125629287	0.233888965838708	0.25246242866041313
30000	-7583.06232351663	-7263.422545100139	-319.6397784164906	-7263.422545100139	12.617882240787692	9.439987589900522	0.00968246592740002	4.240385855434343	1.0	1.0605613991872276	7.803997539600429	-299.4705327482893	0.23676351463340833	0.28250972125629287	0.22826433544988567	0.25246242866041313
31000	-7555.14958963405	-7234.943763549762	-320.20582608428896	-7234.943763549762	12.737620270755729	9.625585511931343	0.010444048203868737	4.240385855434343	1.0	1.0605613991872276	6.018168110041119	-300.0172139916189	0.239687086702366	0.28250972125629287	0.225340763380928	0.25246242866041313
32000	-7503.691302962706	-7189.896443774781	-313.79485918792506	-7189.896443774781	12.170831964245401	8.476087787977834	0.00939285158622794	4.240385855434343	1.0	1.094580035255747	7.628737874630468	-294.70564893767704	0.239687086702366	0.28250972125629287	0.225340763380928	0.25246242866041313
33000	-7418.953231079633	-7105.198883905687	-313.7543471739459	-7105.198883905687	12.144481840709357	9.312366255812046	0.00847922233122396	4.240385855434343	1.0	1.094580035255747	6.650047457153103	-293.9842042478038	0.239687086702366	0.2868492379402091	0.22100124669701177	0.25246242866041313
34000	-7397.746535702966	-7083.7523354155865	-313.9942002873794	-7083.7523354155865	12.045401435573938	9.951994147198373	0.008737219197836134	4.240385855434343	1.0	1.094580035255747	6.318947418998169	-293.54563269997317	0.239687086702366	0.2868492379402091	0.22100124669701177	0.25246242866041313
35000	-7205.4433489584	-6898.761739916242	-306.681609042158	-6898.761739916242	11.791769342198899	8.828593928175101	0.008546830940619735	4.240385855434343	1.0	0.9514015715349362	7.9583881864285235	-287.39885739620337	0.239687086702366	0.2868492379402091	0.22100124669701177	0.25246242866041313
36000	-7026.352087562229	-6720.833969265213	-305.5181182970151	-6720.833969265213	12.114828816209256	9.382474692467392	0.008567850878480774	4.240385855434343	1.0	0.9514015715349362	7.128428183062209	-285.73439350369625	0.23498457241554765	0.2868492379402091	0.2257037609838301	0.25246242866041313
37000	-6832.895346495254	-6532.865721490189	-300.02962500506476	-6532.865721490189	12.114828816209256	9.81960089291835	0.00888112453675006	4.240385855434343	1.0	1.1544115117387628	7.262656310704672	-279.51008097813474	0.23498457241554765	0.2868492379402091	0.2257037609838301	0.25246242866041313
38000	-6780.4315738659725	-6487.813042050017	-292.6185318159551	-6487.813042050017	12.114828816209256	9.3448599629104	0.008325332652706158	4.240385855434343	1.0	1.1544115117387628	6.816560158155607	-272.74657587491373	0.23498457241554765	0.27778550542720476	0.2257037609838301	0.2615261611734175
39000	-6772.029394656299	-6481.605266410307	-290.42412824599177	-6481.605266410307	11.934083559517525	9.62966620731987	0.008921775445820035	4.240385855434343	1.0	1.438121533799615	4.836153031380875	-270.2304290765203	0.23498457241554765	0.27778550542720476	0.2257037609838301	0.2615261611734175
40000	-6763.153123402881	-6477.817813299249	-285.3353101036322	-6477.817813299249	12.198944117634205	9.46294832722955	0.008446967015598236	3.9247813407448704	1.0	1.438121533799615	5.300216912721921	-265.3847473769379	0.23498457241554765	0.27778550542720476	0.2257037609838301	0.2615261611734175
41000	-6756.76510311807	-6470.105848676243	-286.6592544418275	-6470.105848676243	11.535327176751853	9.446438617562018	0.009008226320957022	3.9247813407448704	1.0	1.9644687485388328	5.710901384219291	-266.06122630082837	0.23498457241554765	0.27778550542720476	0.2257037609838301	0.2615261611734175
42000	-6764.3652850965	-6478.33928309633	-286.0260020001694	-6478.33928309633	11.535327176751853	9.217379834120106	0.008492107293545948	3.9247813407448704	1.0	1.9644687485388328	4.959317258009434	-265.8794558550781	0.22009266930130933	0.2779903296235616	0.24059566409806843	0.2613213369770606
43000	-6761.85378137903	-6471.4124182581045	-290.44136312092536	-6471.4124182581045	11.784268791643496	9.56141769835521	0.00930239515309314	3.9247813407448704	1.0	1.9644687485388328	5.001807940881582	-269.81777773500136	0.22009266930130933	0.2779903296235616	0.24059566409806843	0.2613213369770606
44000	-6748.158624949541	-6459.126600979686	-289.03202396985444	-6459.126600979686	11.633915055739127	9.785473454919176	0.009268767307875595	3.9247813407448704	1.0	1.9644687485388328	5.903112741529253	-268.0014928267616	0.20924732529845022	0.2888356736264207	0.24059566409806843	0.2613213369770606
45000	-6726.06934385064	-6438.084572555628	-287.98477129501146	-6438.084572555628	11.633915055739127	9.85449059480069	0.008696158944661046	3.9247813407448704	1.0	1.9644687485388328	5.035318252758406	-267.10192336767795	0.20924732529845022	0.2699934707907143	0.24059566409806843	0.28016353981276704
46000	-6716.2040556599695	-6429.658821660301	-286.5452339996681	-6429.658821660301	11.795379764118119	9.427568639070774	0.007676479373586378	3.9247813407448704	1.0	1.9644687485388328	4.936447396654016	-266.27411543284	0.20924732529845022	0.2699934707907143	0.24059566409806843	0.28016353981276704
47000	-6707.283245915378	-6423.3934502428065	-283.8897956725717	-6423.3934502428065	11.746548526355536	8.594845648669242	0.00790530219812182	3.9229595355336637	1.0	1.9644687485388328	5.177470842736638	-264.4580760629172	0.20924732529845022	0.2699934707907143	0.24059566409806843	0.28016353981276704
48000	-6697.673920355731	-6424.796032718571	-272.8778876371594	-6424.796032718571	11.746548526355536	8.465924873679088	0.008422544456629497	3.9229595355336637	1.0	1.9644687485388328	5.029329734356311	-253.55414220779656	0.20924732529845022	0.2699934707907143	0.24059566409806843	0.28016353981276704
49000	-6591.033996975685	-6317.448147909403	-273.5858490662822	-6317.448147909403	11.481539554412452	9.176537641183119	0.008176395557561724	3.9229595355336637	1.0	1.9644687485388328	3.7942748435958404	-253.79050205673948	0.21463862453505014	0.2699934707907143	0.2352043648614685	0.28016353981276704
50000	-6518.312654063577	-6243.393109460444	-274.9195446031331	-6243.393109460444	11.353354875305138	8.13747280684945	0.00818352718955718	3.9229595355336637	1.0	1.9644687485388328	4.929090444416894	-256.0088799211671	0.21463862453505014	0.2699934707907143	0.2352043648614685	0.28016353981276704
51000	-6483.099654955507	-6200.333273619546	-282.76638133596066	-6200.333273619546	11.756970488178867	9.632277770887494	0.008321510447054101	3.9229595355336637	1.0	3.3672504855609926	6.155081895935797	-260.5674554015427	0.21463862453505014	0.2699934707907143	0.2352043648614685	0.28016353981276704
52000	-6474.497418069498	-6192.686743851227	-281.81067421827066	-6192.686743851227	11.756970488178867	9.30638668344799	0.007358255197558027	3.9229595355336637	1.0	3.3672504855609926	5.081651302333941	-260.28362720175494	0.21463862453505014	0.2699934707907143	0.2352043648614685	0.28016353981276704
53000	-6451.961798701691	-6173.159092133867	-278.80270656782415	-6173.159092133867	11.403739326501235	9.029438915922052	0.007705255278428636	3.9229595355336637	1.0	3.3672504855609926	5.0480715481149225	-257.54023053368894	0.21463862453505014	0.2699934707907143	0.2352043648614685	0.28016353981276704
54000	-6443.414624924033	-6163.058238583137	-280.35638634089617	-6163.058238583137	11.403739326501235	8.542248422531413	0.007473226881858616	3.9229595355336637	1.0	3.3672504855609926	4.00187409547638	-259.8939185663757	0.21463862453505014	0.2699934707907143	0.2352043648614685	0.28016353981276704
55000	-6374.12494601483	-6103.392388999988	-270.73255701484277	-6103.392388999988	11.403739326501235	7.865086938162142	0.007556034150154599	3.9229595355336637	1.0	3.3672504855609926	4.187701010299263	-250.96514590541554	0.21463862453505014	0.2699934707907143	0.2352043648614685	0.28016353981276704
56000	-6359.054242226264	-6085.070451845756	-273.98379038050786	-6085.070451845756	11.969335030749004	8.347751850891001	0.007731954588339209	3.9229595355336637	1.0	3.3672504855609926	5.173222826817783	-253.44569152287093	0.21463862453505014	0.2699934707907143	0.2352043648614685	0.28016353981276704
57000	-6342.946216510428	-6074.424679740798	-268.5215367696305	-6074.424679740798	11.48633766575336	8.47926718316644	0.008156094618241147	3.9229595355336637	1.0	3.3672504855609926	4.42474657640806	-247.94057596282832	0.21463862453505014	0.2699934707907143	0.2352043648614685	0.28016353981276704
58000	-6334.4272427196565	-6068.290933258316	-266.1363094613406	-6068.290933258316	11.241670403908273	9.16607014474735	0.008045801436780246	3.9229595355336637	1.0	3.3672504855609926	4.178930641311434	-244.86926444060788	0.21463862453505014	0.2699934707907143	0.2352043648614685	0.28016353981276704
59000	-6341.237485522824	-6070.6560689873995	-270.5814165354241	-6070.6560689873995	11.99563578405874	9.610602681341355	0.00793592676974637	3.9229595355336637	1.0	3.3672504855609926	3.896482883290787	-248.9109889522031	0.21463862453505014	0.2699934707907143	0.2352043648614685	0.28016353981276704
60000	-6345.360928787041	-6074.621041866633	-270.73988692040786	-6074.621041866633	11.393975741542967	8.490909615401474	0.007521282395180091	3.766932143147368	1.0	3.3672504855609926	4.961778966969676	-250.16234297791553	0.21463862453505014	0.2699934707907143	0.2352043648614685	0.28016353981276704
61000	-6334.613088938588	-6068.266197957677	-266.3468909809111	-6068.266197957677	11.384620612874054	9.708377583366763	0.008296124676339212	3.766932143147368	1.0	3.3672504855609926	4.114363034088354	-244.52022920875135	0.21463862453505014	0.2699934707907143	0.2352043648614685	0.28016353981276704
62000	-6326.272304474996	-6058.514907331837	-267.75739714315966	-6058.514907331837	11.915098590366288	9.00170860643307	0.008638739315859	3.766932143147368	1.0	3.3672504855609926	3.7892570878389034	-246.74712726282868	0.20299989121217452	0.2816322041135899	0.2352043648614685	0.28016353981276704
63000	-6288.405393957911	-6021.0618442412215	-267.34354971668944	-6021.0618442412215	11.790491873338649	9.770113818605639	0.00825308417657638	3.766932143147368	1.0	3.3672504855609926	4.772523577268984	-245.3062740442756	0.20299989121217452	0.2816322041135899	0.21331757749138897	0.3020503271828466
64000	-6259.880513601457	-5994.640566458656	-265.23994714280104	-5994.640566458656	11.261375682200049	9.938442427871875	0.009057310574488383	3.766932143147368	1.0	3.3672504855609926	4.002627788838898	-243.1015684497146	0.1814519395062302	0.2989970070008083	0.21331757749138897	0.3062334760015725
65000	-6258.539717431159	-5992.002298302822	-266.5374191283374	-5992.002298302822	11.261375682200049	9.913857789060051	0.008623216571086844	3.766932143147368	1.0	3.3672504855609926	4.251867681410542	-244.41474949262556	0.1814519395062302	0.2989970070008083	0.21331757749138897	0.3062334760015725
66000	-6266.547061499208	-6004.84534349748	-261.7017180017287	-6004.84534349748	11.923596571521438	9.194980291415652	0.008324679080398401	3.447001140776011	1.0	3.3672504855609926	4.861318556490594	-240.3718471755126	0.1814519395062302	0.2989970070008083	0.21331757749138897	0.3062334760015725
67000	-6263.663220222396	-5994.837927792142	-268.82529243025425	-5994.837927792142	11.83205894873866	9.513596014962578	0.007457307115984379	3.447001140776011	1.0	3.734594687628427	4.62592482605569	-246.93878461081155	0.1814519395062302	0.2989970070008083	0.21331757749138897	0.3062334760015725
68000	-6270.429536655497	-6000.320851798824	-270.1086848566725	-6000.320851798824	12.500435406521198	8.703208366435264	0.007573394376160494	3.447001140776011	1.0	3.734594687628427	3.8626762083364907	-249.27752207217694	0.1814519395062302	0.2989970070008083	0.21331757749138897	0.3062334760015725
69000	-6264.169972828975	-5995.22034665986	-268.94962616911477	-5995.22034665986	11.804818620172366	9.058610882675232	0.007796795517304765	3.447001140776011	1.0	3.734594687628427	4.889185630604256	-247.46222423748037	0.1814519395062302	0.2989970070008083	0.21331757749138897	0.3062334760015725
70000	-6256.864810788422	-5987.143797006709	-269.72101378171317	-5987.143797006709	11.794894964740388	9.128557004815159	0.007659744143305365	3.447001140776011	1.0	3.734594687628427	4.082620532191326	-248.3548123637769	0.1814519395062302	0.2989970070008083	0.21331757749138897	0.3062334760015725
71000	-6254.666476321199	-5987.734513513478	-266.93196280772065	-5987.734513513478	11.794894964740388	9.646995533933513	0.007934970365800362	3.447001140776011	1.0	3.734594687628427	4.915422739684078	-244.77656940946602	0.1814519395062302	0.2989970070008083	0.21331757749138897	0.3062334760015725
72000	-6240.18259384255	-5970.775256755769	-269.4073370867806	-5970.775256755769	12.173358313903195	9.132183922748608	0.008320010892529213	3.447001140776011	1.0	3.734594687628427	3.332267280610155	-248.1573055457585	0.1814519395062302	0.2814633967420409	0.21331757749138897	0.3237670862603399
73000	-6243.913606638348	-5974.796204590628	-269.11740204772013	-5974.796204590628	12.451894835061246	8.71797990280588	0.008020034046469466	3.447001140776011	1.0	3.3342683990894435	3.952867630377476	-248.5897253123083	0.1814519395062302	0.28086375707989103	0.21331757749138897	0.3243667259224898
74000	-6252.060383031583	-5974.616233448701	-277.44414958288223	-5974.616233448701	12.465491978376653	9.816459007300548	0.007953300818239153	3.447001140776011	1.0	6.9485786360173645	4.954081021327543	-251.87948807367238	0.1814519395062302	0.28086375707989103	0.21331757749138897	0.3243667259224898
75000	-6246.736796409538	-5973.009608546423	-273.72718786311503	-5973.009608546423	12.686411743492474	9.351975241515593	0.008085351582913994	3.447001140776011	1.0	6.9485786360173645	3.8649587637360643	-248.90237973990912	0.1814519395062302	0.28086375707989103	0.21331757749138897	0.3243667259224898
76000	-6235.101544669549	-5966.249039291725	-268.85250537782366	-5966.249039291725	11.958703391155638	9.136610344917047	0.00782742405762531	3.447001140776011	1.0	6.9485786360173645	4.152222670044699	-244.22485402832237	0.1814519395062302	0.28086375707989103	0.21331757749138897	0.3243667259224898
77000	-6249.430712319668	-5977.633984078753	-271.7967282409143	-5977.633984078753	11.948215509705832	9.771154968675955	0.008000473908110681	3.447001140776011	1.0	6.9485786360173645	5.070169966168827	-246.25243998526975	0.1814519395062302	0.28086375707989103	0.21331757749138897	0.3243667259224898
78000	-6250.0741405235085	-5986.854820209412	-263.2193203140966	-5986.854820209412	12.445888866570835	8.022866176328058	0.007686499878105544	3.447001140776011	1.0	6.9485786360173645	4.406659116732798	-239.78115245243063	0.1814519395062302	0.28086375707989103	0.21331757749138897	0.3243667259224898
79000	-6211.382563239553	-5946.040870435548	-265.3416928040051	-5946.040870435548	12.260977037570637	8.404374283600157	0.007646837278286094	3.447001140776011	1.0	6.9485786360173645	4.4566222371471085	-241.474118799269	0.1814519395062302	0.28086375707989103	0.19180703017852435	0.3458772732353544
80000	-6196.488410093264	-5927.491812108815	-268.99659798444895	-5927.491812108815	12.491981715285817	8.736044875697914	0.007952077077973688	3.447001140776011	1.0	6.9485786360173645	4.627812157444879	-244.68557502460666	0.17481259321529716	0.28086375707989103	0.19180703017852435	0.35251661952628743
81000	-6209.978980421235	-5939.940109180544	-270.03887124069155	-5939.940109180544	12.60819974575336	7.617221661835535	0.008051271219099942	3.447001140776011	1.0	6.9485786360173645	5.101451831398087	-246.8601377783104	0.17481259321529716	0.28086375707989103	0.19180703017852435	0.35251661952628743
82000	-6176.907988533535	-5911.613772629889	-265.2942159036454	-5911.613772629889	12.446421934056636	9.288603185726627	0.007787967975452776	3.447001140776011	1.0	5.264935105495381	3.7504060408100495	-242.2902137367572	0.1497027041636564	0.3059736461315318	0.19180703017852435	0.35251661952628743
83000	-6183.90958793414	-5917.572453444675	-266.33713448946526	-5917.572453444675	12.654368736327763	8.191621128117054	0.007913623991357234	2.7238731689513225	1.0	5.264935105495381	3.696038133591564	-244.79527341195572	0.1497027041636564	0.3059736461315318	0.19180703017852435	0.35251661952628743
84000	-6191.951894803007	-5914.109735428944	-277.84215937406327	-5914.109735428944	12.654368736327763	8.803855456254249	0.007077333713677732	2.7238731689513225	1.0	5.264935105495381	5.535892552459817	-255.3311689304892	0.1497027041636564	0.3059736461315318	0.19180703017852435	0.35251661952628743
85000	-6192.208005766149	-5912.160667431768	-280.04733833438024	-5912.160667431768	12.477236657374409	9.203631955468053	0.007547642514557743	2.7238731689513225	1.0	5.264935105495381	5.716959367831122	-256.9999328805219	0.1497027041636564	0.3059736461315318	0.19180703017852435	0.35251661952628743
86000	-6192.812383892266	-5914.883981932663	-277.92840195960224	-5914.883981932663	12.668044146239305	9.670268165565837	0.0067928145510742985	2.7238731689513225	1.0	5.264935105495381	4.409641890993609	-254.73508970059532	0.16146805814499277	0.3059736461315318	0.180041676197188	0.35251661952628743
87000	-6201.361851253739	-5924.787208885504	-276.57464236823523	-5924.787208885504	12.684947963147472	8.688063013734702	0.007277085830390139	2.7394006662140944	1.0	5.264935105495381	4.242667506061267	-254.42382475538005	0.16146805814499277	0.3059736461315318	0.180041676197188	0.35251661952628743
88000	-6199.465749813619	-5917.833103789844	-281.6326460237751	-5917.833103789844	12.684947963147472	9.864174486251123	0.007388717268172081	2.7394006662140944	1.0	5.264935105495381	5.791851062130107	-257.86493453108716	0.16146805814499277	0.3059736461315318	0.180041676197188	0.35251661952628743
89000	-6209.077134446412	-5925.545197150757	-283.53193729565436	-5925.545197150757	13.029581810154333	9.732233955423787	0.0067928757884028875	2.7394006662140944	1.0	5.264935105495381	5.513662680503279	-260.0417637309923	0.16146805814499277	0.3059736461315318	0.180041676197188	0.35251661952628743
90000	-6195.793805678474	-5916.975334332726	-278.81847134574866	-5916.975334332726	14.101428799440585	9.127253772221094	0.0071811893179564	2.9983973237275836	1.0	5.264935105495381	3.9813377366458735	-256.16755121851037	0.16146805814499277	0.3059736461315318	0.180041676197188	0.35251661952628743
91000	-6169.998369209226	-5900.808512761677	-269.1898564475499	-5900.808512761677	14.335460909728646	9.236727514961856	0.007652412909825151	2.9983973237275836	1.0	2.52681832323614	3.9995712248623825	-249.08857011340635	0.16146805814499277	0.3059736461315318	0.180041676197188	0.35251661952628743
92000	-6170.5786558763	-5901.72342002683	-268.8552358494701	-5901.72342002683	12.566243315348407	9.497648346986587	0.008339610144015212	2.9983973237275836	1.0	6.363076647013787	4.282814154395295	-244.47702362523788	0.16146805814499277	0.3059736461315318	0.180041676197188	0.35251661952628743
93000	-6169.0134868052555	-5901.2763257001925	-267.7371611050632	-5901.2763257001925	12.777989510326586	8.995669987181001	0.0078330283813103	2.9983973237275836	1.0	6.363076647013787	4.983634288910257	-243.82110944766316	0.16146805814499277	0.3059736461315318	0.180041676197188	0.35251661952628743
94000	-6155.67386567105	-5887.92882352093	-267.74504215012115	-5887.92882352093	12.525787287332449	9.776904400761277	0.00778345824910417	2.9983973237275836	1.0	6.363076647013787	3.9616243438343925	-243.2086760316547	0.16146805814499277	0.3059736461315318	0.15810339035961365	0.3744549053638618
95000	-6136.493041365288	-5874.430524355385	-262.0625170099032	-5874.430524355385	12.644944036859657	9.249046732471932	0.007816735700160038	2.9983973237275836	1.0	6.363076647013787	3.785246624324068	-238.1452255845381	0.16146805814499277	0.3059736461315318	0.15810339035961365	0.3744549053638618
96000	-6164.922575029843	-5900.416291520382	-264.50628350946	-5900.416291520382	12.169354033691578	8.55158694681308	0.008586764373917468	2.9983973237275836	1.0	6.363076647013787	4.26459872824007	-241.1435228686213	0.16146805814499277	0.3059736461315318	0.15810339035961365	0.3744549053638618
97000	-6158.091692781659	-5900.106592330193	-257.98510045146617	-5900.106592330193	12.269551909086568	7.871272165807382	0.008814910279017284	2.9983973237275836	1.0	6.2313137102484015	4.181216981170094	-235.5024510523189	0.16146805814499277	0.3059736461315318	0.15810339035961365	0.3744549053638618
98000	-6161.06397780962	-5897.726324260226	-263.33765354939436	-5897.726324260226	12.636215418694116	9.529064473287741	0.008413349042871967	2.9983973237275836	1.0	6.2313137102484015	3.94502480423197	-239.13013824190972	0.16146805814499277	0.3059736461315318	0.15810339035961365	0.3744549053638618
99000	-6149.38627190341	-5889.568691579514	-259.81758032389536	-5889.568691579514	12.674629671228333	8.757816579084936	0.008261628278901194	2.9983973237275836	1.0	5.353453871129848	3.552369366195452	-237.45823176394205	0.16146805814499277	0.3059736461315318	0.15810339035961365	0.3744549053638618
100000	-6135.434075876191	-5876.2724212710755	-259.1616546051153	-5876.2724212710755	12.67504990453844	7.63800136048066	0.008934242741757827	2.9983973237275836	1.0	5.353453871129848	3.6213488379528833	-237.9474681375144	0.1389038584360696	0.3059736461315318	0.15810339035961365	0.39701910507278493
