#
#model:
#
#<?xml version="1.0" encoding="UTF-8" standalone="no"?><input id="posterior" spec="beast.core.util.CompoundDistribution">
#    <distribution id="prior" spec="beast.core.util.CompoundDistribution">
#        <distribution id="CoalescentConstant.t:1" spec="beast.evolution.tree.coalescent.Coalescent">
#            <populationModel id="ConstantPopulation.t:1" spec="beast.evolution.tree.coalescent.ConstantPopulation">
#                <parameter id="popSize.t:1" name="popSize" spec="beast.core.parameter.RealParameter">0.3</parameter>
#            </populationModel>
#            <treeIntervals id="TreeIntervals.t:1" spec="beast.evolution.tree.coalescent.TreeIntervals">
#                <tree id="Tree.t:1" spec="beast.evolution.tree.Tree">
#                    <trait id="dateTrait.t:1" spec="beast.evolution.tree.TraitSet" traitname="date" value="2_2000.1=2000.1,17_2001.6=2001.6,18_2001.7=2001.7,21_2002=2002,24_2002.3=2002.3,26_2002.5=2002.5,5_2000.4=2000.4,7_2000.6=2000.6,4_2000.3=2000.3,13_2001.2=2001.2,15_2001.4=2001.4,16_2001.5=2001.5,1_2000=2000,8_2000.7=2000.7,3_2000.2=2000.2,12_2001.1=2001.1,22_2002.1=2002.1,32_2003.1=2003.1,28_2002.7=2002.7,43_2004.2=2004.2,46_2004.5=2004.5,55_2005.4=2005.4,63_2006.2=2006.2,65_2006.4=2006.4,66_2006.5=2006.5,67_2006.6=2006.6,23_2002.2=2002.2,10_2000.9=2000.9,14_2001.3=2001.3,33_2003.2=2003.2,39_2003.8=2003.8,34_2003.3=2003.3,44_2004.3=2004.3,48_2004.7=2004.7,53_2005.2=2005.2,52_2005.1=2005.1,58_2005.7=2005.7,9_2000.8=2000.8,6_2000.5=2000.5,11_2001=2001,25_2002.4=2002.4,20_2001.9=2001.9,47_2004.6=2004.6,36_2003.5=2003.5,45_2004.4=2004.4,50_2004.9=2004.9,42_2004.1=2004.1,51_2005=2005,35_2003.4=2003.4,37_2003.6=2003.6,57_2005.6=2005.6,59_2005.8=2005.8,61_2006=2006,62_2006.1=2006.1,41_2004=2004,40_2003.9=2003.9,49_2004.8=2004.8,74_2007.3=2007.3,77_2007.6=2007.6,68_2006.7=2006.7,70_2006.9=2006.9,81_2008=2008,19_2001.8=2001.8,27_2002.6=2002.6,29_2002.8=2002.8,30_2002.9=2002.9,31_2003=2003,38_2003.7=2003.7,56_2005.5=2005.5,69_2006.8=2006.8,82_2008.1=2008.1,80_2007.9=2007.9,83_2008.2=2008.2,87_2008.6=2008.6,71_2007=2007,75_2007.4=2007.4,72_2007.1=2007.1,91_2009=2009,88_2008.7=2008.7,94_2009.3=2009.3,98_2009.7=2009.7,79_2007.8=2007.8,84_2008.3=2008.3,78_2007.7=2007.7,76_2007.5=2007.5,89_2008.8=2008.8,93_2009.2=2009.2,96_2009.5=2009.5,97_2009.6=2009.6,95_2009.4=2009.4,100_2009.9=2009.9,54_2005.3=2005.3,60_2005.9=2005.9,64_2006.3=2006.3,73_2007.2=2007.2,86_2008.5=2008.5,85_2008.4=2008.4,90_2008.9=2008.9,99_2009.8=2009.8,92_2009.1=2009.1,101_2010=2010">
#                        <taxa id="TaxonSet.1" spec="beast.evolution.alignment.TaxonSet">
#                        </taxa>
#                    </trait>
#                    <taxonset idref="TaxonSet.1"/>
#                </tree>
#            </treeIntervals>
#        </distribution>
#        <prior id="rateOmega.prior" name="distribution">
#            <parameter id="rateOmega" lower="0.1" name="x" spec="beast.core.parameter.RealParameter" upper="10.0">0.5</parameter>
#            <Gamma id="Gamma.0" name="distr">
#                <parameter estimate="false" id="rateOmega.alpha" name="alpha" spec="beast.core.parameter.RealParameter">0.1</parameter>
#                <parameter estimate="false" id="rateOmega.beta" name="beta" spec="beast.core.parameter.RealParameter">1.0</parameter>
#            </Gamma>
#        </prior>
#        <prior id="rateMean.prior" name="distribution">
#            <parameter id="rateMean" lower="1.0E-4" name="x" spec="beast.core.parameter.RealParameter" upper="10.0">0.005</parameter>
#            <Gamma id="Gamma.1" name="distr">
#                <parameter estimate="false" id="rateMean.alpha" name="alpha" spec="beast.core.parameter.RealParameter">0.005</parameter>
#                <parameter estimate="false" id="rateMean.beta" name="beta" spec="beast.core.parameter.RealParameter">1.0</parameter>
#            </Gamma>
#        </prior>
#        <prior id="FrequenciesPrior.s:1" name="distribution">
#            <parameter dimension="4" id="freqParameter.s:1" lower="0.0" name="x" spec="beast.core.parameter.RealParameter" upper="1.0">0.25</parameter>
#            <Uniform id="Uniform.3" name="distr"/>
#        </prior>
#        <prior id="GammaShapePrior.s:1" name="distribution">
#            <parameter id="gammaShape.s:1" name="x" spec="beast.core.parameter.RealParameter">1.0</parameter>
#            <Exponential id="Exponential.0" name="distr">
#                <parameter estimate="false" id="RealParameter.0" name="mean" spec="beast.core.parameter.RealParameter">1.0</parameter>
#            </Exponential>
#        </prior>
#        <prior id="KappaPrior.s:1" name="distribution">
#            <parameter id="kappa.s:1" lower="0.0" name="x" spec="beast.core.parameter.RealParameter">2.0</parameter>
#            <LogNormal id="LogNormalDistributionModel.0" name="distr">
#                <parameter estimate="false" id="RealParameter.1" name="M" spec="beast.core.parameter.RealParameter">1.0</parameter>
#                <parameter estimate="false" id="RealParameter.2" name="S" spec="beast.core.parameter.RealParameter">1.25</parameter>
#            </LogNormal>
#        </prior>
#        <prior id="PopSizePrior.t:1" name="distribution" x="@popSize.t:1">
#            <OneOnX id="OneOnX.1" name="distr"/>
#        </prior>
#    </distribution>
#    <distribution id="likelihood" spec="beast.core.util.CompoundDistribution" useThreads="true">
#        <distribution data="@1" id="treeLikelihood.1" spec="beast.evolution.likelihood.ThreadedTreeLikelihood" tree="@Tree.t:1">
#            <siteModel gammaCategoryCount="4" id="SiteModel.s:1" shape="@gammaShape.s:1" spec="beast.evolution.sitemodel.SiteModel">
#                <parameter id="mutationRate.s:1" name="mutationRate" spec="beast.core.parameter.RealParameter">1.0</parameter>
#                <parameter estimate="false" id="proportionInvariant.s:1" lower="0.0" name="proportionInvariant" spec="beast.core.parameter.RealParameter" upper="1.0">0.0</parameter>
#                <substModel id="hky.s:1" kappa="@kappa.s:1" spec="beast.evolution.substitutionmodel.HKY">
#                    <frequencies frequencies="@freqParameter.s:1" id="estimatedFreqs.s:1" spec="beast.evolution.substitutionmodel.Frequencies"/>
#                </substModel>
#            </siteModel>
#            <branchRateModel id="branchRates" numSites="1000" numberOfDiscreteRates="12" rateMean="@rateMean" rateOmega="@rateOmega" spec="beast.evolution.branchratemodel.ARClockModel" tree="@Tree.t:1">
#                <rateCategories dimension="200" id="rateCategories" spec="beast.core.parameter.IntegerParameter">1</rateCategories>
#            </branchRateModel>
#        </distribution>
#    </distribution>
#</input>
#
Sample	posterior	likelihood	prior	treeLikelihood	TreeHeight	rateOmega	rateMean	kappa	mutationRate	gammaShape	popSize	CoalescentConstant	freqParameter.1	freqParameter.2	freqParameter.3	freqParameter.4
0	-20518.342268040222	-20284.309061869862	-234.03320617036022	-20284.309061869862	10.751582664363609	0.5	0.005	2.0	1.0	1.0	0.3	-230.21431273121476	0.25	0.25	0.25	0.25
1000	-13876.186169682907	-13219.82557106056	-656.3605986223473	-13219.82557106056	13.441429584564698	0.7270948091336238	0.01987820884901816	3.9361561049888136	1.0	1.0	1.98383180222834	-648.0096568114609	0.24521919259014663	0.25	0.25	0.25478080740985337
2000	-12369.213851678753	-12020.77781263124	-348.43603904751285	-12020.77781263124	12.544976725506919	2.8548777622089285	0.01625532556241478	3.9361561049888136	1.0	0.768123607670296	9.632037317548876	-335.5819918410807	0.24784734084790336	0.25	0.24737185174224327	0.25478080740985337
3000	-11355.821947213468	-10994.334639506147	-361.4873077073215	-10994.334639506147	13.003845803716388	8.428528495883112	0.015053359320231547	4.156234061718379	1.0	0.768123607670296	11.52473513139277	-341.91527025848967	0.24784734084790336	0.25	0.24737185174224327	0.25478080740985337
4000	-10845.86643030095	-10476.637771783478	-369.2286585174724	-10476.637771783478	14.785570727716289	8.577467880362066	0.013258156598488426	4.156234061718379	1.0	0.768123607670296	13.82986276328156	-349.4377306563762	0.24784734084790336	0.25	0.24737185174224327	0.25478080740985337
5000	-10518.45433408533	-10148.225158849184	-370.2291752361476	-10148.225158849184	14.71402441862833	9.509652279266115	0.01268804813453289	4.156234061718379	1.0	0.768123607670296	13.850501882548139	-349.4560228674537	0.24784734084790336	0.24018374472787424	0.24737185174224327	0.26459706268197913
6000	-10256.021223605372	-9877.776757252905	-378.24446635246784	-9877.776757252905	14.891514766406546	9.651379230054578	0.011870326787772936	4.156234061718379	1.0	0.768123607670296	11.522509014275485	-357.56739525506725	0.24784734084790336	0.24018374472787424	0.24737185174224327	0.26459706268197913
7000	-9726.904207730728	-9345.455089965917	-381.4491177648112	-9345.455089965917	15.462862841547308	9.633900658442805	0.01202845499093216	4.156234061718379	1.0	0.768123607670296	13.754263834635816	-360.6007848497003	0.24709205856232472	0.24093902701345288	0.24737185174224327	0.26459706268197913
8000	-9374.147685752825	-9001.682995748146	-372.4646900046792	-9001.682995748146	15.37065219292446	9.749729388048511	0.01191411502352749	4.156234061718379	1.0	0.768123607670296	13.080754653628249	-351.5495968359006	0.23865684985443525	0.24093902701345288	0.25580706045013274	0.26459706268197913
9000	-9289.376408028967	-8914.711293764956	-374.6651142640112	-8914.711293764956	15.219580694854296	9.54310212584017	0.010679602131244977	4.156234061718379	1.0	0.768123607670296	11.088420074866132	-354.25124372969543	0.23865684985443525	0.24093902701345288	0.25580706045013274	0.26459706268197913
10000	-9165.444872945302	-8788.890991769636	-376.55388117566446	-8788.890991769636	15.219580694854296	9.768912547916441	0.009901938943410597	4.156234061718379	1.0	0.768123607670296	14.359540649554216	-355.7106437018045	0.23951026593449107	0.24093902701345288	0.2549536443700769	0.26459706268197913
11000	-9029.281489961364	-8656.467749103726	-372.81374085763866	-8656.467749103726	14.91122172297536	9.998934318973442	0.009483561600552625	4.156234061718379	1.0	0.768123607670296	12.683307414125547	-351.8870365804017	0.23951026593449107	0.24093902701345288	0.2549536443700769	0.26459706268197913
12000	-8888.801134220083	-8513.345513107997	-375.45562111208585	-8513.345513107997	15.310747463385157	9.875260186952127	0.008825573250689429	4.156234061718379	1.0	0.768123607670296	12.250603159730495	-354.7707086603979	0.23951026593449107	0.24093902701345288	0.2467830678547937	0.2727676391972623
13000	-8527.735767650547	-8157.7399223880375	-369.9958452625105	-8157.7399223880375	14.707137861996811	9.79555805730668	0.008620890993281345	4.156234061718379	1.0	0.768123607670296	10.439213184436644	-349.58148664330685	0.23951026593449107	0.24405199258277477	0.2436701022854718	0.2727676391972623
14000	-8438.925865232259	-8068.823954560144	-370.10191067211434	-8068.823954560144	15.428956530374833	9.883347107225756	0.00812308175341943	4.156234061718379	1.0	0.768123607670296	10.50393917650201	-349.6452311338294	0.23951026593449107	0.24140672645435327	0.24066820769700936	0.27841479991414625
15000	-8352.96499342417	-7986.4353515781095	-366.5296418460603	-7986.4353515781095	14.311556305431791	9.832778596386213	0.008161660904972895	4.346621034794876	1.0	0.768123607670296	12.347309124798103	-345.90410390219034	0.23951026593449107	0.24140672645435327	0.24066820769700936	0.27841479991414625
16000	-8201.83038625397	-7832.357162743992	-369.47322350997905	-7832.357162743992	15.127682618889896	9.937075939720524	0.007696210195575928	4.346621034794876	1.0	0.768123607670296	13.098190734449771	-348.7337476638399	0.22977795485158767	0.25113903753725664	0.24066820769700936	0.27841479991414625
17000	-8134.253002924243	-7767.605506535038	-366.64749638920495	-7767.605506535038	14.369029457986679	9.758110570631288	0.007544483168629492	4.346621034794876	1.0	0.768123607670296	12.768489498066534	-346.1487998605837	0.22977795485158767	0.25113903753725664	0.24066820769700936	0.27841479991414625
18000	-8120.596570155149	-7749.928563006482	-370.6680071486666	-7749.928563006482	13.82091794287739	9.490374839059246	0.007889009144228536	4.346621034794876	1.0	0.768123607670296	11.281390608209293	-350.54113561492295	0.22977795485158767	0.25113903753725664	0.24066820769700936	0.27841479991414625
19000	-8110.853230216225	-7740.278338100659	-370.5748921155655	-7740.278338100659	13.82091794287739	9.659817765303558	0.008012271452444706	4.346621034794876	1.0	0.768123607670296	14.33194149587241	-350.0077649535641	0.22653593906600977	0.25113903753725664	0.24391022348258726	0.27841479991414625
20000	-8078.138547334101	-7710.164601762505	-367.9739455715951	-7710.164601762505	13.98204236228716	9.377346892711635	0.008516268870437348	4.623546372685569	1.0	0.768123607670296	12.453336447588836	-347.7137599641072	0.2278165567361069	0.25113903753725664	0.24262960581249013	0.27841479991414625
21000	-8031.225351980287	-7667.876387609268	-363.3489643710187	-7667.876387609268	14.844816153336946	9.047117353328941	0.008211847534262176	4.623546372685569	1.0	1.4114995598595728	11.239730216038986	-342.9469545129425	0.2278165567361069	0.25113903753725664	0.2409136448013353	0.2801307609253011
22000	-7993.5471250305	-7633.732738627573	-359.8143864029275	-7633.732738627573	15.267734688529254	8.605612912026238	0.008130527692065556	4.623546372685569	1.0	1.0992045953228193	10.581375216960001	-340.2815474310486	0.2278165567361069	0.25113903753725664	0.2409136448013353	0.2801307609253011
23000	-7961.620977066729	-7599.002642872033	-362.6183341946964	-7599.002642872033	16.322428040271344	9.9494839708938	0.00791294459485722	4.623546372685569	1.0	1.159287017776752	9.580696403555532	-341.6774992368543	0.2278165567361069	0.25113903753725664	0.2409136448013353	0.2801307609253011
24000	-7920.700973632023	-7561.7259939338155	-358.97497969820813	-7561.7259939338155	17.402927238131845	8.459592295128676	0.0069712401764237516	4.623546372685569	1.0	1.159287017776752	11.937444609791626	-339.5771193751585	0.2278165567361069	0.25113903753725664	0.2409136448013353	0.2801307609253011
25000	-7861.945902737572	-7503.577313877177	-358.3685888603954	-7503.577313877177	16.28460877118194	9.674547022916515	0.007810404170738915	4.623546372685569	1.0	1.159287017776752	11.17794639088317	-337.5867989966774	0.2278165567361069	0.25113903753725664	0.2409136448013353	0.2801307609253011
26000	-7851.772174265817	-7492.672104430106	-359.10006983571077	-7492.672104430106	16.75409313974391	9.699079081589291	0.007443454520493573	3.9618028841807114	1.0	1.159287017776752	9.190007553005577	-338.7348793337358	0.22585746484158678	0.25262322777715	0.2337426838260449	0.28777662355521827
27000	-7839.621919323835	-7482.141405127472	-357.4805141963629	-7482.141405127472	16.75409313974391	9.630866341404953	0.007394058229034428	3.9618028841807114	1.0	1.159287017776752	10.725041666974237	-337.0420982511374	0.22585746484158678	0.25262322777715	0.2337426838260449	0.28777662355521827
28000	-7831.043599244573	-7471.891225137767	-359.15237410680595	-7471.891225137767	16.75409313974391	9.78427285897468	0.007479661474899526	3.9618028841807114	1.0	1.159287017776752	10.804305511283065	-338.52742664193715	0.22585746484158678	0.25262322777715	0.2337426838260449	0.28777662355521827
29000	-7823.125134006464	-7464.9646561643285	-358.16047784213475	-7464.9646561643285	17.585577268826707	9.841997127626595	0.007220456036460248	3.9618028841807114	1.0	1.159287017776752	9.056570636154088	-337.68431844053237	0.22585746484158678	0.25262322777715	0.2272030698877462	0.294316237493517
30000	-7826.579667818371	-7472.578072139965	-354.0015956784059	-7472.578072139965	16.387525241024967	9.665993855543277	0.007350124643535696	3.9618028841807114	1.0	1.4579308697451963	9.85705038616038	-333.316499665168	0.22585746484158678	0.25262322777715	0.2272030698877462	0.294316237493517
31000	-7749.353958457421	-7387.545405841358	-361.80855261606297	-7387.545405841358	15.907156744911847	9.619680387552933	0.006511784769728558	3.9618028841807114	1.0	1.4579308697451963	10.224474872574236	-341.2588318253884	0.22585746484158678	0.25262322777715	0.22671933508143377	0.2947999722998294
32000	-7691.432416845901	-7325.756359599433	-365.6760572464674	-7325.756359599433	14.364809750267941	9.863147907051676	0.006323129798874017	3.9618028841807114	1.0	1.4579308697451963	12.020969267412031	-344.72794674061066	0.22585746484158678	0.25262322777715	0.22671933508143377	0.2947999722998294
33000	-7657.733653013118	-7287.74651492562	-369.987138087497	-7287.74651492562	15.695229774865746	9.283077867895503	0.006424412683102807	3.9618028841807114	1.0	1.4579308697451963	12.48655258495094	-349.6197361731438	0.22585746484158678	0.25262322777715	0.22671933508143377	0.2947999722998294
34000	-7583.294849607541	-7214.829330207916	-368.4655193996246	-7214.829330207916	15.348675065700792	9.714031439528425	0.006044494903891878	3.9618028841807114	1.0	1.4579308697451963	10.873981727576153	-347.82563526984876	0.22585746484158678	0.25262322777715	0.22671933508143377	0.2947999722998294
35000	-7486.941638938891	-7127.124153959806	-359.81748497908467	-7127.124153959806	14.859620973447532	9.69204542526175	0.006681158237446292	3.9618028841807114	1.0	1.2672236620328885	9.689280471130832	-339.4074067598753	0.22115495055476847	0.25262322777715	0.22707020198843442	0.2991516196796471
36000	-7472.550350736487	-7114.247683013989	-358.3026677224979	-7114.247683013989	14.661236819960552	9.899628626621459	0.006915965023294425	3.9618028841807114	1.0	1.5376236777056858	11.183280298268564	-337.2175307933443	0.21518197395978383	0.2523570530706667	0.23330935328990238	0.2991516196796471
37000	-7466.683210503078	-7107.134641672632	-359.5485688304462	-7107.134641672632	15.084904303353907	8.998667507949213	0.006320429046503791	3.9618028841807114	1.0	1.5376236777056858	11.252246362436312	-339.53431445241574	0.21518197395978383	0.2523570530706667	0.23330935328990238	0.2991516196796471
38000	-7462.647633246018	-7104.554198908583	-358.09343433743487	-7104.554198908583	15.084904303353907	9.4349172941695	0.006533167007694963	3.9618028841807114	1.0	1.5376236777056858	10.587064813413784	-337.62810625152764	0.21518197395978383	0.2580764444872594	0.22758996187330965	0.2991516196796471
39000	-7442.555195501613	-7087.739735047943	-354.81546045366895	-7087.739735047943	15.776059133505735	9.86474390182732	0.006086353064527439	3.9618028841807114	1.0	1.5376236777056858	10.148999319940456	-333.9934041716637	0.22919752242193187	0.2580764444872594	0.21357441341116162	0.2991516196796471
40000	-7441.2872789682215	-7088.786057820192	-352.50122114803014	-7088.786057820192	15.163240526008376	9.52285378794966	0.006069089385940233	3.667404661668379	1.0	1.7245964025337823	9.225509379734547	-332.05799648873955	0.22919752242193187	0.2580764444872594	0.21357441341116162	0.2991516196796471
41000	-7424.0488382279145	-7071.543496781145	-352.5053414467693	-7071.543496781145	14.950662806871838	8.996002113942806	0.006054235086031936	4.542558750375135	1.0	1.6245376564882354	9.749371508773434	-332.41779245422117	0.22919752242193187	0.2467100492925011	0.21357441341116162	0.31051801487440545
42000	-7418.808393360571	-7066.568596679623	-352.23979668094864	-7066.568596679623	15.524981530274122	8.93827750645511	0.005738504081833523	4.006431825298391	1.0	1.6245376564882354	10.532967957781427	-332.35388112571343	0.22919752242193187	0.2467100492925011	0.21357441341116162	0.31051801487440545
43000	-7400.285220454859	-7053.619763376493	-346.66545707836553	-7053.619763376493	14.375242767187222	9.822291562660858	0.006115138265487729	4.006431825298391	1.0	1.6245376564882354	10.159698382503674	-325.7831008508563	0.22919752242193187	0.2467100492925011	0.21357441341116162	0.31051801487440545
44000	-7355.3850796397755	-7012.359190940121	-343.0258886996542	-7012.359190940121	15.198169642135216	9.915203154562333	0.006243770790828178	4.006431825298391	1.0	1.1977965371706065	9.959607041862403	-322.46793835625107	0.21223907341126771	0.2467100492925011	0.21357441341116162	0.32747646388506957
45000	-7334.739133601264	-6997.861150579843	-336.8779830214212	-6997.861150579843	15.812790438263834	9.850614992506488	0.006155118622022403	4.006431825298391	1.0	1.1977965371706065	7.616048829180784	-316.6730999867402	0.21223907341126771	0.25327433789795717	0.20701012480570555	0.32747646388506957
46000	-7332.4454698724085	-6987.426130054996	-345.01933981741223	-6987.426130054996	15.812790438263834	9.638477507370437	0.006410588265826033	4.006431825298391	1.0	1.1977965371706065	10.655940496124375	-324.6696089594843	0.21223907341126771	0.25327433789795717	0.20701012480570555	0.32747646388506957
47000	-7305.739741888058	-6964.078218134863	-341.6615237531949	-6964.078218134863	15.643772847741527	8.594812198321346	0.0063409325193329695	4.006431825298391	1.0	1.1977965371706065	9.04172546151983	-322.63380987058605	0.21223907341126771	0.25327433789795717	0.20701012480570555	0.32747646388506957
48000	-7297.688146925082	-6953.796438797575	-343.8917081275065	-6953.796438797575	16.582987479705714	8.764877757163422	0.006263629925638572	4.006431825298391	1.0	1.1977965371706065	7.873092814302089	-324.82697527212054	0.21223907341126771	0.25327433789795717	0.20701012480570555	0.32747646388506957
49000	-7292.052368532147	-6951.158167786195	-340.89420074595205	-6951.158167786195	16.49286159027728	9.119551838034864	0.0068023212087733	4.006431825298391	1.0	1.4064775740024837	8.447122751363073	-321.07740638177023	0.21223907341126771	0.25327433789795717	0.20701012480570555	0.32747646388506957
50000	-7296.0956482005095	-6949.743858404081	-346.3517897964288	-6949.743858404081	15.409599752533131	9.793984209759044	0.006556906295563709	4.006431825298391	1.0	1.3121643754859726	10.350019876237324	-325.7243074962096	0.2121669374538042	0.2533464738554207	0.20701012480570555	0.32747646388506957
51000	-7303.026025654561	-6960.711131467193	-342.3148941873682	-6960.711131467193	14.48400642073364	9.793984209759044	0.006466453475600741	4.006431825298391	1.0	1.3121643754859726	10.079891942560431	-321.72776986334384	0.2121669374538042	0.2533464738554207	0.20701012480570555	0.32747646388506957
52000	-7179.031837660979	-6840.84116165053	-338.1906760104492	-6840.84116165053	15.138479742519817	8.475337927624809	0.00658001443431229	4.414582182851863	1.0	1.3121643754859726	8.567423486104724	-319.07337713608507	0.19114889031991683	0.2533464738554207	0.20701012480570555	0.3484945110189569
53000	-7164.132645221361	-6831.105273402002	-333.02737181935885	-6831.105273402002	14.958357996263699	9.165590397013126	0.006895783202462087	4.414582182851863	1.0	1.3121643754859726	8.779630469783712	-313.07793244713724	0.19114889031991683	0.2533464738554207	0.20701012480570555	0.3484945110189569
54000	-7162.516472987648	-6832.116670945737	-330.39980204191085	-6832.116670945737	14.608091809481486	9.756931009039997	0.006887581661357622	4.414582182851863	1.0	1.4473789595514464	8.783004200550943	-309.6683461479293	0.19114889031991683	0.2533464738554207	0.20701012480570555	0.3484945110189569
55000	-7143.924864995789	-6818.4807938517415	-325.4440711440472	-6818.4807938517415	13.58937342561886	9.836773709837626	0.007810743701145753	4.414582182851863	1.0	1.4473789595514464	8.215949152687614	-304.5661044753323	0.19114889031991683	0.2533464738554207	0.20701012480570555	0.3484945110189569
56000	-7122.4622844127925	-6798.504858459803	-323.95742595299004	-6798.504858459803	13.874968817277185	8.974878579993971	0.006848315251607617	4.414582182851863	1.0	1.4473789595514464	8.599819116600614	-304.1100215179309	0.19114889031991683	0.2553021558806093	0.20505444278051696	0.3484945110189569
57000	-7109.868176177486	-6780.903768839241	-328.96440733824494	-6780.903768839241	14.837633636075799	8.876914233901733	0.006490100143466245	4.414582182851863	1.0	1.4473789595514464	8.869919121687628	-309.24773490979015	0.19114889031991683	0.2553021558806093	0.20505444278051696	0.3484945110189569
58000	-7089.702593046128	-6763.080441197118	-326.62215184901044	-6763.080441197118	14.812097488142475	9.84401614040028	0.007131640936632347	3.9657128087366402	1.0	1.4473789595514464	7.4245938866894505	-306.06556857562606	0.19114889031991683	0.2553021558806093	0.20505444278051696	0.3484945110189569
59000	-7102.606647166166	-6776.378495239504	-326.2281519266616	-6776.378495239504	14.751005468280143	9.966149483866896	0.006436218655896297	4.001303269831859	1.0	1.5718377148534124	8.12243133747119	-305.41571041047115	0.18494991059580126	0.2615011356047249	0.20505444278051696	0.3484945110189569
60000	-7089.072776932796	-6762.1209564894125	-326.95182044338355	-6762.1209564894125	16.11560715934731	9.745751589873622	0.0060581829500228656	4.001303269831859	1.0	1.5718377148534124	8.460125871452274	-306.3997755333145	0.18494991059580126	0.25726270331896817	0.19897656829367422	0.3588108177915564
61000	-7088.927962307911	-6759.192736328738	-329.73522597917366	-6759.192736328738	15.198561002317888	9.745751589873622	0.0066707316399802485	4.001303269831859	1.0	1.6197839955689535	8.860696631765556	-308.9925228684838	0.18494991059580126	0.25726270331896817	0.19897656829367422	0.3588108177915564
62000	-7066.896828710771	-6736.998791680902	-329.89803702986876	-6736.998791680902	15.584759671723289	9.745751589873622	0.006605259130813435	4.057581387849422	1.0	1.6197839955689535	8.35871246381664	-309.20604911763166	0.18665999805916633	0.27603791428391894	0.17849126986535838	0.3588108177915564
63000	-7078.837768559514	-6743.91239833713	-334.9253702223843	-6743.91239833713	14.724233810189425	9.745751589873622	0.006469881985938254	4.057581387849422	1.0	1.9523446996821037	10.004585754178901	-313.74182258367927	0.18665999805916633	0.27603791428391894	0.17849126986535838	0.3588108177915564
64000	-7074.1888692861485	-6739.17031176782	-335.0185575183287	-6739.17031176782	15.106977189829921	9.813768799117854	0.0065010822095452215	4.057581387849422	1.0	2.5590442861398923	9.636568880601217	-313.18669416115864	0.18665999805916633	0.27146887024205085	0.17849126986535838	0.36337986183342447
65000	-7062.810295582114	-6733.805944222879	-329.0043513592353	-6733.805944222879	14.982177562270039	9.706617141231728	0.0062069834960159845	4.057581387849422	1.0	2.5590442861398923	7.201338717075787	-307.62717478920797	0.18665999805916633	0.27146887024205085	0.17849126986535838	0.36337986183342447
66000	-7034.365255013876	-6701.3521954734515	-333.01305954042414	-6701.3521954734515	16.066410542167937	8.921180552102243	0.005769266229577574	4.057581387849422	1.0	2.5590442861398923	9.009768045362636	-312.34642095779645	0.18665999805916633	0.27146887024205085	0.17849126986535838	0.36337986183342447
67000	-7019.121315766904	-6683.66626168521	-335.4550540816941	-6683.66626168521	15.295189208397911	9.334821530487309	0.005950169602685604	4.057581387849422	1.0	2.5590442861398923	8.153746299545302	-314.4029139723992	0.18665999805916633	0.27146887024205085	0.17849126986535838	0.36337986183342447
68000	-6970.642641371567	-6632.029769119684	-338.61287225188295	-6632.029769119684	16.22228091864894	9.98693662020171	0.006302545376927388	4.057581387849422	1.0	2.5590442861398923	8.275509845014826	-316.7754218302704	0.18665999805916633	0.27146887024205085	0.17849126986535838	0.36337986183342447
69000	-6949.165103015554	-6610.14354365908	-339.02155935647454	-6610.14354365908	15.761933195361587	9.98693662020171	0.006278504356065824	4.057581387849422	1.0	2.5590442861398923	6.0158581005828875	-317.50683718726566	0.18665999805916633	0.27146887024205085	0.17849126986535838	0.36337986183342447
70000	-6951.775970358529	-6619.844431037629	-331.9315393208997	-6619.844431037629	15.885227251012687	8.885410812942206	0.00609926462755784	4.057581387849422	1.0	2.5590442861398923	9.170344848437772	-311.2309455530324	0.1884461351871318	0.27146887024205085	0.1767051327373929	0.36337986183342447
71000	-6937.443286912159	-6606.269448550178	-331.1738383619812	-6606.269448550178	15.885227251012687	9.599942129448833	0.0062820786991732575	4.057581387849422	1.0	2.5590442861398923	8.5423686119615	-309.7304702410081	0.1884461351871318	0.27146887024205085	0.1767051327373929	0.36337986183342447
72000	-6918.839989876965	-6591.2595368535685	-327.58045302339644	-6591.2595368535685	17.416823627623472	9.777477172834468	0.0064037323944902145	3.398103282018436	1.0	2.5590442861398923	7.281683471746294	-306.29630402840246	0.18121194897587142	0.27146887024205085	0.1767051327373929	0.37061404804468484
73000	-6931.815438622632	-6596.4320822196205	-335.3833564030118	-6596.4320822196205	15.861376696520539	9.802530264738254	0.00625688223605295	3.398103282018436	1.0	2.5590442861398923	8.753377091279981	-313.9110035203588	0.18121194897587142	0.27146887024205085	0.1767051327373929	0.37061404804468484
74000	-6920.168971246265	-6585.5001637598125	-334.6688074864524	-6585.5001637598125	16.006122049966464	9.974484897673706	0.006402442780500205	3.398103282018436	1.0	2.5590442861398923	6.730877378077542	-313.24855508623443	0.18121194897587142	0.27146887024205085	0.1767051327373929	0.37061404804468484
75000	-6926.491910499117	-6589.87376542817	-336.61814507094687	-6589.87376542817	15.985234458779956	9.106016229020593	0.005989620102164475	3.398103282018436	1.0	2.5590442861398923	7.447684850099451	-316.11388029820284	0.18121194897587142	0.2590768507609605	0.1767051327373929	0.3830060675257752
76000	-6842.00007670327	-6506.498606567422	-335.50147013584797	-6506.498606567422	17.636563171882614	9.740752700866464	0.0063053325024767775	3.398103282018436	1.0	2.5590442861398923	7.529606183168521	-314.23945801880456	0.18121194897587142	0.2590768507609605	0.1767051327373929	0.3830060675257752
77000	-6621.021180184555	-6285.941863646944	-335.079316537612	-6285.941863646944	15.499219401153814	9.007318588377142	0.005807255347768152	3.077115384396006	1.0	2.5590442861398923	8.427459731764406	-314.7011624586464	0.18121194897587142	0.2590768507609605	0.1767051327373929	0.3830060675257752
78000	-6607.6963652920585	-6267.672544169844	-340.02382112221505	-6267.672544169844	13.93314849384505	9.299436494656527	0.005651675129812926	2.9750161441238414	1.0	4.195752191358387	10.591952824466826	-317.52274967724725	0.18121194897587142	0.2590768507609605	0.1767051327373929	0.3830060675257752
79000	-6592.989919197964	-6257.634601658558	-335.35531753940666	-6257.634601658558	13.466852529378722	9.887182391029508	0.005470738408542942	2.9750161441238414	1.0	2.9682530889360836	8.841885668294541	-313.65199344685817	0.18121194897587142	0.2590768507609605	0.1767051327373929	0.3830060675257752
80000	-6579.974245811981	-6246.340237614409	-333.63400819757254	-6246.340237614409	13.983382958248304	9.595815027008868	0.005842663133209401	2.9750161441238414	1.0	2.9935754198208637	10.351372224391893	-312.0002149690818	0.17406476178917246	0.2590768507609605	0.1767051327373929	0.39015325471247414
81000	-6577.440913426731	-6243.247670974103	-334.1932424526277	-6243.247670974103	14.02929697209598	9.719997285749733	0.005685944978117925	2.9750161441238414	1.0	2.9935754198208637	7.2838298749336055	-312.80236695304603	0.17406476178917246	0.2590768507609605	0.1767051327373929	0.39015325471247414
82000	-6575.4511357568035	-6242.619784374739	-332.83135138206495	-6242.619784374739	13.873545402044895	9.93371912878941	0.005310802287413103	3.164495962460817	1.0	2.9935754198208637	7.483920558976326	-311.18183709127555	0.17406476178917246	0.2590768507609605	0.1767051327373929	0.39015325471247414
83000	-6560.610522313492	-6234.952947101819	-325.65757521167365	-6234.952947101819	14.257785556018398	9.93371912878941	0.0057163987083337555	3.164495962460817	1.0	3.50257884561087	8.56585393176599	-303.2903967488597	0.17406476178917246	0.269412983089536	0.1767051327373929	0.37981712238389864
84000	-6529.641764624543	-6202.984445348415	-326.657319276128	-6202.984445348415	14.89369778293669	9.920557033533813	0.005500853478319197	3.164495962460817	1.0	3.50257884561087	7.836760712361233	-304.43191356328117	0.17406476178917246	0.269412983089536	0.1767051327373929	0.37981712238389864
85000	-6528.585067363839	-6206.412647596481	-322.17241976735784	-6206.412647596481	14.352035402450676	9.823558869081822	0.005557956927620886	3.164495962460817	1.0	3.50257884561087	7.641752095442213	-300.06772113908426	0.18660891931555573	0.269412983089536	0.16416097521100964	0.37981712238389864
86000	-6525.450741054763	-6208.153357311716	-317.29738374304713	-6208.153357311716	13.383704413914087	9.829629344484287	0.005672973569197196	3.164495962460817	1.0	3.50257884561087	7.42158136860327	-295.194797967241	0.18660891931555573	0.269412983089536	0.16416097521100964	0.37981712238389864
87000	-6523.904159011611	-6202.8209255031215	-321.0832335084897	-6202.8209255031215	14.519766470156016	9.943108707009594	0.005721966027334766	2.9830571733649114	1.0	5.091775195736992	8.340381917816424	-297.2059926575265	0.18660891931555573	0.269412983089536	0.16416097521100964	0.37981712238389864
88000	-6516.205459723191	-6195.768888789753	-320.436570933438	-6195.768888789753	13.451855061767564	9.978736607134843	0.0059366669311428305	2.9830571733649114	1.0	5.091775195736992	7.688914516409432	-296.56494655934216	0.18660891931555573	0.269412983089536	0.15295922073207283	0.39101887686283543
89000	-6489.031833827946	-6171.594098175919	-317.43773565202736	-6171.594098175919	13.601136287719598	9.320043432903425	0.0054802585722601846	3.2775446666817323	1.0	5.229074683510053	7.837405219991859	-294.10730638230245	0.1603848114268825	0.2956370909782092	0.15295922073207283	0.39101887686283543
90000	-6487.733053227125	-6171.149607652685	-316.58344557444093	-6171.149607652685	13.668926709067227	9.47368409632179	0.0054186179430394206	3.2775446666817323	1.0	2.2500303736230927	6.596604173915728	-296.2473738295399	0.1603848114268825	0.2956370909782092	0.15295922073207283	0.39101887686283543
91000	-6465.525184529522	-6151.154442511966	-314.3707420175561	-6151.154442511966	13.487954943257895	9.47368409632179	0.005338205416652366	3.2775446666817323	1.0	2.2500303736230927	6.871086447437688	-294.0088599476275	0.1603848114268825	0.2956370909782092	0.15295922073207283	0.39101887686283543
92000	-6465.536977253716	-6152.67600350691	-312.8609737468058	-6152.67600350691	13.616873080422005	8.988765977127784	0.0053055679838727885	3.2775446666817323	1.0	2.2500303736230927	7.147209306008153	-292.9980327919964	0.13257463927791088	0.2956370909782092	0.15295922073207283	0.41882904901180706
93000	-6442.162212368829	-6132.8177705231565	-309.3444418456731	-6132.8177705231565	14.587805649451301	9.44735063961499	0.005398405291035173	3.2775446666817323	1.0	2.2500303736230927	7.1116711191463695	-288.965765186765	0.13257463927791088	0.2956370909782092	0.12793768330183092	0.443850586442049
94000	-6430.355552219067	-6125.310224205882	-305.0453280131855	-6125.310224205882	13.10817797604518	9.781807620659592	0.0056650447538234595	2.6923785076461013	1.0	2.2500303736230927	5.696710059806693	-284.68233668423846	0.13257463927791088	0.2956370909782092	0.12793768330183092	0.443850586442049
95000	-6423.346964877883	-6116.0727100596405	-307.2742548182419	-6116.0727100596405	12.840460274495214	9.906894055432936	0.00566087871002462	2.6923785076461013	1.0	4.535197198867032	5.985773278680105	-284.44081374459	0.13257463927791088	0.2956370909782092	0.12793768330183092	0.443850586442049
96000	-6419.041915894802	-6115.675278519419	-303.3666373753824	-6115.675278519419	12.962681517303272	9.757180454665491	0.00570029562796615	2.4712198663639016	1.0	5.661111366076009	6.08278792540413	-279.630516077818	0.11885755488486471	0.2956370909782092	0.12793768330183092	0.45756767083509514
97000	-6409.72302631228	-6111.863061820286	-297.8599644919943	-6111.863061820286	12.817548137487695	9.81470788378872	0.005854251958721908	2.4712198663639016	1.0	6.052746651833048	5.383740879495485	-273.76479851758154	0.11885755488486471	0.2956370909782092	0.12793768330183092	0.45756767083509514
98000	-6416.704121656337	-6113.439735998458	-303.26438565787873	-6113.439735998458	12.817548137487695	9.81470788378872	0.005871026752100184	2.4712198663639016	1.0	5.091852380760591	4.631005177510088	-280.2778596981281	0.11885755488486471	0.2956370909782092	0.12793768330183092	0.45756767083509514
99000	-6422.5437979966555	-6121.648608355915	-300.8951896407409	-6121.648608355915	12.545859377867174	9.81470788378872	0.005983171598815772	2.4712198663639016	1.0	5.091852380760591	5.01727946206647	-277.80961097964655	0.11885755488486471	0.2956370909782092	0.12793768330183092	0.45756767083509514
100000	-6410.396773254028	-6109.337270259362	-301.05950299466537	-6109.337270259362	13.64977408323164	9.547258565502768	0.005696989987510748	2.4712198663639016	1.0	5.091852380760591	5.470665794457644	-278.2287803335573	0.11885755488486471	0.28851705418202445	0.12793768330183092	0.4646877076312799
