#
#model:
#
#<?xml version="1.0" encoding="UTF-8" standalone="no"?><input id="posterior" spec="beast.core.util.CompoundDistribution">
#    <distribution id="prior" spec="beast.core.util.CompoundDistribution">
#        <distribution id="CoalescentConstant.t:1" spec="beast.evolution.tree.coalescent.Coalescent">
#            <populationModel id="ConstantPopulation.t:1" spec="beast.evolution.tree.coalescent.ConstantPopulation">
#                <parameter id="popSize.t:1" name="popSize" spec="beast.core.parameter.RealParameter">0.3</parameter>
#            </populationModel>
#            <treeIntervals id="TreeIntervals.t:1" spec="beast.evolution.tree.coalescent.TreeIntervals">
#                <tree id="Tree.t:1" spec="beast.evolution.tree.Tree">
#                    <trait id="dateTrait.t:1" spec="beast.evolution.tree.TraitSet" traitname="date" value="2_2000.1=2000.1,17_2001.6=2001.6,18_2001.7=2001.7,21_2002=2002,24_2002.3=2002.3,26_2002.5=2002.5,5_2000.4=2000.4,7_2000.6=2000.6,4_2000.3=2000.3,13_2001.2=2001.2,15_2001.4=2001.4,16_2001.5=2001.5,1_2000=2000,8_2000.7=2000.7,3_2000.2=2000.2,12_2001.1=2001.1,22_2002.1=2002.1,32_2003.1=2003.1,28_2002.7=2002.7,43_2004.2=2004.2,46_2004.5=2004.5,55_2005.4=2005.4,63_2006.2=2006.2,65_2006.4=2006.4,66_2006.5=2006.5,67_2006.6=2006.6,23_2002.2=2002.2,10_2000.9=2000.9,14_2001.3=2001.3,33_2003.2=2003.2,39_2003.8=2003.8,34_2003.3=2003.3,44_2004.3=2004.3,48_2004.7=2004.7,53_2005.2=2005.2,52_2005.1=2005.1,58_2005.7=2005.7,9_2000.8=2000.8,6_2000.5=2000.5,11_2001=2001,25_2002.4=2002.4,20_2001.9=2001.9,47_2004.6=2004.6,36_2003.5=2003.5,45_2004.4=2004.4,50_2004.9=2004.9,42_2004.1=2004.1,51_2005=2005,35_2003.4=2003.4,37_2003.6=2003.6,57_2005.6=2005.6,59_2005.8=2005.8,61_2006=2006,62_2006.1=2006.1,41_2004=2004,40_2003.9=2003.9,49_2004.8=2004.8,74_2007.3=2007.3,77_2007.6=2007.6,68_2006.7=2006.7,70_2006.9=2006.9,81_2008=2008,19_2001.8=2001.8,27_2002.6=2002.6,29_2002.8=2002.8,30_2002.9=2002.9,31_2003=2003,38_2003.7=2003.7,56_2005.5=2005.5,69_2006.8=2006.8,82_2008.1=2008.1,80_2007.9=2007.9,83_2008.2=2008.2,87_2008.6=2008.6,71_2007=2007,75_2007.4=2007.4,72_2007.1=2007.1,91_2009=2009,88_2008.7=2008.7,94_2009.3=2009.3,98_2009.7=2009.7,79_2007.8=2007.8,84_2008.3=2008.3,78_2007.7=2007.7,76_2007.5=2007.5,89_2008.8=2008.8,93_2009.2=2009.2,96_2009.5=2009.5,97_2009.6=2009.6,95_2009.4=2009.4,100_2009.9=2009.9,54_2005.3=2005.3,60_2005.9=2005.9,64_2006.3=2006.3,73_2007.2=2007.2,86_2008.5=2008.5,85_2008.4=2008.4,90_2008.9=2008.9,99_2009.8=2009.8,92_2009.1=2009.1,101_2010=2010">
#                        <taxa id="TaxonSet.1" spec="beast.evolution.alignment.TaxonSet">
#                        </taxa>
#                    </trait>
#                    <taxonset idref="TaxonSet.1"/>
#                </tree>
#            </treeIntervals>
#        </distribution>
#        <prior id="rateOmega.prior" name="distribution">
#            <parameter id="rateOmega" lower="0.1" name="x" spec="beast.core.parameter.RealParameter" upper="10.0">0.5</parameter>
#            <Gamma id="Gamma.0" name="distr">
#                <parameter estimate="false" id="rateOmega.alpha" name="alpha" spec="beast.core.parameter.RealParameter">0.1</parameter>
#                <parameter estimate="false" id="rateOmega.beta" name="beta" spec="beast.core.parameter.RealParameter">1.0</parameter>
#            </Gamma>
#        </prior>
#        <prior id="rateMean.prior" name="distribution">
#            <parameter id="rateMean" lower="1.0E-4" name="x" spec="beast.core.parameter.RealParameter" upper="10.0">0.005</parameter>
#            <Gamma id="Gamma.1" name="distr">
#                <parameter estimate="false" id="rateMean.alpha" name="alpha" spec="beast.core.parameter.RealParameter">0.005</parameter>
#                <parameter estimate="false" id="rateMean.beta" name="beta" spec="beast.core.parameter.RealParameter">1.0</parameter>
#            </Gamma>
#        </prior>
#        <prior id="FrequenciesPrior.s:1" name="distribution">
#            <parameter dimension="4" id="freqParameter.s:1" lower="0.0" name="x" spec="beast.core.parameter.RealParameter" upper="1.0">0.25</parameter>
#            <Uniform id="Uniform.3" name="distr"/>
#        </prior>
#        <prior id="GammaShapePrior.s:1" name="distribution">
#            <parameter id="gammaShape.s:1" name="x" spec="beast.core.parameter.RealParameter">1.0</parameter>
#            <Exponential id="Exponential.0" name="distr">
#                <parameter estimate="false" id="RealParameter.0" name="mean" spec="beast.core.parameter.RealParameter">1.0</parameter>
#            </Exponential>
#        </prior>
#        <prior id="KappaPrior.s:1" name="distribution">
#            <parameter id="kappa.s:1" lower="0.0" name="x" spec="beast.core.parameter.RealParameter">2.0</parameter>
#            <LogNormal id="LogNormalDistributionModel.0" name="distr">
#                <parameter estimate="false" id="RealParameter.1" name="M" spec="beast.core.parameter.RealParameter">1.0</parameter>
#                <parameter estimate="false" id="RealParameter.2" name="S" spec="beast.core.parameter.RealParameter">1.25</parameter>
#            </LogNormal>
#        </prior>
#        <prior id="PopSizePrior.t:1" name="distribution" x="@popSize.t:1">
#            <OneOnX id="OneOnX.1" name="distr"/>
#        </prior>
#    </distribution>
#    <distribution id="likelihood" spec="beast.core.util.CompoundDistribution" useThreads="true">
#        <distribution data="@1" id="treeLikelihood.1" spec="beast.evolution.likelihood.ThreadedTreeLikelihood" tree="@Tree.t:1">
#            <siteModel gammaCategoryCount="4" id="SiteModel.s:1" shape="@gammaShape.s:1" spec="beast.evolution.sitemodel.SiteModel">
#                <parameter id="mutationRate.s:1" name="mutationRate" spec="beast.core.parameter.RealParameter">1.0</parameter>
#                <parameter estimate="false" id="proportionInvariant.s:1" lower="0.0" name="proportionInvariant" spec="beast.core.parameter.RealParameter" upper="1.0">0.0</parameter>
#                <substModel id="hky.s:1" kappa="@kappa.s:1" spec="beast.evolution.substitutionmodel.HKY">
#                    <frequencies frequencies="@freqParameter.s:1" id="estimatedFreqs.s:1" spec="beast.evolution.substitutionmodel.Frequencies"/>
#                </substModel>
#            </siteModel>
#            <branchRateModel id="branchRates" numSites="1000" numberOfDiscreteRates="12" rateMean="@rateMean" rateOmega="@rateOmega" spec="beast.evolution.branchratemodel.ARClockModel" tree="@Tree.t:1">
#                <rateCategories dimension="200" id="rateCategories" spec="beast.core.parameter.IntegerParameter">1</rateCategories>
#            </branchRateModel>
#        </distribution>
#    </distribution>
#</input>
#
Sample	posterior	likelihood	prior	treeLikelihood	TreeHeight	rateOmega	rateMean	kappa	mutationRate	gammaShape	popSize	CoalescentConstant	freqParameter.1	freqParameter.2	freqParameter.3	freqParameter.4
0	-29624.54790128293	-29390.51469511257	-234.03320617036022	-29390.51469511257	10.751582664363609	0.5	0.005	2.0	1.0	1.0	0.3	-230.21431273121476	0.25	0.25	0.25	0.25
1000	-16576.978902999148	-16276.089397160138	-300.88950583900976	-16276.089397160138	12.946162827725011	0.5460124570103767	0.041932460904946255	3.9361561049888136	1.0	1.0	1.9662813326697892	-292.22154785636025	0.25	0.25	0.25	0.25
2000	-14639.971905703962	-14356.817013553558	-283.15489215040276	-14356.817013553558	13.890646550042762	3.2308648616504407	0.030181997414469967	3.9361561049888136	1.0	1.0	4.519191778398648	-269.7087366979945	0.25	0.25	0.25	0.25
3000	-13469.111994567336	-13162.628810349392	-306.48318421794454	-13162.628810349392	17.080982626635684	9.644352843491868	0.028797157285831505	4.312928374779663	1.0	1.0	6.1017951077427846	-285.2714045653862	0.25	0.25	0.25	0.25
4000	-12053.557035273992	-11742.069320675953	-311.4877145980389	-11742.069320675953	15.502834809977708	9.897282086827806	0.02370512779769928	4.312928374779663	1.0	1.0	6.677305457160317	-290.10827969829677	0.24458854336003202	0.25	0.2449129029901963	0.26049855364977165
5000	-11351.889227171538	-11051.720639268504	-300.1685879030346	-11051.720639268504	14.80407403903919	9.897282086827806	0.022431037919284275	4.606852299725689	1.0	1.0	5.496855369929795	-278.95313905008896	0.24458854336003202	0.25	0.2449129029901963	0.26049855364977165
6000	-10419.265187762741	-10111.197603411325	-308.0675843514161	-10111.197603411325	14.52568471534163	9.975263217443379	0.01987882777025247	4.606852299725689	1.0	1.0	6.559557141528916	-286.7130827484298	0.24458854336003202	0.25	0.2449129029901963	0.26049855364977165
7000	-10003.927608573817	-9695.546805735059	-308.3808028387569	-9695.546805735059	16.72184181193365	9.975263217443379	0.017923330551058672	4.606852299725689	1.0	1.0	6.604209953173649	-287.124506734735	0.2397689554429283	0.25075528228557864	0.2449129029901963	0.2645628592812967
8000	-9511.56934753144	-9199.419439791733	-312.1499077397072	-9199.419439791733	18.591749236587233	9.975263217443379	0.015088804700861163	4.606852299725689	1.0	0.6454434098925004	6.246247954757503	-291.478018550451	0.22656809148226525	0.25075528228557864	0.25811376695085936	0.2645628592812967
9000	-9400.880503718327	-9087.046182804805	-313.83432091352273	-9087.046182804805	18.12058703527514	9.975263217443379	0.014604237740632174	4.606852299725689	1.0	0.6454434098925004	6.935416641841196	-293.090734226292	0.22656809148226525	0.25075528228557864	0.25339127581188575	0.2692853504202703
10000	-9267.082000805636	-8953.195781693928	-313.886219111707	-8953.195781693928	18.9256850529362	9.975263217443379	0.013726495455611014	4.254126885099981	1.0	0.6454434098925004	5.520426334370926	-293.5378888906545	0.22656809148226525	0.25075528228557864	0.25339127581188575	0.2692853504202703
11000	-9013.245151469786	-8703.064276889123	-310.1808745806634	-8703.064276889123	18.314661282338555	9.975263217443379	0.012632070184451623	4.254126885099981	1.0	0.6454434098925004	6.268904636769958	-289.7891658977906	0.22260673090534996	0.25075528228557864	0.257352636388801	0.2692853504202703
12000	-8763.673359544011	-8455.821300768734	-307.8520587752779	-8455.821300768734	18.505248380108203	9.933387062170775	0.01224406047660865	4.254126885099981	1.0	0.6454434098925004	5.675758208633568	-287.636839774235	0.22260673090534996	0.25075528228557864	0.257352636388801	0.2692853504202703
13000	-8612.397791985286	-8306.153098566043	-306.24469341924294	-8306.153098566043	17.364006315911208	9.64955891087909	0.01258314204127615	4.254126885099981	1.0	0.6454434098925004	7.418299421234974	-286.04412774296696	0.22260673090534996	0.25386824785490053	0.2542396708194791	0.2692853504202703
14000	-8299.231310633273	-7995.972562740598	-303.2587478926748	-7995.972562740598	17.377341189205456	9.615993719930412	0.01259257684123915	4.254126885099981	1.0	0.6454434098925004	5.946167475543691	-283.315331189186	0.22260673090534996	0.25386824785490053	0.2542396708194791	0.2692853504202703
15000	-8259.490676197278	-7952.05593270413	-307.4347434931484	-7952.05593270413	17.377341189205456	9.904970738387611	0.011944559757509058	4.254126885099981	1.0	0.6454434098925004	6.063609023688178	-287.20935882476147	0.22260673090534996	0.25386824785490053	0.2542396708194791	0.2692853504202703
16000	-8007.771154196346	-7700.22943514924	-307.5417190471059	-7700.22943514924	18.396947849180293	9.405987378229431	0.011425967640632648	4.254126885099981	1.0	0.6454434098925004	6.943938202614464	-287.7709590398043	0.21384915918566585	0.25386824785490053	0.26299724253916323	0.2692853504202703
17000	-7926.314766649684	-7617.330482275775	-308.9842843739095	-7617.330482275775	18.2285054620291	8.859966532455397	0.010797200277834701	4.254126885099981	1.0	0.6454434098925004	6.599486687453583	-289.9211930476734	0.21384915918566585	0.25386824785490053	0.26299724253916323	0.2692853504202703
18000	-7881.448765009576	-7570.388088978531	-311.06067603104447	-7570.388088978531	18.13004926464776	9.369233963651066	0.010439407948091005	4.254126885099981	1.0	0.6454434098925004	6.6450575819039805	-291.46502456448684	0.21384915918566585	0.25386824785490053	0.26299724253916323	0.2692853504202703
19000	-7561.551323704988	-7264.727496528273	-296.8238271767151	-7264.727496528273	19.45630428671238	8.745245124636671	0.010712493004251596	4.254126885099981	1.0	0.6454434098925004	5.156489326411002	-278.14184427104453	0.21384915918566585	0.25386824785490053	0.26299724253916323	0.2692853504202703
20000	-7535.722020369702	-7243.285955422734	-292.43606494696735	-7243.285955422734	19.45630428671238	9.280954535337598	0.011141885988986067	4.525159375776222	1.0	0.6160341688196889	5.735611228305912	-272.96761256798845	0.2047505803908007	0.25386824785490053	0.26495864065464403	0.27642253109965464
21000	-7530.010803361455	-7235.053853614255	-294.9569497472006	-7235.053853614255	19.79047100837648	9.510167411103533	0.011204868285534374	4.162863997324886	1.0	0.6160341688196889	5.695898590350056	-275.3470438937596	0.2047505803908007	0.25386824785490053	0.2632426796434892	0.2781384921108095
22000	-7509.78451792232	-7216.445258743116	-293.3392591792047	-7216.445258743116	18.403725365182943	9.805187336659367	0.010739795296232724	4.162863997324886	1.0	0.6160341688196889	4.771818206258721	-273.62650272048853	0.2047505803908007	0.25386824785490053	0.2632426796434892	0.2781384921108095
23000	-7504.717159829237	-7209.114081401421	-295.6030784278166	-7209.114081401421	20.210860326495315	9.707773211141719	0.010217583312132366	4.162863997324886	1.0	0.715118358246178	6.049001355391194	-275.7105912157707	0.2047505803908007	0.25386824785490053	0.2632426796434892	0.2781384921108095
24000	-7477.637018382383	-7185.169171794265	-292.46784658811833	-7185.169171794265	22.75203542010373	7.624277168914184	0.010213090573655909	4.162863997324886	1.0	0.8251322659401198	6.2504101849596845	-274.7339601750739	0.2047505803908007	0.25386824785490053	0.2632426796434892	0.2781384921108095
25000	-7485.387234016974	-7190.237240524917	-295.14999349205686	-7190.237240524917	20.941281646748806	8.743133220306365	0.009293438104360499	4.162863997324886	1.0	0.8251322659401198	6.529317651382941	-276.22516724810424	0.2047505803908007	0.25386824785490053	0.2632426796434892	0.2781384921108095
26000	-7456.537418518641	-7155.4708656074035	-301.0665529112372	-7155.4708656074035	20.559276573654245	8.647185739280053	0.009239076588167519	4.162863997324886	1.0	0.8251322659401198	8.07594935049398	-282.04090904565453	0.1905838842192343	0.26038908139654976	0.2632426796434892	0.28578435474072666
27000	-7323.936617926903	-7029.144299322956	-294.7923186039467	-7029.144299322956	20.9836229865948	8.844836226970983	0.009567838732981561	4.162863997324886	1.0	0.8251322659401198	5.919482468901862	-275.82420641969304	0.1905838842192343	0.26038908139654976	0.2632426796434892	0.28578435474072666
28000	-7266.891027356621	-6973.782420118475	-293.1086072381455	-6973.782420118475	19.096266701840143	7.637688700290905	0.00933324300732528	4.162863997324886	1.0	0.8251322659401198	6.329030567561296	-275.4377447018603	0.1905838842192343	0.26038908139654976	0.2632426796434892	0.28578435474072666
29000	-7187.939402604326	-6891.7411396549405	-296.19826294938497	-6891.7411396549405	20.811745348103415	7.644575660694185	0.008720631407835678	4.162863997324886	1.0	0.8251322659401198	6.163694521725754	-278.61433705578656	0.1905838842192343	0.26038908139654976	0.2632426796434892	0.28578435474072666
30000	-7164.9594501281	-6870.687705201533	-294.27174492656644	-6870.687705201533	22.65626437702733	8.11648890788542	0.008466293151118725	4.162863997324886	1.0	1.037694534390591	5.37861560298559	-276.11538288186586	0.19620851460805663	0.26038908139654976	0.25761804925466686	0.28578435474072666
31000	-7150.118132022868	-6858.120795642817	-291.99733638005046	-6858.120795642817	21.670391180944737	7.752236948406366	0.00878041976897983	4.162863997324886	1.0	1.037694534390591	5.58500524049763	-274.1723331229391	0.19620851460805663	0.26038908139654976	0.25761804925466686	0.28578435474072666
32000	-7038.028637498471	-6742.408943261292	-295.6196942371785	-6742.408943261292	20.979206265430726	8.109240859327235	0.008122982708206047	4.162863997324886	1.0	1.037694534390591	5.056945008810478	-277.57458445991887	0.19620851460805663	0.26038908139654976	0.25713431444835444	0.2862680895470391
33000	-7007.722203668531	-6706.265531367858	-301.4566723006728	-6706.265531367858	21.825458707027586	8.91123600195977	0.0078111146131697295	4.162863997324886	1.0	1.037694534390591	7.242801005211354	-282.2047099577174	0.19620851460805663	0.26038908139654976	0.25713431444835444	0.2862680895470391
34000	-7014.260043632223	-6710.559699605284	-303.7003440269393	-6710.559699605284	24.77809811309227	8.66800130182432	0.007106066664517303	4.162863997324886	1.0	1.037694534390591	6.098007533406767	-284.98340040262195	0.19620851460805663	0.26038908139654976	0.25713431444835444	0.2862680895470391
35000	-6975.5124725209325	-6677.0958701097325	-298.4166024112001	-6677.0958701097325	23.058810134374664	9.689368620251303	0.007839527293179646	3.808419510199886	1.0	1.037694534390591	6.318355872988794	-278.55479909687375	0.19620851460805663	0.26038908139654976	0.25713431444835444	0.2862680895470391
36000	-6958.176813183949	-6659.190671087489	-298.9861420964594	-6659.190671087489	23.058810134374664	8.420856099719886	0.007300689947075793	3.808419510199886	1.0	1.037694534390591	5.209895012395891	-280.78342908761687	0.19150600032123832	0.26038908139654976	0.2618368287351728	0.2862680895470391
37000	-6959.731937304888	-6659.9110115306585	-299.82092577422895	-6659.9110115306585	23.432834183262973	8.859952030262603	0.00745025797264773	3.808419510199886	1.0	1.037694534390591	5.928404911096916	-280.9838465102135	0.19150600032123832	0.26038908139654976	0.2618368287351728	0.2862680895470391
38000	-6943.875430048625	-6643.739020179897	-300.1364098687285	-6643.739020179897	22.6085229493601	8.27223694267877	0.006947214922003117	3.808419510199886	1.0	1.037694534390591	6.248390416649863	-281.9663110501328	0.19150600032123832	0.26038908139654976	0.2618368287351728	0.2862680895470391
39000	-6946.836722961052	-6649.182864804032	-297.6538581570203	-6649.182864804032	23.685264236074605	7.19294806531312	0.006787986574483535	3.808419510199886	1.0	1.2817529298993393	7.0186507874073945	-280.35179595406265	0.18802124588020666	0.26387383583758145	0.2618368287351728	0.2862680895470391
40000	-6868.496997916875	-6581.273891011375	-287.2231069055007	-6581.273891011375	23.589646641760503	7.327972803884265	0.007225323118971256	3.808419510199886	1.0	1.2817529298993393	5.352989033397354	-269.97763510598776	0.18802124588020666	0.26387383583758145	0.2618368287351728	0.2862680895470391
41000	-6853.603964755112	-6567.583952730071	-286.02001202504147	-6567.583952730071	23.129883461245512	7.541437314186636	0.00781390853284554	3.808419510199886	1.0	1.617357378398043	5.616354922641015	-268.0730906661714	0.18802124588020666	0.26387383583758145	0.2618368287351728	0.2862680895470391
42000	-6785.4277217376075	-6496.9074221434	-288.5202995942069	-6496.9074221434	22.84030112749407	8.290189008474929	0.007600193708812849	3.808419510199886	1.0	1.617357378398043	5.623097632690446	-269.7660393436395	0.18802124588020666	0.25370563742968877	0.2473877557462195	0.31088536094388514
43000	-6792.199330011079	-6501.777764085335	-290.4215659257447	-6501.777764085335	23.77882830316758	7.396396401152193	0.007371773714342866	3.808419510199886	1.0	1.617357378398043	6.623519985978906	-272.53061713385415	0.1918401689177203	0.25370563742968877	0.24356883270870586	0.31088536094388514
44000	-6784.871473804753	-6496.369106720336	-288.50236708441616	-6496.369106720336	23.417310628558525	9.177815705942841	0.007993436948783076	3.808419510199886	1.0	1.617357378398043	5.720328730227225	-268.7012036375722	0.1883713003244808	0.25717450602292824	0.24356883270870586	0.31088536094388514
45000	-6731.211165861808	-6440.199991901478	-291.0111739603301	-6440.199991901478	20.41150573750897	7.26271811073249	0.006318212620585448	3.808419510199886	1.0	1.617357378398043	5.3801634412172445	-273.6327309736849	0.1883713003244808	0.26459276716366875	0.23615057156796532	0.31088536094388514
46000	-6658.245651907051	-6371.74374894521	-286.5019029618404	-6371.74374894521	22.83663709131455	8.290239966990713	0.006540412621590479	3.808419510199886	1.0	1.617357378398043	5.413766627861133	-267.9360062211072	0.1700608405343299	0.26459276716366875	0.23615057156796532	0.329195820734036
47000	-6639.237352173924	-6355.543841363302	-283.6935108106218	-6355.543841363302	21.675802127016812	8.025034918516917	0.00608010549290945	3.808419510199886	1.0	1.617357378398043	5.216836615812068	-265.53220822789257	0.1700608405343299	0.26459276716366875	0.23615057156796532	0.329195820734036
48000	-6615.9371309741855	-6331.391512419091	-284.545618555095	-6331.391512419091	22.0681136209092	8.211597785809454	0.005957217748415965	3.808419510199886	1.0	1.617357378398043	5.173143182027089	-266.20591978315883	0.1700608405343299	0.26459276716366875	0.23615057156796532	0.329195820734036
49000	-6548.086432932917	-6264.289089226121	-283.79734370679614	-6264.289089226121	21.0146132497156	6.964795812696971	0.006450809444948405	3.808419510199886	1.0	1.617357378398043	5.584453424829787	-266.6964544718222	0.17618044886341752	0.26459276716366875	0.22179612773436844	0.3374306562385453
50000	-6537.301371926209	-6247.832560109772	-289.46881181643715	-6247.832560109772	23.981678996933947	7.43751753457546	0.005543921376076426	3.8870994083407013	1.0	1.617357378398043	5.2644536343369	-272.02176501542874	0.17618044886341752	0.26459276716366875	0.22179612773436844	0.3374306562385453
51000	-6505.38345071875	-6217.127975713725	-288.25547500502466	-6217.127975713725	23.753165372224213	7.5626198407422915	0.005569451312234889	3.8870994083407013	1.0	2.3349717527748486	6.0977597683438525	-269.7991579314939	0.19916633334582848	0.26459276716366875	0.19881024325195748	0.3374306562385453
52000	-6512.9451739252345	-6227.011785699127	-285.93338822610696	-6227.011785699127	23.798060389955126	5.962036570875035	0.005340445456342312	3.5291949759352557	1.0	2.3349717527748486	5.507798903649772	-269.5511607412282	0.19916633334582848	0.26459276716366875	0.19881024325195748	0.3374306562385453
53000	-6508.580892101036	-6222.428942632104	-286.15194946893166	-6222.428942632104	22.806189816339014	6.469602404787594	0.005721223907027819	3.5291949759352557	1.0	2.3349717527748486	5.320941294794928	-269.1542286309016	0.19916633334582848	0.26459276716366875	0.19881024325195748	0.3374306562385453
54000	-6478.035458110742	-6192.8060947243475	-285.2293633863944	-6192.8060947243475	21.2380530701456	6.571380474842333	0.0060067539198995715	3.5291949759352557	1.0	2.7434862420454436	4.714309156521627	-267.77960572185316	0.19916633334582848	0.26459276716366875	0.17078376650807192	0.3654571329824309
55000	-6475.216366778877	-6190.70565641585	-284.5107103630272	-6190.70565641585	21.113398998479727	9.54487792075711	0.006463757819873218	3.5291949759352557	1.0	1.5114208811693608	5.625960388206215	-264.7333619271246	0.19916633334582848	0.26459276716366875	0.17078376650807192	0.3654571329824309
56000	-6355.610810688781	-6083.277694005326	-272.3331166834552	-6083.277694005326	22.20904385570732	7.805381034248098	0.006124554221620852	3.5291949759352557	1.0	1.5440128207334738	4.515053532418485	-254.71769454609893	0.19916633334582848	0.26459276716366875	0.17078376650807192	0.3654571329824309
57000	-6325.910749663459	-6058.640335631606	-267.2704140318533	-6058.640335631606	19.964176084756968	7.2496527777549336	0.006910065567351826	3.530773412672993	1.0	1.4756572078254953	4.549677360801689	-250.21653307809643	0.19916633334582848	0.26459276716366875	0.14392388430151545	0.3923170151889874
58000	-6318.310501848935	-6049.48658488328	-268.82391696565566	-6049.48658488328	21.9494349704701	8.767497379649813	0.006769589363845406	3.530773412672993	1.0	1.4756572078254953	4.889450635875008	-250.02965621111585	0.19916633334582848	0.26459276716366875	0.14392388430151545	0.3923170151889874
59000	-6318.568117866944	-6046.351906546074	-272.2162113208692	-6046.351906546074	21.86476531936076	8.526024743441152	0.007014991187169896	3.530773412672993	1.0	3.178225207494052	4.066885889607599	-252.13451656794248	0.19916633334582848	0.2653967439460845	0.14311990751909973	0.3923170151889874
60000	-6308.601734374641	-6040.58749593864	-268.01423843600065	-6040.58749593864	24.440643243141555	8.693607122812326	0.006657130658941811	3.530773412672993	1.0	1.9568123680181635	4.411683978851571	-248.93993394500995	0.19916633334582848	0.2653967439460845	0.14311990751909973	0.3923170151889874
61000	-6325.915013341232	-6050.697561941344	-275.2174513998877	-6050.697561941344	21.53424056306112	8.22960374638044	0.006368474137975958	3.530773412672993	1.0	1.9568123680181635	4.217251086001447	-256.7459839814055	0.19916633334582848	0.2653967439460845	0.14311990751909973	0.3923170151889874
62000	-6316.286609615783	-6042.710328270179	-273.5762813456042	-6042.710328270179	23.600968325553687	8.611269908097304	0.0066373345796625375	3.530773412672993	1.0	1.9568123680181635	5.016913029062881	-254.4673032596261	0.20113526751811817	0.26342780977379476	0.14311990751909973	0.3923170151889874
63000	-6302.421073253331	-6028.193152700136	-274.2279205531951	-6028.193152700136	24.353431557632533	9.092064576628688	0.006217229965443058	3.530773412672993	1.0	1.9568123680181635	4.709250008636744	-254.71801593381005	0.20113526751811817	0.26342780977379476	0.11500249485035058	0.42043442785773655
64000	-6286.705463659423	-6018.129771097513	-268.57569256191	-6018.129771097513	23.0339169836255	8.418520868652209	0.006682839839557175	3.530773412672993	1.0	1.9568123680181635	5.114167835995434	-249.65379361923843	0.20113526751811817	0.258240092991152	0.11500249485035058	0.4256221446403793
65000	-6298.6416815364955	-6024.255886194051	-274.38579534244457	-6024.255886194051	22.2607119553645	9.541580952593417	0.00647635421674245	3.530773412672993	1.0	1.9568123680181635	4.979840914437741	-254.2861853749359	0.20113526751811817	0.258240092991152	0.11500249485035058	0.4256221446403793
66000	-6300.214153351164	-6026.001806700454	-274.2123466507097	-6026.001806700454	20.83059102699491	8.716872801472164	0.0067039074865361545	3.530773412672993	1.0	1.9568123680181635	4.843713841032153	-255.01193208575484	0.20113526751811817	0.258240092991152	0.11500249485035058	0.4256221446403793
67000	-6281.725576525431	-6005.145940221088	-276.5796363043435	-6005.145940221088	21.811825584532727	8.870641662393357	0.006400247241806641	3.530773412672993	1.0	1.9568123680181635	4.677869275523738	-257.2909798108789	0.17841674870204105	0.27514843585783205	0.1377210136664277	0.40871380177369926
68000	-6278.692420188736	-6000.525996691542	-278.16642349719416	-6000.525996691542	21.269291840781563	9.863265175019876	0.00625366957479222	3.530773412672993	1.0	1.9568123680181635	5.581359584835289	-257.6362896291507	0.17841674870204105	0.27514843585783205	0.1377210136664277	0.40871380177369926
69000	-6281.6256984062975	-6003.9826791277055	-277.64301927859236	-6003.9826791277055	23.34070502059482	8.076174033673889	0.0063634206474535325	2.4384883193695206	1.0	1.9568123680181635	5.3370809204723475	-259.4954670171658	0.17841674870204105	0.27514843585783205	0.1377210136664277	0.40871380177369926
70000	-6275.410118302526	-5999.475473436915	-275.9346448656107	-5999.475473436915	25.77107534518864	8.124261225907143	0.00588813439671312	3.279983895277786	1.0	1.9568123680181635	4.792351903840623	-257.6150588103683	0.17889945432695548	0.27514843585783205	0.1355899194693642	0.4103621903458483
71000	-6283.627891872742	-6004.797267294571	-278.8306245781718	-6004.797267294571	27.860610272536448	8.601590875377383	0.00569776931705408	2.5465689073369813	1.0	1.9568123680181635	4.656743752628014	-260.30694078740265	0.17889945432695548	0.27514843585783205	0.1355899194693642	0.4103621903458483
72000	-6260.397439967483	-5984.785724078313	-275.6117158891691	-5984.785724078313	26.353309542455705	9.324967008454221	0.00581418799549445	2.5465689073369813	1.0	1.9568123680181635	5.269890612773068	-256.14804769465655	0.15562649335194026	0.2976622762429048	0.1355899194693642	0.41112131093579074
73000	-6218.78742439356	-5944.678155964505	-274.10926842905474	-5944.678155964505	28.047765821180118	7.912438606918373	0.005722191043294123	2.5465689073369813	1.0	1.9568123680181635	4.713927108953048	-256.3334119644937	0.1469378546525222	0.30445497435396257	0.12879722135830643	0.4198099496352088
74000	-6207.492430942565	-5939.706507396594	-267.78592354597083	-5939.706507396594	26.979029411370078	8.331616973141038	0.006046725499941303	2.5465689073369813	1.0	3.010051922443284	4.173761061710946	-248.55767975571234	0.1469378546525222	0.30445497435396257	0.12879722135830643	0.4198099496352088
75000	-6207.519217563392	-5939.492125250677	-268.02709231271444	-5939.492125250677	29.704583664218504	8.331616973141038	0.006142582396628051	2.5465689073369813	1.0	3.010051922443284	4.581328604684825	-248.68993147181996	0.1469378546525222	0.30445497435396257	0.12879722135830643	0.4198099496352088
76000	-6203.868558489451	-5940.848628935183	-263.0199295542678	-5940.848628935183	27.633446196806027	7.609049580724671	0.006320164097269263	2.5465689073369813	1.0	3.010051922443284	4.011586854386186	-244.5912505984489	0.1469378546525222	0.30445497435396257	0.12879722135830643	0.4198099496352088
77000	-6204.309661379184	-5941.106884520216	-263.2027768589678	-5941.106884520216	25.125945384447597	8.21494098363437	0.00642508062746564	2.5465689073369813	1.0	2.3348217283940973	4.3274889675205594	-244.68219485447307	0.12966729961438528	0.30445497435396257	0.14606777639644336	0.4198099496352088
78000	-6208.021839365891	-5945.979700445532	-262.04213892035847	-5945.979700445532	24.936390238144188	8.553259973794885	0.006039415025088528	2.5465689073369813	1.0	2.3348217283940973	4.439098249173269	-243.18343017005495	0.12966729961438528	0.30445497435396257	0.14606777639644336	0.4198099496352088
79000	-6196.1979848788615	-5938.111437127357	-258.08654775150467	-5938.111437127357	22.6125668950345	8.885141671429006	0.0063285359822150946	2.5465689073369813	1.0	2.3348217283940973	3.8044150653476003	-238.96916810731997	0.12966729961438528	0.30445497435396257	0.14606777639644336	0.4198099496352088
80000	-6176.276867915062	-5926.147871951757	-250.12899596330473	-5926.147871951757	22.73343855267193	8.664038560721496	0.007029454823961865	2.5465689073369813	1.0	2.4813707620435985	3.71989727993959	-231.02610015068132	0.12000899886316241	0.30445497435396257	0.13865311112542886	0.43688291565744614
81000	-6176.627306074749	-5920.787850724189	-255.8394553505593	-5920.787850724189	22.216146021506272	8.39274557483336	0.006422970380371727	2.5465689073369813	1.0	2.4813707620435985	3.9578432729710737	-237.0648650628995	0.12000899886316241	0.30445497435396257	0.13865311112542886	0.43688291565744614
82000	-6178.108354323143	-5922.2401704030535	-255.86818392009027	-5922.2401704030535	20.843462849695822	8.4465085664529	0.006228022738087173	2.5465689073369813	1.0	2.4813707620435985	4.369204584710398	-236.9660646228365	0.12000899886316241	0.30445497435396257	0.13865311112542886	0.43688291565744614
83000	-6181.15926018032	-5924.814710909799	-256.34454927052167	-5924.814710909799	21.63119490936542	8.709263538176138	0.006348493098458482	2.1459979597192307	1.0	2.4813707620435985	3.846782015258912	-237.41488741403214	0.12000899886316241	0.30445497435396257	0.13865311112542886	0.43688291565744614
84000	-6178.270083370571	-5922.60351807198	-255.6665652985911	-5922.60351807198	22.18043193794866	8.99207337067208	0.005998606544032281	2.797088011998039	1.0	2.4813707620435985	3.5662466399789445	-236.31045993224987	0.12000899886316241	0.30445497435396257	0.13865311112542886	0.43688291565744614
85000	-6185.5614364401035	-5925.147564046768	-260.4138723933359	-5925.147564046768	21.005090056046104	9.175272853087725	0.006627085248568822	2.797088011998039	1.0	2.4813707620435985	3.626181132209735	-240.7399811829408	0.12000899886316241	0.30445497435396257	0.13865311112542886	0.43688291565744614
86000	-6186.3325544261215	-5931.298997921719	-255.03355650440272	-5931.298997921719	23.537552617640415	8.203894872615619	0.005994062666915786	2.8041756895960073	1.0	2.4813707620435985	4.083104343209835	-236.41102618309154	0.13543444189466147	0.30445497435396257	0.1232276680939298	0.43688291565744614
87000	-6190.893814995461	-5937.159011883914	-253.73480311154674	-5937.159011883914	23.65675998979795	7.817811066482818	0.005856924428488693	2.634784473240371	1.0	2.4813707620435985	3.5136536297627536	-235.77741440905058	0.13543444189466147	0.30445497435396257	0.1232276680939298	0.43688291565744614
88000	-6184.690873493344	-5930.655306393172	-254.03556710017205	-5930.655306393172	20.018908923769573	9.744332756239029	0.006454215463913794	2.634784473240371	1.0	2.4813707620435985	3.4992976671295994	-233.86027710853367	0.13543444189466147	0.30445497435396257	0.1232276680939298	0.43688291565744614
89000	-6184.7978424508265	-5929.53727027624	-255.26057217458634	-5929.53727027624	21.87907249260215	9.381142356594514	0.006876463234112123	2.4658221150902873	1.0	2.4813707620435985	4.049438776240487	-235.3367132501399	0.13543444189466147	0.30445497435396257	0.1232276680939298	0.43688291565744614
90000	-6196.496571003762	-5940.451077246692	-256.0454937570706	-5940.451077246692	22.314490610699927	7.928385383596576	0.006420245947852986	2.4658221150902873	1.0	2.4813707620435985	4.425156452504798	-237.70585239669595	0.13543444189466147	0.30445497435396257	0.1232276680939298	0.43688291565744614
91000	-6192.8706085637195	-5931.505491768472	-261.36511679524716	-5931.505491768472	23.034623978557423	9.720664468394052	0.006185519373417122	2.4658221150902873	1.0	2.4813707620435985	3.7445683499723286	-241.25406547125905	0.13353413968507633	0.3063552765635477	0.1232276680939298	0.43688291565744614
92000	-6185.019002608771	-5923.623924828553	-261.39507778021834	-5923.623924828553	23.98705661663726	8.40276264369518	0.006384964322401449	2.4658221150902873	1.0	2.4813707620435985	4.477224245393002	-242.52257976313487	0.13353413968507633	0.3063552765635477	0.1232276680939298	0.43688291565744614
93000	-6189.445250191239	-5927.497620812907	-261.9476293783322	-5927.497620812907	21.170756484463897	9.934872057495634	0.007077588722028758	2.4658221150902873	1.0	2.4813707620435985	4.338845384015199	-241.32051046806941	0.1004593877568506	0.2976849073131946	0.1232276680939298	0.478628036836025
94000	-6173.707084952765	-5918.588887508683	-255.11819744408234	-5918.588887508683	22.562462769286263	8.430508906073047	0.00650455718028926	2.4658221150902873	1.0	2.4174657191772555	3.9717608256216805	-236.38010106255436	0.1004593877568506	0.2976849073131946	0.1232276680939298	0.478628036836025
95000	-6175.7531769711295	-5910.415607861056	-265.3375691100734	-5910.415607861056	20.824994188968436	9.708467094983709	0.006294690176028882	2.4658221150902873	1.0	2.4174657191772555	5.351318381643689	-244.92919644678426	0.1004593877568506	0.2976849073131946	0.1232276680939298	0.478628036836025
96000	-6174.776593200827	-5920.63509760091	-254.1414955999175	-5920.63509760091	20.174003384359935	8.515381144578193	0.0065239765610836655	2.4658221150902873	1.0	2.4174657191772555	3.898666981916287	-235.3251010013127	0.1004593877568506	0.2976849073131946	0.1232276680939298	0.478628036836025
97000	-6179.040713168773	-5920.868285433087	-258.1724277356857	-5920.868285433087	19.759107309613537	9.401071703882762	0.006896097015563794	2.4658221150902873	1.0	2.314057037682782	3.681474696403074	-238.4864516200722	0.1004593877568506	0.2976849073131946	0.1232276680939298	0.478628036836025
98000	-6186.690089148305	-5927.514152412597	-259.175936735708	-5927.514152412597	20.596001940934233	8.737285118314851	0.007114147480067712	2.4658221150902873	1.0	2.1103123599901488	3.8940661503697855	-240.3360609509772	0.1004593877568506	0.2976849073131946	0.1232276680939298	0.478628036836025
99000	-6182.853041096703	-5921.73740177136	-261.11563932534364	-5921.73740177136	21.040541170361603	8.898327534325466	0.006871186744818288	2.4658221150902873	1.0	2.1103123599901488	4.094689332277651	-242.08286451303408	0.1004593877568506	0.2976849073131946	0.1232276680939298	0.478628036836025
100000	-6188.506732235747	-5931.387490749335	-257.11924148641276	-5931.387490749335	18.042847495678966	8.62344366914224	0.007124966390427344	2.4658221150902873	1.0	2.1103123599901488	4.690689362973083	-238.21736217300568	0.1004593877568506	0.30128666463496806	0.1232276680939298	0.4750262795142515
