#
#model:
#
#<?xml version="1.0" encoding="UTF-8" standalone="no"?><input id="posterior" spec="beast.core.util.CompoundDistribution">
#    <distribution id="prior" spec="beast.core.util.CompoundDistribution">
#        <distribution id="CoalescentConstant.t:1" spec="beast.evolution.tree.coalescent.Coalescent">
#            <populationModel id="ConstantPopulation.t:1" spec="beast.evolution.tree.coalescent.ConstantPopulation">
#                <parameter id="popSize.t:1" name="popSize" spec="beast.core.parameter.RealParameter">0.3</parameter>
#            </populationModel>
#            <treeIntervals id="TreeIntervals.t:1" spec="beast.evolution.tree.coalescent.TreeIntervals">
#                <tree id="Tree.t:1" spec="beast.evolution.tree.Tree">
#                    <trait id="dateTrait.t:1" spec="beast.evolution.tree.TraitSet" traitname="date" value="2_2000.1=2000.1,17_2001.6=2001.6,18_2001.7=2001.7,21_2002=2002,24_2002.3=2002.3,26_2002.5=2002.5,5_2000.4=2000.4,7_2000.6=2000.6,4_2000.3=2000.3,13_2001.2=2001.2,15_2001.4=2001.4,16_2001.5=2001.5,1_2000=2000,8_2000.7=2000.7,3_2000.2=2000.2,12_2001.1=2001.1,22_2002.1=2002.1,32_2003.1=2003.1,28_2002.7=2002.7,43_2004.2=2004.2,46_2004.5=2004.5,55_2005.4=2005.4,63_2006.2=2006.2,65_2006.4=2006.4,66_2006.5=2006.5,67_2006.6=2006.6,23_2002.2=2002.2,10_2000.9=2000.9,14_2001.3=2001.3,33_2003.2=2003.2,39_2003.8=2003.8,34_2003.3=2003.3,44_2004.3=2004.3,48_2004.7=2004.7,53_2005.2=2005.2,52_2005.1=2005.1,58_2005.7=2005.7,9_2000.8=2000.8,6_2000.5=2000.5,11_2001=2001,25_2002.4=2002.4,20_2001.9=2001.9,47_2004.6=2004.6,36_2003.5=2003.5,45_2004.4=2004.4,50_2004.9=2004.9,42_2004.1=2004.1,51_2005=2005,35_2003.4=2003.4,37_2003.6=2003.6,57_2005.6=2005.6,59_2005.8=2005.8,61_2006=2006,62_2006.1=2006.1,41_2004=2004,40_2003.9=2003.9,49_2004.8=2004.8,74_2007.3=2007.3,77_2007.6=2007.6,68_2006.7=2006.7,70_2006.9=2006.9,81_2008=2008,19_2001.8=2001.8,27_2002.6=2002.6,29_2002.8=2002.8,30_2002.9=2002.9,31_2003=2003,38_2003.7=2003.7,56_2005.5=2005.5,69_2006.8=2006.8,82_2008.1=2008.1,80_2007.9=2007.9,83_2008.2=2008.2,87_2008.6=2008.6,71_2007=2007,75_2007.4=2007.4,72_2007.1=2007.1,91_2009=2009,88_2008.7=2008.7,94_2009.3=2009.3,98_2009.7=2009.7,79_2007.8=2007.8,84_2008.3=2008.3,78_2007.7=2007.7,76_2007.5=2007.5,89_2008.8=2008.8,93_2009.2=2009.2,96_2009.5=2009.5,97_2009.6=2009.6,95_2009.4=2009.4,100_2009.9=2009.9,54_2005.3=2005.3,60_2005.9=2005.9,64_2006.3=2006.3,73_2007.2=2007.2,86_2008.5=2008.5,85_2008.4=2008.4,90_2008.9=2008.9,99_2009.8=2009.8,92_2009.1=2009.1,101_2010=2010">
#                        <taxa id="TaxonSet.1" spec="beast.evolution.alignment.TaxonSet">
#                        </taxa>
#                    </trait>
#                    <taxonset idref="TaxonSet.1"/>
#                </tree>
#            </treeIntervals>
#        </distribution>
#        <prior id="rateOmega.prior" name="distribution">
#            <parameter id="rateOmega" lower="0.1" name="x" spec="beast.core.parameter.RealParameter" upper="10.0">0.5</parameter>
#            <Gamma id="Gamma.0" name="distr">
#                <parameter estimate="false" id="rateOmega.alpha" name="alpha" spec="beast.core.parameter.RealParameter">0.1</parameter>
#                <parameter estimate="false" id="rateOmega.beta" name="beta" spec="beast.core.parameter.RealParameter">1.0</parameter>
#            </Gamma>
#        </prior>
#        <prior id="rateMean.prior" name="distribution">
#            <parameter id="rateMean" lower="1.0E-4" name="x" spec="beast.core.parameter.RealParameter" upper="10.0">0.005</parameter>
#            <Gamma id="Gamma.1" name="distr">
#                <parameter estimate="false" id="rateMean.alpha" name="alpha" spec="beast.core.parameter.RealParameter">0.005</parameter>
#                <parameter estimate="false" id="rateMean.beta" name="beta" spec="beast.core.parameter.RealParameter">1.0</parameter>
#            </Gamma>
#        </prior>
#        <prior id="FrequenciesPrior.s:1" name="distribution">
#            <parameter dimension="4" id="freqParameter.s:1" lower="0.0" name="x" spec="beast.core.parameter.RealParameter" upper="1.0">0.25</parameter>
#            <Uniform id="Uniform.3" name="distr"/>
#        </prior>
#        <prior id="GammaShapePrior.s:1" name="distribution">
#            <parameter id="gammaShape.s:1" name="x" spec="beast.core.parameter.RealParameter">1.0</parameter>
#            <Exponential id="Exponential.0" name="distr">
#                <parameter estimate="false" id="RealParameter.0" name="mean" spec="beast.core.parameter.RealParameter">1.0</parameter>
#            </Exponential>
#        </prior>
#        <prior id="KappaPrior.s:1" name="distribution">
#            <parameter id="kappa.s:1" lower="0.0" name="x" spec="beast.core.parameter.RealParameter">2.0</parameter>
#            <LogNormal id="LogNormalDistributionModel.0" name="distr">
#                <parameter estimate="false" id="RealParameter.1" name="M" spec="beast.core.parameter.RealParameter">1.0</parameter>
#                <parameter estimate="false" id="RealParameter.2" name="S" spec="beast.core.parameter.RealParameter">1.25</parameter>
#            </LogNormal>
#        </prior>
#        <prior id="PopSizePrior.t:1" name="distribution" x="@popSize.t:1">
#            <OneOnX id="OneOnX.1" name="distr"/>
#        </prior>
#    </distribution>
#    <distribution id="likelihood" spec="beast.core.util.CompoundDistribution" useThreads="true">
#        <distribution data="@1" id="treeLikelihood.1" spec="beast.evolution.likelihood.ThreadedTreeLikelihood" tree="@Tree.t:1">
#            <siteModel gammaCategoryCount="4" id="SiteModel.s:1" shape="@gammaShape.s:1" spec="beast.evolution.sitemodel.SiteModel">
#                <parameter id="mutationRate.s:1" name="mutationRate" spec="beast.core.parameter.RealParameter">1.0</parameter>
#                <parameter estimate="false" id="proportionInvariant.s:1" lower="0.0" name="proportionInvariant" spec="beast.core.parameter.RealParameter" upper="1.0">0.0</parameter>
#                <substModel id="hky.s:1" kappa="@kappa.s:1" spec="beast.evolution.substitutionmodel.HKY">
#                    <frequencies frequencies="@freqParameter.s:1" id="estimatedFreqs.s:1" spec="beast.evolution.substitutionmodel.Frequencies"/>
#                </substModel>
#            </siteModel>
#            <branchRateModel id="branchRates" numSites="1000" numberOfDiscreteRates="12" rateMean="@rateMean" rateOmega="@rateOmega" spec="beast.evolution.branchratemodel.ARClockModel" tree="@Tree.t:1">
#                <rateCategories dimension="200" id="rateCategories" spec="beast.core.parameter.IntegerParameter">1</rateCategories>
#            </branchRateModel>
#        </distribution>
#    </distribution>
#</input>
#
Sample	posterior	likelihood	prior	treeLikelihood	TreeHeight	rateOmega	rateMean	kappa	mutationRate	gammaShape	popSize	CoalescentConstant	freqParameter.1	freqParameter.2	freqParameter.3	freqParameter.4
0	-28470.46053006786	-28236.4273238975	-234.03320617036022	-28236.4273238975	10.751582664363609	0.5	0.005	2.0	1.0	1.0	0.3	-230.21431273121476	0.25	0.25	0.25	0.25
1000	-17491.061798997813	-17187.71688961036	-303.34490938745165	-17187.71688961036	12.571806719217445	0.6248283860580741	0.030563677818283893	3.9361561049888136	1.0	1.0	3.894615600428249	-294.1193683761413	0.25	0.25	0.25	0.25
2000	-15076.968783222886	-14774.165780700698	-302.8030025221894	-14774.165780700698	12.018460824758566	9.24436544400391	0.02962305629798929	3.9361561049888136	1.0	1.0	5.969934034119333	-282.1379639748313	0.25	0.25	0.25	0.25
3000	-13076.187960619225	-12765.287024128143	-310.9009364910808	-12765.287024128143	12.018460824758566	9.63015757319748	0.027882204128580806	3.9361561049888136	1.0	1.0	6.518579926122985	-289.7873906926024	0.25	0.25	0.25	0.25
4000	-11970.125309387166	-11656.743639564078	-313.3816698230868	-11656.743639564078	13.366366014869858	9.542277153821132	0.01961813050916254	3.9361561049888136	1.0	1.0	6.6688337536891735	-292.69950756786847	0.24458854336003202	0.25	0.25	0.25541145663996795
5000	-11141.297000626062	-10823.094998435263	-318.202002190799	-10823.094998435263	13.76296073856224	9.7055468717247	0.017110889874906797	3.9361561049888136	1.0	0.8557518595265975	7.448504390170979	-297.5135438374	0.24458854336003202	0.25	0.25	0.25541145663996795
6000	-10584.13762067657	-10264.080792389092	-320.0568282874792	-10264.080792389092	13.48031589755763	9.662203564865104	0.015905293262679265	3.9361561049888136	1.0	0.8557518595265975	8.052988344439967	-299.41161491485445	0.24458854336003202	0.25	0.25	0.25541145663996795
7000	-10356.269954163306	-10031.97161957443	-324.2983345888763	-10031.97161957443	13.956325975135847	9.991556124568618	0.014368747305339397	3.9361561049888136	1.0	0.5369337807097079	6.694879656978468	-303.89974522926684	0.24383326107445338	0.25075528228557864	0.25	0.25541145663996795
8000	-10027.777417488966	-9702.539588734342	-325.2378287546231	-9702.539588734342	14.308760210603943	9.991556124568618	0.014035045852513158	3.9361561049888136	1.0	0.5369337807097079	7.883839702117546	-304.6994815983019	0.24383326107445338	0.25075528228557864	0.25	0.25541145663996795
9000	-9492.192012003885	-9159.230235345654	-332.9617766582311	-9159.230235345654	14.414537669995303	9.942309023808672	0.011811938271968874	3.9361561049888136	1.0	0.5369337807097079	8.355142902313691	-312.5928689597229	0.24370373162186418	0.25075528228557864	0.24527750886102637	0.26026347723153076
10000	-8935.713948770324	-8613.062084935227	-322.6518638350972	-8613.062084935227	14.662985517887932	9.476192943561013	0.010279938478554069	3.9361561049888136	1.0	0.5369337807097079	8.28808523267981	-302.9400993714824	0.24455714770192	0.25075528228557864	0.24442409278097055	0.26026347723153076
11000	-8863.810698285786	-8539.170135107493	-324.6405631782923	-8539.170135107493	14.345316913305071	9.628026461295084	0.010184084096691599	3.9361561049888136	1.0	0.7288881929247241	7.177387321299391	-304.7240054313132	0.24455714770192	0.25075528228557864	0.23863510679852482	0.26605246321397646
12000	-8777.454787986644	-8457.799143668335	-319.6556443183097	-8457.799143668335	14.345316913305071	9.746094331819505	0.010380194639240548	3.9361561049888136	1.0	0.7288881929247241	6.992031476964228	-299.61703922203566	0.24455714770192	0.25075528228557864	0.23046453028324163	0.27422303972925965
13000	-8587.6469216701	-8264.68950399404	-322.9574176760615	-8264.68950399404	13.757601940967946	9.648875222627234	0.010174493915915999	3.9361561049888136	1.0	1.2863877781071649	8.294433832075878	-302.31686258105435	0.24455714770192	0.25386824785490053	0.22735156471391973	0.27422303972925965
14000	-8090.799221420017	-7764.188903050502	-326.61031836951514	-7764.188903050502	14.71763724693755	9.969881260105574	0.0099037046486476	3.9361561049888136	1.0	1.2863877781071649	9.217721974101439	-305.5408703927927	0.24347650482209596	0.2577455016065766	0.2245549538420677	0.27422303972925965
15000	-7852.101349261068	-7530.502932563486	-321.5984166975819	-7530.502932563486	14.71763724693755	9.374194554709684	0.009373637899939835	4.116461842167523	1.0	1.4239039395606765	7.427756317862617	-301.2577099123417	0.24347650482209596	0.2577455016065766	0.22004930587400748	0.2787286876973199
16000	-7807.4078290868465	-7483.277639997245	-324.13018908960123	-7483.277639997245	15.004035069011406	9.988786178540831	0.009769789684138242	4.116461842167523	1.0	1.4239039395606765	7.850349784780996	-303.0208213914202	0.24347650482209596	0.26369004480937724	0.21410476267120684	0.2787286876973199
17000	-7780.636069626416	-7454.122120220541	-326.51394940587625	-7454.122120220541	14.971742579194476	9.988786178540831	0.009367135192442274	4.116461842167523	1.0	1.4239039395606765	8.979460620345131	-305.3124798295946	0.24347650482209596	0.26369004480937724	0.21410476267120684	0.2787286876973199
18000	-7786.580723502788	-7451.048781891381	-335.5319416114075	-7451.048781891381	15.93415395791604	9.630355391834142	0.008334426264037012	4.116461842167523	1.0	1.4239039395606765	10.185902724873447	-314.71298788939185	0.24347650482209596	0.26369004480937724	0.21410476267120684	0.2787286876973199
19000	-7775.628927362918	-7436.838820528048	-338.79010683487013	-7436.838820528048	15.494771107368235	9.74810973519576	0.008148710138232386	4.116461842167523	1.0	1.077822773065318	10.625437704001314	-318.16890383886505	0.24347650482209596	0.26369004480937724	0.21410476267120684	0.2787286876973199
20000	-7753.054714064028	-7420.447729474959	-332.6069845890698	-7420.447729474959	15.150103856066458	9.373300750157235	0.008191424932479109	4.116461842167523	1.0	1.077822773065318	8.554851116464883	-312.60738547396795	0.23633932414271158	0.26369004480937724	0.21410476267120684	0.28586586837670425
21000	-7740.29994728183	-7410.187823227215	-330.1121240546153	-7410.187823227215	15.15764070812091	9.604633994373646	0.008639833158810182	4.116461842167523	1.0	1.077822773065318	7.806023677583933	-309.89737481215457	0.23633932414271158	0.26369004480937724	0.21238880166005203	0.2875818293878591
22000	-7731.714013163877	-7396.812434011212	-334.9015791526651	-7396.812434011212	14.764547494174854	9.914860271755062	0.008369168826526795	4.116461842167523	1.0	1.077822773065318	9.333193837927777	-314.2012521952821	0.23469226338393515	0.2566504201178583	0.21403586241882847	0.294621454079378
23000	-7721.899283045165	-7385.694685040605	-336.2045980045602	-7385.694685040605	14.74842889809836	9.807312671257206	0.00785420948542742	4.116461842167523	1.0	1.8658588662058668	8.395369703013673	-315.00319761781213	0.23469226338393515	0.2566504201178583	0.21403586241882847	0.294621454079378
24000	-7671.133172106869	-7340.854971176836	-330.27820093003226	-7340.854971176836	14.91449591763399	9.639633805323049	0.00858422021361758	4.116461842167523	1.0	1.8658588662058668	7.956680387855549	-309.22450685951037	0.23469226338393515	0.2566504201178583	0.21403586241882847	0.294621454079378
25000	-7677.2988854482555	-7354.224261631019	-323.0746238172369	-7354.224261631019	13.73280771470297	9.733754602711151	0.008066621208886597	4.116461842167523	1.0	1.8658588662058668	8.429582616004781	-301.9227262385725	0.23469226338393515	0.2566504201178583	0.21403586241882847	0.294621454079378
26000	-7649.410444024922	-7327.09404259133	-322.31640143359186	-7327.09404259133	14.100316389750573	9.936620267449067	0.00816472533116697	4.116461842167523	1.0	1.8658588662058668	7.575049138734435	-301.03783504793284	0.2342173617293084	0.2566504201178583	0.20686490144353806	0.3022673167092952
27000	-7652.370022901612	-7329.6888245608725	-322.68119834074	-7329.6888245608725	13.660157138467834	9.826735668934077	0.008742329851841193	4.116461842167523	1.0	1.5928075829145973	8.443602603780132	-301.6184372651323	0.2342173617293084	0.2566504201178583	0.20686490144353806	0.3022673167092952
28000	-7633.1987535335675	-7318.903127876165	-314.2956256574026	-7318.903127876165	13.660157138467834	9.58791798062769	0.008657260215123965	4.116461842167523	1.0	1.5928075829145973	6.263596522942451	-293.8022941313754	0.2342173617293084	0.2566504201178583	0.20686490144353806	0.3022673167092952
29000	-7634.895331401345	-7319.55434086132	-315.3409905400245	-7319.55434086132	13.973312038688663	9.799208217749843	0.008014870298682863	4.116461842167523	1.0	1.5928075829145973	7.464107927519757	-294.5187559426835	0.2342173617293084	0.2566504201178583	0.20686490144353806	0.3022673167092952
30000	-7636.201751767305	-7322.894999767954	-313.30675199935143	-7322.894999767954	13.973312038688663	9.863875348331035	0.008966666300776301	4.116461842167523	1.0	1.5928075829145973	7.495223361033033	-292.297164403001	0.22632699025136926	0.2566504201178583	0.2147552729214772	0.3022673167092952
31000	-7622.993560965555	-7313.3828823762	-309.6106785893552	-7313.3828823762	14.116961614886392	9.972313238144002	0.009134903080798699	4.116461842167523	1.0	1.5928075829145973	6.795754470729926	-288.5621169409668	0.22632699025136926	0.2566504201178583	0.2147552729214772	0.3022673167092952
32000	-7621.484280664426	-7312.283346397829	-309.2009342665973	-7312.283346397829	14.116961614886392	9.589930582151439	0.009291766927323503	4.116461842167523	1.0	1.5928075829145973	6.4967727340994585	-288.5978389472626	0.22632699025136926	0.2566504201178583	0.2147552729214772	0.3022673167092952
33000	-7621.387738908803	-7312.699047101383	-308.68869180742	-7312.699047101383	14.116961614886392	9.39056761263603	0.008812171410833819	4.116461842167523	1.0	1.5521344505403343	6.156724464160692	-288.4515098390671	0.22632699025136926	0.2566504201178583	0.2147552729214772	0.3022673167092952
34000	-7523.397925222516	-7220.799534648791	-302.59839057372477	-7220.799534648791	14.664261381373192	9.442917256928611	0.008854820163185185	4.116461842167523	1.0	1.5521344505403343	6.537353645564909	-282.2390215211009	0.22632699025136926	0.2566504201178583	0.2147552729214772	0.3022673167092952
35000	-7434.902392504732	-7133.435208522081	-301.4671839826515	-7133.435208522081	14.664261381373192	9.274303915164332	0.008854820163185185	4.116461842167523	1.0	1.3491047780097314	6.908291757980932	-281.4404836593561	0.22632699025136926	0.2566504201178583	0.2147552729214772	0.3022673167092952
36000	-7372.87669490037	-7075.855971528342	-297.02072337202827	-7075.855971528342	14.664261381373192	9.940306150410581	0.0096139663489338	4.116461842167523	1.0	1.3491047780097314	6.079464286580817	-276.31080860985725	0.22632699025136926	0.2566504201178583	0.2147552729214772	0.3022673167092952
37000	-7290.439863633949	-6990.768878941919	-299.67098469202995	-6990.768878941919	14.664261381373192	9.940306150410581	0.009316302040870984	4.116461842167523	1.0	1.3491047780097314	7.046310729001412	-278.84507383704016	0.22632699025136926	0.2566504201178583	0.2147552729214772	0.3022673167092952
38000	-7197.464082711129	-6904.252887270239	-293.2111954408906	-6904.252887270239	15.309928633825097	9.76242764854437	0.009014288383321141	4.116461842167523	1.0	1.3491047780097314	5.338771701582878	-272.8900147991612	0.22632699025136926	0.2566504201178583	0.2147552729214772	0.3022673167092952
39000	-7188.717435913251	-6897.768997079974	-290.9484388332771	-6897.768997079974	15.106406668246448	9.76242764854437	0.00883037460802778	4.116461842167523	1.0	1.6806629290152086	5.4390157048411085	-270.29779186552247	0.234018268824119	0.2566504201178583	0.20706399434872746	0.3022673167092952
40000	-7185.5793815627585	-6888.222388885269	-297.3569926774895	-6888.222388885269	15.669926310251288	9.521054291800928	0.008704763012943798	3.851882247577528	1.0	3.3053485750735634	6.387316993070442	-275.28189422678946	0.234018268824119	0.2566504201178583	0.20706399434872746	0.3022673167092952
41000	-7195.563178182524	-6895.970217097024	-299.59296108549967	-6895.970217097024	15.848049677312753	9.521054291800928	0.008973632046114411	3.851882247577528	1.0	3.3053485750735634	5.932308846821002	-277.5612265275256	0.22896199917433963	0.2566504201178583	0.21212026399850684	0.3022673167092952
42000	-7196.7365536238185	-6897.453770707538	-299.28278291628084	-6897.453770707538	15.242892928332102	9.508102517410144	0.008712151616217132	3.851882247577528	1.0	3.3053485750735634	5.57688413342905	-277.35669386681894	0.22896199917433963	0.2566504201178583	0.21212026399850684	0.3022673167092952
43000	-7197.313309616096	-6900.994314211248	-296.3189954048489	-6900.994314211248	15.9162113702851	9.734800850325934	0.008385212702252853	3.7830055013519543	1.0	1.5201137665863147	6.011828275250586	-275.91548630070434	0.22896199917433963	0.2566504201178583	0.21212026399850684	0.3022673167092952
44000	-7188.09939619655	-6887.206605022503	-300.89279117404664	-6887.206605022503	15.368744307327084	9.856052991569026	0.008897606655936816	3.7830055013519543	1.0	2.00870133691197	5.257057280984644	-279.94293071190083	0.22896199917433963	0.2566504201178583	0.21212026399850684	0.3022673167092952
45000	-7196.892908503014	-6893.720866513463	-303.1720419895511	-6893.720866513463	15.368744307327084	9.856052991569026	0.008898719931734682	3.7830055013519543	1.0	2.00870133691197	5.852752833697911	-282.11471522419635	0.22896199917433963	0.2566504201178583	0.21212026399850684	0.3022673167092952
46000	-7187.6508093675675	-6885.763621618835	-301.88718774873246	-6885.763621618835	15.860247935412595	9.713315430208912	0.009005149503905446	3.7830055013519543	1.0	2.00870133691197	6.81184973962774	-280.8220401375857	0.22896199917433963	0.2566504201178583	0.21212026399850684	0.3022673167092952
47000	-7190.737846860726	-6888.074087451303	-302.6637594094224	-6888.074087451303	16.25288359196731	9.713315430208912	0.008733382510692568	3.8727041929765034	1.0	2.00870133691197	6.494137248919799	-281.6485710285717	0.22896199917433963	0.2566504201178583	0.21212026399850684	0.3022673167092952
48000	-7201.257934742129	-6895.954301549942	-305.30363319218685	-6895.954301549942	15.561917029072946	9.570978334133594	0.00834432963922892	3.8727041929765034	1.0	2.00870133691197	6.639741415536147	-284.4676264420439	0.22896199917433963	0.2566504201178583	0.21212026399850684	0.3022673167092952
49000	-7204.35817519998	-6900.79052193191	-303.5676532680697	-6900.79052193191	14.894535963601824	9.70540821628728	0.008751114964450501	3.8727041929765034	1.0	2.00870133691197	6.60187103844774	-282.54261580714353	0.22896199917433963	0.2566504201178583	0.21212026399850684	0.3022673167092952
50000	-7207.268312388452	-6903.249009022865	-304.01930336558723	-6903.249009022865	14.989780817671464	9.876597147440236	0.009540497951942558	3.8727041929765034	1.0	2.00870133691197	5.415087974615651	-282.9187825421675	0.22896199917433963	0.2566504201178583	0.21212026399850684	0.3022673167092952
51000	-7200.569447196197	-6902.303180662411	-298.2662665337855	-6902.303180662411	14.432852017313405	9.746807416967389	0.009958923335351344	3.8727041929765034	1.0	3.520598411104295	6.485946852256239	-275.57196800674797	0.22896199917433963	0.2566504201178583	0.21212026399850684	0.3022673167092952
52000	-7187.87867088896	-6883.706796408439	-304.17187448052147	-6883.706796408439	15.558110152230842	9.55243312779233	0.00882268219976846	3.5639094327908682	1.0	3.520598411104295	7.176909579161032	-281.8102311353306	0.2184738645405332	0.26713855475166476	0.21212026399850684	0.3022673167092952
53000	-7122.621199570003	-6814.905794771817	-307.71540479818594	-6814.905794771817	15.901896939963764	9.804631380786766	0.009192632065530778	3.5639094327908682	1.0	3.520598411104295	6.197777171840044	-285.18354735420826	0.2184738645405332	0.26713855475166476	0.19953288115584017	0.3148546995519619
54000	-7101.099815761328	-6797.629513661942	-303.4703020993853	-6797.629513661942	16.009350997678435	9.437885916717912	0.009170694516036365	3.5639094327908682	1.0	3.520598411104295	5.543790146211032	-281.45341226098094	0.2184738645405332	0.26713855475166476	0.19953288115584017	0.3148546995519619
55000	-6945.9217282652935	-6644.107319711744	-301.81440855354936	-6644.107319711744	15.973266098126665	9.496064842214675	0.008967966670624562	3.5639094327908682	1.0	3.520598411104295	6.352814129607941	-279.6200343911286	0.2184738645405332	0.26713855475166476	0.19953288115584017	0.3148546995519619
56000	-6910.820262516953	-6609.842000225389	-300.97826229156425	-6609.842000225389	16.765738753711823	9.496064842214675	0.009259798669391885	3.5639094327908682	1.0	3.520598411104295	6.3872629036214885	-278.74632512537676	0.2184738645405332	0.26713855475166476	0.19953288115584017	0.3148546995519619
57000	-6885.371474635417	-6585.745968554143	-299.625506081275	-6585.745968554143	16.494099309528302	9.901213202125565	0.009935284644490472	3.6692560507273186	1.0	3.520598411104295	6.390672243380738	-276.8450992498295	0.20640234978571526	0.2792100695064827	0.19953288115584017	0.3148546995519619
58000	-6850.9779874398355	-6548.432596502982	-302.54539093685315	-6548.432596502982	15.61864178929974	9.901213202125565	0.009376715186560032	3.6692560507273186	1.0	3.520598411104295	5.9940577464905385	-279.88718724005804	0.20640234978571526	0.2792100695064827	0.19953288115584017	0.3148546995519619
59000	-6859.768483421596	-6555.101788900378	-304.666694521218	-6555.101788900378	15.61864178929974	9.750105169786295	0.009226800113553358	3.5409677389995613	1.0	3.520598411104295	7.164804122896204	-282.0532309475027	0.20640234978571526	0.2792100695064827	0.19953288115584017	0.3148546995519619
60000	-6846.621435234829	-6541.515499041718	-305.1059361931116	-6541.515499041718	16.791618049529454	9.901081916777965	0.008810491369210655	3.5409677389995613	1.0	3.4691871036512656	7.049403629467066	-282.44167006935794	0.20640234978571526	0.27332176043396955	0.19953288115584017	0.320743008624475
61000	-6834.58173631258	-6530.274938103233	-304.30679820934677	-6530.274938103233	16.235155382831422	9.901081916777965	0.00910731141895101	3.5409677389995613	1.0	2.511577566161927	6.801369631206467	-282.60269515697917	0.1988633300422897	0.2808607801773951	0.19953288115584017	0.320743008624475
62000	-6835.9311175409575	-6533.820993254083	-302.11012428687445	-6533.820993254083	15.28064300453897	9.965236158018909	0.008985178019284272	3.5409677389995613	1.0	2.511577566161927	5.73801072602647	-280.5196214977957	0.1988633300422897	0.2808607801773951	0.19953288115584017	0.320743008624475
63000	-6820.43269542392	-6523.002863715055	-297.429831708865	-6523.002863715055	15.758710603301713	9.965236158018909	0.008878175053673637	3.5409677389995613	1.0	3.1844963742615517	5.467335425546548	-275.22675873641145	0.21016692113622684	0.2808607801773951	0.18822929006190303	0.320743008624475
64000	-6833.760567630822	-6532.694184495312	-301.0663831355108	-6532.694184495312	15.381065968287455	9.965236158018909	0.009512243530045332	3.5409677389995613	1.0	3.1844963742615517	5.906811553247549	-278.7167224627986	0.1960981712109106	0.29219104777084276	0.18822929006190303	0.32348149095634354
65000	-6844.738454717548	-6539.6867555083045	-305.0516992092433	-6539.6867555083045	15.204009738495357	9.996578097002082	0.009218896523764343	3.276281631602627	1.0	3.1844963742615517	6.896060594299619	-282.6333934308771	0.2116840688031637	0.29219104777084276	0.17264339246964994	0.32348149095634354
66000	-6563.64998157552	-6263.404651010325	-300.24533056519425	-6263.404651010325	15.986338555819868	9.737200388016886	0.008377064723478154	3.276281631602627	1.0	3.1844963742615517	6.043301756886914	-278.33818339600884	0.2116840688031637	0.29219104777084276	0.17264339246964994	0.32348149095634354
67000	-6523.282554348303	-6218.356464457383	-304.92608989092105	-6218.356464457383	16.0242702284756	9.469870271398996	0.007551729509410434	3.276281631602627	1.0	4.084739813189749	7.10524188918022	-282.3532293956023	0.2116840688031637	0.29219104777084276	0.17264339246964994	0.32348149095634354
68000	-6524.491528047035	-6220.529154740842	-303.9623733061925	-6220.529154740842	15.888320881763901	9.911722750927009	0.007715946103661577	3.276281631602627	1.0	4.084739813189749	6.438937980436885	-280.9835176993916	0.2116840688031637	0.29219104777084276	0.17264339246964994	0.32348149095634354
69000	-6511.455877014907	-6209.639292600141	-301.81658441476566	-6209.639292600141	15.888320881763901	9.911722750927009	0.008300291897900554	3.276281631602627	1.0	6.399393527261971	6.09918272587184	-276.50406301717345	0.2107884757729101	0.29219104777084276	0.17264339246964994	0.32437708398659715
70000	-6492.865191771805	-6200.244367738785	-292.6208240330209	-6200.244367738785	16.367255931991775	9.182199993381033	0.008106389179140664	3.276281631602627	1.0	6.399393527261971	5.915364426563402	-268.16094713764943	0.2107884757729101	0.29219104777084276	0.17264339246964994	0.32437708398659715
71000	-6498.379452991505	-6204.3797800729935	-293.9996729185114	-6204.3797800729935	16.062142391223198	9.955332844958681	0.007635136962211984	3.276281631602627	1.0	6.399393527261971	6.3091277772098895	-268.68952490352757	0.21840961946940798	0.29219104777084276	0.16502224877315205	0.32437708398659715
72000	-6480.6723254470535	-6193.90183505517	-286.77049039188404	-6193.90183505517	16.269541684802327	9.86411536680425	0.008217717556121811	3.276281631602627	1.0	5.695279905798799	5.304734891126613	-262.3636089906083	0.21840961946940798	0.29219104777084276	0.16502224877315205	0.32437708398659715
73000	-6481.915073297541	-6193.6534259962145	-288.261647301327	-6193.6534259962145	15.70656751384886	9.86411536680425	0.00812227806217456	3.276281631602627	1.0	5.695279905798799	4.3828124798673205	-264.057393927356	0.20798010528198563	0.29219104777084276	0.1754517629605744	0.32437708398659715
74000	-6485.823344804372	-6197.49374670504	-288.32959809933124	-6197.49374670504	15.488566230930061	9.86411536680425	0.00815916999959865	2.5841559898106445	1.0	5.695279905798799	4.410603545475472	-264.36212393257074	0.20798010528198563	0.29219104777084276	0.1754517629605744	0.32437708398659715
75000	-6482.430149537799	-6192.6580648275685	-289.7720847102296	-6192.6580648275685	15.399880280487151	9.984243903384288	0.008340441277801411	2.5841559898106445	1.0	5.695279905798799	5.812315945270733	-265.3755750581897	0.20798010528198563	0.29219104777084276	0.1754517629605744	0.32437708398659715
76000	-6489.422242481981	-6200.394142344639	-289.02810013734273	-6200.394142344639	15.399880280487151	9.984243903384288	0.008362818059655169	2.5841559898106445	1.0	5.695279905798799	4.880309259109835	-264.80367268684955	0.20798010528198563	0.29219104777084276	0.1754517629605744	0.32437708398659715
77000	-6486.400531349076	-6196.926807517315	-289.47372383176133	-6196.926807517315	15.587469376485418	9.984243903384288	0.008784474932558812	3.5036872592449426	1.0	6.164757090422488	5.880743670174046	-264.21976553996154	0.19903498366592146	0.29219104777084276	0.18439688457663858	0.32437708398659715
78000	-6491.360555424116	-6206.89980178989	-284.4607536342256	-6206.89980178989	16.10139451592781	9.9537139550755	0.00881928457696904	3.5036872592449426	1.0	6.164757090422488	4.618697411650219	-259.47768220960666	0.19903498366592146	0.29219104777084276	0.18439688457663858	0.32437708398659715
79000	-6471.740776786727	-6182.95340998848	-288.78736679824647	-6182.95340998848	15.105799000913516	9.9537139550755	0.008800872963529426	3.5036872592449426	1.0	7.565345733786954	4.405115731098362	-262.4531507168367	0.19459886309465416	0.29219104777084276	0.1693437276607955	0.3438663614737075
80000	-6474.5139172125655	-6176.707472529701	-297.8064446828652	-6176.707472529701	15.728449496146089	9.932855477804475	0.008992985382002232	3.5036872592449426	1.0	8.113362007735846	6.773782644359847	-270.49498754355625	0.19854397090876286	0.29441304324298445	0.1653986198466868	0.34164436600156584
81000	-6481.9073392747	-6187.957615122422	-293.94972415227807	-6187.957615122422	15.003983538363226	9.932855477804475	0.008826743964114446	3.5036872592449426	1.0	8.113362007735846	4.50941819064464	-267.06389015907695	0.19854397090876286	0.29441304324298445	0.1653986198466868	0.34164436600156584
82000	-6468.600888976075	-6179.614650970949	-288.98623800512615	-6179.614650970949	14.71632852911741	8.628048162489664	0.008448361724422008	2.9477776071669535	1.0	8.113362007735846	4.786141458608447	-263.707652007825	0.19854397090876286	0.29441304324298445	0.1653986198466868	0.34164436600156584
83000	-6467.502116267854	-6176.6774807550555	-290.8246355127987	-6176.6774807550555	14.8135890801386	8.589694186803781	0.008392192259087014	2.9477776071669535	1.0	8.58149324612013	5.343171266595983	-265.0168806892683	0.19854397090876286	0.29441304324298445	0.1653986198466868	0.34164436600156584
84000	-6462.4598738300865	-6170.433352607234	-292.02652122285275	-6170.433352607234	14.8135890801386	9.88283329247113	0.008190320006084282	2.9477776071669535	1.0	8.58149324612013	4.559523504052766	-264.98244495995147	0.19854397090876286	0.29441304324298445	0.1653986198466868	0.34164436600156584
85000	-6466.1355747478665	-6174.882127541935	-291.25344720593176	-6174.882127541935	15.243336229858668	9.83328327618269	0.008163282573437293	2.9477776071669535	1.0	8.58149324612013	5.361151612868046	-264.10480110888625	0.19854397090876286	0.29441304324298445	0.1653986198466868	0.34164436600156584
86000	-6465.912786591295	-6173.19858437727	-292.7142022140249	-6173.19858437727	15.243336229858668	8.992926911987015	0.008223345994191576	2.9477776071669535	1.0	8.58149324612013	4.9754422630976585	-266.55362385894864	0.19854397090876286	0.29441304324298445	0.1653986198466868	0.34164436600156584
87000	-6483.663551357801	-6191.588429475231	-292.07512188257004	-6191.588429475231	15.243336229858668	9.45838060545222	0.007752110754063473	2.9477776071669535	1.0	8.58149324612013	6.066566417698044	-265.2645829782331	0.19854397090876286	0.29441304324298445	0.1653986198466868	0.34164436600156584
88000	-6469.115911369242	-6181.650772844513	-287.46513852472884	-6181.650772844513	15.120092431186155	9.570706986124234	0.007772095979451879	2.9477776071669535	1.0	8.58149324612013	4.681066686717748	-260.7883328775233	0.19854397090876286	0.29441304324298445	0.1653986198466868	0.34164436600156584
89000	-6431.784204281827	-6139.7683409099745	-292.01586337185284	-6139.7683409099745	14.802003589626072	9.429785119945107	0.007503906373029033	2.9477776071669535	1.0	8.58149324612013	4.530786227793159	-265.56116926127197	0.18209657012413533	0.310860444027612	0.1653986198466868	0.34164436600156584
90000	-6424.700614974634	-6138.166631219098	-286.5339837555358	-6138.166631219098	15.041205745142783	9.778606561465406	0.00783877464429399	2.9477776071669535	1.0	4.083980060564086	4.818873583606235	-264.0898699854487	0.18209657012413533	0.310860444027612	0.1653986198466868	0.34164436600156584
91000	-6453.622150280063	-6165.109449877706	-288.51270040235715	-6165.109449877706	15.878056070126686	9.900934138772312	0.007936215479779216	2.9477776071669535	1.0	4.083980060564086	5.252838236755925	-265.83645214327044	0.18209657012413533	0.310860444027612	0.1653986198466868	0.34164436600156584
92000	-6429.861686862994	-6138.305392209706	-291.55629465328775	-6138.305392209706	16.24438592970807	9.900934138772312	0.0072666618643101154	2.9477776071669535	1.0	4.083980060564086	5.579072103381842	-268.9081608260596	0.16461717649949564	0.310860444027612	0.1653986198466868	0.3591237596262055
93000	-6415.412657173639	-6120.767895954658	-294.64476121898036	-6120.767895954658	15.783435367141418	9.72933602260186	0.0072662354714824705	2.9477776071669535	1.0	4.083980060564086	5.4701828630089	-272.2037298582451	0.16461717649949564	0.310860444027612	0.1653986198466868	0.3591237596262055
94000	-6415.437838799532	-6116.070972516984	-299.3668662825483	-6116.070972516984	14.88753029407492	9.892388969310778	0.007296130477056461	2.9477776071669535	1.0	4.083980060564086	4.993950543612394	-276.8347935559061	0.16461717649949564	0.310860444027612	0.1653986198466868	0.3591237596262055
95000	-6417.054243354955	-6117.3104011603555	-299.7438421945998	-6117.3104011603555	14.655008389806282	9.892388969310778	0.007413482970059771	2.703583414046739	1.0	5.001071303832738	5.661866405416236	-276.2417243558806	0.16461717649949564	0.310860444027612	0.1653986198466868	0.3591237596262055
96000	-6424.303001246181	-6117.596311603162	-306.70668964302	-6117.596311603162	14.588064679701603	9.174006877955774	0.006804010629120795	2.703583414046739	1.0	6.528305518123853	5.246767536091884	-282.62568212569647	0.16461717649949564	0.310860444027612	0.1653986198466868	0.3591237596262055
97000	-6409.978855159675	-6100.012446301836	-309.96640885783904	-6100.012446301836	14.194855980208882	8.881000347238443	0.007224330582613063	2.703583414046739	1.0	6.528305518123853	4.870329788844276	-286.222009398405	0.18259401193561772	0.310860444027612	0.13847367149349554	0.36807187254327467
98000	-6395.113597499115	-6096.335652632849	-298.7779448662657	-6096.335652632849	16.18911961042953	8.881000347238443	0.00755708197188073	2.703583414046739	1.0	6.528305518123853	5.585355995956432	-274.85142073319696	0.18259401193561772	0.30431328251272605	0.13847367149349554	0.3746190340581606
99000	-6376.928444782353	-6077.758845450612	-299.1695993317408	-6077.758845450612	14.917161899417813	9.960332306191408	0.007197347351501114	2.7169540019601386	1.0	6.528305518123853	5.80362465486931	-274.06614662293026	0.18259401193561772	0.2921501054777444	0.13847367149349554	0.38678221109314226
100000	-6381.872784578488	-6081.157321669689	-300.7154629087989	-6081.157321669689	14.72593376974809	9.960332306191408	0.007154003887886497	2.7169540019601386	1.0	6.528305518123853	6.0739263696422725	-275.5725411106635	0.17737081976964636	0.29422305629893025	0.13847367149349554	0.38993245243792773
