#
#model:
#
#<?xml version="1.0" encoding="UTF-8" standalone="no"?><input id="posterior" spec="beast.core.util.CompoundDistribution">
#    <distribution id="prior" spec="beast.core.util.CompoundDistribution">
#        <distribution id="CoalescentConstant.t:1" spec="beast.evolution.tree.coalescent.Coalescent">
#            <populationModel id="ConstantPopulation.t:1" spec="beast.evolution.tree.coalescent.ConstantPopulation">
#                <parameter id="popSize.t:1" name="popSize" spec="beast.core.parameter.RealParameter">0.3</parameter>
#            </populationModel>
#            <treeIntervals id="TreeIntervals.t:1" spec="beast.evolution.tree.coalescent.TreeIntervals">
#                <tree id="Tree.t:1" spec="beast.evolution.tree.Tree">
#                    <trait id="dateTrait.t:1" spec="beast.evolution.tree.TraitSet" traitname="date" value="2_2000.1=2000.1,17_2001.6=2001.6,18_2001.7=2001.7,21_2002=2002,24_2002.3=2002.3,26_2002.5=2002.5,5_2000.4=2000.4,7_2000.6=2000.6,4_2000.3=2000.3,13_2001.2=2001.2,15_2001.4=2001.4,16_2001.5=2001.5,1_2000=2000,8_2000.7=2000.7,3_2000.2=2000.2,12_2001.1=2001.1,22_2002.1=2002.1,32_2003.1=2003.1,28_2002.7=2002.7,43_2004.2=2004.2,46_2004.5=2004.5,55_2005.4=2005.4,63_2006.2=2006.2,65_2006.4=2006.4,66_2006.5=2006.5,67_2006.6=2006.6,23_2002.2=2002.2,10_2000.9=2000.9,14_2001.3=2001.3,33_2003.2=2003.2,39_2003.8=2003.8,34_2003.3=2003.3,44_2004.3=2004.3,48_2004.7=2004.7,53_2005.2=2005.2,52_2005.1=2005.1,58_2005.7=2005.7,9_2000.8=2000.8,6_2000.5=2000.5,11_2001=2001,25_2002.4=2002.4,20_2001.9=2001.9,47_2004.6=2004.6,36_2003.5=2003.5,45_2004.4=2004.4,50_2004.9=2004.9,42_2004.1=2004.1,51_2005=2005,35_2003.4=2003.4,37_2003.6=2003.6,57_2005.6=2005.6,59_2005.8=2005.8,61_2006=2006,62_2006.1=2006.1,41_2004=2004,40_2003.9=2003.9,49_2004.8=2004.8,74_2007.3=2007.3,77_2007.6=2007.6,68_2006.7=2006.7,70_2006.9=2006.9,81_2008=2008,19_2001.8=2001.8,27_2002.6=2002.6,29_2002.8=2002.8,30_2002.9=2002.9,31_2003=2003,38_2003.7=2003.7,56_2005.5=2005.5,69_2006.8=2006.8,82_2008.1=2008.1,80_2007.9=2007.9,83_2008.2=2008.2,87_2008.6=2008.6,71_2007=2007,75_2007.4=2007.4,72_2007.1=2007.1,91_2009=2009,88_2008.7=2008.7,94_2009.3=2009.3,98_2009.7=2009.7,79_2007.8=2007.8,84_2008.3=2008.3,78_2007.7=2007.7,76_2007.5=2007.5,89_2008.8=2008.8,93_2009.2=2009.2,96_2009.5=2009.5,97_2009.6=2009.6,95_2009.4=2009.4,100_2009.9=2009.9,54_2005.3=2005.3,60_2005.9=2005.9,64_2006.3=2006.3,73_2007.2=2007.2,86_2008.5=2008.5,85_2008.4=2008.4,90_2008.9=2008.9,99_2009.8=2009.8,92_2009.1=2009.1,101_2010=2010">
#                        <taxa id="TaxonSet.1" spec="beast.evolution.alignment.TaxonSet">
#                        </taxa>
#                    </trait>
#                    <taxonset idref="TaxonSet.1"/>
#                </tree>
#            </treeIntervals>
#        </distribution>
#        <prior id="rateOmega.prior" name="distribution">
#            <parameter id="rateOmega" lower="0.1" name="x" spec="beast.core.parameter.RealParameter" upper="10.0">0.5</parameter>
#            <Gamma id="Gamma.0" name="distr">
#                <parameter estimate="false" id="rateOmega.alpha" name="alpha" spec="beast.core.parameter.RealParameter">0.1</parameter>
#                <parameter estimate="false" id="rateOmega.beta" name="beta" spec="beast.core.parameter.RealParameter">1.0</parameter>
#            </Gamma>
#        </prior>
#        <prior id="rateMean.prior" name="distribution">
#            <parameter id="rateMean" lower="1.0E-4" name="x" spec="beast.core.parameter.RealParameter" upper="10.0">0.005</parameter>
#            <Gamma id="Gamma.1" name="distr">
#                <parameter estimate="false" id="rateMean.alpha" name="alpha" spec="beast.core.parameter.RealParameter">0.005</parameter>
#                <parameter estimate="false" id="rateMean.beta" name="beta" spec="beast.core.parameter.RealParameter">1.0</parameter>
#            </Gamma>
#        </prior>
#        <prior id="FrequenciesPrior.s:1" name="distribution">
#            <parameter dimension="4" id="freqParameter.s:1" lower="0.0" name="x" spec="beast.core.parameter.RealParameter" upper="1.0">0.25</parameter>
#            <Uniform id="Uniform.3" name="distr"/>
#        </prior>
#        <prior id="GammaShapePrior.s:1" name="distribution">
#            <parameter id="gammaShape.s:1" name="x" spec="beast.core.parameter.RealParameter">1.0</parameter>
#            <Exponential id="Exponential.0" name="distr">
#                <parameter estimate="false" id="RealParameter.0" name="mean" spec="beast.core.parameter.RealParameter">1.0</parameter>
#            </Exponential>
#        </prior>
#        <prior id="KappaPrior.s:1" name="distribution">
#            <parameter id="kappa.s:1" lower="0.0" name="x" spec="beast.core.parameter.RealParameter">2.0</parameter>
#            <LogNormal id="LogNormalDistributionModel.0" name="distr">
#                <parameter estimate="false" id="RealParameter.1" name="M" spec="beast.core.parameter.RealParameter">1.0</parameter>
#                <parameter estimate="false" id="RealParameter.2" name="S" spec="beast.core.parameter.RealParameter">1.25</parameter>
#            </LogNormal>
#        </prior>
#        <prior id="PopSizePrior.t:1" name="distribution" x="@popSize.t:1">
#            <OneOnX id="OneOnX.1" name="distr"/>
#        </prior>
#    </distribution>
#    <distribution id="likelihood" spec="beast.core.util.CompoundDistribution" useThreads="true">
#        <distribution data="@1" id="treeLikelihood.1" spec="beast.evolution.likelihood.ThreadedTreeLikelihood" tree="@Tree.t:1">
#            <siteModel gammaCategoryCount="4" id="SiteModel.s:1" shape="@gammaShape.s:1" spec="beast.evolution.sitemodel.SiteModel">
#                <parameter id="mutationRate.s:1" name="mutationRate" spec="beast.core.parameter.RealParameter">1.0</parameter>
#                <parameter estimate="false" id="proportionInvariant.s:1" lower="0.0" name="proportionInvariant" spec="beast.core.parameter.RealParameter" upper="1.0">0.0</parameter>
#                <substModel id="hky.s:1" kappa="@kappa.s:1" spec="beast.evolution.substitutionmodel.HKY">
#                    <frequencies frequencies="@freqParameter.s:1" id="estimatedFreqs.s:1" spec="beast.evolution.substitutionmodel.Frequencies"/>
#                </substModel>
#            </siteModel>
#            <branchRateModel id="branchRates" numSites="1000" numberOfDiscreteRates="12" rateMean="@rateMean" rateOmega="@rateOmega" spec="beast.evolution.branchratemodel.ARClockModel" tree="@Tree.t:1">
#                <rateCategories dimension="200" id="rateCategories" spec="beast.core.parameter.IntegerParameter">1</rateCategories>
#            </branchRateModel>
#        </distribution>
#    </distribution>
#</input>
#
Sample	posterior	likelihood	prior	treeLikelihood	TreeHeight	rateOmega	rateMean	kappa	mutationRate	gammaShape	popSize	CoalescentConstant	freqParameter.1	freqParameter.2	freqParameter.3	freqParameter.4
0	-18206.275802430933	-17972.242596260574	-234.03320617036022	-17972.242596260574	10.751582664363609	0.5	0.005	2.0	1.0	1.0	0.3	-230.21431273121476	0.25	0.25	0.25	0.25
1000	-12308.260342474745	-11876.904846444422	-431.3554960303221	-11876.904846444422	14.75211933101376	1.4427110971612571	0.020063998512964167	3.9361561049888136	1.0	1.0	1.1395438734278192	-422.21719761871884	0.25	0.25	0.25	0.25
2000	-11291.58324117001	-11022.818642269487	-268.764598900524	-11022.818642269487	13.14946475235656	8.564180918696486	0.02068989732534279	3.9361561049888136	1.0	1.0	4.727883242491964	-249.4478324067987	0.24781943583948512	0.25	0.2521805641605149	0.25
3000	-10722.89664035647	-10456.178693190197	-266.7179471662722	-10456.178693190197	13.626717798635067	6.698290117099987	0.021314779553553535	3.9361561049888136	1.0	1.0	4.31256051099187	-249.54994854799423	0.24781943583948512	0.25	0.2521805641605149	0.25
4000	-10240.621334183314	-9955.382647773615	-285.23868640969846	-9955.382647773615	13.626717798635067	8.660296002286543	0.018440704767456094	3.9361561049888136	1.0	1.0	5.261295754243815	-265.82561957341954	0.24781943583948512	0.25	0.24709346715071118	0.2550870970098037
5000	-9948.768139554535	-9665.450708944265	-283.3174306102701	-9665.450708944265	13.956372396760242	9.519112446079218	0.017821079619914682	4.204403187027982	1.0	0.8557518595265975	4.481171122330254	-263.2168792087284	0.24781943583948512	0.25	0.24454954098869452	0.25763102317182035
6000	-9713.080918159241	-9433.724466093705	-279.3564520655355	-9433.724466093705	14.003974985799363	9.961808274646511	0.018259575689557488	4.204403187027982	1.0	0.8557518595265975	5.110212196603889	-258.61631244379487	0.24781943583948512	0.25	0.24454954098869452	0.25763102317182035
7000	-9661.427106175623	-9385.077116700431	-276.3499894751921	-9385.077116700431	13.670876129407896	9.987516487904436	0.018457119391564226	4.204403187027982	1.0	0.8557518595265975	4.7070004069624085	-255.65310782835866	0.24781943583948512	0.25	0.24454954098869452	0.25763102317182035
8000	-9318.204913704578	-9024.362045413063	-293.8428682915145	-9024.362045413063	14.945731915515331	9.821358936561216	0.01608190278390899	4.204403187027982	1.0	0.8557518595265975	5.982265714460805	-273.22693650535064	0.24781943583948512	0.25	0.24454954098869452	0.25763102317182035
9000	-9197.983230822243	-8897.79584836382	-300.187382458424	-8897.79584836382	15.948106256864897	8.592107587156287	0.013587279615857713	4.204403187027982	1.0	0.8557518595265975	5.618862535882756	-281.1539284231034	0.24747865398337734	0.25	0.2447607933922131	0.25776055262440956
10000	-8949.35383103727	-8643.245856872449	-306.107974164821	-8643.245856872449	17.813668191127224	8.1505174263589	0.012822228159649477	4.204403187027982	1.0	0.8557518595265975	4.9912562245917895	-287.7404673685639	0.24833207006343316	0.25	0.24390737731215728	0.25776055262440956
11000	-8858.775486762741	-8553.560135501832	-305.2153512609084	-8553.560135501832	17.092444455545568	8.604860062726235	0.011215344364596973	4.204403187027982	1.0	0.8557518595265975	7.019771413468213	-286.1384723843288	0.24437070948651787	0.25	0.24786873788907257	0.25776055262440956
12000	-8803.96716778724	-8497.411586630944	-306.55558115629447	-8497.411586630944	17.092444455545568	9.49863707361799	0.01237008852498293	4.204403187027982	1.0	0.8557518595265975	5.878173501486492	-286.5748075784373	0.2468388155425243	0.25	0.24540063183306615	0.25776055262440956
13000	-8534.219314419524	-8230.447039860144	-303.77227455937964	-8230.447039860144	17.092444455545568	8.897425877595493	0.010941952511758715	4.204403187027982	1.0	0.8557518595265975	6.3744300482162295	-284.49400310034173	0.2468388155425243	0.25	0.24540063183306615	0.25776055262440956
14000	-8444.773917652317	-8145.074576884117	-299.6993407682011	-8145.074576884117	17.51946846568794	6.971198075100648	0.01073590042808484	4.204403187027982	1.0	0.8557518595265975	6.982063811034262	-282.49494661053245	0.2468388155425243	0.25	0.24540063183306615	0.25776055262440956
15000	-8397.677439565461	-8095.109124998232	-302.56831456723006	-8095.109124998232	16.627996479739	5.760522019791532	0.010519938989096462	4.204403187027982	1.0	0.8557518595265975	5.8705526862218305	-286.9401105849617	0.2468388155425243	0.25	0.24089498386500593	0.2622662005924698
16000	-8301.46933677013	-7997.527092906476	-303.9422438636537	-7997.527092906476	16.627996479739	6.713737862814712	0.010311545869806345	4.204403187027982	1.0	0.8557518595265975	5.891238590692551	-287.2396081140227	0.2468388155425243	0.25	0.24089498386500593	0.2622662005924698
17000	-8271.643459568211	-7966.3631667728405	-305.28029279537026	-7966.3631667728405	16.627996479739	6.83689030202359	0.010532274895832083	4.204403187027982	1.0	1.0313501697104488	7.0185549452458655	-288.06616083961205	0.2468388155425243	0.25	0.24089498386500593	0.2622662005924698
18000	-8125.934248325971	-7817.629441692696	-308.3048066332746	-7817.629441692696	16.99668355173965	7.977809936988421	0.01094421207227058	4.204403187027982	1.0	1.0313501697104488	7.326612611487173	-289.72931476501606	0.2468388155425243	0.25	0.24089498386500593	0.2622662005924698
19000	-8065.968006124574	-7753.542411122968	-312.4255950016057	-7753.542411122968	16.70878654487578	9.544245648879167	0.01033401508884455	4.204403187027982	1.0	0.8985841222636752	8.134081495936934	-292.20823007721026	0.2468388155425243	0.25	0.24089498386500593	0.2622662005924698
20000	-8012.404981095525	-7699.72887605993	-312.67610503559433	-7699.72887605993	16.828092410201062	9.268521734017341	0.009711280246281479	4.472267756742276	1.0	1.1963699108192014	7.217368921132468	-292.5648747954823	0.23774023674765915	0.25	0.2428563819804867	0.26940338127185415
21000	-7977.651430336597	-7664.342952347502	-313.30847798909406	-7664.342952347502	16.836536869969432	9.333101894643805	0.009899142681940311	4.472267756742276	1.0	1.143608468868258	7.135909835855446	-293.1712784727459	0.23774023674765915	0.25	0.2411404209693319	0.271119342283009
22000	-7763.11985599871	-7453.509286557528	-309.6105694411821	-7453.509286557528	17.865138593031922	7.465004257050753	0.009428834436857917	4.472267756742276	1.0	1.143608468868258	8.165118508101964	-291.4566459607946	0.23774023674765915	0.25	0.2411404209693319	0.271119342283009
23000	-7611.588115559542	-7300.07421992882	-311.51389563072206	-7300.07421992882	18.86746796947488	6.351209846830033	0.008651470985278874	4.472267756742276	1.0	1.143608468868258	5.676525302454168	-295.0691113821527	0.23774023674765915	0.25	0.2411404209693319	0.271119342283009
24000	-7507.397895703264	-7196.7905086691235	-310.60738703414023	-7196.7905086691235	21.45675868851627	6.961716272542624	0.007966045709586766	4.472267756742276	1.0	1.143608468868258	6.2251365790398445	-293.46005149798043	0.23774023674765915	0.25	0.2411404209693319	0.271119342283009
25000	-7388.332727416344	-7072.334780355582	-315.9979470607624	-7072.334780355582	23.358997478083193	9.340950185660517	0.008251071906705938	4.472267756742276	1.0	1.1797519447324176	6.954845627624616	-296.02454298936016	0.23774023674765915	0.25	0.2411404209693319	0.271119342283009
26000	-7361.002465552785	-7037.8949977404955	-323.10746781228954	-7037.8949977404955	22.935058456218364	8.69572468476073	0.008140489212044522	4.472267756742276	1.0	1.1797519447324176	8.579160992405287	-303.6473465508621	0.23774023674765915	0.25	0.2411404209693319	0.271119342283009
27000	-7341.78412166614	-7017.78576856659	-323.99835309954926	-7017.78576856659	23.595634328128195	9.6326406371556	0.007834005767384898	3.8321759682488876	1.0	1.1797519447324176	8.083285848242996	-303.8032992409463	0.23774023674765915	0.25	0.2411404209693319	0.271119342283009
28000	-7347.318746613665	-7021.763666284518	-325.5550803291473	-7021.763666284518	22.062340440116646	9.229879831631797	0.008139679299906492	3.8321759682488876	1.0	1.1797519447324176	7.095026315556553	-305.8932408431789	0.23774023674765915	0.25	0.2411404209693319	0.271119342283009
29000	-7323.53258189971	-6989.196347461439	-334.33623443827133	-6989.196347461439	20.582254744112948	9.76756450210946	0.007620454058311461	3.8321759682488876	1.0	1.1797519447324176	9.496192926982856	-313.8603587940666	0.23473872242081606	0.2530015143268431	0.23460080703103317	0.2776589562213077
30000	-7294.674584353809	-6961.596664353255	-333.0779200005549	-6961.596664353255	21.664342630608836	9.008071987432889	0.007382553327814164	3.8321759682488876	1.0	1.1797519447324176	8.599209468349665	-313.56540476418064	0.23473872242081606	0.2530015143268431	0.23460080703103317	0.2776589562213077
31000	-7240.3418719956035	-6903.048272910372	-337.2935990852315	-6903.048272910372	20.71656496932597	9.490638375433736	0.007368549790044034	3.8321759682488876	1.0	1.2926173203802194	8.601497599793163	-317.1403228538819	0.23473872242081606	0.2530015143268431	0.23460080703103317	0.2776589562213077
32000	-7201.917743765865	-6868.707317522593	-333.21042624327225	-6868.707317522593	21.14425886305185	9.875044763034255	0.006993668407457382	3.8321759682488876	1.0	1.2926173203802194	8.36142122688915	-312.717646558645	0.23473872242081606	0.2530015143268431	0.23460080703103317	0.2776589562213077
33000	-7133.74511207248	-6803.4508009774945	-330.29431109498574	-6803.4508009774945	22.331490069500404	9.947580166677435	0.006536270203368489	4.011564414643317	1.0	2.3102102720333484	7.507181673695885	-308.8238688205704	0.23473872242081606	0.2530015143268431	0.23460080703103317	0.2776589562213077
34000	-7105.891870086514	-6775.662038706323	-330.2298313801907	-6775.662038706323	21.379395142458495	9.468803498555072	0.006718408743383715	3.765151223116298	1.0	2.3102102720333484	8.255117767684352	-309.2379543165268	0.23473872242081606	0.2530015143268431	0.23460080703103317	0.2776589562213077
35000	-6982.048434828948	-6653.0159428921015	-329.0324919368466	-6653.0159428921015	22.88793213236284	8.824077424574572	0.006930107992867078	3.765151223116298	1.0	2.008019160403501	8.11527104130124	-309.0370038056307	0.23473872242081606	0.2530015143268431	0.23460080703103317	0.2776589562213077
36000	-6976.4943547601215	-6649.715928323125	-326.7784264369965	-6649.715928323125	23.97972510660884	7.990726473896287	0.0067649758363804375	3.765151223116298	1.0	2.008019160403501	7.886447442871531	-307.758334479427	0.23473872242081606	0.25831531981123157	0.2292870015466447	0.2776589562213077
37000	-6909.993675985894	-6591.585079815416	-318.4085961704777	-6591.585079815416	24.27860273486575	7.983338131054348	0.0067649758363804375	3.765151223116298	1.0	2.008019160403501	7.940579741809046	-299.38988457869124	0.23473872242081606	0.25831531981123157	0.2292870015466447	0.2776589562213077
38000	-6806.15630157858	-6488.878563471333	-317.2777381072469	-6488.878563471333	24.78912895594037	8.615354961824028	0.006069646794851014	3.765151223116298	1.0	2.008019160403501	6.4784340722978575	-297.870557967511	0.23473872242081606	0.25831531981123157	0.2292870015466447	0.2776589562213077
39000	-6768.639139956401	-6448.6439499456865	-319.9951900107142	-6448.6439499456865	25.44980225990592	9.74921433952395	0.006060773332618275	3.765151223116298	1.0	2.50151316536073	6.735132085801703	-298.8119858946293	0.2391836913740321	0.26342633259007603	0.21973101981458423	0.2776589562213077
40000	-6749.466254706525	-6431.246478511646	-318.219776194879	-6431.246478511646	26.803416656986887	9.589576146963985	0.005708689597263047	3.765151223116298	1.0	2.50151316536073	8.055142962295614	-297.0919966818322	0.2391836913740321	0.26342633259007603	0.21973101981458423	0.2776589562213077
41000	-6708.180781048877	-6387.564364697068	-320.6164163518086	-6387.564364697068	28.259625345499533	8.841324072516839	0.0056915467559468975	4.198578597625925	1.0	2.50151316536073	9.364457121812546	-300.0269286902112	0.2391836913740321	0.25161462866213313	0.21973101981458423	0.2894706601492506
42000	-6700.954641572823	-6372.853216779984	-328.1014247928387	-6372.853216779984	27.586341362990368	9.706374588923017	0.005980466450245738	4.198578597625925	1.0	5.514186114752726	8.162272330558109	-303.63804299703577	0.2391836913740321	0.25161462866213313	0.21973101981458423	0.2894706601492506
43000	-6693.7207991787345	-6367.581977296491	-326.13882188224403	-6367.581977296491	25.00281130057596	9.572397969963504	0.005874493760727398	4.198578597625925	1.0	5.514186114752726	7.92687831402096	-301.86908445089506	0.2391836913740321	0.25161462866213313	0.21973101981458423	0.2894706601492506
44000	-6655.943914922732	-6322.529540079136	-333.41437484359614	-6322.529540079136	26.765214025187035	9.904817795328354	0.005773813131670468	4.198578597625925	1.0	5.514186114752726	7.611046272282838	-308.839453871417	0.21812314600378696	0.2550895000620277	0.21973101981458423	0.3070563341196012
45000	-6658.04520542826	-6328.835573716192	-329.209631712068	-6328.835573716192	28.15488526392876	8.129233479045592	0.005047200183815398	4.198578597625925	1.0	3.7032054888180332	7.471121485788048	-308.5521835591704	0.21812314600378696	0.2550895000620277	0.21973101981458423	0.3070563341196012
46000	-6636.643416522343	-6312.776928837309	-323.8664876850336	-6312.776928837309	27.059954850663644	9.953347633071761	0.005678180634793209	4.198578597625925	1.0	3.310704768569042	8.42315277713059	-301.35744975271615	0.21812314600378696	0.2550895000620277	0.21973101981458423	0.3070563341196012
47000	-6649.557638732497	-6326.021388576093	-323.5362501564039	-6326.021388576093	28.043940578909915	8.609629778776977	0.005684002245648585	4.198578597625925	1.0	3.310704768569042	7.652166866730541	-302.59642484417543	0.21812314600378696	0.2550895000620277	0.21973101981458423	0.3070563341196012
48000	-6648.4927444549585	-6333.472364228303	-315.0203802266552	-6333.472364228303	25.02817240789023	8.540000328804235	0.004882622568362398	4.198578597625925	1.0	3.310704768569042	7.059871188775585	-294.3900692939118	0.21812314600378696	0.2550895000620277	0.21973101981458423	0.3070563341196012
49000	-6635.141768596375	-6321.360930062067	-313.7808385343074	-6321.360930062067	24.199065495193437	9.356821781621772	0.005337384695581332	4.198578597625925	1.0	3.310704768569042	7.722765505192037	-292.0726874747229	0.21812314600378696	0.2550895000620277	0.21973101981458423	0.3070563341196012
50000	-6642.675874459424	-6328.942454414101	-313.73342004532356	-6328.942454414101	26.917305293177037	9.356821781621772	0.005733488870100538	4.198578597625925	1.0	3.310704768569042	6.347020804538688	-292.14982936391107	0.21812314600378696	0.2550895000620277	0.21973101981458423	0.3070563341196012
51000	-6628.9987682843785	-6316.654197988532	-312.3445702958465	-6316.654197988532	27.423075840821106	8.867472056576004	0.005751382428960299	3.8397109448180213	1.0	7.269148365451707	7.109173616324727	-287.33536580446605	0.21812314600378696	0.2550895000620277	0.21973101981458423	0.3070563341196012
52000	-6648.824122889043	-6331.894899854026	-316.9292230350164	-6331.894899854026	32.16624976104906	8.421130688783972	0.005244161518067338	3.50820116099559	1.0	7.269148365451707	6.905599025300395	-292.64190946885117	0.21812314600378696	0.2550895000620277	0.21973101981458423	0.3070563341196012
53000	-6603.291141041008	-6288.864575827465	-314.42656521354263	-6288.864575827465	26.919020976114986	9.063317335864662	0.00565011854205353	3.50820116099559	1.0	7.269148365451707	5.993741464355736	-289.49794539952734	0.21812314600378696	0.2550895000620277	0.19744249173648726	0.32934486219769815
54000	-6609.437693126604	-6298.293968039411	-311.14372508719305	-6298.293968039411	25.570160646619378	8.62979160067217	0.005452414274617777	3.50820116099559	1.0	7.269148365451707	5.821268869093521	-286.7575795939068	0.21812314600378696	0.2550895000620277	0.19744249173648726	0.32934486219769815
55000	-6598.538887615493	-6290.947054454205	-307.591833161288	-6290.947054454205	30.141502009281343	9.50039210036235	0.0051575968455324465	3.50820116099559	1.0	3.194861057099533	6.278598877080225	-286.3028490751406	0.21812314600378696	0.2550895000620277	0.19744249173648726	0.32934486219769815
56000	-6564.096126954453	-6254.491544592946	-309.60458236150697	-6254.491544592946	27.370532162674415	9.431230686776281	0.0051964150829890724	3.50820116099559	1.0	3.194861057099533	7.2887225669535765	-288.23465449978323	0.21812314600378696	0.2550895000620277	0.17582537450848246	0.35096197942570295
57000	-6561.791041731689	-6251.476079383823	-310.3149623478661	-6251.476079383823	25.397249226410604	9.599288398033186	0.00521585303057769	3.50820116099559	1.0	2.7943067985826278	7.232700932544513	-289.16561622005185	0.19754478416822005	0.2550895000620277	0.19640373634404937	0.35096197942570295
58000	-6562.122957081945	-6251.770496847121	-310.35246023482443	-6251.770496847121	25.35476013552114	9.599288398033186	0.0050527772232273295	3.50820116099559	1.0	4.461396663838592	6.748439310024949	-287.6370943793231	0.19754478416822005	0.2550895000620277	0.19640373634404937	0.35096197942570295
59000	-6554.040089609692	-6238.186528015971	-315.85356159372037	-6238.186528015971	25.688384685106605	9.65345900136005	0.00503717949776247	3.2580503900486355	1.0	6.16593373687192	6.519619053437388	-291.496311515263	0.19754478416822005	0.2550895000620277	0.19640373634404937	0.35096197942570295
60000	-6548.604299860966	-6228.69740885341	-319.906891007557	-6228.69740885341	24.38865782563549	9.238560955028431	0.005139362396880157	3.2580503900486355	1.0	6.16593373687192	7.117026044100497	-295.89631763048146	0.18769677747561647	0.2550895000620277	0.19640373634404937	0.36080998611830656
61000	-6549.5636803371945	-6229.54056772755	-320.0231126096439	-6229.54056772755	22.61668839795597	9.760172692487828	0.004885810625130266	3.2580503900486355	1.0	4.4309158204632775	6.707703355171469	-297.2863415672877	0.18769677747561647	0.2550895000620277	0.19640373634404937	0.36080998611830656
62000	-6564.155839188288	-6243.15544113472	-321.0003980535688	-6243.15544113472	24.00743355944751	9.26841818308698	0.004680530223688425	3.2580503900486355	1.0	4.506331404241259	7.015149325778465	-298.7245926635731	0.18938390810633746	0.2534023694313067	0.19640373634404937	0.36080998611830656
63000	-6555.402552827867	-6235.715006324733	-319.6875465031342	-6235.715006324733	23.887341984480337	9.108333031435855	0.004455496973820746	3.2580503900486355	1.0	4.506331404241259	6.6941828509397325	-297.6835915193289	0.18938390810633746	0.2534023694313067	0.19640373634404937	0.36080998611830656
64000	-6501.948460917238	-6186.888114947519	-315.0603459697183	-6186.888114947519	20.051570085524077	9.550716115173756	0.005151553637733429	3.2580503900486355	1.0	4.506331404241259	7.712207739650181	-292.2846285477979	0.18938390810633746	0.2534023694313067	0.19640373634404937	0.36080998611830656
65000	-6475.917462932915	-6158.8100474191115	-317.1074155138044	-6158.8100474191115	21.674238877533742	9.858172903997117	0.005200931153002164	3.2580503900486355	1.0	4.506331404241259	7.143621169892297	-294.06276873184873	0.18099799471929892	0.2622859583704196	0.18523665029999617	0.37147939661028534
66000	-6450.691319511188	-6136.441307409786	-314.25001210140243	-6136.441307409786	21.1162460155346	8.938125115358481	0.005112012758132356	3.2580503900486355	1.0	4.506331404241259	7.166637609390423	-292.2276209904224	0.18099799471929892	0.2855821388776164	0.15940617974321528	0.3740136866598695
67000	-6443.265280540642	-6126.990116584988	-316.2751639556542	-6126.990116584988	20.21988594843714	8.862406223363523	0.005067527564962127	3.2580503900486355	1.0	4.506331404241259	6.7603105509585735	-294.4032572425931	0.18099799471929892	0.2855821388776164	0.15940617974321528	0.3740136866598695
68000	-6453.25107752947	-6134.021619858103	-319.2294576713676	-6134.021619858103	23.07658650583077	9.166502214972251	0.005198905272602717	3.2580503900486355	1.0	4.506331404241259	7.829185764546158	-296.8507031186237	0.18099799471929892	0.2855821388776164	0.15940617974321528	0.3740136866598695
69000	-6450.3154419033235	-6129.909308968382	-320.4061329349419	-6129.909308968382	23.896775184405765	9.78470836550062	0.005202250507312136	3.2580503900486355	1.0	4.506331404241259	6.487686834123661	-297.5377428095134	0.18099799471929892	0.2855821388776164	0.15940617974321528	0.3740136866598695
70000	-6452.854428257632	-6131.217777465584	-321.6366507920485	-6131.217777465584	25.906565390866923	9.702486388160844	0.004941910224551643	3.2580503900486355	1.0	4.506331404241259	7.014073507909017	-298.8314078362618	0.18099799471929892	0.2855821388776164	0.15940617974321528	0.3740136866598695
71000	-6445.6274109939895	-6124.834064127858	-320.79334686613083	-6124.834064127858	22.2685647673211	9.492642545356894	0.0048254607821081735	2.4966551394301675	1.0	4.506331404241259	7.722676791836807	-298.4195878491994	0.19367352066362342	0.2855821388776164	0.14673065379889078	0.3740136866598695
72000	-6430.175577479123	-6109.642794473752	-320.53278300537073	-6109.642794473752	22.42823356692656	9.582472925593295	0.005368711799966391	2.4966551394301675	1.0	4.506331404241259	7.602366316746005	-297.96972668907273	0.1643339514635525	0.30699691639855287	0.14673065379889078	0.38193847833900396
73000	-6425.146908389316	-6103.988334214499	-321.1585741748165	-6103.988334214499	21.122205571637153	9.334345975794465	0.004937862796902827	2.4966551394301675	1.0	4.506331404241259	6.708246854300037	-299.07604616136047	0.1643339514635525	0.30699691639855287	0.14673065379889078	0.38193847833900396
74000	-6428.211653961849	-6103.031988851951	-325.1796651098988	-6103.031988851951	22.290294937279697	9.186855447632999	0.004877100487758165	2.4966551394301675	1.0	4.506331404241259	7.740312304015156	-303.128238115541	0.1643339514635525	0.30699691639855287	0.14673065379889078	0.38193847833900396
75000	-6434.135282195364	-6104.835220776422	-329.30006141894256	-6104.835220776422	22.50976480564169	9.186855447632999	0.004627196355537376	2.4966551394301675	1.0	4.506331404241259	6.161183648237698	-307.52939419142206	0.1643339514635525	0.30699691639855287	0.14673065379889078	0.38193847833900396
76000	-6441.342531303757	-6112.8609305206455	-328.48160078311173	-6112.8609305206455	20.814995845620462	9.438936022466006	0.004697151274607284	2.4966551394301675	1.0	4.506331404241259	7.40000203654465	-306.2362790164436	0.1643339514635525	0.30699691639855287	0.14673065379889078	0.38193847833900396
77000	-6447.6783362329215	-6122.376011419853	-325.3023248130683	-6122.376011419853	24.679509957417437	8.86778713417212	0.004778256238797018	2.4966551394301675	1.0	3.990840849609392	8.365087068265181	-304.06011722989814	0.1643339514635525	0.30699691639855287	0.14673065379889078	0.38193847833900396
78000	-6434.73771106955	-6111.9765049783455	-322.7612060912041	-6111.9765049783455	22.13397960138649	9.475685284813315	0.00520829425984652	2.4966551394301675	1.0	3.990840849609392	7.265676420007539	-300.9061564105551	0.1643339514635525	0.30699691639855287	0.14673065379889078	0.38193847833900396
79000	-6434.933614312576	-6112.12337548563	-322.8102388269455	-6112.12337548563	20.542215892225904	9.606128847886152	0.005095894157294136	2.899127253521179	1.0	3.990840849609392	6.658087959147601	-300.7731193926974	0.15992136938669102	0.3114094984754144	0.14673065379889078	0.38193847833900396
80000	-6417.873850585132	-6095.300000054711	-322.573850530421	-6095.300000054711	22.443404799285197	9.621024028613295	0.0051879174749943175	2.899127253521179	1.0	3.990840849609392	8.086588089297214	-300.30816716784415	0.152231071862054	0.3114094984754144	0.14673065379889078	0.389628775863641
81000	-6434.592287919597	-6107.715075215982	-326.8772127036144	-6107.715075215982	21.62937653318285	9.61945483403749	0.005382727603178979	2.899127253521179	1.0	5.842424252310176	8.21811771638703	-302.7086542672682	0.152231071862054	0.3114094984754144	0.14673065379889078	0.389628775863641
82000	-6423.492679198409	-6100.155941337811	-323.3367378605976	-6100.155941337811	22.070681840012455	9.61945483403749	0.005614599084079539	2.4610517510023713	1.0	5.842424252310176	7.340217452586296	-299.400942278689	0.152231071862054	0.3114094984754144	0.14673065379889078	0.389628775863641
83000	-6422.1016079010715	-6092.818384032196	-329.28322386887544	-6092.818384032196	22.026720033297877	9.174917070924696	0.005293721396387524	2.4610517510023713	1.0	5.842424252310176	8.577473668298227	-305.73765324879173	0.152231071862054	0.3114094984754144	0.14673065379889078	0.389628775863641
84000	-6436.933607829302	-6104.066937964868	-332.86666986443413	-6104.066937964868	21.51889651199061	9.859651951734444	0.004829122151318505	2.4610517510023713	1.0	5.842424252310176	8.123188392194804	-308.7178633804466	0.152231071862054	0.3114094984754144	0.14673065379889078	0.389628775863641
85000	-6436.347589151416	-6102.291324909287	-334.05626424212875	-6102.291324909287	21.03911778244861	9.578037689838856	0.004784454297101438	2.4610517510023713	1.0	3.060742163418839	9.598683117530145	-312.8392221824248	0.16557089505622424	0.3114094984754144	0.13339083060472054	0.389628775863641
86000	-6436.788673374361	-6102.919800668493	-333.868872705868	-6102.919800668493	20.762445918169206	9.578037689838856	0.0044962628803498625	2.4610517510023713	1.0	3.060742163418839	6.941775071415142	-313.0380020018264	0.16557089505622424	0.3114094984754144	0.13339083060472054	0.389628775863641
87000	-6439.154543537463	-6101.026975216152	-338.1275683213112	-6101.026975216152	21.50897566069318	9.310813012908353	0.0044227730708892125	2.4610517510023713	1.0	3.060742163418839	9.76654654731171	-317.2644543531025	0.16557089505622424	0.3114094984754144	0.13339083060472054	0.389628775863641
88000	-6435.864064339382	-6099.922686747591	-335.9413775917913	-6099.922686747591	22.321776938451986	9.310813012908353	0.004456673312167783	2.4610517510023713	1.0	3.060742163418839	8.589389746322281	-315.1990674364723	0.16557089505622424	0.3114094984754144	0.12336639115422757	0.39965321531413395
89000	-6413.703087278526	-6079.729368734637	-333.9737185438891	-6079.729368734637	22.090714994858697	9.538059155459624	0.0046722100890543425	2.7680473826442324	1.0	3.060742163418839	7.800485645578906	-312.9170964366566	0.16557089505622424	0.3114094984754144	0.12336639115422757	0.39965321531413395
90000	-6418.666670378782	-6083.799907600105	-334.8667627786774	-6083.799907600105	21.648752250114715	9.538059155459624	0.004679897946381593	2.7680473826442324	1.0	3.060742163418839	7.587633078343736	-313.8361634115102	0.1638871914871664	0.3130932020444722	0.12336639115422757	0.39965321531413395
91000	-6432.8750627582895	-6097.263524026787	-335.61153873150187	-6097.263524026787	22.886516481186238	9.420436355526679	0.0044709309470617	2.7680473826442324	1.0	3.060742163418839	7.660581871491276	-314.7458218870196	0.1638871914871664	0.3130932020444722	0.12336639115422757	0.39965321531413395
92000	-6411.724540223441	-6085.359172037789	-326.3653681856521	-6085.359172037789	22.356907132400387	9.420436355526679	0.00526818342028275	2.7680473826442324	1.0	3.060742163418839	7.999764879090194	-305.2922613769154	0.134859749805202	0.3130932020444722	0.12336639115422757	0.42868065699609836
93000	-6405.7145369886375	-6079.401855830155	-326.3126811584824	-6079.401855830155	24.754544297135133	9.772847010958861	0.00563881009007569	2.7680473826442324	1.0	3.060742163418839	7.5780749685980835	-304.84024470991363	0.134859749805202	0.3130932020444722	0.12336639115422757	0.42868065699609836
94000	-6403.209673961646	-6077.150604928841	-326.05906903280567	-6077.150604928841	23.748449457128444	9.919007087820287	0.0058105307583776215	2.7680473826442324	1.0	3.060742163418839	7.616939967194304	-304.3919759259528	0.134859749805202	0.3130932020444722	0.12336639115422757	0.42868065699609836
95000	-6396.53226004641	-6070.052803155761	-326.4794568906494	-6070.052803155761	22.27537026866779	9.919007087820287	0.005703199020201747	2.7680473826442324	1.0	4.398108473044164	7.597814705344596	-303.49617029554815	0.134859749805202	0.3130932020444722	0.12336639115422757	0.42868065699609836
96000	-6388.3612659276305	-6056.96613242742	-331.39513350020985	-6056.96613242742	22.78247205621773	9.919007087820287	0.005507459208557432	2.7680473826442324	1.0	4.398108473044164	8.179094291404803	-308.37307112653565	0.12065028902015267	0.3130932020444722	0.12336639115422757	0.4428901177811477
97000	-6392.236012818015	-6061.086927163987	-331.14908565402885	-6061.086927163987	23.30734424781944	9.919007087820287	0.005141235929870483	2.7680473826442324	1.0	4.398108473044164	6.811319681847989	-308.37885087837685	0.12065028902015267	0.3130932020444722	0.12336639115422757	0.4428901177811477
98000	-6416.819563238159	-6082.594671068346	-334.224892169814	-6082.594671068346	23.041616020804184	9.178326148954309	0.0055333055580272066	2.7680473826442324	1.0	4.398108473044164	7.296230105309126	-312.1228971117871	0.12065028902015267	0.3130932020444722	0.12336639115422757	0.4428901177811477
99000	-6416.175209618431	-6084.950980642239	-331.224228976192	-6084.950980642239	20.10444264653476	9.231073391660702	0.005669737705217007	2.7680473826442324	1.0	4.398108473044164	6.833939269335846	-309.10541364904134	0.12065028902015267	0.29346688236567625	0.12336639115422757	0.46251643745994364
100000	-6418.1494982748045	-6088.1360803155385	-330.01341795926555	-6088.1360803155385	20.537016113520853	9.512805130959757	0.005530825068261837	2.7680473826442324	1.0	4.398108473044164	7.81881851471296	-307.4760023212075	0.12065028902015267	0.29346688236567625	0.12336639115422757	0.46251643745994364
