#
#model:
#
#<?xml version="1.0" encoding="UTF-8" standalone="no"?><input id="posterior" spec="beast.core.util.CompoundDistribution">
#    <distribution id="prior" spec="beast.core.util.CompoundDistribution">
#        <distribution id="CoalescentConstant.t:1" spec="beast.evolution.tree.coalescent.Coalescent">
#            <populationModel id="ConstantPopulation.t:1" spec="beast.evolution.tree.coalescent.ConstantPopulation">
#                <parameter id="popSize.t:1" name="popSize" spec="beast.core.parameter.RealParameter">0.3</parameter>
#            </populationModel>
#            <treeIntervals id="TreeIntervals.t:1" spec="beast.evolution.tree.coalescent.TreeIntervals">
#                <tree id="Tree.t:1" spec="beast.evolution.tree.Tree">
#                    <trait id="dateTrait.t:1" spec="beast.evolution.tree.TraitSet" traitname="date" value="2_2000.1=2000.1,17_2001.6=2001.6,18_2001.7=2001.7,21_2002=2002,24_2002.3=2002.3,26_2002.5=2002.5,5_2000.4=2000.4,7_2000.6=2000.6,4_2000.3=2000.3,13_2001.2=2001.2,15_2001.4=2001.4,16_2001.5=2001.5,1_2000=2000,8_2000.7=2000.7,3_2000.2=2000.2,12_2001.1=2001.1,22_2002.1=2002.1,32_2003.1=2003.1,28_2002.7=2002.7,43_2004.2=2004.2,46_2004.5=2004.5,55_2005.4=2005.4,63_2006.2=2006.2,65_2006.4=2006.4,66_2006.5=2006.5,67_2006.6=2006.6,23_2002.2=2002.2,10_2000.9=2000.9,14_2001.3=2001.3,33_2003.2=2003.2,39_2003.8=2003.8,34_2003.3=2003.3,44_2004.3=2004.3,48_2004.7=2004.7,53_2005.2=2005.2,52_2005.1=2005.1,58_2005.7=2005.7,9_2000.8=2000.8,6_2000.5=2000.5,11_2001=2001,25_2002.4=2002.4,20_2001.9=2001.9,47_2004.6=2004.6,36_2003.5=2003.5,45_2004.4=2004.4,50_2004.9=2004.9,42_2004.1=2004.1,51_2005=2005,35_2003.4=2003.4,37_2003.6=2003.6,57_2005.6=2005.6,59_2005.8=2005.8,61_2006=2006,62_2006.1=2006.1,41_2004=2004,40_2003.9=2003.9,49_2004.8=2004.8,74_2007.3=2007.3,77_2007.6=2007.6,68_2006.7=2006.7,70_2006.9=2006.9,81_2008=2008,19_2001.8=2001.8,27_2002.6=2002.6,29_2002.8=2002.8,30_2002.9=2002.9,31_2003=2003,38_2003.7=2003.7,56_2005.5=2005.5,69_2006.8=2006.8,82_2008.1=2008.1,80_2007.9=2007.9,83_2008.2=2008.2,87_2008.6=2008.6,71_2007=2007,75_2007.4=2007.4,72_2007.1=2007.1,91_2009=2009,88_2008.7=2008.7,94_2009.3=2009.3,98_2009.7=2009.7,79_2007.8=2007.8,84_2008.3=2008.3,78_2007.7=2007.7,76_2007.5=2007.5,89_2008.8=2008.8,93_2009.2=2009.2,96_2009.5=2009.5,97_2009.6=2009.6,95_2009.4=2009.4,100_2009.9=2009.9,54_2005.3=2005.3,60_2005.9=2005.9,64_2006.3=2006.3,73_2007.2=2007.2,86_2008.5=2008.5,85_2008.4=2008.4,90_2008.9=2008.9,99_2009.8=2009.8,92_2009.1=2009.1,101_2010=2010">
#                        <taxa id="TaxonSet.1" spec="beast.evolution.alignment.TaxonSet">
#                        </taxa>
#                    </trait>
#                    <taxonset idref="TaxonSet.1"/>
#                </tree>
#            </treeIntervals>
#        </distribution>
#        <prior id="rateOmega.prior" name="distribution">
#            <parameter id="rateOmega" lower="0.1" name="x" spec="beast.core.parameter.RealParameter" upper="10.0">0.5</parameter>
#            <Gamma id="Gamma.0" name="distr">
#                <parameter estimate="false" id="rateOmega.alpha" name="alpha" spec="beast.core.parameter.RealParameter">0.1</parameter>
#                <parameter estimate="false" id="rateOmega.beta" name="beta" spec="beast.core.parameter.RealParameter">1.0</parameter>
#            </Gamma>
#        </prior>
#        <prior id="rateMean.prior" name="distribution">
#            <parameter id="rateMean" lower="1.0E-4" name="x" spec="beast.core.parameter.RealParameter" upper="10.0">0.005</parameter>
#            <Gamma id="Gamma.1" name="distr">
#                <parameter estimate="false" id="rateMean.alpha" name="alpha" spec="beast.core.parameter.RealParameter">0.005</parameter>
#                <parameter estimate="false" id="rateMean.beta" name="beta" spec="beast.core.parameter.RealParameter">1.0</parameter>
#            </Gamma>
#        </prior>
#        <prior id="FrequenciesPrior.s:1" name="distribution">
#            <parameter dimension="4" id="freqParameter.s:1" lower="0.0" name="x" spec="beast.core.parameter.RealParameter" upper="1.0">0.25</parameter>
#            <Uniform id="Uniform.3" name="distr"/>
#        </prior>
#        <prior id="GammaShapePrior.s:1" name="distribution">
#            <parameter id="gammaShape.s:1" name="x" spec="beast.core.parameter.RealParameter">1.0</parameter>
#            <Exponential id="Exponential.0" name="distr">
#                <parameter estimate="false" id="RealParameter.0" name="mean" spec="beast.core.parameter.RealParameter">1.0</parameter>
#            </Exponential>
#        </prior>
#        <prior id="KappaPrior.s:1" name="distribution">
#            <parameter id="kappa.s:1" lower="0.0" name="x" spec="beast.core.parameter.RealParameter">2.0</parameter>
#            <LogNormal id="LogNormalDistributionModel.0" name="distr">
#                <parameter estimate="false" id="RealParameter.1" name="M" spec="beast.core.parameter.RealParameter">1.0</parameter>
#                <parameter estimate="false" id="RealParameter.2" name="S" spec="beast.core.parameter.RealParameter">1.25</parameter>
#            </LogNormal>
#        </prior>
#        <prior id="PopSizePrior.t:1" name="distribution" x="@popSize.t:1">
#            <OneOnX id="OneOnX.1" name="distr"/>
#        </prior>
#    </distribution>
#    <distribution id="likelihood" spec="beast.core.util.CompoundDistribution" useThreads="true">
#        <distribution data="@1" id="treeLikelihood.1" spec="beast.evolution.likelihood.ThreadedTreeLikelihood" tree="@Tree.t:1">
#            <siteModel gammaCategoryCount="4" id="SiteModel.s:1" shape="@gammaShape.s:1" spec="beast.evolution.sitemodel.SiteModel">
#                <parameter id="mutationRate.s:1" name="mutationRate" spec="beast.core.parameter.RealParameter">1.0</parameter>
#                <parameter estimate="false" id="proportionInvariant.s:1" lower="0.0" name="proportionInvariant" spec="beast.core.parameter.RealParameter" upper="1.0">0.0</parameter>
#                <substModel id="hky.s:1" kappa="@kappa.s:1" spec="beast.evolution.substitutionmodel.HKY">
#                    <frequencies frequencies="@freqParameter.s:1" id="estimatedFreqs.s:1" spec="beast.evolution.substitutionmodel.Frequencies"/>
#                </substModel>
#            </siteModel>
#            <branchRateModel id="branchRates" numSites="1000" numberOfDiscreteRates="12" rateMean="@rateMean" rateOmega="@rateOmega" spec="beast.evolution.branchratemodel.ARClockModel" tree="@Tree.t:1">
#                <rateCategories dimension="200" id="rateCategories" spec="beast.core.parameter.IntegerParameter">1</rateCategories>
#            </branchRateModel>
#        </distribution>
#    </distribution>
#</input>
#
Sample	posterior	likelihood	prior	treeLikelihood	TreeHeight	rateOmega	rateMean	kappa	mutationRate	gammaShape	popSize	CoalescentConstant	freqParameter.1	freqParameter.2	freqParameter.3	freqParameter.4
0	-30932.847464096685	-30698.814257926326	-234.03320617036022	-30698.814257926326	10.751582664363609	0.5	0.005	2.0	1.0	1.0	0.3	-230.21431273121476	0.25	0.25	0.25	0.25
1000	-17671.9648303829	-16951.667397865116	-720.2974325177872	-16951.667397865116	14.095251703523228	0.8946634478153893	0.021401936129021047	3.9361561049888136	1.0	1.0	2.610028773648938	-711.2429276596921	0.25	0.25	0.25	0.25
2000	-14757.794334420627	-14366.472706011808	-391.32162840881983	-14366.472706011808	15.25664979278398	5.028223246424089	0.018710516092143442	3.9361561049888136	1.0	0.768123607670296	15.024216392424409	-375.19781625192155	0.25	0.2425357085385297	0.25	0.2574642914614703
3000	-13339.274818384707	-12943.866262074242	-395.4085563104658	-12943.866262074242	18.50740863900755	9.586914124717492	0.014505814226553265	3.9361561049888136	1.0	0.768123607670296	14.627159910112148	-374.42950559726546	0.25	0.2425357085385297	0.25	0.2574642914614703
4000	-11810.122263956748	-11429.156964604892	-380.9652993518549	-11429.156964604892	19.61295275337872	7.967946562936094	0.014194844549145073	4.312928374779663	1.0	0.768123607670296	14.4711016506764	-361.6885460299736	0.25	0.23689183902023903	0.25	0.263108160979761
5000	-10765.998823813445	-10363.828658040813	-402.1701657726311	-10363.828658040813	16.979407869124955	9.828860970492489	0.009682134836867699	4.312928374779663	1.0	0.768123607670296	15.599525260075065	-381.15370076425074	0.25	0.23689183902023903	0.24745607383798335	0.2656520871417776
6000	-10079.899847085042	-9674.053866369522	-405.8459807155199	-9674.053866369522	15.44651497803841	9.828860970492489	0.009836067497784961	4.312928374779663	1.0	0.768123607670296	15.749980459771706	-384.80406843076713	0.25	0.23689183902023903	0.24745607383798335	0.2656520871417776
7000	-9790.509355314272	-9382.580628413216	-407.92872690105713	-9382.580628413216	15.44651497803841	9.828860970492489	0.009184195421651591	4.312928374779663	1.0	0.768123607670296	21.643010870156623	-386.63785204368776	0.25	0.23689183902023903	0.24745607383798335	0.2656520871417776
8000	-9468.565077893305	-9063.722862842173	-404.8422150511329	-9063.722862842173	21.49141785921582	9.852013409283833	0.008795406567734398	4.367346270514919	1.0	0.768123607670296	18.682322415779936	-383.7003090456164	0.24502309234370784	0.2449049190940621	0.23596099725450928	0.2741109913077208
9000	-9007.92884453355	-8608.153531738146	-399.775312795403	-8608.153531738146	21.26212923805282	9.411994341140561	0.007988201176725294	4.367346270514919	1.0	0.768123607670296	17.028311333508565	-379.30383804207315	0.24489356289111863	0.2449049190940621	0.23596099725450928	0.27424052076031
10000	-8750.383693661457	-8348.77794181974	-401.60575184171717	-8348.77794181974	21.853566160137113	9.424937865093508	0.007366396937712866	4.032958726947886	1.0	0.9365852101259365	13.389432650790345	-381.37509722746694	0.24489356289111863	0.2449049190940621	0.23596099725450928	0.27424052076031
11000	-8405.482394861605	-8013.780347271377	-391.7020475902274	-8013.780347271377	20.80229878098503	8.651278179498421	0.0066510629051649926	4.032958726947886	1.0	1.0812536833248765	13.718805096999917	-372.25552590852436	0.24489356289111863	0.2449049190940621	0.23596099725450928	0.27424052076031
12000	-8262.11677001112	-7868.558384646054	-393.5583853650655	-7868.558384646054	21.306748514087566	9.539712906122158	0.006607747560308198	4.032958726947886	1.0	1.0812536833248765	18.697854023340312	-372.8323515306712	0.24489356289111863	0.2449049190940621	0.2277904207392261	0.2824110972755932
13000	-8219.020489965733	-7831.740593129512	-387.2798968362209	-7831.740593129512	19.50452767811407	9.71909923253111	0.00696816801850651	4.032958726947886	1.0	1.0812536833248765	17.56367894580575	-366.36708137332727	0.24489356289111863	0.2449049190940621	0.2277904207392261	0.2824110972755932
14000	-7965.058797508404	-7586.158834892449	-378.89996261595456	-7586.158834892449	19.802899470165	9.737484455231288	0.006788619499590574	4.032958726947886	1.0	1.0812536833248765	12.934044653210922	-358.29918493319764	0.2381975959374009	0.2422596529656406	0.2277904207392261	0.2917523303577324
15000	-7898.945175614425	-7524.365950598572	-374.57922501585296	-7524.365950598572	19.802899470165	9.930781753138763	0.006391113878736266	4.032958726947886	1.0	1.5408646138776272	12.401737486375971	-353.41030957794504	0.2381975959374009	0.2422596529656406	0.2277904207392261	0.2917523303577324
16000	-7820.263613100113	-7436.786947341808	-383.4766657583048	-7436.786947341808	18.40929684553916	9.937273354560986	0.0069540911824337364	4.032958726947886	1.0	1.5408646138776272	16.81398507778808	-361.9117337462368	0.22944002421771678	0.2422596529656406	0.2365479924589102	0.2917523303577324
17000	-7740.283989865155	-7365.640426372559	-374.64356349259606	-7365.640426372559	18.731955334524145	9.59174771916457	0.006556539723121629	3.886067966419732	1.0	1.5408646138776272	11.98961789770019	-353.8991775436287	0.22944002421771678	0.24766030586357665	0.23114733956097414	0.2917523303577324
18000	-7640.975277728153	-7265.775008345015	-375.2002693831379	-7265.775008345015	19.20215860078406	8.596393557620447	0.006216725814275165	3.886067966419732	1.0	1.5408646138776272	14.110575953362703	-355.4402517578679	0.22944002421771678	0.24766030586357665	0.23114733956097414	0.2917523303577324
19000	-7533.463990601143	-7154.299937109785	-379.16405349135863	-7154.299937109785	17.88309407558637	9.131025944005495	0.005979349927853312	3.886067966419732	1.0	1.5408646138776272	14.305602495927044	-358.8403492881113	0.22944002421771678	0.24766030586357665	0.23114733956097414	0.2917523303577324
20000	-7379.767682040225	-7005.492325290381	-374.2753567498437	-7005.492325290381	18.651890494172918	9.43402289486564	0.006009486518608746	3.886067966419732	1.0	1.5408646138776272	14.244932269288812	-353.618493076429	0.2190608277527545	0.24766030586357665	0.23438935534655203	0.29888951103711675
21000	-7323.010101916009	-6951.2565436212835	-371.7535582947256	-6951.2565436212835	18.11101128898768	9.972984387331788	0.006009486518608746	3.886067966419732	1.0	2.5842308553553908	11.25072833269555	-349.7003336955683	0.2190608277527545	0.24766030586357665	0.23267339433539722	0.3006054720482716
22000	-7294.778721515878	-6924.631837258988	-370.14688425689053	-6924.631837258988	18.11101128898768	9.924915493881691	0.00571361786757607	3.886067966419732	1.0	2.5842308553553908	9.64567819781657	-348.3505301822576	0.21741376699397807	0.24766030586357665	0.23432045509417365	0.3006054720482716
23000	-7275.040401861559	-6910.500162245148	-364.5402396164106	-6910.500162245148	17.856719748363485	9.819699860482825	0.005876978492083683	3.886067966419732	1.0	2.7254846771012424	10.443482047773648	-342.60975848403194	0.21741376699397807	0.24766030586357665	0.23432045509417365	0.3006054720482716
24000	-7245.359882360128	-6880.924964009956	-364.4349183501715	-6880.924964009956	17.703193425752698	9.651809206680669	0.006060837409316839	3.886067966419732	1.0	2.7254846771012424	10.526281711564215	-342.64911639584324	0.21741376699397807	0.24766030586357665	0.23432045509417365	0.3006054720482716
25000	-7247.646082863281	-6880.625471046389	-367.0206118168917	-6880.625471046389	18.049615130112397	9.80699794605244	0.006060837409316839	3.886067966419732	1.0	2.7254846771012424	12.98178731855359	-344.85559312951096	0.21741376699397807	0.24766030586357665	0.23432045509417365	0.3006054720482716
26000	-7225.124527189299	-6863.226120732806	-361.898406456494	-6863.226120732806	18.049615130112397	9.170099098299154	0.005773192057245751	3.886067966419732	1.0	2.7254846771012424	12.00257876997732	-340.55781315928573	0.21089293345232882	0.2541811394052259	0.23432045509417365	0.3006054720482716
27000	-7196.89878743472	-6836.646367733174	-360.2524197015465	-6836.646367733174	18.049615130112397	9.893837073213396	0.005704332295192429	3.886067966419732	1.0	2.7254846771012424	10.448445599469695	-338.2703972450573	0.2125874891538662	0.2541811394052259	0.23262589939263628	0.3006054720482716
28000	-7198.106401647102	-6841.177902409836	-356.92849923726607	-6841.177902409836	18.30646868025069	8.677828075813437	0.005898115463070198	3.886067966419732	1.0	2.7254846771012424	9.132389145145853	-336.3817046533928	0.2125874891538662	0.2541811394052259	0.23262589939263628	0.3006054720482716
29000	-7188.39525563021	-6838.586304358922	-349.8089512712886	-6838.586304358922	18.30646868025069	7.742166256665565	0.005630559292316951	3.886067966419732	1.0	2.7254846771012424	9.374623757355943	-330.3207797271983	0.20602873255115325	0.26073989600793884	0.23262589939263628	0.3006054720482716
30000	-7148.606560831183	-6808.278035853609	-340.32852497757386	-6808.278035853609	18.30646868025069	8.187799980394713	0.005885781798954632	3.886067966419732	1.0	2.7254846771012424	9.75864654394621	-320.25984072214584	0.20602873255115325	0.26073989600793884	0.23262589939263628	0.3006054720482716
31000	-7142.068196357146	-6797.596145420967	-344.47205093617913	-6797.596145420967	18.451277514780926	9.44393964770574	0.005743762190493537	3.886067966419732	1.0	2.9862283472234643	10.255605544746025	-322.7328024735344	0.20602873255115325	0.26073989600793884	0.23262589939263628	0.3006054720482716
32000	-7117.992123741121	-6784.079329207412	-333.9127945337084	-6784.079329207412	17.611082659294986	9.780179077078946	0.006163061497013767	3.886067966419732	1.0	2.1806156094577673	8.758512114056208	-312.6987054442147	0.20602873255115325	0.26073989600793884	0.23262589939263628	0.3006054720482716
33000	-6970.516872077608	-6635.412613133447	-335.10425894416136	-6635.412613133447	17.620697275733505	9.135536547601069	0.005575917972512473	3.886067966419732	1.0	3.895662514588737	8.477036302944253	-313.0140011551527	0.20602873255115325	0.2650794126918551	0.22828638270872004	0.3006054720482716
34000	-6927.497076978033	-6596.948185429126	-330.54889154890657	-6596.948185429126	18.436859315149114	9.808509960934655	0.00517470191645969	3.886067966419732	1.0	3.895662514588737	8.035073915982254	-307.8499375060851	0.20602873255115325	0.2650794126918551	0.22828638270872004	0.3006054720482716
35000	-6917.2396099851885	-6583.734016346334	-333.50559363885475	-6583.734016346334	19.400772000617337	9.808509960934655	0.005316214294810849	3.886067966419732	1.0	3.6457045820796843	7.066164712785631	-311.15810953933845	0.20602873255115325	0.2650794126918551	0.22393473532890237	0.3049571194280893
36000	-6814.994923370803	-6476.868762011557	-338.1261613592464	-6476.868762011557	20.928995327065465	9.972476854132948	0.005399645449705443	3.886067966419732	1.0	3.6457045820796843	8.195222138332058	-315.435978742407	0.20602873255115325	0.2650794126918551	0.22393473532890237	0.3049571194280893
37000	-6811.705345897692	-6473.947749346666	-337.7575965510263	-6473.947749346666	20.290189571474727	9.68160412811865	0.004985325298807811	3.886067966419732	1.0	3.6457045820796843	9.344475678770825	-315.333543673007	0.20602873255115325	0.2650794126918551	0.22393473532890237	0.3049571194280893
38000	-6824.758784444839	-6483.206199650311	-341.5525847945285	-6483.206199650311	22.60683278097251	9.752750432867199	0.00527114670267099	3.623924246966882	1.0	3.6457045820796843	9.073692040376875	-319.108700197488	0.20602873255115325	0.25601568017885074	0.22393473532890237	0.31402085194109364
39000	-6815.350888339202	-6477.358301043491	-337.9925872957107	-6477.358301043491	20.731636116066166	9.460871269421972	0.004905573318478063	3.623924246966882	1.0	3.146147372712426	8.356460942892756	-316.5217118361633	0.20602873255115325	0.25601568017885074	0.22393473532890237	0.31402085194109364
40000	-6837.500869010487	-6501.944293978415	-335.5565750320722	-6501.944293978415	22.089886582713103	8.859483322083863	0.00475371715717395	3.7013324829794017	1.0	2.9050419057778054	8.786927108767111	-314.943343052265	0.20602873255115325	0.25601568017885074	0.22393473532890237	0.31402085194109364
41000	-6756.055477998104	-6424.824322191055	-331.23115580704876	-6424.824322191055	21.140335768175223	8.12681090239023	0.004874258153554193	3.7013324829794017	1.0	2.9050419057778054	9.373181064891611	-311.33866026829605	0.20602873255115325	0.25601568017885074	0.22393473532890237	0.31402085194109364
42000	-6668.568373555509	-6330.766512617904	-337.80186093760545	-6330.766512617904	21.082535192073774	9.534469263383741	0.004823350790328969	3.7013324829794017	1.0	2.9050419057778054	7.1820636848807355	-316.634699775509	0.19234094143659883	0.25601568017885074	0.2376225264434568	0.31402085194109364
43000	-6642.616166889015	-6308.243807603341	-334.37235928567435	-6308.243807603341	20.261088779028615	9.77954481055246	0.0043911971284432815	3.7013324829794017	1.0	2.9050419057778054	7.923986225576951	-312.9328033265412	0.18361387497349077	0.2647427466419588	0.2376225264434568	0.31402085194109364
44000	-6638.090603482214	-6305.739375027396	-332.3512284548181	-6305.739375027396	20.9145856100589	9.90818644375603	0.004776724318295982	3.7013324829794017	1.0	4.830755930222534	7.658256907771084	-308.79554737873934	0.16663245264173235	0.2647427466419588	0.2376225264434568	0.33100227427285206
45000	-6630.442753720881	-6298.320680155808	-332.12207356507344	-6298.320680155808	22.382979448413558	9.883635930878807	0.005094964832003755	3.7013324829794017	1.0	4.830755930222534	6.789593436981559	-308.6490756335934	0.18028287331142465	0.2647427466419588	0.2239721057737645	0.33100227427285206
46000	-6612.6858617864555	-6285.962081906276	-326.7237798801802	-6285.962081906276	20.742649844169577	9.837303562895464	0.004822637664662835	3.277084606879446	1.0	4.830755930222534	7.76788638358106	-303.36271293796256	0.18028287331142465	0.2647427466419588	0.2239721057737645	0.33100227427285206
47000	-6604.321127824918	-6283.061236285256	-321.25989153966157	-6283.061236285256	20.022952801997825	9.837303562895464	0.004655972058839499	3.277084606879446	1.0	4.102488777928516	6.759759975941427	-298.801263588009	0.18028287331142465	0.2647427466419588	0.2239721057737645	0.33100227427285206
48000	-6611.153403120548	-6294.816847294906	-316.33655582564194	-6294.816847294906	22.79133948362857	9.15602057287766	0.004817487700061686	3.277084606879446	1.0	4.102488777928516	7.753236034131427	-294.4525880694407	0.18028287331142465	0.2647427466419588	0.2239721057737645	0.33100227427285206
49000	-6610.65860088057	-6297.816256510399	-312.8423443701706	-6297.816256510399	21.775902336789763	9.15602057287766	0.004877269741162734	3.277084606879446	1.0	4.102488777928516	6.345590484224487	-291.1463956303537	0.18028287331142465	0.2647427466419588	0.2239721057737645	0.33100227427285206
50000	-6587.132167007672	-6275.142934388827	-311.98923261884596	-6275.142934388827	20.548704100578586	9.415007192081493	0.005018642534153317	3.277084606879446	1.0	4.102488777928516	6.762053624456958	-289.9170544309019	0.18028287331142465	0.2647427466419588	0.2239721057737645	0.33100227427285206
51000	-6587.997179347852	-6274.662312110996	-313.33486723685604	-6274.662312110996	21.21498356901881	9.201928487423473	0.00537584111623154	3.277084606879446	1.0	7.23611253022514	5.806980206853749	-288.4462436353869	0.18028287331142465	0.2647427466419588	0.2239721057737645	0.33100227427285206
52000	-6603.28799326348	-6291.785380478587	-311.50261278489245	-6291.785380478587	20.357469683642975	7.9091687800888515	0.005116854836277677	3.225899853771815	1.0	7.23611253022514	5.98706313350391	-288.0793936416174	0.18028287331142465	0.2647427466419588	0.2239721057737645	0.33100227427285206
53000	-6585.201967097546	-6272.25019619997	-312.951770897576	-6272.25019619997	18.812241168850587	9.718148029332417	0.005807708434906297	3.225899853771815	1.0	7.23611253022514	7.463191141044376	-287.1871115351109	0.18028287331142465	0.2647427466419588	0.2239721057737645	0.33100227427285206
54000	-6553.934745824718	-6246.496389402382	-307.43835642233654	-6246.496389402382	18.06378189135032	8.535874110747443	0.006120925610285806	3.225899853771815	1.0	7.23611253022514	7.0069339382265	-282.98322158513156	0.18028287331142465	0.2647427466419588	0.20536141946368147	0.34961296058293506
55000	-6552.826109729988	-6244.534299671353	-308.29181005863495	-6244.534299671353	18.166630661434976	9.039830181924216	0.00627560338601341	3.225899853771815	1.0	7.23611253022514	5.314213755550956	-283.53262173408734	0.18028287331142465	0.2647427466419588	0.20536141946368147	0.34961296058293506
56000	-6566.217853091353	-6261.3211889410295	-304.89666415032355	-6261.3211889410295	18.651395409726987	8.534903411357554	0.005942672743505324	3.225899853771815	1.0	7.23611253022514	6.142313914995891	-280.6038858781704	0.18028287331142465	0.2647427466419588	0.20536141946368147	0.34961296058293506
57000	-6550.711933149252	-6248.644379331438	-302.0675538178135	-6248.644379331438	18.81256607310386	8.311960535045992	0.0058386988815858935	3.225899853771815	1.0	5.771171243233974	6.445848005122751	-279.4559134461011	0.18028287331142465	0.2731294650425955	0.1969747010630448	0.34961296058293506
58000	-6545.381757466964	-6246.7950759797	-298.58668148726304	-6246.7950759797	18.9152588454096	9.412959807319137	0.005735096218266533	3.225899853771815	1.0	3.693427974369981	5.917159836103974	-276.943329531412	0.18028287331142465	0.2731294650425955	0.1969747010630448	0.34961296058293506
59000	-6543.909053074491	-6246.766537338891	-297.1425157356001	-6246.766537338891	20.253402427690148	9.665917378976163	0.006198560529717499	3.225899853771815	1.0	3.2465005573637495	5.7318302292615755	-275.62330111902196	0.18028287331142465	0.2731294650425955	0.1969747010630448	0.34961296058293506
60000	-6540.010640497497	-6241.995311594183	-298.0153289033138	-6241.995311594183	18.66261543085555	9.87496422387048	0.005630810616470727	3.225899853771815	1.0	3.2465005573637495	5.158932400795557	-276.4692667889989	0.17453779219247456	0.2731294650425955	0.20128834321099698	0.35104439955393296
61000	-6526.3187793055895	-6230.763312300668	-295.55546700492107	-6230.763312300668	18.22821161697109	9.793951570647422	0.005586160190772269	3.225899853771815	1.0	3.2465005573637495	5.854667253701906	-273.9792880631955	0.17453779219247456	0.2693110090106289	0.19581271096512823	0.3603384878317683
62000	-6532.499050883403	-6239.742340980773	-292.75670990262927	-6239.742340980773	18.32399998773148	9.906891195315236	0.005649547616141969	3.225899853771815	1.0	3.2465005573637495	5.922784320078752	-271.03441450921054	0.17609118294612716	0.26775761825697625	0.19581271096512823	0.3603384878317683
63000	-6521.647690345393	-6239.753338081625	-281.89435226376844	-6239.753338081625	19.304677464927785	9.776954680756965	0.005782558082526711	3.225899853771815	1.0	3.2465005573637495	5.711222988136434	-260.32696180853674	0.17609118294612716	0.26775761825697625	0.19581271096512823	0.3603384878317683
64000	-6490.564384183688	-6216.440329801492	-274.12405438219633	-6216.440329801492	18.78061121504089	9.785052752041983	0.005767842663041382	3.225899853771815	1.0	3.2465005573637495	5.090080145912758	-252.66551033171342	0.17609118294612716	0.28630692338666125	0.16913616215560084	0.3684657315116107
65000	-6490.639568224706	-6218.424903632903	-272.2146645918031	-6218.424903632903	19.18323770907217	9.511730391044043	0.006428946646601104	3.225899853771815	1.0	3.2465005573637495	4.434405598424143	-251.0842089309649	0.17609118294612716	0.28630692338666125	0.16913616215560084	0.3684657315116107
66000	-6481.35990379379	-6209.867071991952	-271.4928318018382	-6209.867071991952	17.99797864477885	9.670647061583656	0.006753402398149256	3.1466173433209454	1.0	3.2465005573637495	4.785704285510394	-250.09040582170033	0.17609118294612716	0.28630692338666125	0.16913616215560084	0.3684657315116107
67000	-6459.205678078156	-6189.578003135844	-269.6276749423126	-6189.578003135844	18.614317468383106	9.946218140240681	0.006407657338881553	3.1466173433209454	1.0	3.6346928274436268	4.85569603919	-247.57431458689751	0.17609118294612716	0.28630692338666125	0.15050826942361356	0.38709362424359794
68000	-6463.789242645707	-6198.757060512195	-265.03218213351283	-6198.757060512195	17.708130741918207	9.946218140240681	0.006419326547761501	3.1466173433209454	1.0	3.6346928274436268	4.356869997799776	-243.08539827532616	0.17609118294612716	0.28630692338666125	0.15050826942361356	0.38709362424359794
69000	-6461.680626847748	-6197.078907833032	-264.60171901471614	-6197.078907833032	18.942603752643844	9.946218140240681	0.007061052143065753	3.1466173433209454	1.0	3.6346928274436268	4.7383637056076795	-242.4755510219676	0.17609118294612716	0.28630692338666125	0.15050826942361356	0.38709362424359794
70000	-6464.9714210606535	-6202.55050408866	-262.4209169719935	-6202.55050408866	18.281652620534622	9.272267057739894	0.0069008597706016325	3.1466173433209454	1.0	4.8717122989852	3.8768160036370407	-240.01849980621347	0.17778648226861266	0.28630692338666125	0.14881297010112807	0.38709362424359794
71000	-6461.136586368026	-6197.785028177209	-263.3515581908166	-6197.785028177209	19.69955682914298	9.361794258357326	0.006813200284870384	3.1466173433209454	1.0	4.8717122989852	3.5761943444803364	-240.94448846712228	0.17778648226861266	0.28630692338666125	0.14881297010112807	0.38709362424359794
72000	-6455.1760547058675	-6197.046021183372	-258.130033522495	-6197.046021183372	17.919260499956703	9.431699425671615	0.006302841487716748	3.1466173433209454	1.0	4.8717122989852	3.6506139984638364	-235.70374950522367	0.17778648226861266	0.28630692338666125	0.14881297010112807	0.38709362424359794
73000	-6449.71171413783	-6182.073624106627	-267.6380900312033	-6182.073624106627	18.694054679783438	9.058126001582222	0.0064110543735783065	3.1466173433209454	1.0	4.8717122989852	4.086108285807701	-245.49200816648758	0.17778648226861266	0.2915190495840289	0.1436008439037604	0.38709362424359794
74000	-6458.379663226394	-6187.472217844096	-270.90744538229774	-6187.472217844096	22.01679926764837	9.93782015660755	0.006050982000721905	3.1466173433209454	1.0	4.8717122989852	3.7388890768669656	-247.94493116414614	0.17778648226861266	0.2915190495840289	0.1436008439037604	0.38709362424359794
75000	-6459.370057001626	-6191.378496403757	-267.99156059786975	-6191.378496403757	21.305737090979523	9.875070947457726	0.006422784575435549	3.1466173433209454	1.0	4.8717122989852	3.769177442523589	-245.02972327453315	0.17778648226861266	0.2915190495840289	0.1436008439037604	0.38709362424359794
76000	-6462.482805501611	-6189.330588354355	-273.1522171472566	-6189.330588354355	20.966045630040306	9.862493907593294	0.006290253286326398	3.1466173433209454	1.0	4.8717122989852	3.284616155519492	-250.36258954249425	0.17778648226861266	0.2915190495840289	0.1436008439037604	0.38709362424359794
77000	-6467.532066955711	-6199.311420530211	-268.2206464255001	-6199.311420530211	21.086171033294104	9.953469225322936	0.006124298899279112	3.1466173433209454	1.0	3.8776776303108234	4.234869775238239	-246.09848083479392	0.17778648226861266	0.2915190495840289	0.1436008439037604	0.38709362424359794
78000	-6463.740655246096	-6202.9511817824905	-260.7894734636059	-6202.9511817824905	19.361088399390624	9.953469225322936	0.00670859029562873	3.1466173433209454	1.0	3.8776776303108234	3.5742672394116854	-238.7456470407314	0.17778648226861266	0.2915190495840289	0.1436008439037604	0.38709362424359794
79000	-6449.647308137817	-6184.594927405866	-265.0523807319516	-6184.594927405866	22.385576718492814	9.953469225322936	0.006217580943637263	3.1466173433209454	1.0	6.463793522773129	3.7127033823364037	-240.46055721129184	0.17778648226861266	0.2915190495840289	0.12210185056812355	0.4085926175792348
80000	-6432.748041725322	-6166.501216522991	-266.24682520233057	-6166.501216522991	19.138272413059845	9.914746520902202	0.005634948791345506	3.1466173433209454	1.0	6.463793522773129	5.111433937032575	-241.47599638025693	0.17116215770615698	0.2915190495840289	0.12210185056812355	0.4152169421416905
81000	-6441.438159107944	-6174.332805929671	-267.10535317827265	-6174.332805929671	21.188296628144453	8.49823942435862	0.0055118965088127615	3.1466173433209454	1.0	6.463793522773129	4.343988461973037	-244.07455822548818	0.17116215770615698	0.2915190495840289	0.12210185056812355	0.4152169421416905
82000	-6437.089622094035	-6166.1432314801605	-270.94639061387477	-6166.1432314801605	20.125182321948966	8.720620272741343	0.00599846716545785	3.1466173433209454	1.0	7.272818573818657	4.386865251410655	-246.76646076417254	0.15048295214071458	0.2915190495840289	0.14278105613356595	0.4152169421416905
83000	-6444.332317963919	-6172.302522694688	-272.0297952692311	-6172.302522694688	19.39142747410613	8.824593322250738	0.0063261828622112794	3.1466173433209454	1.0	7.272818573818657	4.093592186558152	-247.75116265284188	0.15048295214071458	0.2915190495840289	0.14278105613356595	0.4152169421416905
84000	-6455.021283547027	-6181.36840119197	-273.6528823550569	-6181.36840119197	17.34747825550883	8.942224011869747	0.005947864413199178	3.1466173433209454	1.0	7.7610470622360594	4.142891249528804	-248.80623668042622	0.15048295214071458	0.2915190495840289	0.14278105613356595	0.4152169421416905
85000	-6457.619012859034	-6174.961157925123	-282.65785493391076	-6174.961157925123	17.592527862705094	9.83815753622217	0.006546069088534803	3.1466173433209454	1.0	7.7610470622360594	5.506077459695066	-256.44892992415197	0.15048295214071458	0.2915190495840289	0.14278105613356595	0.4152169421416905
86000	-6441.251712611973	-6166.594699844111	-274.6570127678614	-6166.594699844111	18.15299987498419	9.453209183051985	0.005669840196024651	2.488284971625227	1.0	7.7610470622360594	4.725321854921381	-249.40482227014263	0.15048295214071458	0.2915190495840289	0.14278105613356595	0.4152169421416905
87000	-6428.52614858246	-6161.6003507315945	-266.9257978508654	-6161.6003507315945	19.28025495455771	9.002957959001703	0.005692854948032497	2.488284971625227	1.0	7.7610470622360594	4.3831664446317955	-242.23889014506437	0.15048295214071458	0.2915190495840289	0.14278105613356595	0.4152169421416905
88000	-6424.93968743978	-6159.27210563809	-265.6675818016899	-6159.27210563809	18.389490898377456	9.197717960815863	0.005927691565501327	2.488284971625227	1.0	7.7610470622360594	4.0712140469489855	-240.8000265375643	0.15048295214071458	0.2915190495840289	0.14278105613356595	0.4152169421416905
89000	-6428.478800607992	-6155.59822784682	-272.880572761172	-6155.59822784682	18.809058756075	9.454666891731659	0.006057020998215283	2.488284971625227	1.0	7.7610470622360594	5.227889477617381	-247.45959974767098	0.15048295214071458	0.2915190495840289	0.14278105613356595	0.4152169421416905
90000	-6429.980264137213	-6154.116132342858	-275.86413179435556	-6154.116132342858	16.527909191051535	9.867704538051928	0.005865117626415998	2.488284971625227	1.0	7.7610470622360594	4.11444282371027	-250.2633689411163	0.15048295214071458	0.2915190495840289	0.1353979347407205	0.422600063534536
91000	-6421.090104158053	-6153.16153915914	-267.9285649989124	-6153.16153915914	17.343372905720727	9.732704992585221	0.0064286947172874035	2.488284971625227	1.0	3.6895193468934515	4.085097992442511	-246.4620311548229	0.15048295214071458	0.2915190495840289	0.1353979347407205	0.422600063534536
92000	-6429.0635178465745	-6155.259347348477	-273.80417049809796	-6155.259347348477	17.32784483166131	9.732704992585221	0.0065786519357454104	2.488284971625227	1.0	3.6895193468934515	4.281117286830595	-252.2676753483987	0.15048295214071458	0.2915190495840289	0.1353979347407205	0.422600063534536
93000	-6418.696979885358	-6148.454027640203	-270.2429522451552	-6148.454027640203	19.533489063710583	9.435081248812201	0.006508446307274765	2.3623634549269195	1.0	3.6895193468934515	4.881255627912569	-248.9597192583447	0.12570037719707722	0.285047623847619	0.1131083041543367	0.4761436948009671
94000	-6396.286557774911	-6133.903205590612	-262.3833521842992	-6133.903205590612	16.693217941566218	9.609348312238527	0.006942027940449621	2.3623634549269195	1.0	3.8752805906221837	3.3133242419819178	-241.0464656417416	0.12570037719707722	0.285047623847619	0.1131083041543367	0.4761436948009671
95000	-6393.957110065765	-6129.934609261579	-264.02250080418634	-6129.934609261579	17.526879479407764	9.861109850953664	0.006688866525171708	2.3623634549269195	1.0	4.772601104929189	4.159747718608927	-241.32297060899623	0.12570037719707722	0.285047623847619	0.1131083041543367	0.4761436948009671
96000	-6387.39131254276	-6122.94995266104	-264.4413598817203	-6122.94995266104	16.453192449085932	9.994883858139438	0.00655405626233761	2.2843558864588527	1.0	4.772601104929189	3.6172290252408317	-241.78626977748388	0.12570037719707722	0.285047623847619	0.1131083041543367	0.4761436948009671
97000	-6381.996710720634	-6119.751322313839	-262.24538840679446	-6119.751322313839	16.453192449085932	9.7011844309999	0.007054957416446355	2.2843558864588527	1.0	5.3430302356856005	4.573108034871941	-239.03214754354815	0.12570037719707722	0.285047623847619	0.1131083041543367	0.4761436948009671
98000	-6394.6974069853695	-6130.975340755823	-263.7220662295469	-6130.975340755823	16.649417307188205	9.654438322442092	0.007080580572044952	2.2843558864588527	1.0	5.3430302356856005	5.1576552735257994	-240.43599683927457	0.12570037719707722	0.285047623847619	0.1131083041543367	0.4761436948009671
99000	-6406.744516728222	-6139.075755901488	-267.6687608267335	-6139.075755901488	15.212431755486818	9.52562316110902	0.007443836275480119	2.2843558864588527	1.0	4.650199618942846	3.132114067753695	-245.66505670410265	0.12570037719707722	0.285047623847619	0.1131083041543367	0.4761436948009671
100000	-6413.108110695116	-6154.837060430897	-258.27105026421935	-6154.837060430897	14.9492382418048	9.578722417316511	0.008107122794338466	2.2843558864588527	1.0	4.650199618942846	3.362158599103111	-236.05277569073868	0.12570037719707722	0.285047623847619	0.1131083041543367	0.4761436948009671
