#
#model:
#
#<?xml version="1.0" encoding="UTF-8" standalone="no"?><input id="posterior" spec="beast.core.util.CompoundDistribution">
#    <distribution id="prior" spec="beast.core.util.CompoundDistribution">
#        <distribution id="CoalescentConstant.t:1" spec="beast.evolution.tree.coalescent.Coalescent">
#            <populationModel id="ConstantPopulation.t:1" spec="beast.evolution.tree.coalescent.ConstantPopulation">
#                <parameter id="popSize.t:1" name="popSize" spec="beast.core.parameter.RealParameter">0.3</parameter>
#            </populationModel>
#            <treeIntervals id="TreeIntervals.t:1" spec="beast.evolution.tree.coalescent.TreeIntervals">
#                <tree id="Tree.t:1" spec="beast.evolution.tree.Tree">
#                    <trait id="dateTrait.t:1" spec="beast.evolution.tree.TraitSet" traitname="date" value="2_2000.1=2000.1,17_2001.6=2001.6,18_2001.7=2001.7,21_2002=2002,24_2002.3=2002.3,26_2002.5=2002.5,5_2000.4=2000.4,7_2000.6=2000.6,4_2000.3=2000.3,13_2001.2=2001.2,15_2001.4=2001.4,16_2001.5=2001.5,1_2000=2000,8_2000.7=2000.7,3_2000.2=2000.2,12_2001.1=2001.1,22_2002.1=2002.1,32_2003.1=2003.1,28_2002.7=2002.7,43_2004.2=2004.2,46_2004.5=2004.5,55_2005.4=2005.4,63_2006.2=2006.2,65_2006.4=2006.4,66_2006.5=2006.5,67_2006.6=2006.6,23_2002.2=2002.2,10_2000.9=2000.9,14_2001.3=2001.3,33_2003.2=2003.2,39_2003.8=2003.8,34_2003.3=2003.3,44_2004.3=2004.3,48_2004.7=2004.7,53_2005.2=2005.2,52_2005.1=2005.1,58_2005.7=2005.7,9_2000.8=2000.8,6_2000.5=2000.5,11_2001=2001,25_2002.4=2002.4,20_2001.9=2001.9,47_2004.6=2004.6,36_2003.5=2003.5,45_2004.4=2004.4,50_2004.9=2004.9,42_2004.1=2004.1,51_2005=2005,35_2003.4=2003.4,37_2003.6=2003.6,57_2005.6=2005.6,59_2005.8=2005.8,61_2006=2006,62_2006.1=2006.1,41_2004=2004,40_2003.9=2003.9,49_2004.8=2004.8,74_2007.3=2007.3,77_2007.6=2007.6,68_2006.7=2006.7,70_2006.9=2006.9,81_2008=2008,19_2001.8=2001.8,27_2002.6=2002.6,29_2002.8=2002.8,30_2002.9=2002.9,31_2003=2003,38_2003.7=2003.7,56_2005.5=2005.5,69_2006.8=2006.8,82_2008.1=2008.1,80_2007.9=2007.9,83_2008.2=2008.2,87_2008.6=2008.6,71_2007=2007,75_2007.4=2007.4,72_2007.1=2007.1,91_2009=2009,88_2008.7=2008.7,94_2009.3=2009.3,98_2009.7=2009.7,79_2007.8=2007.8,84_2008.3=2008.3,78_2007.7=2007.7,76_2007.5=2007.5,89_2008.8=2008.8,93_2009.2=2009.2,96_2009.5=2009.5,97_2009.6=2009.6,95_2009.4=2009.4,100_2009.9=2009.9,54_2005.3=2005.3,60_2005.9=2005.9,64_2006.3=2006.3,73_2007.2=2007.2,86_2008.5=2008.5,85_2008.4=2008.4,90_2008.9=2008.9,99_2009.8=2009.8,92_2009.1=2009.1,101_2010=2010">
#                        <taxa id="TaxonSet.1" spec="beast.evolution.alignment.TaxonSet">
#                        </taxa>
#                    </trait>
#                    <taxonset idref="TaxonSet.1"/>
#                </tree>
#            </treeIntervals>
#        </distribution>
#        <prior id="rateOmega.prior" name="distribution">
#            <parameter id="rateOmega" lower="0.1" name="x" spec="beast.core.parameter.RealParameter" upper="10.0">0.5</parameter>
#            <Gamma id="Gamma.0" name="distr">
#                <parameter estimate="false" id="rateOmega.alpha" name="alpha" spec="beast.core.parameter.RealParameter">0.1</parameter>
#                <parameter estimate="false" id="rateOmega.beta" name="beta" spec="beast.core.parameter.RealParameter">1.0</parameter>
#            </Gamma>
#        </prior>
#        <prior id="rateMean.prior" name="distribution">
#            <parameter id="rateMean" lower="1.0E-4" name="x" spec="beast.core.parameter.RealParameter" upper="10.0">0.005</parameter>
#            <Gamma id="Gamma.1" name="distr">
#                <parameter estimate="false" id="rateMean.alpha" name="alpha" spec="beast.core.parameter.RealParameter">0.005</parameter>
#                <parameter estimate="false" id="rateMean.beta" name="beta" spec="beast.core.parameter.RealParameter">1.0</parameter>
#            </Gamma>
#        </prior>
#        <prior id="FrequenciesPrior.s:1" name="distribution">
#            <parameter dimension="4" id="freqParameter.s:1" lower="0.0" name="x" spec="beast.core.parameter.RealParameter" upper="1.0">0.25</parameter>
#            <Uniform id="Uniform.3" name="distr"/>
#        </prior>
#        <prior id="GammaShapePrior.s:1" name="distribution">
#            <parameter id="gammaShape.s:1" name="x" spec="beast.core.parameter.RealParameter">1.0</parameter>
#            <Exponential id="Exponential.0" name="distr">
#                <parameter estimate="false" id="RealParameter.0" name="mean" spec="beast.core.parameter.RealParameter">1.0</parameter>
#            </Exponential>
#        </prior>
#        <prior id="KappaPrior.s:1" name="distribution">
#            <parameter id="kappa.s:1" lower="0.0" name="x" spec="beast.core.parameter.RealParameter">2.0</parameter>
#            <LogNormal id="LogNormalDistributionModel.0" name="distr">
#                <parameter estimate="false" id="RealParameter.1" name="M" spec="beast.core.parameter.RealParameter">1.0</parameter>
#                <parameter estimate="false" id="RealParameter.2" name="S" spec="beast.core.parameter.RealParameter">1.25</parameter>
#            </LogNormal>
#        </prior>
#        <prior id="PopSizePrior.t:1" name="distribution" x="@popSize.t:1">
#            <OneOnX id="OneOnX.1" name="distr"/>
#        </prior>
#    </distribution>
#    <distribution id="likelihood" spec="beast.core.util.CompoundDistribution" useThreads="true">
#        <distribution data="@1" id="treeLikelihood.1" spec="beast.evolution.likelihood.ThreadedTreeLikelihood" tree="@Tree.t:1">
#            <siteModel gammaCategoryCount="4" id="SiteModel.s:1" shape="@gammaShape.s:1" spec="beast.evolution.sitemodel.SiteModel">
#                <parameter id="mutationRate.s:1" name="mutationRate" spec="beast.core.parameter.RealParameter">1.0</parameter>
#                <parameter estimate="false" id="proportionInvariant.s:1" lower="0.0" name="proportionInvariant" spec="beast.core.parameter.RealParameter" upper="1.0">0.0</parameter>
#                <substModel id="hky.s:1" kappa="@kappa.s:1" spec="beast.evolution.substitutionmodel.HKY">
#                    <frequencies frequencies="@freqParameter.s:1" id="estimatedFreqs.s:1" spec="beast.evolution.substitutionmodel.Frequencies"/>
#                </substModel>
#            </siteModel>
#            <branchRateModel id="branchRates" numSites="1000" numberOfDiscreteRates="12" rateMean="@rateMean" rateOmega="@rateOmega" spec="beast.evolution.branchratemodel.ARClockModel" tree="@Tree.t:1">
#                <rateCategories dimension="200" id="rateCategories" spec="beast.core.parameter.IntegerParameter">1</rateCategories>
#            </branchRateModel>
#        </distribution>
#    </distribution>
#</input>
#
Sample	posterior	likelihood	prior	treeLikelihood	TreeHeight	rateOmega	rateMean	kappa	mutationRate	gammaShape	popSize	CoalescentConstant	freqParameter.1	freqParameter.2	freqParameter.3	freqParameter.4
0	-32483.587471926618	-32249.55426575626	-234.03320617036022	-32249.55426575626	10.751582664363609	0.5	0.005	2.0	1.0	1.0	0.3	-230.21431273121476	0.25	0.25	0.25	0.25
1000	-19297.824913179324	-18897.66472548119	-400.16018769813184	-18897.66472548119	11.964068169341692	0.7709668500041549	0.03158500764318598	3.9361561049888136	1.0	1.0	2.0155292609274085	-391.22434263291973	0.24521919259014663	0.25	0.25	0.25478080740985337
2000	-17166.495312940177	-16854.556977201915	-311.93833573826	-16854.556977201915	11.89578208825676	5.708994912953923	0.03416797848100135	3.9361561049888136	1.0	1.0	6.505062194291169	-295.01002988251514	0.24303862842963175	0.25	0.2521805641605149	0.25478080740985337
3000	-15991.774387881243	-15673.64350678958	-318.13088109166256	-15673.64350678958	12.109904058350367	9.862007507248846	0.031465957477229495	3.9361561049888136	1.0	1.0	6.4826590418268735	-296.64570322061377	0.24303862842963175	0.25	0.2521805641605149	0.25478080740985337
4000	-14317.67468206205	-13988.533698104857	-329.1409839571938	-13988.533698104857	13.380010667937725	9.857905902069147	0.025346065873160198	3.9361561049888136	1.0	1.0	7.531874894899608	-307.73159004896934	0.23783667137442857	0.2552019570552032	0.2521805641605149	0.25478080740985337
5000	-13527.211200604723	-13190.925598598662	-336.2856020060606	-13190.925598598662	13.684801573136415	9.137189152421286	0.018731754686282447	3.9361561049888136	1.0	1.0	9.069322672629522	-315.78700575120524	0.23783667137442857	0.2552019570552032	0.2521805641605149	0.25478080740985337
6000	-13055.925571663807	-12709.93305258994	-345.99251907386724	-12709.93305258994	13.684801573136415	9.148978966937321	0.01888254823542371	3.9361561049888136	1.0	1.0	9.671150329205938	-325.40859416553957	0.23783667137442857	0.2552019570552032	0.2521805641605149	0.25478080740985337
7000	-12389.890106998053	-12042.550055152666	-347.3400518453877	-12042.550055152666	13.4343175864094	9.833212511816614	0.016574287006537826	3.9361561049888136	1.0	1.0	9.566054988104142	-326.1499506329396	0.23783667137442857	0.2552019570552032	0.2521805641605149	0.25478080740985337
8000	-12080.132855245289	-11725.219274718025	-354.9135805272631	-11725.219274718025	13.369414926721815	9.833212511816614	0.0152131265443844	3.9361561049888136	1.0	0.6454434098925004	9.476678020958461	-334.17404952973936	0.2328597637181364	0.2552019570552032	0.24869856765086387	0.26323971157579656
9000	-11770.940188313187	-11425.60674425468	-345.3334440585068	-11425.60674425468	14.533313711331887	9.925541941978395	0.01585454476151182	3.9361561049888136	1.0	0.6454434098925004	9.019915323362508	-324.5008388707398	0.2327302342655472	0.2552019570552032	0.24397607651189024	0.2680917321673594
10000	-10598.765711275413	-10264.71692918201	-334.048782093404	-10264.71692918201	14.418915008142971	9.86862777054105	0.014646977484146062	4.2691031910226975	1.0	0.6454434098925004	8.98149031739487	-313.26002181367744	0.2327302342655472	0.2552019570552032	0.24397607651189024	0.2680917321673594
11000	-10170.839776499733	-9839.249591094962	-331.5901854047717	-9839.249591094962	14.406786291092589	9.923673112002547	0.014175481889005755	4.2691031910226975	1.0	0.6454434098925004	8.185555709192634	-310.86719647737385	0.2327302342655472	0.2552019570552032	0.24397607651189024	0.2680917321673594
12000	-9852.445089241792	-9519.695645046357	-332.7494441954357	-9519.695645046357	14.530793175604714	9.980589412609149	0.013853596478592979	4.2691031910226975	1.0	1.0908477978144766	7.953374654559381	-311.5709382513739	0.23519834032155362	0.2552019570552032	0.23333739394060063	0.27626230868264257
13000	-9695.661959100386	-9358.13358970549	-337.5283693948942	-9358.13358970549	14.530793175604714	9.784921526434044	0.01389401080699838	4.2691031910226975	1.0	1.0908477978144766	10.069388357724897	-316.324508457897	0.23519834032155362	0.2552019570552032	0.23333739394060063	0.27626230868264257
14000	-9500.38741576714	-9166.296297296101	-334.0911184710391	-9166.296297296101	16.45546435659966	9.567518933121772	0.012384155332933182	4.2691031910226975	1.0	1.97488686550182	7.829338144898259	-312.6084395103233	0.23519834032155362	0.2552019570552032	0.23333739394060063	0.27626230868264257
15000	-9356.264229276954	-9021.616507575993	-334.6477217009609	-9021.616507575993	15.485955014173362	9.821550538034625	0.013320688266699252	4.2691031910226975	1.0	1.9737442312282358	9.188133479237091	-312.65506184968325	0.24201382288019932	0.2552019570552032	0.22201626341389472	0.2807679566507028
16000	-9338.344585502076	-9003.64663792401	-334.69794757806545	-9003.64663792401	15.200284354082731	9.821550538034625	0.012836771661536288	4.2691031910226975	1.0	1.9737442312282358	7.63763905709995	-312.9274153987422	0.24201382288019932	0.2552019570552032	0.22201626341389472	0.2807679566507028
17000	-9285.300079277325	-8946.546795646636	-338.7532836306888	-8946.546795646636	15.773599525005405	9.919160705340527	0.012021458199400481	4.2691031910226975	1.0	1.9737442312282358	9.80143504708772	-316.69290844489126	0.24201382288019932	0.2552019570552032	0.22201626341389472	0.2807679566507028
18000	-9226.962906094255	-8886.241225077847	-340.7216810164084	-8886.241225077847	15.773599525005405	9.919160705340527	0.011941782775421874	4.2691031910226975	1.0	1.9737442312282358	9.745716286858443	-318.6737030601375	0.24201382288019932	0.2552019570552032	0.22201626341389472	0.2807679566507028
19000	-8961.276059958536	-8620.959577319047	-340.3164826394902	-8620.959577319047	15.773599525005405	9.919160705340527	0.011011284975897252	4.2691031910226975	1.0	1.4940238744479146	11.51062049305635	-318.6634303811557	0.24201382288019932	0.2552019570552032	0.22201626341389472	0.2807679566507028
20000	-8869.423694632524	-8537.193455266612	-332.23023936591204	-8537.193455266612	15.773599525005405	9.875081052871263	0.011533770221830502	4.2691031910226975	1.0	1.989135090582564	7.7070090222923495	-310.48465459874427	0.23615725987091207	0.2552019570552032	0.2207356457437976	0.28790513733008716
21000	-8803.031273136226	-8471.153328904922	-331.87794423130396	-8471.153328904922	15.773599525005405	9.746152306177343	0.011391511054223187	3.9273082998816395	1.0	1.989135090582564	7.464600349305084	-310.4228947977244	0.23615725987091207	0.2552019570552032	0.2207356457437976	0.28790513733008716
22000	-8744.339116786374	-8406.942680738788	-337.39643604758544	-8406.942680738788	17.651490420744267	9.81765135599928	0.011201859862346985	3.9273082998816395	1.0	1.989135090582564	9.554696907592183	-315.63334250170266	0.23451019911213564	0.2481623323636843	0.22238270650257402	0.2949447620216061
23000	-8691.641550219218	-8366.446149091169	-325.195401128048	-8366.446149091169	17.651490420744267	9.456791718659717	0.010246921916915588	3.9273082998816395	1.0	1.989135090582564	7.446420505301721	-304.16578238411984	0.23451019911213564	0.2481623323636843	0.22238270650257402	0.2949447620216061
24000	-8684.906699154406	-8360.795854045033	-324.11084510937377	-8360.795854045033	17.87536797271105	9.247150595876112	0.010349909783483184	3.9273082998816395	1.0	1.989135090582564	7.736850501920098	-303.26272876515696	0.23451019911213564	0.2481623323636843	0.22238270650257402	0.2949447620216061
25000	-8615.32539689221	-8292.391275492848	-322.93412139936237	-8292.391275492848	16.58402073436705	9.58897091736757	0.010349909783483184	3.9273082998816395	1.0	2.236476146585839	5.971990996375555	-301.72308969512494	0.23451019911213564	0.2481623323636843	0.22238270650257402	0.2949447620216061
26000	-8398.028707976406	-8081.877010281049	-316.15169769535794	-8081.877010281049	17.076445165532718	8.806716005106002	0.010542929797092216	3.9273082998816395	1.0	2.236476146585839	6.4725995649031	-295.70043422392547	0.2268643364822185	0.2481623323636843	0.22238270650257402	0.30259062465152325
27000	-8339.957609813158	-8020.967754501796	-318.98985531136293	-8020.967754501796	18.118008122266033	8.439374485204098	0.010750646896412086	3.9273082998816395	1.0	2.236476146585839	6.835915233785292	-298.8700459678323	0.22855889218375586	0.2481623323636843	0.22068815080103665	0.30259062465152325
28000	-8226.594168634274	-7907.602391121135	-318.9917775131396	-7907.602391121135	17.356852547573023	9.915075197975886	0.010934647143331833	3.9273082998816395	1.0	2.236476146585839	7.063648591708988	-297.2013931643661	0.22855889218375586	0.2481623323636843	0.22068815080103665	0.30259062465152325
29000	-8168.557858543687	-7849.93845970108	-318.6193988426065	-7849.93845970108	17.356852547573023	9.198065946977252	0.010439062625619245	3.9273082998816395	1.0	2.236476146585839	6.318163022080427	-297.77175902235217	0.22200013558104292	0.2547210889663972	0.22068815080103665	0.30259062465152325
30000	-8128.758169758143	-7814.442667573129	-314.31550218501366	-7814.442667573129	17.14693126926182	9.83979221451383	0.010153339616360058	3.9273082998816395	1.0	2.812614618776131	6.25636821767716	-292.22702812640773	0.22200013558104292	0.2547210889663972	0.22068815080103665	0.30259062465152325
31000	-8112.2884624979815	-7800.202924876502	-312.0855376214792	-7800.202924876502	18.566992121986427	9.848815219558766	0.010246028098179136	3.9273082998816395	1.0	4.344023888496673	6.435518721455457	-288.41843908514505	0.22200013558104292	0.2547210889663972	0.22068815080103665	0.30259062465152325
32000	-8097.835214244669	-7783.549280898886	-314.28593334578375	-7783.549280898886	18.273488929952755	9.848815219558766	0.010341261613921293	3.9273082998816395	1.0	3.0735239481224816	7.138297852531478	-291.7763921235892	0.22200013558104292	0.2547210889663972	0.22020441599472423	0.3030743594578357
33000	-8100.557695196212	-7787.653338315524	-312.904356880688	-7787.653338315524	19.644199984814662	9.848815219558766	0.010341261613921293	3.9273082998816395	1.0	5.6347258047964255	6.188876879342796	-287.9763345246522	0.22200013558104292	0.2547210889663972	0.22020441599472423	0.3030743594578357
34000	-8076.195805942871	-7766.473516155282	-309.7222897875888	-7766.473516155282	20.217574559284934	9.903727469615943	0.01046233096878339	3.9273082998816395	1.0	4.687264886668099	6.811610298873107	-285.5742348686539	0.22200013558104292	0.2547210889663972	0.22020441599472423	0.3030743594578357
35000	-8080.91799617681	-7775.403780376892	-305.5142157999183	-7775.403780376892	20.746610444850422	9.903727469615943	0.010097561800733134	3.9273082998816395	1.0	4.074138971788029	6.648753231980323	-282.03916061946734	0.22200013558104292	0.2547210889663972	0.22020441599472423	0.3030743594578357
36000	-8082.1484463494835	-7779.847685750188	-302.3007605992948	-7779.847685750188	21.073172504239622	9.903727469615943	0.010073493601914642	3.9273082998816395	1.0	4.074138971788029	5.503026221313454	-279.01723515579135	0.22200013558104292	0.2547210889663972	0.22020441599472423	0.3030743594578357
37000	-8068.940452031467	-7771.703589276729	-297.2368627547382	-7771.703589276729	21.073172504239622	9.903727469615943	0.01001885150469894	3.9273082998816395	1.0	4.074138971788029	5.849747833812915	-273.8977034752155	0.22200013558104292	0.2547210889663972	0.22020441599472423	0.3030743594578357
38000	-8071.577024983003	-7774.212526129427	-297.3644988535763	-7774.212526129427	21.24697567070404	9.903727469615943	0.009769694468345302	3.9273082998816395	1.0	4.074138971788029	5.220390568818408	-274.16447242465046	0.22200013558104292	0.2547210889663972	0.22020441599472423	0.3030743594578357
39000	-8061.040037940944	-7764.195564000858	-296.84447394008606	-7764.195564000858	22.427996384807695	9.903727469615943	0.009968752415439222	3.9273082998816395	1.0	3.5158750067577618	5.735406206636317	-274.0883566635677	0.22200013558104292	0.25491499990570604	0.22020441599472423	0.30288044851852686
40000	-8061.397155910122	-7767.295024411332	-294.1021314987904	-7767.295024411332	22.08928910061777	9.542727785027733	0.010198316043948476	3.9273082998816395	1.0	3.5158750067577618	6.501925515477823	-271.5921098599185	0.22200013558104292	0.25491499990570604	0.22020441599472423	0.30288044851852686
41000	-8063.567962686482	-7774.583173743017	-288.98478894346505	-7774.583173743017	21.720891866827312	9.454345190636907	0.01028586480197989	3.9273082998816395	1.0	3.1738899432856598	6.076146075241644	-266.97264434200787	0.22200013558104292	0.25491499990570604	0.22020441599472423	0.30288044851852686
42000	-8061.00988102405	-7773.367887633497	-287.6419933905523	-7773.367887633497	20.846868386924413	9.644199318446628	0.01063618958435338	3.9273082998816395	1.0	3.1738899432856598	5.235931082181876	-265.5372520754685	0.22200013558104292	0.25491499990570604	0.22020441599472423	0.30288044851852686
43000	-8071.709227054317	-7783.484891653694	-288.2243354006234	-7783.484891653694	19.62362680630639	9.55612461912163	0.01003392458826011	3.9273082998816395	1.0	3.1738899432856598	6.211789101189351	-266.10362273785427	0.2242481084979823	0.25491499990570604	0.21795644307778486	0.30288044851852686
44000	-8043.073708784514	-7756.840916321284	-286.23279246323	-7756.840916321284	19.091242240400426	9.940016926647779	0.010419445261375414	3.9273082998816395	1.0	3.1738899432856598	4.796926773319752	-263.9133141848332	0.22213996946705653	0.2570231389366318	0.21795644307778486	0.30288044851852686
45000	-8045.656511893629	-7756.995833584858	-288.66067830877125	-7756.995833584858	20.070344115778145	9.940016926647779	0.009749277591764928	3.9273082998816395	1.0	3.1738899432856598	5.178692234932206	-266.33144130013443	0.22213996946705653	0.2617517865167614	0.21322779549765525	0.30288044851852686
46000	-8045.879427012203	-7754.02971545653	-291.84971155567354	-7754.02971545653	20.070344115778145	9.810091607313433	0.010080176633459328	3.9273082998816395	1.0	3.1738899432856598	5.602185615677333	-269.55009540943325	0.22213996946705653	0.2617517865167614	0.21322779549765525	0.30288044851852686
47000	-8058.718853616623	-7767.391952501714	-291.3269011149091	-7767.391952501714	21.090426051819918	9.494437725188337	0.009990102639934884	3.8585624422265963	1.0	3.703990731676408	5.257569862224769	-268.9365004724083	0.22213996946705653	0.2617517865167614	0.21322779549765525	0.30288044851852686
48000	-8036.1385933471065	-7742.130346989051	-294.00824635805526	-7742.130346989051	19.27253693778954	8.645752480577364	0.009047487896663705	3.8585624422265963	1.0	3.703990731676408	7.344492397504035	-272.3160781525935	0.22602903578956407	0.2617517865167614	0.2093387291751477	0.30288044851852686
49000	-7997.892108553817	-7709.9280713927255	-287.9640371610912	-7709.9280713927255	18.516273300526684	9.82640255684132	0.009426551820642485	3.8585624422265963	1.0	3.703990731676408	5.553738716632956	-265.2142768867416	0.22602903578956407	0.2617517865167614	0.2039241842044994	0.30829499348917516
50000	-8008.9436322864285	-7714.361418340493	-294.5822139459354	-7714.361418340493	20.478614246157843	9.82640255684132	0.009264190051875312	3.8585624422265963	1.0	3.703990731676408	4.899532038100119	-271.97523474262624	0.22602903578956407	0.2617517865167614	0.2039241842044994	0.30829499348917516
51000	-8012.056168603424	-7715.161489312648	-296.89467929077676	-7715.161489312648	21.953588743951975	9.373510972923409	0.009076043348400493	3.8585624422265963	1.0	6.397731569735528	4.722053054451106	-272.146817160742	0.22596419851001248	0.261816623796313	0.2039241842044994	0.30829499348917516
52000	-8001.844350904843	-7710.091410287443	-291.7529406174	-7710.091410287443	20.63913092733941	9.964128961835835	0.008924466844313835	3.8585624422265963	1.0	3.5360409183491024	5.864544160342775	-269.02138575984407	0.22596419851001248	0.261816623796313	0.2039241842044994	0.30829499348917516
53000	-7967.51098135678	-7676.995837289848	-290.51514406693104	-7676.995837289848	17.9168729336571	9.608485363457973	0.009087650854886373	3.8585624422265963	1.0	3.5360409183491024	5.7234554737520735	-268.17810284484176	0.22596419851001248	0.261816623796313	0.18386594626626004	0.3283532314274145
54000	-7961.697842863427	-7671.911583718742	-289.78625914468427	-7671.911583718742	18.503657670027977	9.312451705461884	0.008599099270374527	3.8585624422265963	1.0	3.5360409183491024	5.768896401532643	-267.82097953010935	0.22596419851001248	0.261816623796313	0.18386594626626004	0.3283532314274145
55000	-7967.776165302617	-7676.464065205046	-291.3121000975716	-7676.464065205046	17.384234972770003	9.538213046478567	0.009214147007238995	3.8585624422265963	1.0	3.5360409183491024	5.714685262313146	-269.03959013879324	0.22596419851001248	0.261816623796313	0.18386594626626004	0.3283532314274145
56000	-7904.501013314912	-7619.699461376961	-284.8015519379506	-7619.699461376961	17.44718366797038	9.651229527786777	0.009516149068309557	3.8585624422265963	1.0	3.5360409183491024	4.741533220094045	-262.55971193986994	0.22596419851001248	0.261816623796313	0.1644119326558492	0.34780724503782534
57000	-7897.650259614167	-7612.389613801376	-285.2606458127909	-7612.389613801376	16.500280426874	9.626785498097576	0.008933453297578579	3.80013383026752	1.0	3.5360409183491024	5.835532097825332	-262.91998594786526	0.1922838858463609	0.261816623796313	0.18293113329701755	0.36296835706030856
58000	-7886.382121770097	-7603.236749525058	-283.1453722450383	-7603.236749525058	16.33867390883107	9.830016518050243	0.00854751525175606	3.80013383026752	1.0	3.5186880498146573	5.1471407457625045	-260.7698837215051	0.1922838858463609	0.261816623796313	0.18293113329701755	0.36296835706030856
59000	-7878.463915145783	-7599.464005227309	-278.99990991847454	-7599.464005227309	16.02648410054212	8.969009121169401	0.0094478965347214	3.770807573327044	1.0	3.5186880498146573	5.132321717816266	-257.4796488158944	0.1922838858463609	0.261816623796313	0.18293113329701755	0.36296835706030856
60000	-7869.784587476176	-7586.868263880343	-282.9163235958332	-7586.868263880343	16.716906153824272	9.950905462834225	0.009789343628772196	3.770807573327044	1.0	3.5186880498146573	5.126283994590703	-260.28617752888726	0.1922838858463609	0.261816623796313	0.1813030230239621	0.36459646733336404
61000	-7865.170851804988	-7579.793846268305	-285.377005536683	-7579.793846268305	17.848750565352447	9.950905462834225	0.010044516455422751	3.770807573327044	1.0	3.5186880498146573	5.52373931066416	-262.6463264959893	0.1792633778147488	0.27483713182792513	0.1813030230239621	0.36459646733336404
62000	-7866.812480088513	-7579.209003532856	-287.60347655565766	-7579.209003532856	16.902645952425516	9.781133138475111	0.00991919808031023	3.770807573327044	1.0	3.5186880498146573	5.554666973497182	-265.06509112283106	0.1792633778147488	0.27483713182792513	0.1813030230239621	0.36459646733336404
63000	-7843.87834983738	-7562.245610551691	-281.6327392856881	-7562.245610551691	16.15672938453266	9.827295524676284	0.009930541349621928	3.770807573327044	1.0	3.5186880498146573	4.73503430543492	-259.2024548346624	0.19897558641785712	0.27483713182792513	0.16159081442085377	0.36459646733336404
64000	-7841.170427669181	-7553.120753652409	-288.0496740167718	-7553.120753652409	16.396149415159414	9.905896090128742	0.009495185531801922	3.770807573327044	1.0	3.5186880498146573	5.232326827499466	-265.4787934715673	0.17444124763931212	0.2993714706064701	0.16159081442085377	0.36459646733336404
65000	-7826.096754685504	-7541.402908311631	-284.69384637387225	-7541.402908311631	16.617730181008238	9.389222904055702	0.00947618689991007	3.1547932149540365	1.0	3.5186880498146573	4.286636922110872	-263.0947624034376	0.19608874014636923	0.2993714706064701	0.13994332191379666	0.36459646733336404
66000	-7809.395009384214	-7524.3982835595825	-284.996725824632	-7524.3982835595825	16.226878280670572	9.829615508703803	0.009951617818407652	3.1547932149540365	1.0	3.5186880498146573	5.199590123583846	-262.67373459363665	0.19608874014636923	0.2993714706064701	0.13994332191379666	0.36459646733336404
67000	-7828.340916644409	-7541.919860742948	-286.4210559014608	-7541.919860742948	16.090218419018125	9.954766448330306	0.010055733603750268	3.1547932149540365	1.0	3.923027189073966	4.498330977088433	-263.6916015427712	0.19608874014636923	0.2993714706064701	0.13994332191379666	0.36459646733336404
68000	-7827.037335688604	-7543.154504927561	-283.8828307610427	-7543.154504927561	15.66346589473947	9.954766448330306	0.00995877132224043	3.1547932149540365	1.0	3.923027189073966	5.609954245279415	-260.94227806556535	0.19608874014636923	0.2993714706064701	0.13994332191379666	0.36459646733336404
69000	-7812.685185564924	-7530.013663479314	-282.6715220856098	-7530.013663479314	15.388761285246382	9.87525912189428	0.010009510119528582	3.1547932149540365	1.0	3.923027189073966	4.76061239635672	-259.97675271946116	0.19608874014636923	0.2993714706064701	0.13994332191379666	0.36459646733336404
70000	-7809.38789837975	-7523.993007043859	-285.39489133589177	-7523.993007043859	15.870600400335045	9.87525912189428	0.00940864429434916	3.1547932149540365	1.0	3.923027189073966	5.5383889234739	-262.6109927464434	0.19799216094028582	0.2993714706064701	0.13803990111988007	0.36459646733336404
71000	-7816.282598661622	-7528.764294877512	-287.5183037841102	-7528.764294877512	15.689169077957432	9.87525912189428	0.0091827835123619	3.1547932149540365	1.0	3.923027189073966	5.570515323954411	-264.75302414490596	0.19799216094028582	0.2993714706064701	0.13803990111988007	0.36459646733336404
72000	-7803.733638435461	-7512.783779990131	-290.9498584453303	-7512.783779990131	16.49156074558157	9.87525912189428	0.009469580427483205	3.1547932149540365	1.0	3.923027189073966	5.601747360355946	-268.1481005428171	0.19008214129581624	0.27861496967155985	0.13803990111988007	0.3932629879127439
73000	-7798.696328975734	-7503.793080858654	-294.9032481170795	-7503.793080858654	16.79334003310214	9.662290615472669	0.009356370850183086	3.1547932149540365	1.0	3.923027189073966	6.055641986123767	-272.2682487167688	0.19008214129581624	0.27861496967155985	0.13803990111988007	0.3932629879127439
74000	-7786.419020390547	-7496.631119274357	-289.7879011161901	-7496.631119274357	16.79334003310214	9.662290615472669	0.009248910687556131	3.1547932149540365	1.0	3.923027189073966	5.035226839746176	-267.3490349414909	0.19008214129581624	0.27861496967155985	0.13803990111988007	0.3932629879127439
75000	-7799.534298169449	-7509.629838607756	-289.90445956169356	-7509.629838607756	18.01548745713761	9.81087911167723	0.009833587775242155	3.1547932149540365	1.0	3.923027189073966	5.628506283295628	-267.1303080943552	0.19008214129581624	0.27861496967155985	0.13803990111988007	0.3932629879127439
76000	-7796.4971166229725	-7505.4366778439635	-291.0604387790094	-7505.4366778439635	17.135321865644563	9.622117228118226	0.009662204516490433	3.1547932149540365	1.0	3.923027189073966	4.957703554515773	-268.63710093902034	0.19008214129581624	0.27861496967155985	0.13803990111988007	0.3932629879127439
77000	-7800.399512380488	-7505.901169027871	-294.49834335261687	-7505.901169027871	19.75284590387141	9.622117228118226	0.008865397105822124	3.1547932149540365	1.0	3.923027189073966	5.708692947698523	-272.0203906380797	0.19008214129581624	0.27861496967155985	0.13803990111988007	0.3932629879127439
78000	-7801.331011960405	-7501.720582924016	-299.61042903638884	-7501.720582924016	19.62350775146269	9.622117228118226	0.008331506391145065	2.8360000271335326	1.0	3.923027189073966	5.301528977127089	-277.3818561069484	0.19008214129581624	0.27861496967155985	0.13803990111988007	0.3932629879127439
79000	-7826.343730103918	-7522.291235642448	-304.05249446147025	-7522.291235642448	18.924096737441428	9.176674802975324	0.008124179745009518	2.8360000271335326	1.0	3.923027189073966	6.086303356845327	-282.19925863513896	0.1855900431183695	0.28310706784900663	0.13803990111988007	0.3932629879127439
80000	-7801.813714678966	-7505.105177520368	-296.7085371585981	-7505.105177520368	19.047804387475257	8.974515404037035	0.008217894196392196	2.8360000271335326	1.0	3.923027189073966	5.898471518240675	-275.0973511587663	0.17689783249162302	0.28310706784900663	0.13126944160954904	0.40872565804982136
81000	-7774.35687518992	-7476.291011466949	-298.06586372297056	-7476.291011466949	17.325425226424304	8.974515404037035	0.008532808416915538	2.6117925246718303	1.0	3.923027189073966	4.898788659601283	-276.68507349036264	0.14649604670756017	0.3135088536330695	0.13126944160954904	0.40872565804982136
82000	-7768.7420551122095	-7469.452978735701	-299.28907637650775	-7469.452978735701	18.6224812772219	9.630261501785714	0.008095446504885966	2.6117925246718303	1.0	3.923027189073966	5.575181281903183	-277.11252495881604	0.14649604670756017	0.3135088536330695	0.13126944160954904	0.40872565804982136
83000	-7773.760434760412	-7473.83010127141	-299.9303334890019	-7473.83010127141	17.809617655378418	9.751983726075068	0.008504571041068542	2.6117925246718303	1.0	5.789048206719183	5.463667257717105	-275.7254744720828	0.14649604670756017	0.3135088536330695	0.13126944160954904	0.40872565804982136
84000	-7781.859317721685	-7483.851437045967	-298.00788067571796	-7483.851437045967	17.970540156691882	9.566105840865509	0.009069959684633512	2.6117925246718303	1.0	5.789048206719183	7.069893984025543	-273.68388674594485	0.14649604670756017	0.3135088536330695	0.13126944160954904	0.40872565804982136
85000	-7755.454410270164	-7461.546091526347	-293.90831874381706	-7461.546091526347	18.771617724844145	9.566105840865509	0.008943328190082103	2.6117925246718303	1.0	5.789048206719183	4.939869021588197	-269.9569478315824	0.13701558337613312	0.3135088536330695	0.11677834151355894	0.4326972214772385
86000	-7752.855577207572	-7460.413380039725	-292.4421971678475	-7460.413380039725	18.874518276792738	9.571637084299777	0.008976240203739362	2.2033841768986884	1.0	5.789048206719183	4.836228007457064	-268.6587313024657	0.13701558337613312	0.3135088536330695	0.11677834151355894	0.4326972214772385
87000	-7747.971238180154	-7455.266565006678	-292.7046731734758	-7455.266565006678	18.80980597034014	9.782666631869033	0.009655848438298547	2.2033841768986884	1.0	5.789048206719183	5.499485036175359	-268.4887339404907	0.13701558337613312	0.3135088536330695	0.11677834151355894	0.4326972214772385
88000	-7755.63148101845	-7458.767986082825	-296.8634949356251	-7458.767986082825	18.39652466089775	9.884407409943647	0.009245382669931052	2.648224341717649	1.0	5.789048206719183	4.459708726621423	-272.6197066353895	0.13701558337613312	0.3135088536330695	0.11677834151355894	0.4326972214772385
89000	-7743.900668502014	-7454.346958704916	-289.5537097970983	-7454.346958704916	18.390911132850015	9.924517569321862	0.009664031113739108	2.648224341717649	1.0	6.06088266606885	5.219083966590398	-264.79260987263604	0.13701558337613312	0.3135088536330695	0.11677834151355894	0.4326972214772385
90000	-7752.1527632006055	-7458.404328605678	-293.7484345949278	-7458.404328605678	18.57024960453367	9.751586772721376	0.009528876101571304	2.648224341717649	1.0	6.06088266606885	5.320500004989176	-269.17098928077115	0.13701558337613312	0.3135088536330695	0.11677834151355894	0.4326972214772385
91000	-7741.408506068612	-7446.089014209329	-295.3194918592825	-7446.089014209329	18.746383448754358	9.751586772721376	0.009059369900974805	2.648224341717649	1.0	6.06088266606885	5.776034496249228	-270.7106405339602	0.13701558337613312	0.3135088536330695	0.11677834151355894	0.4326972214772385
92000	-7744.819063829673	-7451.525539250106	-293.29352457956713	-7451.525539250106	19.561220322551634	9.751586772721376	0.009327065998316866	2.648224341717649	1.0	5.880228415686259	5.712767425247453	-268.8470982924133	0.13701558337613312	0.3135088536330695	0.11677834151355894	0.4326972214772385
93000	-7721.724248759887	-7428.539357460581	-293.18489129930526	-7428.539357460581	18.041213510281004	9.902124826555779	0.009876129596616426	2.388332813827629	1.0	5.880228415686259	5.939739214038026	-268.57586802930126	0.10682979087095726	0.3135088536330695	0.08962901722309234	0.49003233827288095
94000	-7732.136180229502	-7436.849474332638	-295.2867058968642	-7436.849474332638	18.991315659838218	9.902124826555779	0.009022604098626695	2.388332813827629	1.0	5.880228415686259	5.543280186634412	-270.8375507245606	0.10682979087095726	0.3135088536330695	0.08962901722309234	0.49003233827288095
95000	-7720.944211345623	-7425.533887802113	-295.4103235435104	-7425.533887802113	19.508810495970245	9.949724347135769	0.008811113258740781	1.9814807081863017	1.0	5.880228415686259	5.907623659838189	-271.0295320884766	0.10682979087095726	0.3135088536330695	0.10367215055072831	0.475989204945245
96000	-7734.422558983267	-7442.850066562845	-291.5724924204215	-7442.850066562845	18.335065299821217	9.949724347135769	0.008994650728562856	1.9814807081863017	1.0	3.180891648979555	5.427636241049424	-269.95508097184154	0.10682979087095726	0.3135088536330695	0.10367215055072831	0.475989204945245
97000	-7736.588126481287	-7445.139879571035	-291.4482469102518	-7445.139879571035	18.265719243251706	9.695885713909302	0.008974650816263217	1.9814807081863017	1.0	3.180891648979555	5.796688804858009	-270.04438472436914	0.10682979087095726	0.3135088536330695	0.08826779304565394	0.4913935624503194
98000	-7734.037647661023	-7436.761296146159	-297.2763515148634	-7436.761296146159	18.265719243251706	9.695885713909302	0.008707355023789557	1.9814807081863017	1.0	6.221620195212287	5.171808312093724	-272.9761773138021	0.10682979087095726	0.3135088536330695	0.08826779304565394	0.4913935624503194
99000	-7739.250563769221	-7437.228725455255	-302.02183831396644	-7437.228725455255	19.655370445920163	9.695885713909302	0.008274022036955467	1.9814807081863017	1.0	6.221620195212287	4.927075769984354	-277.821366286917	0.10682979087095726	0.3135088536330695	0.08826779304565394	0.4913935624503194
100000	-7747.002832519443	-7449.871111847287	-297.1317206721563	-7449.871111847287	18.50708812443316	9.849436353536957	0.00803617307402385	1.9814807081863017	1.0	6.221620195212287	5.1948737908387175	-272.7398897657397	0.10682979087095726	0.3135088536330695	0.08826779304565394	0.4913935624503194
