#
#model:
#
#<?xml version="1.0" encoding="UTF-8" standalone="no"?><input id="posterior" spec="beast.core.util.CompoundDistribution">
#    <distribution id="prior" spec="beast.core.util.CompoundDistribution">
#        <distribution id="CoalescentConstant.t:1" spec="beast.evolution.tree.coalescent.Coalescent">
#            <populationModel id="ConstantPopulation.t:1" spec="beast.evolution.tree.coalescent.ConstantPopulation">
#                <parameter id="popSize.t:1" name="popSize" spec="beast.core.parameter.RealParameter">0.3</parameter>
#            </populationModel>
#            <treeIntervals id="TreeIntervals.t:1" spec="beast.evolution.tree.coalescent.TreeIntervals">
#                <tree id="Tree.t:1" spec="beast.evolution.tree.Tree">
#                    <trait id="dateTrait.t:1" spec="beast.evolution.tree.TraitSet" traitname="date" value="2_2000.1=2000.1,17_2001.6=2001.6,18_2001.7=2001.7,21_2002=2002,24_2002.3=2002.3,26_2002.5=2002.5,5_2000.4=2000.4,7_2000.6=2000.6,4_2000.3=2000.3,13_2001.2=2001.2,15_2001.4=2001.4,16_2001.5=2001.5,1_2000=2000,8_2000.7=2000.7,3_2000.2=2000.2,12_2001.1=2001.1,22_2002.1=2002.1,32_2003.1=2003.1,28_2002.7=2002.7,43_2004.2=2004.2,46_2004.5=2004.5,55_2005.4=2005.4,63_2006.2=2006.2,65_2006.4=2006.4,66_2006.5=2006.5,67_2006.6=2006.6,23_2002.2=2002.2,10_2000.9=2000.9,14_2001.3=2001.3,33_2003.2=2003.2,39_2003.8=2003.8,34_2003.3=2003.3,44_2004.3=2004.3,48_2004.7=2004.7,53_2005.2=2005.2,52_2005.1=2005.1,58_2005.7=2005.7,9_2000.8=2000.8,6_2000.5=2000.5,11_2001=2001,25_2002.4=2002.4,20_2001.9=2001.9,47_2004.6=2004.6,36_2003.5=2003.5,45_2004.4=2004.4,50_2004.9=2004.9,42_2004.1=2004.1,51_2005=2005,35_2003.4=2003.4,37_2003.6=2003.6,57_2005.6=2005.6,59_2005.8=2005.8,61_2006=2006,62_2006.1=2006.1,41_2004=2004,40_2003.9=2003.9,49_2004.8=2004.8,74_2007.3=2007.3,77_2007.6=2007.6,68_2006.7=2006.7,70_2006.9=2006.9,81_2008=2008,19_2001.8=2001.8,27_2002.6=2002.6,29_2002.8=2002.8,30_2002.9=2002.9,31_2003=2003,38_2003.7=2003.7,56_2005.5=2005.5,69_2006.8=2006.8,82_2008.1=2008.1,80_2007.9=2007.9,83_2008.2=2008.2,87_2008.6=2008.6,71_2007=2007,75_2007.4=2007.4,72_2007.1=2007.1,91_2009=2009,88_2008.7=2008.7,94_2009.3=2009.3,98_2009.7=2009.7,79_2007.8=2007.8,84_2008.3=2008.3,78_2007.7=2007.7,76_2007.5=2007.5,89_2008.8=2008.8,93_2009.2=2009.2,96_2009.5=2009.5,97_2009.6=2009.6,95_2009.4=2009.4,100_2009.9=2009.9,54_2005.3=2005.3,60_2005.9=2005.9,64_2006.3=2006.3,73_2007.2=2007.2,86_2008.5=2008.5,85_2008.4=2008.4,90_2008.9=2008.9,99_2009.8=2009.8,92_2009.1=2009.1,101_2010=2010">
#                        <taxa id="TaxonSet.1" spec="beast.evolution.alignment.TaxonSet">
#                        </taxa>
#                    </trait>
#                    <taxonset idref="TaxonSet.1"/>
#                </tree>
#            </treeIntervals>
#        </distribution>
#        <prior id="rateOmega.prior" name="distribution">
#            <parameter id="rateOmega" lower="0.1" name="x" spec="beast.core.parameter.RealParameter" upper="10.0">0.5</parameter>
#            <Gamma id="Gamma.0" name="distr">
#                <parameter estimate="false" id="rateOmega.alpha" name="alpha" spec="beast.core.parameter.RealParameter">0.1</parameter>
#                <parameter estimate="false" id="rateOmega.beta" name="beta" spec="beast.core.parameter.RealParameter">1.0</parameter>
#            </Gamma>
#        </prior>
#        <prior id="rateMean.prior" name="distribution">
#            <parameter id="rateMean" lower="1.0E-4" name="x" spec="beast.core.parameter.RealParameter" upper="10.0">0.005</parameter>
#            <Gamma id="Gamma.1" name="distr">
#                <parameter estimate="false" id="rateMean.alpha" name="alpha" spec="beast.core.parameter.RealParameter">0.005</parameter>
#                <parameter estimate="false" id="rateMean.beta" name="beta" spec="beast.core.parameter.RealParameter">1.0</parameter>
#            </Gamma>
#        </prior>
#        <prior id="FrequenciesPrior.s:1" name="distribution">
#            <parameter dimension="4" id="freqParameter.s:1" lower="0.0" name="x" spec="beast.core.parameter.RealParameter" upper="1.0">0.25</parameter>
#            <Uniform id="Uniform.3" name="distr"/>
#        </prior>
#        <prior id="GammaShapePrior.s:1" name="distribution">
#            <parameter id="gammaShape.s:1" name="x" spec="beast.core.parameter.RealParameter">1.0</parameter>
#            <Exponential id="Exponential.0" name="distr">
#                <parameter estimate="false" id="RealParameter.0" name="mean" spec="beast.core.parameter.RealParameter">1.0</parameter>
#            </Exponential>
#        </prior>
#        <prior id="KappaPrior.s:1" name="distribution">
#            <parameter id="kappa.s:1" lower="0.0" name="x" spec="beast.core.parameter.RealParameter">2.0</parameter>
#            <LogNormal id="LogNormalDistributionModel.0" name="distr">
#                <parameter estimate="false" id="RealParameter.1" name="M" spec="beast.core.parameter.RealParameter">1.0</parameter>
#                <parameter estimate="false" id="RealParameter.2" name="S" spec="beast.core.parameter.RealParameter">1.25</parameter>
#            </LogNormal>
#        </prior>
#        <prior id="PopSizePrior.t:1" name="distribution" x="@popSize.t:1">
#            <OneOnX id="OneOnX.1" name="distr"/>
#        </prior>
#    </distribution>
#    <distribution id="likelihood" spec="beast.core.util.CompoundDistribution" useThreads="true">
#        <distribution data="@1" id="treeLikelihood.1" spec="beast.evolution.likelihood.ThreadedTreeLikelihood" tree="@Tree.t:1">
#            <siteModel gammaCategoryCount="4" id="SiteModel.s:1" shape="@gammaShape.s:1" spec="beast.evolution.sitemodel.SiteModel">
#                <parameter id="mutationRate.s:1" name="mutationRate" spec="beast.core.parameter.RealParameter">1.0</parameter>
#                <parameter estimate="false" id="proportionInvariant.s:1" lower="0.0" name="proportionInvariant" spec="beast.core.parameter.RealParameter" upper="1.0">0.0</parameter>
#                <substModel id="hky.s:1" kappa="@kappa.s:1" spec="beast.evolution.substitutionmodel.HKY">
#                    <frequencies frequencies="@freqParameter.s:1" id="estimatedFreqs.s:1" spec="beast.evolution.substitutionmodel.Frequencies"/>
#                </substModel>
#            </siteModel>
#            <branchRateModel id="branchRates" numSites="1000" numberOfDiscreteRates="12" rateMean="@rateMean" rateOmega="@rateOmega" spec="beast.evolution.branchratemodel.ARClockModel" tree="@Tree.t:1">
#                <rateCategories dimension="200" id="rateCategories" spec="beast.core.parameter.IntegerParameter">1</rateCategories>
#            </branchRateModel>
#        </distribution>
#    </distribution>
#</input>
#
Sample	posterior	likelihood	prior	treeLikelihood	TreeHeight	rateOmega	rateMean	kappa	mutationRate	gammaShape	popSize	CoalescentConstant	freqParameter.1	freqParameter.2	freqParameter.3	freqParameter.4
0	-32500.954373696644	-32266.921167526285	-234.03320617036022	-32266.921167526285	10.751582664363609	0.5	0.005	2.0	1.0	1.0	0.3	-230.21431273121476	0.25	0.25	0.25	0.25
1000	-17528.9224844222	-16581.502335857876	-947.4201485643256	-16581.502335857876	12.116189288543374	0.4683020387147087	0.027023999911745405	3.9361561049888136	1.0	1.0	1.4147257090454168	-939.7493316121638	0.25	0.25	0.25	0.25
2000	-13896.07444598813	-13516.251696168682	-379.8227498194476	-13516.251696168682	12.21950315597912	3.871204699481981	0.02123897152392255	3.9361561049888136	1.0	0.768123607670296	11.066726280262827	-365.26838066183666	0.25	0.25	0.25	0.25
3000	-12848.505067734555	-12464.576153773723	-383.928913960832	-12464.576153773723	12.21950315597912	9.660972284199786	0.0193379159431259	3.9361561049888136	1.0	0.768123607670296	15.438053207775472	-362.52401130807726	0.25	0.25	0.25	0.25
4000	-12196.970837300107	-11821.862049658424	-375.10878764168217	-11821.862049658424	12.612530438258188	9.558296220860214	0.018448465692022555	3.9361561049888136	1.0	0.768123607670296	12.587711332569052	-354.06803231251763	0.25	0.24435613048170932	0.25	0.25564386951829066
5000	-11745.375391188158	-11371.182143245102	-374.1932479430566	-11371.182143245102	11.92242659939744	9.909563469272214	0.017440543784515254	4.204403187027982	1.0	0.768123607670296	12.966972625730403	-352.7130308411615	0.25	0.24435613048170932	0.25	0.25564386951829066
6000	-11231.783813196513	-10855.602933200922	-376.18087999559145	-10855.602933200922	13.496341059607527	9.71188925879122	0.015949435490746115	4.204403187027982	1.0	0.768123607670296	13.4886657074866	-354.96744582520193	0.25	0.24435613048170932	0.25	0.25564386951829066
7000	-10855.613118564052	-10489.142470346413	-366.47064821763945	-10489.142470346413	13.816192788660539	9.623603373698504	0.015551502965394731	4.204403187027982	1.0	0.768123607670296	9.948798133446637	-345.68365454444756	0.24924471771442136	0.24511141276728796	0.25	0.25564386951829066
8000	-10429.66271598372	-10076.45489529727	-353.20782068645235	-10076.45489529727	14.12727817357574	9.306474765817402	0.014973450479274746	4.204403187027982	1.0	0.768123607670296	9.192660041806587	-332.8854268692518	0.24924471771442136	0.24511141276728796	0.25	0.25564386951829066
9000	-10300.33492237112	-9947.034126878214	-353.30079549290525	-9947.034126878214	14.537945481428128	9.449923915909707	0.013559673993624404	4.204403187027982	1.0	0.768123607670296	8.375230291752668	-333.0144089147014	0.24924471771442136	0.24511141276728796	0.25	0.25564386951829066
10000	-10196.810744675277	-9842.229950565852	-354.5807941094237	-9842.229950565852	14.140989154470214	9.928026956019188	0.012888500035025192	4.204403187027982	1.0	0.6328216064459761	7.882546186347979	-334.0189966767061	0.2500981337944772	0.24511141276728796	0.24914658391994418	0.25564386951829066
11000	-9979.182291682097	-9629.293780436525	-349.8885112455712	-9629.293780436525	13.955161446575705	9.071157421148595	0.013073677941921064	4.204403187027982	1.0	0.6328216064459761	8.735788646853115	-330.1476625031939	0.2500981337944772	0.24511141276728796	0.24914658391994418	0.25564386951829066
12000	-9858.86316987829	-9510.50519545855	-348.3579744197387	-9510.50519545855	14.075280955457677	9.89183077657402	0.0116097187102073	4.204403187027982	1.0	0.6328216064459761	9.210100095888334	-327.7852598818073	0.2500981337944772	0.24511141276728796	0.24914658391994418	0.25564386951829066
13000	-9658.346796501322	-9314.725265693665	-343.62153080765677	-9314.725265693665	14.075280955457677	8.333830310631301	0.011510891051852263	4.204403187027982	1.0	0.6328216064459761	9.478661765185242	-324.74092679039455	0.2500981337944772	0.24511141276728796	0.24914658391994418	0.25564386951829066
14000	-9463.446920538177	-9119.224537336582	-344.22238320159465	-9119.224537336582	14.905324350206524	9.70585323395425	0.011325555915042489	4.204403187027982	1.0	1.1168434173529236	8.246064416853075	-323.5042122373987	0.2500981337944772	0.24246614663886645	0.24914658391994418	0.25828913564671213
15000	-9445.145965918882	-9103.683374271377	-341.4625916475056	-9103.683374271377	14.658874786073447	9.63601639916993	0.010820567063281094	4.204403187027982	1.0	1.1161972316958177	8.394644797299419	-320.8494349804625	0.2500981337944772	0.24246614663886645	0.24914658391994418	0.25828913564671213
16000	-9410.910721521148	-9071.523750169126	-339.38697135202125	-9071.523750169126	14.658874786073447	9.854419362067146	0.010829807915535151	4.204403187027982	1.0	1.1161972316958177	9.094058019982164	-318.4543548380432	0.2500981337944772	0.24246614663886645	0.24914658391994418	0.25828913564671213
17000	-9186.95000280144	-8848.23424871069	-338.7157540907505	-8848.23424871069	14.658874786073447	9.750227028891079	0.010646442559708397	4.051267976994002	1.0	1.1161972316958177	8.34953180037208	-318.0465048286272	0.2500981337944772	0.24246614663886645	0.24914658391994418	0.25828913564671213
18000	-9092.439105744157	-8756.17806344597	-336.2610422981873	-8756.17806344597	15.056883383684585	9.758016731971477	0.010413954028824165	4.051267976994002	1.0	1.1161972316958177	8.572356039196531	-315.5791486976227	0.2500981337944772	0.24246614663886645	0.24914658391994418	0.25828913564671213
19000	-9067.434662336618	-8726.490415740782	-340.9442465958368	-8726.490415740782	15.056883383684585	9.593404054949898	0.009926069214056643	4.051267976994002	1.0	1.1161972316958177	12.237510804358422	-320.1345445102488	0.2500981337944772	0.24246614663886645	0.24914658391994418	0.25828913564671213
20000	-9031.726076260848	-8696.493418402284	-335.23265785856273	-8696.493418402284	15.056883383684585	9.049919818159228	0.009376666745042278	4.721970774538182	1.0	1.1161972316958177	10.37932009579953	-315.04099373037724	0.2468561180088993	0.24246614663886645	0.2523885997055221	0.25828913564671213
21000	-9001.153570578104	-8666.651371488117	-334.50219908998804	-8666.651371488117	14.383104514966574	9.98260706541282	0.009549872582417481	4.343918191914171	1.0	1.0657276951397536	7.98950503421129	-313.69405330837236	0.2468561180088993	0.24246614663886645	0.2523885997055221	0.25828913564671213
22000	-8968.829906437166	-8633.715564939415	-335.1143414977508	-8633.715564939415	13.811346394293722	9.527801871800492	0.009739061993371908	4.343918191914171	1.0	1.0657276951397536	9.541341941051712	-314.6057547014977	0.2468561180088993	0.24246614663886645	0.2523885997055221	0.25828913564671213
23000	-8881.577056477474	-8545.278919184322	-336.29813729315174	-8545.278919184322	13.206854813783709	9.732596129394382	0.010613701628427504	4.4646780968392035	1.0	1.0657276951397536	8.668540229845261	-315.5392168509288	0.2468561180088993	0.24246614663886645	0.2523885997055221	0.25828913564671213
24000	-8806.232179668017	-8475.591752470646	-330.6404271973713	-8475.591752470646	13.122286428108474	7.981873831186408	0.008971383754734039	4.4646780968392035	1.0	1.0657276951397536	7.123693556313172	-312.17588747349896	0.2468561180088993	0.24246614663886645	0.2523885997055221	0.25828913564671213
25000	-8778.907162760397	-8451.41257051418	-327.4945922462168	-8451.41257051418	12.961476755204094	8.635303274272584	0.009623290754432617	4.4646780968392035	1.0	1.1982467054250743	6.855119169794268	-308.14127012440275	0.2468561180088993	0.24246614663886645	0.2523885997055221	0.25828913564671213
26000	-8780.004195265228	-8455.602397500374	-324.4017977648549	-8455.602397500374	13.410695654932281	8.866845560857216	0.009264137052310044	4.4646780968392035	1.0	1.1982467054250743	7.951348070108362	-304.68297786893766	0.2468561180088993	0.24246614663886645	0.2523885997055221	0.25828913564671213
27000	-8761.870680284264	-8438.89855700053	-322.9721232837346	-8438.89855700053	13.410695654932281	9.411311260578595	0.00993590840372039	4.710099517750828	1.0	1.1982467054250743	7.395823563370405	-302.585881680927	0.2468561180088993	0.24246614663886645	0.2523885997055221	0.25828913564671213
28000	-8761.084584713182	-8432.88152463937	-328.2030600738128	-8432.88152463937	13.644644632497554	8.117758922473161	0.008997497715991891	4.710099517750828	1.0	1.1982467054250743	6.791137680760072	-309.42839130595706	0.2468561180088993	0.24246614663886645	0.2523885997055221	0.25828913564671213
29000	-8591.553179933775	-8267.534043767548	-324.01913616622755	-8267.534043767548	14.040487781833367	9.416307624423872	0.009387379795911104	4.710099517750828	1.0	1.1982467054250743	5.743211317350687	-303.93737114410743	0.2372958470793433	0.2520264175684225	0.2523885997055221	0.25828913564671213
30000	-8584.694828531701	-8269.483145971706	-315.2116825599943	-8269.483145971706	14.040487781833367	9.8665939608082	0.009155049039109159	4.710099517750828	1.0	1.5849422726029345	7.041373299105983	-294.07227813656124	0.2429204774681656	0.2520264175684225	0.24676396931669975	0.25828913564671213
31000	-8567.07663271157	-8255.975808803438	-311.1008239081329	-8255.975808803438	14.181539448405175	9.815095741689213	0.010272292315011908	4.710099517750828	1.0	1.5849422726029345	7.37205715948753	-289.85604775254916	0.2429204774681656	0.2520264175684225	0.24676396931669975	0.25828913564671213
32000	-8529.836149089515	-8216.953371817568	-312.88277727194617	-8216.953371817568	14.181539448405175	8.97715842601568	0.009373945523278915	4.710099517750828	1.0	1.5849422726029345	7.5106858686251305	-292.6295796839501	0.2429204774681656	0.2520264175684225	0.24628023451038733	0.25877287045302455
33000	-8496.374547005724	-8182.652897220787	-313.7216497849372	-8182.652897220787	14.381163087722571	8.87000485896822	0.009032394103319526	4.710099517750828	1.0	1.5444699848321894	7.473122472304896	-293.6691717726172	0.2429204774681656	0.2520264175684225	0.24628023451038733	0.25877287045302455
34000	-8433.757037880583	-8115.807991746149	-317.94904613443464	-8115.807991746149	14.965442122871144	9.391082122013305	0.008454804722754833	4.420778311704071	1.0	1.5444699848321894	7.91115333133081	-297.4178931860808	0.2429204774681656	0.2520264175684225	0.24628023451038733	0.25877287045302455
35000	-8423.609594437177	-8100.366710399839	-323.2428840373381	-8100.366710399839	15.93968342428837	9.844831897815146	0.008006384212451782	4.0443738693797	1.0	1.5444699848321894	8.486449679612548	-302.3141402922116	0.2429204774681656	0.2520264175684225	0.24628023451038733	0.25877287045302455
36000	-8418.482316449854	-8093.624173595923	-324.8581428539307	-8093.624173595923	15.726879840090067	9.647354912770005	0.008361845275193392	4.075628891765447	1.0	1.5444699848321894	7.183281336306819	-304.2585740955411	0.2429204774681656	0.2520264175684225	0.24628023451038733	0.25877287045302455
37000	-8427.711326630893	-8101.127402657456	-326.5839239734372	-8101.127402657456	15.865397842506049	9.643077877048531	0.007941861883652125	4.075628891765447	1.0	1.5444699848321894	8.120342040967815	-305.91810906982454	0.2429204774681656	0.2520264175684225	0.24628023451038733	0.25877287045302455
38000	-8429.418299892079	-8108.235553544075	-321.1827463480042	-8108.235553544075	14.320357047561432	9.987801381612735	0.008862930808371203	4.075628891765447	1.0	1.5444699848321894	6.099951146958955	-300.31658554250254	0.2429204774681656	0.2520264175684225	0.24628023451038733	0.25877287045302455
39000	-8420.5996203762	-8098.562496578081	-322.0371237981199	-8098.562496578081	14.327834984815404	9.987801381612735	0.008291695417318341	4.075628891765447	1.0	1.3288627650716685	6.7549520375003675	-301.35143626307956	0.2429204774681656	0.2520264175684225	0.24628023451038733	0.25877287045302455
40000	-8376.045030991307	-8051.7867068889755	-324.25832410233056	-8051.7867068889755	14.118453710725726	9.013609763640575	0.007872981900497799	4.075628891765447	1.0	1.3288627650716685	8.315539144343612	-304.48332127788996	0.2429204774681656	0.2520264175684225	0.24628023451038733	0.25877287045302455
41000	-8285.446336498597	-7970.375724131016	-315.07061236758005	-7970.375724131016	14.118453710725726	9.886500730112202	0.007727318732695987	4.854507295463682	1.0	1.1468255926525373	7.079458417796517	-294.4712185958608	0.2429204774681656	0.2520264175684225	0.24628023451038733	0.25877287045302455
42000	-8252.392253255519	-7937.535651317271	-314.85660193824725	-7937.535651317271	13.110683244953611	9.227089059586879	0.007894498933652702	4.854507295463682	1.0	2.1148869488743043	7.006937698024975	-293.999514710987	0.2429204774681656	0.2520264175684225	0.24628023451038733	0.25877287045302455
43000	-8157.177608692681	-7840.89977924843	-316.27782944425155	-7840.89977924843	13.110683244953611	9.248507490416618	0.008281311401470735	4.656702765101151	1.0	2.1148869488743043	8.56433225947297	-295.2050345219461	0.2429204774681656	0.2520264175684225	0.24628023451038733	0.25877287045302455
44000	-8086.749345937069	-7769.572091975092	-317.177253961977	-7769.572091975092	13.28866339975405	9.88636479777669	0.008121622685737875	4.656702765101151	1.0	2.1148869488743043	6.966011302919157	-295.6326739065255	0.24194695904621777	0.2520264175684225	0.24628023451038733	0.25974638887497237
45000	-8044.91342035489	-7719.185337632428	-325.72808272246243	-7719.185337632428	13.28866339975405	9.619735435368638	0.007940581049111009	4.656702765101151	1.0	2.1148869488743043	5.488131079049329	-304.735804669643	0.24194695904621777	0.2549231014865139	0.24338355059229586	0.25974638887497237
46000	-7947.563239288152	-7621.295977172462	-326.2672621156895	-7621.295977172462	13.391354041557387	9.655504331182039	0.007589538694779567	4.656702765101151	1.0	2.826785197805215	7.631443016189009	-304.2396280984178	0.24194695904621777	0.2549231014865139	0.24338355059229586	0.25974638887497237
47000	-7791.24576433545	-7465.835220977467	-325.4105433579836	-7465.835220977467	13.092390948348617	9.678747663623172	0.007756292378101104	4.656702765101151	1.0	3.049058821335747	6.891228140019528	-303.21546437703415	0.24194695904621777	0.2549231014865139	0.24338355059229586	0.25974638887497237
48000	-7765.49753140549	-7442.203880796216	-323.2936506092738	-7442.203880796216	13.37813167417992	9.61821738654879	0.007426508061620408	4.656702765101151	1.0	2.4025069629567244	8.09022850008859	-301.69445352901744	0.24194695904621777	0.2549231014865139	0.24338355059229586	0.25974638887497237
49000	-7720.48816335626	-7403.199885799948	-317.28827755631187	-7403.199885799948	13.90419812695103	9.61821738654879	0.007268012417654069	4.656702765101151	1.0	2.4025069629567244	6.529513734457873	-295.92502851938787	0.24440330757944712	0.2549231014865139	0.2409272020590665	0.25974638887497237
50000	-7695.933863651612	-7380.457575344947	-315.4762883066652	-7380.457575344947	13.658776114618902	9.97944438302018	0.007948795115582007	4.656702765101151	1.0	2.4025069629567244	5.931091938774163	-293.72498419377536	0.24440330757944712	0.2549231014865139	0.2409272020590665	0.25974638887497237
51000	-7675.948143381901	-7360.797295806173	-315.1508475757285	-7360.797295806173	13.271324726545949	9.97944438302018	0.008166301789226962	4.656702765101151	1.0	3.699397197429313	6.912510778326381	-291.9224503190507	0.2443668703947467	0.25495953867121435	0.2409272020590665	0.25974638887497237
52000	-7682.686010686586	-7368.31647425039	-314.36953643619694	-7368.31647425039	13.631485891136458	9.844245725586255	0.00729833660596577	4.225587747740751	1.0	4.127745649381125	6.37056025179483	-291.18218567375453	0.2443668703947467	0.25495953867121435	0.2409272020590665	0.25974638887497237
53000	-7654.539711423139	-7342.057189201262	-312.4825222218771	-7342.057189201262	13.172607590265988	9.844245725586255	0.0077579762443984466	4.225587747740751	1.0	4.127745649381125	6.8106535403642185	-289.16714148211713	0.2443668703947467	0.25495953867121435	0.22997209625845377	0.2707014946755851
54000	-7656.202651497702	-7348.147945309063	-308.05470618863893	-7348.147945309063	13.172607590265988	8.769452356935716	0.008265236129573307	4.225587747740751	1.0	4.127745649381125	6.756099509804997	-285.8626852645448	0.2443668703947467	0.25495953867121435	0.22997209625845377	0.2707014946755851
55000	-7645.9294080298205	-7342.403504946598	-303.5259030832223	-7342.403504946598	13.044292555427912	9.978391488124469	0.00869241065630538	4.225587747740751	1.0	2.13017153021029	5.48540692212537	-282.16407158552244	0.2443668703947467	0.25495953867121435	0.22997209625845377	0.2707014946755851
56000	-7605.956286571542	-7309.3149387448	-296.64134782674114	-7309.3149387448	12.94035423351717	9.839557778020682	0.008220654360394935	4.225587747740751	1.0	2.13017153021029	6.284317971199268	-275.3509872691858	0.2443668703947467	0.25495953867121435	0.21929383278971207	0.28137975814432675
57000	-7576.219452704134	-7282.913187479422	-293.30626522471147	-7282.913187479422	13.929788072872132	9.257583274788601	0.008295281956343614	4.21758007648126	1.0	2.13017153021029	5.447782512521746	-272.78896350974094	0.2336275611707677	0.2656988478951933	0.21929383278971207	0.28137975814432675
58000	-7578.993856697071	-7283.426587170452	-295.5672695266196	-7283.426587170452	13.811843239561547	9.41754635803235	0.00891339033642501	4.21758007648126	1.0	4.411617552570921	5.524925897648029	-272.5069525861762	0.2336275611707677	0.2656988478951933	0.21929383278971207	0.28137975814432675
59000	-7561.942235293466	-7266.154469047604	-295.78776624586254	-7266.154469047604	13.811843239561547	8.68492045804279	0.008625615851119593	3.9941779849777967	1.0	4.411617552570921	5.6776562829004265	-273.6074121271324	0.2336275611707677	0.2656988478951933	0.21929383278971207	0.28137975814432675
60000	-7425.177201333928	-7118.854353251416	-306.3228480825116	-7118.854353251416	14.04442484488043	9.94233877375071	0.007847849432006664	3.9941779849777967	1.0	4.411617552570921	6.127623210869492	-282.78191669756313	0.2336275611707677	0.2656988478951933	0.21929383278971207	0.28137975814432675
61000	-7412.395884267023	-7100.423069807148	-311.9728144598746	-7100.423069807148	14.04442484488043	9.407557036285727	0.007616667356010215	3.9941779849777967	1.0	4.411617552570921	6.741135912955211	-288.95098568723	0.2336275611707677	0.26868154017941914	0.21631114050548625	0.28137975814432675
62000	-7403.537572683713	-7095.732688742058	-307.8048839416548	-7095.732688742058	14.00904107798794	9.396072044223507	0.007690152291831298	3.9941779849777967	1.0	4.411617552570921	6.448853747611593	-284.83033847359957	0.23447372585226234	0.26783537549792447	0.21631114050548625	0.28137975814432675
63000	-7411.035980998253	-7103.603663200222	-307.43231779803085	-7103.603663200222	14.00904107798794	9.481141981809373	0.008000692636780953	3.9941779849777967	1.0	4.411617552570921	6.302885679355682	-284.3477853547372	0.24415589999298257	0.26783537549792447	0.20662896636476602	0.28137975814432675
64000	-7417.332987632829	-7113.395646634459	-303.9373409983704	-7113.395646634459	14.00904107798794	9.68157706477858	0.007508233729737548	3.9941779849777967	1.0	4.411617552570921	5.770453612416298	-280.7855050069374	0.24415589999298257	0.26783537549792447	0.20662896636476602	0.28137975814432675
65000	-7375.032712179694	-7064.794556040943	-310.2381561387514	-7064.794556040943	14.00904107798794	9.68157706477858	0.007179593749082627	3.9941779849777967	1.0	4.411617552570921	7.238230102122739	-286.9045564261244	0.23402678968045956	0.27796448581044747	0.20662896636476602	0.28137975814432675
66000	-7360.449167598795	-7052.017210477672	-308.43195712112254	-7052.017210477672	13.16093370715247	9.68157706477858	0.008038826806983973	3.9941779849777967	1.0	4.411617552570921	6.915388405902102	-285.0306506080726	0.24660604028398916	0.27796448581044747	0.19404971576123642	0.28137975814432675
67000	-7355.37189135367	-7049.38522935855	-305.98666199512104	-7049.38522935855	13.530669948920567	9.68157706477858	0.007985732984290478	3.9941779849777967	1.0	4.411617552570921	6.6953109141663685	-282.624343737723	0.24660604028398916	0.27796448581044747	0.19404971576123642	0.28137975814432675
68000	-7339.324780514714	-7032.674195242422	-306.65058527229206	-7032.674195242422	13.752742665897678	9.848253583247919	0.007330301042967294	3.9941779849777967	1.0	4.411617552570921	6.1480881288393405	-283.27736157638657	0.24660604028398916	0.27796448581044747	0.19404971576123642	0.28137975814432675
69000	-7345.9649626290575	-7041.046238040645	-304.9187245884126	-7041.046238040645	13.505758561088985	9.848253583247919	0.007808383157095224	3.9941779849777967	1.0	4.411617552570921	6.940864664398583	-281.36087218378367	0.24660604028398916	0.27796448581044747	0.19404971576123642	0.28137975814432675
70000	-7337.609496119496	-7031.094263221725	-306.5152328977709	-7031.094263221725	13.783553931290099	9.848253583247919	0.0072065714884112855	3.9941779849777967	1.0	4.632357577605603	5.7743868997212555	-283.0010401325036	0.24751824976744738	0.2811840642957949	0.18991792779243077	0.28137975814432675
71000	-7279.694784941577	-6975.942815701586	-303.7519692399914	-6975.942815701586	14.694776799849109	8.476691467474465	0.00669005056763741	3.9941779849777967	1.0	4.632357577605603	6.190034136632857	-281.74932314997966	0.24751824976744738	0.2811840642957949	0.18991792779243077	0.28137975814432675
72000	-7259.103307714737	-6951.426216804761	-307.6770909099757	-6951.426216804761	14.526049191749447	9.946034464115836	0.006872623458640134	3.9941779849777967	1.0	4.632357577605603	6.83512811988999	-283.93512644936294	0.24994689787713892	0.2811840642957949	0.18369598665119732	0.28517305117586866
73000	-7255.044289504768	-6946.667461699079	-308.37682780568935	-6946.667461699079	14.526049191749447	9.626792597129285	0.007317735675665656	3.9941779849777967	1.0	4.632357577605603	6.269214913188375	-285.00700435183717	0.24128768850772098	0.2811840642957949	0.19235519602061527	0.28517305117586866
74000	-7256.700249210405	-6948.552001466838	-308.1482477435666	-6948.552001466838	14.056308109694644	9.577544224824074	0.007716070648062899	3.9941779849777967	1.0	4.632357577605603	7.682592866163854	-284.57584507673096	0.24128768850772098	0.2811840642957949	0.19235519602061527	0.28517305117586866
75000	-7261.0488846350245	-6953.906479442694	-307.14240519233033	-6953.906479442694	14.13844928978592	9.242305775594437	0.007536008816020208	3.9941779849777967	1.0	4.632357577605603	5.9438970532850846	-284.2175744689284	0.24128768850772098	0.2811840642957949	0.19235519602061527	0.28517305117586866
76000	-7264.821741836079	-6958.232671848853	-306.58906998722574	-6958.232671848853	14.13844928978592	9.794344701590994	0.007586546421176007	3.9941779849777967	1.0	4.632357577605603	5.7693815815860425	-283.0830871711216	0.24128768850772098	0.2811840642957949	0.19235519602061527	0.28517305117586866
77000	-7257.113042241553	-6951.975886975177	-305.13715526637566	-6951.975886975177	14.13844928978592	9.794344701590994	0.007301193545531847	3.9941779849777967	1.0	4.632357577605603	6.115501395376812	-281.6113428830945	0.24128768850772098	0.2811840642957949	0.19235519602061527	0.28517305117586866
78000	-7261.916648718323	-6954.801047096795	-307.1156016215284	-6954.801047096795	14.229478461657072	9.881268051906945	0.007790281725942921	3.9941779849777967	1.0	4.632357577605603	5.963844607588422	-283.4550210932763	0.24128768850772098	0.2811840642957949	0.19235519602061527	0.28517305117586866
79000	-7254.2617524540165	-6953.2187290675	-301.04302338651604	-6953.2187290675	13.5308898847818	9.764103127967598	0.00791866997288961	3.9941779849777967	1.0	5.145340193364066	6.021455470885393	-276.97135393438504	0.24128768850772098	0.2811840642957949	0.19235519602061527	0.28517305117586866
80000	-7251.834079051491	-6951.148346415391	-300.6857326361006	-6951.148346415391	13.647860034050689	9.922384697529255	0.007375773153185433	3.9941779849777967	1.0	5.425695142172908	6.325559980453778	-276.1828949015528	0.24128768850772098	0.2811840642957949	0.19235519602061527	0.28517305117586866
81000	-7262.998409435436	-6959.326447337449	-303.6719620979864	-6959.326447337449	13.401869235435216	9.939794179802783	0.007036539492707146	3.6899712740124366	1.0	3.41426049344283	5.131815491323999	-281.51462119712136	0.2157619617699932	0.2959034821529477	0.2040231943288263	0.28431136174823257
82000	-7247.414732709167	-6947.091636960209	-300.3230957489573	-6947.091636960209	13.228716287592169	9.513237302587896	0.007075244907843532	3.6899712740124366	1.0	3.41426049344283	6.580213771276916	-278.3776830261493	0.2157619617699932	0.29382649795514687	0.2040231943288263	0.2863883459460334
83000	-7256.796304687756	-6948.834642334348	-307.9616623534078	-6948.834642334348	13.516287391793108	9.864474991116989	0.007384371173590074	3.6899712740124366	1.0	3.41426049344283	8.848154440374952	-285.2933811426333	0.2157619617699932	0.29382649795514687	0.2040231943288263	0.2863883459460334
84000	-7236.64719049639	-6938.9908530255025	-297.656337470888	-6938.9908530255025	13.516287391793108	9.130072017528144	0.007344967631978058	3.6899712740124366	1.0	6.610004195036219	5.465608662403515	-273.08344165616626	0.2157619617699932	0.29382649795514687	0.2040231943288263	0.2863883459460334
85000	-7220.89892015221	-6925.240420798864	-295.6584993533461	-6925.240420798864	13.769530504604612	9.625710631634835	0.007842031060775774	3.6899712740124366	1.0	6.610004195036219	5.951137704469274	-270.3916281754213	0.2157619617699932	0.29382649795514687	0.2040231943288263	0.2863883459460334
86000	-7217.195824507082	-6922.950508421125	-294.24531608595635	-6922.950508421125	13.981228857101856	9.501495157433803	0.00762804882933898	3.6899712740124366	1.0	4.8199417243849085	6.330898491180956	-270.87029421045366	0.2157619617699932	0.29382649795514687	0.2040231943288263	0.2863883459460334
87000	-7216.970431548965	-6925.828296423615	-291.1421351253507	-6925.828296423615	13.941410048761515	9.840867015586994	0.00790808272025234	3.6899712740124366	1.0	4.8199417243849085	5.178761115566353	-267.560879472109	0.2157619617699932	0.29382649795514687	0.2040231943288263	0.2863883459460334
88000	-7215.729496744493	-6924.667400118339	-291.062096626154	-6924.667400118339	14.066672785825379	9.840867015586994	0.007938002432119352	3.6899712740124366	1.0	4.8199417243849085	4.955288122563667	-267.52116418635757	0.2157619617699932	0.29382649795514687	0.2040231943288263	0.2863883459460334
89000	-7201.4828350680555	-6912.16404656919	-289.31878849886573	-6912.16404656919	14.522642577800676	9.693841553738046	0.008019599070716104	3.134007482169825	1.0	4.8199417243849085	4.773944041563366	-266.15216863565934	0.20245749894485954	0.30713096078028057	0.2040231943288263	0.2863883459460334
90000	-7193.729259282621	-6904.577445127462	-289.1518141551584	-6904.577445127462	14.016977915264548	9.386029471814831	0.008069736215584376	3.134007482169825	1.0	4.91871854518379	4.680971046689846	-266.23668703348295	0.20245749894485954	0.30713096078028057	0.2040231943288263	0.2863883459460334
91000	-7202.4681327285325	-6913.42034166989	-289.0477910586428	-6913.42034166989	12.771204494575038	9.980875100020336	0.009014698522903535	3.134007482169825	1.0	4.91871854518379	5.287641444265982	-265.24952111413774	0.20245749894485954	0.30713096078028057	0.2040231943288263	0.2863883459460334
92000	-7200.817888545229	-6918.318725600621	-282.49916294460803	-6918.318725600621	13.409574739865723	9.980875100020336	0.008464128777330411	3.134007482169825	1.0	4.91871854518379	5.175388601159463	-258.78560566424875	0.20245749894485954	0.30713096078028057	0.2040231943288263	0.2863883459460334
93000	-7166.4673653045675	-6884.174345437543	-282.29301986702427	-6884.174345437543	13.267032797153426	9.980875100020336	0.009386102260549416	3.134007482169825	1.0	4.91871854518379	4.203805145248533	-258.6835888819355	0.20245749894485954	0.30713096078028057	0.1915777751004995	0.29883376517436017
94000	-7175.075969423389	-6892.642494953812	-282.43347446957694	-6892.642494953812	13.190855470305085	9.980875100020336	0.009082465973980495	3.134007482169825	1.0	4.859189677998344	4.807677027627964	-258.78237202070744	0.20245749894485954	0.30713096078028057	0.1915777751004995	0.29883376517436017
95000	-7152.998517559107	-6869.002291839872	-283.99622571923584	-6869.002291839872	12.914632658702454	9.765483053755549	0.008960733221094369	3.1651394916986035	1.0	5.537281346320095	5.075114601769911	-259.8506554251804	0.20245749894485954	0.30713096078028057	0.1915777751004995	0.29883376517436017
96000	-7160.942535957597	-6874.283176235817	-286.6593597217794	-6874.283176235817	12.41070831911302	9.765483053755549	0.009135679881993526	3.1651394916986035	1.0	5.537281346320095	5.402725367756889	-262.4318211844001	0.20245749894485954	0.30713096078028057	0.1915777751004995	0.29883376517436017
97000	-7166.626118625825	-6877.210764065774	-289.415354560051	-6877.210764065774	12.41070831911302	9.765483053755549	0.008538860798102683	3.1651394916986035	1.0	5.460736642922965	4.90904144259395	-265.4280045820987	0.20245749894485954	0.30713096078028057	0.1915777751004995	0.29883376517436017
98000	-7171.8128666355915	-6876.7418240715415	-295.07104256404955	-6876.7418240715415	13.367223539783254	9.991313600058369	0.008507437210535552	3.1651394916986035	1.0	5.460736642922965	5.174482631377001	-270.7883253826975	0.20245749894485954	0.30713096078028057	0.1915777751004995	0.29883376517436017
99000	-7157.080753537083	-6866.436849000591	-290.6439045364922	-6866.436849000591	13.145502982528168	9.55998885899397	0.008427039767518922	3.1651394916986035	1.0	5.460736642922965	4.937513908721935	-266.8886341835415	0.21722219189869754	0.29767279149854103	0.1768130821466615	0.3082919344560997
100000	-7159.5267251735095	-6864.99656638238	-294.5301587911295	-6864.99656638238	13.145502982528168	9.595720564700391	0.008666603054316964	3.1651394916986035	1.0	5.460736642922965	5.712766067753197	-270.56182699138293	0.21722219189869754	0.29767279149854103	0.1768130821466615	0.3082919344560997
