#
#model:
#
#<?xml version="1.0" encoding="UTF-8" standalone="no"?><input id="posterior" spec="beast.core.util.CompoundDistribution">
#    <distribution id="prior" spec="beast.core.util.CompoundDistribution">
#        <distribution id="CoalescentConstant.t:1" spec="beast.evolution.tree.coalescent.Coalescent">
#            <populationModel id="ConstantPopulation.t:1" spec="beast.evolution.tree.coalescent.ConstantPopulation">
#                <parameter id="popSize.t:1" name="popSize" spec="beast.core.parameter.RealParameter">0.3</parameter>
#            </populationModel>
#            <treeIntervals id="TreeIntervals.t:1" spec="beast.evolution.tree.coalescent.TreeIntervals">
#                <tree id="Tree.t:1" spec="beast.evolution.tree.Tree">
#                    <trait id="dateTrait.t:1" spec="beast.evolution.tree.TraitSet" traitname="date" value="2_2000.1=2000.1,17_2001.6=2001.6,18_2001.7=2001.7,21_2002=2002,24_2002.3=2002.3,26_2002.5=2002.5,5_2000.4=2000.4,7_2000.6=2000.6,4_2000.3=2000.3,13_2001.2=2001.2,15_2001.4=2001.4,16_2001.5=2001.5,1_2000=2000,8_2000.7=2000.7,3_2000.2=2000.2,12_2001.1=2001.1,22_2002.1=2002.1,32_2003.1=2003.1,28_2002.7=2002.7,43_2004.2=2004.2,46_2004.5=2004.5,55_2005.4=2005.4,63_2006.2=2006.2,65_2006.4=2006.4,66_2006.5=2006.5,67_2006.6=2006.6,23_2002.2=2002.2,10_2000.9=2000.9,14_2001.3=2001.3,33_2003.2=2003.2,39_2003.8=2003.8,34_2003.3=2003.3,44_2004.3=2004.3,48_2004.7=2004.7,53_2005.2=2005.2,52_2005.1=2005.1,58_2005.7=2005.7,9_2000.8=2000.8,6_2000.5=2000.5,11_2001=2001,25_2002.4=2002.4,20_2001.9=2001.9,47_2004.6=2004.6,36_2003.5=2003.5,45_2004.4=2004.4,50_2004.9=2004.9,42_2004.1=2004.1,51_2005=2005,35_2003.4=2003.4,37_2003.6=2003.6,57_2005.6=2005.6,59_2005.8=2005.8,61_2006=2006,62_2006.1=2006.1,41_2004=2004,40_2003.9=2003.9,49_2004.8=2004.8,74_2007.3=2007.3,77_2007.6=2007.6,68_2006.7=2006.7,70_2006.9=2006.9,81_2008=2008,19_2001.8=2001.8,27_2002.6=2002.6,29_2002.8=2002.8,30_2002.9=2002.9,31_2003=2003,38_2003.7=2003.7,56_2005.5=2005.5,69_2006.8=2006.8,82_2008.1=2008.1,80_2007.9=2007.9,83_2008.2=2008.2,87_2008.6=2008.6,71_2007=2007,75_2007.4=2007.4,72_2007.1=2007.1,91_2009=2009,88_2008.7=2008.7,94_2009.3=2009.3,98_2009.7=2009.7,79_2007.8=2007.8,84_2008.3=2008.3,78_2007.7=2007.7,76_2007.5=2007.5,89_2008.8=2008.8,93_2009.2=2009.2,96_2009.5=2009.5,97_2009.6=2009.6,95_2009.4=2009.4,100_2009.9=2009.9,54_2005.3=2005.3,60_2005.9=2005.9,64_2006.3=2006.3,73_2007.2=2007.2,86_2008.5=2008.5,85_2008.4=2008.4,90_2008.9=2008.9,99_2009.8=2009.8,92_2009.1=2009.1,101_2010=2010">
#                        <taxa id="TaxonSet.1" spec="beast.evolution.alignment.TaxonSet">
#                        </taxa>
#                    </trait>
#                    <taxonset idref="TaxonSet.1"/>
#                </tree>
#            </treeIntervals>
#        </distribution>
#        <prior id="rateOmega.prior" name="distribution">
#            <parameter id="rateOmega" lower="0.1" name="x" spec="beast.core.parameter.RealParameter" upper="10.0">0.5</parameter>
#            <Gamma id="Gamma.0" name="distr">
#                <parameter estimate="false" id="rateOmega.alpha" name="alpha" spec="beast.core.parameter.RealParameter">0.1</parameter>
#                <parameter estimate="false" id="rateOmega.beta" name="beta" spec="beast.core.parameter.RealParameter">1.0</parameter>
#            </Gamma>
#        </prior>
#        <prior id="rateMean.prior" name="distribution">
#            <parameter id="rateMean" lower="1.0E-4" name="x" spec="beast.core.parameter.RealParameter" upper="10.0">0.005</parameter>
#            <Gamma id="Gamma.1" name="distr">
#                <parameter estimate="false" id="rateMean.alpha" name="alpha" spec="beast.core.parameter.RealParameter">0.005</parameter>
#                <parameter estimate="false" id="rateMean.beta" name="beta" spec="beast.core.parameter.RealParameter">1.0</parameter>
#            </Gamma>
#        </prior>
#        <prior id="FrequenciesPrior.s:1" name="distribution">
#            <parameter dimension="4" id="freqParameter.s:1" lower="0.0" name="x" spec="beast.core.parameter.RealParameter" upper="1.0">0.25</parameter>
#            <Uniform id="Uniform.3" name="distr"/>
#        </prior>
#        <prior id="GammaShapePrior.s:1" name="distribution">
#            <parameter id="gammaShape.s:1" name="x" spec="beast.core.parameter.RealParameter">1.0</parameter>
#            <Exponential id="Exponential.0" name="distr">
#                <parameter estimate="false" id="RealParameter.0" name="mean" spec="beast.core.parameter.RealParameter">1.0</parameter>
#            </Exponential>
#        </prior>
#        <prior id="KappaPrior.s:1" name="distribution">
#            <parameter id="kappa.s:1" lower="0.0" name="x" spec="beast.core.parameter.RealParameter">2.0</parameter>
#            <LogNormal id="LogNormalDistributionModel.0" name="distr">
#                <parameter estimate="false" id="RealParameter.1" name="M" spec="beast.core.parameter.RealParameter">1.0</parameter>
#                <parameter estimate="false" id="RealParameter.2" name="S" spec="beast.core.parameter.RealParameter">1.25</parameter>
#            </LogNormal>
#        </prior>
#        <prior id="PopSizePrior.t:1" name="distribution" x="@popSize.t:1">
#            <OneOnX id="OneOnX.1" name="distr"/>
#        </prior>
#    </distribution>
#    <distribution id="likelihood" spec="beast.core.util.CompoundDistribution" useThreads="true">
#        <distribution data="@1" id="treeLikelihood.1" spec="beast.evolution.likelihood.ThreadedTreeLikelihood" tree="@Tree.t:1">
#            <siteModel gammaCategoryCount="4" id="SiteModel.s:1" shape="@gammaShape.s:1" spec="beast.evolution.sitemodel.SiteModel">
#                <parameter id="mutationRate.s:1" name="mutationRate" spec="beast.core.parameter.RealParameter">1.0</parameter>
#                <parameter estimate="false" id="proportionInvariant.s:1" lower="0.0" name="proportionInvariant" spec="beast.core.parameter.RealParameter" upper="1.0">0.0</parameter>
#                <substModel id="hky.s:1" kappa="@kappa.s:1" spec="beast.evolution.substitutionmodel.HKY">
#                    <frequencies frequencies="@freqParameter.s:1" id="estimatedFreqs.s:1" spec="beast.evolution.substitutionmodel.Frequencies"/>
#                </substModel>
#            </siteModel>
#            <branchRateModel id="branchRates" numSites="1000" numberOfDiscreteRates="12" rateMean="@rateMean" rateOmega="@rateOmega" spec="beast.evolution.branchratemodel.ARClockModel" tree="@Tree.t:1">
#                <rateCategories dimension="200" id="rateCategories" spec="beast.core.parameter.IntegerParameter">1</rateCategories>
#            </branchRateModel>
#        </distribution>
#    </distribution>
#</input>
#
Sample	posterior	likelihood	prior	treeLikelihood	TreeHeight	rateOmega	rateMean	kappa	mutationRate	gammaShape	popSize	CoalescentConstant	freqParameter.1	freqParameter.2	freqParameter.3	freqParameter.4
0	-19129.191460285605	-18895.158254115246	-234.03320617036022	-18895.158254115246	10.751582664363609	0.5	0.005	2.0	1.0	1.0	0.3	-230.21431273121476	0.25	0.25	0.25	0.25
1000	-12960.41079575385	-12542.286142927642	-418.12465282620883	-12542.286142927642	11.832594497512979	0.5594122195602672	0.02889336785650592	3.9361561049888136	1.0	1.0	0.9714614829455377	-410.51019751842614	0.24521919259014663	0.25	0.25	0.25478080740985337
2000	-11862.46285940617	-11597.679054133241	-264.7838052729298	-11597.679054133241	12.569968551876059	2.658074662772533	0.027434393014900218	3.9361561049888136	1.0	0.768123607670296	4.5278201388014585	-252.4137605432025	0.24521919259014663	0.25	0.25	0.25478080740985337
3000	-11227.338917365569	-10945.932503710375	-281.4064136551929	-10945.932503710375	12.622790991672346	4.711057755133161	0.023133957234977458	3.9361561049888136	1.0	0.768123607670296	4.8935617978269494	-266.5645705140563	0.24521919259014663	0.25	0.25	0.25478080740985337
4000	-10796.906088366399	-10502.602358827875	-294.30372953852475	-10502.602358827875	12.622790991672346	7.810539103785414	0.0198613939412137	3.9361561049888136	1.0	0.768123607670296	5.670084911940362	-275.9151496497397	0.24521919259014663	0.24435613048170932	0.25	0.260424676928144
5000	-10423.44687509909	-10127.846241687566	-295.60063341152465	-10127.846241687566	12.622790991672346	8.797599579502904	0.02067350668054292	3.9361561049888136	1.0	0.6573232056101344	6.3361155007463	-276.0769403279816	0.24521919259014663	0.24435613048170932	0.25	0.260424676928144
6000	-9946.10027041239	-9650.141650138137	-295.9586202742524	-9650.141650138137	12.622790991672346	9.216601352892773	0.01914623435950437	3.9361561049888136	1.0	0.6573232056101344	6.09269595324388	-276.09111642319635	0.24521919259014663	0.24435613048170932	0.25	0.260424676928144
7000	-9314.622537718056	-9012.941264972054	-301.6812727460013	-9012.941264972054	12.977023892985445	7.978703127620562	0.01655280962760927	3.9361561049888136	1.0	0.6573232056101344	5.809801970852908	-283.37643460341684	0.24394926981614765	0.24435613048170932	0.25	0.26169459970214304
8000	-8996.159350687125	-8686.55978822201	-309.5995624651149	-8686.55978822201	12.866037348638924	9.366643725992565	0.01424160688309678	3.9361561049888136	1.0	0.6573232056101344	5.737824770363987	-289.9268563446905	0.2396861900828888	0.24435613048170932	0.25426307973325885	0.26169459970214304
9000	-8724.875207710797	-8420.917373467028	-303.9578342437681	-8420.917373467028	13.091060135581943	8.703522904627102	0.013257978848700365	3.9361561049888136	1.0	0.7750529198497358	5.1729052090028995	-285.07244319047885	0.2395566606302996	0.24435613048170932	0.2495405885942852	0.26654662029370585
10000	-8639.674334349394	-8337.652988743386	-302.02134560600877	-8337.652988743386	12.757893184823722	9.023587098709429	0.012632305457849553	3.9361561049888136	1.0	0.6385303470980939	7.447684265889426	-282.60416764795616	0.2355953000533843	0.24435613048170932	0.2535019491712005	0.26654662029370585
11000	-8536.612444817965	-8243.829612122256	-292.78283269571017	-8243.829612122256	12.927647487404071	8.288261466297563	0.011364506627238924	3.9361561049888136	1.0	0.6385303470980939	5.3096750243536865	-274.6223558192728	0.2355953000533843	0.24435613048170932	0.2535019491712005	0.26654662029370585
12000	-8361.365310128898	-8063.266840581797	-298.0984695471009	-8063.266840581797	13.138156774910323	8.57129747008005	0.011783744893164416	3.9361561049888136	1.0	0.6385303470980939	5.8502258156961755	-279.49132194741617	0.2355953000533843	0.24435613048170932	0.2535019491712005	0.26654662029370585
13000	-8187.626507068183	-7881.12650363429	-306.50000343389246	-7881.12650363429	13.138156774910323	9.955308994731693	0.010534169292063791	3.9361561049888136	1.0	0.757528083562342	5.853615975055102	-286.36733500623046	0.2355953000533843	0.2474690960510312	0.2503889836018786	0.26654662029370585
14000	-8110.115749346877	-7814.612205069064	-295.5035442778131	-7814.612205069064	13.5948849628822	8.456455433872728	0.01055102830218444	3.9361561049888136	1.0	0.757528083562342	5.435546893219439	-277.08907914370934	0.2355953000533843	0.2474690960510312	0.24738708901341616	0.2695485148821683
15000	-8092.58794193025	-7795.857591248535	-296.7303506817148	-7795.857591248535	13.5948849628822	9.819246051665775	0.011261894086662888	3.9361561049888136	1.0	0.7570897913408478	6.655314358870824	-276.55101850602296	0.2355953000533843	0.2474690960510312	0.24738708901341616	0.2695485148821683
16000	-7984.76236307364	-7687.125667050316	-297.63669602332357	-7687.125667050316	13.5948849628822	9.92264102994122	0.010858376479436297	3.9361561049888136	1.0	0.7570897913408478	5.223653424820351	-277.623469303132	0.2258629889704809	0.2572014071339346	0.24738708901341616	0.2695485148821683
17000	-7977.843520321594	-7676.736793904529	-301.1067264170648	-7676.736793904529	13.5948849628822	9.330133030414418	0.010316562814216473	3.7927911456709906	1.0	0.7570897913408478	5.744083433545616	-281.7433719434587	0.2258629889704809	0.2572014071339346	0.24738708901341616	0.2695485148821683
18000	-7925.97460706762	-7624.324135027438	-301.6504720401814	-7624.324135027438	13.5948849628822	9.386099146711874	0.010318812325899495	3.7927911456709906	1.0	0.7570897913408478	6.085983008585365	-282.1677319067746	0.2258629889704809	0.2572014071339346	0.24738708901341616	0.2695485148821683
19000	-7943.634519644013	-7638.636642449565	-304.9978771944483	-7638.636642449565	12.65529996699101	9.520328661878061	0.010318812325899495	3.7927911456709906	1.0	0.7570897913408478	7.621259421022233	-285.14317453922166	0.2258629889704809	0.2572014071339346	0.24738708901341616	0.2695485148821683
20000	-7922.514891481249	-7619.768146882948	-302.7467445983009	-7619.768146882948	13.85710617866347	9.969783708640806	0.010409326495903704	3.7927911456709906	1.0	0.7570897913408478	5.743438342104484	-282.67517355859616	0.21676441017561576	0.2572014071339346	0.24934848712889696	0.27668569556155265
21000	-7858.773325118084	-7559.808454847312	-298.9648702707724	-7559.808454847312	13.864059775825844	9.609775813759345	0.009874366175701029	3.7927911456709906	1.0	0.7570897913408478	6.300901626801545	-279.2468038472152	0.21676441017561576	0.2572014071339346	0.24763252611774214	0.2784016565727075
22000	-7821.308243239039	-7524.88363912106	-296.42460411797975	-7524.88363912106	13.864059775825844	9.625686418265657	0.009659730059968862	3.7927911456709906	1.0	0.7570897913408478	6.687683853350809	-276.6516445291925	0.21676441017561576	0.2572014071339346	0.24763252611774214	0.2784016565727075
23000	-7671.637776346662	-7377.423226800318	-294.2145495463441	-7377.423226800318	15.209630539651803	9.043085662560056	0.009186847236700437	3.7927911456709906	1.0	0.7570897913408478	6.0374395676719725	-275.2330843858836	0.21676441017561576	0.2572014071339346	0.24763252611774214	0.2784016565727075
24000	-7548.608676848032	-7250.256561102492	-298.3521157455401	-7250.256561102492	14.117464105694411	8.319276664328788	0.009279485088610422	3.7927911456709906	1.0	0.9527752349357811	6.747733125647894	-279.8525544410784	0.21676441017561576	0.2572014071339346	0.24763252611774214	0.2784016565727075
25000	-7498.282277989232	-7201.547709198632	-296.7345687905998	-7201.547709198632	14.168574160823598	9.66898693687872	0.010477360441684208	3.7927911456709906	1.0	1.0712490549686708	4.903940116404603	-276.82867607194845	0.21676441017561576	0.2578543917112645	0.24763252611774214	0.27774867199537756
26000	-7486.175067507468	-7191.008010521032	-295.16705698643597	-7191.008010521032	13.959581590727396	9.200065428968239	0.009657072577143834	3.7927911456709906	1.0	1.0712490549686708	6.204310894740532	-275.6215609383826	0.21676441017561576	0.2578543917112645	0.24763252611774214	0.27774867199537756
27000	-7485.382695540463	-7190.526359015995	-294.8563365244682	-7190.526359015995	14.963318231453718	8.943832260902832	0.00939324182456921	3.7927911456709906	1.0	1.0712490549686708	4.995058494196431	-275.83711607947873	0.21676441017561576	0.2578543917112645	0.24763252611774214	0.27774867199537756
28000	-7483.559828596562	-7183.9666080693605	-299.5932205272009	-7183.9666080693605	15.232728384424735	8.103407753677754	0.008513520496924235	3.7927911456709906	1.0	1.0712490549686708	5.234990876225309	-281.5550431171328	0.21676441017561576	0.2578543917112645	0.24763252611774214	0.27774867199537756
29000	-7368.147538679255	-7070.510971850164	-297.6365668290912	-7070.510971850164	16.076575298983858	9.328216800343688	0.008005945619027595	3.7927911456709906	1.0	1.0712490549686708	5.0623164480942835	-278.3421093282253	0.21676441017561576	0.2578543917112645	0.24763252611774214	0.27774867199537756
30000	-7335.74055506959	-7047.673399340926	-288.0671557286643	-7047.673399340926	15.868251758986009	9.844648895748604	0.009061904000944648	3.7927911456709906	1.0	1.2227220491179958	5.604353213349459	-267.830246629208	0.2223890405644381	0.2578543917112645	0.24200789572891981	0.27774867199537756
31000	-7336.474744506783	-7048.030278981065	-288.44446552571844	-7048.030278981065	14.332093481238791	8.745384037238784	0.008897314021222864	3.7927911456709906	1.0	1.2227220491179958	5.711514061327517	-269.412845372723	0.22531261263339575	0.2578543917112645	0.23908432365996216	0.27774867199537756
32000	-7312.778193959797	-7026.543232564654	-286.2349613951432	-7026.543232564654	14.093524751595034	9.852616925892912	0.009522880066287749	3.7927911456709906	1.0	1.2619421606869972	5.919048784127356	-265.8456729430717	0.22531261263339575	0.2578543917112645	0.23860058885364974	0.27823240680169
33000	-7271.399216573704	-6990.054915887295	-281.34430068640876	-6990.054915887295	13.608836207685004	9.78426676326612	0.009058650259596842	3.7927911456709906	1.0	1.2297178411264607	4.483020646860355	-261.3899222381882	0.22531261263339575	0.2578543917112645	0.23860058885364974	0.27823240680169
34000	-7281.282408012761	-6999.363482411227	-281.91892560153434	-6999.363482411227	14.215046656928692	9.953200928725781	0.009572575843944674	3.7927911456709906	1.0	1.2297178411264607	4.359145030255792	-261.7528072196015	0.22531261263339575	0.2578543917112645	0.23860058885364974	0.27823240680169
35000	-7128.924296657939	-6855.589378392035	-273.33491826590404	-6855.589378392035	14.293957462994312	8.921202013880539	0.009363430870404884	3.7927911456709906	1.0	1.2297178411264607	4.159250499384611	-254.3684462612077	0.22531261263339575	0.2578543917112645	0.23860058885364974	0.27823240680169
36000	-7080.047755111282	-6811.713483669266	-268.3342714420158	-6811.713483669266	13.308300462783489	9.339978592932692	0.009344696652030166	3.7927911456709906	1.0	1.2297178411264607	5.228297271792286	-248.68099766141643	0.2206100983465774	0.25871567385312577	0.24330310314046805	0.2773711246598287
37000	-7040.64312352767	-6773.007230940951	-267.6358925867188	-6773.007230940951	15.269304059443424	8.856906473035796	0.0086503240606921	3.7927911456709906	1.0	1.2297178411264607	4.297683070511479	-248.78701680390145	0.2206100983465774	0.26173594167721737	0.24028283531637645	0.2773711246598287
38000	-7033.844179267547	-6758.222426017855	-275.6217532496918	-6758.222426017855	14.47175632437013	9.44039053535829	0.009088339791873432	3.536939630302348	1.0	1.2297178411264607	4.568221960026912	-256.10450751746555	0.2206100983465774	0.26173594167721737	0.24028283531637645	0.2773711246598287
39000	-7036.197780706235	-6763.037424737341	-273.16035596889395	-6763.037424737341	15.692436343431773	9.301219885150163	0.009338567213470622	3.536939630302348	1.0	1.5319352673102373	4.347289127887501	-253.51572665768845	0.2206100983465774	0.26173594167721737	0.24028283531637645	0.2773711246598287
40000	-7044.629622174717	-6770.506219897349	-274.1234022773675	-6770.506219897349	15.006204664350317	8.59709750856586	0.009361036267833344	3.535280138257843	1.0	1.4319775150920233	5.571196185148454	-255.10377928074243	0.2206100983465774	0.26173594167721737	0.24028283531637645	0.2773711246598287
41000	-7031.780937756627	-6754.526059825461	-277.2548779311661	-6754.526059825461	15.065089145227876	9.130153097002065	0.009593621256752912	3.535280138257843	1.0	2.131937250404103	4.5252696584271055	-257.13137789275686	0.2206100983465774	0.2527069657940893	0.24028283531637645	0.2864001005429568
42000	-7015.218228206168	-6740.396318608265	-274.8219095979027	-6740.396318608265	15.136457075550137	9.796985618804637	0.010121060093438945	3.535280138257843	1.0	2.131937250404103	4.364728571710732	-253.95047532035272	0.2206100983465774	0.2527069657940893	0.24028283531637645	0.2864001005429568
43000	-7003.1875451242695	-6727.820324526741	-275.36722059752776	-6727.820324526741	15.533827398921566	9.2116774361538	0.009407532461147077	3.535280138257843	1.0	2.131937250404103	4.692574373431456	-255.13756737846367	0.223854821564315	0.2527069657940893	0.23703811209863887	0.2864001005429568
44000	-6898.227585908056	-6619.619370166699	-278.6082157413572	-6619.619370166699	16.052626972443846	9.974298304988961	0.009926682706048314	3.535280138257843	1.0	2.131937250404103	4.742902045115242	-257.4797218815079	0.22145832789882064	0.2527069657940893	0.23703811209863887	0.2887965942084511
45000	-6863.959020019076	-6592.818540842689	-271.1404791763869	-6592.818540842689	16.052626972443846	8.668359304745115	0.008323043493072967	3.535280138257843	1.0	2.131937250404103	5.141268539346101	-251.54049354600312	0.22145832789882064	0.25983768310168387	0.22990739479104433	0.2887965942084511
46000	-6853.236136554659	-6575.735986612408	-277.5001499422515	-6575.735986612408	17.758623255613276	7.174843701923692	0.008214337921153503	3.535280138257843	1.0	2.131937250404103	5.305786732158124	-259.5455602107601	0.22145832789882064	0.25983768310168387	0.22990739479104433	0.2887965942084511
47000	-6832.088081721183	-6547.5676985002665	-284.5203832209166	-6547.5676985002665	16.920274093001797	8.493495624206428	0.007825703492525196	3.881451559407248	1.0	2.131937250404103	4.834271187938514	-265.1250546816931	0.22145832789882064	0.25983768310168387	0.22990739479104433	0.2887965942084511
48000	-6841.431346171905	-6552.970885564077	-288.4604606078274	-6552.970885564077	17.351061415486896	9.460964232594595	0.008449980469650831	3.881451559407248	1.0	2.131937250404103	4.3292465596831065	-268.03392301006016	0.22145832789882064	0.25983768310168387	0.22990739479104433	0.2887965942084511
49000	-6795.961240968086	-6511.096302249789	-284.8649387182965	-6511.096302249789	18.429986010952092	8.860472684553015	0.007915682782620347	3.881451559407248	1.0	2.131937250404103	5.4192704120629225	-264.93886765002156	0.22145832789882064	0.25983768310168387	0.222305261518017	0.29639872748147844
50000	-6809.651576833793	-6526.72901737507	-282.92255945872336	-6526.72901737507	16.8637955033089	9.471070666078438	0.008085323861272477	3.881451559407248	1.0	2.131937250404103	4.923011018556832	-262.40068539131835	0.22145832789882064	0.25983768310168387	0.222305261518017	0.29639872748147844
51000	-6753.540999435404	-6465.811979291668	-287.7290201437364	-6465.811979291668	16.23916815120159	9.471070666078438	0.007961743605253195	3.881451559407248	1.0	3.786952611958063	5.059409506435311	-265.5402503707165	0.22137000114735383	0.2599260098531507	0.222305261518017	0.29639872748147844
52000	-6723.700479228172	-6429.432279933912	-294.26819929426034	-6429.432279933912	16.711288076551632	9.96262216664182	0.007663292719754217	3.881451559407248	1.0	2.5670539350365105	4.974478335127447	-272.8174811463753	0.22137000114735383	0.2599260098531507	0.222305261518017	0.29639872748147844
53000	-6726.848527189899	-6435.2442924053885	-291.6042347845106	-6435.2442924053885	17.778348164447642	8.359622802194878	0.006807902206741084	3.881451559407248	1.0	2.5670539350365105	4.940006957622245	-272.0399753948239	0.22137000114735383	0.2599260098531507	0.222305261518017	0.29639872748147844
54000	-6677.42074554238	-6385.88243321494	-291.5383123274409	-6385.88243321494	17.806995615615868	7.588234087377468	0.006623133414712025	3.881451559407248	1.0	3.08725516061303	5.289080560704165	-272.27165834263786	0.22137000114735383	0.2599260098531507	0.19550792848263437	0.32319606051686106
55000	-6673.77818791464	-6375.977981858811	-297.80020605582797	-6375.977981858811	18.003608495455726	9.754022767277371	0.008339105013000433	3.881451559407248	1.0	3.08725516061303	6.131069939785664	-275.76311438782096	0.22137000114735383	0.2599260098531507	0.19550792848263437	0.32319606051686106
56000	-6672.625826903708	-6376.325579267634	-296.3002476360739	-6376.325579267634	17.11653940892469	9.221655941418215	0.0073675050678988505	3.881451559407248	1.0	3.08725516061303	5.899529749067336	-275.00876106673354	0.22137000114735383	0.2599260098531507	0.19550792848263437	0.32319606051686106
57000	-6643.427276157889	-6345.754565215744	-297.6727109421442	-6345.754565215744	18.488453886412756	9.258770183723515	0.007078400984685489	3.881451559407248	1.0	2.5061593617232103	6.360866124091711	-276.88641911691036	0.20306921314665613	0.2599260098531507	0.19550792848263437	0.3414968485175588
58000	-6646.284194212158	-6346.9096526857575	-299.37454152640066	-6346.9096526857575	18.41596322092166	9.52793643784377	0.007059292192712614	3.881451559407248	1.0	2.5061593617232103	6.44150654586204	-278.2834031468074	0.20306921314665613	0.2599260098531507	0.19550792848263437	0.3414968485175588
59000	-6638.067863598258	-6336.6707073625375	-301.3971562357203	-6336.6707073625375	18.34473599059562	8.451994758618548	0.0069818273227718166	3.6567433387459247	1.0	2.5061593617232103	6.333634009928152	-281.58984101646115	0.20306921314665613	0.26072110572236323	0.19471283261342182	0.3414968485175588
60000	-6631.43720465204	-6327.012560558243	-304.4246440937966	-6327.012560558243	18.1547534990551	9.73423469401558	0.006842623260173137	3.6567433387459247	1.0	2.3647365292796105	6.628252229228164	-283.3241009017228	0.20306921314665613	0.26072110572236323	0.19471283261342182	0.3414968485175588
61000	-6629.477434690099	-6325.086637711991	-304.3907969781076	-6325.086637711991	19.27006311787395	9.485310766404945	0.006608332185730564	3.6567433387459247	1.0	2.3647365292796105	5.818183523087086	-283.72774491573415	0.20306921314665613	0.26072110572236323	0.19471283261342182	0.3414968485175588
62000	-6592.291343993394	-6292.230992920131	-300.0603510732622	-6292.230992920131	19.543086829790642	9.485310766404945	0.006571701388182275	3.6567433387459247	1.0	2.3647365292796105	5.758053852086893	-279.4132549508766	0.19797941591462317	0.2658109029543962	0.19471283261342182	0.3414968485175588
63000	-6491.64731068765	-6192.325693075326	-299.3216176123239	-6192.325693075326	20.34817045080994	9.485310766404945	0.0068266370531500226	3.6567433387459247	1.0	2.3647365292796105	6.406045360859905	-278.52975485247555	0.19797941591462317	0.2658109029543962	0.16495813829882464	0.371251542832156
64000	-6482.323060898732	-6187.842530370277	-294.4805305284553	-6187.842530370277	19.49875745849079	9.58375173820615	0.007128945121892923	3.6567433387459247	1.0	2.3647365292796105	5.594211343050826	-273.67302750797927	0.19797941591462317	0.2658109029543962	0.16495813829882464	0.371251542832156
65000	-6481.762404987714	-6188.227063523238	-293.5353414644759	-6188.227063523238	17.39542981804454	9.297527820870839	0.0070735473718900755	3.6567433387459247	1.0	2.3647365292796105	4.599629854590949	-273.24492500233185	0.19797941591462317	0.2658109029543962	0.16495813829882464	0.371251542832156
66000	-6486.424521566105	-6192.736117459326	-293.68840410677853	-6192.736117459326	17.157048500441217	9.501856418987343	0.007318242641023198	3.060923162122412	1.0	2.3647365292796105	5.983978097699535	-273.0783939410338	0.19797941591462317	0.2658109029543962	0.16213329606706167	0.374076385063919
67000	-6482.618189401776	-6185.378351798076	-297.2398376036997	-6185.378351798076	17.12637801987987	9.517172680337538	0.007021198033269124	3.060923162122412	1.0	2.3647365292796105	6.207357970891021	-276.6179380585789	0.19797941591462317	0.2658109029543962	0.16213329606706167	0.374076385063919
68000	-6435.486499159882	-6141.295962473681	-294.19053668620074	-6141.295962473681	17.679161151817606	8.671260025369339	0.007178255785551316	3.060923162122412	1.0	2.3647365292796105	5.600343731265829	-274.57906350421854	0.19797941591462317	0.2658109029543962	0.16213329606706167	0.374076385063919
69000	-6435.818134593094	-6134.777339315612	-301.0407952774824	-6134.777339315612	16.94072920230454	9.911111100053436	0.007269265570908813	3.060923162122412	1.0	2.3647365292796105	5.720725754069487	-280.0352983520914	0.19797941591462317	0.2658109029543962	0.16213329606706167	0.374076385063919
70000	-6418.774902326174	-6119.803646111548	-298.971256214626	-6119.803646111548	16.923423095463434	9.455596403981705	0.006831285707935958	3.060923162122412	1.0	2.3647365292796105	5.674330534116437	-278.5340314209748	0.20013024568630647	0.2733618440371226	0.152431525212652	0.374076385063919
71000	-6408.1762674406145	-6109.478174969895	-298.6980924707194	-6109.478174969895	17.178809936242736	9.641228824733231	0.007040354548143201	3.060923162122412	1.0	2.3647365292796105	5.811342683268466	-278.0036746165704	0.20013024568630647	0.2733618440371226	0.152431525212652	0.374076385063919
72000	-6375.067113639941	-6077.03412445218	-298.0329891877621	-6077.03412445218	17.812314354796094	9.56739627363867	0.006782790348413223	3.060923162122412	1.0	4.550493538231028	5.446259273320101	-275.33578941730485	0.1748227241754787	0.27497904910018167	0.152431525212652	0.3977667015116877
73000	-6370.589195440975	-6073.377052142985	-297.21214329799017	-6073.377052142985	17.3308041063271	9.375108428810472	0.0069164542838444755	3.060923162122412	1.0	4.550493538231028	6.202925375032042	-274.57586125229983	0.1539331426335887	0.27497904910018167	0.173321106754542	0.3977667015116877
74000	-6362.551287395498	-6068.447160367239	-294.1041270282582	-6068.447160367239	17.30158159921958	9.548948126999692	0.007294921992336841	3.060923162122412	1.0	4.550493538231028	5.303477448352953	-271.38074066313544	0.1539331426335887	0.27497904910018167	0.173321106754542	0.3977667015116877
75000	-6367.597749754898	-6074.154451086254	-293.4432986686443	-6074.154451086254	17.529840634325474	9.548948126999692	0.007760274016482715	3.060923162122412	1.0	4.550493538231028	6.138618984342227	-270.51167992290834	0.15417683273059463	0.27473535900317575	0.173321106754542	0.3977667015116877
76000	-6366.905464369588	-6073.485706421839	-293.4197579477493	-6073.485706421839	18.07118355647052	9.87237015141706	0.007057627424933208	3.060923162122412	1.0	4.550493538231028	4.612504395050203	-270.51570476171156	0.15417683273059463	0.27473535900317575	0.173321106754542	0.3977667015116877
77000	-6362.766181484491	-6071.312398287326	-291.4537831971653	-6071.312398287326	17.86678293123293	8.344673218025434	0.006429779367564139	3.060923162122412	1.0	4.550493538231028	5.937827153320962	-270.06949026322604	0.15417683273059463	0.27473535900317575	0.173321106754542	0.3977667015116877
78000	-6359.55805778399	-6072.778458995798	-286.77959878819206	-6072.778458995798	17.86678293123293	8.237818873817998	0.007253236090254101	3.060923162122412	1.0	4.550493538231028	4.90023746428492	-265.5850903880916	0.15417683273059463	0.27473535900317575	0.173321106754542	0.3977667015116877
79000	-6341.681604723363	-6056.901033275604	-284.7805714477591	-6056.901033275604	18.506889357738498	9.472063167451326	0.007071732209742889	3.060923162122412	1.0	3.504081465576194	5.259967808404201	-263.2271366227217	0.12063223310389307	0.27473535900317575	0.173321106754542	0.4313113011383893
80000	-6331.928319718234	-6045.022521844958	-286.9057978732767	-6045.022521844958	17.453041770678645	7.911519940801073	0.006960441846369689	3.060923162122412	1.0	3.504081465576194	3.809440943022502	-267.4134673638748	0.1282260394338762	0.27473535900317575	0.16572730042455885	0.4313113011383893
81000	-6337.247812778464	-6051.809090227788	-285.43872255067606	-6051.809090227788	15.886604107654403	8.175442228725856	0.007030078043050631	3.060923162122412	1.0	3.504081465576194	5.396133994683004	-265.2947613105903	0.1282260394338762	0.27473535900317575	0.16572730042455885	0.4313113011383893
82000	-6345.737809391883	-6065.720807390096	-280.0170020017877	-6065.720807390096	13.848017327986424	7.314274539807997	0.007201683301619726	2.6082104702599547	1.0	3.504081465576194	5.96960044758333	-260.8732348883525	0.1282260394338762	0.27473535900317575	0.16572730042455885	0.4313113011383893
83000	-6306.8275105253715	-6031.9772176713695	-274.85029285400225	-6031.9772176713695	13.928216332759364	9.662563516744326	0.00803776988316082	2.6082104702599547	1.0	3.504081465576194	4.7294722246479965	-253.23039134864266	0.1282260394338762	0.27473535900317575	0.16572730042455885	0.4313113011383893
84000	-6313.1461439330915	-6039.471212019476	-273.674931913615	-6039.471212019476	13.928216332759364	9.77667208487925	0.007375436627069123	2.6082104702599547	1.0	3.504081465576194	5.021347315583115	-251.95669993704357	0.11470889463968661	0.28825250379736533	0.16572730042455885	0.4313113011383893
85000	-6314.540327784262	-6036.350407287549	-278.18992049671346	-6036.350407287549	13.899928483777773	9.77667208487925	0.007887566296750768	2.6082104702599547	1.0	3.504081465576194	4.382531116681819	-256.5404513733871	0.11470889463968661	0.28825250379736533	0.16572730042455885	0.4313113011383893
86000	-6325.973563851285	-6054.954082925533	-271.01948092575213	-6054.954082925533	13.965361125356763	8.856130119568565	0.0077928687054357616	2.213818746849329	1.0	4.554374471100423	4.776280469694026	-249.40634557123008	0.11470889463968661	0.28825250379736533	0.16572730042455885	0.4313113011383893
87000	-6325.807114068098	-6052.271452132987	-273.5356619351109	-6052.271452132987	14.01509827447651	9.315999746483195	0.007440502735198137	2.213818746849329	1.0	4.554374471100423	4.76131946429219	-251.46662477290658	0.14776657286762837	0.28825250379736533	0.1326696221966171	0.4313113011383893
88000	-6299.126905434915	-6026.833047600534	-272.2938578343813	-6026.833047600534	15.346823784078115	9.315999746483195	0.007664469192238063	2.213818746849329	1.0	4.554374471100423	5.261051489452472	-250.09528206784614	0.14776657286762837	0.3216111628518532	0.0993109631421292	0.4313113011383893
89000	-6299.479383013368	-6025.293035148175	-274.1863478651926	-6025.293035148175	15.812561253191769	9.770122893116183	0.007901405563844367	2.213818746849329	1.0	4.554374471100423	4.802278119580383	-251.551523186961	0.14776657286762837	0.3216111628518532	0.0993109631421292	0.4313113011383893
90000	-6299.594446173847	-6019.622546628125	-279.97189954572264	-6019.622546628125	15.812561253191769	9.993287892119174	0.0076111410356560355	2.213818746849329	1.0	4.554374471100423	4.820082272154344	-257.127413824421	0.14568311803931788	0.32369461768016367	0.08866949404323068	0.4419527702372878
91000	-6274.084785007599	-5994.406035937381	-279.67874907021854	-5994.406035937381	15.852982589714806	9.112773494592316	0.007903260131378745	2.213818746849329	1.0	4.554374471100423	5.50982536097284	-257.62628265024864	0.14568311803931788	0.32369461768016367	0.08866949404323068	0.4419527702372878
92000	-6259.005359168927	-5981.840216906591	-277.16514226233517	-5981.840216906591	15.852982589714806	9.391131667490423	0.007696385470647986	2.213818746849329	1.0	4.554374471100423	4.794089863009046	-254.97298569345458	0.14568311803931788	0.32369461768016367	0.08866949404323068	0.4419527702372878
93000	-6264.376036372219	-5987.986310749807	-276.38972562241156	-5987.986310749807	15.187998038548937	9.314183735160842	0.007354088503640295	2.213818746849329	1.0	4.554374471100423	4.9208660865480605	-254.30143021433713	0.14568311803931788	0.3142117871188162	0.08866949404323068	0.45143560079863526
94000	-6265.9671291585955	-5986.104207637516	-279.8629215210795	-5986.104207637516	14.409896684519515	9.314183735160842	0.007340064295153647	2.213818746849329	1.0	4.772095829133466	5.126671287213904	-257.51784602270357	0.14568311803931788	0.3142117871188162	0.08866949404323068	0.45143560079863526
95000	-6273.093244720941	-5997.930612149749	-275.1626325711911	-5997.930612149749	14.409896684519515	8.837536853099044	0.007120637810134851	1.827917443980033	1.0	5.854893470650006	4.811791590863293	-252.50712524376598	0.14568311803931788	0.3142117871188162	0.08866949404323068	0.45143560079863526
96000	-6271.486475797459	-5993.79854365309	-277.68793214436954	-5993.79854365309	16.04880182357643	9.281140974769613	0.007500658915655888	1.827917443980033	1.0	6.511676534535079	5.126650654083523	-253.77246228335488	0.14568311803931788	0.3142117871188162	0.08866949404323068	0.45143560079863526
97000	-6275.761815789637	-5995.83566644602	-279.92614934361717	-5995.83566644602	15.843767891379876	8.865920051686215	0.007357662688796886	1.827917443980033	1.0	6.511676534535079	4.61953662729845	-256.59054666065197	0.14568311803931788	0.3142117871188162	0.08866949404323068	0.45143560079863526
98000	-6261.590680188731	-5984.979035017639	-276.6116451710925	-5984.979035017639	16.062989039350953	8.903996884819907	0.007531233199534236	1.827917443980033	1.0	6.511676534535079	4.657781989899968	-253.20249022508096	0.14568311803931788	0.3142117871188162	0.08866949404323068	0.45143560079863526
99000	-6275.421912934121	-5997.72425958761	-277.6976533465113	-5997.72425958761	15.589768643169451	7.940052559423631	0.007321608732801464	1.827917443980033	1.0	5.628214358720037	5.423211853266572	-256.11517557298566	0.14568311803931788	0.3142117871188162	0.08866949404323068	0.45143560079863526
100000	-6264.347018508967	-5987.036034014842	-277.3109844941256	-5987.036034014842	15.127469834294283	9.085347433927465	0.007641837388492706	1.827917443980033	1.0	5.628214358720037	5.171379913790236	-254.4665775913279	0.14568311803931788	0.3142117871188162	0.08866949404323068	0.45143560079863526
