#
#model:
#
#<?xml version="1.0" encoding="UTF-8" standalone="no"?><input id="posterior" spec="beast.core.util.CompoundDistribution">
#    <distribution id="prior" spec="beast.core.util.CompoundDistribution">
#        <distribution id="CoalescentConstant.t:1" spec="beast.evolution.tree.coalescent.Coalescent">
#            <populationModel id="ConstantPopulation.t:1" spec="beast.evolution.tree.coalescent.ConstantPopulation">
#                <parameter id="popSize.t:1" name="popSize" spec="beast.core.parameter.RealParameter">0.3</parameter>
#            </populationModel>
#            <treeIntervals id="TreeIntervals.t:1" spec="beast.evolution.tree.coalescent.TreeIntervals">
#                <tree id="Tree.t:1" spec="beast.evolution.tree.Tree">
#                    <trait id="dateTrait.t:1" spec="beast.evolution.tree.TraitSet" traitname="date" value="2_2000.1=2000.1,17_2001.6=2001.6,18_2001.7=2001.7,21_2002=2002,24_2002.3=2002.3,26_2002.5=2002.5,5_2000.4=2000.4,7_2000.6=2000.6,4_2000.3=2000.3,13_2001.2=2001.2,15_2001.4=2001.4,16_2001.5=2001.5,1_2000=2000,8_2000.7=2000.7,3_2000.2=2000.2,12_2001.1=2001.1,22_2002.1=2002.1,32_2003.1=2003.1,28_2002.7=2002.7,43_2004.2=2004.2,46_2004.5=2004.5,55_2005.4=2005.4,63_2006.2=2006.2,65_2006.4=2006.4,66_2006.5=2006.5,67_2006.6=2006.6,23_2002.2=2002.2,10_2000.9=2000.9,14_2001.3=2001.3,33_2003.2=2003.2,39_2003.8=2003.8,34_2003.3=2003.3,44_2004.3=2004.3,48_2004.7=2004.7,53_2005.2=2005.2,52_2005.1=2005.1,58_2005.7=2005.7,9_2000.8=2000.8,6_2000.5=2000.5,11_2001=2001,25_2002.4=2002.4,20_2001.9=2001.9,47_2004.6=2004.6,36_2003.5=2003.5,45_2004.4=2004.4,50_2004.9=2004.9,42_2004.1=2004.1,51_2005=2005,35_2003.4=2003.4,37_2003.6=2003.6,57_2005.6=2005.6,59_2005.8=2005.8,61_2006=2006,62_2006.1=2006.1,41_2004=2004,40_2003.9=2003.9,49_2004.8=2004.8,74_2007.3=2007.3,77_2007.6=2007.6,68_2006.7=2006.7,70_2006.9=2006.9,81_2008=2008,19_2001.8=2001.8,27_2002.6=2002.6,29_2002.8=2002.8,30_2002.9=2002.9,31_2003=2003,38_2003.7=2003.7,56_2005.5=2005.5,69_2006.8=2006.8,82_2008.1=2008.1,80_2007.9=2007.9,83_2008.2=2008.2,87_2008.6=2008.6,71_2007=2007,75_2007.4=2007.4,72_2007.1=2007.1,91_2009=2009,88_2008.7=2008.7,94_2009.3=2009.3,98_2009.7=2009.7,79_2007.8=2007.8,84_2008.3=2008.3,78_2007.7=2007.7,76_2007.5=2007.5,89_2008.8=2008.8,93_2009.2=2009.2,96_2009.5=2009.5,97_2009.6=2009.6,95_2009.4=2009.4,100_2009.9=2009.9,54_2005.3=2005.3,60_2005.9=2005.9,64_2006.3=2006.3,73_2007.2=2007.2,86_2008.5=2008.5,85_2008.4=2008.4,90_2008.9=2008.9,99_2009.8=2009.8,92_2009.1=2009.1,101_2010=2010">
#                        <taxa id="TaxonSet.1" spec="beast.evolution.alignment.TaxonSet">
#                        </taxa>
#                    </trait>
#                    <taxonset idref="TaxonSet.1"/>
#                </tree>
#            </treeIntervals>
#        </distribution>
#        <prior id="rateOmega.prior" name="distribution">
#            <parameter id="rateOmega" lower="0.1" name="x" spec="beast.core.parameter.RealParameter" upper="10.0">0.5</parameter>
#            <Gamma id="Gamma.0" name="distr">
#                <parameter estimate="false" id="rateOmega.alpha" name="alpha" spec="beast.core.parameter.RealParameter">0.1</parameter>
#                <parameter estimate="false" id="rateOmega.beta" name="beta" spec="beast.core.parameter.RealParameter">1.0</parameter>
#            </Gamma>
#        </prior>
#        <prior id="rateMean.prior" name="distribution">
#            <parameter id="rateMean" lower="1.0E-4" name="x" spec="beast.core.parameter.RealParameter" upper="10.0">0.005</parameter>
#            <Gamma id="Gamma.1" name="distr">
#                <parameter estimate="false" id="rateMean.alpha" name="alpha" spec="beast.core.parameter.RealParameter">0.005</parameter>
#                <parameter estimate="false" id="rateMean.beta" name="beta" spec="beast.core.parameter.RealParameter">1.0</parameter>
#            </Gamma>
#        </prior>
#        <prior id="FrequenciesPrior.s:1" name="distribution">
#            <parameter dimension="4" id="freqParameter.s:1" lower="0.0" name="x" spec="beast.core.parameter.RealParameter" upper="1.0">0.25</parameter>
#            <Uniform id="Uniform.3" name="distr"/>
#        </prior>
#        <prior id="GammaShapePrior.s:1" name="distribution">
#            <parameter id="gammaShape.s:1" name="x" spec="beast.core.parameter.RealParameter">1.0</parameter>
#            <Exponential id="Exponential.0" name="distr">
#                <parameter estimate="false" id="RealParameter.0" name="mean" spec="beast.core.parameter.RealParameter">1.0</parameter>
#            </Exponential>
#        </prior>
#        <prior id="KappaPrior.s:1" name="distribution">
#            <parameter id="kappa.s:1" lower="0.0" name="x" spec="beast.core.parameter.RealParameter">2.0</parameter>
#            <LogNormal id="LogNormalDistributionModel.0" name="distr">
#                <parameter estimate="false" id="RealParameter.1" name="M" spec="beast.core.parameter.RealParameter">1.0</parameter>
#                <parameter estimate="false" id="RealParameter.2" name="S" spec="beast.core.parameter.RealParameter">1.25</parameter>
#            </LogNormal>
#        </prior>
#        <prior id="PopSizePrior.t:1" name="distribution" x="@popSize.t:1">
#            <OneOnX id="OneOnX.1" name="distr"/>
#        </prior>
#    </distribution>
#    <distribution id="likelihood" spec="beast.core.util.CompoundDistribution" useThreads="true">
#        <distribution data="@1" id="treeLikelihood.1" spec="beast.evolution.likelihood.ThreadedTreeLikelihood" tree="@Tree.t:1">
#            <siteModel gammaCategoryCount="4" id="SiteModel.s:1" shape="@gammaShape.s:1" spec="beast.evolution.sitemodel.SiteModel">
#                <parameter id="mutationRate.s:1" name="mutationRate" spec="beast.core.parameter.RealParameter">1.0</parameter>
#                <parameter estimate="false" id="proportionInvariant.s:1" lower="0.0" name="proportionInvariant" spec="beast.core.parameter.RealParameter" upper="1.0">0.0</parameter>
#                <substModel id="hky.s:1" kappa="@kappa.s:1" spec="beast.evolution.substitutionmodel.HKY">
#                    <frequencies frequencies="@freqParameter.s:1" id="estimatedFreqs.s:1" spec="beast.evolution.substitutionmodel.Frequencies"/>
#                </substModel>
#            </siteModel>
#            <branchRateModel id="branchRates" numSites="1000" numberOfDiscreteRates="12" rateMean="@rateMean" rateOmega="@rateOmega" spec="beast.evolution.branchratemodel.ARClockModel" tree="@Tree.t:1">
#                <rateCategories dimension="200" id="rateCategories" spec="beast.core.parameter.IntegerParameter">1</rateCategories>
#            </branchRateModel>
#        </distribution>
#    </distribution>
#</input>
#
Sample	posterior	likelihood	prior	treeLikelihood	TreeHeight	rateOmega	rateMean	kappa	mutationRate	gammaShape	popSize	CoalescentConstant	freqParameter.1	freqParameter.2	freqParameter.3	freqParameter.4
0	-60150.950174469115	-59916.916968298756	-234.03320617036022	-59916.916968298756	10.751582664363609	0.5	0.005	2.0	1.0	1.0	0.3	-230.21431273121476	0.25	0.25	0.25	0.25
1000	-27708.75128064819	-26545.620909772188	-1163.1303708760022	-26545.620909772188	15.309257076841982	0.5776717302464988	0.03387742203847981	3.9361561049888136	1.0	1.0	2.989440344622411	-1154.181383913809	0.25	0.25	0.25	0.25
2000	-21879.744338806806	-21426.71346608142	-453.03087272538744	-21426.71346608142	15.235493582894348	4.541068483544615	0.025104336137288942	3.9361561049888136	1.0	1.0	26.064379487482054	-436.4042676666703	0.24781943583948512	0.25	0.2521805641605149	0.25
3000	-18763.256324561524	-18300.9421982378	-462.3141263237212	-18300.9421982378	18.42863249231205	9.952442481786136	0.0214211340302264	3.9361561049888136	1.0	1.0	30.34936113418131	-439.5793037826075	0.24781943583948512	0.25	0.2521805641605149	0.25
4000	-15382.2093932147	-14919.326731483414	-462.8826617312862	-14919.326731483414	20.067403244836665	8.064436602869467	0.01645745665148054	3.9361561049888136	1.0	1.0	30.091824856973734	-442.50093075156263	0.24781943583948512	0.25	0.24709346715071118	0.2550870970098037
5000	-14357.73320539841	-13890.525301290316	-467.20790410809354	-13890.525301290316	19.44966048587747	9.735920406563963	0.013478330531470843	4.204403187027982	1.0	1.0	35.88956246028969	-444.9277110155589	0.24781943583948512	0.25	0.24709346715071118	0.2550870970098037
6000	-13739.700875952823	-13274.773961166038	-464.9269147867862	-13274.773961166038	18.880911822402144	9.788785245066439	0.013035532186244545	4.204403187027982	1.0	1.0	26.868900563587754	-442.9121403487722	0.24781943583948512	0.25	0.24709346715071118	0.2550870970098037
7000	-12977.55654485763	-12522.35659138528	-455.1999534723507	-12522.35659138528	17.314647945729597	9.880768384332098	0.011198488478815563	4.204403187027982	1.0	0.6274409745445836	30.014066587772795	-433.4996182513958	0.24781943583948512	0.25	0.24709346715071118	0.2550870970098037
8000	-12171.476069905662	-11719.723957300499	-451.75211260516346	-11719.723957300499	18.3251820333029	9.880768384332098	0.009889025048269908	4.204403187027982	1.0	0.4049776421163296	28.479115766207684	-430.45177678403286	0.23959547953511423	0.25	0.2468585192891389	0.2635460011757469
9000	-11377.243976514817	-10929.527144133615	-447.71683238120204	-10929.527144133615	18.69718919994616	9.880768384332098	0.009658412299850837	4.204403187027982	1.0	0.4049776421163296	29.362552334333355	-426.4096563822917	0.23946595008252503	0.25	0.24213602815016527	0.2683980217673097
10000	-11008.522319822834	-10563.919169438208	-444.6031503846258	-10563.919169438208	21.219477187053318	9.895797253350379	0.00882470062307044	4.204403187027982	1.0	0.4049776421163296	26.807884730638225	-423.4612586550743	0.23946595008252503	0.25	0.24213602815016527	0.2683980217673097
11000	-10205.854842902745	-9762.492681156424	-443.36216174632074	-9762.492681156424	20.541800987155344	9.67003396179433	0.00872998286234791	4.204403187027982	1.0	0.5753589171072757	23.786366241825267	-422.4268380405783	0.23946595008252503	0.25	0.24213602815016527	0.2683980217673097
12000	-9817.734388165827	-9379.396485959092	-438.33790220673484	-9379.396485959092	23.381358502063843	9.925781491279773	0.00814517514935225	4.204403187027982	1.0	0.5753589171072757	22.88123306556921	-417.23170889627465	0.23946595008252503	0.25	0.23396545163488208	0.2765685982825929
13000	-9702.224721150782	-9263.73061513123	-438.4941060195531	-9263.73061513123	25.28875372354189	9.845671609790713	0.007677974427649694	4.204403187027982	1.0	0.5753589171072757	24.9704526454788	-417.4471815187703	0.23946595008252503	0.2531129655693219	0.2308524860655602	0.2765685982825929
14000	-9462.676468694315	-9023.813963666626	-438.8625050276904	-9023.813963666626	24.802814958017162	9.845671609790713	0.007740194477416473	4.204403187027982	1.0	0.5753589171072757	20.722498068713914	-417.99396087291495	0.23276998312880728	0.25699021932099797	0.2269752323138841	0.2832645652363106
15000	-9238.773876908928	-8808.580706633025	-430.1931702759027	-8808.580706633025	24.802814958017162	9.867745829357029	0.007193351539010874	4.3969966705721895	1.0	0.5753589171072757	22.71141882248046	-409.2244054399674	0.23276998312880728	0.25699021932099797	0.2224695843458239	0.28777021320437085
16000	-8955.654286762192	-8533.116119715814	-422.5381670463779	-8533.116119715814	24.868065681088716	9.857582327615734	0.007667503059882567	4.3969966705721895	1.0	0.5753589171072757	19.131785926672407	-401.6880210615779	0.23276998312880728	0.25699021932099797	0.2224695843458239	0.28777021320437085
17000	-8895.674036618182	-8474.36646057111	-421.30757604707287	-8474.36646057111	24.526529216085233	9.95389708270707	0.0076396115054436445	4.3969966705721895	1.0	0.5753589171072757	16.932011186555624	-400.4781635124949	0.22303767204590388	0.26672253040390137	0.2224695843458239	0.28777021320437085
18000	-8673.275069504632	-8254.308627169148	-418.96644233548477	-8254.308627169148	17.309411445329296	9.764543168482914	0.00747278375566095	4.3969966705721895	1.0	0.5753589171072757	18.70850465261541	-398.26603280405806	0.22303767204590388	0.26672253040390137	0.2224695843458239	0.28777021320437085
19000	-8428.035963067796	-8003.500270713513	-424.5356923542834	-8003.500270713513	22.267654118008874	9.88537944257926	0.00747278375566095	4.3969966705721895	1.0	0.5753589171072757	25.328597021921087	-403.40042153421496	0.22303767204590388	0.26672253040390137	0.2224695843458239	0.28777021320437085
20000	-8310.07159716774	-7891.596430867306	-418.47516630043475	-7891.596430867306	22.184848897659787	9.88537944257926	0.007022528792621646	4.3969966705721895	1.0	0.5753589171072757	16.104137358583202	-397.85503707873556	0.21718110903661664	0.26672253040390137	0.22118896667572677	0.2949073938837552
21000	-8254.01043216656	-7846.842422025281	-407.1680101412791	-7846.842422025281	22.085666987385423	9.510630981924901	0.0068090083346196255	4.3969966705721895	1.0	0.5753589171072757	17.932105060173164	-386.8808308945347	0.21718110903661664	0.26672253040390137	0.21947300566457195	0.29662335489491004
22000	-8240.814589579513	-7833.251030869899	-407.5635587096139	-7833.251030869899	21.54201758885133	9.58040221646468	0.006943061457350227	3.877253054561953	1.0	0.5753589171072757	18.72527811252279	-387.29666461497567	0.21718110903661664	0.26672253040390137	0.21947300566457195	0.29662335489491004
23000	-8235.043242751955	-7823.451982469113	-411.5912602828429	-7823.451982469113	24.558145512736623	9.335746176189529	0.006532639000328504	3.9850397783337623	1.0	0.6332854894470572	17.229475244592027	-391.6447749000948	0.21718110903661664	0.26672253040390137	0.21947300566457195	0.29662335489491004
24000	-8073.306826651535	-7666.186153734613	-407.1206729169219	-7666.186153734613	22.960947127529817	9.7125134189903	0.006163660747803037	3.9850397783337623	1.0	0.6332854894470572	18.753593277577554	-386.7352669545519	0.21718110903661664	0.26131876304069146	0.21947300566457195	0.30202712225811995
25000	-8049.476268409267	-7634.910615268982	-414.5656531402843	-7634.910615268982	25.37127444033758	9.894623687817104	0.005569658512233359	3.9850397783337623	1.0	0.7120320273031217	19.264001949102386	-393.97724322219426	0.21718110903661664	0.2619717476180214	0.21947300566457195	0.30137413768079
26000	-7822.651153893462	-7422.606447037728	-400.04470685573443	-7422.606447037728	22.853899258123594	9.939558481623765	0.005852312435231882	3.5805974886885066	1.0	0.7120320273031217	15.615944074853022	-379.69724552755923	0.2084075199100661	0.2707453367445719	0.21947300566457195	0.30137413768079
27000	-7614.199127960906	-7220.603493230446	-393.5956347304604	-7220.603493230446	23.056905287009474	9.988559587234441	0.0053132178664422125	3.777421381548475	1.0	0.7120320273031217	17.0889208560785	-373.1374390091934	0.2084075199100661	0.2707453367445719	0.21947300566457195	0.30137413768079
28000	-7576.174222315197	-7184.951798453442	-391.22242386175446	-7184.951798453442	24.090736674713007	9.866808602037063	0.005426911020992891	3.777421381548475	1.0	0.7120320273031217	16.94948304393001	-370.88402940926335	0.2084075199100661	0.2707453367445719	0.21947300566457195	0.30137413768079
29000	-7569.939393373737	-7179.378488792003	-390.56090458173475	-7179.378488792003	25.75595391709267	9.478954444060797	0.005231228519022182	3.777421381548475	1.0	0.7120320273031217	13.810576706601108	-370.88799510277414	0.205406005583223	0.273746851071415	0.21947300566457195	0.30137413768079
30000	-7465.478585272391	-7083.281542412569	-382.19704285982147	-7083.281542412569	25.535190130664745	9.707234477831411	0.005416539425591604	3.777421381548475	1.0	0.780151230321736	15.423136087095468	-362.06106023967976	0.205406005583223	0.273746851071415	0.21947300566457195	0.30137413768079
31000	-7367.945502037376	-6989.117290183585	-378.8282118537911	-6989.117290183585	23.886730695586554	9.935498959485187	0.005816287252409266	3.777421381548475	1.0	1.4647109799974438	14.239654981613805	-357.7670759276591	0.205406005583223	0.273746851071415	0.21947300566457195	0.30137413768079
32000	-7349.679533888621	-6969.111150618801	-380.56838326982046	-6969.111150618801	24.50213883992274	9.935498959485187	0.005542175589964075	3.777421381548475	1.0	1.4647109799974438	12.39162490654735	-359.69456492316834	0.205406005583223	0.27808636775533124	0.2146497541743433	0.30185787248710244
33000	-7199.168290216282	-6821.339773316142	-377.8285169001404	-6821.339773316142	25.567503423874232	9.935498959485187	0.00508867449577487	3.777421381548475	1.0	1.4647109799974438	14.016109989435462	-356.9169084041195	0.205406005583223	0.27808636775533124	0.2146497541743433	0.30185787248710244
34000	-7067.90450315262	-6686.525954477323	-381.37854867529757	-6686.525954477323	26.765588691926194	9.52056191219034	0.005448704715003774	3.545390592021062	1.0	2.8243140789207635	13.762632631325507	-359.58599687132426	0.205406005583223	0.27808636775533124	0.2146497541743433	0.30185787248710244
35000	-7016.293325456964	-6635.881584253776	-380.4117412031884	-6635.881584253776	25.955823824757136	9.972494069364819	0.0049177250575617865	3.545390592021062	1.0	2.4548747160052424	14.058520590490255	-358.57623612647785	0.205406005583223	0.27808636775533124	0.2146497541743433	0.30185787248710244
36000	-6984.3775759603195	-6602.36929977984	-382.00827618047936	-6602.36929977984	25.29488500305858	9.972494069364819	0.0049647057791063045	3.545390592021062	1.0	2.4548747160052424	14.92105786549884	-360.1037188281039	0.205406005583223	0.27808636775533124	0.2146497541743433	0.30185787248710244
37000	-6966.4148647028205	-6579.723128462021	-386.6917362407997	-6579.723128462021	24.996369923713825	9.972494069364819	0.004695437225093913	3.545390592021062	1.0	2.4548747160052424	16.50486057609499	-364.7420507225841	0.205406005583223	0.28110663557942284	0.2116294863502517	0.30185787248710244
38000	-6950.471599785875	-6565.746413003725	-384.7251867821493	-6565.746413003725	25.82214830001473	9.884956280828039	0.004368028689142942	4.364550116128631	1.0	2.4548747160052424	12.536844663891722	-362.96116854409667	0.205406005583223	0.28110663557942284	0.2116294863502517	0.30185787248710244
39000	-6942.01474582612	-6560.8068347234075	-381.2079111027123	-6560.8068347234075	23.035343185759636	9.976756380383119	0.004646458330935759	4.364550116128631	1.0	2.118492451654506	15.136143527622954	-359.4299788880313	0.21405191721477385	0.28110663557942284	0.20298357471870085	0.30185787248710244
40000	-6938.391074863545	-6557.157752184394	-381.23332267915197	-6557.157752184394	26.58942714597261	9.976756380383119	0.004155909852157592	4.131027992899135	1.0	2.118492451654506	14.057839804970374	-359.71148787717317	0.21405191721477385	0.28110663557942284	0.20298357471870085	0.30185787248710244
41000	-6931.825443010355	-6557.60872756019	-374.2167154501646	-6557.60872756019	26.536501234498253	9.561671068744387	0.004141851024447612	4.131027992899135	1.0	2.118492451654506	12.282182165333616	-353.28662825230634	0.21405191721477385	0.27182789581890604	0.20298357471870085	0.31113661224761924
42000	-6859.689665268725	-6477.63715926699	-382.05250600173446	-6477.63715926699	24.423009013988132	9.796455259058401	0.004105406176306137	4.102120500153723	1.0	2.118492451654506	12.66841878011991	-360.8525575349833	0.21405191721477385	0.27182789581890604	0.20298357471870085	0.31113661224761924
43000	-6846.60945672266	-6465.376454211666	-381.2330025109942	-6465.376454211666	24.356395197989038	9.605597105006794	0.004321284386835944	4.102120500153723	1.0	2.118492451654506	12.4891096766688	-360.20466690891647	0.21405191721477385	0.27182789581890604	0.20298357471870085	0.31113661224761924
44000	-6767.908207799504	-6385.044561491808	-382.8636463076964	-6385.044561491808	25.752452083655893	9.647020968911328	0.004312065299442819	4.102120500153723	1.0	2.9547638517176056	11.870638119547362	-361.00666586795984	0.21158076016389987	0.27429905286978	0.20298357471870085	0.31113661224761924
45000	-6729.372492705396	-6345.2327475316115	-384.13974517378455	-6345.2327475316115	24.74429644468954	9.957432468448259	0.003936473092351574	4.102120500153723	1.0	2.9547638517176056	12.261290620727653	-362.0025226621556	0.21158076016389987	0.27429905286978	0.20298357471870085	0.31113661224761924
46000	-6712.166187208574	-6335.20551032421	-376.96067688436426	-6335.20551032421	24.74429644468954	9.946077167426646	0.004394925582650611	3.496153950866449	1.0	2.9547638517176056	13.304586669404207	-354.83786278759743	0.21158076016389987	0.27429905286978	0.20298357471870085	0.31113661224761924
47000	-6697.298428024786	-6325.75320817182	-371.54521985296526	-6325.75320817182	26.725615142203946	9.891142613448487	0.0040735077301076025	3.496153950866449	1.0	2.9547638517176056	12.962640922186871	-349.58425020380196	0.205788258899413	0.27429905286978	0.20877607598318773	0.31113661224761924
48000	-6702.439190020611	-6332.793789049971	-369.6454009706402	-6332.793789049971	27.960667892516714	9.359851493210483	0.004334102893459418	3.496153950866449	1.0	2.9547638517176056	12.830317709927675	-348.2137114578487	0.20984168047203725	0.27429905286978	0.20472265441056348	0.31113661224761924
49000	-6684.394643259711	-6321.873352938716	-362.5212903209946	-6321.873352938716	25.026710341277145	9.625010473237724	0.004143794126442759	3.496153950866449	1.0	2.9547638517176056	11.311694286020446	-340.9701423114295	0.20620324483828095	0.2779374885035363	0.19889205970589208	0.31696720695229064
50000	-6677.884757566	-6321.128468901176	-356.75628866482367	-6321.128468901176	31.720941261048758	9.654113956626215	0.004404492711553891	3.496153950866449	1.0	3.8454376407702684	11.737060749708444	-334.1847628900637	0.20620324483828095	0.2779374885035363	0.19889205970589208	0.31696720695229064
51000	-6687.713629394524	-6341.127622111528	-346.5860072829967	-6341.127622111528	34.282952752773824	9.04952684097509	0.004463086545191257	3.496153950866449	1.0	3.8454376407702684	10.706178938365758	-324.7559954973666	0.20620324483828095	0.2779374885035363	0.19889205970589208	0.31696720695229064
52000	-6681.205858382631	-6335.354744787693	-345.85111359493834	-6335.354744787693	33.5555122733458	9.998038122103464	0.004305118617626674	3.496153950866449	1.0	3.8454376407702684	9.380218605944146	-323.1511134091346	0.20620324483828095	0.2779374885035363	0.19889205970589208	0.31696720695229064
53000	-6652.884342450527	-6309.342844819918	-343.5414976306079	-6309.342844819918	28.44469737543157	9.91298836637892	0.004580461105919093	3.496153950866449	1.0	3.8454376407702684	9.267889412444246	-320.8843229758994	0.20620324483828095	0.2779374885035363	0.19889205970589208	0.31696720695229064
54000	-6659.525064001179	-6317.145851524679	-342.37921247650087	-6317.145851524679	28.900973986348646	9.753534875489782	0.004379912660083117	3.496153950866449	1.0	3.8454376407702684	9.176709896860256	-319.9507203018337	0.20620324483828095	0.2779374885035363	0.19889205970589208	0.31696720695229064
55000	-6666.288190981197	-6325.263631409708	-341.0245595714888	-6325.263631409708	27.689341315423707	9.753534875489782	0.004858830367616569	3.496153950866449	1.0	3.8454376407702684	9.90386675129085	-318.41608184317147	0.20620324483828095	0.2779374885035363	0.19889205970589208	0.31696720695229064
56000	-6656.991223509129	-6320.006949862833	-336.98427364629606	-6320.006949862833	28.75086671968686	9.822969312836594	0.004889836762196187	3.496153950866449	1.0	3.8454376407702684	10.23808553520462	-314.26042741011196	0.20620324483828095	0.2779374885035363	0.19889205970589208	0.31696720695229064
57000	-6660.136243411258	-6320.519126764195	-339.61711664706337	-6320.519126764195	28.373286554581718	9.822969312836594	0.004743826862284164	3.496153950866449	1.0	3.8454376407702684	9.6386084557464	-316.9839174986212	0.20620324483828095	0.2779374885035363	0.19889205970589208	0.31696720695229064
58000	-6633.120500589146	-6304.682255942999	-328.43824464614653	-6304.682255942999	26.52333685992237	9.646775457980457	0.005177520964462641	3.496153950866449	1.0	3.8454376407702684	9.016938559734047	-305.976722513916	0.20620324483828095	0.27844651241289275	0.1983830357965356	0.31696720695229064
59000	-6634.049338615799	-6307.946882077895	-326.10245653790423	-6307.946882077895	26.10597096983936	9.832029701233939	0.004886856985775713	3.395366293596351	1.0	3.422388782193924	8.73474648843469	-303.98487371415064	0.20620324483828095	0.27844651241289275	0.1983830357965356	0.31696720695229064
60000	-6633.666028724963	-6304.869120371481	-328.79690835348305	-6304.869120371481	28.5861935117255	9.689616370716788	0.004821779992722729	3.395366293596351	1.0	3.422388782193924	8.853187804366497	-306.83480593192553	0.20620324483828095	0.2700374748691038	0.1970819902183348	0.3266772900742804
61000	-6627.085027471392	-6296.868884416346	-330.21614305504585	-6296.868884416346	29.045272559188668	9.826368953187886	0.0047359031201647805	3.395366293596351	1.0	3.422388782193924	8.284060099016571	-308.1890860035674	0.20620324483828095	0.2700374748691038	0.1970819902183348	0.3266772900742804
62000	-6633.473232882929	-6307.043149997865	-326.4300828850639	-6307.043149997865	25.412911513171654	9.90120459781957	0.004630490040646538	3.395366293596351	1.0	3.422388782193924	7.779183202105182	-304.4067463942708	0.20409785742248018	0.2721428622849046	0.1970819902183348	0.3266772900742804
63000	-6637.9038001659965	-6305.628855011363	-332.2749451546336	-6305.628855011363	27.200358092860682	9.90120459781957	0.0047165344147234375	3.395366293596351	1.0	3.422388782193924	8.431892475052962	-310.15263319058914	0.20409785742248018	0.2721428622849046	0.1970819902183348	0.3266772900742804
64000	-6608.868157447036	-6277.193226301558	-331.67493114547824	-6277.193226301558	25.986292083230452	9.98816418387063	0.004795350740953198	3.395366293596351	1.0	3.422388782193924	8.447366964073183	-309.439387587785	0.18471220239811928	0.2877774740305278	0.1970819902183348	0.33042833335301813
65000	-6603.344949406383	-6267.502429290844	-335.8425201155394	-6267.502429290844	24.572934173344954	9.962071500472629	0.004941516356486591	3.395366293596351	1.0	3.422388782193924	9.369970887890794	-313.5017468188259	0.21355133341322916	0.2877774740305278	0.16824285920322493	0.33042833335301813
66000	-6593.069948546232	-6261.779879402607	-331.29006914362486	-6261.779879402607	25.40848952003742	9.354593103686103	0.004486519834146665	3.395366293596351	1.0	3.422388782193924	6.983198488430583	-310.0039699485474	0.21355133341322916	0.3072407510865561	0.14877958214719667	0.33042833335301813
67000	-6583.0065584146105	-6257.861561003183	-325.144997411428	-6257.861561003183	22.694820919602066	9.734545371380868	0.004601641119016217	3.395366293596351	1.0	3.881535437302544	7.292031233718315	-302.91536793612164	0.21355133341322916	0.3072407510865561	0.14877958214719667	0.33042833335301813
68000	-6573.584751415849	-6254.989864441855	-318.59488697399274	-6254.989864441855	18.106847890630476	9.89400064916091	0.005151358739308388	3.395366293596351	1.0	3.881535437302544	6.234334577707159	-296.2350566463093	0.21355133341322916	0.3072407510865561	0.14877958214719667	0.33042833335301813
69000	-6574.768904681371	-6260.192303248448	-314.5766014329227	-6260.192303248448	21.162309943352206	9.542296172983562	0.005251842657408029	3.395366293596351	1.0	3.881535437302544	7.230004845355662	-292.43356033830986	0.21355133341322916	0.3072407510865561	0.14877958214719667	0.33042833335301813
70000	-6584.098852098031	-6270.503458612755	-313.5953934852757	-6270.503458612755	20.531959236397444	9.131596399828648	0.005506690672945029	3.395366293596351	1.0	3.881535437302544	7.7832417962699445	-291.7815104227521	0.21511565607620656	0.3072407510865561	0.14721525948421926	0.33042833335301813
71000	-6575.4778403528	-6259.504941771515	-315.9728985812849	-6259.504941771515	21.528945907751233	9.925955360256186	0.0049778960505572276	3.395366293596351	1.0	3.881535437302544	7.249125859594288	-293.4616578379256	0.21511565607620656	0.3072407510865561	0.14721525948421926	0.33042833335301813
72000	-6577.938713374637	-6262.554453461138	-315.38425991349914	-6262.554453461138	21.696965689436848	9.110354754889846	0.00486285828479257	2.839326882977452	1.0	3.881535437302544	6.2830222320276	-294.12626257532065	0.21511565607620656	0.3072407510865561	0.14721525948421926	0.33042833335301813
73000	-6575.219516205107	-6262.845602142756	-312.3739140623504	-6262.845602142756	20.29522868550967	9.702385560037696	0.005454005294535666	2.839326882977452	1.0	3.881535437302544	5.901724398096708	-290.41508693464925	0.21511565607620656	0.31202537299218147	0.14243063757859387	0.33042833335301813
74000	-6576.782153211455	-6266.243671072171	-310.5384821392833	-6266.243671072171	20.89493021422132	9.718932015202235	0.005069169075097828	2.839326882977452	1.0	3.881535437302544	5.72233857595772	-288.6656343293959	0.21511565607620656	0.31202537299218147	0.14243063757859387	0.33042833335301813
75000	-6565.910536629271	-6264.341939803003	-301.56859682626794	-6264.341939803003	21.602591618033415	9.76086586725118	0.005848487911470519	2.839326882977452	1.0	3.881535437302544	6.146461449616814	-279.4353708233415	0.21511565607620656	0.31202537299218147	0.14243063757859387	0.33042833335301813
76000	-6552.962984704581	-6253.065822271576	-299.8971624330054	-6253.065822271576	21.44375152964571	9.954651886717922	0.005362437527323321	2.839326882977452	1.0	3.881535437302544	5.9944955460747495	-277.66430908808263	0.21511565607620656	0.31202537299218147	0.14243063757859387	0.33042833335301813
77000	-6559.767840406273	-6262.868561648379	-296.89927875789374	-6262.868561648379	20.195274832757928	9.956977522590368	0.006035175076562608	2.839326882977452	1.0	3.881535437302544	5.224588763250134	-274.6830870544836	0.21511565607620656	0.31202537299218147	0.14243063757859387	0.33042833335301813
78000	-6562.803416177948	-6270.1172841638	-292.68613201414774	-6270.1172841638	18.14990687057981	9.931912294774968	0.005776697237695902	2.839326882977452	1.0	3.881535437302544	5.908763997260369	-270.41802580108913	0.21511565607620656	0.31202537299218147	0.14243063757859387	0.33042833335301813
79000	-6567.9527544168495	-6273.045185868559	-294.9075685482907	-6273.045185868559	19.867818990526928	9.23290177705428	0.005585036229676076	3.053089311205362	1.0	3.881535437302544	6.561227334897326	-273.2568807489622	0.21511565607620656	0.31202537299218147	0.14243063757859387	0.33042833335301813
80000	-6555.346210986433	-6256.774401063215	-298.5718099232182	-6256.774401063215	19.983221167573006	9.76305866539111	0.005795909745984243	3.053089311205362	1.0	4.357701757875705	6.6109143721590025	-275.81991840005816	0.20912389380854737	0.31202537299218147	0.14243063757859387	0.3364200956206773
81000	-6554.061176716504	-6261.894120186449	-292.16705653005425	-6261.894120186449	20.354420684522175	9.449657774694897	0.005879129399191948	3.053089311205362	1.0	2.700773866779864	5.349975156171918	-271.6122201633214	0.20912389380854737	0.31202537299218147	0.14243063757859387	0.3364200956206773
82000	-6547.131539800412	-6256.970772895586	-290.16076690482515	-6256.970772895586	19.182028205233454	9.411568670835294	0.0058745699969455735	3.053089311205362	1.0	2.700773866779864	5.142633731403117	-269.6879577121924	0.20912389380854737	0.31202537299218147	0.14243063757859387	0.3364200956206773
83000	-6552.271276951022	-6257.19678062291	-295.0744963281109	-6257.19678062291	18.859019846092625	9.88871813112445	0.006073286241296258	3.053089311205362	1.0	2.700773866779864	6.187536837791047	-273.8617571817236	0.20912389380854737	0.31202537299218147	0.14243063757859387	0.3364200956206773
84000	-6537.848480988331	-6248.044380633135	-289.80410035519634	-6248.044380633135	19.359406371282233	9.861955678605371	0.005901735993482291	3.053089311205362	1.0	2.700773866779864	4.790266185794542	-268.9051953787743	0.20912389380854737	0.31202537299218147	0.14243063757859387	0.3364200956206773
85000	-6548.967880597629	-6255.963059313631	-293.0048212839986	-6255.963059313631	18.894720656465992	9.57849020564985	0.005854830574937191	3.053089311205362	1.0	2.700773866779864	6.186936270386068	-272.1677622990115	0.20912389380854737	0.31202537299218147	0.14243063757859387	0.3364200956206773
86000	-6536.120678193052	-6247.225433188027	-288.8952450050251	-6247.225433188027	18.361526626974907	9.56581182963981	0.00653326527610802	3.232953479255757	1.0	3.4360510328459273	5.052888637971896	-267.36694320644	0.20912389380854737	0.31202537299218147	0.14243063757859387	0.3364200956206773
87000	-6578.152542894137	-6285.632162528338	-292.52038036579887	-6285.632162528338	20.957637582587026	9.352382145301561	0.006042034548039406	3.0944496200206904	1.0	3.4360510328459273	5.610635490673091	-271.24741038668935	0.20912389380854737	0.31202537299218147	0.14243063757859387	0.3364200956206773
88000	-6552.130427412283	-6257.053323596742	-295.0771038155405	-6257.053323596742	18.724091600333153	9.766505403131765	0.006047549403611084	3.0944496200206904	1.0	3.4360510328459273	5.870471386819534	-273.3048314830422	0.20912389380854737	0.31202537299218147	0.14243063757859387	0.3364200956206773
89000	-6574.00933293622	-6268.4746727805405	-305.5346601556791	-6268.4746727805405	18.845314268355395	9.961734591922884	0.005661645743918832	3.0944496200206904	1.0	3.7129179620674337	6.619860181527521	-283.21833387046894	0.20912389380854737	0.31202537299218147	0.14243063757859387	0.3364200956206773
90000	-6563.907359180356	-6261.184759233122	-302.72259994723385	-6261.184759233122	18.904512084035304	9.947705613309685	0.005240812345606438	3.0944496200206904	1.0	3.7129179620674337	6.990155243212643	-280.44441522198923	0.20912389380854737	0.31202537299218147	0.14243063757859387	0.3364200956206773
91000	-6561.330626964155	-6258.4829471970315	-302.8476797671241	-6258.4829471970315	17.766446278386795	9.947705613309685	0.0061329751367303	3.0944496200206904	1.0	3.7129179620674337	5.935822488117194	-280.575682602068	0.20912389380854737	0.31202537299218147	0.14243063757859387	0.3364200956206773
92000	-6560.3374783487025	-6262.370576066219	-297.96690228248343	-6262.370576066219	18.801917166848234	9.94995864660443	0.005979128808339016	3.0944496200206904	1.0	3.7129179620674337	6.013506283126937	-275.7048778030998	0.20912389380854737	0.31202537299218147	0.14243063757859387	0.3364200956206773
93000	-6523.308441040731	-6223.2688955863005	-300.03954545443025	-6223.2688955863005	21.672465903915302	9.95195950914845	0.0055657241761279995	3.0944496200206904	1.0	3.8843568790184957	5.49275724482022	-277.7661807894083	0.18796613199271664	0.31202537299218147	0.1233944472817809	0.376614047733321
94000	-6524.141499376616	-6220.199790822922	-303.94170855369345	-6220.199790822922	20.142887753766963	9.95195950914845	0.005251326836726932	3.0944496200206904	1.0	3.8843568790184957	5.539882458914782	-281.7179709617199	0.18796613199271664	0.31202537299218147	0.1233944472817809	0.376614047733321
95000	-6524.693824941705	-6217.193951456844	-307.49987348486127	-6217.193951456844	20.36735863829645	9.95195950914845	0.005264960358778947	3.0944496200206904	1.0	5.3704836394148066	6.226554748522141	-283.6705657360573	0.18796613199271664	0.31202537299218147	0.1233944472817809	0.376614047733321
96000	-6516.826856775264	-6218.734585670652	-298.0922711046116	-6218.734585670652	19.578269058372943	8.992602128442595	0.00604931756361651	3.0944496200206904	1.0	5.933430742352815	5.7246501215190575	-274.695684014644	0.18796613199271664	0.31202537299218147	0.1233944472817809	0.376614047733321
97000	-6512.882177846423	-6212.264908401252	-300.61726944517034	-6212.264908401252	19.65979334473586	9.002014632087208	0.005906804233010852	3.0944496200206904	1.0	5.933430742352815	6.082474038788604	-277.173562056225	0.18796613199271664	0.31202537299218147	0.1233944472817809	0.376614047733321
98000	-6514.39146844825	-6217.908544590574	-296.4829238576761	-6217.908544590574	20.669177663509373	9.571163759119797	0.005953861095069817	3.0944496200206904	1.0	5.933430742352815	6.087713160932467	-272.4060882344705	0.18796613199271664	0.31202537299218147	0.1233944472817809	0.376614047733321
99000	-6501.8251317843105	-6202.998598843545	-298.8265329407663	-6202.998598843545	19.500534052876112	9.755544048188922	0.00599444810563282	3.0944496200206904	1.0	5.933430742352815	5.200886337484903	-274.6987872146729	0.18796613199271664	0.31202537299218147	0.1233944472817809	0.376614047733321
100000	-6490.815223644831	-6199.505009698226	-291.3102139466058	-6199.505009698226	19.413492263070374	9.196852510636827	0.006236392081605655	3.0944496200206904	1.0	5.933430742352815	5.54629530426538	-267.6903234180087	0.18189870567597283	0.31202537299218147	0.1233944472817809	0.3826814740500648
